Iteration	Posterior	Likelihood	Prior	alpha_morpho	br_len_lambda	rates_morpho[1]	rates_morpho[2]	rates_morpho[3]	rates_morpho[4]	tree_length
0	-687.771	-637.556	-50.2145	1	2.895421	0.136954	0.476752	1	2.38629	11.37383
10	-543.926	-500.244	-43.6816	1.554263	3.758673	0.233584	0.597346	1.05346	2.11561	9.268521
20	-486.593	-449.599	-36.9937	19.46845	2.875628	0.72841	0.912503	1.05824	1.30085	6.777239
30	-470.881	-441.947	-28.9344	47.12426	5.725517	0.821386	0.946839	1.04105	1.19073	5.865913
40	-453.097	-430.512	-22.5854	54.54273	9.117041	0.833518	0.950958	1.03858	1.17695	4.596899
50	-439.82	-424.563	-15.2571	44.76125	10.08531	0.816921	0.945302	1.04195	1.19583	3.739994
60	-424.738	-414.341	-10.3977	364.7267	9.405604	0.934249	0.982225	1.01621	1.06732	3.26326
70	-429.397	-418.035	-11.362	483.2951	14.00431	0.942787	0.984646	1.01417	1.0584	3.132856
80	-427.833	-414.392	-13.4416	5863.782	6.737798	0.98345	0.995712	1.00419	1.01665	3.452538
90	-427.798	-417.997	-9.80197	28169.59	9.299578	0.992437	0.998055	1.00192	1.00758	3.198459
100	-417.889	-415.208	-2.68093	35008.93	11.96466	0.993215	0.998257	1.00173	1.0068	2.541308
110	-420.17	-414.522	-5.64812	195428.3	8.230396	0.997126	0.999264	1.00073	1.00288	2.645542
120	-428.683	-421.114	-7.56868	389563.1	10.79917	0.997964	0.999479	1.00052	1.00204	2.976583
130	-427.426	-419.192	-8.2336	253529.2	10.98871	0.997477	0.999354	1.00064	1.00253	3.034552
140	-426.115	-413.155	-12.9595	973785.6	9.615781	0.998712	0.999671	1.00033	1.00129	3.529825
150	-421.377	-411.364	-10.0124	510830.3	11.42357	0.998222	0.999545	1.00045	1.00178	3.17925
160	-415.727	-414.782	-0.94525	290407.8	13.57741	0.997642	0.999397	1.0006	1.00236	2.395192
170	-417.255	-416.979	-0.276025	296850.2	14.77864	0.997668	0.999403	1.00059	1.00233	2.328268
180	-413.421	-410.946	-2.47507	717360.7	10.90046	0.9985	0.999616	1.00038	1.0015	2.508045
190	-416.376	-409.022	-7.35341	888264	13.23975	0.998652	0.999655	1.00034	1.00135	2.882618
200	-418.56	-408.147	-10.4132	517108.1	13.03183	0.998233	0.999548	1.00045	1.00177	3.126514
210	-428.145	-416.05	-12.0952	202937.7	9.235888	0.99718	0.999278	1.00072	1.00282	3.44564
220	-426.254	-419.691	-6.56287	433275.3	10.11677	0.99807	0.999506	1.00049	1.00193	2.878511
230	-423.828	-420.949	-2.87916	968222.3	12.05793	0.998708	0.99967	1.00033	1.00129	2.557795
240	-427.06	-425.826	-1.23411	241773.7	11.19275	0.997416	0.999339	1.00066	1.00259	2.404471
250	-430.096	-416.421	-13.6754	499780.1	9.574497	0.998203	0.99954	1.00046	1.0018	3.60585
260	-433.602	-420.114	-13.4883	168582.5	6.679398	0.996906	0.999208	1.00079	1.0031	3.44846
270	-427.05	-414.64	-12.41	943097.3	9.012823	0.998691	0.999665	1.00033	1.00131	3.481276
280	-421.544	-410.327	-11.2171	612113.3	8.24832	0.998376	0.999585	1.00041	1.00163	3.323229
290	-425.256	-417.97	-7.28577	877951	11.6246	0.998644	0.999653	1.00035	1.00136	2.935776
300	-425.839	-411.27	-14.5685	435134.1	13.12596	0.998074	0.999507	1.00049	1.00193	3.437322
310	-429.361	-416.784	-12.5778	997823.3	6.61908	0.998728	0.999675	1.00032	1.00127	3.298929
320	-426.502	-418.725	-7.7773	451359.3	10.3553	0.998109	0.999516	1.00048	1.00189	2.999139
330	-428.988	-414.3	-14.688	942891.8	9.103722	0.998691	0.999665	1.00033	1.00131	3.73112
340	-423.091	-413.168	-9.92309	506066.8	11.15389	0.998214	0.999543	1.00046	1.00179	3.182264
350	-430.957	-414.113	-16.8445	468387.6	7.339404	0.998143	0.999525	1.00047	1.00186	4.001337
360	-429.212	-419.836	-9.37601	196141.2	9.234475	0.997131	0.999265	1.00073	1.00287	3.151187
370	-442.989	-425.757	-17.2315	480251.3	7.739787	0.998166	0.999531	1.00047	1.00183	4.060469
380	-419.82	-412.27	-7.55054	663306.3	9.412259	0.99844	0.999601	1.0004	1.00156	2.960799
390	-425.617	-414.409	-11.208	980253.4	7.499263	0.998716	0.999672	1.00033	1.00128	3.254992
400	-428.005	-414.956	-13.0492	508597	9.756956	0.998218	0.999544	1.00045	1.00178	3.534349
410	-421.744	-412.793	-8.95145	140909.9	9.453733	0.996616	0.999133	1.00086	1.00339	3.110466
420	-420.925	-416.728	-4.19665	398377.7	13.59264	0.997987	0.999485	1.00051	1.00201	2.634209
430	-421.18	-408.866	-12.3147	11927.48	8.397644	0.988385	0.997003	1.00295	1.01166	3.461783
440	-420.421	-410.176	-10.2443	17019.62	14.62426	0.990274	0.997495	1.00247	1.00976	3.01289
450	-427.012	-422.395	-4.61697	443305.2	9.725587	0.998092	0.999512	1.00049	1.00191	2.668449
460	-424.752	-410.154	-14.5972	46716.65	10.99442	0.994125	0.998492	1.0015	1.00589	3.613232
470	-418.177	-411.713	-6.46389	104094.1	10.68268	0.996063	0.998991	1.001	1.00394	2.8743
480	-413.731	-409.938	-3.79292	719876.6	11.8491	0.998502	0.999617	1.00038	1.0015	2.634859
490	-419.308	-410.008	-9.29996	356071.6	8.669323	0.997871	0.999455	1.00054	1.00213	3.120484
500	-428.447	-420.85	-7.59676	513170.2	12.55447	0.998226	0.999546	1.00045	1.00177	2.930565
510	-426.595	-414.21	-12.3857	825689.2	13.12808	0.998601	0.999642	1.00036	1.0014	3.270872
520	-436.839	-419.825	-17.0139	850354.4	5.525774	0.998622	0.999648	1.00035	1.00138	3.71586
530	-438.845	-424.197	-14.6484	134677.7	9.2613	0.996538	0.999113	1.00088	1.00347	3.721112
540	-418.536	-413.978	-4.55845	900556.2	10.41931	0.998661	0.999658	1.00034	1.00134	2.690071
550	-425.654	-418.341	-7.31279	70837.46	10.70542	0.995228	0.998776	1.00122	1.00478	2.953621
560	-418.957	-414.665	-4.29214	861462	9.906342	0.998631	0.99965	1.00035	1.00137	2.644664
570	-427.171	-418.491	-8.68007	701065.3	10.03802	0.998482	0.999612	1.00039	1.00152	3.087889
580	-415.239	-413.124	-2.11459	682467.9	13.63261	0.998462	0.999607	1.00039	1.00154	2.480281
590	-424.936	-415.168	-9.76779	628215.1	12.17616	0.998397	0.99959	1.00041	1.0016	3.123209
600	-424.085	-416.219	-7.86545	273950.9	10.84201	0.997573	0.999379	1.00062	1.00243	3.003454
610	-424.901	-413.255	-11.6463	406965	9.142298	0.998008	0.99949	1.00051	1.00199	3.397093
620	-433.102	-418.353	-14.7492	137709.5	8.998842	0.996577	0.999123	1.00087	1.00343	3.741247
630	-420.281	-409.867	-10.4134	56856.54	17.17758	0.994674	0.998633	1.00136	1.00534	2.854313
640	-426.701	-417.876	-8.82528	10225.3	14.22098	0.987458	0.996761	1.00318	1.0126	2.939325
650	-424.925	-411.796	-13.1287	534696	7.147311	0.998262	0.999555	1.00044	1.00174	3.471907
660	-426.554	-416.902	-9.65184	776197.7	10.05431	0.998558	0.999631	1.00037	1.00144	3.184536
670	-417.322	-408.969	-8.35302	143329.5	11.19101	0.996645	0.99914	1.00086	1.00336	3.040545
680	-415.73	-416.813	1.08384	661859.9	12.03754	0.998438	0.999601	1.0004	1.00156	2.228607
690	-419.472	-411.972	-7.49989	30877.91	10.18974	0.992776	0.998143	1.00184	1.00724	2.971697
700	-418.094	-410.874	-7.22022	896063.7	14.02188	0.998658	0.999657	1.00034	1.00134	2.836251
710	-421.305	-415.605	-5.70031	299028.4	10.86463	0.997676	0.999405	1.00059	1.00233	2.803832
720	-420.509	-417.793	-2.71675	7101.211	12.4902	0.984957	0.996107	1.00381	1.01512	2.542407
730	-422.08	-408.998	-13.0824	454052.4	9.153007	0.998114	0.999518	1.00048	1.00189	3.554003
740	-415.093	-406.965	-8.1277	373249.2	11.06007	0.99792	0.999468	1.00053	1.00208	3.02342
750	-416.718	-410.634	-6.08353	486869.8	10.60447	0.998179	0.999534	1.00046	1.00182	2.838239
760	-428.72	-416.464	-12.2558	843658.2	7.585773	0.998616	0.999646	1.00035	1.00138	3.403602
770	-431.298	-419.601	-11.6964	661933.5	10.7113	0.998438	0.999601	1.0004	1.00156	3.36283
780	-428.008	-418.687	-9.32071	283968.6	8.673322	0.997616	0.99939	1.00061	1.00239	3.1231
790	-422.778	-416.323	-6.45553	631833.9	12.76006	0.998401	0.999591	1.00041	1.0016	2.832696
800	-416.689	-404.267	-12.4226	745285.1	7.286284	0.998528	0.999624	1.00038	1.00147	3.392185
810	-420.865	-408.239	-12.6253	449563.8	7.96282	0.998105	0.999515	1.00048	1.0019	3.48041
820	-433.212	-421.879	-11.3331	600482.6	8.71124	0.99836	0.999581	1.00042	1.00164	3.356168
830	-425.378	-417.346	-8.03127	230529	16.53983	0.997354	0.999323	1.00067	1.00265	2.752571
840	-424.088	-412.371	-11.7173	706908.4	9.035165	0.998489	0.999613	1.00039	1.00151	3.404554
850	-411.802	-408.506	-3.29605	943429.9	14.81296	0.998692	0.999665	1.00033	1.00131	2.531454
860	-418.929	-410.335	-8.59371	370194.3	10.34821	0.997912	0.999466	1.00053	1.00209	3.078041
870	-420.469	-410.309	-10.1598	63617.19	9.297174	0.994965	0.998708	1.00128	1.00504	3.236912
880	-425.701	-414.819	-10.882	955510.4	9.296955	0.9987	0.999668	1.00033	1.0013	3.314592
890	-428.557	-417.134	-11.4231	526090.1	10.02166	0.998248	0.999552	1.00045	1.00175	3.3616
900	-421.676	-413.74	-7.93624	251295.6	9.688102	0.997465	0.999351	1.00065	1.00254	3.009006
910	-414.56	-407.335	-7.2245	982158.8	15.59412	0.998718	0.999672	1.00033	1.00128	2.7553
920	-422.359	-413.36	-8.99836	952288.3	9.618053	0.998698	0.999667	1.00033	1.0013	3.11791
930	-425.953	-414.253	-11.7006	124421.9	9.351381	0.996399	0.999077	1.00092	1.00361	3.402272
940	-414.351	-404.543	-9.80785	236527.8	9.472705	0.997388	0.999331	1.00067	1.00261	3.201227
950	-416.555	-410.357	-6.19828	268959.8	8.676303	0.99755	0.999373	1.00062	1.00245	2.763386
960	-413.828	-404.513	-9.31434	263906.5	14.09192	0.997527	0.999367	1.00063	1.00248	2.981433
970	-430.391	-413.28	-17.1113	591827.2	5.22878	0.998348	0.999577	1.00042	1.00165	3.608237
980	-415.372	-408.611	-6.76131	120951	12.12003	0.996347	0.999064	1.00093	1.00366	2.87796
990	-427.409	-416.495	-10.9139	100293.1	7.703647	0.995989	0.998972	1.00102	1.00402	3.240324
1000	-427.004	-414.684	-12.3203	427387.5	9.434491	0.998056	0.999503	1.0005	1.00195	3.467169
1010	-412.478	-405.373	-7.10497	172691.5	12.33099	0.996943	0.999217	1.00078	1.00306	2.899352
1020	-418.922	-408.538	-10.3833	745830	10.50129	0.998529	0.999624	1.00038	1.00147	3.24682
1030	-420.429	-413.459	-6.96997	863161.8	10.84394	0.998632	0.99965	1.00035	1.00137	2.920847
1040	-427.101	-420.516	-6.5848	213946.4	11.49665	0.997253	0.999297	1.0007	1.00275	2.877934
1050	-419.75	-410.7	-9.05017	240839.9	12.26047	0.997411	0.999337	1.00066	1.00259	3.060398
1060	-418.498	-420.621	2.12244	939676.7	14.03487	0.998689	0.999665	1.00033	1.00131	2.169942
1070	-428.91	-421.843	-7.06655	400355.6	9.524648	0.997992	0.999486	1.00051	1.00201	2.913814
1080	-427.833	-423.484	-4.34861	530450.2	9.537696	0.998255	0.999554	1.00045	1.00175	2.629323
1090	-424.059	-414.462	-9.59762	603191.6	8.908171	0.998364	0.999581	1.00042	1.00164	3.16555
1100	-424.816	-414.294	-10.5221	337665	9.898703	0.997813	0.99944	1.00056	1.00219	3.273663
1110	-422.284	-409.347	-12.9375	131903.1	11.09081	0.996502	0.999104	1.00089	1.0035	3.456415
1120	-424.255	-413.66	-10.5952	947680.2	12.72067	0.998695	0.999666	1.00033	1.00131	3.159497
1130	-426.035	-412.944	-13.0902	325175	7.478391	0.997772	0.99943	1.00057	1.00223	3.504018
1140	-424.773	-417.89	-6.88289	691729.7	9.130757	0.998472	0.999609	1.00039	1.00153	2.875385
1150	-424.334	-415.286	-9.04809	110941.9	8.329013	0.996186	0.999023	1.00097	1.00382	3.067251
1160	-433.162	-418.566	-14.5967	104391.6	7.306435	0.996069	0.998992	1.001	1.00394	3.692313
1170	-425.332	-413.704	-11.6273	305320.4	12.34445	0.997701	0.999412	1.00059	1.0023	3.265237
1180	-416.471	-413.154	-3.31709	295915	12.26314	0.997664	0.999402	1.0006	1.00234	2.592769
1190	-412.987	-410.203	-2.78408	547984.1	18.18128	0.998283	0.999561	1.00044	1.00172	2.369144
1200	-407.628	-406.672	-0.956741	771095.6	12.30661	0.998553	0.99963	1.00037	1.00145	2.400598
1210	-424.296	-411.32	-12.9764	60877.88	8.731091	0.994853	0.998679	1.00131	1.00516	3.544897
1220	-426.312	-417.233	-9.07868	246979.5	13.4483	0.997443	0.999346	1.00065	1.00256	3.001454
1230	-426.497	-414.471	-12.0257	66508.01	9.854692	0.995075	0.998737	1.00125	1.00493	3.426832
1240	-428.94	-414.362	-14.5776	429731.3	9.025748	0.998062	0.999504	1.00049	1.00194	3.721404
1250	-424.103	-414.766	-9.33696	748116.6	14.06307	0.998531	0.999624	1.00037	1.00147	2.984758
1260	-426.45	-417.878	-8.57188	478653.1	11.16091	0.998163	0.99953	1.00047	1.00184	3.06093
1270	-422.669	-421.17	-1.49897	50841.49	10.43111	0.994368	0.998555	1.00143	1.00564	2.39708
1280	-436.781	-420.017	-16.7633	436020.4	9.974312	0.998076	0.999508	1.00049	1.00193	3.898233
1290	-429.437	-422.142	-7.29498	344836.4	9.143085	0.997836	0.999446	1.00055	1.00217	2.921178
1300	-429.763	-423.508	-6.2557	919525.3	9.415223	0.998675	0.999661	1.00034	1.00133	2.823381
1310	-431.464	-415.314	-16.1496	672344.6	12.89603	0.99845	0.999604	1.0004	1.00155	3.579557
1320	-436.798	-421.247	-15.5515	655344.3	6.545651	0.99843	0.999599	1.0004	1.00157	3.736241
1330	-436.098	-422.169	-13.9288	922773.1	8.732525	0.998677	0.999662	1.00034	1.00132	3.653976
1340	-439.117	-425.33	-13.7871	360826.7	11.55739	0.997885	0.999459	1.00054	1.00212	3.49998
1350	-431.087	-417.805	-13.2819	319777.5	11.67664	0.997753	0.999425	1.00057	1.00225	3.447941
1360	-425.689	-412.676	-13.0125	865868.2	9.000785	0.998634	0.999651	1.00035	1.00137	3.548242
1370	-440.17	-423.009	-17.1608	664141.4	7.825033	0.998441	0.999601	1.0004	1.00156	4.051222
1380	-421.912	-414.737	-7.175	847715.6	9.759252	0.99862	0.999647	1.00035	1.00138	2.932353
1390	-422.22	-414.926	-7.29321	739577.5	11.91036	0.998522	0.999622	1.00038	1.00148	2.928452
1400	-418.001	-410.441	-7.55993	90715.52	7.606871	0.995783	0.998919	1.00107	1.00422	2.788343
1410	-425.928	-415.322	-10.6057	151997.7	14.18149	0.996742	0.999165	1.00083	1.00326	3.067139
1420	-435.706	-416.7	-19.0059	166361.1	5.812071	0.996885	0.999202	1.00079	1.00312	4.152509
1430	-425.384	-411.929	-13.4553	520109.8	9.614061	0.998238	0.999549	1.00045	1.00176	3.581453
1440	-424.718	-415.446	-9.27196	592897.7	12.14255	0.99835	0.999578	1.00042	1.00165	3.084061
1450	-424.101	-418.055	-6.04611	624919.2	10.67251	0.998393	0.999589	1.00041	1.00161	2.835139
1460	-422.546	-413.984	-8.56103	491927.4	9.092891	0.998188	0.999537	1.00046	1.00181	3.057665
1470	-426.636	-419.092	-7.54392	164853.7	11.6213	0.996871	0.999199	1.0008	1.00313	2.958074
1480	-415.179	-411.799	-3.37961	870249.3	12.46358	0.998638	0.999652	1.00035	1.00136	2.595799
1490	-421.343	-419.101	-2.24272	876004.4	10.44901	0.998642	0.999653	1.00035	1.00136	2.469224
1500	-414.233	-411.555	-2.6772	592402.7	15.31506	0.998349	0.999578	1.00042	1.00165	2.473323
1510	-417.983	-412.025	-5.95799	387809.1	10.05765	0.99796	0.999478	1.00052	1.00204	2.817234
1520	-414.929	-412.379	-2.55048	850684.6	10.28005	0.998622	0.999648	1.00035	1.00138	2.490702
1530	-420.272	-413.971	-6.30077	395759.4	9.372185	0.99798	0.999483	1.00052	1.00202	2.825942
1540	-422.234	-417.924	-4.31012	735614.1	9.590772	0.998518	0.999621	1.00038	1.00148	2.628746
1550	-419.366	-411.237	-8.12846	367182.2	14.09049	0.997903	0.999463	1.00054	1.0021	2.897356
1560	-411.745	-408.62	-3.12481	435455.1	11.57167	0.998074	0.999507	1.00049	1.00193	2.577523
1570	-420.856	-410.914	-9.94166	358583.4	14.56746	0.997878	0.999457	1.00054	1.00212	2.995824
1580	-434.609	-420.448	-14.161	570418.9	9.973449	0.998317	0.99957	1.00043	1.00168	3.637376
1590	-429.076	-415.464	-13.6122	389736.5	8.196129	0.997965	0.999479	1.00052	1.00204	3.612332
1600	-415.427	-409.686	-5.74129	200369.1	10.2419	0.997162	0.999273	1.00072	1.00284	2.800289
1610	-426.913	-421.722	-5.1906	289293.6	11.02607	0.997638	0.999395	1.0006	1.00236	2.757768
1620	-426.084	-416.829	-9.25527	873220.3	8.336693	0.99864	0.999652	1.00035	1.00136	3.09274
1630	-425.55	-414.157	-11.3938	946463.4	11.28515	0.998694	0.999666	1.00033	1.00131	3.307454
1640	-422.784	-416.585	-6.19861	611642.5	8.15264	0.998375	0.999584	1.00041	1.00163	2.701781
1650	-416.823	-411.75	-5.07253	987264.3	9.8588	0.998721	0.999673	1.00033	1.00128	2.721436
1660	-416.276	-409.223	-7.05364	460539.1	11.33162	0.998128	0.999521	1.00048	1.00187	2.922028
1670	-421.08	-411.022	-10.0577	101615.6	11.78899	0.996015	0.998979	1.00102	1.00399	3.166488
1680	-418.077	-413.966	-4.11062	33716.89	11.67257	0.993086	0.998223	1.00176	1.00693	2.662513
1690	-414.261	-410.276	-3.98479	593766.1	10.92818	0.998351	0.999578	1.00042	1.00165	2.646994
1700	-421.309	-410.532	-10.7765	150862.8	7.966592	0.996729	0.999162	1.00083	1.00327	3.248564
1710	-417.853	-409.751	-8.10239	422482.7	8.418785	0.998045	0.9995	1.0005	1.00196	2.9621
1720	-414.362	-407.024	-7.33798	964874	11.46334	0.998706	0.999669	1.00033	1.00129	2.944228
1730	-413.933	-406.801	-7.13196	208169.1	10.60785	0.997215	0.999287	1.00071	1.00279	2.937098
1740	-425.74	-414.595	-11.1447	233193.6	10.07416	0.997369	0.999326	1.00067	1.00263	3.332519
1750	-417.882	-413.667	-4.21468	837576.4	19.61699	0.998611	0.999645	1.00035	1.00139	2.381897
1760	-417.998	-412.756	-5.24223	49030.53	12.78891	0.994265	0.998528	1.00146	1.00575	2.736811
1770	-423.951	-415.787	-8.16396	819852.3	8.725815	0.998597	0.999641	1.00036	1.0014	2.993362
1780	-421.282	-409.18	-12.1021	531350.3	9.55353	0.998257	0.999554	1.00044	1.00174	3.441945
1790	-433.131	-413.862	-19.2686	865028.9	6.364847	0.998634	0.999651	1.00035	1.00137	4.286834
1800	-424.421	-410.163	-14.2587	822775.1	8.39585	0.998599	0.999642	1.00036	1.0014	3.693275
1810	-419.02	-412.379	-6.64073	938076.1	10.33343	0.998688	0.999664	1.00033	1.00131	2.889168
1820	-425.823	-417.806	-8.01676	267470.2	8.711908	0.997543	0.999371	1.00063	1.00246	2.975522
1830	-416.865	-411.301	-5.56324	605275.9	11.96509	0.998367	0.999582	1.00042	1.00163	2.782202
1840	-428.767	-412.242	-16.5245	567270.3	8.411822	0.998313	0.999568	1.00043	1.00169	3.962699
1850	-437.533	-417.286	-20.2469	748894.2	7.214425	0.998532	0.999624	1.00037	1.00147	4.467161
1860	-433.32	-418.955	-14.365	963815.3	8.042261	0.998706	0.999669	1.00033	1.0013	3.701115
1870	-423.908	-412.304	-11.6035	692496.3	9.388542	0.998473	0.999609	1.00039	1.00153	3.391608
1880	-421.958	-418.105	-3.85325	924344.9	15.57414	0.998678	0.999662	1.00034	1.00132	2.53991
1890	-422.543	-412.827	-9.71562	227680	10.00769	0.997337	0.999318	1.00068	1.00267	3.191351
1900	-415.862	-408.325	-7.53613	830779.7	11.7501	0.998606	0.999643	1.00036	1.00139	2.953749
1910	-428.728	-417.007	-11.7206	15252.6	10.23486	0.989727	0.997352	1.00261	1.01031	3.384349
1920	-414.022	-410.984	-3.03832	671310.3	14.71662	0.998449	0.999603	1.0004	1.00155	2.517191
1930	-427.838	-415.521	-12.3168	104818.1	8.843141	0.996077	0.998994	1.001	1.00393	3.470444
1940	-429.756	-416.165	-13.5917	576693.8	9.29314	0.998327	0.999572	1.00043	1.00167	3.606152
1950	-415.232	-410.136	-5.0962	625557.2	13.36179	0.998393	0.999589	1.00041	1.00161	2.708193
1960	-413.546	-407.595	-5.95081	757049.6	9.949531	0.998539	0.999626	1.00037	1.00146	2.813453
1970	-426.724	-418.371	-8.35344	459261.2	8.996454	0.998125	0.99952	1.00048	1.00188	3.030399
1980	-423.602	-412.413	-11.1888	259343.5	11.48267	0.997505	0.999361	1.00064	1.0025	3.27914
1990	-421.257	-416.162	-5.095	737399.7	11.81367	0.99852	0.999622	1.00038	1.00148	2.745214
2000	-420.546	-415.653	-4.89312	383625.4	15.08529	0.997949	0.999475	1.00052	1.00205	2.627866
2010	-428.483	-421.167	-7.3158	802988.3	7.824565	0.998582	0.999637	1.00036	1.00142	2.793003
2020	-421.672	-412.772	-8.89999	711496.5	13.0856	0.998493	0.999615	1.00038	1.00151	3.007587
2030	-428.088	-418.375	-9.71376	107530	9.367851	0.996126	0.999007	1.00099	1.00388	3.190043
2040	-434.722	-421.917	-12.8048	48414.71	6.813662	0.994229	0.998519	1.00147	1.00578	3.372639
2050	-418.05	-408.467	-9.58261	524043.4	9.391727	0.998245	0.999551	1.00045	1.00176	3.176404
2060	-413.156	-410.386	-2.77012	94366.63	11.98616	0.995865	0.99894	1.00105	1.00414	2.548775
2070	-414.312	-410.309	-4.00279	278062.1	12.80646	0.997591	0.999383	1.00061	1.00241	2.639538
2080	-423.011	-416.474	-6.5367	35298.54	12.01388	0.993243	0.998264	1.00172	1.00677	2.862296
2090	-424.416	-417.067	-7.34918	541550.2	15.69682	0.998273	0.999558	1.00044	1.00173	2.757707
2100	-429.204	-423.411	-5.79262	197176.9	10.50473	0.997139	0.999267	1.00073	1.00286	2.809708
2110	-426.443	-415.877	-10.5661	41491.84	10.51275	0.993767	0.998399	1.00159	1.00625	3.263872
2120	-421.086	-414.577	-6.50852	261088.1	10.71147	0.997513	0.999364	1.00063	1.00249	2.878496
2130	-422.922	-412.359	-10.5629	93729.29	10.74775	0.995851	0.998936	1.00106	1.00415	3.255713
2140	-412.932	-407.472	-5.46016	978904.1	12.38409	0.998716	0.999672	1.00033	1.00129	2.764697
2150	-413.996	-406.519	-7.47733	892513.7	12.111	0.998655	0.999656	1.00034	1.00135	2.937345
2160	-422.413	-413.841	-8.57194	414258.9	11.00159	0.998026	0.999495	1.0005	1.00198	3.065033
2170	-427.007	-415.557	-11.4506	218126.8	8.528563	0.99728	0.999304	1.00069	1.00272	3.364115
2180	-422.686	-419.082	-3.6047	518972.2	12.35135	0.998236	0.999549	1.00045	1.00177	2.615259
2190	-423.775	-412.721	-11.0541	14500.02	12.98428	0.989464	0.997284	1.00268	1.01058	3.178763
2200	-427.302	-420.251	-7.05053	601132.7	13.063	0.998361	0.999581	1.00042	1.00164	2.867189
2210	-421.072	-412.731	-8.34039	819301.3	12.26761	0.998596	0.999641	1.00036	1.0014	3.002209
2220	-429.238	-419.579	-9.6591	880570.9	10.96816	0.998646	0.999654	1.00035	1.00135	3.164947
2230	-420.807	-412.003	-8.80401	956172.6	10.98605	0.9987	0.999668	1.00033	1.0013	3.086529
2240	-421.515	-408.287	-13.2287	103011.3	7.747173	0.996042	0.998986	1.00101	1.00396	3.543795
2250	-422.854	-414.138	-8.71575	43253.03	12.02603	0.993895	0.998432	1.00155	1.00612	3.043171
2260	-425.95	-417.535	-8.41478	97166.61	14.04788	0.995925	0.998956	1.00104	1.00408	2.920017
2270	-425.929	-419.365	-6.56456	664178.9	9.614935	0.998441	0.999601	1.0004	1.00156	2.864747
2280	-427.07	-418.851	-8.21971	456248.3	9.795364	0.998119	0.999519	1.00048	1.00188	3.039901
2290	-430.694	-422.931	-7.76336	655004.5	10.30021	0.99843	0.999598	1.0004	1.00157	2.997806
2300	-425.94	-417.695	-8.24561	945460.3	8.201611	0.998693	0.999666	1.00033	1.00131	2.958138
2310	-423.134	-408.462	-14.6724	545025.4	12.3697	0.998279	0.99956	1.00044	1.00172	3.50979
2320	-428.208	-418.624	-9.58316	617840.7	10.34106	0.998383	0.999586	1.00041	1.00162	3.173783
2330	-417.459	-413.21	-4.24973	932659.4	13.53037	0.998684	0.999664	1.00034	1.00132	2.639977
2340	-415.819	-409.554	-6.26475	964620.2	7.877328	0.998706	0.999669	1.00033	1.00129	2.667682
2350	-408.35	-405.126	-3.22378	353559.1	14.03645	0.997863	0.999453	1.00055	1.00214	2.550822
2360	-423.598	-412.724	-10.8746	132102.7	14.86959	0.996505	0.999105	1.00089	1.0035	3.039188
2370	-416.225	-407.626	-8.59918	680942.1	10.06625	0.99846	0.999606	1.00039	1.00154	3.079839
2380	-416.999	-408.339	-8.6603	250631.7	10.97171	0.997462	0.99935	1.00065	1.00254	3.073798
2390	-428.569	-416.632	-11.9378	22712.49	8.015319	0.991578	0.997833	1.00214	1.00845	3.397588
2400	-425.223	-415.961	-9.2615	267377.2	8.276199	0.997543	0.999371	1.00063	1.00246	3.088521
2410	-413.487	-404.422	-9.06451	399452.7	9.299848	0.99799	0.999486	1.00051	1.00201	3.119166
2420	-427.628	-410.992	-16.6361	833813.7	9.389298	0.998608	0.999644	1.00036	1.00139	3.927591
2430	-429.22	-415.18	-14.0397	833452.7	8.023526	0.998608	0.999644	1.00036	1.00139	3.660087
2440	-424.89	-414.72	-10.1695	36437.42	10.61978	0.993349	0.998291	1.00169	1.00667	3.223097
2450	-419.31	-414.118	-5.19268	541697.9	12.89651	0.998273	0.999558	1.00044	1.00173	2.729905
2460	-424.701	-416.704	-7.99628	538371.8	14.29689	0.998268	0.999557	1.00044	1.00173	2.87696
2470	-427.597	-414.588	-13.0091	765204.8	10.90592	0.998547	0.999628	1.00037	1.00145	3.474107
2480	-429.8	-422.307	-7.49341	855359.1	9.760033	0.998626	0.999649	1.00035	1.00137	2.964996
2490	-430.337	-419.907	-10.4301	623455.9	10.80228	0.998391	0.999588	1.00041	1.00161	3.241441
2500	-436.851	-424.819	-12.0318	658310.2	8.186725	0.998434	0.999599	1.0004	1.00157	3.419033
2510	-435.831	-423.617	-12.2139	828479.9	8.068896	0.998604	0.999643	1.00036	1.0014	3.435161
2520	-428.658	-412.543	-16.1155	626665.2	8.101915	0.998395	0.999589	1.00041	1.00161	3.918546
2530	-433.687	-416.472	-17.2142	992230.3	6.420178	0.998724	0.999674	1.00033	1.00128	3.972659
2540	-424.985	-418.677	-6.30815	236224.9	12.23475	0.997386	0.999331	1.00067	1.00262	2.83747
2550	-417.933	-415.059	-2.87398	92458.09	11.21015	0.995823	0.998929	1.00106	1.00418	2.551285
2560	-413.742	-411.545	-2.19767	179806.1	10.36401	0.997004	0.999233	1.00076	1.003	2.460761
2570	-432.194	-423.189	-9.00467	653119.6	9.183392	0.998428	0.999598	1.0004	1.00157	3.109459
2580	-419.111	-412.677	-6.43358	244381.7	8.688285	0.99743	0.999342	1.00066	1.00257	2.791623
2590	-417.746	-410.1	-7.64531	498837.4	11.02386	0.998201	0.99954	1.00046	1.0018	2.980433
2600	-414.219	-409.972	-4.2472	60106.02	10.06657	0.99482	0.998671	1.00132	1.00519	2.647519
2610	-420.156	-411.517	-8.63963	838737.5	9.194496	0.998612	0.999645	1.00035	1.00139	3.070097
2620	-430.947	-422.537	-8.41027	494449.9	10.85397	0.998193	0.999538	1.00046	1.00181	3.053472
2630	-427.333	-415.237	-12.0958	679414.4	8.779269	0.998458	0.999606	1.00039	1.00154	3.444726
2640	-423.463	-412.458	-11.0051	290231.3	6.742393	0.997642	0.999396	1.0006	1.00236	3.092014
2650	-424.161	-410.717	-13.4445	102084.7	8.708324	0.996024	0.998981	1.00101	1.00398	3.59855
2660	-415.129	-409.829	-5.30027	788145.3	11.86393	0.998569	0.999634	1.00037	1.00143	2.761847
2670	-421.671	-409.268	-12.4021	434562.9	6.376044	0.998072	0.999507	1.00049	1.00193	3.21113
2680	-417.376	-406.498	-10.8788	868175.6	8.223875	0.998636	0.999651	1.00035	1.00136	3.280657
2690	-418.508	-410.019	-8.48884	310156.2	6.933724	0.997719	0.999416	1.00058	1.00228	2.771454
2700	-421.395	-414.115	-7.27976	22966.6	9.16506	0.991625	0.997845	1.00213	1.0084	2.920678
2710	-408.814	-406.977	-1.8365	897787.3	12.76828	0.998659	0.999657	1.00034	1.00134	2.47065
2720	-421.719	-413.395	-8.32367	142248	11.47079	0.996632	0.999137	1.00086	1.00337	3.029986
2730	-422.683	-414.884	-7.79813	641508.2	10.47505	0.998413	0.999594	1.0004	1.00159	3.000777
2740	-424.461	-413.583	-10.8786	237782.2	7.844346	0.997394	0.999333	1.00066	1.00261	3.250261
2750	-423.248	-412.534	-10.7141	440894.5	11.05542	0.998086	0.99951	1.00049	1.00191	3.257468
2760	-418.589	-411.051	-7.53793	496698	8.543589	0.998197	0.999539	1.00046	1.0018	2.906681
2770	-431.04	-416.979	-14.0609	716172.8	9.12856	0.998498	0.999616	1.00038	1.0015	3.661574
2780	-439.327	-418.357	-20.9694	650136.8	7.460941	0.998424	0.999597	1.0004	1.00158	4.558402
2790	-440.223	-422.35	-17.8731	451618	5.689502	0.998109	0.999516	1.00048	1.00189	3.923557
2800	-413.291	-406.572	-6.71881	168085.9	8.497214	0.996901	0.999206	1.00079	1.0031	2.8061
2810	-415.36	-408.642	-6.71764	349370.8	8.925358	0.99785	0.99945	1.00055	1.00215	2.843521
2820	-418.619	-414.805	-3.81477	341897.6	9.607507	0.997827	0.999444	1.00055	1.00217	2.578249
2830	-425.894	-413.945	-11.9499	356800.4	15.75525	0.997873	0.999456	1.00054	1.00213	3.04653
2840	-414.375	-409.274	-5.10037	425169	12.38043	0.998051	0.999501	1.0005	1.00195	2.735724
2850	-429.011	-415.693	-13.3173	771740.3	6.891505	0.998553	0.99963	1.00037	1.00145	3.461053
2860	-436.648	-421.435	-15.2122	20542.61	7.672043	0.991145	0.997721	1.00225	1.00888	3.79708
2870	-434.287	-416.365	-17.9221	793213.5	5.800595	0.998573	0.999635	1.00036	1.00143	3.96303
2880	-426.779	-411.764	-15.0149	983292.6	7.77516	0.998718	0.999672	1.00033	1.00128	3.77535
2890	-423.086	-411.51	-11.5756	618037.7	14.13984	0.998384	0.999587	1.00041	1.00162	3.138492
2900	-427.158	-412.613	-14.545	690915.4	10.20348	0.998471	0.999609	1.00039	1.00153	3.662243
2910	-426.553	-413.76	-12.7936	480569.8	13.17777	0.998167	0.999531	1.00047	1.00183	3.298193
2920	-423.403	-414.191	-9.21198	473261	7.956475	0.998153	0.999527	1.00047	1.00185	3.051039
2930	-416.368	-410.341	-6.02655	107044.2	10.5288	0.996118	0.999005	1.00099	1.00389	2.832219
2940	-423.409	-416.385	-7.02438	349358.9	12.68698	0.99785	0.99945	1.00055	1.00215	2.880063
2950	-428.97	-415.398	-13.5721	781816.1	9.829082	0.998563	0.999632	1.00037	1.00144	3.584869
2960	-423.279	-410.68	-12.5982	229325.9	8.452558	0.997347	0.999321	1.00068	1.00266	3.496981
2970	-420.442	-412.286	-8.15621	838032.6	11.86459	0.998612	0.999645	1.00035	1.00139	3.002549
2980	-424.301	-411.982	-12.3193	839598.2	9.312432	0.998613	0.999645	1.00035	1.00139	3.468983
2990	-421.525	-414.237	-7.28786	259433.5	7.526747	0.997506	0.999361	1.00064	1.0025	2.737582
3000	-413.863	-407.337	-6.52579	464470.7	12.95391	0.998136	0.999523	1.00048	1.00187	2.831147
3010	-429.608	-419.234	-10.3737	706826.1	11.72193	0.998488	0.999613	1.00039	1.00151	3.196646
3020	-427.115	-416.152	-10.9628	562033.2	9.390014	0.998305	0.999566	1.00043	1.0017	3.323361
3030	-432.804	-419.692	-13.1118	179766.7	9.105052	0.997004	0.999233	1.00076	1.003	3.557962
3040	-433.174	-419.839	-13.3349	569660.3	9.96965	0.998316	0.999569	1.00043	1.00168	3.554713
3050	-420.338	-410.218	-10.1198	752286.9	9.471601	0.998535	0.999625	1.00037	1.00147	3.234156
3060	-415.942	-406.805	-9.13779	20014.76	11.38299	0.99103	0.997691	1.00228	1.009	3.104145
3070	-418.793	-410.6	-8.19326	143567.6	13.18141	0.996647	0.999141	1.00085	1.00336	2.94892
3080	-414.865	-406.51	-8.35508	509826.4	11.19947	0.99822	0.999545	1.00045	1.00178	3.040507
3090	-415.803	-409.127	-6.6762	6904.916	11.36622	0.984745	0.996052	1.00387	1.01534	2.888169
3100	-427.242	-415.367	-11.8755	202843.7	12.12923	0.997179	0.999278	1.00072	1.00282	3.29933
3110	-420.21	-411.323	-8.88714	757671.4	9.794164	0.99854	0.999627	1.00037	1.00146	3.108031
3120	-411.972	-407.007	-4.96523	696422.7	11.68256	0.998477	0.999611	1.00039	1.00152	2.735635
3130	-414.283	-406.49	-7.79271	287601.8	10.62939	0.997631	0.999394	1.0006	1.00237	2.999201
3140	-419.641	-409.586	-10.0555	992530.2	11.14005	0.998724	0.999674	1.00033	1.00128	3.194674
3150	-412.656	-410.832	-1.82379	568170.7	14.24816	0.998314	0.999569	1.00043	1.00169	2.446363
3160	-414.418	-409.178	-5.2405	748728.7	10.98714	0.998531	0.999624	1.00037	1.00147	2.762166
3170	-432.708	-419.566	-13.1421	867267.3	9.248708	0.998635	0.999651	1.00035	1.00137	3.558727
3180	-422.191	-412.064	-10.1268	74117.33	10.36368	0.995335	0.998804	1.00119	1.00467	3.225836
3190	-416.997	-409.424	-7.57279	694436.8	8.958006	0.998475	0.99961	1.00039	1.00153	2.941341
3200	-426.111	-414.954	-11.157	964615.7	9.350356	0.998706	0.999669	1.00033	1.00129	3.344144
3210	-412.502	-408.874	-3.62726	635857	12.2428	0.998406	0.999592	1.00041	1.00159	2.618269
3220	-414.185	-409.074	-5.11151	409368.3	12.47101	0.998014	0.999492	1.00051	1.00199	2.734584
3230	-416.772	-413.835	-2.93634	687514.4	15.11281	0.998467	0.999608	1.00039	1.00153	2.497218
3240	-422.147	-417.097	-5.0502	925500.2	10.73311	0.998679	0.999662	1.00034	1.00132	2.742623
3250	-425.292	-424.613	-0.67899	383479.8	11.94247	0.997948	0.999475	1.00052	1.00205	2.37364
3260	-411.919	-412.192	0.273354	791134.3	14.80842	0.998571	0.999635	1.00036	1.00143	2.29057
3270	-413.607	-406.316	-7.29116	248133.9	16.99825	0.997449	0.999347	1.00065	1.00255	2.682479
3280	-416.496	-410.459	-6.03673	709869.2	9.361702	0.998492	0.999614	1.00038	1.00151	2.797182
3290	-434.452	-423.147	-11.3057	670452.6	9.05523	0.998448	0.999603	1.0004	1.00155	3.359191
3300	-415.917	-415.284	-0.632698	190007.7	17.00238	0.997085	0.999254	1.00074	1.00292	2.290631
3310	-418.045	-413.983	-4.06158	803853.6	9.938549	0.998583	0.999638	1.00036	1.00142	2.623024
3320	-419.058	-412.561	-6.49628	741553.7	8.723335	0.998524	0.999623	1.00038	1.00148	2.80202
3330	-424.044	-414.981	-9.06269	789119.6	8.849375	0.998569	0.999634	1.00037	1.00143	3.102767
3340	-426.588	-415.622	-10.9661	228698.8	9.444308	0.997343	0.99932	1.00068	1.00266	3.323601
3350	-420.189	-409.893	-10.296	269819.5	10.70461	0.997554	0.999374	1.00062	1.00245	3.232316
3360	-410.81	-403.852	-6.95772	584586.8	10.97507	0.998338	0.999575	1.00042	1.00166	2.918585
3370	-413.5	-411.594	-1.90568	973074.9	13.70757	0.998712	0.999671	1.00033	1.00129	2.463584
3380	-417.781	-411.647	-6.13444	798177.3	19.74557	0.998578	0.999636	1.00036	1.00142	2.473228
3390	-422.527	-411.929	-10.5979	491028.8	10.48524	0.998187	0.999536	1.00046	1.00181	3.267742
3400	-424.955	-413.059	-11.8965	750299.4	8.438325	0.998533	0.999625	1.00037	1.00147	3.41347
3410	-423.45	-412.233	-11.2168	129336.6	7.632395	0.996468	0.999095	1.0009	1.00354	3.271961
3420	-425.423	-412.266	-13.1565	827214.7	8.743139	0.998603	0.999643	1.00036	1.0014	3.565541
3430	-431.067	-419.028	-12.0396	300265	9.234729	0.997681	0.999407	1.00059	1.00232	3.439621
3440	-424.537	-414.44	-10.0971	910394.2	9.18511	0.998668	0.999659	1.00034	1.00133	3.22845
3450	-406.211	-402.618	-3.59226	998571.9	12.91705	0.998728	0.999675	1.00032	1.00127	2.605411
3460	-412.902	-409.007	-3.89485	875360.6	11.28881	0.998642	0.999653	1.00035	1.00136	2.642987
3470	-417.639	-413.551	-4.08796	219728.1	11.9559	0.99729	0.999306	1.00069	1.00271	2.65898
3480	-409.184	-409.811	0.627233	847076.7	12.81637	0.998619	0.999647	1.00035	1.00138	2.278075
3490	-407.025	-406.158	-0.866872	270776.8	11.4077	0.997558	0.999375	1.00062	1.00244	2.378231
3500	-408.637	-409.013	0.376036	356926	13.76758	0.997873	0.999456	1.00054	1.00213	2.296714
3510	-411.584	-403.844	-7.73943	504277.7	10.13452	0.998211	0.999542	1.00046	1.00179	2.994921
3520	-413.299	-405.275	-8.02432	223546.9	8.707257	0.997313	0.999312	1.00069	1.00269	2.976062
3530	-415.678	-409.079	-6.59937	207814.9	10.46107	0.997213	0.999286	1.00071	1.00279	2.886249
3540	-420	-412.024	-7.97558	586796.3	13.26681	0.998341	0.999576	1.00042	1.00166	2.928305
3550	-420.581	-410.22	-10.3616	978790.3	8.051313	0.998715	0.999672	1.00033	1.00129	3.204094
3560	-420.697	-411.04	-9.65636	971363.9	12.42184	0.998711	0.99967	1.00033	1.00129	3.101581
3570	-411.958	-406.208	-5.7498	205945.9	11.14471	0.9972	0.999283	1.00071	1.0028	2.808148
3580	-428.042	-415.521	-12.5217	170372.3	7.27969	0.996922	0.999212	1.00078	1.00308	3.404942
3590	-427.412	-417.822	-9.58993	423446	11.6429	0.998047	0.9995	1.0005	1.00195	3.133209
3600	-422.293	-414.277	-8.01597	214951.4	13.1426	0.99726	0.999298	1.0007	1.00274	2.937325
3610	-417.261	-410.257	-7.00429	942063.2	8.998726	0.998691	0.999665	1.00033	1.00131	2.880583
3620	-426.287	-419.938	-6.34839	475374.8	8.169188	0.998157	0.999529	1.00047	1.00184	2.722429
3630	-421.776	-411.118	-10.6582	13147.99	8.520556	0.988936	0.997147	1.00281	1.01111	3.270825
3640	-437.154	-420.546	-16.6082	956851.3	10.28	0.998701	0.999668	1.00033	1.0013	3.858181
3650	-429.532	-413.4	-16.1321	664247.7	6.995218	0.998441	0.999601	1.0004	1.00156	3.879621
3660	-419.265	-413.181	-6.08373	952242	11.13552	0.998698	0.999667	1.00033	1.0013	2.838174
3670	-418.806	-410.291	-8.51534	881760.2	14.54378	0.998647	0.999654	1.00035	1.00135	2.899265
3680	-414.971	-408.781	-6.19021	787538.3	8.998445	0.998568	0.999634	1.00037	1.00143	2.790096
3690	-419.214	-410.72	-8.49431	552052.5	12.05439	0.99829	0.999563	1.00044	1.00171	3.023619
3700	-407.233	-404.019	-3.21441	115491.1	9.735382	0.996262	0.999042	1.00095	1.00374	2.524907
3710	-425.795	-424.708	-1.08714	541059.9	11.99851	0.998272	0.999558	1.00044	1.00173	2.408512
3720	-421.017	-411.631	-9.3857	80859.1	11.21493	0.995533	0.998855	1.00114	1.00447	3.131997
3730	-421.415	-411.935	-9.47967	282488.7	10.6983	0.997609	0.999388	1.00061	1.00239	3.156213
3740	-421.886	-411.242	-10.6443	995095.6	11.16738	0.998726	0.999674	1.00033	1.00127	3.246336
3750	-421.62	-411.421	-10.199	908902.1	8.079756	0.998667	0.999659	1.00034	1.00133	3.186394
3760	-417.909	-412.999	-4.90958	449715.1	10.11943	0.998105	0.999515	1.00048	1.0019	2.715181
3770	-424.056	-412.421	-11.6351	614585.6	8.867846	0.998379	0.999585	1.00041	1.00162	3.393735
3780	-420.892	-408.059	-12.8328	740954.1	13.18069	0.998524	0.999622	1.00038	1.00148	3.300949
3790	-428.071	-411.69	-16.3817	541238.8	12.86316	0.998273	0.999558	1.00044	1.00173	3.600704
3800	-427.669	-415.818	-11.851	90549.18	10.33664	0.995779	0.998918	1.00108	1.00423	3.393255
3810	-424.498	-417.537	-6.96076	332477.7	12.76319	0.997796	0.999436	1.00056	1.00221	2.872171
3820	-426.5	-416.229	-10.2717	868438.6	9.528449	0.998636	0.999651	1.00035	1.00136	3.250328
3830	-414.659	-406.586	-8.07356	588005.9	11.16807	0.998343	0.999576	1.00042	1.00166	3.016115
3840	-412.294	-409.278	-3.01523	87581.04	12.95781	0.995708	0.9989	1.00109	1.0043	2.560079
3850	-418.927	-405.422	-13.5048	513019.5	8.837394	0.998226	0.999546	1.00045	1.00178	3.604835
3860	-424.902	-412.661	-12.2415	564112.5	11.84439	0.998308	0.999567	1.00043	1.00169	3.348174
3870	-432.018	-417.922	-14.0965	905131	7.855682	0.998664	0.999658	1.00034	1.00134	3.660982
3880	-425.307	-419.251	-6.05573	214246.9	12.54382	0.997255	0.999297	1.0007	1.00275	2.808139
3890	-416.274	-410.135	-6.13964	955011.5	15.28697	0.9987	0.999667	1.00033	1.0013	2.700768
3900	-425.968	-412.044	-13.9236	279845.4	7.556518	0.997598	0.999385	1.00061	1.0024	3.621395
3910	-426.945	-417.431	-9.5142	93575.79	10.83218	0.995848	0.998936	1.00106	1.00416	3.155806
3920	-428.445	-420.927	-7.51796	580634.9	8.618885	0.998332	0.999573	1.00043	1.00167	2.910819
3930	-424.02	-413.775	-10.2449	936425.5	8.324556	0.998687	0.999664	1.00034	1.00131	3.210647
3940	-418.8	-412.488	-6.3119	162613.7	11.60295	0.99685	0.999193	1.0008	1.00315	2.852392
3950	-421.037	-415.457	-5.57957	568819.7	15.27111	0.998315	0.999569	1.00043	1.00169	2.664863
3960	-425.788	-413.273	-12.5155	762810.2	10.36043	0.998545	0.999628	1.00037	1.00146	3.456473
3970	-435.652	-420.809	-14.8427	226225.8	7.777121	0.997329	0.999316	1.00068	1.00267	3.753282
3980	-419.98	-409.519	-10.4612	813922.2	12.28696	0.998591	0.99964	1.00036	1.00141	3.174005
3990	-419.586	-411.541	-8.04418	418970.2	11.29712	0.998037	0.999498	1.0005	1.00196	3.010336
4000	-408.417	-408.766	0.34914	400479.9	13.04851	0.997992	0.999486	1.00051	1.00201	2.300699
4010	-430.016	-415.971	-14.0447	641384.5	8.040216	0.998413	0.999594	1.0004	1.00159	3.661216
4020	-434.238	-418.41	-15.8287	762958.5	9.626524	0.998545	0.999628	1.00037	1.00146	3.827538
4030	-435.438	-418.861	-16.577	846440.1	7.457568	0.998619	0.999647	1.00035	1.00138	3.969577
4040	-430.544	-419.39	-11.1543	291938	9.664526	0.997648	0.999398	1.0006	1.00235	3.341487
4050	-418.93	-416.936	-1.99406	705116.5	11.32492	0.998487	0.999613	1.00039	1.00151	2.475387
4060	-433.186	-416.723	-16.4626	203883	9.884232	0.997186	0.99928	1.00072	1.00282	3.874871
4070	-419.569	-415.166	-4.40283	544744.8	10.64354	0.998278	0.99956	1.00044	1.00172	2.680581
4080	-424.35	-418.091	-6.25868	580287.7	11.75557	0.998332	0.999573	1.00043	1.00167	2.84492
4090	-422.471	-418.547	-3.9237	137561.8	14.03545	0.996575	0.999123	1.00087	1.00343	2.600718
4100	-425.635	-415.092	-10.5428	747254.3	9.093155	0.99853	0.999624	1.00038	1.00147	3.275611
4110	-417.634	-419.64	2.00615	749173.1	14.6115	0.998532	0.999625	1.00037	1.00147	2.17531
4120	-420.688	-419.6	-1.08758	260449.9	12.79473	0.99751	0.999363	1.00064	1.00249	2.411933
4130	-423.552	-416.406	-7.14573	531037.3	9.682265	0.998256	0.999554	1.00044	1.00174	2.927242
4140	-427.999	-424.253	-3.74646	217757	10.30071	0.997277	0.999303	1.00069	1.00273	2.607843
4150	-420.217	-413.261	-6.95623	660284.8	9.714096	0.998436	0.9996	1.0004	1.00156	2.908637
4160	-423.274	-414.317	-8.95616	257008.7	10.38618	0.997494	0.999358	1.00064	1.00251	3.112591
4170	-413.307	-409.013	-4.29391	426001.8	13.23311	0.998053	0.999502	1.0005	1.00195	2.651713
4180	-414.063	-414.024	-0.0389587	149298.9	14.87883	0.996712	0.999158	1.00084	1.00329	2.310295
4190	-411.549	-407.132	-4.41623	614986.3	11.66797	0.99838	0.999586	1.00041	1.00162	2.688719
4200	-419.835	-414.941	-4.89417	314744.1	12.95842	0.997735	0.99942	1.00058	1.00227	2.705067
4210	-420.94	-413.495	-7.4445	570693.6	10.03045	0.998318	0.99957	1.00043	1.00168	2.964707
4220	-418.538	-410.882	-7.65584	708284.9	9.350773	0.99849	0.999614	1.00039	1.00151	2.969715
4230	-407.367	-402.324	-5.04356	455.8969	13.73001	0.941112	0.984174	1.01457	1.06014	2.691704
4240	-414.641	-407.608	-7.0326	300022.3	11.88824	0.99768	0.999406	1.00059	1.00232	2.907191
4250	-421.78	-413.519	-8.26153	91651.73	11.98839	0.995804	0.998924	1.00107	1.0042	3.006836
4260	-417.061	-411.498	-5.56316	286799.2	10.79639	0.997627	0.999393	1.00061	1.00237	2.790856
4270	-418.51	-412.572	-5.93802	208231.1	10.49647	0.997216	0.999287	1.00071	1.00279	2.823454
4280	-422.028	-413.032	-8.99577	589813.7	11.20626	0.998345	0.999577	1.00042	1.00166	3.097502
4290	-427.364	-419.961	-7.40301	273754.8	8.59983	0.997572	0.999378	1.00062	1.00243	2.895852
4300	-417.747	-408.245	-9.50205	851147.5	9.395778	0.998623	0.999648	1.00035	1.00138	3.167889
4310	-418.355	-413.735	-4.6197	260313.3	10.96432	0.99751	0.999363	1.00064	1.00249	2.705454
4320	-417.749	-409.26	-8.48938	198871	14.17215	0.997151	0.999271	1.00073	1.00285	2.918431
4330	-410.311	-409.302	-1.00876	148366.8	12.70452	0.996702	0.999155	1.00084	1.0033	2.405897
4340	-408.483	-406.351	-2.132	751759.9	12.36948	0.998534	0.999625	1.00037	1.00147	2.495987
4350	-417.459	-411.962	-5.49714	384856.7	9.668422	0.997952	0.999476	1.00052	1.00205	2.756324
4360	-412.834	-409.197	-3.63789	155965.1	9.530601	0.996783	0.999176	1.00082	1.00322	2.55428
4370	-408.441	-405.559	-2.88269	760134.4	11.34818	0.998542	0.999627	1.00037	1.00146	2.554175
4380	-418.231	-410.228	-8.00354	497076.8	9.22762	0.998198	0.999539	1.00046	1.0018	3.002285
4390	-425.025	-414.732	-10.2927	462458	9.001281	0.998131	0.999522	1.00048	1.00187	3.24608
4400	-415.561	-407.357	-8.20441	296917	13.10844	0.997668	0.999403	1.00059	1.00233	2.953324
4410	-420.682	-410.414	-10.2687	947597.3	10.74266	0.998695	0.999666	1.00033	1.00131	3.228516
4420	-414.46	-405.685	-8.77514	719840.7	13.58675	0.998502	0.999617	1.00038	1.0015	2.971367
4430	-420.461	-412.313	-8.14853	786532.7	13.20276	0.998567	0.999634	1.00037	1.00143	2.944485
4440	-424.291	-415.102	-9.18887	904647	9.375856	0.998664	0.999658	1.00034	1.00134	3.134171
4450	-412.021	-404.886	-7.13495	189925	9.617377	0.997085	0.999254	1.00074	1.00292	2.924148
4460	-413.859	-407.618	-6.24121	339508.9	10.56134	0.997819	0.999442	1.00056	1.00218	2.852843
4470	-424.268	-413.332	-10.9353	48037.63	8.295769	0.994206	0.998513	1.00148	1.00581	3.291923
4480	-415.666	-412.27	-3.39621	383791.5	14.07978	0.997949	0.999475	1.00052	1.00205	2.561827
4490	-418.736	-414.159	-4.57631	8276.08	11.42389	0.986062	0.996397	1.00353	1.01401	2.703383
4500	-418.352	-412.305	-6.0468	834914.4	12.15776	0.998609	0.999644	1.00035	1.00139	2.818075
4510	-428.588	-413.302	-15.2861	556787.9	6.370361	0.998297	0.999564	1.00043	1.0017	3.662261
4520	-432.725	-415.576	-17.1482	855806.5	6.381845	0.998626	0.999649	1.00035	1.00137	3.956411
4530	-436.343	-420.956	-15.3865	661195	9.173408	0.998437	0.9996	1.0004	1.00156	3.804836
4540	-419.425	-411.318	-8.10748	618920.3	12.00464	0.998385	0.999587	1.00041	1.00162	2.993386
4550	-417.805	-414.108	-3.69753	294225	9.756461	0.997658	0.9994	1.0006	1.00234	2.575853
4560	-412.848	-413.635	0.786549	618305.5	12.44938	0.998384	0.999587	1.00041	1.00162	2.261318
4570	-425.502	-413.681	-11.8215	902138.3	12.30001	0.998662	0.999658	1.00034	1.00134	3.283864
4580	-415.667	-408.03	-7.63653	620788.1	10.36031	0.998387	0.999587	1.00041	1.00161	2.985545
4590	-420.395	-412.341	-8.05441	144018.9	10.22904	0.996653	0.999143	1.00085	1.00335	3.02614
4600	-423.294	-413.338	-9.95571	560545.3	11.3343	0.998303	0.999566	1.00043	1.0017	3.178021
4610	-421.213	-415.518	-5.69479	912889.5	10.70135	0.99867	0.99966	1.00034	1.00133	2.802453
4620	-412.013	-411.53	-0.483305	791179	13.58466	0.998571	0.999635	1.00036	1.00143	2.361099
4630	-418.027	-412.564	-5.46343	828171.6	9.68103	0.998604	0.999643	1.00036	1.0014	2.753434
4640	-421.201	-409.845	-11.356	964029	7.735359	0.998706	0.999669	1.00033	1.00129	3.3009
4650	-425.103	-413.596	-11.5065	730202.7	8.098479	0.998513	0.99962	1.00038	1.00149	3.349445
4660	-426.709	-418.82	-7.88928	616927.4	9.266039	0.998382	0.999586	1.00041	1.00162	2.991474
4670	-412.981	-409.214	-3.76688	587304.9	9.786087	0.998342	0.999576	1.00042	1.00166	2.58476
4680	-417.915	-414.033	-3.88189	321943.2	11.11226	0.997761	0.999427	1.00057	1.00224	2.640179
4690	-417.558	-406.732	-10.8265	570675.5	8.114771	0.998318	0.99957	1.00043	1.00168	3.266694
4700	-421.592	-411.361	-10.2304	6417.146	10.72862	0.984177	0.995903	1.00401	1.01591	3.225406
4710	-426.079	-421.585	-4.49389	763077.9	11.02656	0.998545	0.999628	1.00037	1.00146	2.694585
4720	-423.994	-412.117	-11.8769	633817.8	12.00774	0.998404	0.999592	1.00041	1.0016	3.307185
4730	-413.981	-407.259	-6.72196	368218	9.149962	0.997906	0.999464	1.00053	1.0021	2.85892
4740	-423.072	-417.155	-5.91687	603483.3	15.13182	0.998364	0.999582	1.00042	1.00164	2.693542
4750	-417.186	-410.228	-6.95812	937316.7	14.48597	0.998687	0.999664	1.00034	1.00131	2.795061
4760	-419.656	-409.878	-9.77814	5471.444	8.262399	0.982868	0.995559	1.00434	1.01724	3.149878
4770	-418.337	-408.74	-9.59685	86142.67	9.167964	0.995672	0.998891	1.0011	1.00433	3.173568
4780	-427.349	-415.621	-11.7283	244239.5	10.72729	0.997429	0.999342	1.00066	1.00257	3.365082
4790	-424.565	-413.307	-11.2577	309498.6	10.38509	0.997716	0.999415	1.00058	1.00229	3.334222
4800	-426.953	-412.328	-14.6241	50215.28	9.719869	0.994333	0.998545	1.00144	1.00568	3.697695
4810	-429.099	-414.429	-14.6701	334222	10.43042	0.997802	0.999438	1.00056	1.0022	3.659799
4820	-426.835	-417.628	-9.20671	875097.4	9.434432	0.998642	0.999653	1.00035	1.00136	3.137147
4830	-431.011	-419.193	-11.8186	364438.6	11.53038	0.997895	0.999461	1.00054	1.00211	3.331229
4840	-424.858	-414.496	-10.3613	749384.1	7.496826	0.998532	0.999625	1.00037	1.00147	3.141739
4850	-428.649	-417.1	-11.5492	520496.4	11.69846	0.998239	0.999549	1.00045	1.00176	3.298292
4860	-430.334	-418.47	-11.8637	639675.5	12.12094	0.998411	0.999594	1.00041	1.00159	3.298886
4870	-420.057	-413.555	-6.50197	916320.6	12.56389	0.998672	0.999661	1.00034	1.00133	2.84305
4880	-425.352	-412.759	-12.5933	618686.5	12.17293	0.998384	0.999587	1.00041	1.00162	3.355485
4890	-421.731	-413.074	-8.65683	951560.2	9.395942	0.998697	0.999667	1.00033	1.0013	3.077936
4900	-435.676	-420.838	-14.8375	512603.9	13.34988	0.998225	0.999546	1.00045	1.00178	3.438272
4910	-424.741	-421.059	-3.68191	94542.77	11.35351	0.995869	0.998941	1.00105	1.00414	2.624641
4920	-425.708	-416.629	-9.07991	244468.1	9.929871	0.99743	0.999342	1.00066	1.00257	3.127966
4930	-414.324	-407.918	-6.40609	434636.4	12.0213	0.998073	0.999507	1.00049	1.00193	2.851236
4940	-419.562	-412.434	-7.12808	21787.8	12.28203	0.991402	0.997787	1.00219	1.00862	2.902899
4950	-414.941	-408.863	-6.07792	498117.6	13.13032	0.9982	0.999539	1.00046	1.0018	2.790308
4960	-422.619	-409.38	-13.2391	688781.9	13.5703	0.998469	0.999608	1.00039	1.00153	3.301214
4970	-416.599	-407.07	-9.52835	468464.4	8.128501	0.998143	0.999525	1.00047	1.00186	3.107998
4980	-412.949	-406.703	-6.24576	617500	10.79405	0.998383	0.999586	1.00041	1.00162	2.85408
4990	-418.267	-411.087	-7.18021	895525.8	13.43923	0.998657	0.999657	1.00034	1.00134	2.860695
5000	-421.641	-408.865	-12.7751	29047.05	10.61646	0.992552	0.998085	1.0019	1.00747	3.468626
5010	-423.255	-416.077	-7.17778	932357.9	12.90616	0.998684	0.999663	1.00034	1.00132	2.883437
5020	-421.442	-413.59	-7.85182	979989.7	10.62982	0.998716	0.999672	1.00033	1.00128	3.004758
5030	-415.272	-411.832	-3.4394	394707	11.23137	0.997977	0.999483	1.00052	1.00202	2.601987
5040	-417.715	-417.467	-0.247111	380679.3	12.24185	0.997941	0.999473	1.00053	1.00206	2.342165
5050	-414.995	-407.914	-7.08094	39629.22	13.48488	0.993622	0.998362	1.00162	1.00639	2.851271
5060	-427.793	-418.836	-8.95735	130069.1	10.07819	0.996478	0.999098	1.0009	1.00353	3.115374
5070	-425.404	-418.155	-7.24875	670602.8	11.87785	0.998448	0.999603	1.0004	1.00155	2.925678
5080	-432.675	-418.331	-14.3443	34189.25	7.766507	0.993134	0.998236	1.00175	1.00688	3.688704
5090	-424.302	-413.484	-10.8173	988633.6	9.131914	0.998722	0.999673	1.00033	1.00128	3.306293
5100	-425.297	-411.49	-13.8072	980788.5	9.188348	0.998717	0.999672	1.00033	1.00128	3.632291
5110	-424.001	-416.812	-7.18815	515922.6	9.253183	0.998231	0.999547	1.00045	1.00177	2.915185
5120	-432.614	-416.397	-16.2167	289979.2	10.10427	0.997641	0.999396	1.0006	1.00236	3.833706
5130	-423.344	-412.133	-11.211	597879.1	9.463814	0.998357	0.99958	1.00042	1.00164	3.349415
5140	-418.616	-412.893	-5.72204	766865.5	10.48559	0.998549	0.999629	1.00037	1.00145	2.80273
5150	-428.658	-416.654	-12.0036	231694.2	8.40373	0.997361	0.999324	1.00067	1.00264	3.424961
5160	-413.498	-410.019	-3.47829	212354.9	12.16969	0.997243	0.999294	1.0007	1.00276	2.606718
5170	-439.99	-425.656	-14.3336	532304.4	10.51986	0.998258	0.999554	1.00044	1.00174	3.62178
5180	-429.927	-418.084	-11.8433	681348.5	8.634989	0.998461	0.999606	1.00039	1.00154	3.413062
5190	-419.806	-407.28	-12.5267	551367.4	11.38497	0.998289	0.999562	1.00044	1.00171	3.401737
5200	-433.696	-419.611	-14.0847	255298.7	7.107827	0.997485	0.999356	1.00064	1.00252	3.601089
5210	-422.77	-413.379	-9.39147	2874.503	9.159828	0.976392	0.993845	1.00596	1.02381	3.150944
5220	-421.598	-417.279	-4.31959	550381.4	10.53432	0.998287	0.999562	1.00044	1.00171	2.670233
5230	-419.575	-412.984	-6.59058	455255.5	9.450978	0.998117	0.999518	1.00048	1.00188	2.860612
5240	-417.712	-411.221	-6.49107	351298.2	9.437751	0.997856	0.999451	1.00055	1.00215	2.849461
5250	-418.58	-409.993	-8.58686	394531.6	8.590057	0.997977	0.999482	1.00052	1.00202	3.032822
5260	-414.488	-412.518	-1.9705	485900.6	15.83217	0.998177	0.999534	1.00047	1.00182	2.410586
5270	-418.559	-413.36	-5.19859	41065.26	7.445534	0.993734	0.998391	1.0016	1.00628	2.440934
5280	-419.183	-414.616	-4.56687	881218.5	12.24214	0.998646	0.999654	1.00035	1.00135	2.695028
5290	-409.326	-405.194	-4.13148	767907.7	11.78542	0.99855	0.999629	1.00037	1.00145	2.663815
5300	-412.988	-410.34	-2.64811	620443.5	13.63074	0.998387	0.999587	1.00041	1.00161	2.519457
5310	-421.129	-411.455	-9.67438	45503.16	9.614187	0.994047	0.998472	1.00152	1.00597	3.188179
5320	-417.705	-404.179	-13.5266	585329.7	10.78905	0.998339	0.999575	1.00042	1.00166	3.528918
5330	-424.27	-409.452	-14.8185	221458.8	7.733746	0.9973	0.999309	1.00069	1.0027	3.748453
5340	-421.543	-413.762	-7.78083	501074	10.46444	0.998205	0.999541	1.00046	1.0018	2.999174
5350	-418.311	-412.381	-5.92913	7516.522	12.57557	0.985377	0.996217	1.00371	1.0147	2.797111
5360	-429.803	-413.087	-16.7166	123830.4	6.670044	0.99639	0.999075	1.00092	1.00361	3.930641
5370	-428.218	-416.562	-11.6563	765670.8	7.79866	0.998548	0.999629	1.00037	1.00145	3.345481
5380	-429.515	-415.017	-14.4979	313329	8.331428	0.99773	0.999419	1.00058	1.00227	3.721574
5390	-436.71	-418.139	-18.5709	804582.8	7.051309	0.998583	0.999638	1.00036	1.00142	4.23042
5400	-435.921	-418.891	-17.0304	59477.8	8.016012	0.994793	0.998664	1.00133	1.00522	4.032933
5410	-420.354	-417.298	-3.0565	958843.7	15.66644	0.998702	0.999668	1.00033	1.0013	2.485357
5420	-427.559	-415.391	-12.1675	12060.73	10.63297	0.98845	0.99702	1.00293	1.0116	3.41061
5430	-423.287	-411.167	-12.1195	225536.7	9.52107	0.997325	0.999315	1.00068	1.00268	3.444398
5440	-421.745	-412.651	-9.09356	219527.8	14.77696	0.997288	0.999306	1.00069	1.00271	2.925009
5450	-414.912	-410.103	-4.80925	85754.57	11.3788	0.995663	0.998888	1.00111	1.00434	2.72389
5460	-437.67	-424.603	-13.0675	157719.7	9.497586	0.996801	0.999181	1.00082	1.0032	3.544642
5470	-423.491	-414.301	-9.19038	452683.4	9.643523	0.998111	0.999517	1.00048	1.00189	3.138109
5480	-416.005	-408.543	-7.46169	837018	9.885729	0.998611	0.999645	1.00035	1.00139	2.964261
5490	-424.853	-412.208	-12.645	742123.7	10.42931	0.998525	0.999623	1.00038	1.00148	3.465699
5500	-417.935	-407.498	-10.4372	229239.9	9.373107	0.997346	0.999321	1.00068	1.00266	3.267303
5510	-433.388	-420.599	-12.7886	94670.35	8.836497	0.995872	0.998942	1.00105	1.00413	3.523797
5520	-429.653	-419.116	-10.5364	817291.8	9.388303	0.998594	0.999641	1.00036	1.00141	3.277952
5530	-428.69	-416.314	-12.3757	912158.1	6.648233	0.998669	0.99966	1.00034	1.00133	3.274995
5540	-422.785	-413.85	-8.93471	11563.92	10.4297	0.988205	0.996956	1.00299	1.01184	3.109942
5550	-418.323	-410.633	-7.69028	612737.8	9.366486	0.998377	0.999585	1.00041	1.00162	2.973989
5560	-422.732	-411.595	-11.1371	555835.2	10.40548	0.998296	0.999564	1.00043	1.00171	3.321935
5570	-429.473	-411.951	-17.5221	254078.3	13.21964	0.997479	0.999355	1.00064	1.00252	3.652725
5580	-430.031	-415.602	-14.4294	581034.3	9.10382	0.998333	0.999574	1.00043	1.00167	3.702713
5590	-420.063	-412.43	-7.63313	373382.4	9.551936	0.997921	0.999468	1.00053	1.00208	2.974118
5600	-421.4	-410.22	-11.1804	443330.6	8.564246	0.998092	0.999512	1.00049	1.00191	3.333804
5610	-420.775	-410.119	-10.6556	633560.4	8.144225	0.998404	0.999592	1.00041	1.0016	3.247857
5620	-420.994	-409.124	-11.8697	589057.8	7.67569	0.998344	0.999576	1.00042	1.00166	3.361759
5630	-421.022	-409.993	-11.0297	493579.9	9.80645	0.998191	0.999537	1.00046	1.00181	3.326587
5640	-420.47	-411.211	-9.25815	835784.2	9.577689	0.99861	0.999645	1.00035	1.00139	3.144527
5650	-420.737	-406.721	-14.0169	90427.98	7.669132	0.995776	0.998917	1.00108	1.00423	3.641107
5660	-415.252	-405.938	-9.31428	142882	10.37497	0.996639	0.999139	1.00086	1.00336	3.147253
5670	-416.049	-409.86	-6.18912	637250.2	9.665007	0.998408	0.999593	1.00041	1.00159	2.827758
5680	-430.18	-415.246	-14.9336	66362.34	6.080805	0.99507	0.998735	1.00126	1.00494	3.535751
5690	-436.986	-423.583	-13.4035	42354.43	7.747186	0.99383	0.998416	1.00157	1.00618	3.566354
5700	-431.071	-414.243	-16.8288	457479.1	9.301691	0.998121	0.999519	1.00048	1.00188	3.953934
5710	-425.384	-414.119	-11.2653	706668.5	12.68492	0.998488	0.999613	1.00039	1.00151	3.214465
5720	-405.347	-404.17	-1.17666	356688	14.6404	0.997872	0.999456	1.00054	1.00213	2.392474
5730	-414.912	-409.283	-5.62896	40656.05	9.740144	0.993703	0.998383	1.0016	1.00631	2.773128
5740	-413.516	-401.818	-11.6986	291302.1	8.837547	0.997646	0.999397	1.0006	1.00236	3.400457
5750	-414.364	-405.045	-9.31898	730641.3	8.219417	0.998513	0.99962	1.00038	1.00149	3.090593
5760	-409.22	-406.388	-2.83281	70802.53	12.2513	0.995227	0.998776	1.00122	1.00478	2.553337
5770	-420.413	-413.933	-6.47957	266236.6	13.17977	0.997538	0.99937	1.00063	1.00246	2.818976
5780	-418.087	-411.052	-7.03548	25760.16	10.35939	0.992091	0.997966	1.00201	1.00793	2.927525
5790	-423.296	-415.284	-8.01181	628125.4	9.660551	0.998397	0.99959	1.00041	1.0016	3.016253
5800	-434.167	-423.347	-10.8199	746524.9	8.750179	0.998529	0.999624	1.00038	1.00147	3.298516
5810	-423.649	-411.074	-12.575	696607.5	10.64124	0.998477	0.999611	1.00039	1.00152	3.448509
5820	-419.148	-410.679	-8.46888	757107.6	10.91847	0.99854	0.999626	1.00037	1.00146	3.057528
5830	-413.228	-408.818	-4.40992	875527.3	9.960522	0.998642	0.999653	1.00035	1.00136	2.659086
5840	-413.248	-410.63	-2.61781	875527.3	13.3939	0.998642	0.999653	1.00035	1.00136	2.522096
5850	-423.263	-417.231	-6.03161	403465	9.640918	0.998	0.999488	1.00051	1.002	2.810444
5860	-419.665	-412.289	-7.37518	313079.4	10.01815	0.997729	0.999419	1.00058	1.00227	2.957631
5870	-419.6	-406.698	-12.9019	624735.1	8.462033	0.998392	0.999589	1.00041	1.00161	3.533098
5880	-430.022	-414.189	-15.8335	529032.8	7.732786	0.998253	0.999553	1.00045	1.00175	3.879679
5890	-426.275	-419.796	-6.47867	556035.9	11.81044	0.998296	0.999564	1.00043	1.00171	2.862412
5900	-417.469	-408.08	-9.38899	754452.8	9.430987	0.998537	0.999626	1.00037	1.00146	3.156415
5910	-422.843	-412.381	-10.4613	648587.5	7.783944	0.998422	0.999596	1.0004	1.00158	3.190651
5920	-423.278	-410.152	-13.1259	194479.3	10.10075	0.997119	0.999262	1.00073	1.00288	3.527969
5930	-430.539	-418.456	-12.083	147130.7	7.54363	0.996688	0.999152	1.00084	1.00332	3.376469
5940	-422.714	-413.407	-9.30702	768389.1	8.552238	0.99855	0.999629	1.00037	1.00145	3.1143
5950	-438.857	-423.409	-15.4476	289506.8	8.043927	0.997639	0.999396	1.0006	1.00236	3.83574
5960	-425.672	-417.051	-8.62074	532027.4	7.628499	0.998258	0.999554	1.00044	1.00174	2.931212
5970	-416.387	-407.667	-8.71954	37631.39	9.625364	0.993455	0.998319	1.00167	1.00656	3.089027
5980	-420.393	-411.05	-9.34348	237991.6	11.56396	0.997396	0.999333	1.00066	1.00261	3.115235
5990	-416.03	-407.763	-8.2667	876819.4	11.42241	0.998643	0.999653	1.00035	1.00136	3.026468
6000	-422.511	-411.843	-10.668	825956.7	9.053511	0.998602	0.999642	1.00036	1.0014	3.288733
6010	-429.327	-416.504	-12.8228	781639.6	10.72184	0.998563	0.999632	1.00037	1.00144	3.467413
6020	-419.807	-411.798	-8.00862	760609.6	10.26459	0.998543	0.999627	1.00037	1.00146	3.021659
6030	-427.086	-415.841	-11.2447	428108	9.065473	0.998058	0.999503	1.0005	1.00194	3.352557
6040	-421.232	-411.02	-10.2126	150630.1	9.561217	0.996727	0.999162	1.00083	1.00328	3.244172
6050	-434.427	-418.357	-16.0692	971653.2	8.971303	0.998711	0.99967	1.00033	1.00129	3.889211
6060	-421.622	-411.893	-9.72969	331516.1	7.263946	0.997793	0.999435	1.00056	1.00221	3.01856
6070	-432.181	-412.838	-19.3431	439671.6	6.583927	0.998084	0.99951	1.00049	1.00192	4.318465
6080	-431.365	-409.042	-22.323	240577.7	6.520904	0.99741	0.999337	1.00066	1.00259	4.770431
6090	-421.147	-411.661	-9.48676	650282.4	9.342707	0.998424	0.999597	1.0004	1.00158	3.165376
6100	-426.482	-418.622	-7.85956	89948.89	10.88243	0.995765	0.998914	1.00108	1.00424	3.002298
6110	-424.303	-411.773	-12.5302	574494.4	10.0269	0.998323	0.999571	1.00043	1.00168	3.471869
6120	-425.977	-414.091	-11.886	814804.1	7.318048	0.998592	0.99964	1.00036	1.00141	3.322879
6130	-419.666	-410.791	-8.87482	478105	10.27853	0.998162	0.99953	1.00047	1.00184	3.10592
6140	-412.816	-406.169	-6.64779	363350.9	17.29346	0.997892	0.999461	1.00054	1.00211	2.628926
6150	-419.283	-412.397	-6.88613	10244.32	11.98195	0.987469	0.996764	1.00318	1.01259	2.892291
6160	-417.642	-407.478	-10.1634	113049.9	8.352454	0.996222	0.999032	1.00096	1.00378	3.202715
6170	-418.069	-410.429	-7.64004	962580.2	9.77347	0.998705	0.999669	1.00033	1.0013	2.980292
6180	-414.05	-413.506	-0.54362	246753.3	10.67362	0.997442	0.999345	1.00065	1.00256	2.319623
6190	-417.268	-411.039	-6.22961	374637	10.49026	0.997924	0.999469	1.00053	1.00208	2.851179
6200	-417.061	-415.513	-1.54826	713830.4	13.44483	0.998496	0.999615	1.00038	1.0015	2.441549
6210	-420.969	-415.5	-5.46823	844203.7	11.59065	0.998617	0.999646	1.00035	1.00138	2.779823
6220	-422.745	-412.837	-9.90741	197348	16.96975	0.99714	0.999268	1.00073	1.00286	2.838228
6230	-435.193	-426.548	-8.64547	591726.1	10.24501	0.998348	0.999577	1.00042	1.00165	3.083829
6240	-418.865	-413.396	-5.46843	592845.6	16.53214	0.99835	0.999578	1.00042	1.00165	2.597994
6250	-433.376	-422.69	-10.6861	100470.4	9.130023	0.995993	0.998973	1.00102	1.00401	3.291901
6260	-431.83	-423.642	-8.18732	106296	10.61943	0.996104	0.999002	1.00099	1.0039	3.036447
6270	-439.052	-425.25	-13.8018	50701.2	9.601706	0.994361	0.998553	1.00144	1.00565	3.617987
6280	-433.242	-421.251	-11.9916	618045	13.0072	0.998384	0.999587	1.00041	1.00162	3.24936
6290	-424.405	-414.286	-10.1197	524529.9	9.070662	0.998245	0.999551	1.00045	1.00176	3.228584
6300	-412.02	-413.463	1.44305	728676.4	15.09844	0.998511	0.999619	1.00038	1.00149	2.20765
6310	-415.988	-409.769	-6.21932	627894.6	14.07296	0.998396	0.99959	1.00041	1.0016	2.762634
6320	-413.97	-409.863	-4.10781	307681.5	14.37443	0.997709	0.999414	1.00058	1.00229	2.602267
6330	-424.791	-413.134	-11.6572	789602.3	9.687806	0.99857	0.999634	1.00037	1.00143	3.393091
6340	-433.776	-419.343	-14.433	440187.7	8.52993	0.998085	0.99951	1.00049	1.00192	3.713802
6350	-433.572	-422.928	-10.6441	152280.2	9.426638	0.996745	0.999166	1.00083	1.00326	3.289493
6360	-431.197	-416.302	-14.8949	338103.9	6.96187	0.997815	0.999441	1.00056	1.00219	3.698801
6370	-432.282	-423.387	-8.89468	184886.8	12.63638	0.997045	0.999243	1.00075	1.00296	3.029969
6380	-426.562	-414.296	-12.2653	178958.9	8.955001	0.996997	0.999231	1.00077	1.00301	3.465171
6390	-426.467	-414.878	-11.5895	480232.3	8.478166	0.998166	0.999531	1.00047	1.00183	3.378612
6400	-426.436	-414.166	-12.2703	540418.7	7.567839	0.998271	0.999558	1.00044	1.00173	3.403742
6410	-424.704	-420.442	-4.26226	377100	12.77588	0.997931	0.999471	1.00053	1.00207	2.660468
6420	-428.123	-414.013	-14.1093	450776.7	11.18912	0.998107	0.999516	1.00048	1.00189	3.555049
6430	-422.787	-415.413	-7.37384	726131.8	8.145301	0.998509	0.999619	1.00038	1.00149	2.845031
6440	-433.257	-421.872	-11.3848	15043.79	15.24546	0.989656	0.997334	1.00263	1.01038	3.04683
6450	-423.274	-419.985	-3.28928	911194.4	13.00479	0.998669	0.99966	1.00034	1.00133	2.580365
6460	-416.233	-410.776	-5.45691	154332.3	9.436852	0.996766	0.999172	1.00082	1.00324	2.73983
6470	-420.934	-416.393	-4.54068	532679.1	9.793784	0.998259	0.999555	1.00044	1.00174	2.664231
6480	-423.832	-414.378	-9.45354	831107.9	9.164106	0.998606	0.999644	1.00036	1.00139	3.157834
6490	-418.263	-410.472	-7.79152	623362	9.305878	0.998391	0.999588	1.00041	1.00161	2.98252
6500	-416.714	-411.352	-5.36231	359006.3	12.78054	0.997879	0.999457	1.00054	1.00212	2.746439
6510	-421.107	-415.385	-5.72251	458124.4	10.15991	0.998123	0.99952	1.00048	1.00188	2.796546
6520	-430.733	-418.5	-12.2327	547802.3	6.691897	0.998283	0.999561	1.00044	1.00172	3.26323
6530	-410.55	-403.15	-7.40031	711691.5	12.1947	0.998494	0.999615	1.00038	1.00151	2.928133
6540	-418.598	-411.404	-7.19385	18443.87	11.14245	0.990656	0.997594	1.00238	1.00937	2.937756
6550	-414.142	-408.172	-5.97009	634555.9	10.31789	0.998405	0.999592	1.00041	1.0016	2.82401
6560	-410.905	-405.574	-5.33109	672015.9	14.34417	0.99845	0.999604	1.0004	1.00155	2.688611
6570	-410.41	-408.82	-1.59001	847380.5	12.485	0.99862	0.999647	1.00035	1.00138	2.452201
6580	-415.953	-411.529	-4.42497	474045.4	12.44975	0.998154	0.999528	1.00047	1.00185	2.679928
6590	-412.917	-409.762	-3.15526	92687.09	14.08231	0.995828	0.998931	1.00106	1.00418	2.544642
6600	-420.02	-416.808	-3.21184	967120.1	12.04662	0.998708	0.99967	1.00033	1.00129	2.58543
6610	-421.663	-412.839	-8.8239	205515.7	9.447822	0.997198	0.999282	1.00071	1.00281	3.096853
6620	-427.59	-418.036	-9.55437	959435.2	12.28134	0.998703	0.999668	1.00033	1.0013	3.100482
6630	-417.577	-405.782	-11.7948	857132.7	14.64413	0.998627	0.999649	1.00035	1.00137	3.117469
6640	-426.783	-412.178	-14.6046	530649.7	7.631649	0.998256	0.999554	1.00045	1.00175	3.715785
6650	-424.854	-409.473	-15.3814	171243.2	8.014087	0.99693	0.999214	1.00078	1.00307	3.827196
6660	-420.863	-416.119	-4.74336	246960.4	9.580858	0.997443	0.999346	1.00065	1.00256	2.673331
6670	-417.276	-413.715	-3.56104	208377.7	14.75065	0.997217	0.999287	1.00071	1.00279	2.551526
6680	-414.343	-412.26	-2.08333	832976.5	12.70375	0.998608	0.999644	1.00036	1.00139	2.490484
6690	-428.784	-418.713	-10.0706	533377.8	11.87646	0.99826	0.999555	1.00044	1.00174	3.16332
6700	-436.164	-419.368	-16.7959	499518.9	11.02322	0.998202	0.99954	1.00046	1.0018	3.810565
6710	-422.935	-413.077	-9.85845	710221.4	10.13288	0.998492	0.999614	1.00038	1.00151	3.204034
6720	-413.787	-407.109	-6.6781	172781.9	10.01447	0.996944	0.999217	1.00078	1.00306	2.887974
6730	-424.109	-410.377	-13.7322	310552	9.033372	0.99772	0.999416	1.00058	1.00228	3.627588
6740	-422.737	-415.336	-7.40098	789495	11.57555	0.99857	0.999634	1.00037	1.00143	2.946962
6750	-417.708	-411.517	-6.19076	789437.7	13.94596	0.99857	0.999634	1.00037	1.00143	2.766115
6760	-422.447	-410.175	-12.2718	546203.9	11.09472	0.998281	0.99956	1.00044	1.00172	3.396173
6770	-432.766	-419.765	-13.0011	699750.1	8.109357	0.998481	0.999611	1.00039	1.00152	3.534458
6780	-428.368	-418.913	-9.45538	263614.1	8.570838	0.997525	0.999367	1.00063	1.00248	3.132783
6790	-418.127	-413.308	-4.81904	991748.9	10.33211	0.998724	0.999674	1.00033	1.00128	2.712842
6800	-414.745	-411.152	-3.59309	857385.7	11.90489	0.998628	0.999649	1.00035	1.00137	2.61781
6810	-419.955	-416.61	-3.34489	245737.3	9.490529	0.997437	0.999344	1.00065	1.00257	2.520386
6820	-416.08	-414.494	-1.58622	67310.65	11.22068	0.995105	0.998744	1.00125	1.0049	2.436698
6830	-424.031	-420.124	-3.90625	427515.3	12.56539	0.998057	0.999503	1.0005	1.00194	2.636424
6840	-411.446	-407.765	-3.68086	513494.5	11.36439	0.998227	0.999546	1.00045	1.00177	2.624626
6850	-409.097	-405.734	-3.36351	453844.2	9.154492	0.998114	0.999517	1.00048	1.00189	2.492326
6860	-417.546	-413.44	-4.10579	830623	15.70473	0.998606	0.999643	1.00036	1.0014	2.550753
6870	-428.816	-420.936	-7.88003	612217.6	12.30927	0.998376	0.999585	1.00041	1.00163	2.96306
6880	-421.342	-412.846	-8.4958	863651.8	10.24265	0.998633	0.99965	1.00035	1.00137	3.06923
6890	-418.688	-412.69	-5.99837	710074.2	10.98296	0.998492	0.999614	1.00038	1.00151	2.831154
6900	-423.189	-414.307	-8.88193	143967.4	10.14503	0.996652	0.999142	1.00085	1.00335	3.107599
6910	-415.439	-406.512	-8.92704	529541.3	12.20423	0.998254	0.999553	1.00045	1.00175	3.052902
6920	-429.852	-414.618	-15.234	938139.6	6.911815	0.998688	0.999665	1.00033	1.00131	3.741657
6930	-411.37	-402.997	-8.37356	429289.7	11.35067	0.998061	0.999504	1.00049	1.00194	3.037957
6940	-416.19	-408.632	-7.55747	246325.6	10.86444	0.99744	0.999345	1.00065	1.00256	2.97477
6950	-418.059	-413.199	-4.86009	613431.5	13.56731	0.998378	0.999585	1.00041	1.00162	2.683863
6960	-424.859	-411.798	-13.0613	725529.7	8.361888	0.998508	0.999618	1.00038	1.00149	3.549891
6970	-417.687	-411.402	-6.28502	573417.5	11.28134	0.998322	0.999571	1.00043	1.00168	2.854802
6980	-412.178	-407.657	-4.52032	648883.5	13.81299	0.998422	0.999597	1.0004	1.00158	2.650847
6990	-416.688	-408.551	-8.13712	839086.6	10.44268	0.998613	0.999645	1.00035	1.00139	3.03338
7000	-413.424	-407.589	-5.83462	196819.1	9.553351	0.997136	0.999267	1.00073	1.00287	2.7859
7010	-418.452	-411.301	-7.1513	372381.1	9.881357	0.997918	0.999467	1.00053	1.00208	2.932772
7020	-418.798	-410.105	-8.69243	828228.1	10.05112	0.998604	0.999643	1.00036	1.0014	3.089116
7030	-414.26	-406.425	-7.83543	892276.5	8.385768	0.998655	0.999656	1.00034	1.00135	2.927252
7040	-418.226	-414.788	-3.43816	832889.5	10.29474	0.998608	0.999644	1.00036	1.00139	2.577666
7050	-418.16	-409.927	-8.23359	67492.9	8.606195	0.995111	0.998746	1.00125	1.0049	2.99291
7060	-430.458	-418.885	-11.5733	115510	10.56331	0.996262	0.999042	1.00095	1.00374	3.357627
7070	-423.46	-412.898	-10.5618	400691.4	10.43167	0.997993	0.999486	1.00051	1.00201	3.265894
7080	-428.218	-419.084	-9.13335	704742.6	7.756056	0.998486	0.999613	1.00039	1.00151	3.016362
7090	-418.048	-412.078	-5.97045	149574.8	16.48029	0.996715	0.999159	1.00084	1.00329	2.630969
7100	-411.15	-412.007	0.856867	715887.4	14.5557	0.998498	0.999616	1.00038	1.0015	2.254698
7110	-408.016	-412.844	4.8287	171341.8	13.2154	0.996931	0.999214	1.00078	1.00307	1.961889
7120	-416.758	-410.216	-6.54239	208885.4	8.634751	0.99722	0.999288	1.00071	1.00278	2.79915
7130	-418.099	-412.64	-5.45839	548358.3	9.009593	0.998284	0.999561	1.00044	1.00172	2.709704
7140	-422.748	-410.901	-11.8472	967300.4	9.608226	0.998708	0.99967	1.00033	1.00129	3.414291
7150	-428.834	-416.937	-11.8976	959023.4	11.06832	0.998702	0.999668	1.00033	1.0013	3.363848
7160	-427.528	-415.044	-12.484	280765.9	12.46178	0.997602	0.999386	1.00061	1.0024	3.326407
7170	-402.345	-406.94	4.59465	181307	15.2656	0.997016	0.999236	1.00076	1.00299	1.998636
7180	-422.51	-411.062	-11.4479	417389.3	9.382282	0.998033	0.999497	1.0005	1.00197	3.37507
7190	-419.223	-412.152	-7.07176	26171.18	10.98952	0.992154	0.997982	1.002	1.00787	2.928812
7200	-422.418	-415.586	-6.83252	109058.6	8.874624	0.996154	0.999014	1.00098	1.00385	2.852668
7210	-409.791	-406.115	-3.67583	107537.1	14.77525	0.996126	0.999007	1.00099	1.00388	2.558436
7220	-414.472	-409.825	-4.64696	15739.9	13.00613	0.989887	0.997394	1.00257	1.01015	2.684728
7230	-429.331	-417.567	-11.7637	661567.4	13.03543	0.998438	0.9996	1.0004	1.00156	3.229892
7240	-424.971	-413.633	-11.3382	558909.8	7.178563	0.9983	0.999565	1.00043	1.0017	3.226552
7250	-414.52	-404.895	-9.62481	799926	9.571592	0.998579	0.999637	1.00036	1.00142	3.18277
7260	-421.064	-417.902	-3.16102	133514.2	9.539504	0.996523	0.999109	1.00089	1.00348	2.50495
7270	-424.922	-415.904	-9.01834	266825.1	9.219789	0.99754	0.99937	1.00063	1.00246	3.112034
7280	-427.658	-414.55	-13.1084	990127.7	7.247019	0.998723	0.999673	1.00033	1.00128	3.481676
7290	-410.343	-412.051	1.70874	800476.3	13.03605	0.99858	0.999637	1.00036	1.00142	2.196375
7300	-412.446	-408.496	-3.95071	20645.22	10.24808	0.991167	0.997727	1.00225	1.00886	2.625699
7310	-415.499	-411.209	-4.28981	530698.3	13.96827	0.998256	0.999554	1.00045	1.00175	2.629063
7320	-423.759	-415.074	-8.68485	687788.4	12.26553	0.998468	0.999608	1.00039	1.00153	3.030379
7330	-426.627	-417.822	-8.80453	26090.9	12.381	0.992142	0.997979	1.002	1.00788	3.034893
7340	-437.206	-424.91	-12.2961	793642.9	7.902059	0.998574	0.999635	1.00036	1.00143	3.435055
7350	-430.847	-422.074	-8.77268	690853.9	9.254519	0.998471	0.999609	1.00039	1.00153	3.086467
7360	-425.839	-413.611	-12.2275	372358.6	9.897749	0.997918	0.999467	1.00053	1.00208	3.44597
7370	-436.151	-425.259	-10.8919	891627.1	11.8443	0.998654	0.999656	1.00034	1.00135	3.234233
7380	-430.235	-416.467	-13.7678	315396.7	11.58985	0.997738	0.999421	1.00058	1.00226	3.495943
7390	-415.751	-412.674	-3.07685	487705.6	12.15384	0.99818	0.999535	1.00046	1.00182	2.573809
7400	-421.683	-414.974	-6.70895	409547.4	10.14468	0.998014	0.999492	1.00051	1.00199	2.893402
7410	-419.005	-414.93	-4.07471	112564	11.07731	0.996214	0.99903	1.00097	1.00379	2.657162
7420	-422.637	-411.44	-11.1971	511874.8	12.43439	0.998224	0.999546	1.00045	1.00178	3.224836
7430	-421.417	-415.493	-5.92391	416544.3	11.59743	0.998031	0.999496	1.0005	1.00197	2.819036
7440	-420.774	-413.785	-6.98962	219023	14.87125	0.997285	0.999305	1.00069	1.00272	2.777833
7450	-418.418	-413.654	-4.76454	795954.7	10.21949	0.998576	0.999636	1.00036	1.00143	2.704218
7460	-431.991	-420.092	-11.8986	611117.3	9.997208	0.998374	0.999584	1.00041	1.00163	3.409802
7470	-410.409	-404.838	-5.57124	816817.7	10.7156	0.998594	0.99964	1.00036	1.00141	2.791028
7480	-430.817	-418.5	-12.3167	605697.3	10.60567	0.998367	0.999582	1.00042	1.00163	3.425971
7490	-428.701	-413.255	-15.4457	916905.8	6.558714	0.998673	0.999661	1.00034	1.00133	3.722302
7500	-420.961	-414.319	-6.64252	243457	11.70613	0.997425	0.999341	1.00066	1.00258	2.878689
7510	-427.146	-416.618	-10.5281	244920.9	9.690056	0.997433	0.999343	1.00065	1.00257	3.276519
7520	-424.844	-412.186	-12.6575	623718.8	8.885645	0.998391	0.999588	1.00041	1.00161	3.509042
7530	-422.438	-414.026	-8.41208	24122.73	13.64301	0.991828	0.997898	1.00208	1.0082	2.941673
7540	-419.953	-409.11	-10.8429	714596.3	9.123175	0.998497	0.999616	1.00038	1.0015	3.308996
7550	-425.039	-416.651	-8.38816	707030.4	11.27105	0.998489	0.999613	1.00039	1.00151	3.041516
7560	-419.146	-412.345	-6.80019	422916.3	10.777	0.998046	0.9995	1.0005	1.00196	2.905517
7570	-415.606	-406.464	-9.14165	196507.4	9.088367	0.997134	0.999266	1.00073	1.00287	3.121365
7580	-427.231	-421.612	-5.61859	974231.2	9.405971	0.998712	0.999671	1.00033	1.00129	2.755172
7590	-423.545	-412.733	-10.8119	429476.1	8.804353	0.998061	0.999504	1.00049	1.00194	3.29921
7600	-429.276	-422.564	-6.71192	607779.1	12.09154	0.99837	0.999583	1.00042	1.00163	2.874705
7610	-427.114	-415.96	-11.1535	548066.4	8.562715	0.998284	0.999561	1.00044	1.00172	3.330602
7620	-412.588	-407.584	-5.00328	930058.5	8.654421	0.998682	0.999663	1.00034	1.00132	2.623169
7630	-418.19	-421.335	3.14491	619505.3	13.13024	0.998386	0.999587	1.00041	1.00162	2.0879
7640	-426.069	-421.069	-4.99923	876194.6	13.34892	0.998642	0.999653	1.00035	1.00136	2.70135
7650	-413.638	-414.735	1.09724	251283.1	13.43937	0.997465	0.999351	1.00065	1.00254	2.244778
7660	-418.156	-415.365	-2.79073	394913	10.67185	0.997978	0.999483	1.00052	1.00202	2.530093
7670	-411.477	-410.094	-1.3832	465825.2	10.03701	0.998138	0.999524	1.00048	1.00186	2.360893
7680	-414.891	-409.24	-5.65115	535437.8	11.44599	0.998263	0.999556	1.00044	1.00174	2.797254
7690	-419.216	-408.972	-10.2445	825105.7	8.535156	0.998601	0.999642	1.00036	1.0014	3.223037
7700	-419.929	-408.216	-11.7135	986624.2	12.9112	0.998721	0.999673	1.00033	1.00128	3.23453
7710	-424.779	-412.909	-11.8694	711804.6	9.921352	0.998494	0.999615	1.00038	1.00151	3.409126
7720	-421.817	-410.437	-11.3802	483027.4	10.19833	0.998172	0.999532	1.00047	1.00183	3.352233
7730	-432.767	-415.973	-16.7943	492353.5	8.795515	0.998189	0.999537	1.00046	1.00181	3.979123
7740	-424.146	-411.905	-12.2406	564468.1	13.82206	0.998309	0.999567	1.00043	1.00169	3.209092
7750	-423.295	-413.475	-9.8195	86885.98	16.03768	0.995691	0.998895	1.0011	1.00432	2.893081
7760	-409.694	-405.361	-4.33266	710943.9	10.77148	0.998493	0.999615	1.00038	1.00151	2.676458
7770	-413.253	-405.596	-7.65663	984824.5	8.71548	0.998719	0.999673	1.00033	1.00128	2.934451
7780	-419.649	-411.694	-7.95563	141722.4	10.75623	0.996626	0.999136	1.00086	1.00338	3.013016
7790	-414.95	-411.845	-3.10512	797397.3	10.22241	0.998577	0.999636	1.00036	1.00142	2.541978
7800	-416.714	-412.203	-4.51079	947531.5	12.98853	0.998694	0.999666	1.00033	1.00131	2.674712
7810	-425.427	-415.031	-10.3964	846318.5	12.40466	0.998619	0.999647	1.00035	1.00138	3.162133
7820	-429.621	-416.907	-12.7138	231413.3	11.21802	0.997359	0.999324	1.00067	1.00264	3.428566
7830	-422.308	-415.557	-6.75097	707365.6	10.38146	0.998489	0.999614	1.00039	1.00151	2.900236
7840	-418.744	-408.981	-9.76389	45076.92	8.436731	0.994019	0.998464	1.00152	1.00599	3.16064
7850	-429.894	-416.062	-13.8325	831452.1	11.42558	0.998606	0.999644	1.00036	1.00139	3.51351
7860	-431.836	-414.673	-17.1639	266087.4	8.965565	0.997537	0.99937	1.00063	1.00247	4.011568
7870	-428.85	-414.231	-14.6191	555233.3	6.406207	0.998295	0.999564	1.00044	1.00171	3.565441
7880	-430.176	-414.454	-15.722	812153.2	8.683226	0.99859	0.999639	1.00036	1.00141	3.860848
7890	-422.998	-415.403	-7.59552	531715.8	9.396757	0.998257	0.999554	1.00044	1.00174	2.965011
7900	-421.644	-418.111	-3.53226	521290.1	15.3948	0.99824	0.99955	1.00045	1.00176	2.52615
7910	-420.191	-411.238	-8.95274	192943.7	9.467159	0.997108	0.999259	1.00074	1.0029	3.110854
7920	-420.243	-412.802	-7.44105	377194.9	11.30046	0.997931	0.999471	1.00053	1.00207	2.956878
7930	-413.918	-406.555	-7.36352	197455.5	13.29546	0.997141	0.999268	1.00073	1.00286	2.880883
7940	-422.121	-420.219	-1.90214	750348.8	13.28328	0.998533	0.999625	1.00037	1.00147	2.470284
7950	-424.538	-414.137	-10.4003	32789.36	10.17676	0.992989	0.998198	1.00178	1.00703	3.256616
7960	-421.824	-410.884	-10.9405	487413	10.20559	0.99818	0.999534	1.00046	1.00182	3.308926
7970	-419.072	-413.031	-6.04135	68049.61	12.13773	0.995132	0.998751	1.00124	1.00488	2.818123
7980	-426.928	-414.788	-12.1399	755248.8	7.932212	0.998538	0.999626	1.00037	1.00146	3.417398
7990	-428.794	-416.641	-12.1532	671247.6	7.214497	0.998449	0.999603	1.0004	1.00155	3.345296
8000	-433.892	-419.882	-14.0095	846299.3	7.115701	0.998619	0.999647	1.00035	1.00138	3.591456
8010	-427.516	-418.557	-8.95872	75574.01	9.353652	0.99538	0.998815	1.00118	1.00463	3.109116
8020	-422.056	-413.679	-8.37718	412825.6	10.87476	0.998022	0.999494	1.0005	1.00198	3.050016
8030	-414.042	-405.421	-8.62118	612201.8	9.893888	0.998376	0.999585	1.00041	1.00163	3.081595
8040	-414.844	-409.883	-4.96059	24754.02	10.11722	0.991933	0.997925	1.00205	1.00809	2.720147
8050	-412.265	-405.696	-6.56881	489627.1	10.05239	0.998184	0.999535	1.00046	1.00182	2.87786
8060	-413.072	-407.564	-5.50791	918641.6	13.83895	0.998674	0.999661	1.00034	1.00133	2.72134
8070	-417.163	-409.137	-8.02622	647412.8	13.7664	0.998421	0.999596	1.0004	1.00158	2.907067
8080	-418.262	-409.369	-8.8924	602818.6	9.663898	0.998363	0.999581	1.00042	1.00164	3.107443
8090	-438.859	-425.619	-13.2398	574215.9	8.346691	0.998323	0.999571	1.00043	1.00168	3.570912
8100	-432.619	-418.796	-13.8236	506072.9	6.744935	0.998214	0.999543	1.00046	1.00179	3.510489
8110	-425.468	-413.668	-11.7998	616329.4	9.414434	0.998381	0.999586	1.00041	1.00162	3.41223
8120	-413.546	-404.316	-9.23044	297776.9	7.611349	0.997672	0.999404	1.00059	1.00233	3.008613
8130	-423.578	-408.36	-15.2173	207062.8	8.267411	0.997208	0.999285	1.00071	1.00279	3.808168
8140	-428.323	-412.261	-16.0613	318676.8	6.902695	0.997749	0.999424	1.00057	1.00225	3.860403
8150	-429.861	-419.838	-10.0237	834113.6	9.566839	0.998609	0.999644	1.00036	1.00139	3.224428
8160	-416.711	-411.366	-5.34555	530949.2	14.2387	0.998256	0.999554	1.00045	1.00174	2.693919
8170	-418.104	-412.117	-5.98759	316014.9	8.306389	0.99774	0.999422	1.00058	1.00226	2.696891
8180	-413.239	-409.26	-3.97915	228474.7	11.18842	0.997342	0.99932	1.00068	1.00266	2.649684
8190	-415.713	-412.866	-2.84636	919941.7	11.5857	0.998675	0.999661	1.00034	1.00133	2.553577
8200	-411.477	-406.684	-4.79344	474320.8	12.83282	0.998155	0.999528	1.00047	1.00185	2.700604
8210	-412.186	-407.352	-4.83422	657292.4	10.82116	0.998433	0.999599	1.0004	1.00157	2.723636
8220	-428.498	-414.28	-14.2173	424813.2	6.260577	0.99805	0.999501	1.0005	1.00195	3.467639
8230	-424.556	-411.943	-12.6125	539013.7	8.376992	0.998269	0.999557	1.00044	1.00173	3.49666
8240	-434.196	-419.261	-14.9345	42325.82	7.747333	0.993828	0.998415	1.00157	1.00619	3.763979
8250	-427.808	-411.841	-15.9666	928392.2	6.67572	0.998681	0.999663	1.00034	1.00132	3.818992
8260	-439.599	-418.187	-21.4127	978040.1	10.48767	0.998715	0.999671	1.00033	1.00129	4.298862
8270	-435.722	-417.358	-18.3636	600018.9	8.518907	0.99836	0.99958	1.00042	1.00164	4.175255
8280	-427.438	-415.731	-11.7073	931262.7	13.49713	0.998683	0.999663	1.00034	1.00132	3.193489
8290	-422.98	-412.151	-10.8297	610161.2	8.904751	0.998373	0.999584	1.00042	1.00163	3.303778
8300	-417.936	-407.439	-10.4962	800603.6	6.714434	0.99858	0.999637	1.00036	1.00142	3.009515
8310	-415.516	-408.936	-6.57962	325329.2	8.875133	0.997772	0.99943	1.00057	1.00223	2.824211
8320	-424.508	-413.603	-10.9052	650722.3	8.943842	0.998425	0.999597	1.0004	1.00158	3.313068
8330	-420.205	-416.165	-4.04035	393615.4	14.0344	0.997975	0.999482	1.00052	1.00203	2.609063
8340	-419.077	-413.876	-5.20081	212992.2	11.93552	0.997247	0.999295	1.0007	1.00276	2.752383
8350	-415.791	-409.472	-6.31932	886282.7	10.09362	0.99865	0.999655	1.00034	1.00135	2.853952
8360	-419.439	-411.873	-7.56661	249293.8	11.09915	0.997455	0.999349	1.00065	1.00255	2.972005
8370	-415.936	-413.095	-2.8416	228685.6	13.62789	0.997343	0.99932	1.00068	1.00266	2.533718
8380	-425.467	-412.778	-12.6884	761596.9	8.018117	0.998544	0.999628	1.00037	1.00146	3.491375
8390	-433.247	-416.407	-16.8403	799117.6	6.251606	0.998578	0.999636	1.00036	1.00142	3.884914
8400	-418.151	-408.458	-9.69369	910179.4	13.3523	0.998668	0.999659	1.00034	1.00133	3.052826
8410	-424.835	-413.276	-11.559	558875	13.11903	0.9983	0.999565	1.00043	1.0017	3.208514
8420	-412.375	-406.914	-5.46089	513070.1	9.531087	0.998226	0.999546	1.00045	1.00178	2.745585
8430	-412.837	-409.065	-3.77197	761803.2	12.45708	0.998544	0.999628	1.00037	1.00146	2.627373
8440	-417.456	-412.113	-5.34352	211346.4	9.392969	0.997236	0.999292	1.0007	1.00277	2.725118
8450	-425.845	-414.45	-11.395	709930.9	10.29586	0.998492	0.999614	1.00038	1.00151	3.350533
8460	-417.836	-408.135	-9.70106	197938.5	7.763927	0.997144	0.999269	1.00073	1.00286	3.090534
8470	-427.367	-414.655	-12.7129	37183.98	7.870143	0.993416	0.998309	1.00168	1.0066	3.485791
8480	-420.981	-410.649	-10.332	784914.4	10.21226	0.998566	0.999633	1.00037	1.00144	3.249158
8490	-423.342	-408.965	-14.3775	614548.9	6.799487	0.998379	0.999585	1.00041	1.00162	3.60128
8500	-430.075	-418.923	-11.1529	990293.5	9.385024	0.998723	0.999673	1.00033	1.00128	3.343621
8510	-430.797	-414.763	-16.0334	465866.2	8.899505	0.998138	0.999524	1.00048	1.00186	3.888375
8520	-420.151	-410.702	-9.44828	969481	12.14899	0.998709	0.99967	1.00033	1.00129	3.098273
8530	-420.477	-416.16	-4.31691	665312	15.97635	0.998442	0.999602	1.0004	1.00156	2.55262
8540	-405.638	-405.459	-0.179358	152022.7	10.78885	0.996742	0.999165	1.00083	1.00326	2.291794
8550	-408.334	-403.268	-5.0651	214236.3	10.55929	0.997255	0.999297	1.0007	1.00275	2.741447
8560	-412.961	-405.479	-7.48195	373779.3	10.25064	0.997922	0.999468	1.00053	1.00208	2.970287
8570	-416.297	-415.171	-1.12598	373451.4	14.62389	0.997921	0.999468	1.00053	1.00208	2.389389
8580	-422.236	-413.555	-8.68161	197793.4	7.601526	0.997143	0.999269	1.00073	1.00286	2.934952
8590	-431.176	-416.411	-14.7647	40521.02	7.876539	0.993693	0.99838	1.00161	1.00632	3.746699
8600	-431.881	-419.638	-12.2425	511675.4	8.342726	0.998224	0.999546	1.00045	1.00178	3.451288
8610	-420.393	-407.791	-12.6023	886592.6	9.855572	0.99865	0.999655	1.00034	1.00135	3.485304
8620	-417.831	-407.431	-10.3995	846201.8	11.58624	0.998619	0.999647	1.00035	1.00138	3.205485
8630	-419.673	-412.308	-7.36544	268171.6	8.665314	0.997546	0.999372	1.00063	1.00246	2.89701
8640	-426.499	-421.755	-4.74339	807082	12.53349	0.998585	0.999638	1.00036	1.00142	2.703742
8650	-418.393	-409.405	-8.98814	22403.93	10.50931	0.991521	0.997818	1.00216	1.0085	3.113829
8660	-414.086	-405.623	-8.46214	203875.7	12.72556	0.997186	0.99928	1.00072	1.00282	2.991581
8670	-420.15	-412.039	-8.1112	19294.03	8.946523	0.990864	0.997648	1.00232	1.00917	3.000823
8680	-432.863	-418.894	-13.9692	393626.4	8.287695	0.997975	0.999482	1.00052	1.00203	3.657517
8690	-418.413	-407.489	-10.9234	472329.4	9.643883	0.998151	0.999527	1.00047	1.00185	3.317817
8700	-423.229	-415.265	-7.96355	380250.6	12.51883	0.997939	0.999473	1.00053	1.00206	2.961283
8710	-423.265	-413.171	-10.0939	126549.7	7.951141	0.996429	0.999085	1.00091	1.00358	3.16136
8720	-429.591	-417.381	-12.2105	23650.07	9.81989	0.991747	0.997877	1.0021	1.00828	3.446611
8730	-429.663	-416.839	-12.8241	612534.7	9.44789	0.998376	0.999585	1.00041	1.00162	3.520249
8740	-412.489	-406.44	-6.04994	858344.4	10.97632	0.998628	0.999649	1.00035	1.00137	2.835868
8750	-426.211	-414.644	-11.5676	906333.5	18.48904	0.998665	0.999659	1.00034	1.00134	2.831405
8760	-423.598	-420.705	-2.89304	189819.2	10.8077	0.997084	0.999253	1.00074	1.00292	2.543865
8770	-417.784	-408.389	-9.3945	295255.6	8.212959	0.997662	0.999402	1.0006	1.00234	3.099217
8780	-424.868	-410.906	-13.9627	663158	8.390074	0.99844	0.999601	1.0004	1.00156	3.657963
8790	-435.399	-421.272	-14.1269	309983.1	7.301382	0.997718	0.999416	1.00058	1.00228	3.627529
8800	-422.614	-413.448	-9.16676	98794.51	10.76257	0.995959	0.998964	1.00103	1.00405	3.125461
8810	-414.991	-411.459	-3.53207	882426.8	16.07443	0.998647	0.999654	1.00035	1.00135	2.499564
8820	-411.743	-410.155	-1.5876	26916.66	15.31953	0.992263	0.998011	1.00197	1.00776	2.402047
8830	-416.966	-409.609	-7.35691	201256.4	10.8813	0.997168	0.999275	1.00072	1.00283	2.956122
8840	-429.863	-416.004	-13.8589	629896.1	7.75121	0.998399	0.99959	1.00041	1.0016	3.625371
8850	-427.765	-418.334	-9.43099	633435.9	7.589738	0.998403	0.999592	1.00041	1.0016	3.031809
8860	-420.781	-414.257	-6.52388	548467.1	10.19908	0.998284	0.999561	1.00044	1.00172	2.876061
8870	-409.674	-406.421	-3.25226	668730.6	15.87345	0.998446	0.999603	1.0004	1.00155	2.489959
8880	-413.813	-406.022	-7.79025	68980.85	8.025786	0.995164	0.99876	1.00123	1.00484	2.881481
8890	-430.414	-416.117	-14.2975	415786.4	9.65131	0.998029	0.999496	1.0005	1.00197	3.667339
8900	-423.212	-412.073	-11.1386	352239.3	12.44757	0.997859	0.999452	1.00055	1.00214	3.219325
8910	-444.988	-426.365	-18.6232	27438.9	6.45464	0.992337	0.99803	1.00195	1.00768	4.196042
8920	-436.695	-421.743	-14.9515	620827.9	8.20884	0.998387	0.999587	1.00041	1.00161	3.775803
8930	-436.029	-418.726	-17.3026	506592.3	9.278065	0.998215	0.999543	1.00046	1.00179	4.006526
8940	-429.736	-414.473	-15.2629	625741.3	9.426556	0.998394	0.999589	1.00041	1.00161	3.779468
8950	-420.38	-407.854	-12.5264	504432.7	11.35305	0.998211	0.999542	1.00046	1.00179	3.403675
8960	-414.944	-407.592	-7.35204	420742.4	11.65943	0.998041	0.999499	1.0005	1.00196	2.94056
8970	-412.467	-405.875	-6.59256	576544.4	8.33891	0.998326	0.999572	1.00043	1.00167	2.773605
8980	-426.853	-416.847	-10.0058	337385.7	11.05024	0.997812	0.99944	1.00056	1.00219	3.193589
8990	-419.193	-414.11	-5.0836	952496.3	12.09984	0.998698	0.999667	1.00033	1.0013	2.739893
9000	-411.775	-412.455	0.680101	376408.2	16.32314	0.997929	0.99947	1.00053	1.00207	2.231423
9010	-426.229	-415.539	-10.6897	116387.6	7.769633	0.996277	0.999046	1.00095	1.00373	3.21848
9020	-430.922	-420.835	-10.0875	83183.56	11.15433	0.995596	0.998871	1.00112	1.00441	3.19699
9030	-425.07	-415.524	-9.54674	142355.8	9.106832	0.996633	0.999138	1.00086	1.00337	3.166467
9040	-433.352	-418.946	-14.4059	395319.7	10.27582	0.997979	0.999483	1.00052	1.00202	3.644204
9050	-425.52	-417.787	-7.73329	587883.7	7.284551	0.998343	0.999576	1.00042	1.00166	2.748229
9060	-415.988	-407.884	-8.10394	72412.1	11.02546	0.99528	0.99879	1.0012	1.00473	3.022003
9070	-422.84	-414.878	-7.96217	619661.3	8.716854	0.998386	0.999587	1.00041	1.00162	2.969606
9080	-427.196	-414.626	-12.5698	719867.7	10.06636	0.998502	0.999617	1.00038	1.0015	3.474288
9090	-434.95	-425.769	-9.18033	201562.2	10.64184	0.99717	0.999275	1.00072	1.00283	3.129481
9100	-438.957	-427.788	-11.1685	327563.8	9.803644	0.99778	0.999432	1.00057	1.00222	3.340798
9110	-438.536	-428.28	-10.2555	720714.4	9.249519	0.998503	0.999617	1.00038	1.0015	3.246624
9120	-420.081	-411.995	-8.08578	900258.8	9.116828	0.998661	0.999658	1.00034	1.00134	3.006499
9130	-410.674	-405.743	-4.93088	658535.6	11.05966	0.998434	0.999599	1.0004	1.00157	2.734378
9140	-428.259	-420.977	-7.28152	396995.3	10.3653	0.997983	0.999484	1.00051	1.00202	2.951294
9150	-420.819	-411.666	-9.15317	769421.6	9.680197	0.998551	0.99963	1.00037	1.00145	3.134558
9160	-418.667	-409.998	-8.66917	888112.3	8.177017	0.998652	0.999655	1.00034	1.00135	3.007314
9170	-424.701	-415.945	-8.75543	310045.3	10.25903	0.997718	0.999416	1.00058	1.00228	3.094459
9180	-426.922	-413.334	-13.5885	838234.1	9.019936	0.998612	0.999645	1.00035	1.00139	3.611918
9190	-415.145	-407.641	-7.50379	312418.1	9.759895	0.997727	0.999418	1.00058	1.00228	2.966056
9200	-415.495	-411.003	-4.49203	822094.1	10.48477	0.998598	0.999642	1.00036	1.0014	2.685405
9210	-412.489	-408.209	-4.2796	132819.4	11.26549	0.996514	0.999107	1.00089	1.00349	2.676967
9220	-425.728	-421.597	-4.13131	522223	11.34002	0.998242	0.99955	1.00045	1.00176	2.664171
9230	-431.536	-417.828	-13.7084	761582.4	8.29628	0.998544	0.999628	1.00037	1.00146	3.626211
9240	-433.258	-414.601	-18.6564	784958.8	11.07016	0.998566	0.999633	1.00037	1.00144	3.974289
9250	-432.888	-417.424	-15.4642	637731.5	6.651308	0.998409	0.999593	1.00041	1.00159	3.740026
9260	-427.908	-415.091	-12.8171	539729.9	9.249928	0.99827	0.999558	1.00044	1.00173	3.523565
9270	-416.461	-407.82	-8.64146	532962.7	9.939596	0.998259	0.999555	1.00044	1.00174	3.083848
9280	-423.015	-413.83	-9.18518	951769.6	8.26111	0.998697	0.999667	1.00033	1.0013	3.078
9290	-418.906	-411.479	-7.42744	228730.7	15.38855	0.997343	0.99932	1.00068	1.00266	2.779509
9300	-418.711	-413.296	-5.41495	519554.8	11.84633	0.998237	0.999549	1.00045	1.00176	2.771793
9310	-426.005	-416.138	-9.86709	549738.1	8.559085	0.998286	0.999562	1.00044	1.00171	3.18017
9320	-413.529	-407.872	-5.65678	175489.3	12.33496	0.996967	0.999223	1.00077	1.00304	2.78181
9330	-420.464	-414.327	-6.13777	832858.2	10.95213	0.998608	0.999644	1.00036	1.00139	2.843945
9340	-419.527	-408.944	-10.583	515254.5	12.03298	0.99823	0.999547	1.00045	1.00177	3.198059
9350	-429.699	-418.927	-10.7715	258632.2	9.056582	0.997502	0.99936	1.00064	1.0025	3.30022
9360	-425.083	-409.973	-15.1104	861567.1	10.77267	0.998631	0.99965	1.00035	1.00137	3.676949
9370	-418.026	-412.192	-5.83422	91862.67	15.48529	0.995809	0.998926	1.00107	1.0042	2.671364
9380	-426.993	-418.957	-8.03612	326984.5	9.481838	0.997778	0.999431	1.00057	1.00222	3.01445
9390	-429.831	-416.439	-13.3916	229822.7	11.67826	0.99735	0.999322	1.00068	1.00265	3.457219
9400	-427.602	-425.451	-2.15107	97217.96	11.43884	0.995926	0.998956	1.00104	1.00408	2.491343
9410	-429.925	-419.371	-10.5538	933023.8	10.24605	0.998684	0.999664	1.00034	1.00132	3.270075
9420	-431.814	-424.59	-7.22458	860203	8.965387	0.99863	0.99965	1.00035	1.00137	2.902948
9430	-425.245	-413.274	-11.9709	541324.1	7.933873	0.998273	0.999558	1.00044	1.00173	3.396214
9440	-423.965	-416.201	-7.76386	510984.2	11.35322	0.998222	0.999545	1.00045	1.00178	2.984181
9450	-413.848	-405.681	-8.16734	468343.8	10.95429	0.998143	0.999525	1.00047	1.00186	3.029215
9460	-418.597	-407.205	-11.3919	887131.7	9.639146	0.998651	0.999655	1.00034	1.00135	3.366469
9470	-412.341	-411.676	-0.665283	889853	14.95607	0.998653	0.999656	1.00034	1.00135	2.350633
9480	-415.369	-413.029	-2.34026	658485.9	16.12968	0.998434	0.999599	1.0004	1.00157	2.423447
9490	-409.664	-405.564	-4.1005	109796.9	10.87341	0.996167	0.999018	1.00098	1.00384	2.656727
9500	-414.101	-407.573	-6.52825	767861.6	12.4746	0.99855	0.999629	1.00037	1.00145	2.84807
9510	-407.468	-405.127	-2.34057	902139.1	12.32536	0.998662	0.999658	1.00034	1.00134	2.512993
9520	-423.17	-417.931	-5.23839	588132.9	11.14916	0.998343	0.999576	1.00042	1.00166	2.76226
9530	-419.224	-408.721	-10.5026	308369.8	7.236862	0.997712	0.999414	1.00058	1.00229	3.120372
9540	-426.275	-418.227	-8.0483	970867.5	10.71879	0.99871	0.99967	1.00033	1.00129	3.022149
9550	-421.156	-410.896	-10.2598	77365.59	9.06244	0.995434	0.998829	1.00116	1.00457	3.243842
9560	-442.384	-423.486	-18.898	450817.7	7.083891	0.998108	0.999516	1.00048	1.00189	4.277693
9570	-433.161	-411.954	-21.2073	572873.1	8.955334	0.998321	0.999571	1.00043	1.00168	4.463681
9580	-423.695	-418.731	-4.9639	956798.4	7.945431	0.998701	0.999668	1.00033	1.0013	2.515133
9590	-428.871	-413.72	-15.1514	712659.7	7.374983	0.998495	0.999615	1.00038	1.00151	3.773135
9600	-419.837	-413.675	-6.16232	267555	14.27231	0.997544	0.999371	1.00063	1.00246	2.749783
9610	-430.588	-418.082	-12.5062	920055.3	12.01588	0.998675	0.999661	1.00034	1.00133	3.359047
9620	-430.633	-422.501	-8.13176	138124.6	10.5435	0.996582	0.999124	1.00087	1.00342	3.032026
9630	-426.723	-416.658	-10.0648	775522.2	7.232171	0.998557	0.999631	1.00037	1.00144	3.059037
9640	-417.842	-412.107	-5.73479	571910.8	14.83806	0.99832	0.99957	1.00043	1.00168	2.694956
9650	-417.997	-415.601	-2.39593	221837.5	13.06421	0.997303	0.999309	1.00069	1.0027	2.510852
9660	-405.238	-412.309	7.07095	513857.7	18.38654	0.998227	0.999547	1.00045	1.00177	1.824621
9670	-407.894	-407.733	-0.160862	94202.63	11.45894	0.995862	0.998939	1.00105	1.00414	2.317997
9680	-423.455	-421.802	-1.65263	413759.5	11.81034	0.998025	0.999495	1.0005	1.00198	2.453786
9690	-419.64	-413.064	-6.57504	607102.1	11.76478	0.998369	0.999583	1.00042	1.00163	2.871623
9700	-433.29	-417.682	-15.608	645726	9.199376	0.998419	0.999596	1.0004	1.00158	3.827749
9710	-423.226	-409.213	-14.0123	520654.8	9.439157	0.998239	0.99955	1.00045	1.00176	3.646341
9720	-424.136	-411.347	-12.789	313280.7	6.89949	0.99773	0.999419	1.00058	1.00227	3.385778
9730	-419.3	-409.484	-9.81644	888136	9.297096	0.998652	0.999655	1.00034	1.00135	3.199976
9740	-417.483	-409.308	-8.17488	237175.6	13.17962	0.997391	0.999332	1.00067	1.00261	2.947613
9750	-427.488	-417.322	-10.1662	2458.591	7.740855	0.974482	0.993337	1.00643	1.02575	3.14774
9760	-440.733	-421.659	-19.0736	645762.3	7.091508	0.998419	0.999596	1.0004	1.00158	4.302648
9770	-427.845	-411.474	-16.3708	546562.1	6.670908	0.998281	0.99956	1.00044	1.00172	3.878909
9780	-434.127	-421.59	-12.5375	489525.8	10.15414	0.998184	0.999535	1.00046	1.00182	3.46756
9790	-431.973	-413.567	-18.4055	169513.8	7.985701	0.996914	0.99921	1.00079	1.00309	4.205537
9800	-426.227	-413.365	-12.8626	871009.6	14.14547	0.998638	0.999652	1.00035	1.00136	3.229077
9810	-414.347	-405.99	-8.35689	227983.7	7.854681	0.997339	0.999319	1.00068	1.00266	2.93021
9820	-414.777	-410.248	-4.52925	754940.6	9.919035	0.998537	0.999626	1.00037	1.00146	2.669188
9830	-418.5	-422.686	4.1864	589588.3	13.51331	0.998345	0.999577	1.00042	1.00166	2.016198
9840	-417.287	-413.822	-3.46569	811087.7	12.14805	0.998589	0.999639	1.00036	1.00141	2.605845
9850	-432.587	-422.932	-9.65516	14065.55	8.218647	0.989303	0.997242	1.00272	1.01074	3.131429
9860	-435.152	-421.784	-13.3684	576924.6	7.598792	0.998327	0.999572	1.00043	1.00167	3.551302
9870	-429.718	-417.145	-12.5731	732025.4	10.26664	0.998515	0.99962	1.00038	1.00149	3.466256
9880	-429.972	-415.856	-14.1166	631791.3	8.031922	0.998401	0.999591	1.00041	1.0016	3.66992
9890	-439.586	-425.07	-14.5157	768381.9	10.21123	0.99855	0.999629	1.00037	1.00145	3.658903
9900	-435.615	-418.274	-17.3407	939764.6	6.813345	0.998689	0.999665	1.00033	1.00131	4.038322
9910	-428.773	-412.513	-16.2598	308372.3	10.44741	0.997712	0.999414	1.00058	1.00229	3.810833
9920	-408.568	-409.812	1.24456	755464.5	12.77431	0.998538	0.999626	1.00037	1.00146	2.229417
9930	-416.269	-413.504	-2.76524	682660	20.41494	0.998462	0.999607	1.00039	1.00154	2.27443
9940	-418.406	-415.491	-2.91441	654250.2	14.38084	0.998429	0.999598	1.0004	1.00157	2.519055
9950	-414.99	-407.609	-7.38037	481386.8	10.89807	0.998169	0.999531	1.00047	1.00183	2.958082
9960	-425.002	-415.989	-9.01217	730545.3	11.56881	0.998513	0.99962	1.00038	1.00149	3.086404
9970	-416.46	-413.149	-3.31098	760955.5	12.90651	0.998543	0.999627	1.00037	1.00146	2.583822
9980	-421.881	-412.446	-9.43486	922076.9	11.15607	0.998677	0.999662	1.00034	1.00132	3.138418
9990	-418.144	-409.449	-8.69488	453997	16.36093	0.998114	0.999518	1.00048	1.00189	2.803481
10000	-420.622	-408.573	-12.049	124691.5	9.235954	0.996403	0.999078	1.00092	1.0036	3.440636
