Iteration	Posterior	Likelihood	Prior	mean_1	mean_2	sd_1	sd_2	
10	-264.2746	-255.0642	-9.21034	6.422123	7.243525	2.409792	3.592184	
20	-235.4069	-226.1965	-9.21034	5.575778	6.474689	1.82407	3.241396	
30	-191.1688	-181.9584	-9.21034	4.476924	5.233245	1.051594	3.075883	
40	-169.635	-160.4246	-9.21034	3.797242	4.608673	1.036619	2.32476	
50	-162.1651	-152.9547	-9.21034	3.779195	4.294793	0.8516153	1.931531	
60	-151.2593	-142.049	-9.21034	3.573608	4.133233	1.057051	1.09694	
70	-133.2018	-123.9914	-9.21034	3.128171	4.565865	0.4105219	0.5587658	
80	-126.805	-117.5947	-9.21034	2.983625	4.939447	0.2629417	0.5144161	
90	-125.6799	-116.4696	-9.21034	2.94458	4.722766	0.3296188	0.66979	
100	-124.7236	-115.5132	-9.21034	2.983126	4.835391	0.3278222	0.5885589	
110	-124.9621	-115.7517	-9.21034	2.983126	4.579467	0.2756523	0.6848749	
120	-124.911	-115.7007	-9.21034	2.983126	4.609035	0.2563073	0.7045454	
130	-127.6194	-118.4091	-9.21034	3.065936	4.861427	0.3857203	0.6003141	
140	-125.0066	-115.7963	-9.21034	2.913574	4.676999	0.2576258	0.6003141	
150	-124.1678	-114.9574	-9.21034	2.989155	4.813667	0.3082795	0.60634	
160	-124.1939	-114.9836	-9.21034	2.966454	4.793378	0.3082795	0.5281891	
170	-125.5126	-116.3023	-9.21034	3.017145	4.872313	0.2729438	0.6600075	
180	-123.8335	-114.6232	-9.21034	2.994898	4.72147	0.2590146	0.5991749	
190	-124.0287	-114.8183	-9.21034	2.994898	4.7383	0.2873543	0.5112084	
200	-125.816	-116.6057	-9.21034	2.991392	4.852043	0.2363315	0.6003021	
210	-127.105	-117.8947	-9.21034	2.952948	4.859472	0.345319	0.4586385	
220	-125.4052	-116.1949	-9.21034	2.973898	4.707648	0.3152666	0.4865253	
230	-124.4021	-115.1917	-9.21034	2.99288	4.756535	0.3152666	0.501279	
240	-124.1519	-114.9416	-9.21034	2.99288	4.768991	0.3152666	0.6106019	
250	-124.436	-115.2257	-9.21034	2.994393	4.729467	0.2691617	0.6853886	
260	-124.931	-115.7207	-9.21034	2.92239	4.683954	0.2617477	0.6854526	
270	-125.751	-116.5407	-9.21034	2.97127	4.597881	0.2225412	0.6592508	
280	-125.7753	-116.565	-9.21034	2.946372	4.751969	0.2225412	0.6592508	
290	-129.8579	-120.6476	-9.21034	2.939173	4.431859	0.278746	0.9313423	
300	-125.3466	-116.1362	-9.21034	3.062122	4.866471	0.2883453	0.5541558	
310	-125.9811	-116.7707	-9.21034	3.047157	4.884084	0.3486247	0.49211	
320	-127.0149	-117.8046	-9.21034	3.0618	4.657954	0.3475902	0.6573007	
330	-125.5198	-116.3095	-9.21034	3.0618	4.829707	0.3151591	0.4727188	
340	-125.7302	-116.5198	-9.21034	2.916734	4.812685	0.2674592	0.6622862	
350	-126.7745	-117.5641	-9.21034	2.89875	4.58282	0.2870422	0.5802179	
360	-127.3762	-118.1659	-9.21034	3.030117	4.657591	0.2669674	0.4666199	
370	-124.1623	-114.952	-9.21034	2.961711	4.698567	0.2945369	0.5448187	
380	-124.2226	-115.0122	-9.21034	2.961711	4.68662	0.2945369	0.5491677	
390	-125.0844	-115.8741	-9.21034	2.97505	4.891196	0.2945369	0.613861	
400	-124.5648	-115.3545	-9.21034	2.97505	4.784556	0.2945369	0.671369	
410	-125.2597	-116.0493	-9.21034	3.022827	4.718776	0.2458538	0.6471134	
420	-123.5463	-114.3359	-9.21034	2.992488	4.759944	0.2935497	0.564943	
430	-126.1266	-116.9163	-9.21034	3.017155	4.813038	0.2516424	0.7059468	
440	-124.8276	-115.6172	-9.21034	2.969604	4.7347	0.2516424	0.7059468	
450	-124.3522	-115.1419	-9.21034	2.978638	4.637302	0.2516424	0.6499117	
460	-125.9102	-116.6999	-9.21034	2.978638	4.654169	0.2517768	0.5020495	
470	-124.5445	-115.3342	-9.21034	2.947771	4.739097	0.2517768	0.6697924	
480	-124.4762	-115.2659	-9.21034	2.947771	4.649421	0.2471008	0.5987908	
490	-124.2949	-115.0845	-9.21034	2.947771	4.677366	0.2471008	0.6096362	
500	-125.1442	-115.9339	-9.21034	2.947771	4.799613	0.2544403	0.5249398	
510	-126.2101	-116.9997	-9.21034	2.947771	4.490541	0.2668152	0.6578213	
520	-124.402	-115.1917	-9.21034	2.973359	4.646188	0.265405	0.5566811	
530	-124.862	-115.6516	-9.21034	3.026797	4.857134	0.265405	0.5719796	
540	-124.7445	-115.5342	-9.21034	3.026797	4.791979	0.265405	0.5033897	
550	-125.9392	-116.7289	-9.21034	2.919477	4.726295	0.333493	0.5489604	
560	-126.3045	-117.0941	-9.21034	2.944222	4.820378	0.2970965	0.7316731	
570	-124.859	-115.6487	-9.21034	2.991359	4.688982	0.294262	0.7062152	
580	-125.4811	-116.2708	-9.21034	3.051576	4.648541	0.2888178	0.5616258	
590	-123.8408	-114.6305	-9.21034	2.965211	4.694817	0.2888178	0.5762467	
600	-123.8715	-114.6612	-9.21034	2.965211	4.744722	0.2888178	0.6265733	
610	-124.7725	-115.5621	-9.21034	2.965211	4.60594	0.2888178	0.5891163	
620	-123.8763	-114.666	-9.21034	2.954447	4.719094	0.2755882	0.6275742	
630	-124.4546	-115.2443	-9.21034	2.937183	4.703298	0.2755882	0.6660206	
640	-127.39	-118.1797	-9.21034	2.937183	4.43729	0.2755882	0.6830469	
650	-126.0273	-116.817	-9.21034	3.047881	4.69063	0.2755882	0.7029715	
660	-124.4049	-115.1946	-9.21034	2.998203	4.716828	0.2755882	0.6831003	
670	-126.1743	-116.964	-9.21034	2.98817	4.596822	0.2302403	0.7346462	
680	-127.6241	-118.4138	-9.21034	2.890289	4.720408	0.2393414	0.7721716	
690	-125.2861	-116.0758	-9.21034	2.925269	4.598479	0.2393414	0.6815455	
700	-125.3707	-116.1604	-9.21034	2.925269	4.70965	0.2393414	0.568006	
710	-126.2264	-117.016	-9.21034	2.968672	4.573877	0.2189005	0.6361135	
720	-126.7064	-117.4961	-9.21034	2.900694	4.677989	0.2189005	0.6532538	
730	-124.6073	-115.397	-9.21034	2.951853	4.611798	0.2507829	0.6712729	
740	-124.5426	-115.3322	-9.21034	3.004256	4.643796	0.2639041	0.5661639	
750	-126.0432	-116.8328	-9.21034	2.981056	4.832125	0.234626	0.5314597	
760	-126.9445	-117.7342	-9.21034	3.006489	4.863642	0.2322237	0.6563097	
770	-125.3908	-116.1804	-9.21034	3.000932	4.886268	0.3396792	0.5599229	
780	-126.7556	-117.5452	-9.21034	3.003639	4.865487	0.2306245	0.5641333	
790	-123.8072	-114.5969	-9.21034	2.981755	4.739863	0.2656134	0.6320625	
800	-125.9888	-116.7784	-9.21034	2.994149	4.811897	0.2656134	0.7435799	
810	-126.5332	-117.3229	-9.21034	2.959269	4.572705	0.3216784	0.7227263	
820	-124.3806	-115.1703	-9.21034	2.975425	4.730943	0.2407133	0.5873009	
830	-128.1167	-118.9064	-9.21034	2.989635	4.918972	0.2780066	0.7817404	
840	-128.1757	-118.9654	-9.21034	3.010672	4.883627	0.3578915	0.7125125	
850	-127.1318	-117.9215	-9.21034	2.994115	4.899711	0.3759325	0.5805186	
860	-125.4156	-116.2053	-9.21034	2.984562	4.788173	0.3331793	0.6602136	
870	-123.6414	-114.4311	-9.21034	2.980425	4.718708	0.2687007	0.612324	
880	-125.2812	-116.0709	-9.21034	3.02181	4.726322	0.2687007	0.4826778	
890	-128.1002	-118.8898	-9.21034	3.0802	4.819599	0.388912	0.6243522	
900	-131.8008	-122.5905	-9.21034	3.066204	4.86513	0.4860122	0.4811021	
910	-126.1061	-116.8958	-9.21034	2.891517	4.737122	0.2591658	0.5897613	
920	-124.2753	-115.065	-9.21034	2.991025	4.796787	0.2579162	0.5323209	
930	-125.4144	-116.2041	-9.21034	2.952761	4.559687	0.2579162	0.5969379	
940	-124.193	-114.9827	-9.21034	2.952761	4.808007	0.2932262	0.58156	
950	-125.096	-115.8857	-9.21034	3.049384	4.686321	0.2766587	0.5496584	
960	-124.7547	-115.5444	-9.21034	3.017653	4.79823	0.2766587	0.4811467	
970	-124.5338	-115.3234	-9.21034	2.94728	4.679435	0.2766587	0.6893338	
980	-126.4016	-117.1912	-9.21034	2.916463	4.742507	0.293684	0.7408528	
990	-128.6585	-119.4482	-9.21034	3.061606	4.489655	0.2882734	0.6586587	
1000	-125.5725	-116.3622	-9.21034	3.076153	4.807264	0.3061548	0.4892629	
1010	-124.5558	-115.3454	-9.21034	2.996074	4.788886	0.3061548	0.4816075	
1020	-125.2685	-116.0582	-9.21034	2.962343	4.597599	0.2297139	0.6578277	
1030	-125.2864	-116.0761	-9.21034	2.985198	4.770995	0.2345765	0.5425186	
1040	-124.7037	-115.4934	-9.21034	2.968722	4.80826	0.2446531	0.5892552	
1050	-125.9802	-116.7699	-9.21034	2.915969	4.585878	0.2386454	0.7384646	
1060	-125.2042	-115.9938	-9.21034	2.927304	4.730365	0.2353607	0.6136676	
1070	-125.5741	-116.3638	-9.21034	2.91737	4.593585	0.2347589	0.6625272	
1080	-124.5497	-115.3394	-9.21034	2.951818	4.702746	0.3112314	0.6280675	
1090	-125.2541	-116.0437	-9.21034	2.99743	4.867637	0.2698084	0.6608733	
1100	-127.8984	-118.688	-9.21034	3.034239	4.509441	0.3234218	0.7054016	
1110	-124.3772	-115.1669	-9.21034	3.034239	4.812115	0.3234218	0.5472847	
1120	-125.443	-116.2326	-9.21034	3.034239	4.878553	0.3234218	0.611421	
1130	-124.0326	-114.8223	-9.21034	2.982885	4.690962	0.2924	0.5424741	
1140	-125.4192	-116.2089	-9.21034	2.982885	4.778097	0.2688251	0.4667164	
1150	-126.4804	-117.27	-9.21034	2.977961	4.606948	0.2761393	0.5030854	
1160	-126.067	-116.8566	-9.21034	2.977961	4.609246	0.3253688	0.7035943	
1170	-126.0643	-116.8539	-9.21034	2.934555	4.794513	0.3252772	0.6726683	
1180	-124.2754	-115.0651	-9.21034	2.963654	4.630527	0.284729	0.6235771	
1190	-123.9558	-114.7455	-9.21034	2.963654	4.752345	0.2687305	0.5410597	
1200	-123.5364	-114.3261	-9.21034	2.982658	4.764911	0.2839045	0.5846901	
1210	-127.3157	-118.1054	-9.21034	2.982658	4.711579	0.2480645	0.8382283	
1220	-127.7756	-118.5652	-9.21034	2.935075	4.644758	0.2458296	0.4853961	
1230	-125.7105	-116.5002	-9.21034	2.935075	4.572353	0.2288718	0.6329806	
1240	-124.4421	-115.2317	-9.21034	2.935075	4.655767	0.2775166	0.5974898	
1250	-124.2686	-115.0583	-9.21034	3.015562	4.852454	0.2812933	0.5372194	
1260	-124.894	-115.6837	-9.21034	3.030541	4.672177	0.2915268	0.6599286	
1270	-123.6833	-114.473	-9.21034	3.009462	4.751172	0.2915268	0.5927944	
1280	-125.5553	-116.345	-9.21034	2.982503	4.552213	0.2850695	0.6047562	
1290	-123.8567	-114.6464	-9.21034	2.978508	4.7941	0.305779	0.5559926	
1300	-124.6874	-115.477	-9.21034	3.030128	4.786943	0.2568445	0.5559926	
1310	-127.2333	-118.0229	-9.21034	3.025576	4.891782	0.2387886	0.5317775	
1320	-126.8338	-117.6235	-9.21034	3.03062	4.683321	0.3524418	0.6899139	
1330	-124.2598	-115.0495	-9.21034	3.03062	4.739291	0.3083336	0.6016372	
1340	-124.1796	-114.9692	-9.21034	3.038901	4.739291	0.2981671	0.5752266	
1350	-124.7701	-115.5598	-9.21034	3.020255	4.735058	0.3380612	0.5752266	
1360	-126.1077	-116.8974	-9.21034	2.889095	4.611244	0.2673595	0.6615471	
1370	-125.1934	-115.9831	-9.21034	3.059769	4.709545	0.2823693	0.5401381	
1380	-123.7292	-114.5188	-9.21034	3.012749	4.731365	0.2823693	0.5929782	
1390	-126.4075	-117.1972	-9.21034	2.88692	4.731347	0.3030948	0.6405142	
1400	-126.705	-117.4946	-9.21034	2.904972	4.627885	0.3030948	0.7358274	
1410	-124.7483	-115.5379	-9.21034	2.932743	4.797532	0.2930779	0.5468145	
1420	-126.1524	-116.9421	-9.21034	2.935706	4.498936	0.2717931	0.6779231	
1430	-126.5456	-117.3353	-9.21034	3.038166	4.55155	0.2717931	0.6662017	
1440	-125.9389	-116.7286	-9.21034	2.960649	4.898118	0.2560032	0.5558043	
1450	-124.6606	-115.4502	-9.21034	2.955371	4.829576	0.2577264	0.5835264	
1460	-125.9951	-116.7847	-9.21034	2.921107	4.565529	0.2577264	0.7544222	
1470	-126.28	-117.0696	-9.21034	3.006569	4.550219	0.251629	0.7371313	
1480	-123.9995	-114.7892	-9.21034	2.977421	4.725785	0.272513	0.6602487	
1490	-124.2483	-115.038	-9.21034	2.97437	4.668467	0.2910127	0.6602487	
1500	-125.3598	-116.1494	-9.21034	3.020076	4.612625	0.2910127	0.6861967	
1510	-124.8073	-115.597	-9.21034	2.961681	4.785936	0.3336917	0.5748333	
1520	-125.558	-116.3476	-9.21034	3.05214	4.883893	0.3336917	0.5068295	
1530	-128.3244	-119.1141	-9.21034	3.05214	4.971825	0.3591463	0.6162016	
1540	-125.0286	-115.8182	-9.21034	2.944204	4.855043	0.2857355	0.5420096	
1550	-124.697	-115.4866	-9.21034	3.038328	4.781253	0.2765008	0.6283911	
1560	-129.8982	-120.6879	-9.21034	2.936691	4.422651	0.2619799	0.9420226	
1570	-125.5473	-116.337	-9.21034	2.905338	4.758374	0.2707693	0.6555649	
1580	-125.6292	-116.4189	-9.21034	3.01224	4.699043	0.2338075	0.6505603	
1590	-125.0154	-115.805	-9.21034	3.005345	4.632847	0.2490432	0.5782812	
1600	-128.1167	-118.9063	-9.21034	3.005345	4.610607	0.2369661	0.4963901	
1610	-125.0784	-115.8681	-9.21034	2.943585	4.728418	0.2385041	0.6880369	
1620	-124.1326	-114.9223	-9.21034	2.975961	4.647219	0.2573296	0.5972931	
1630	-123.7765	-114.5661	-9.21034	2.975961	4.772061	0.3026955	0.5541349	
1640	-126.0172	-116.8069	-9.21034	2.975961	4.895665	0.2828355	0.6882555	
1650	-126.2908	-117.0804	-9.21034	2.916521	4.509798	0.2406167	0.6882555	
1660	-124.8091	-115.5987	-9.21034	2.937986	4.691069	0.2354978	0.6323855	
1670	-125.9943	-116.784	-9.21034	2.975158	4.703373	0.3458058	0.6700483	
1680	-126.1515	-116.9411	-9.21034	3.077018	4.719653	0.3458058	0.5624123	
1690	-126.0018	-116.7915	-9.21034	3.077018	4.855573	0.3458058	0.5063283	
1700	-129.014	-119.8036	-9.21034	2.902276	4.60291	0.3688641	0.5912606	
1710	-125.2847	-116.0744	-9.21034	2.99491	4.621525	0.2364575	0.6069508	
1720	-124.7519	-115.5416	-9.21034	3.009221	4.609092	0.2744693	0.6135821	
1730	-128.9839	-119.7736	-9.21034	2.982997	4.519105	0.2947241	0.9033345	
1740	-125.097	-115.8867	-9.21034	2.946024	4.828488	0.2522867	0.6285946	
1750	-124.7581	-115.5478	-9.21034	2.963159	4.823734	0.2522867	0.6285946	
1760	-125.2261	-116.0158	-9.21034	2.963159	4.617754	0.2522867	0.7423058	
1770	-124.7589	-115.5486	-9.21034	2.951225	4.598279	0.2522867	0.6842615	
1780	-124.5676	-115.3573	-9.21034	2.951225	4.612892	0.2552721	0.673512	
1790	-125.7608	-116.5505	-9.21034	3.074678	4.792545	0.3200499	0.6158349	
1800	-124.9085	-115.6981	-9.21034	2.943777	4.637028	0.2332481	0.6387747	
1810	-124.2985	-115.0882	-9.21034	2.96814	4.733424	0.2467693	0.560536	
1820	-124.3517	-115.1414	-9.21034	2.987343	4.705289	0.2467693	0.560536	
1830	-124.3433	-115.1329	-9.21034	2.987343	4.636852	0.2942127	0.6284229	
1840	-125.4455	-116.2352	-9.21034	2.987343	4.651577	0.2599507	0.7544279	
1850	-124.5631	-115.3528	-9.21034	2.942723	4.781628	0.2960408	0.5274982	
1860	-127.4747	-118.2643	-9.21034	3.071187	4.750168	0.2607085	0.6898451	
1870	-124.7024	-115.492	-9.21034	3.026702	4.722392	0.3245364	0.6122628	
1880	-127.1686	-117.9582	-9.21034	2.965965	4.80462	0.2239818	0.743695	
1890	-127.0334	-117.8231	-9.21034	3.038058	4.80462	0.3395115	0.4280107	
1900	-125.4561	-116.2458	-9.21034	2.917861	4.777047	0.3143179	0.5471484	
1910	-125.0218	-115.8114	-9.21034	3.012553	4.805662	0.3492407	0.5200167	
1920	-125.9745	-116.7642	-9.21034	2.976824	4.662066	0.2360347	0.5200167	
1930	-125.283	-116.0726	-9.21034	2.932884	4.636356	0.2456209	0.7267803	
1940	-127.5789	-118.3686	-9.21034	2.967576	4.60442	0.2066748	0.7628356	
1950	-124.6826	-115.4723	-9.21034	2.967576	4.622721	0.252131	0.5762077	
1960	-124.921	-115.7107	-9.21034	2.967576	4.702817	0.252131	0.7216386	
1970	-125.9809	-116.7705	-9.21034	2.909799	4.636496	0.245513	0.74083	
1980	-125.7425	-116.5321	-9.21034	2.953456	4.834578	0.2862623	0.4735825	
1990	-123.7227	-114.5124	-9.21034	3.016107	4.766449	0.2789216	0.5569598	
2000	-123.6363	-114.426	-9.21034	2.987613	4.742433	0.2872916	0.6111263	
2010	-126.1245	-116.9141	-9.21034	3.070176	4.869533	0.3539855	0.5377835	
2020	-125.847	-116.6367	-9.21034	2.917678	4.538529	0.2486527	0.6949912	
2030	-126.3317	-117.1214	-9.21034	2.948851	4.586893	0.3228706	0.5813501	
2040	-124.5467	-115.3363	-9.21034	3.016702	4.722263	0.3294227	0.5805822	
2050	-126.3707	-117.1603	-9.21034	3.046196	4.674008	0.2906459	0.4806832	
2060	-125.5169	-116.3065	-9.21034	3.046196	4.835578	0.3358698	0.612573	
2070	-124.1437	-114.9334	-9.21034	2.95856	4.783886	0.3067059	0.5504439	
2080	-125.3563	-116.1459	-9.21034	2.963321	4.712818	0.2532758	0.4995445	
2090	-126.449	-117.2387	-9.21034	3.078758	4.85716	0.3584514	0.4944475	
2100	-124.8265	-115.6162	-9.21034	3.064575	4.807844	0.3087021	0.5465293	
2110	-125.9684	-116.7581	-9.21034	3.048613	4.90632	0.3087021	0.4816086	
2120	-124.909	-115.6986	-9.21034	3.052979	4.717116	0.3087021	0.6047988	
2130	-125.5818	-116.3715	-9.21034	2.93815	4.7689	0.3159862	0.6770839	
2140	-126.3036	-117.0933	-9.21034	3.061331	4.815388	0.3521782	0.6216253	
2150	-125.1601	-115.9497	-9.21034	3.005432	4.74404	0.3521782	0.5542645	
2160	-125.5515	-116.3411	-9.21034	3.005432	4.734991	0.3521782	0.6205977	
2170	-125.7166	-116.5063	-9.21034	2.955972	4.852637	0.2667526	0.6967884	
2180	-125.0424	-115.832	-9.21034	2.966413	4.593882	0.2967902	0.5995865	
2190	-124.4386	-115.2283	-9.21034	3.037388	4.852375	0.2967902	0.5449863	
2200	-123.7257	-114.5153	-9.21034	3.016198	4.777365	0.2967902	0.5722742	
2210	-124.7095	-115.4991	-9.21034	2.978787	4.653763	0.2967902	0.6869958	
2220	-124.6225	-115.4122	-9.21034	2.944267	4.720481	0.2389662	0.6114576	
2230	-125.0546	-115.8443	-9.21034	2.962233	4.709315	0.3015117	0.7065976	
2240	-124.0649	-114.8545	-9.21034	3.012946	4.779169	0.274311	0.5157001	
2250	-124.0013	-114.791	-9.21034	3.012946	4.835096	0.2970117	0.570321	
2260	-124.4315	-115.2211	-9.21034	2.956763	4.637988	0.2747508	0.570321	
2270	-125.3237	-116.1133	-9.21034	2.956763	4.541085	0.2527109	0.6914785	
2280	-124.5273	-115.317	-9.21034	3.014801	4.701975	0.2527109	0.621627	
2290	-125.461	-116.2507	-9.21034	2.997694	4.766695	0.2488882	0.4899306	
2300	-125.201	-115.9907	-9.21034	3.017706	4.746278	0.2488882	0.6659095	
2310	-124.8158	-115.6055	-9.21034	3.025182	4.654867	0.2810082	0.5452898	
2320	-126.7275	-117.5172	-9.21034	3.017677	4.81004	0.3893792	0.5615532	
2330	-126.3379	-117.1276	-9.21034	3.09961	4.767203	0.3315502	0.5598627	
2340	-127.2799	-118.0695	-9.21034	3.05344	4.57894	0.3315502	0.6599493	
2350	-125.5638	-116.3534	-9.21034	2.967811	4.752895	0.2242966	0.5797184	
2360	-124.7248	-115.5145	-9.21034	2.976324	4.618807	0.2512228	0.5797184	
2370	-125.68	-116.4696	-9.21034	2.999521	4.744067	0.3338634	0.4698857	
2380	-128.2529	-119.0426	-9.21034	2.946641	4.903984	0.3854334	0.5609479	
2390	-128.5641	-119.3538	-9.21034	3.003751	4.967205	0.3854334	0.5449183	
2400	-123.8645	-114.6542	-9.21034	2.992663	4.718033	0.3000649	0.5424779	
2410	-124.2524	-115.0421	-9.21034	3.045718	4.792868	0.3000649	0.5424779	
2420	-124.7552	-115.5448	-9.21034	3.045718	4.834329	0.3281343	0.5424779	
2430	-126.412	-117.2016	-9.21034	3.045718	4.756461	0.2640327	0.7111379	
2440	-126.1471	-116.9368	-9.21034	3.091467	4.743639	0.3322152	0.5324813	
2450	-125.6431	-116.4327	-9.21034	3.056588	4.896984	0.2861681	0.5410744	
2460	-124.8361	-115.6258	-9.21034	3.056588	4.778259	0.2957708	0.6037383	
2470	-125.0069	-115.7966	-9.21034	3.063255	4.747739	0.2842466	0.5409009	
2480	-124.52	-115.3097	-9.21034	2.988572	4.74411	0.2399959	0.5926954	
2490	-125.2426	-116.0323	-9.21034	3.00536	4.913651	0.3072666	0.5855138	
2500	-125.9418	-116.7314	-9.21034	3.00536	4.594345	0.2549728	0.5484924	
2510	-128.507	-119.2967	-9.21034	2.890284	4.918552	0.3151582	0.5838176	
2520	-123.8035	-114.5931	-9.21034	2.980617	4.704604	0.2953925	0.6103466	
2530	-124.4773	-115.2669	-9.21034	3.033898	4.764578	0.3005525	0.6283613	
2540	-123.9929	-114.7825	-9.21034	2.981396	4.710315	0.3005525	0.6283613	
2550	-124.6972	-115.4869	-9.21034	2.982248	4.774886	0.2428629	0.643812	
2560	-124.5543	-115.3439	-9.21034	2.982248	4.741443	0.3005665	0.6773949	
2570	-124.6982	-115.4878	-9.21034	2.982248	4.624465	0.292759	0.5656411	
2580	-123.8347	-114.6243	-9.21034	2.982248	4.780319	0.292759	0.6164035	
2590	-124.3923	-115.182	-9.21034	2.973003	4.803851	0.2621522	0.6474797	
2600	-124.814	-115.6037	-9.21034	2.922047	4.776673	0.2833426	0.5751882	
2610	-123.7546	-114.5442	-9.21034	2.977859	4.75647	0.2781434	0.627519	
2620	-125.1297	-115.9193	-9.21034	2.948436	4.793473	0.2620907	0.5088069	
2630	-124.8467	-115.6364	-9.21034	2.948436	4.624445	0.2582217	0.5673613	
2640	-124.3878	-115.1775	-9.21034	3.018545	4.829078	0.3225718	0.5721766	
2650	-124.1235	-114.9131	-9.21034	3.029552	4.799428	0.3054532	0.5851839	
2660	-126.5411	-117.3308	-9.21034	2.981654	4.721429	0.3738785	0.6086635	
2670	-124.8297	-115.6193	-9.21034	3.050489	4.795833	0.3198012	0.5955208	
2680	-125.8127	-116.6023	-9.21034	3.03406	4.671547	0.3220649	0.6832881	
2690	-125.6613	-116.451	-9.21034	2.921051	4.680008	0.3220649	0.6300302	
2700	-126.1486	-116.9382	-9.21034	2.896865	4.570903	0.2491716	0.6863443	
2710	-127.8914	-118.681	-9.21034	3.004201	4.45886	0.3073905	0.6738272	
2720	-124.8791	-115.6688	-9.21034	2.994312	4.655107	0.3073905	0.6753946	
2730	-130.2092	-120.9989	-9.21034	3.094314	5.019909	0.2903389	0.6070884	
2740	-123.9048	-114.6945	-9.21034	2.956883	4.779855	0.2903389	0.5816811	
2750	-125.2053	-115.9949	-9.21034	3.043208	4.873756	0.2903389	0.4965753	
2760	-130.8109	-121.6006	-9.21034	3.059924	4.557115	0.3930009	0.7463455	
2770	-127.3083	-118.0979	-9.21034	2.929724	4.604841	0.343767	0.6966709	
2780	-128.0146	-118.8042	-9.21034	2.875843	4.574014	0.2413588	0.7914146	
2790	-124.5193	-115.309	-9.21034	2.963324	4.665305	0.2949978	0.6733558	
2800	-126.3131	-117.1028	-9.21034	3.044326	4.579257	0.2991666	0.6044183	
2810	-126.0118	-116.8015	-9.21034	2.905739	4.728207	0.31938	0.6351068	
2820	-127.3487	-118.1384	-9.21034	2.930403	4.731493	0.3771402	0.5904619	
2830	-126.4694	-117.2591	-9.21034	3.045785	4.802282	0.3771402	0.5816639	
2840	-128.117	-118.9066	-9.21034	3.12552	4.76781	0.3735473	0.5418844	
2850	-126.7092	-117.4988	-9.21034	2.964352	4.749197	0.3638026	0.4850846	
2860	-123.8865	-114.6761	-9.21034	2.971802	4.77375	0.2598766	0.6015539	
2870	-125.1884	-115.978	-9.21034	2.975101	4.852953	0.2598766	0.6619409	
2880	-127.1071	-117.8968	-9.21034	2.99665	4.726624	0.2480437	0.454967	
2890	-125.0814	-115.871	-9.21034	2.99665	4.78593	0.2363204	0.5887869	
2900	-125.1535	-115.9432	-9.21034	2.955986	4.740359	0.3371763	0.6079299	
2910	-126.5639	-117.3536	-9.21034	2.955986	4.644352	0.3371763	0.7128719	
2920	-125.7601	-116.5497	-9.21034	3.051149	4.624461	0.2998597	0.6230969	
2930	-124.7188	-115.5085	-9.21034	2.943224	4.642542	0.2998597	0.607438	
2940	-124.6332	-115.4229	-9.21034	2.995687	4.873468	0.3165235	0.5416599	
2950	-124.8005	-115.5901	-9.21034	2.991849	4.621646	0.3066983	0.6219093	
2960	-126.5593	-117.349	-9.21034	2.880267	4.733929	0.2607054	0.617268	
2970	-124.5013	-115.291	-9.21034	3.022531	4.685437	0.2607054	0.575237	
2980	-125.6905	-116.4801	-9.21034	3.057602	4.842486	0.3476481	0.575237	
2990	-125.6011	-116.3908	-9.21034	3.044899	4.906423	0.3125601	0.5016527	
3000	-124.0458	-114.8354	-9.21034	2.987098	4.771918	0.3009283	0.6304481	
3010	-125.5021	-116.2917	-9.21034	3.057033	4.892014	0.3009283	0.5122806	
3020	-124.8523	-115.6419	-9.21034	3.037899	4.703097	0.3009283	0.5122806	
3030	-129.7186	-120.5083	-9.21034	3.021779	4.870037	0.3284232	0.8327996	
3040	-125.4863	-116.2759	-9.21034	2.993015	4.755039	0.2393412	0.511842	
3050	-130.2211	-121.0107	-9.21034	3.127974	4.660047	0.2775392	0.6200039	
3060	-125.1313	-115.921	-9.21034	3.002791	4.642652	0.2775392	0.7201689	
3070	-127.0711	-117.8607	-9.21034	3.060008	4.785323	0.3623882	0.6561742	
3080	-125.7904	-116.5801	-9.21034	3.026936	4.670733	0.3478884	0.5885708	
3090	-126.3079	-117.0976	-9.21034	2.959072	4.832683	0.2342486	0.5330357	
3100	-128.7959	-119.5856	-9.21034	3.063404	4.960252	0.2613148	0.6425484	
3110	-123.9888	-114.7785	-9.21034	2.964108	4.752525	0.2608215	0.635681	
3120	-125.5556	-116.3453	-9.21034	2.973806	4.523556	0.2608215	0.6709918	
3130	-124.0695	-114.8592	-9.21034	2.970296	4.698458	0.2767884	0.6659573	
3140	-125.8991	-116.6887	-9.21034	2.970296	4.694232	0.2161748	0.6447865	
3150	-125.3387	-116.1284	-9.21034	2.978936	4.78209	0.3535688	0.5264985	
3160	-127.2193	-118.0089	-9.21034	3.048616	4.795404	0.3894382	0.5999543	
3170	-124.7508	-115.5405	-9.21034	3.048616	4.69635	0.286632	0.5869449	
3180	-124.6909	-115.4806	-9.21034	2.979353	4.601047	0.2693865	0.5869449	
3190	-125.1645	-115.9541	-9.21034	2.979353	4.655326	0.2693865	0.7442937	
3200	-129.4573	-120.2469	-9.21034	2.945331	4.826754	0.4113847	0.6398816	
3210	-124.4973	-115.287	-9.21034	3.033375	4.854162	0.3117128	0.5269437	
3220	-124.103	-114.8926	-9.21034	3.033375	4.771985	0.2955331	0.5938044	
3230	-123.945	-114.7347	-9.21034	3.00955	4.813517	0.2955331	0.5173143	
3240	-125.3234	-116.113	-9.21034	3.005524	4.580642	0.2955331	0.6566484	
3250	-125.2959	-116.0855	-9.21034	2.980924	4.851847	0.2621819	0.6757569	
3260	-124.7073	-115.4969	-9.21034	2.980924	4.734037	0.305488	0.4910039	
3270	-123.6162	-114.4059	-9.21034	2.980924	4.711603	0.2876585	0.5805279	
3280	-124.7818	-115.5714	-9.21034	2.968677	4.692869	0.316979	0.6540487	
3290	-125.5302	-116.3199	-9.21034	2.967024	4.803596	0.2735838	0.4689614	
3300	-124.3047	-115.0943	-9.21034	2.983387	4.690301	0.2821191	0.5215491	
3310	-123.9375	-114.7271	-9.21034	2.949073	4.757354	0.2783851	0.6006314	
3320	-124.6332	-115.4229	-9.21034	3.024237	4.803116	0.2748634	0.6419499	
3330	-125.6298	-116.4194	-9.21034	3.047593	4.822071	0.2960373	0.45787	
3340	-124.9396	-115.7292	-9.21034	3.021736	4.688387	0.3181283	0.6456559	
3350	-125.2544	-116.0441	-9.21034	3.029298	4.728499	0.3187519	0.4816566	
3360	-123.8728	-114.6625	-9.21034	2.972631	4.695825	0.2604646	0.5709966	
3370	-125.0291	-115.8187	-9.21034	2.966558	4.681922	0.2604646	0.5113521	
3380	-123.5885	-114.3782	-9.21034	2.988006	4.723398	0.2855375	0.6013363	
3390	-124.1233	-114.913	-9.21034	2.989345	4.801792	0.2579081	0.6013363	
3400	-124.2326	-115.0222	-9.21034	2.976543	4.631064	0.2687805	0.5892555	
3410	-126.9027	-117.6924	-9.21034	2.896928	4.782116	0.2910675	0.5042675	
3420	-124.0496	-114.8392	-9.21034	2.979007	4.715409	0.2910675	0.5249872	
3430	-124.777	-115.5667	-9.21034	3.005297	4.847056	0.2550968	0.5677737	
3440	-126.6039	-117.3936	-9.21034	2.956362	4.728528	0.2766748	0.4536694	
3450	-124.025	-114.8147	-9.21034	2.956362	4.66798	0.2844825	0.6158493	
3460	-125.0058	-115.7955	-9.21034	2.956362	4.695108	0.3128703	0.675323	
3470	-123.8428	-114.6325	-9.21034	2.983547	4.811868	0.296219	0.5384849	
3480	-123.623	-114.4127	-9.21034	2.983547	4.755834	0.296219	0.5543845	
3490	-124.0016	-114.7913	-9.21034	3.016	4.821607	0.2766075	0.5484128	
3500	-124.6707	-115.4604	-9.21034	2.952679	4.608077	0.2701701	0.589884	
3510	-124.2376	-115.0273	-9.21034	3.004386	4.847801	0.3128368	0.5395839	
3520	-125.1037	-115.8934	-9.21034	3.012036	4.897214	0.2763495	0.5999084	
3530	-124.0605	-114.8502	-9.21034	3.012036	4.835239	0.2916153	0.5231946	
3540	-124.2416	-115.0313	-9.21034	2.96072	4.738258	0.2916153	0.5194662	
3550	-124.1183	-114.9079	-9.21034	3.003943	4.781955	0.2799858	0.641915	
3560	-124.687	-115.4766	-9.21034	2.943417	4.68736	0.2639269	0.5389344	
3570	-124.313	-115.1027	-9.21034	2.934153	4.716087	0.2819943	0.628373	
3580	-123.8402	-114.6298	-9.21034	2.965853	4.792909	0.2819943	0.5526524	
3590	-124.6803	-115.47	-9.21034	3.031962	4.817376	0.3312953	0.5091366	
3600	-124.9412	-115.7309	-9.21034	2.999362	4.608301	0.2848789	0.6847928	
3610	-124.4368	-115.2265	-9.21034	2.976974	4.678609	0.2904852	0.6822042	
3620	-124.9366	-115.7263	-9.21034	2.996516	4.66897	0.3133414	0.6716131	
3630	-125.7771	-116.5667	-9.21034	2.996516	4.672845	0.245286	0.5085421	
3640	-125.2766	-116.0662	-9.21034	3.025437	4.658274	0.3290018	0.5755373	
3650	-125.7839	-116.5736	-9.21034	2.932841	4.771762	0.3131285	0.6873415	
3660	-128.0188	-118.8085	-9.21034	2.989073	4.890169	0.3901642	0.4712524	
3670	-125.6028	-116.3925	-9.21034	2.907401	4.650617	0.2507315	0.5852316	
3680	-125.8994	-116.689	-9.21034	2.942725	4.874033	0.266668	0.6649547	
3690	-124.8342	-115.6239	-9.21034	2.997033	4.683248	0.3046615	0.6859164	
3700	-127.4667	-118.2564	-9.21034	3.004376	4.562011	0.351485	0.644751	
3710	-127.2395	-118.0292	-9.21034	2.966246	4.64267	0.351485	0.7218157	
3720	-127.8989	-118.6886	-9.21034	2.980047	4.744149	0.3641507	0.736009	
3730	-127.382	-118.1717	-9.21034	2.980047	4.782023	0.3797546	0.6564027	
3740	-126.2475	-117.0372	-9.21034	3.036981	4.655759	0.3423722	0.5338442	
3750	-124.6666	-115.4563	-9.21034	3.009191	4.847657	0.3256334	0.5847672	
3760	-124.5072	-115.2968	-9.21034	3.009191	4.738225	0.3184405	0.6329989	
3770	-124.0336	-114.8232	-9.21034	2.974363	4.744814	0.3067661	0.6163929	
3780	-123.5342	-114.3239	-9.21034	2.982335	4.736997	0.2731129	0.5789145	
3790	-125.2225	-116.0122	-9.21034	2.965211	4.849167	0.2731129	0.6762455	
3800	-125.6276	-116.4173	-9.21034	2.965211	4.586247	0.2296489	0.7114998	
3810	-125.2215	-116.0112	-9.21034	2.9854	4.817045	0.2966121	0.4624188	
3820	-124.3865	-115.1761	-9.21034	2.956131	4.739913	0.2992498	0.6518435	
3830	-123.9744	-114.764	-9.21034	2.956131	4.728917	0.2992498	0.5760719	
3840	-123.8375	-114.6272	-9.21034	2.976015	4.68492	0.2920592	0.5876275	
3850	-124.8428	-115.6325	-9.21034	2.945737	4.614275	0.2515233	0.5876275	
3860	-126.3881	-117.1778	-9.21034	2.895982	4.689922	0.2515233	0.5569085	
3870	-124.7854	-115.575	-9.21034	2.948164	4.748332	0.2515233	0.5350908	
3880	-124.5921	-115.3818	-9.21034	2.948164	4.633154	0.2419703	0.6393732	
3890	-125.0329	-115.8226	-9.21034	2.94364	4.653465	0.313892	0.5888438	
3900	-125.2191	-116.0087	-9.21034	2.98316	4.630976	0.2306096	0.6414609	
3910	-125.5793	-116.369	-9.21034	3.02459	4.67789	0.34	0.627307	
3920	-125.0338	-115.8235	-9.21034	2.948885	4.835082	0.2701383	0.5232784	
3930	-126.9722	-117.7618	-9.21034	2.948885	4.713385	0.320696	0.4586745	
3940	-125.6956	-116.4852	-9.21034	2.948885	4.839678	0.3054335	0.4801305	
3950	-130.373	-121.1626	-9.21034	2.951772	4.84253	0.3054335	0.9020057	
3960	-124.1449	-114.9346	-9.21034	2.990299	4.788851	0.2936232	0.6415308	
3970	-124.7966	-115.5863	-9.21034	2.990299	4.80224	0.2982602	0.4726173	
3980	-123.8521	-114.6417	-9.21034	3.003714	4.78011	0.3102363	0.5355735	
3990	-125.3991	-116.1887	-9.21034	3.003714	4.71642	0.3501886	0.5315185	
4000	-124.9643	-115.754	-9.21034	2.94292	4.848314	0.2705874	0.5976254	
4010	-124.4592	-115.2488	-9.21034	2.94292	4.68187	0.26326	0.6815848	
4020	-123.9421	-114.7318	-9.21034	2.959942	4.68187	0.2766488	0.6397399	
4030	-126.0912	-116.8808	-9.21034	2.948166	4.855702	0.2866112	0.7078094	
4040	-124.4185	-115.2081	-9.21034	2.948166	4.752927	0.2517853	0.646064	
4050	-125.6272	-116.4169	-9.21034	2.924945	4.565984	0.2737097	0.7120861	
4060	-125.1534	-115.943	-9.21034	2.924945	4.805797	0.2737097	0.6407987	
4070	-127.1907	-117.9804	-9.21034	2.950377	4.874664	0.3278884	0.4533118	
4080	-125.3671	-116.1567	-9.21034	2.950377	4.731117	0.3278884	0.5092785	
4090	-124.6614	-115.4511	-9.21034	3.022718	4.762524	0.2700383	0.4961584	
4100	-125.7213	-116.511	-9.21034	2.989924	4.762298	0.2292317	0.5419203	
4110	-125.5133	-116.303	-9.21034	2.989924	4.584705	0.3059459	0.5872317	
4120	-125.3862	-116.1759	-9.21034	3.069066	4.77564	0.3050104	0.6138241	
4130	-124.4025	-115.1922	-9.21034	2.967776	4.614271	0.2813122	0.6133881	
4140	-123.9861	-114.7758	-9.21034	2.967776	4.8141	0.2813122	0.5969948	
4150	-126.9995	-117.7891	-9.21034	3.062209	4.957592	0.3051655	0.511979	
4160	-126.8039	-117.5936	-9.21034	3.057428	4.618559	0.3051655	0.5279462	
4170	-124.7656	-115.5553	-9.21034	2.946414	4.695836	0.2525991	0.5412707	
4180	-124.1475	-114.9371	-9.21034	2.946414	4.696433	0.2525991	0.6130124	
4190	-126.9566	-117.7462	-9.21034	2.975067	4.806184	0.2525991	0.4523551	
4200	-125.4988	-116.2885	-9.21034	2.975067	4.589657	0.2435729	0.7359315	
4210	-125.6581	-116.4478	-9.21034	2.906259	4.583463	0.2616259	0.670999	
4220	-125.3485	-116.1381	-9.21034	3.053799	4.752042	0.2616259	0.5904553	
4230	-124.122	-114.9117	-9.21034	3.010554	4.69083	0.2616259	0.5982169	
4240	-124.5623	-115.352	-9.21034	2.950784	4.6106	0.2616259	0.6031337	
4250	-124.5412	-115.3309	-9.21034	2.950784	4.610659	0.2616259	0.6708568	
4260	-127.1037	-117.8934	-9.21034	2.943926	4.553975	0.3057232	0.7880978	
4270	-126.5924	-117.3821	-9.21034	2.950302	4.706709	0.2317797	0.7880978	
4280	-125.708	-116.4977	-9.21034	2.914157	4.629496	0.2317797	0.6186054	
4290	-124.1186	-114.9082	-9.21034	2.959498	4.667847	0.2921071	0.6209493	
4300	-124.2468	-115.0364	-9.21034	3.015181	4.7478	0.2753567	0.6468335	
4310	-124.0797	-114.8693	-9.21034	3.015181	4.691616	0.2681342	0.595307	
4320	-124.0581	-114.8477	-9.21034	2.981213	4.81623	0.2646923	0.595307	
4330	-124.5954	-115.385	-9.21034	2.966027	4.627353	0.2907065	0.6693767	
4340	-127.7298	-118.5194	-9.21034	2.921468	4.526693	0.3293678	0.6992135	
4350	-124.7009	-115.4906	-9.21034	3.000898	4.835851	0.3293678	0.5900325	
4360	-128.1624	-118.9521	-9.21034	3.009123	4.529821	0.3293678	0.7863633	
4370	-124.283	-115.0726	-9.21034	2.954711	4.758985	0.3100761	0.544792	
4380	-124.0031	-114.7928	-9.21034	2.989174	4.750989	0.2531216	0.6081477	
4390	-124.0613	-114.8509	-9.21034	2.994261	4.70492	0.2894477	0.6510864	
4400	-124.4277	-115.2173	-9.21034	2.969005	4.751169	0.2520513	0.6682931	
4410	-127.527	-118.3167	-9.21034	3.02281	4.541174	0.3318737	0.7154797	
4420	-123.8326	-114.6223	-9.21034	3.010229	4.724523	0.3032154	0.5711075	
4430	-127.3592	-118.1488	-9.21034	2.973926	4.765586	0.397116	0.5540376	
4440	-129.4398	-120.2295	-9.21034	3.019019	4.754968	0.397116	0.731457	
4450	-127.5435	-118.3332	-9.21034	2.9186	4.784309	0.3082032	0.7696569	
4460	-125.1101	-115.8997	-9.21034	3.025492	4.777091	0.2901056	0.4649704	
4470	-125.018	-115.8077	-9.21034	2.948223	4.671939	0.3098396	0.54226	
4480	-124.9329	-115.7225	-9.21034	2.948223	4.71839	0.2396024	0.5557259	
4490	-124.5676	-115.3573	-9.21034	2.929066	4.760225	0.262625	0.613093	
4500	-124.3031	-115.0928	-9.21034	2.935449	4.697893	0.262625	0.6422103	
4510	-128.4884	-119.278	-9.21034	3.01918	4.67619	0.3989324	0.6556085	
4520	-124.5721	-115.3618	-9.21034	3.001438	4.629748	0.2877112	0.6556085	
4530	-125.0145	-115.8041	-9.21034	3.050476	4.774985	0.3062842	0.4831111	
4540	-125.3414	-116.131	-9.21034	3.063491	4.793198	0.3121335	0.6188889	
4550	-124.1471	-114.9368	-9.21034	3.017163	4.720449	0.3018015	0.6212804	
4560	-123.8986	-114.6883	-9.21034	3.00752	4.83151	0.2932429	0.5449998	
4570	-124.3489	-115.1386	-9.21034	3.012761	4.78455	0.2554907	0.5518587	
4580	-125.0137	-115.8034	-9.21034	2.997825	4.642389	0.2554907	0.7062987	
4590	-125.6349	-116.4245	-9.21034	2.915874	4.646798	0.3040325	0.5768597	
4600	-128.6346	-119.4243	-9.21034	3.022855	5.031208	0.3100715	0.5268549	
4610	-125.0527	-115.8423	-9.21034	3.022855	4.668341	0.258108	0.5429846	
4620	-126.9404	-117.7301	-9.21034	3.004903	4.923698	0.2469738	0.6456482	
4630	-125.0232	-115.8129	-9.21034	3.001193	4.679203	0.305809	0.5048385	
4640	-124.5404	-115.3301	-9.21034	3.033918	4.797687	0.2655091	0.5380315	
4650	-125.1716	-115.9613	-9.21034	3.027865	4.79398	0.2566502	0.5037253	
4660	-124.5323	-115.322	-9.21034	2.971211	4.790994	0.2566502	0.5234876	
4670	-128.2927	-119.0823	-9.21034	2.980634	4.502393	0.2383563	0.8762238	
4680	-130.6365	-121.4262	-9.21034	2.87926	4.687225	0.2383563	0.9136564	
4690	-124.7721	-115.5618	-9.21034	2.976043	4.684552	0.3267261	0.5649547	
4700	-125.0435	-115.8332	-9.21034	3.006883	4.858771	0.3267261	0.4891631	
4710	-125.8694	-116.659	-9.21034	2.925636	4.707187	0.2212287	0.6503026	
4720	-125.7637	-116.5533	-9.21034	2.898916	4.638802	0.2467348	0.6238882	
4730	-123.8088	-114.5985	-9.21034	2.967382	4.713372	0.2792631	0.5518735	
4740	-130.4925	-121.2822	-9.21034	2.877892	4.902848	0.2581155	0.7678862	
4750	-130.108	-120.8977	-9.21034	2.975661	4.865277	0.2599426	0.9062288	
4760	-124.9147	-115.7044	-9.21034	2.944366	4.832597	0.2599426	0.6089836	
4770	-129.321	-120.1106	-9.21034	2.857329	4.542635	0.3217696	0.6559567	
4780	-127.2422	-118.0318	-9.21034	2.885452	4.527328	0.2811217	0.6630248	
4790	-125.9024	-116.6921	-9.21034	2.899801	4.728907	0.2811217	0.5446913	
4800	-126.0645	-116.8542	-9.21034	2.959029	4.727615	0.2313479	0.5170957	
4810	-127.9045	-118.6941	-9.21034	3.024984	4.798546	0.2313479	0.7308318	
4820	-126.2577	-117.0474	-9.21034	3.067689	4.787365	0.258905	0.5915239	
4830	-128.9941	-119.7837	-9.21034	2.992841	4.59539	0.3540688	0.8113699	
4840	-125.972	-116.7617	-9.21034	2.966014	4.584338	0.2198625	0.6740088	
4850	-125.9086	-116.6983	-9.21034	2.965039	4.72111	0.3391698	0.6797142	
4860	-124.6818	-115.4714	-9.21034	2.959494	4.672531	0.2386637	0.5777433	
4870	-125.5542	-116.3439	-9.21034	2.991057	4.840171	0.3549225	0.5751625	
4880	-127.3279	-118.1175	-9.21034	3.043458	4.826121	0.3277359	0.7322519	
4890	-125.457	-116.2466	-9.21034	2.956073	4.871491	0.3277359	0.536008	
4900	-126.0016	-116.7913	-9.21034	3.013533	4.737232	0.240764	0.7075425	
4910	-124.4997	-115.2893	-9.21034	2.989676	4.737232	0.3282247	0.5293989	
4920	-124.3531	-115.1427	-9.21034	2.961134	4.825932	0.3076528	0.5541234	
4930	-128.194	-118.9837	-9.21034	2.928559	4.45215	0.3076528	0.6663591	
4940	-125.8624	-116.6521	-9.21034	2.993995	4.87069	0.2408052	0.6050506	
4950	-128.7291	-119.5188	-9.21034	2.994412	4.556201	0.3729452	0.6050506	
4960	-126.9012	-117.6909	-9.21034	2.953794	4.600539	0.3460694	0.6736445	
4970	-125.9569	-116.7465	-9.21034	2.987676	4.783527	0.2570846	0.7528109	
4980	-126.6053	-117.395	-9.21034	2.924401	4.805185	0.3524902	0.5206848	
4990	-126.2943	-117.084	-9.21034	2.949812	4.578613	0.2153804	0.7086029	
5000	-125.2467	-116.0363	-9.21034	2.980521	4.736011	0.3096664	0.7078059	
5010	-126.4316	-117.2212	-9.21034	2.946559	4.889317	0.2534701	0.5386363	
5020	-124.5181	-115.3077	-9.21034	2.994121	4.807187	0.252338	0.540023	
5030	-125.0786	-115.8683	-9.21034	2.959112	4.791945	0.2570043	0.6981851	
5040	-124.2304	-115.0201	-9.21034	2.962452	4.673774	0.2570043	0.671697	
5050	-123.8719	-114.6616	-9.21034	2.962452	4.673774	0.2684939	0.6261992	
5060	-125.3669	-116.1566	-9.21034	2.91045	4.616296	0.2501617	0.6301806	
5070	-123.9458	-114.7354	-9.21034	3.006524	4.76706	0.2613891	0.5912284	
5080	-125.7577	-116.5474	-9.21034	3.006524	4.924951	0.2668399	0.5569401	
5090	-123.9517	-114.7414	-9.21034	2.959296	4.735671	0.2668399	0.5508492	
5100	-126.0124	-116.8021	-9.21034	3.047918	4.736864	0.3646027	0.5508492	
5110	-125.694	-116.4837	-9.21034	3.069513	4.681009	0.3037733	0.5508492	
5120	-124.4403	-115.2299	-9.21034	2.944206	4.723179	0.3037733	0.6254897	
5130	-124.4704	-115.2601	-9.21034	2.954833	4.781694	0.3037733	0.5163469	
5140	-123.8284	-114.6181	-9.21034	3.020863	4.741279	0.277802	0.5746889	
5150	-125.4547	-116.2444	-9.21034	2.973711	4.537742	0.277802	0.6856954	
5160	-124.8514	-115.6411	-9.21034	2.973711	4.585379	0.277802	0.6820939	
5170	-124.9973	-115.787	-9.21034	2.973711	4.598851	0.3030803	0.631563	
5180	-125.4921	-116.2818	-9.21034	3.009856	4.844824	0.3030803	0.6834088	
5190	-124.5367	-115.3263	-9.21034	2.964089	4.642003	0.3030803	0.5965266	
5200	-123.6167	-114.4064	-9.21034	2.994153	4.769056	0.2951313	0.5436929	
5210	-124.3147	-115.1043	-9.21034	2.988104	4.779659	0.2951313	0.4914408	
5220	-127.2601	-118.0498	-9.21034	2.91366	4.531278	0.2951313	0.7731705	
5230	-126.2299	-117.0196	-9.21034	3.000713	4.558718	0.2349649	0.6872314	
5240	-126.7345	-117.5241	-9.21034	2.993303	4.719024	0.2509309	0.4604825	
5250	-125.469	-116.2586	-9.21034	2.994012	4.788137	0.2465205	0.4962661	
5260	-127.1546	-117.9443	-9.21034	3.073644	4.736913	0.3088409	0.7150229	
5270	-124.3437	-115.1333	-9.21034	2.976489	4.736913	0.3088409	0.5125309	
5280	-124.717	-115.5067	-9.21034	3.006422	4.889327	0.3088409	0.5496495	
5290	-125.0301	-115.8197	-9.21034	3.048663	4.798553	0.3119702	0.4789077	
5300	-125.5544	-116.3441	-9.21034	2.983951	4.832212	0.3000676	0.7027925	
5310	-125.2199	-116.0096	-9.21034	2.983951	4.834434	0.2485762	0.5232078	
5320	-125.2701	-116.0597	-9.21034	2.983951	4.560604	0.2485762	0.652071	
5330	-125.5628	-116.3525	-9.21034	2.965004	4.810368	0.2678459	0.7262111	
5340	-125.628	-116.4176	-9.21034	3.021666	4.692155	0.3183906	0.6982627	
5350	-125.2681	-116.0578	-9.21034	3.062425	4.869914	0.3183906	0.5371906	
5360	-125.032	-115.8217	-9.21034	3.030124	4.722266	0.3304478	0.6235896	
5370	-125.9547	-116.7444	-9.21034	3.014935	4.595498	0.2758874	0.7426707	
5380	-124.4591	-115.2488	-9.21034	2.99257	4.626126	0.2758874	0.57613	
5390	-126.9689	-117.7586	-9.21034	2.953278	4.748087	0.3779123	0.605103	
5400	-128.945	-119.7346	-9.21034	3.066642	4.860778	0.3949946	0.6572783	
5410	-124.1725	-114.9621	-9.21034	3.003931	4.796147	0.264288	0.6209088	
5420	-124.3328	-115.1225	-9.21034	2.954831	4.620319	0.264288	0.616966	
5430	-127.1528	-117.9424	-9.21034	3.108177	4.836931	0.3608134	0.4999066	
5440	-125.1433	-115.933	-9.21034	2.948045	4.751441	0.3232102	0.5107126	
5450	-124.3271	-115.1167	-9.21034	3.016287	4.751441	0.3090311	0.630997	
5460	-125.474	-116.2636	-9.21034	2.912786	4.619266	0.2406216	0.6811767	
5470	-126.5769	-117.3665	-9.21034	2.949492	4.640255	0.2110147	0.7230822	
5480	-124.0954	-114.885	-9.21034	2.949492	4.790879	0.2759395	0.5893747	
5490	-125.2773	-116.067	-9.21034	3.007087	4.917554	0.3002603	0.5893747	
5500	-134.1446	-124.9343	-9.21034	3.114826	4.648744	0.412023	0.8573792	
5510	-127.5752	-118.3649	-9.21034	2.930709	4.56541	0.2008632	0.728007	
5520	-125.6197	-116.4094	-9.21034	2.940437	4.83487	0.3319748	0.5937033	
5530	-125.0106	-115.8002	-9.21034	3.001168	4.856087	0.3319748	0.594137	
5540	-127.6336	-118.4232	-9.21034	3.028378	4.660807	0.326684	0.4599707	
5550	-125.4666	-116.2563	-9.21034	2.990622	4.71772	0.326684	0.6898371	
5560	-124.0592	-114.8488	-9.21034	2.990622	4.774313	0.2565117	0.5488706	
5570	-124.1617	-114.9514	-9.21034	2.987871	4.735901	0.2565117	0.6518273	
5580	-124.1238	-114.9134	-9.21034	2.946612	4.673669	0.2839726	0.6094694	
5590	-124.2672	-115.0569	-9.21034	2.983562	4.725437	0.2839726	0.6773125	
5600	-126.9588	-117.7485	-9.21034	2.983562	4.915115	0.2886185	0.4576848	
5610	-127.24	-118.0297	-9.21034	3.038343	4.688383	0.3237835	0.7628907	
5620	-125.8505	-116.6402	-9.21034	2.943644	4.63241	0.3117567	0.7165524	
5630	-125.3775	-116.1672	-9.21034	3.006683	4.898753	0.323051	0.5009421	
5640	-125.2493	-116.039	-9.21034	2.966183	4.688372	0.3147387	0.6956491	
5650	-127.2555	-118.0451	-9.21034	3.077915	4.643992	0.270961	0.648492	
5660	-124.5732	-115.3629	-9.21034	2.966482	4.769449	0.3241351	0.6087841	
5670	-125.0741	-115.8637	-9.21034	3.011845	4.607316	0.2563861	0.625728	
5680	-129.0303	-119.8199	-9.21034	3.011845	4.889032	0.2663238	0.8289727	
5690	-124.0061	-114.7957	-9.21034	3.011845	4.766166	0.2663238	0.536443	
5700	-125.9141	-116.7037	-9.21034	2.923052	4.596963	0.3060726	0.6040124	
5710	-125.2079	-115.9976	-9.21034	2.956337	4.66899	0.3060726	0.5203594	
5720	-124.2808	-115.0704	-9.21034	3.019364	4.703487	0.26514	0.5521746	
5730	-124.9842	-115.7739	-9.21034	2.929873	4.73792	0.2592268	0.5404687	
5740	-123.8261	-114.6157	-9.21034	2.970341	4.801531	0.2773957	0.5883028	
5750	-124.9792	-115.7689	-9.21034	3.058007	4.759041	0.2773957	0.5883028	
5760	-124.4936	-115.2833	-9.21034	2.985197	4.610764	0.277087	0.5968529	
5770	-124.6924	-115.4821	-9.21034	2.971031	4.62096	0.2833104	0.6911745	
5780	-124.5412	-115.3309	-9.21034	3.020921	4.748171	0.2833104	0.6630397	
5790	-124.4308	-115.2204	-9.21034	2.941799	4.718816	0.2618938	0.5502474	
5800	-124.5947	-115.3844	-9.21034	2.941799	4.715912	0.2951139	0.6606047	
5810	-125.2582	-116.0479	-9.21034	2.941799	4.66069	0.2841636	0.5240861	
5820	-125.2277	-116.0173	-9.21034	2.936298	4.647596	0.2284031	0.6676178	
5830	-127.777	-118.5667	-9.21034	3.028233	4.568141	0.2284031	0.6948269	
5840	-123.7918	-114.5815	-9.21034	2.993577	4.799437	0.2696687	0.585236	
5850	-124.4799	-115.2696	-9.21034	2.993577	4.864269	0.2696687	0.5604223	
5860	-123.8909	-114.6806	-9.21034	2.993577	4.68461	0.2679824	0.5672916	
5870	-125.9671	-116.7568	-9.21034	3.032704	4.615443	0.2579383	0.6864662	
5880	-125.126	-115.9156	-9.21034	3.032704	4.690864	0.3116081	0.5088281	
5890	-125.8364	-116.626	-9.21034	2.912225	4.768842	0.3088267	0.6554909	
5900	-126.1883	-116.9779	-9.21034	3.057409	4.888746	0.3030885	0.6372042	
5910	-127.6342	-118.4239	-9.21034	3.09113	4.771856	0.2840527	0.6784727	
5920	-125.2413	-116.031	-9.21034	3.045991	4.647666	0.2840527	0.6162615	
5930	-128.9997	-119.7893	-9.21034	2.878856	4.596629	0.3491692	0.696108	
5940	-126.4337	-117.2234	-9.21034	2.930161	4.502067	0.249525	0.7637169	
5950	-127.527	-118.3166	-9.21034	2.86303	4.652618	0.249525	0.6332754	
5960	-125.9892	-116.7789	-9.21034	2.912099	4.549827	0.2388821	0.6922127	
5970	-126.8799	-117.6695	-9.21034	3.060104	4.753616	0.3592257	0.4648204	
5980	-124.3688	-115.1585	-9.21034	3.009184	4.816084	0.3289491	0.5327812	
5990	-125.1686	-115.9582	-9.21034	3.010818	4.595212	0.2946335	0.6505404	
6000	-130.2436	-121.0333	-9.21034	3.098346	4.818729	0.269168	0.7446367	
6010	-123.794	-114.5836	-9.21034	2.993693	4.712554	0.3015344	0.5692453	
6020	-127.3446	-118.1343	-9.21034	3.009447	4.708305	0.3065851	0.8132059	
6030	-125.9507	-116.7403	-9.21034	3.009447	4.792692	0.2305662	0.5612842	
6040	-125.0717	-115.8614	-9.21034	2.98382	4.8856	0.3228528	0.5682398	
6050	-125.565	-116.3547	-9.21034	2.98382	4.773552	0.2392898	0.5094544	
6060	-126.1514	-116.9411	-9.21034	2.94004	4.73369	0.3176058	0.4779743	
6070	-125.5075	-116.2972	-9.21034	2.984919	4.73369	0.2259748	0.572	
6080	-126.6621	-117.4518	-9.21034	2.984919	4.584419	0.3407729	0.6699087	
6090	-124.8576	-115.6473	-9.21034	3.016157	4.894965	0.3110234	0.5437097	
6100	-124.3809	-115.1706	-9.21034	3.016157	4.868269	0.3025389	0.5514945	
6110	-124.4366	-115.2263	-9.21034	3.016157	4.675799	0.3096379	0.6025754	
6120	-125.7594	-116.5491	-9.21034	2.965644	4.538151	0.2959736	0.6615433	
6130	-125.0323	-115.822	-9.21034	2.946274	4.735131	0.2459675	0.7022319	
6140	-125.3971	-116.1868	-9.21034	3.007021	4.600361	0.2459675	0.6577992	
6150	-125.8938	-116.6835	-9.21034	3.016834	4.640553	0.3171876	0.7085458	
6160	-124.2495	-115.0392	-9.21034	3.016503	4.851632	0.2823446	0.5380946	
6170	-124.9875	-115.7772	-9.21034	3.063393	4.769101	0.2891461	0.5883814	
6180	-124.073	-114.8627	-9.21034	2.984618	4.66153	0.2891461	0.5697941	
6190	-125.1946	-115.9843	-9.21034	3.058241	4.730674	0.3294381	0.532345	
6200	-126.0762	-116.8659	-9.21034	2.990111	4.852856	0.3294381	0.4531045	
6210	-125.484	-116.2737	-9.21034	2.990754	4.852482	0.3294381	0.4730188	
6220	-126.3059	-117.0956	-9.21034	2.990754	4.910783	0.351011	0.5755139	
6230	-124.4939	-115.2836	-9.21034	2.990754	4.712162	0.2416842	0.5755139	
6240	-126.1739	-116.9635	-9.21034	2.990754	4.778205	0.3379264	0.6989079	
6250	-129.7287	-120.5183	-9.21034	2.990347	4.391313	0.3211949	0.6989079	
6260	-126.9304	-117.7201	-9.21034	3.004987	4.721911	0.2737515	0.8141995	
6270	-128.1441	-118.9338	-9.21034	2.952461	4.71651	0.3667328	0.7321543	
6280	-128.4442	-119.2339	-9.21034	2.987124	4.549208	0.3667328	0.6238826	
6290	-127.7229	-118.5125	-9.21034	2.987124	4.776215	0.2084405	0.6711635	
6300	-124.4233	-115.2129	-9.21034	2.939794	4.723058	0.2943606	0.638104	
6310	-124.8798	-115.6695	-9.21034	3.05991	4.832553	0.2958087	0.5224912	
6320	-127.4336	-118.2233	-9.21034	2.938388	4.632795	0.2958087	0.8332432	
6330	-124.8745	-115.6642	-9.21034	2.938388	4.809979	0.2577544	0.5731466	
6340	-126.2689	-117.0586	-9.21034	2.938388	4.837629	0.2886927	0.7193315	
6350	-125.752	-116.5417	-9.21034	2.946234	4.602728	0.2886927	0.7496547	
6360	-124.9855	-115.7751	-9.21034	3.049722	4.791066	0.2829696	0.6258031	
6370	-127.8364	-118.626	-9.21034	2.987318	4.570279	0.2829696	0.8678414	
6380	-124.5229	-115.3126	-9.21034	2.984408	4.71819	0.2829696	0.6964227	
6390	-124.5482	-115.3378	-9.21034	2.927357	4.723569	0.2829696	0.6352748	
6400	-126.6237	-117.4134	-9.21034	2.981168	4.873113	0.3612072	0.6144817	
6410	-125.7606	-116.5503	-9.21034	2.98782	4.612322	0.3322111	0.6144817	
6420	-126.2524	-117.042	-9.21034	3.051354	4.725584	0.2906103	0.7163261	
6430	-125.1593	-115.9489	-9.21034	2.989	4.609486	0.2451543	0.5803588	
6440	-124.3183	-115.1079	-9.21034	2.940518	4.64915	0.2690292	0.6436758	
6450	-124.7492	-115.5389	-9.21034	3.003223	4.614513	0.2690292	0.6666175	
6460	-123.945	-114.7347	-9.21034	2.955472	4.73217	0.2690292	0.5559282	
6470	-126.8018	-117.5915	-9.21034	3.058162	4.811149	0.2502358	0.5003179	
6480	-124.9572	-115.7469	-9.21034	3.048417	4.740134	0.2661558	0.5441212	
6490	-124.2276	-115.0173	-9.21034	2.976406	4.800348	0.2954337	0.6369524	
6500	-125.6301	-116.4197	-9.21034	3.021007	4.747472	0.3631128	0.5479991	
6510	-124.3849	-115.1746	-9.21034	3.001198	4.83114	0.3265852	0.5479991	
6520	-128.161	-118.9507	-9.21034	2.918992	4.677065	0.2329702	0.4952261	
6530	-127.0262	-117.8159	-9.21034	3.058572	4.896577	0.3781091	0.5184367	
6540	-127.481	-118.2707	-9.21034	3.058572	4.732278	0.3671985	0.6728272	
6550	-126.7914	-117.5811	-9.21034	3.058572	4.809231	0.3445015	0.6709665	
6560	-126.6976	-117.4872	-9.21034	2.962118	4.703849	0.3083403	0.7875896	
6570	-126.4953	-117.285	-9.21034	2.886582	4.663444	0.2472851	0.5942789	
6580	-125.7077	-116.4974	-9.21034	2.997794	4.764737	0.2596229	0.7423672	
6590	-128.5531	-119.3428	-9.21034	2.906031	4.478102	0.2591235	0.5838973	
6600	-127.9957	-118.7854	-9.21034	3.067639	4.688556	0.3562869	0.7093051	
6610	-124.4494	-115.2391	-9.21034	2.985533	4.618272	0.2773636	0.5868645	
6620	-123.8264	-114.6161	-9.21034	2.985533	4.669745	0.2773636	0.6128198	
6630	-124.4246	-115.2142	-9.21034	2.950154	4.618278	0.2560104	0.6300251	
6640	-125.166	-115.9557	-9.21034	2.952474	4.714857	0.2309198	0.5687501	
6650	-125.9216	-116.7112	-9.21034	2.919274	4.801056	0.2823823	0.6957149	
6660	-124.5675	-115.3572	-9.21034	2.980582	4.819941	0.2823823	0.6611628	
6670	-124.4419	-115.2316	-9.21034	2.980582	4.622946	0.2823823	0.5811045	
6680	-127.5354	-118.3251	-9.21034	2.9393	4.758528	0.2070604	0.5811045	
6690	-124.8416	-115.6313	-9.21034	2.9393	4.682054	0.2514906	0.7036986	
6700	-126.2172	-117.0068	-9.21034	3.006781	4.740407	0.2720948	0.7743986	
6710	-125.3853	-116.175	-9.21034	3.006781	4.585818	0.2720948	0.7034511	
6720	-127.1505	-117.9402	-9.21034	3.086444	4.712645	0.3004122	0.6812043	
6730	-126.023	-116.8127	-9.21034	3.03439	4.900642	0.3478924	0.5750842	
6740	-125.1771	-115.9667	-9.21034	3.03439	4.790744	0.3478924	0.580628	
6750	-129.0425	-119.8321	-9.21034	3.067905	4.867369	0.4298889	0.495547	
6760	-129.4856	-120.2753	-9.21034	3.10215	4.944932	0.3699927	0.6342249	
6770	-123.9024	-114.692	-9.21034	2.989493	4.731249	0.2557559	0.5692782	
6780	-125.7488	-116.5385	-9.21034	2.989493	4.94112	0.2884756	0.5765257	
6790	-123.6527	-114.4424	-9.21034	2.994335	4.77514	0.2884756	0.6009187	
6800	-125.094	-115.8837	-9.21034	3.014222	4.635705	0.2793275	0.5362707	
6810	-125.125	-115.9147	-9.21034	3.032858	4.89494	0.2851698	0.5802789	
6820	-124.6341	-115.4238	-9.21034	2.983321	4.605418	0.2575931	0.6677354	
6830	-124.1131	-114.9028	-9.21034	2.983321	4.772838	0.2550844	0.5474441	
6840	-127.4365	-118.2261	-9.21034	2.983321	4.641098	0.2550844	0.8593566	
6850	-124.6398	-115.4295	-9.21034	2.983321	4.661894	0.2550844	0.5417555	
6860	-124.7859	-115.5755	-9.21034	3.029953	4.729675	0.2655142	0.6487776	
6870	-124.5053	-115.295	-9.21034	2.966807	4.685655	0.2655142	0.5268093	
6880	-125.4472	-116.2368	-9.21034	2.975291	4.9	0.3159687	0.6009078	
6890	-124.8729	-115.6625	-9.21034	2.947227	4.627777	0.295541	0.6696871	
6900	-125.2062	-115.9958	-9.21034	2.936	4.654693	0.295541	0.5439804	
6910	-125.4264	-116.216	-9.21034	3.025299	4.88836	0.2662527	0.6023751	
6920	-123.9546	-114.7442	-9.21034	2.975869	4.750925	0.2662527	0.6460602	
6930	-124.921	-115.7106	-9.21034	2.975869	4.599801	0.2984216	0.6551388	
6940	-124.2847	-115.0744	-9.21034	2.975869	4.719388	0.2656355	0.683146	
6950	-124.5179	-115.3075	-9.21034	2.978002	4.607134	0.2848391	0.6162128	
6960	-125.1942	-115.9838	-9.21034	2.980022	4.897955	0.2848391	0.622255	
6970	-123.648	-114.4376	-9.21034	2.970417	4.76492	0.2848391	0.5938645	
6980	-125.7728	-116.5625	-9.21034	3.062529	4.865889	0.275943	0.5187125	
6990	-125.6435	-116.4332	-9.21034	2.948664	4.668337	0.2686077	0.5029084	
7000	-126.8868	-117.6765	-9.21034	2.998736	4.947056	0.3021294	0.6768721	
7010	-124.5992	-115.3889	-9.21034	2.998736	4.818844	0.2529635	0.5421761	
7020	-124.8357	-115.6254	-9.21034	2.957163	4.617675	0.2458679	0.6997247	
7030	-125.842	-116.6317	-9.21034	3.007203	4.717242	0.2365242	0.6997247	
7040	-125.2983	-116.088	-9.21034	2.940521	4.844837	0.3203886	0.5548997	
7050	-124.2966	-115.0862	-9.21034	2.940521	4.729284	0.2974103	0.5679858	
7060	-127.8209	-118.6106	-9.21034	2.940521	4.608445	0.2005794	0.5945777	
7070	-124.9416	-115.7313	-9.21034	2.981805	4.786219	0.2368792	0.6196548	
7080	-124.6812	-115.4708	-9.21034	2.988568	4.881234	0.3070777	0.5740524	
7090	-125.397	-116.1867	-9.21034	3.032092	4.813426	0.2656517	0.6618775	
7100	-127.1659	-117.9556	-9.21034	2.883175	4.548746	0.2588692	0.7458773	
7110	-128.426	-119.2156	-9.21034	2.94781	4.441588	0.2588692	0.8772157	
7120	-127.2538	-118.0435	-9.21034	3.022002	4.920936	0.3170274	0.7017265	
7130	-123.8761	-114.6657	-9.21034	2.997947	4.79827	0.2696584	0.6007686	
7140	-126.8057	-117.5953	-9.21034	2.917853	4.495301	0.2439235	0.6346656	
7150	-126.075	-116.8647	-9.21034	2.929702	4.598957	0.2189549	0.6280415	
7160	-125.9803	-116.77	-9.21034	3.014751	4.77319	0.2369347	0.5142427	
7170	-130.8466	-121.6362	-9.21034	3.068487	4.677139	0.2440793	0.4487369	
7180	-124.6654	-115.4551	-9.21034	3.010293	4.66671	0.3105211	0.5468646	
7190	-126.5259	-117.3156	-9.21034	3.011138	4.770575	0.3455093	0.4467536	
7200	-124.2318	-115.0215	-9.21034	2.974059	4.804116	0.3174174	0.5768436	
7210	-125.5901	-116.3798	-9.21034	2.963224	4.901093	0.3151418	0.5943144	
7220	-125.965	-116.7547	-9.21034	3.060222	4.769592	0.3152212	0.6687294	
7230	-126.4897	-117.2794	-9.21034	2.978701	4.850804	0.2363832	0.6973324	
7240	-124.6948	-115.4844	-9.21034	3.010157	4.876424	0.3193144	0.5517092	
7250	-124.1871	-114.9768	-9.21034	3.010157	4.684721	0.2667532	0.5571528	
7260	-124.2939	-115.0836	-9.21034	2.999671	4.762437	0.3161569	0.6230948	
7270	-126.3228	-117.1125	-9.21034	2.989081	4.91862	0.3303522	0.6302062	
7280	-124.6955	-115.4852	-9.21034	3.016419	4.73868	0.3303522	0.5149311	
7290	-124.637	-115.4266	-9.21034	2.961332	4.830033	0.3073153	0.5149311	
7300	-124.7649	-115.5545	-9.21034	2.998296	4.785206	0.3298102	0.6239081	
7310	-127.1573	-117.947	-9.21034	2.945666	4.627611	0.3298102	0.7604196	
7320	-125.7298	-116.5195	-9.21034	2.945666	4.576856	0.2724597	0.7584172	
7330	-125.9987	-116.7884	-9.21034	2.937413	4.698156	0.3245363	0.6980333	
7340	-126.9219	-117.7116	-9.21034	3.013763	4.668729	0.338486	0.7388213	
7350	-126.2958	-117.0855	-9.21034	2.947435	4.735528	0.2200009	0.5561212	
7360	-123.887	-114.6767	-9.21034	2.984745	4.733021	0.3066189	0.6017062	
7370	-123.8303	-114.62	-9.21034	2.980104	4.73562	0.3066189	0.5633053	
7380	-125.7758	-116.5654	-9.21034	3.079868	4.851874	0.2939693	0.5538896	
7390	-125.5539	-116.3435	-9.21034	2.946269	4.819771	0.2939693	0.6937273	
7400	-123.7946	-114.5842	-9.21034	2.999338	4.712211	0.2848502	0.6233686	
7410	-124.944	-115.7337	-9.21034	3.029456	4.679591	0.3249469	0.5687917	
7420	-124.5386	-115.3283	-9.21034	3.05378	4.799461	0.3032733	0.5687917	
7430	-124.3444	-115.1341	-9.21034	3.036725	4.831932	0.2855034	0.5673778	
7440	-123.607	-114.3967	-9.21034	2.9939	4.773376	0.2855034	0.5965884	
7450	-124.9885	-115.7781	-9.21034	2.946222	4.853886	0.2804526	0.6183293	
7460	-124.7216	-115.5112	-9.21034	2.978388	4.850227	0.3253832	0.5356107	
7470	-124.7694	-115.559	-9.21034	2.978388	4.62383	0.2608447	0.7075955	
7480	-127.4205	-118.2101	-9.21034	3.085198	4.783308	0.3875227	0.5657696	
7490	-124.8176	-115.6073	-9.21034	3.036771	4.854224	0.3205892	0.5803726	
7500	-125.3658	-116.1554	-9.21034	2.926138	4.571674	0.2761608	0.6411135	
7510	-124.99	-115.7797	-9.21034	2.954591	4.777182	0.2761608	0.4914172	
7520	-128.5737	-119.3633	-9.21034	3.046907	4.829532	0.3601758	0.7368928	
7530	-126.5193	-117.309	-9.21034	3.01076	4.880794	0.3601758	0.613914	
7540	-126.463	-117.2526	-9.21034	3.032715	4.558215	0.2632306	0.6118087	
7550	-128.3935	-119.1832	-9.21034	3.026117	4.659208	0.2303634	0.7957729	
7560	-125.6322	-116.4219	-9.21034	2.928753	4.726715	0.3358186	0.5708511	
7570	-126.0607	-116.8503	-9.21034	3.055917	4.866136	0.2672144	0.5047248	
7580	-124.981	-115.7707	-9.21034	3.041897	4.668706	0.3083733	0.6037198	
7590	-124.642	-115.4316	-9.21034	3.04294	4.697877	0.307069	0.5619004	
7600	-124.985	-115.7746	-9.21034	2.968727	4.727225	0.307069	0.6941468	
7610	-124.4372	-115.2269	-9.21034	2.968727	4.684944	0.3153916	0.6049134	
7620	-127.3116	-118.1013	-9.21034	2.920313	4.683675	0.2466068	0.8295242	
7630	-125.8866	-116.6763	-9.21034	2.973275	4.831883	0.2466068	0.7075406	
7640	-126.0427	-116.8323	-9.21034	2.984172	4.850692	0.3320293	0.6701864	
7650	-129.0596	-119.8492	-9.21034	3.144117	4.896517	0.3627416	0.5435965	
7660	-129.3699	-120.1596	-9.21034	2.955588	5.032259	0.2667386	0.6090607	
7670	-128.0844	-118.8741	-9.21034	2.910964	4.634471	0.3060966	0.8228768	
7680	-128.2865	-119.0762	-9.21034	3.004274	4.68228	0.382127	0.4819114	
7690	-127.443	-118.2327	-9.21034	3.093881	4.820754	0.2814703	0.4660994	
7700	-124.6714	-115.461	-9.21034	2.956529	4.744032	0.3024842	0.6690013	
7710	-124.5209	-115.3105	-9.21034	3.009229	4.653586	0.3024842	0.6289579	
7720	-124.4429	-115.2325	-9.21034	3.003246	4.757932	0.2502307	0.5425156	
7730	-123.6789	-114.4685	-9.21034	3.003246	4.733589	0.2879921	0.6042395	
7740	-125.2581	-116.0478	-9.21034	2.951406	4.794316	0.2350696	0.6273418	
7750	-124.1608	-114.9504	-9.21034	2.951406	4.652887	0.2697409	0.5912353	
7760	-125.0346	-115.8243	-9.21034	2.951406	4.79766	0.3208469	0.6294641	
7770	-125.34	-116.1297	-9.21034	3.039235	4.895454	0.3286875	0.5430344	
7780	-126.7319	-117.5216	-9.21034	3.007212	4.553244	0.3286875	0.6632559	
7790	-127.7448	-118.5345	-9.21034	2.877449	4.794951	0.3163948	0.6632559	
7800	-124.22	-115.0097	-9.21034	2.950785	4.727991	0.2705785	0.6632559	
7810	-127.094	-117.8837	-9.21034	2.93948	4.892384	0.2787809	0.7257477	
7820	-124.3159	-115.1055	-9.21034	2.93948	4.756017	0.2787809	0.635216	
7830	-125.5107	-116.3003	-9.21034	3.031602	4.61827	0.2641237	0.6574112	
7840	-124.3861	-115.1758	-9.21034	3.031602	4.776866	0.2641237	0.564713	
7850	-124.608	-115.3977	-9.21034	3.03023	4.73969	0.2641237	0.5258868	
7860	-125.1366	-115.9262	-9.21034	2.947364	4.557596	0.2641237	0.6859096	
7870	-124.9018	-115.6915	-9.21034	2.965466	4.666516	0.2786254	0.7256843	
7880	-124.0583	-114.848	-9.21034	2.984482	4.71489	0.2986372	0.6414763	
7890	-125.8903	-116.6799	-9.21034	3.001489	4.795319	0.2425284	0.7020091	
7900	-124.0515	-114.8412	-9.21034	3.001489	4.825465	0.3129852	0.5398259	
7910	-124.2373	-115.027	-9.21034	2.961953	4.704067	0.2544146	0.6685911	
7920	-127.5375	-118.3272	-9.21034	3.003534	4.521122	0.2229635	0.6685911	
7930	-126.1566	-116.9463	-9.21034	2.954804	4.928842	0.2925655	0.615025	
7940	-124.2326	-115.0222	-9.21034	2.954804	4.683713	0.2602392	0.5592525	
7950	-126.1006	-116.8903	-9.21034	2.970732	4.789423	0.252757	0.7588266	
7960	-126.3534	-117.1431	-9.21034	2.970732	4.659231	0.2200968	0.7392029	
7970	-124.7587	-115.5484	-9.21034	2.973454	4.739931	0.2792335	0.7104296	
7980	-128.677	-119.4667	-9.21034	3.040332	4.941891	0.2412558	0.635662	
7990	-124.6034	-115.393	-9.21034	3.000377	4.682756	0.2435223	0.5923606	
8000	-129.683	-120.4726	-9.21034	2.910228	4.344734	0.2545573	0.8510797	
8010	-128.5819	-119.3716	-9.21034	3.057133	4.920573	0.2725009	0.4431249	
8020	-124.461	-115.2506	-9.21034	3.015521	4.714761	0.2549778	0.5519725	
8030	-125.521	-116.3107	-9.21034	3.032177	4.794196	0.2442783	0.5685882	
8040	-126.1505	-116.9402	-9.21034	2.987862	4.872769	0.3293406	0.6672663	
8050	-124.9468	-115.7365	-9.21034	3.027944	4.717004	0.3173143	0.6495187	
8060	-126.9315	-117.7212	-9.21034	2.905227	4.747369	0.3478429	0.6192243	
8070	-127.0152	-117.8048	-9.21034	3.101646	4.867174	0.3589632	0.5255242	
8080	-128.4038	-119.1934	-9.21034	3.134195	4.867174	0.3471649	0.4758857	
8090	-126.9202	-117.7098	-9.21034	3.024481	4.613178	0.3471649	0.554177	
8100	-127.3981	-118.1877	-9.21034	2.941748	4.649583	0.2718206	0.8553473	
8110	-127.2988	-118.0885	-9.21034	3.058165	4.580372	0.296546	0.5536518	
8120	-125.4455	-116.2351	-9.21034	2.934128	4.865208	0.296546	0.5536518	
8130	-125.8388	-116.6285	-9.21034	2.980052	4.87865	0.2488632	0.6529689	
8140	-123.7884	-114.578	-9.21034	2.972172	4.74275	0.2847273	0.5370242	
8150	-123.8574	-114.647	-9.21034	2.972172	4.689027	0.2919716	0.6112598	
8160	-124.2615	-115.0512	-9.21034	2.962614	4.627015	0.2790077	0.6112598	
8170	-124.4947	-115.2843	-9.21034	2.938577	4.646136	0.271348	0.6663508	
8180	-129.6072	-120.3969	-9.21034	2.963235	4.951622	0.2399182	0.496177	
8190	-127.3431	-118.1327	-9.21034	2.950789	4.807519	0.3509462	0.7039235	
8200	-125.4594	-116.2491	-9.21034	2.947105	4.775857	0.2318632	0.5738599	
8210	-126.4712	-117.2609	-9.21034	3.042313	4.833837	0.3769333	0.5738599	
8220	-126.3408	-117.1305	-9.21034	2.9237	4.520232	0.2816204	0.7243531	
8230	-125.0038	-115.7935	-9.21034	3.054236	4.734957	0.2816204	0.5167432	
8240	-124.8753	-115.665	-9.21034	2.932704	4.76599	0.3062431	0.5349029	
8250	-124.9888	-115.7784	-9.21034	3.057604	4.800827	0.275576	0.5349029	
8260	-124.9149	-115.7046	-9.21034	2.931254	4.816481	0.2823258	0.6174896	
8270	-124.2343	-115.0239	-9.21034	2.990913	4.648467	0.2793276	0.6557523	
8280	-124.6024	-115.392	-9.21034	3.041428	4.694348	0.2793276	0.5897674	
8290	-126.293	-117.0827	-9.21034	3.075187	4.694348	0.329629	0.6250555	
8300	-126.5641	-117.3537	-9.21034	3.010265	4.934879	0.3102074	0.4730448	
8310	-128.0557	-118.8454	-9.21034	2.86296	4.620467	0.2843703	0.7436774	
8320	-126.0662	-116.8558	-9.21034	2.96345	4.594293	0.2171366	0.6795931	
8330	-123.9792	-114.7688	-9.21034	2.988396	4.653327	0.2779131	0.5961312	
8340	-124.5143	-115.304	-9.21034	2.972678	4.865145	0.2779131	0.583045	
8350	-123.8222	-114.6119	-9.21034	2.990399	4.696207	0.2947643	0.6079306	
8360	-124.0795	-114.8692	-9.21034	2.974672	4.691337	0.2910393	0.6510824	
8370	-125.1079	-115.8975	-9.21034	3.034008	4.711596	0.2910393	0.6800871	
8380	-129.2054	-119.9951	-9.21034	3.054865	4.455412	0.3080218	0.7309375	
8390	-125.254	-116.0437	-9.21034	2.93217	4.651808	0.3053933	0.6692293	
8400	-124.2166	-115.0063	-9.21034	2.983348	4.671091	0.2940063	0.548087	
8410	-126.4449	-117.2346	-9.21034	2.931041	4.729875	0.2897999	0.4720814	
8420	-124.0511	-114.8408	-9.21034	2.980336	4.658621	0.2923891	0.6116467	
8430	-124.4793	-115.2689	-9.21034	2.982597	4.799686	0.2906207	0.6635537	
8440	-126.5558	-117.3455	-9.21034	2.982597	4.515318	0.2906207	0.7583655	
8450	-124.069	-114.8586	-9.21034	2.957431	4.648676	0.2739955	0.6073536	
8460	-125.9605	-116.7501	-9.21034	2.957431	4.620743	0.2225288	0.579732	
8470	-124.2166	-115.0063	-9.21034	2.96243	4.716952	0.3127581	0.579732	
8480	-125.0892	-115.8789	-9.21034	2.96243	4.667431	0.2818947	0.5103333	
8490	-125.2051	-115.9948	-9.21034	2.96243	4.885584	0.2663639	0.5824169	
8500	-124.0059	-114.7955	-9.21034	2.96243	4.676045	0.2663639	0.6525777	
8510	-125.3292	-116.1189	-9.21034	3.057026	4.789632	0.2663639	0.5278675	
8520	-124.3808	-115.1704	-9.21034	3.008109	4.838389	0.2775003	0.6193136	
8530	-125.8261	-116.6157	-9.21034	2.970995	4.725095	0.3186195	0.7249025	
8540	-125.4427	-116.2323	-9.21034	2.960097	4.882928	0.3186195	0.5210369	
8550	-123.9405	-114.7301	-9.21034	3.03063	4.784573	0.3017002	0.5550546	
8560	-125.4408	-116.2304	-9.21034	2.972347	4.59464	0.2323653	0.6058745	
8570	-125.3748	-116.1645	-9.21034	2.972347	4.593518	0.2323653	0.6862993	
8580	-124.534	-115.3236	-9.21034	3.019823	4.787302	0.292696	0.6521718	
8590	-123.7817	-114.5714	-9.21034	2.98666	4.770901	0.26147	0.571324	
8600	-125.528	-116.3176	-9.21034	3.042478	4.870834	0.3074503	0.6327318	
8610	-126.3265	-117.1161	-9.21034	2.923038	4.765042	0.2396253	0.7343949	
8620	-124.4524	-115.242	-9.21034	3.013361	4.851967	0.3000665	0.6056191	
8630	-124.246	-115.0356	-9.21034	2.97271	4.832313	0.3091633	0.5501484	
8640	-126.9661	-117.7557	-9.21034	3.047857	4.886994	0.3161273	0.6904455	
8650	-125.3085	-116.0982	-9.21034	3.047857	4.799989	0.291012	0.4694456	
8660	-126.6363	-117.426	-9.21034	3.087661	4.845339	0.3100196	0.6253496	
8670	-126.3911	-117.1807	-9.21034	2.906278	4.69295	0.3333545	0.5827716	
8680	-124.13	-114.9196	-9.21034	2.941662	4.702591	0.2686834	0.6372188	
8690	-124.324	-115.1137	-9.21034	2.941662	4.702591	0.2686834	0.6643531	
8700	-126.7271	-117.5167	-9.21034	3.024647	4.663604	0.3683369	0.5869503	
8710	-124.5118	-115.3015	-9.21034	2.990927	4.796817	0.3320814	0.5221851	
8720	-124.4763	-115.266	-9.21034	2.990927	4.801415	0.3320814	0.5715958	
8730	-125.0817	-115.8714	-9.21034	3.018138	4.610491	0.2719383	0.5834466	
8740	-125.3701	-116.1598	-9.21034	3.018138	4.594713	0.2719383	0.5834466	
8750	-126.0329	-116.8225	-9.21034	2.971064	4.674644	0.2719383	0.4782814	
8760	-124.4374	-115.2271	-9.21034	2.95958	4.615938	0.254471	0.6577326	
8770	-124.5555	-115.3451	-9.21034	2.95958	4.777613	0.2654155	0.6765419	
8780	-123.844	-114.6337	-9.21034	2.985677	4.699971	0.2654155	0.5585852	
8790	-123.7212	-114.5108	-9.21034	2.971212	4.76536	0.265954	0.594253	
8800	-124.4786	-115.2682	-9.21034	2.997746	4.798243	0.289002	0.6630211	
8810	-126.7349	-117.5245	-9.21034	3.015637	4.610224	0.289002	0.7902761	
8820	-126.6343	-117.424	-9.21034	3.01643	4.801384	0.2479532	0.7335899	
8830	-127.0314	-117.8211	-9.21034	2.916444	4.708774	0.3203707	0.7420154	
8840	-126.7364	-117.5261	-9.21034	3.014177	4.622946	0.3258947	0.7428618	
8850	-130.7427	-121.5324	-9.21034	3.014177	4.46992	0.373208	0.6357962	
8860	-126.1216	-116.9113	-9.21034	3.041249	4.677349	0.2732501	0.7217041	
8870	-126.4492	-117.2389	-9.21034	3.041443	4.951993	0.3175409	0.5859345	
8880	-126.7961	-117.5858	-9.21034	3.007546	4.681356	0.3515712	0.4874151	
8890	-124.5337	-115.3234	-9.21034	2.96337	4.681669	0.3146487	0.5689029	
8900	-125.7884	-116.578	-9.21034	2.99506	4.779454	0.2551091	0.4696238	
8910	-124.1607	-114.9504	-9.21034	2.974071	4.737206	0.2571674	0.659467	
8920	-128.2518	-119.0414	-9.21034	2.956658	4.449936	0.2604134	0.8718086	
8930	-125.0699	-115.8596	-9.21034	2.956658	4.702627	0.2268783	0.6397054	
8940	-125.324	-116.1137	-9.21034	3.026696	4.703666	0.3393335	0.5246701	
8950	-127.0167	-117.8063	-9.21034	3.104078	4.877948	0.3497685	0.5246701	
8960	-124.7313	-115.521	-9.21034	2.995227	4.711781	0.2376493	0.615905	
8970	-125.1089	-115.8986	-9.21034	2.995227	4.777601	0.3510781	0.5754004	
8980	-125.2014	-115.9911	-9.21034	2.995227	4.751845	0.2333418	0.6369199	
8990	-125.7476	-116.5373	-9.21034	2.995227	4.610736	0.2298191	0.6614934	
9000	-127.231	-118.0206	-9.21034	2.995227	4.91836	0.2780128	0.4550833	
9010	-127.4107	-118.2004	-9.21034	3.090598	4.659912	0.2780128	0.6158434	
9020	-126.8144	-117.6041	-9.21034	2.878749	4.720945	0.3104451	0.6158434	
9030	-124.4288	-115.2185	-9.21034	3.02758	4.692668	0.3104451	0.5860584	
9040	-125.9602	-116.7499	-9.21034	3.02758	4.702702	0.3095074	0.4673956	
9050	-124.0369	-114.8265	-9.21034	3.020292	4.703077	0.2912684	0.6045101	
9060	-124.2963	-115.0859	-9.21034	2.939766	4.742522	0.2866848	0.6316502	
9070	-128.1301	-118.9197	-9.21034	2.979814	4.673689	0.2866848	0.4362916	
9080	-125.8793	-116.6689	-9.21034	3.012643	4.583569	0.2970578	0.5621757	
9090	-123.6979	-114.4876	-9.21034	3.014098	4.753575	0.2970578	0.5710643	
9100	-124.9142	-115.7039	-9.21034	3.017438	4.730845	0.2486898	0.5348266	
9110	-124.3619	-115.1516	-9.21034	3.017438	4.757274	0.3283252	0.5348266	
9120	-124.7254	-115.5151	-9.21034	2.935844	4.748266	0.2666198	0.5352432	
9130	-123.8022	-114.5919	-9.21034	2.986399	4.686783	0.2666198	0.5759689	
9140	-124.7758	-115.5655	-9.21034	3.008149	4.646031	0.2666198	0.6820877	
9150	-126.333	-117.1227	-9.21034	2.91844	4.883821	0.2804722	0.5884883	
9160	-125.6999	-116.4895	-9.21034	3.073249	4.788003	0.3478677	0.5265306	
9170	-125.4233	-116.2129	-9.21034	3.073249	4.793329	0.3363094	0.5251454	
9180	-124.0063	-114.796	-9.21034	3.005051	4.66735	0.2760503	0.5993982	
9190	-124.0298	-114.8195	-9.21034	3.026873	4.739476	0.2746584	0.5538388	
9200	-125.2744	-116.0641	-9.21034	3.038476	4.828676	0.3086026	0.464051	
9210	-124.9718	-115.7615	-9.21034	2.964601	4.879907	0.3086026	0.5654376	
9220	-125.4115	-116.2012	-9.21034	2.977895	4.58401	0.3040529	0.6829941	
9230	-125.4401	-116.2298	-9.21034	2.987011	4.90779	0.3040529	0.5047389	
9240	-124.4759	-115.2656	-9.21034	3.014744	4.731391	0.3279612	0.5373547	
9250	-123.8718	-114.6614	-9.21034	3.007051	4.790592	0.2669259	0.563837	
9260	-123.7142	-114.5039	-9.21034	2.999148	4.698523	0.2751246	0.5822605	
9270	-124.941	-115.7307	-9.21034	2.923925	4.651169	0.2751246	0.5751	
9280	-125.2439	-116.0336	-9.21034	2.980409	4.910719	0.2967787	0.5924622	
9290	-127.6508	-118.4404	-9.21034	3.099082	4.930587	0.3366206	0.5721837	
9300	-125.5971	-116.3868	-9.21034	3.075804	4.750992	0.3342492	0.5340564	
9310	-124.4307	-115.2203	-9.21034	2.962187	4.718939	0.3152511	0.6204946	
9320	-125.3222	-116.1118	-9.21034	2.984852	4.772002	0.3381238	0.6457042	
9330	-123.9713	-114.7609	-9.21034	2.969937	4.8188	0.2799466	0.5550247	
9340	-124.5095	-115.2992	-9.21034	2.966777	4.745461	0.2765916	0.5010376	
9350	-124.9697	-115.7594	-9.21034	2.965384	4.589147	0.2765916	0.5835465	
9360	-125.2886	-116.0782	-9.21034	3.057743	4.81419	0.3034259	0.4761866	
9370	-128.0046	-118.7943	-9.21034	3.013988	4.443765	0.2942565	0.698926	
9380	-125.6719	-116.4616	-9.21034	2.97435	4.88677	0.2942565	0.6689362	
9390	-127.3895	-118.1791	-9.21034	3.022789	4.744118	0.2596142	0.8023365	
9400	-124.4608	-115.2505	-9.21034	2.979685	4.674604	0.2596142	0.5368177	
9410	-129.0319	-119.8215	-9.21034	3.065192	4.500442	0.2679301	0.636352	
9420	-124.0437	-114.8333	-9.21034	2.947949	4.728206	0.2679301	0.636352	
9430	-124.014	-114.8037	-9.21034	2.973129	4.816014	0.2679301	0.5709764	
9440	-123.9563	-114.746	-9.21034	2.995831	4.714132	0.2802158	0.527838	
9450	-128.4516	-119.2412	-9.21034	2.992538	4.39824	0.2802158	0.6984916	
9460	-123.6288	-114.4184	-9.21034	2.999071	4.780521	0.2866565	0.5389141	
9470	-126.6708	-117.4604	-9.21034	2.960719	4.800869	0.3520821	0.6734972	
9480	-124.557	-115.3467	-9.21034	2.960719	4.686483	0.2484213	0.6902555	
9490	-125.2984	-116.0881	-9.21034	2.998218	4.781225	0.3579049	0.5488797	
9500	-128.8328	-119.6225	-9.21034	2.900369	4.595789	0.3579049	0.7092185	
9510	-125.7131	-116.5028	-9.21034	3.03075	4.727168	0.2562244	0.4919011	
9520	-126.6813	-117.471	-9.21034	2.882945	4.575135	0.2538306	0.6957423	
9530	-124.1895	-114.9792	-9.21034	3.040155	4.796977	0.2864431	0.5622677	
9540	-125.5532	-116.3429	-9.21034	2.962418	4.653045	0.3231919	0.6849371	
9550	-124.6626	-115.4523	-9.21034	2.965675	4.850191	0.3113538	0.5311053	
9560	-124.8044	-115.594	-9.21034	3.060321	4.779657	0.3113538	0.5151235	
9570	-125.3068	-116.0965	-9.21034	3.01417	4.869788	0.2772891	0.6556926	
9580	-126.1101	-116.8998	-9.21034	3.073373	4.77162	0.3093445	0.6530124	
9590	-124.4056	-115.1952	-9.21034	3.03276	4.815119	0.2705542	0.5462311	
9600	-124.4	-115.1897	-9.21034	2.984078	4.834384	0.3190418	0.5780071	
9610	-124.3083	-115.098	-9.21034	3.022126	4.754498	0.3007758	0.6339344	
9620	-124.4228	-115.2125	-9.21034	2.994059	4.871372	0.3007758	0.5718735	
9630	-124.5633	-115.353	-9.21034	2.994059	4.789674	0.3326762	0.5917522	
9640	-125.1259	-115.9156	-9.21034	3.023084	4.792656	0.3326762	0.4770048	
9650	-124.7891	-115.5788	-9.21034	3.044192	4.780807	0.3326762	0.5735193	
9660	-123.8498	-114.6394	-9.21034	2.962429	4.757569	0.2990173	0.5735193	
9670	-127.7813	-118.5709	-9.21034	2.880432	4.509108	0.2867093	0.6734813	
9680	-125.0275	-115.8172	-9.21034	2.936818	4.808803	0.2867093	0.6550246	
9690	-126.5867	-117.3763	-9.21034	2.976572	4.805829	0.2498281	0.7708438	
9700	-125.3631	-116.1527	-9.21034	2.948859	4.580082	0.2694287	0.7355978	
9710	-125.5603	-116.3499	-9.21034	2.979788	4.581741	0.2694287	0.751351	
9720	-125.753	-116.5427	-9.21034	2.979788	4.542152	0.2916841	0.7033211	
9730	-125.3829	-116.1726	-9.21034	3.055623	4.666065	0.3064966	0.5634534	
9740	-127.4983	-118.2879	-9.21034	2.913988	4.546346	0.3064966	0.57763	
9750	-125.5566	-116.3462	-9.21034	3.044624	4.732931	0.2546611	0.6307132	
9760	-126.1716	-116.9613	-9.21034	3.044624	4.883684	0.3379045	0.4659228	
9770	-124.6489	-115.4385	-9.21034	3.013653	4.83687	0.2577692	0.5673033	
9780	-127.4119	-118.2016	-9.21034	2.914574	4.911617	0.2860082	0.6606257	
9790	-126.3429	-117.1326	-9.21034	3.037739	4.71546	0.2400978	0.5299239	
9800	-124.6591	-115.4488	-9.21034	3.019168	4.666803	0.3103931	0.5582445	
9810	-128.1734	-118.9631	-9.21034	2.956734	4.566854	0.3225014	0.8275639	
9820	-126.9464	-117.7361	-9.21034	3.088139	4.770339	0.2785022	0.6352046	
9830	-126.2464	-117.0361	-9.21034	2.905989	4.740459	0.3116045	0.6790149	
9840	-123.9045	-114.6941	-9.21034	3.025781	4.785172	0.3045411	0.5619063	
9850	-125.5015	-116.2911	-9.21034	2.93667	4.594533	0.24456	0.5807394	
9860	-124.5104	-115.3	-9.21034	2.951873	4.655294	0.2812478	0.5550716	
9870	-124.467	-115.2566	-9.21034	2.977224	4.740857	0.2847836	0.688508	
9880	-124.5591	-115.3487	-9.21034	2.977224	4.740857	0.3090068	0.6624155	
9890	-125.0253	-115.8149	-9.21034	3.004831	4.766383	0.3017678	0.6942173	
9900	-124.1337	-114.9234	-9.21034	3.002566	4.686087	0.3017678	0.6204003	
9910	-124.4173	-115.207	-9.21034	3.030098	4.782555	0.327726	0.5671711	
9920	-128.4375	-119.2272	-9.21034	3.060428	4.724423	0.2465465	0.741051	
9930	-127.4774	-118.2671	-9.21034	2.867806	4.578038	0.2477907	0.6529737	
9940	-127.5101	-118.2997	-9.21034	2.993132	4.844309	0.3780189	0.6507534	
9950	-123.593	-114.3827	-9.21034	3.0071	4.778025	0.2887779	0.5660886	
9960	-124.695	-115.4847	-9.21034	2.927991	4.761442	0.2753708	0.6434621	
9970	-124.043	-114.8327	-9.21034	3.0062	4.814167	0.2753708	0.5226295	
9980	-125.3458	-116.1355	-9.21034	3.041964	4.89183	0.3278897	0.5572474	
9990	-125.9382	-116.7279	-9.21034	3.059917	4.792334	0.3278897	0.649492	
10000	-124.6962	-115.4859	-9.21034	3.007786	4.83508	0.335758	0.5604237	
