state	power	likelihood
260	1	-15825
270	1	-15821
280	1	-15820.3
290	1	-15814.5
300	1	-15813.9
310	1	-15827.4
320	1	-15820.1
330	1	-15811.6
340	1	-15821.2
350	1	-15817.7
360	1	-15817.8
370	1	-15813.6
380	1	-15820.2
390	1	-15817.3
400	1	-15811
410	1	-15818.6
420	1	-15821
430	1	-15811.9
440	1	-15816
450	1	-15806.6
460	1	-15816.2
470	1	-15825.1
480	1	-15815.9
490	1	-15823.2
500	1	-15823.5
510	1	-15822.1
520	1	-15823.2
530	1	-15816
540	1	-15818.7
550	1	-15819
560	1	-15820.7
570	1	-15823.6
580	1	-15823.1
590	1	-15823.5
600	1	-15813.7
610	1	-15819.1
620	1	-15827.2
630	1	-15815
640	1	-15825.4
650	1	-15819.4
660	1	-15814.7
670	1	-15813.5
680	1	-15813.7
690	1	-15808.8
700	1	-15821.8
710	1	-15818.1
720	1	-15814.5
730	1	-15812.3
740	1	-15812.9
750	1	-15811
760	1	-15824.7
770	1	-15825.8
780	1	-15812
790	1	-15812.5
800	1	-15822.2
810	1	-15820.1
820	1	-15823.5
830	1	-15821.5
840	1	-15811.4
850	1	-15813.3
860	1	-15817.4
870	1	-15822.7
880	1	-15813.5
890	1	-15818.7
900	1	-15824.3
910	1	-15818.6
920	1	-15813.8
930	1	-15818.3
940	1	-15811.4
950	1	-15813.6
960	1	-15809.5
970	1	-15813.1
980	1	-15811.4
990	1	-15812.1
1000	1	-15813.9
260	0.903921	-15808
270	0.903921	-15818.5
280	0.903921	-15823.5
290	0.903921	-15821.8
300	0.903921	-15814.2
310	0.903921	-15815.5
320	0.903921	-15827.1
330	0.903921	-15816.6
340	0.903921	-15812.5
350	0.903921	-15821.2
360	0.903921	-15814.4
370	0.903921	-15810.1
380	0.903921	-15823.9
390	0.903921	-15815.7
400	0.903921	-15816
410	0.903921	-15825.7
420	0.903921	-15832.3
430	0.903921	-15816.3
440	0.903921	-15815.8
450	0.903921	-15812.3
460	0.903921	-15825.1
470	0.903921	-15813.6
480	0.903921	-15821.2
490	0.903921	-15821.9
500	0.903921	-15824.9
510	0.903921	-15811.4
520	0.903921	-15825.5
530	0.903921	-15821.5
540	0.903921	-15826.1
550	0.903921	-15818.4
560	0.903921	-15817
570	0.903921	-15814.4
580	0.903921	-15818.5
590	0.903921	-15821.9
600	0.903921	-15819.6
610	0.903921	-15817.2
620	0.903921	-15816.1
630	0.903921	-15813.8
640	0.903921	-15815.8
650	0.903921	-15814.6
660	0.903921	-15817.9
670	0.903921	-15817
680	0.903921	-15827.2
690	0.903921	-15815.9
700	0.903921	-15817.1
710	0.903921	-15816.2
720	0.903921	-15822.9
730	0.903921	-15824.5
740	0.903921	-15823.8
750	0.903921	-15819
760	0.903921	-15822.3
770	0.903921	-15818.7
780	0.903921	-15829
790	0.903921	-15819.7
800	0.903921	-15816.3
810	0.903921	-15817.1
820	0.903921	-15808.8
830	0.903921	-15820.6
840	0.903921	-15811.2
850	0.903921	-15813.6
860	0.903921	-15829.1
870	0.903921	-15821.4
880	0.903921	-15812.6
890	0.903921	-15825.9
900	0.903921	-15827.2
910	0.903921	-15825
920	0.903921	-15824.5
930	0.903921	-15828.5
940	0.903921	-15821.4
950	0.903921	-15820.8
960	0.903921	-15817.3
970	0.903921	-15818.6
980	0.903921	-15814
990	0.903921	-15822.3
1000	0.903921	-15823.7
260	0.815373	-15816.6
270	0.815373	-15823
280	0.815373	-15819.3
290	0.815373	-15823
300	0.815373	-15814
310	0.815373	-15826.4
320	0.815373	-15816
330	0.815373	-15816.2
340	0.815373	-15822.1
350	0.815373	-15815.7
360	0.815373	-15830.1
370	0.815373	-15817
380	0.815373	-15816.7
390	0.815373	-15816.6
400	0.815373	-15824.9
410	0.815373	-15812.5
420	0.815373	-15818.7
430	0.815373	-15828.6
440	0.815373	-15822.5
450	0.815373	-15821.4
460	0.815373	-15829.1
470	0.815373	-15834.9
480	0.815373	-15826.8
490	0.815373	-15817.8
500	0.815373	-15823.4
510	0.815373	-15819.2
520	0.815373	-15827
530	0.815373	-15819
540	0.815373	-15819.6
550	0.815373	-15819.3
560	0.815373	-15825.5
570	0.815373	-15819.4
580	0.815373	-15816.4
590	0.815373	-15824.3
600	0.815373	-15825
610	0.815373	-15826.3
620	0.815373	-15820.6
630	0.815373	-15832.9
640	0.815373	-15826.4
650	0.815373	-15829.5
660	0.815373	-15824.9
670	0.815373	-15823.9
680	0.815373	-15824.3
690	0.815373	-15817.2
700	0.815373	-15821.4
710	0.815373	-15817.6
720	0.815373	-15819.3
730	0.815373	-15821.6
740	0.815373	-15814.1
750	0.815373	-15821.7
760	0.815373	-15820.3
770	0.815373	-15825
780	0.815373	-15827
790	0.815373	-15820.8
800	0.815373	-15825.3
810	0.815373	-15830.8
820	0.815373	-15814.8
830	0.815373	-15817
840	0.815373	-15813.7
850	0.815373	-15823.8
860	0.815373	-15821.7
870	0.815373	-15815.6
880	0.815373	-15824.1
890	0.815373	-15818.2
900	0.815373	-15828.3
910	0.815373	-15815.3
920	0.815373	-15825.6
930	0.815373	-15826.3
940	0.815373	-15830.8
950	0.815373	-15823.7
960	0.815373	-15818.3
970	0.815373	-15818.6
980	0.815373	-15819.6
990	0.815373	-15822.7
1000	0.815373	-15819.6
260	0.733904	-15835.2
270	0.733904	-15827
280	0.733904	-15829
290	0.733904	-15828
300	0.733904	-15821.3
310	0.733904	-15812.4
320	0.733904	-15834.4
330	0.733904	-15820.5
340	0.733904	-15825.4
350	0.733904	-15838.5
360	0.733904	-15842.8
370	0.733904	-15840.9
380	0.733904	-15821
390	0.733904	-15824.9
400	0.733904	-15829.2
410	0.733904	-15832.8
420	0.733904	-15822.2
430	0.733904	-15822.2
440	0.733904	-15832.2
450	0.733904	-15825.6
460	0.733904	-15827.8
470	0.733904	-15824.2
480	0.733904	-15829.3
490	0.733904	-15831.8
500	0.733904	-15828.6
510	0.733904	-15835.4
520	0.733904	-15825.2
530	0.733904	-15814.9
540	0.733904	-15825
550	0.733904	-15830.9
560	0.733904	-15833.3
570	0.733904	-15831.8
580	0.733904	-15835.6
590	0.733904	-15827
600	0.733904	-15833.4
610	0.733904	-15827.7
620	0.733904	-15831.4
630	0.733904	-15828.5
640	0.733904	-15829.2
650	0.733904	-15839
660	0.733904	-15830.7
670	0.733904	-15822.1
680	0.733904	-15832.7
690	0.733904	-15835.4
700	0.733904	-15829.7
710	0.733904	-15826.6
720	0.733904	-15834.7
730	0.733904	-15826
740	0.733904	-15825.8
750	0.733904	-15829.7
760	0.733904	-15820.9
770	0.733904	-15815.2
780	0.733904	-15828
790	0.733904	-15817.1
800	0.733904	-15826
810	0.733904	-15820.1
820	0.733904	-15825
830	0.733904	-15828.8
840	0.733904	-15825.1
850	0.733904	-15820.7
860	0.733904	-15829.5
870	0.733904	-15821.3
880	0.733904	-15817.4
890	0.733904	-15820.3
900	0.733904	-15824.6
910	0.733904	-15825.2
920	0.733904	-15826.8
930	0.733904	-15833.9
940	0.733904	-15820.6
950	0.733904	-15826.2
960	0.733904	-15831.5
970	0.733904	-15827.3
980	0.733904	-15824
990	0.733904	-15848.1
1000	0.733904	-15831.9
260	0.659082	-15832.3
270	0.659082	-15825.7
280	0.659082	-15831.7
290	0.659082	-15831.3
300	0.659082	-15834.8
310	0.659082	-15838.3
320	0.659082	-15837.3
330	0.659082	-15819.7
340	0.659082	-15825
350	0.659082	-15841.2
360	0.659082	-15820.1
370	0.659082	-15835.8
380	0.659082	-15818.5
390	0.659082	-15838.2
400	0.659082	-15824
410	0.659082	-15820
420	0.659082	-15836.6
430	0.659082	-15830
440	0.659082	-15828.3
450	0.659082	-15819.9
460	0.659082	-15826.2
470	0.659082	-15832.7
480	0.659082	-15829.4
490	0.659082	-15819.7
500	0.659082	-15828.7
510	0.659082	-15831.6
520	0.659082	-15833.7
530	0.659082	-15830.6
540	0.659082	-15825.2
550	0.659082	-15832.7
560	0.659082	-15832.2
570	0.659082	-15818.4
580	0.659082	-15836.6
590	0.659082	-15839.4
600	0.659082	-15830
610	0.659082	-15840.1
620	0.659082	-15830
630	0.659082	-15832.4
640	0.659082	-15831.4
650	0.659082	-15847.8
660	0.659082	-15833
670	0.659082	-15849.9
680	0.659082	-15858.2
690	0.659082	-15848.8
700	0.659082	-15829.7
710	0.659082	-15844.6
720	0.659082	-15835.2
730	0.659082	-15832
740	0.659082	-15827
750	0.659082	-15839.1
760	0.659082	-15828.4
770	0.659082	-15840.5
780	0.659082	-15826.3
790	0.659082	-15831.3
800	0.659082	-15849
810	0.659082	-15829.5
820	0.659082	-15818.2
830	0.659082	-15842.1
840	0.659082	-15834
850	0.659082	-15825.2
860	0.659082	-15845.3
870	0.659082	-15833.2
880	0.659082	-15819.7
890	0.659082	-15827.6
900	0.659082	-15833.6
910	0.659082	-15835.3
920	0.659082	-15855.6
930	0.659082	-15841.5
940	0.659082	-15825.9
950	0.659082	-15837.3
960	0.659082	-15841.4
970	0.659082	-15841
980	0.659082	-15833.5
990	0.659082	-15840.3
1000	0.659082	-15832.7
260	0.59049	-15837.4
270	0.59049	-15839.1
280	0.59049	-15828
290	0.59049	-15846.4
300	0.59049	-15840.7
310	0.59049	-15832.8
320	0.59049	-15849.9
330	0.59049	-15839.5
340	0.59049	-15836.8
350	0.59049	-15826.7
360	0.59049	-15839.3
370	0.59049	-15832.3
380	0.59049	-15828.6
390	0.59049	-15832.1
400	0.59049	-15832.9
410	0.59049	-15858.6
420	0.59049	-15839
430	0.59049	-15827.2
440	0.59049	-15842.5
450	0.59049	-15830.8
460	0.59049	-15825.1
470	0.59049	-15834.4
480	0.59049	-15837.1
490	0.59049	-15839.1
500	0.59049	-15829.4
510	0.59049	-15859.6
520	0.59049	-15843.8
530	0.59049	-15831.3
540	0.59049	-15839.1
550	0.59049	-15836.5
560	0.59049	-15842.9
570	0.59049	-15833.7
580	0.59049	-15840.2
590	0.59049	-15833.2
600	0.59049	-15875.4
610	0.59049	-15829.7
620	0.59049	-15836.5
630	0.59049	-15835.6
640	0.59049	-15844.5
650	0.59049	-15836.3
660	0.59049	-15850.9
670	0.59049	-15830.6
680	0.59049	-15833.9
690	0.59049	-15842.4
700	0.59049	-15840
710	0.59049	-15848.7
720	0.59049	-15850.7
730	0.59049	-15835.2
740	0.59049	-15831.6
750	0.59049	-15838.9
760	0.59049	-15827
770	0.59049	-15823.9
780	0.59049	-15822.3
790	0.59049	-15844.2
800	0.59049	-15833.8
810	0.59049	-15828
820	0.59049	-15828.7
830	0.59049	-15824.1
840	0.59049	-15831.3
850	0.59049	-15845.3
860	0.59049	-15832.5
870	0.59049	-15848.4
880	0.59049	-15825.2
890	0.59049	-15841.5
900	0.59049	-15829.4
910	0.59049	-15841.5
920	0.59049	-15826.1
930	0.59049	-15837.6
940	0.59049	-15825.1
950	0.59049	-15831.4
960	0.59049	-15833.1
970	0.59049	-15832.3
980	0.59049	-15830
990	0.59049	-15826.9
1000	0.59049	-15832
260	0.527732	-15834.5
270	0.527732	-15839.9
280	0.527732	-15838.9
290	0.527732	-15825.8
300	0.527732	-15849.7
310	0.527732	-15848.9
320	0.527732	-15840.4
330	0.527732	-15842.7
340	0.527732	-15837.6
350	0.527732	-15837.8
360	0.527732	-15837.1
370	0.527732	-15832.9
380	0.527732	-15828
390	0.527732	-15832.5
400	0.527732	-15840.3
410	0.527732	-15861.2
420	0.527732	-15831.1
430	0.527732	-15848.9
440	0.527732	-15839.8
450	0.527732	-15841.8
460	0.527732	-15836.1
470	0.527732	-15846.9
480	0.527732	-15849.3
490	0.527732	-15833.4
500	0.527732	-15828.6
510	0.527732	-15838.9
520	0.527732	-15849.9
530	0.527732	-15861.3
540	0.527732	-15852.7
550	0.527732	-15835.6
560	0.527732	-15847.9
570	0.527732	-15839.4
580	0.527732	-15844.9
590	0.527732	-15831.1
600	0.527732	-15832.3
610	0.527732	-15832.2
620	0.527732	-15850.2
630	0.527732	-15839.4
640	0.527732	-15833.5
650	0.527732	-15844.1
660	0.527732	-15847.2
670	0.527732	-15841.2
680	0.527732	-15837.4
690	0.527732	-15843.5
700	0.527732	-15840.2
710	0.527732	-15843.7
720	0.527732	-15837.9
730	0.527732	-15850.4
740	0.527732	-15833.3
750	0.527732	-15844.5
760	0.527732	-15856.7
770	0.527732	-15849.3
780	0.527732	-15830.8
790	0.527732	-15852.4
800	0.527732	-15836.8
810	0.527732	-15837.7
820	0.527732	-15855.2
830	0.527732	-15839.9
840	0.527732	-15851.3
850	0.527732	-15832
860	0.527732	-15843.5
870	0.527732	-15837.8
880	0.527732	-15836.5
890	0.527732	-15832.7
900	0.527732	-15837.3
910	0.527732	-15849.4
920	0.527732	-15832.4
930	0.527732	-15834.3
940	0.527732	-15836.6
950	0.527732	-15845
960	0.527732	-15831.8
970	0.527732	-15833.2
980	0.527732	-15839.5
990	0.527732	-15854.2
1000	0.527732	-15845.1
260	0.470427	-15867.6
270	0.470427	-15847.9
280	0.470427	-15854.5
290	0.470427	-15840.3
300	0.470427	-15836.3
310	0.470427	-15846.4
320	0.470427	-15855
330	0.470427	-15832.9
340	0.470427	-15866.1
350	0.470427	-15837
360	0.470427	-15851.5
370	0.470427	-15852.6
380	0.470427	-15851
390	0.470427	-15845.3
400	0.470427	-15830.2
410	0.470427	-15831.4
420	0.470427	-15852.1
430	0.470427	-15863
440	0.470427	-15848.8
450	0.470427	-15876.5
460	0.470427	-15844.9
470	0.470427	-15849.4
480	0.470427	-15835
490	0.470427	-15830.9
500	0.470427	-15831.3
510	0.470427	-15833.2
520	0.470427	-15840.8
530	0.470427	-15841.3
540	0.470427	-15842
550	0.470427	-15855.6
560	0.470427	-15841.2
570	0.470427	-15843
580	0.470427	-15845.5
590	0.470427	-15841.9
600	0.470427	-15853.4
610	0.470427	-15857.6
620	0.470427	-15863.7
630	0.470427	-15841.8
640	0.470427	-15835
650	0.470427	-15852
660	0.470427	-15830.2
670	0.470427	-15857
680	0.470427	-15866.5
690	0.470427	-15853
700	0.470427	-15852.8
710	0.470427	-15850.2
720	0.470427	-15849.8
730	0.470427	-15849.4
740	0.470427	-15858
750	0.470427	-15853.3
760	0.470427	-15847.8
770	0.470427	-15852.6
780	0.470427	-15828.9
790	0.470427	-15868.6
800	0.470427	-15847.1
810	0.470427	-15849.4
820	0.470427	-15843.3
830	0.470427	-15835.8
840	0.470427	-15863.7
850	0.470427	-15844.9
860	0.470427	-15826.2
870	0.470427	-15872.8
880	0.470427	-15848.7
890	0.470427	-15846
900	0.470427	-15833.6
910	0.470427	-15836.5
920	0.470427	-15840.3
930	0.470427	-15847.4
940	0.470427	-15834.8
950	0.470427	-15849.8
960	0.470427	-15855.8
970	0.470427	-15830.8
980	0.470427	-15836.7
990	0.470427	-15835.9
1000	0.470427	-15850.8
260	0.418212	-15847.8
270	0.418212	-15850.3
280	0.418212	-15859.3
290	0.418212	-15862.4
300	0.418212	-15850.6
310	0.418212	-15850.8
320	0.418212	-15846.2
330	0.418212	-15844.2
340	0.418212	-15837.9
350	0.418212	-15832.8
360	0.418212	-15846.7
370	0.418212	-15840
380	0.418212	-15864.3
390	0.418212	-15839
400	0.418212	-15860.7
410	0.418212	-15838.9
420	0.418212	-15849.1
430	0.418212	-15846.7
440	0.418212	-15848.4
450	0.418212	-15841.4
460	0.418212	-15867.9
470	0.418212	-15857.8
480	0.418212	-15845.5
490	0.418212	-15844.6
500	0.418212	-15834.1
510	0.418212	-15853.2
520	0.418212	-15855.5
530	0.418212	-15865.8
540	0.418212	-15871
550	0.418212	-15885.4
560	0.418212	-15869.2
570	0.418212	-15859.5
580	0.418212	-15858.4
590	0.418212	-15845.3
600	0.418212	-15870.5
610	0.418212	-15835.8
620	0.418212	-15850
630	0.418212	-15885.6
640	0.418212	-15860.1
650	0.418212	-15861.8
660	0.418212	-15856
670	0.418212	-15852.9
680	0.418212	-15852.3
690	0.418212	-15838
700	0.418212	-15836.8
710	0.418212	-15844.9
720	0.418212	-15846.7
730	0.418212	-15846.4
740	0.418212	-15838.3
750	0.418212	-15879
760	0.418212	-15864.1
770	0.418212	-15867.1
780	0.418212	-15869.4
790	0.418212	-15836.6
800	0.418212	-15860.4
810	0.418212	-15833.2
820	0.418212	-15839.2
830	0.418212	-15868.5
840	0.418212	-15842.2
850	0.418212	-15839.7
860	0.418212	-15848.9
870	0.418212	-15854.4
880	0.418212	-15848.8
890	0.418212	-15833.3
900	0.418212	-15841.3
910	0.418212	-15875.1
920	0.418212	-15842
930	0.418212	-15868.1
940	0.418212	-15850.8
950	0.418212	-15843.3
960	0.418212	-15860.2
970	0.418212	-15851.8
980	0.418212	-15860.5
990	0.418212	-15851.8
1000	0.418212	-15847.6
260	0.37074	-15873.9
270	0.37074	-15851.8
280	0.37074	-15863.7
290	0.37074	-15858.1
300	0.37074	-15860.5
310	0.37074	-15853.1
320	0.37074	-15846.6
330	0.37074	-15842.8
340	0.37074	-15857.1
350	0.37074	-15867.9
360	0.37074	-15872.7
370	0.37074	-15843.6
380	0.37074	-15859.7
390	0.37074	-15866.6
400	0.37074	-15867
410	0.37074	-15878.2
420	0.37074	-15847.6
430	0.37074	-15845
440	0.37074	-15856.4
450	0.37074	-15849.5
460	0.37074	-15860.7
470	0.37074	-15876.7
480	0.37074	-15851.1
490	0.37074	-15869.1
500	0.37074	-15845.6
510	0.37074	-15865.5
520	0.37074	-15855.8
530	0.37074	-15878
540	0.37074	-15859.7
550	0.37074	-15863
560	0.37074	-15867.4
570	0.37074	-15845.5
580	0.37074	-15875.2
590	0.37074	-15854.8
600	0.37074	-15868.5
610	0.37074	-15862.3
620	0.37074	-15862
630	0.37074	-15839.5
640	0.37074	-15857.3
650	0.37074	-15861.8
660	0.37074	-15853.5
670	0.37074	-15841.3
680	0.37074	-15856.2
690	0.37074	-15843.4
700	0.37074	-15880
710	0.37074	-15830.1
720	0.37074	-15850.4
730	0.37074	-15852.2
740	0.37074	-15875.1
750	0.37074	-15878.8
760	0.37074	-15845.2
770	0.37074	-15846.8
780	0.37074	-15854.9
790	0.37074	-15862.9
800	0.37074	-15849.2
810	0.37074	-15871.2
820	0.37074	-15857.1
830	0.37074	-15838.6
840	0.37074	-15828
850	0.37074	-15848.5
860	0.37074	-15879.4
870	0.37074	-15857.1
880	0.37074	-15856.1
890	0.37074	-15865.2
900	0.37074	-15853.9
910	0.37074	-15855
920	0.37074	-15868.8
930	0.37074	-15847.1
940	0.37074	-15848.7
950	0.37074	-15853.9
960	0.37074	-15872.1
970	0.37074	-15851.4
980	0.37074	-15839.2
990	0.37074	-15872
1000	0.37074	-15869.4
260	0.32768	-15875.2
270	0.32768	-15844.3
280	0.32768	-15866
290	0.32768	-15872.8
300	0.32768	-15865.8
310	0.32768	-15848.6
320	0.32768	-15850.4
330	0.32768	-15845.3
340	0.32768	-15854.7
350	0.32768	-15860.9
360	0.32768	-15873.5
370	0.32768	-15845.9
380	0.32768	-15873.3
390	0.32768	-15898.3
400	0.32768	-15852.7
410	0.32768	-15871
420	0.32768	-15873.8
430	0.32768	-15855
440	0.32768	-15840.4
450	0.32768	-15852.7
460	0.32768	-15873
470	0.32768	-15870.5
480	0.32768	-15879.7
490	0.32768	-15871.5
500	0.32768	-15861.6
510	0.32768	-15871.1
520	0.32768	-15868.1
530	0.32768	-15872.3
540	0.32768	-15866.3
550	0.32768	-15881.5
560	0.32768	-15907.7
570	0.32768	-15878.9
580	0.32768	-15872.8
590	0.32768	-15837.6
600	0.32768	-15857.1
610	0.32768	-15888
620	0.32768	-15872.8
630	0.32768	-15857.2
640	0.32768	-15862.4
650	0.32768	-15863.1
660	0.32768	-15852.9
670	0.32768	-15861.9
680	0.32768	-15864.7
690	0.32768	-15861.3
700	0.32768	-15866.7
710	0.32768	-15840.6
720	0.32768	-15853.3
730	0.32768	-15850.7
740	0.32768	-15848.4
750	0.32768	-15856.3
760	0.32768	-15860.2
770	0.32768	-15866.8
780	0.32768	-15852.5
790	0.32768	-15856.8
800	0.32768	-15853.8
810	0.32768	-15857.3
820	0.32768	-15854.5
830	0.32768	-15878.6
840	0.32768	-15886
850	0.32768	-15887.6
860	0.32768	-15852.1
870	0.32768	-15867.4
880	0.32768	-15861.6
890	0.32768	-15852
900	0.32768	-15857.8
910	0.32768	-15860.4
920	0.32768	-15876.1
930	0.32768	-15851.2
940	0.32768	-15834
950	0.32768	-15864.1
960	0.32768	-15889.3
970	0.32768	-15843.5
980	0.32768	-15853.8
990	0.32768	-15885.6
1000	0.32768	-15858.7
260	0.288717	-15876.6
270	0.288717	-15871.4
280	0.288717	-15861.3
290	0.288717	-15847.2
300	0.288717	-15875
310	0.288717	-15892
320	0.288717	-15880
330	0.288717	-15855.9
340	0.288717	-15901.6
350	0.288717	-15863.9
360	0.288717	-15864.3
370	0.288717	-15880.7
380	0.288717	-15862.6
390	0.288717	-15894.7
400	0.288717	-15886.4
410	0.288717	-15848.3
420	0.288717	-15870.9
430	0.288717	-15861.8
440	0.288717	-15851.1
450	0.288717	-15852.4
460	0.288717	-15847
470	0.288717	-15860.9
480	0.288717	-15888.1
490	0.288717	-15925.3
500	0.288717	-15872.3
510	0.288717	-15893.9
520	0.288717	-15860.5
530	0.288717	-15903.2
540	0.288717	-15907.4
550	0.288717	-15893
560	0.288717	-15903.2
570	0.288717	-15874.6
580	0.288717	-15899.1
590	0.288717	-15886.9
600	0.288717	-15872.5
610	0.288717	-15884.4
620	0.288717	-15860.7
630	0.288717	-15854.6
640	0.288717	-15880.1
650	0.288717	-15880.4
660	0.288717	-15884.4
670	0.288717	-15896.7
680	0.288717	-15885
690	0.288717	-15892.4
700	0.288717	-15867.2
710	0.288717	-15855.7
720	0.288717	-15932.8
730	0.288717	-15850.1
740	0.288717	-15880.7
750	0.288717	-15855.9
760	0.288717	-15890
770	0.288717	-15887
780	0.288717	-15873.7
790	0.288717	-15905.8
800	0.288717	-15908.6
810	0.288717	-15885.6
820	0.288717	-15866.1
830	0.288717	-15881.5
840	0.288717	-15868.7
850	0.288717	-15890.8
860	0.288717	-15892.1
870	0.288717	-15874.4
880	0.288717	-15892.5
890	0.288717	-15886.6
900	0.288717	-15863.5
910	0.288717	-15890.7
920	0.288717	-15852.9
930	0.288717	-15882.6
940	0.288717	-15861.9
950	0.288717	-15846.8
960	0.288717	-15860.3
970	0.288717	-15877.1
980	0.288717	-15880
990	0.288717	-15918.2
1000	0.288717	-15897.7
260	0.253553	-15873.7
270	0.253553	-15875.6
280	0.253553	-15938.6
290	0.253553	-15898.8
300	0.253553	-15924.1
310	0.253553	-15878.7
320	0.253553	-15855
330	0.253553	-15885.2
340	0.253553	-15894.4
350	0.253553	-15912.7
360	0.253553	-15911
370	0.253553	-15902.5
380	0.253553	-15949.9
390	0.253553	-15893.3
400	0.253553	-15947.5
410	0.253553	-15934.9
420	0.253553	-15872.3
430	0.253553	-15896.3
440	0.253553	-15901
450	0.253553	-15863
460	0.253553	-15876.4
470	0.253553	-15895.7
480	0.253553	-15879.4
490	0.253553	-15949.3
500	0.253553	-15899.2
510	0.253553	-15896.9
520	0.253553	-15916.1
530	0.253553	-15866.4
540	0.253553	-15865.9
550	0.253553	-15897.3
560	0.253553	-15863.8
570	0.253553	-15888.7
580	0.253553	-15886.3
590	0.253553	-15880
600	0.253553	-15913.3
610	0.253553	-15902.4
620	0.253553	-15902.5
630	0.253553	-15891.1
640	0.253553	-15890.7
650	0.253553	-15911.2
660	0.253553	-15895.8
670	0.253553	-15940.6
680	0.253553	-15947.2
690	0.253553	-15873.5
700	0.253553	-15870.3
710	0.253553	-15891.5
720	0.253553	-15904.9
730	0.253553	-15887.3
740	0.253553	-15888.8
750	0.253553	-15892.8
760	0.253553	-15877.9
770	0.253553	-15895.6
780	0.253553	-15905.6
790	0.253553	-15884
800	0.253553	-15859.7
810	0.253553	-15903.7
820	0.253553	-15898
830	0.253553	-15881.8
840	0.253553	-15905
850	0.253553	-15909.3
860	0.253553	-15878
870	0.253553	-15879.7
880	0.253553	-15891.5
890	0.253553	-15898.8
900	0.253553	-15900.7
910	0.253553	-15881.6
920	0.253553	-15877.1
930	0.253553	-15892.8
940	0.253553	-15865.7
950	0.253553	-15900.4
960	0.253553	-15899.2
970	0.253553	-15902.4
980	0.253553	-15914.6
990	0.253553	-15875
1000	0.253553	-15896.9
260	0.221901	-15897.1
270	0.221901	-15916.4
280	0.221901	-15903.2
290	0.221901	-15894.7
300	0.221901	-15899.4
310	0.221901	-15920.4
320	0.221901	-15908.6
330	0.221901	-15899
340	0.221901	-15897.4
350	0.221901	-15925.1
360	0.221901	-15950
370	0.221901	-15922.1
380	0.221901	-15918.4
390	0.221901	-15902.6
400	0.221901	-15888.4
410	0.221901	-15901.5
420	0.221901	-15906.9
430	0.221901	-15893.6
440	0.221901	-15915.8
450	0.221901	-15919
460	0.221901	-15919.2
470	0.221901	-15862.3
480	0.221901	-15923.7
490	0.221901	-15890.3
500	0.221901	-15870.7
510	0.221901	-15921.8
520	0.221901	-15914.2
530	0.221901	-15951.7
540	0.221901	-15938.8
550	0.221901	-15903.6
560	0.221901	-15902.6
570	0.221901	-15899.7
580	0.221901	-15855.5
590	0.221901	-15887.4
600	0.221901	-15872.3
610	0.221901	-15965.8
620	0.221901	-15921.1
630	0.221901	-15930.5
640	0.221901	-15896.8
650	0.221901	-15938.4
660	0.221901	-15919.8
670	0.221901	-15892.6
680	0.221901	-15910.6
690	0.221901	-15876.4
700	0.221901	-15946.2
710	0.221901	-15906.8
720	0.221901	-15928.8
730	0.221901	-15915.9
740	0.221901	-15885.3
750	0.221901	-15882.2
760	0.221901	-15947.6
770	0.221901	-15883.4
780	0.221901	-15922.3
790	0.221901	-15930.1
800	0.221901	-15891.1
810	0.221901	-15903.7
820	0.221901	-15886
830	0.221901	-15925.1
840	0.221901	-15917
850	0.221901	-15897.7
860	0.221901	-15888.4
870	0.221901	-15898.3
880	0.221901	-15884.4
890	0.221901	-15880
900	0.221901	-15880
910	0.221901	-15905.7
920	0.221901	-15891.1
930	0.221901	-15923.1
940	0.221901	-15917.2
950	0.221901	-15938.9
960	0.221901	-15882.5
970	0.221901	-15884.7
980	0.221901	-15889.1
990	0.221901	-15878.5
1000	0.221901	-15868.1
260	0.193492	-15920.9
270	0.193492	-15908.1
280	0.193492	-15911.5
290	0.193492	-15945.7
300	0.193492	-15911.1
310	0.193492	-15930.5
320	0.193492	-15915.6
330	0.193492	-15947.5
340	0.193492	-15932.8
350	0.193492	-15949.7
360	0.193492	-15926.5
370	0.193492	-15866.5
380	0.193492	-15910
390	0.193492	-15934.3
400	0.193492	-15901.5
410	0.193492	-15912.6
420	0.193492	-15921.1
430	0.193492	-15917.5
440	0.193492	-15948.4
450	0.193492	-15940.4
460	0.193492	-15965.3
470	0.193492	-15953.6
480	0.193492	-15896.8
490	0.193492	-15930.1
500	0.193492	-15890.3
510	0.193492	-15931.5
520	0.193492	-15921.7
530	0.193492	-15941.3
540	0.193492	-15933.1
550	0.193492	-15953.2
560	0.193492	-15927.7
570	0.193492	-15870.8
580	0.193492	-15910.5
590	0.193492	-15900.9
600	0.193492	-15970.7
610	0.193492	-15982.6
620	0.193492	-15892.4
630	0.193492	-15904.5
640	0.193492	-15890.6
650	0.193492	-15892.4
660	0.193492	-15914.8
670	0.193492	-15978
680	0.193492	-15924
690	0.193492	-15898.6
700	0.193492	-15896.3
710	0.193492	-15871.8
720	0.193492	-15924.8
730	0.193492	-15906.9
740	0.193492	-15915.7
750	0.193492	-15934.7
760	0.193492	-15894.8
770	0.193492	-15973.8
780	0.193492	-15967.1
790	0.193492	-15922.1
800	0.193492	-15892.9
810	0.193492	-15918.7
820	0.193492	-15931.5
830	0.193492	-15920.3
840	0.193492	-15964.5
850	0.193492	-15961.5
860	0.193492	-16031.4
870	0.193492	-15905.5
880	0.193492	-15933.5
890	0.193492	-15923.9
900	0.193492	-15873.8
910	0.193492	-15933.6
920	0.193492	-15927.2
930	0.193492	-15915.7
940	0.193492	-15948
950	0.193492	-15931.8
960	0.193492	-15913.9
970	0.193492	-15972.6
980	0.193492	-15928.3
990	0.193492	-15941.7
1000	0.193492	-15915.1
260	0.16807	-15957.3
270	0.16807	-15949.5
280	0.16807	-15912.3
290	0.16807	-15929.6
300	0.16807	-15975
310	0.16807	-15969.3
320	0.16807	-15935.3
330	0.16807	-15937.6
340	0.16807	-16009.1
350	0.16807	-15936.9
360	0.16807	-15958.5
370	0.16807	-15940.5
380	0.16807	-15954.1
390	0.16807	-15907.3
400	0.16807	-15924.8
410	0.16807	-15995.6
420	0.16807	-15938.7
430	0.16807	-15946.3
440	0.16807	-15939.5
450	0.16807	-15894.9
460	0.16807	-15923.1
470	0.16807	-16000
480	0.16807	-15987.9
490	0.16807	-15941.7
500	0.16807	-15948.7
510	0.16807	-15916
520	0.16807	-15910.1
530	0.16807	-15964.6
540	0.16807	-15908.4
550	0.16807	-15875.8
560	0.16807	-15933.8
570	0.16807	-15947.8
580	0.16807	-15909
590	0.16807	-15929.3
600	0.16807	-15941
610	0.16807	-15918.7
620	0.16807	-15990.6
630	0.16807	-15883.3
640	0.16807	-15907.7
650	0.16807	-15926.5
660	0.16807	-15942.5
670	0.16807	-15933.4
680	0.16807	-15936.1
690	0.16807	-15967.5
700	0.16807	-15933
710	0.16807	-15946.5
720	0.16807	-15918.1
730	0.16807	-15902.5
740	0.16807	-15952.2
750	0.16807	-15960.7
760	0.16807	-15953
770	0.16807	-15970.2
780	0.16807	-15985.3
790	0.16807	-15974
800	0.16807	-15908.5
810	0.16807	-15893.3
820	0.16807	-15992.4
830	0.16807	-15945.1
840	0.16807	-15945.8
850	0.16807	-15997
860	0.16807	-15941.5
870	0.16807	-15897.2
880	0.16807	-15950.6
890	0.16807	-15965.1
900	0.16807	-15943.9
910	0.16807	-15977.7
920	0.16807	-15904.7
930	0.16807	-15940.2
940	0.16807	-15878.4
950	0.16807	-15921
960	0.16807	-15931.2
970	0.16807	-15908.1
980	0.16807	-15949.4
990	0.16807	-15942.2
1000	0.16807	-16014.7
260	0.145393	-15910.9
270	0.145393	-15945.6
280	0.145393	-16004
290	0.145393	-15972.8
300	0.145393	-15997.5
310	0.145393	-15967.9
320	0.145393	-15994.2
330	0.145393	-15949.1
340	0.145393	-15985.6
350	0.145393	-16000.9
360	0.145393	-15907.1
370	0.145393	-15924.1
380	0.145393	-15927.3
390	0.145393	-15927.9
400	0.145393	-16035.4
410	0.145393	-15988.4
420	0.145393	-15891.7
430	0.145393	-15923.1
440	0.145393	-15930.5
450	0.145393	-15975
460	0.145393	-15921.9
470	0.145393	-15924.1
480	0.145393	-15991
490	0.145393	-15936.5
500	0.145393	-16009.8
510	0.145393	-15927.9
520	0.145393	-16009.5
530	0.145393	-15956.8
540	0.145393	-15980.2
550	0.145393	-15960
560	0.145393	-15976.7
570	0.145393	-16020
580	0.145393	-15944.1
590	0.145393	-15952.4
600	0.145393	-15969.3
610	0.145393	-15880.2
620	0.145393	-15982.4
630	0.145393	-15949.5
640	0.145393	-15960.8
650	0.145393	-15978.9
660	0.145393	-15954.9
670	0.145393	-15978.3
680	0.145393	-15925.7
690	0.145393	-15957.6
700	0.145393	-15981.3
710	0.145393	-16025.4
720	0.145393	-15977.9
730	0.145393	-15987.6
740	0.145393	-15991.1
750	0.145393	-15907.8
760	0.145393	-15972.5
770	0.145393	-15933.7
780	0.145393	-15896.1
790	0.145393	-15949.4
800	0.145393	-15979.2
810	0.145393	-15910.4
820	0.145393	-15936
830	0.145393	-15921.2
840	0.145393	-15969.1
850	0.145393	-15951.3
860	0.145393	-15977.4
870	0.145393	-15975.4
880	0.145393	-15935.4
890	0.145393	-16010.2
900	0.145393	-15948.9
910	0.145393	-15913
920	0.145393	-15989.4
930	0.145393	-15976.7
940	0.145393	-15973.4
950	0.145393	-15951.6
960	0.145393	-15928.8
970	0.145393	-15997.1
980	0.145393	-15958.7
990	0.145393	-15946.2
1000	0.145393	-15966.4
260	0.125233	-16071
270	0.125233	-16023.6
280	0.125233	-16006.1
290	0.125233	-15985
300	0.125233	-15929.9
310	0.125233	-15945.5
320	0.125233	-15969.1
330	0.125233	-15996.2
340	0.125233	-16022.9
350	0.125233	-16049.7
360	0.125233	-15962.5
370	0.125233	-16036.8
380	0.125233	-16009.2
390	0.125233	-15985.1
400	0.125233	-16032.8
410	0.125233	-15975.3
420	0.125233	-16133
430	0.125233	-15950.4
440	0.125233	-15932.1
450	0.125233	-16050.6
460	0.125233	-15988.3
470	0.125233	-15960.3
480	0.125233	-15932.4
490	0.125233	-16030
500	0.125233	-15949.6
510	0.125233	-16022.6
520	0.125233	-16043.4
530	0.125233	-16011.5
540	0.125233	-15956.1
550	0.125233	-15978.7
560	0.125233	-15988
570	0.125233	-16007.2
580	0.125233	-16012.1
590	0.125233	-15938.8
600	0.125233	-15987.9
610	0.125233	-15993.2
620	0.125233	-16029.7
630	0.125233	-16012.2
640	0.125233	-15981.4
650	0.125233	-15965.2
660	0.125233	-16049
670	0.125233	-15962.3
680	0.125233	-15933
690	0.125233	-15989
700	0.125233	-16070.8
710	0.125233	-15925.6
720	0.125233	-15981.6
730	0.125233	-15953.8
740	0.125233	-15948.9
750	0.125233	-15955.7
760	0.125233	-15906.9
770	0.125233	-16016.5
780	0.125233	-15985
790	0.125233	-15951.4
800	0.125233	-15982.2
810	0.125233	-16016.5
820	0.125233	-16045.4
830	0.125233	-15980.2
840	0.125233	-15995.4
850	0.125233	-16008.3
860	0.125233	-15985.4
870	0.125233	-15952.4
880	0.125233	-16101.2
890	0.125233	-16002.7
900	0.125233	-15972.3
910	0.125233	-15998.4
920	0.125233	-16017
930	0.125233	-15933.4
940	0.125233	-15967.6
950	0.125233	-16005.2
960	0.125233	-16004.9
970	0.125233	-16025.7
980	0.125233	-15977.3
990	0.125233	-15991.9
1000	0.125233	-16036.9
260	0.107374	-15996
270	0.107374	-16038.8
280	0.107374	-16036
290	0.107374	-16062.9
300	0.107374	-16044.8
310	0.107374	-16000
320	0.107374	-16062.5
330	0.107374	-16079.6
340	0.107374	-16076.8
350	0.107374	-15992.5
360	0.107374	-16006.4
370	0.107374	-16046.2
380	0.107374	-16095.8
390	0.107374	-15961.1
400	0.107374	-16039.9
410	0.107374	-15985.8
420	0.107374	-16013.7
430	0.107374	-15995.8
440	0.107374	-15985.9
450	0.107374	-16042.6
460	0.107374	-16044
470	0.107374	-16027.4
480	0.107374	-16071.2
490	0.107374	-16027.3
500	0.107374	-16046.2
510	0.107374	-15999.5
520	0.107374	-15981.7
530	0.107374	-15978.2
540	0.107374	-16223.2
550	0.107374	-15997
560	0.107374	-16054.8
570	0.107374	-16002.9
580	0.107374	-16063.9
590	0.107374	-15993.1
600	0.107374	-16008.9
610	0.107374	-15977.2
620	0.107374	-16017
630	0.107374	-16056.8
640	0.107374	-16147
650	0.107374	-16083.3
660	0.107374	-16078.5
670	0.107374	-16018.9
680	0.107374	-16045.1
690	0.107374	-16046.9
700	0.107374	-16034.1
710	0.107374	-16100
720	0.107374	-16041.5
730	0.107374	-15997.5
740	0.107374	-16032.6
750	0.107374	-16017.5
760	0.107374	-16010
770	0.107374	-15964.8
780	0.107374	-16069.3
790	0.107374	-16030.7
800	0.107374	-15964.4
810	0.107374	-16031.5
820	0.107374	-15979.1
830	0.107374	-15988.6
840	0.107374	-15988.6
850	0.107374	-16077.4
860	0.107374	-16019.2
870	0.107374	-16085.3
880	0.107374	-16011.8
890	0.107374	-15917.2
900	0.107374	-15938
910	0.107374	-16018.4
920	0.107374	-16116.2
930	0.107374	-16013.8
940	0.107374	-16027.8
950	0.107374	-16064.1
960	0.107374	-15973.9
970	0.107374	-16083.7
980	0.107374	-16072.9
990	0.107374	-16138.4
1000	0.107374	-16059.7
260	0.0916133	-16025.8
270	0.0916133	-16088.1
280	0.0916133	-16031.5
290	0.0916133	-16060.8
300	0.0916133	-16115.4
310	0.0916133	-16110.9
320	0.0916133	-16036.2
330	0.0916133	-16011.9
340	0.0916133	-15977.9
350	0.0916133	-16009.6
360	0.0916133	-16019.9
370	0.0916133	-16021
380	0.0916133	-16081.2
390	0.0916133	-16179.5
400	0.0916133	-16174.4
410	0.0916133	-16233.6
420	0.0916133	-16082.5
430	0.0916133	-16181.4
440	0.0916133	-16034.4
450	0.0916133	-16098.7
460	0.0916133	-16008.8
470	0.0916133	-16030.8
480	0.0916133	-16070.7
490	0.0916133	-16026.2
500	0.0916133	-16035
510	0.0916133	-16120.6
520	0.0916133	-16012.8
530	0.0916133	-16106.9
540	0.0916133	-16134.6
550	0.0916133	-16145.9
560	0.0916133	-16109.4
570	0.0916133	-16128.9
580	0.0916133	-16137.9
590	0.0916133	-16211
600	0.0916133	-16136.2
610	0.0916133	-16118
620	0.0916133	-16104.6
630	0.0916133	-16057.5
640	0.0916133	-16145.4
650	0.0916133	-16041.6
660	0.0916133	-16083.1
670	0.0916133	-16110.7
680	0.0916133	-16018.6
690	0.0916133	-16069.2
700	0.0916133	-16054.6
710	0.0916133	-16072
720	0.0916133	-16041.1
730	0.0916133	-16093.3
740	0.0916133	-16081.1
750	0.0916133	-16009.1
760	0.0916133	-16029
770	0.0916133	-15992.8
780	0.0916133	-16102.8
790	0.0916133	-15951.8
800	0.0916133	-16055.5
810	0.0916133	-16034.9
820	0.0916133	-16022.3
830	0.0916133	-16075.5
840	0.0916133	-16020.7
850	0.0916133	-16059.1
860	0.0916133	-16052
870	0.0916133	-16044.7
880	0.0916133	-16134.8
890	0.0916133	-16021.8
900	0.0916133	-16053.9
910	0.0916133	-16053.3
920	0.0916133	-16038.1
930	0.0916133	-16105.6
940	0.0916133	-16089.6
950	0.0916133	-15992.9
960	0.0916133	-16148.8
970	0.0916133	-16021.5
980	0.0916133	-16024.3
990	0.0916133	-16006.5
1000	0.0916133	-16121.3
260	0.07776	-16136.3
270	0.07776	-16079.5
280	0.07776	-16226.8
290	0.07776	-16185.7
300	0.07776	-16133.9
310	0.07776	-16138.5
320	0.07776	-16200.9
330	0.07776	-16118.8
340	0.07776	-15991.9
350	0.07776	-16053.5
360	0.07776	-16053.8
370	0.07776	-16044.8
380	0.07776	-16145.8
390	0.07776	-16216.7
400	0.07776	-16108
410	0.07776	-16201.6
420	0.07776	-16080.6
430	0.07776	-16059.5
440	0.07776	-16080.3
450	0.07776	-16208.5
460	0.07776	-16151.8
470	0.07776	-16141.2
480	0.07776	-16173.9
490	0.07776	-16233.1
500	0.07776	-16074.1
510	0.07776	-15967.5
520	0.07776	-16047.2
530	0.07776	-16080.1
540	0.07776	-16133.2
550	0.07776	-16074.1
560	0.07776	-16125.6
570	0.07776	-16062.5
580	0.07776	-16153.1
590	0.07776	-16050.8
600	0.07776	-16174.9
610	0.07776	-16281.9
620	0.07776	-16098.6
630	0.07776	-16087.4
640	0.07776	-16110
650	0.07776	-16092.8
660	0.07776	-16050.4
670	0.07776	-16040.9
680	0.07776	-16118.8
690	0.07776	-16188.3
700	0.07776	-16054.1
710	0.07776	-16046.3
720	0.07776	-16233.8
730	0.07776	-16283
740	0.07776	-16203.7
750	0.07776	-16197
760	0.07776	-16195.8
770	0.07776	-16225.5
780	0.07776	-16185.9
790	0.07776	-16195.5
800	0.07776	-16121.2
810	0.07776	-16111.7
820	0.07776	-16142.8
830	0.07776	-16195.4
840	0.07776	-16120
850	0.07776	-16113.4
860	0.07776	-16161.9
870	0.07776	-16078.9
880	0.07776	-16084.1
890	0.07776	-16185.5
900	0.07776	-16081.7
910	0.07776	-16165
920	0.07776	-16063.1
930	0.07776	-16172.2
940	0.07776	-16054.1
950	0.07776	-16098
960	0.07776	-16161.9
970	0.07776	-16099.1
980	0.07776	-16111.5
990	0.07776	-16013.8
1000	0.07776	-16232.2
260	0.0656357	-16405.5
270	0.0656357	-16410.3
280	0.0656357	-16249.9
290	0.0656357	-16113.7
300	0.0656357	-16196
310	0.0656357	-16237.6
320	0.0656357	-16254.5
330	0.0656357	-16104.2
340	0.0656357	-16203.4
350	0.0656357	-16268.7
360	0.0656357	-16360.1
370	0.0656357	-16334
380	0.0656357	-16049.5
390	0.0656357	-16237.9
400	0.0656357	-16215.1
410	0.0656357	-16412.7
420	0.0656357	-16272.4
430	0.0656357	-16192.2
440	0.0656357	-16110.9
450	0.0656357	-16222.5
460	0.0656357	-16300.2
470	0.0656357	-16165.4
480	0.0656357	-16161.3
490	0.0656357	-16113.7
500	0.0656357	-16159
510	0.0656357	-16164.2
520	0.0656357	-16209
530	0.0656357	-16258.1
540	0.0656357	-16364.9
550	0.0656357	-16229.4
560	0.0656357	-16246.6
570	0.0656357	-16133.3
580	0.0656357	-16322.5
590	0.0656357	-16125.1
600	0.0656357	-16143.7
610	0.0656357	-16201
620	0.0656357	-16149
630	0.0656357	-16085.4
640	0.0656357	-16041
650	0.0656357	-16229.7
660	0.0656357	-16064.6
670	0.0656357	-16112.2
680	0.0656357	-16208.6
690	0.0656357	-16038.9
700	0.0656357	-16177.8
710	0.0656357	-16158.9
720	0.0656357	-16145.1
730	0.0656357	-16208.2
740	0.0656357	-16173.8
750	0.0656357	-16157.7
760	0.0656357	-16123.8
770	0.0656357	-16095.5
780	0.0656357	-16077.3
790	0.0656357	-16397.2
800	0.0656357	-16165.6
810	0.0656357	-16238.5
820	0.0656357	-16154.9
830	0.0656357	-16194.2
840	0.0656357	-16090.8
850	0.0656357	-16056.9
860	0.0656357	-16110.4
870	0.0656357	-16269.2
880	0.0656357	-16211.5
890	0.0656357	-16246.6
900	0.0656357	-16362.1
910	0.0656357	-16117.4
920	0.0656357	-16173.4
930	0.0656357	-16204.9
940	0.0656357	-16179.4
950	0.0656357	-16147
960	0.0656357	-16231.6
970	0.0656357	-16070.1
980	0.0656357	-16127.4
990	0.0656357	-16232.3
1000	0.0656357	-16109
260	0.0550732	-16341.6
270	0.0550732	-16306.5
280	0.0550732	-16432.5
290	0.0550732	-16272.1
300	0.0550732	-16396.4
310	0.0550732	-16245.5
320	0.0550732	-16334.4
330	0.0550732	-16227.8
340	0.0550732	-16406.5
350	0.0550732	-16345
360	0.0550732	-16338
370	0.0550732	-16187.6
380	0.0550732	-16487.5
390	0.0550732	-16286
400	0.0550732	-16145.1
410	0.0550732	-16136
420	0.0550732	-16207.2
430	0.0550732	-16275.1
440	0.0550732	-16201.6
450	0.0550732	-16127.3
460	0.0550732	-16228.9
470	0.0550732	-16263.4
480	0.0550732	-16274.2
490	0.0550732	-16212.8
500	0.0550732	-16253.8
510	0.0550732	-16331.5
520	0.0550732	-16466.1
530	0.0550732	-16341.5
540	0.0550732	-16239.5
550	0.0550732	-16155.9
560	0.0550732	-16315.8
570	0.0550732	-16311.1
580	0.0550732	-16343.4
590	0.0550732	-16237.8
600	0.0550732	-16403.2
610	0.0550732	-16288.8
620	0.0550732	-16268.1
630	0.0550732	-16200.3
640	0.0550732	-16169.5
650	0.0550732	-16236.1
660	0.0550732	-16148.1
670	0.0550732	-16362.9
680	0.0550732	-16218.9
690	0.0550732	-16175.8
700	0.0550732	-16283.5
710	0.0550732	-16278.1
720	0.0550732	-16271.2
730	0.0550732	-16372.2
740	0.0550732	-16381.5
750	0.0550732	-16288.4
760	0.0550732	-16467
770	0.0550732	-16238
780	0.0550732	-16112.3
790	0.0550732	-16245.9
800	0.0550732	-16278
810	0.0550732	-16395.8
820	0.0550732	-16251.2
830	0.0550732	-16262.2
840	0.0550732	-16291
850	0.0550732	-16323.3
860	0.0550732	-16206.8
870	0.0550732	-16269.4
880	0.0550732	-16343.3
890	0.0550732	-16218
900	0.0550732	-16249.1
910	0.0550732	-16145
920	0.0550732	-16318
930	0.0550732	-16267.4
940	0.0550732	-16264.6
950	0.0550732	-16245.8
960	0.0550732	-16322.8
970	0.0550732	-16333.5
980	0.0550732	-16344.3
990	0.0550732	-16329.7
1000	0.0550732	-16274.9
260	0.0459165	-16494.3
270	0.0459165	-16409.8
280	0.0459165	-16716.9
290	0.0459165	-16326.9
300	0.0459165	-16458.1
310	0.0459165	-16443.5
320	0.0459165	-16248.4
330	0.0459165	-16335
340	0.0459165	-16272.3
350	0.0459165	-16385.6
360	0.0459165	-16362
370	0.0459165	-16392.7
380	0.0459165	-16599.9
390	0.0459165	-16404.8
400	0.0459165	-16489.5
410	0.0459165	-16309.6
420	0.0459165	-16608.2
430	0.0459165	-16326.3
440	0.0459165	-16537.1
450	0.0459165	-16370.4
460	0.0459165	-16445.5
470	0.0459165	-16471.7
480	0.0459165	-16350.9
490	0.0459165	-16384.5
500	0.0459165	-16595.3
510	0.0459165	-16509.2
520	0.0459165	-16609.1
530	0.0459165	-16285.1
540	0.0459165	-16278.1
550	0.0459165	-16333.6
560	0.0459165	-16383.2
570	0.0459165	-16463.8
580	0.0459165	-16290.9
590	0.0459165	-16386.6
600	0.0459165	-16267.1
610	0.0459165	-16327
620	0.0459165	-16271.1
630	0.0459165	-16370.1
640	0.0459165	-16271.8
650	0.0459165	-16483.3
660	0.0459165	-16438.7
670	0.0459165	-16457.9
680	0.0459165	-16374.3
690	0.0459165	-16431.1
700	0.0459165	-16351.6
710	0.0459165	-16442.8
720	0.0459165	-16522.5
730	0.0459165	-16380.8
740	0.0459165	-16517.3
750	0.0459165	-16659.1
760	0.0459165	-16482.7
770	0.0459165	-16535.6
780	0.0459165	-16331.4
790	0.0459165	-16345.7
800	0.0459165	-16300.8
810	0.0459165	-16378.4
820	0.0459165	-16538.2
830	0.0459165	-16617.7
840	0.0459165	-16670.8
850	0.0459165	-16611.5
860	0.0459165	-16588.5
870	0.0459165	-16628.1
880	0.0459165	-16511
890	0.0459165	-16359.6
900	0.0459165	-16500.6
910	0.0459165	-16278
920	0.0459165	-16409.6
930	0.0459165	-16338.9
940	0.0459165	-16275.4
950	0.0459165	-16377.5
960	0.0459165	-16446.5
970	0.0459165	-16295
980	0.0459165	-16254.8
990	0.0459165	-16527.4
1000	0.0459165	-16508.8
260	0.0380204	-16495.7
270	0.0380204	-16537.7
280	0.0380204	-16478.6
290	0.0380204	-16494.9
300	0.0380204	-16515.2
310	0.0380204	-16365
320	0.0380204	-16289
330	0.0380204	-16489.4
340	0.0380204	-16417
350	0.0380204	-16428.3
360	0.0380204	-16572.8
370	0.0380204	-16355
380	0.0380204	-16415.6
390	0.0380204	-16481.4
400	0.0380204	-16439.3
410	0.0380204	-16728.2
420	0.0380204	-16515.2
430	0.0380204	-16459.3
440	0.0380204	-16453.7
450	0.0380204	-16617.5
460	0.0380204	-16408.9
470	0.0380204	-16488.4
480	0.0380204	-16664.1
490	0.0380204	-16447.7
500	0.0380204	-16496
510	0.0380204	-16567.2
520	0.0380204	-16581.5
530	0.0380204	-16472.2
540	0.0380204	-16474.4
550	0.0380204	-16294.6
560	0.0380204	-16487
570	0.0380204	-16355.1
580	0.0380204	-16487.6
590	0.0380204	-16479.7
600	0.0380204	-16501.3
610	0.0380204	-16408.1
620	0.0380204	-16444
630	0.0380204	-16463.7
640	0.0380204	-16568.9
650	0.0380204	-16450.3
660	0.0380204	-16399.1
670	0.0380204	-16444.3
680	0.0380204	-16275.6
690	0.0380204	-16381.4
700	0.0380204	-16377.9
710	0.0380204	-16450.4
720	0.0380204	-16598.2
730	0.0380204	-16855.1
740	0.0380204	-16621.2
750	0.0380204	-16567.6
760	0.0380204	-16438.8
770	0.0380204	-16719.5
780	0.0380204	-16647.1
790	0.0380204	-16467.6
800	0.0380204	-16554.6
810	0.0380204	-16528.2
820	0.0380204	-16715.3
830	0.0380204	-16579.5
840	0.0380204	-16445.3
850	0.0380204	-16759.3
860	0.0380204	-16674.8
870	0.0380204	-16492.6
880	0.0380204	-16514.2
890	0.0380204	-16561.4
900	0.0380204	-16526.7
910	0.0380204	-16699
920	0.0380204	-16589.2
930	0.0380204	-16331.1
940	0.0380204	-16529.2
950	0.0380204	-16450.3
960	0.0380204	-16606.8
970	0.0380204	-16351.5
980	0.0380204	-16588.6
990	0.0380204	-16500.6
1000	0.0380204	-16317.5
260	0.03125	-17062.4
270	0.03125	-16449.8
280	0.03125	-16783.6
290	0.03125	-16584.4
300	0.03125	-16653.4
310	0.03125	-16761.2
320	0.03125	-16554.7
330	0.03125	-16674.6
340	0.03125	-16689.5
350	0.03125	-16530.8
360	0.03125	-16743.4
370	0.03125	-16411.3
380	0.03125	-16509.1
390	0.03125	-16460.5
400	0.03125	-16789.1
410	0.03125	-16589.8
420	0.03125	-16587.9
430	0.03125	-16464.3
440	0.03125	-16689.7
450	0.03125	-16527.3
460	0.03125	-16750.5
470	0.03125	-16578.9
480	0.03125	-16686
490	0.03125	-16695.8
500	0.03125	-16802.5
510	0.03125	-16707.5
520	0.03125	-16948.5
530	0.03125	-16897.2
540	0.03125	-16583
550	0.03125	-16690.3
560	0.03125	-16552.1
570	0.03125	-16565.3
580	0.03125	-16726.2
590	0.03125	-16623.1
600	0.03125	-16506.6
610	0.03125	-16593
620	0.03125	-16503.3
630	0.03125	-16705.5
640	0.03125	-16577.3
650	0.03125	-16440.1
660	0.03125	-16542.1
670	0.03125	-16782.3
680	0.03125	-16657.6
690	0.03125	-16589.8
700	0.03125	-16482.9
710	0.03125	-16839.2
720	0.03125	-16763.3
730	0.03125	-16385.2
740	0.03125	-16661.9
750	0.03125	-16331.9
760	0.03125	-16459.2
770	0.03125	-16396
780	0.03125	-16493.6
790	0.03125	-16430.6
800	0.03125	-16866.8
810	0.03125	-16484.7
820	0.03125	-16827
830	0.03125	-16757.9
840	0.03125	-16686.4
850	0.03125	-16837.9
860	0.03125	-16454.2
870	0.03125	-16454.7
880	0.03125	-16334
890	0.03125	-16392
900	0.03125	-16528.3
910	0.03125	-16721.1
920	0.03125	-16464.9
930	0.03125	-16688.5
940	0.03125	-16534.6
950	0.03125	-16625.9
960	0.03125	-16647.4
970	0.03125	-16652
980	0.03125	-16459.2
990	0.03125	-16462.4
1000	0.03125	-16378.8
260	0.0254804	-17013.2
270	0.0254804	-16980
280	0.0254804	-16983.2
290	0.0254804	-16670
300	0.0254804	-16533.1
310	0.0254804	-16849.9
320	0.0254804	-17014.7
330	0.0254804	-16897.9
340	0.0254804	-17203.5
350	0.0254804	-16949.9
360	0.0254804	-16861.1
370	0.0254804	-16848.9
380	0.0254804	-17021.9
390	0.0254804	-16693.5
400	0.0254804	-16708.7
410	0.0254804	-16927.8
420	0.0254804	-17054.2
430	0.0254804	-16984.1
440	0.0254804	-16499.7
450	0.0254804	-16615.6
460	0.0254804	-16938.1
470	0.0254804	-16738.9
480	0.0254804	-17037.8
490	0.0254804	-16777.5
500	0.0254804	-16817
510	0.0254804	-17105
520	0.0254804	-16901.6
530	0.0254804	-17017.5
540	0.0254804	-16943.3
550	0.0254804	-16888.8
560	0.0254804	-17106.5
570	0.0254804	-16716.7
580	0.0254804	-16986.6
590	0.0254804	-17288
600	0.0254804	-16856.6
610	0.0254804	-17101.7
620	0.0254804	-16665.1
630	0.0254804	-16587.2
640	0.0254804	-17028.5
650	0.0254804	-16824.8
660	0.0254804	-16742
670	0.0254804	-16962
680	0.0254804	-16952.5
690	0.0254804	-16895.1
700	0.0254804	-16796.7
710	0.0254804	-16709.6
720	0.0254804	-17083.7
730	0.0254804	-16983.6
740	0.0254804	-16604.5
750	0.0254804	-16823
760	0.0254804	-16788.5
770	0.0254804	-16959.4
780	0.0254804	-16818.5
790	0.0254804	-16522.7
800	0.0254804	-16632.2
810	0.0254804	-16760.1
820	0.0254804	-16535.8
830	0.0254804	-16729.9
840	0.0254804	-16749.2
850	0.0254804	-16812.7
860	0.0254804	-17114.6
870	0.0254804	-17040
880	0.0254804	-17075.9
890	0.0254804	-16894.8
900	0.0254804	-16988.1
910	0.0254804	-16710.7
920	0.0254804	-16722.5
930	0.0254804	-16986.2
940	0.0254804	-16753.5
950	0.0254804	-16815.8
960	0.0254804	-16756.2
970	0.0254804	-16799.7
980	0.0254804	-16895.9
990	0.0254804	-17009.9
1000	0.0254804	-16821.8
260	0.0205963	-17133.3
270	0.0205963	-17165.9
280	0.0205963	-17217.8
290	0.0205963	-17105
300	0.0205963	-17322.1
310	0.0205963	-17324.6
320	0.0205963	-17475.4
330	0.0205963	-17456.9
340	0.0205963	-17520.4
350	0.0205963	-17227.6
360	0.0205963	-17424
370	0.0205963	-17597.9
380	0.0205963	-17385.2
390	0.0205963	-17305.1
400	0.0205963	-17076.2
410	0.0205963	-17169.5
420	0.0205963	-16659.1
430	0.0205963	-16815.6
440	0.0205963	-17067.6
450	0.0205963	-17310.8
460	0.0205963	-17054.4
470	0.0205963	-17271.3
480	0.0205963	-17324.5
490	0.0205963	-16700.2
500	0.0205963	-17114.9
510	0.0205963	-17308.2
520	0.0205963	-17193.2
530	0.0205963	-16832.3
540	0.0205963	-16856.4
550	0.0205963	-16766.7
560	0.0205963	-17217
570	0.0205963	-17033.9
580	0.0205963	-17107.4
590	0.0205963	-17491.7
600	0.0205963	-16941.8
610	0.0205963	-17212
620	0.0205963	-17298.6
630	0.0205963	-17146.3
640	0.0205963	-16907.5
650	0.0205963	-17290.2
660	0.0205963	-17164.6
670	0.0205963	-17042.4
680	0.0205963	-17418.7
690	0.0205963	-16805.9
700	0.0205963	-17463.3
710	0.0205963	-17596.7
720	0.0205963	-17319.2
730	0.0205963	-17122
740	0.0205963	-16993.7
750	0.0205963	-17213.9
760	0.0205963	-17140.8
770	0.0205963	-17400.7
780	0.0205963	-17165.1
790	0.0205963	-17020.6
800	0.0205963	-16905.4
810	0.0205963	-17090
820	0.0205963	-17006.4
830	0.0205963	-16940.7
840	0.0205963	-16989.1
850	0.0205963	-16717.4
860	0.0205963	-16671.2
870	0.0205963	-17197.1
880	0.0205963	-16690.7
890	0.0205963	-16892.2
900	0.0205963	-17060
910	0.0205963	-17439.9
920	0.0205963	-16984.5
930	0.0205963	-17139.3
940	0.0205963	-17088.1
950	0.0205963	-16989.3
960	0.0205963	-16868
970	0.0205963	-17023.9
980	0.0205963	-17104
990	0.0205963	-16905.2
1000	0.0205963	-16915.4
260	0.0164916	-17310.1
270	0.0164916	-17168.5
280	0.0164916	-17159.8
290	0.0164916	-17519.7
300	0.0164916	-17051.2
310	0.0164916	-17756.4
320	0.0164916	-18046.5
330	0.0164916	-17765.4
340	0.0164916	-17659.6
350	0.0164916	-17678.6
360	0.0164916	-17349.7
370	0.0164916	-17832.3
380	0.0164916	-17346.7
390	0.0164916	-17456.1
400	0.0164916	-17261.6
410	0.0164916	-17412.4
420	0.0164916	-17588.1
430	0.0164916	-17759.9
440	0.0164916	-17307.4
450	0.0164916	-17520.3
460	0.0164916	-17629
470	0.0164916	-17892.2
480	0.0164916	-17408
490	0.0164916	-17469.6
500	0.0164916	-17248.8
510	0.0164916	-17436.7
520	0.0164916	-17753.9
530	0.0164916	-17688
540	0.0164916	-18154.6
550	0.0164916	-18029.1
560	0.0164916	-18328
570	0.0164916	-18088.5
580	0.0164916	-17853.5
590	0.0164916	-17695.6
600	0.0164916	-17705.1
610	0.0164916	-17411.9
620	0.0164916	-17185.8
630	0.0164916	-17617.7
640	0.0164916	-17146.1
650	0.0164916	-17245.6
660	0.0164916	-17065.4
670	0.0164916	-17340.1
680	0.0164916	-17281
690	0.0164916	-17435.3
700	0.0164916	-17324.6
710	0.0164916	-17525.1
720	0.0164916	-17302
730	0.0164916	-17950.3
740	0.0164916	-17343.1
750	0.0164916	-17134.7
760	0.0164916	-17542.4
770	0.0164916	-17757.6
780	0.0164916	-17291
790	0.0164916	-17151.3
800	0.0164916	-17539.9
810	0.0164916	-17550.6
820	0.0164916	-16965.9
830	0.0164916	-17730.4
840	0.0164916	-17258.5
850	0.0164916	-17565.8
860	0.0164916	-17728.7
870	0.0164916	-18135.4
880	0.0164916	-18321.4
890	0.0164916	-18028.2
900	0.0164916	-18312.7
910	0.0164916	-17541.8
920	0.0164916	-17954.5
930	0.0164916	-18400.1
940	0.0164916	-17917.5
950	0.0164916	-17787.3
960	0.0164916	-17874.2
970	0.0164916	-17505.2
980	0.0164916	-17425.1
990	0.0164916	-17598.2
1000	0.0164916	-17437.6
260	0.0130691	-17977.3
270	0.0130691	-18376.5
280	0.0130691	-17960
290	0.0130691	-17996.6
300	0.0130691	-18255.3
310	0.0130691	-18214.5
320	0.0130691	-18032.5
330	0.0130691	-17534.4
340	0.0130691	-17407.5
350	0.0130691	-17416.1
360	0.0130691	-17782.4
370	0.0130691	-17409.9
380	0.0130691	-17821.9
390	0.0130691	-17471.4
400	0.0130691	-17330.4
410	0.0130691	-17488.6
420	0.0130691	-17634.1
430	0.0130691	-18709.3
440	0.0130691	-18613.3
450	0.0130691	-18325.1
460	0.0130691	-18341.2
470	0.0130691	-18474.1
480	0.0130691	-18078.6
490	0.0130691	-18274.8
500	0.0130691	-18212.6
510	0.0130691	-18587
520	0.0130691	-18201.9
530	0.0130691	-17709.1
540	0.0130691	-17296.6
550	0.0130691	-17796.1
560	0.0130691	-17497
570	0.0130691	-17482.8
580	0.0130691	-17713.2
590	0.0130691	-18009.3
600	0.0130691	-18478.6
610	0.0130691	-17553.8
620	0.0130691	-18034.6
630	0.0130691	-17536.3
640	0.0130691	-17885.1
650	0.0130691	-17811.5
660	0.0130691	-17868.6
670	0.0130691	-18300.8
680	0.0130691	-17978
690	0.0130691	-18132.8
700	0.0130691	-18752.3
710	0.0130691	-18014.8
720	0.0130691	-18005.1
730	0.0130691	-18418.4
740	0.0130691	-18455
750	0.0130691	-18256.7
760	0.0130691	-17744
770	0.0130691	-17898.3
780	0.0130691	-18434.7
790	0.0130691	-18727.9
800	0.0130691	-18186.1
810	0.0130691	-18287.1
820	0.0130691	-18394.4
830	0.0130691	-18444.3
840	0.0130691	-17728.4
850	0.0130691	-17645.9
860	0.0130691	-18006.8
870	0.0130691	-18249
880	0.0130691	-17265.2
890	0.0130691	-17957.5
900	0.0130691	-18162
910	0.0130691	-17975
920	0.0130691	-17962.3
930	0.0130691	-18824.5
940	0.0130691	-18197.2
950	0.0130691	-18248.2
960	0.0130691	-18606.6
970	0.0130691	-18334.6
980	0.0130691	-18774
990	0.0130691	-18169.1
1000	0.0130691	-18357.6
260	0.01024	-18563.8
270	0.01024	-18446.6
280	0.01024	-18455.3
290	0.01024	-18067.9
300	0.01024	-17937.7
310	0.01024	-18307.5
320	0.01024	-18183.2
330	0.01024	-18367.5
340	0.01024	-18360.7
350	0.01024	-18731.6
360	0.01024	-17721.4
370	0.01024	-17392.9
380	0.01024	-18134.7
390	0.01024	-17785.9
400	0.01024	-17799
410	0.01024	-18183.7
420	0.01024	-17358.8
430	0.01024	-17639
440	0.01024	-17738.5
450	0.01024	-17510.9
460	0.01024	-17899.9
470	0.01024	-17780.8
480	0.01024	-18226.3
490	0.01024	-18098.4
500	0.01024	-18329.7
510	0.01024	-18491.4
520	0.01024	-18265.4
530	0.01024	-18329.1
540	0.01024	-18312.4
550	0.01024	-18478.8
560	0.01024	-18670.6
570	0.01024	-18449.3
580	0.01024	-18187.9
590	0.01024	-18368.8
600	0.01024	-18346.3
610	0.01024	-17878
620	0.01024	-18459.8
630	0.01024	-18407.5
640	0.01024	-18040.3
650	0.01024	-17953.3
660	0.01024	-18272.9
670	0.01024	-17858.5
680	0.01024	-17962.8
690	0.01024	-18234.8
700	0.01024	-17979.7
710	0.01024	-18215.5
720	0.01024	-18235.3
730	0.01024	-18516
740	0.01024	-18258.7
750	0.01024	-18388.2
760	0.01024	-18524.4
770	0.01024	-18438.8
780	0.01024	-18621.1
790	0.01024	-18346.7
800	0.01024	-18277.7
810	0.01024	-18092.1
820	0.01024	-18161.3
830	0.01024	-18389.1
840	0.01024	-18143.1
850	0.01024	-18522
860	0.01024	-17667.9
870	0.01024	-17433.9
880	0.01024	-17620.7
890	0.01024	-17240.9
900	0.01024	-18188.1
910	0.01024	-18366.4
920	0.01024	-18302.4
930	0.01024	-18189.3
940	0.01024	-18403.9
950	0.01024	-18206
960	0.01024	-17661.6
970	0.01024	-18035.1
980	0.01024	-17855.8
990	0.01024	-18764.2
1000	0.01024	-18111.3
260	0.00792352	-17875.2
270	0.00792352	-17921.4
280	0.00792352	-18067.5
290	0.00792352	-18631.8
300	0.00792352	-18784.9
310	0.00792352	-18357.4
320	0.00792352	-18376
330	0.00792352	-18725.2
340	0.00792352	-18113.2
350	0.00792352	-18469.3
360	0.00792352	-18738.8
370	0.00792352	-19286.9
380	0.00792352	-19251.7
390	0.00792352	-18717.1
400	0.00792352	-19087.7
410	0.00792352	-18900.2
420	0.00792352	-19002.5
430	0.00792352	-19235.9
440	0.00792352	-19164.8
450	0.00792352	-19468.2
460	0.00792352	-18620.8
470	0.00792352	-18774.7
480	0.00792352	-19076.3
490	0.00792352	-18592.5
500	0.00792352	-18547.7
510	0.00792352	-18428.3
520	0.00792352	-19048.9
530	0.00792352	-18580.2
540	0.00792352	-18427.9
550	0.00792352	-18657.6
560	0.00792352	-19088.5
570	0.00792352	-18994.8
580	0.00792352	-18775.3
590	0.00792352	-18540.2
600	0.00792352	-18461
610	0.00792352	-18924.3
620	0.00792352	-18777.9
630	0.00792352	-18571.7
640	0.00792352	-18397.9
650	0.00792352	-18602.2
660	0.00792352	-18490
670	0.00792352	-18547.7
680	0.00792352	-19231.3
690	0.00792352	-19356.5
700	0.00792352	-18312
710	0.00792352	-18317.4
720	0.00792352	-19414.8
730	0.00792352	-18951.1
740	0.00792352	-18646.2
750	0.00792352	-18276.5
760	0.00792352	-19211.9
770	0.00792352	-18585.9
780	0.00792352	-19311.9
790	0.00792352	-18458.7
800	0.00792352	-19023.2
810	0.00792352	-18688
820	0.00792352	-17948.4
830	0.00792352	-17790.6
840	0.00792352	-18860.1
850	0.00792352	-19001.1
860	0.00792352	-18904.6
870	0.00792352	-18675.6
880	0.00792352	-18705
890	0.00792352	-19576.5
900	0.00792352	-18940.7
910	0.00792352	-18778.1
920	0.00792352	-17928.5
930	0.00792352	-18594.2
940	0.00792352	-18625.4
950	0.00792352	-18330.6
960	0.00792352	-18584.8
970	0.00792352	-19085.2
980	0.00792352	-19092
990	0.00792352	-19717.6
1000	0.00792352	-18706.9
260	0.00604662	-18993.9
270	0.00604662	-18985.3
280	0.00604662	-18756.5
290	0.00604662	-18577.4
300	0.00604662	-19488.4
310	0.00604662	-18643.9
320	0.00604662	-18878.4
330	0.00604662	-18349.2
340	0.00604662	-19336.4
350	0.00604662	-19134.7
360	0.00604662	-19412.4
370	0.00604662	-18418.3
380	0.00604662	-19865.2
390	0.00604662	-19165.8
400	0.00604662	-19500.5
410	0.00604662	-19411
420	0.00604662	-18826.4
430	0.00604662	-18178.1
440	0.00604662	-19018.6
450	0.00604662	-18751.6
460	0.00604662	-18740.3
470	0.00604662	-18880.5
480	0.00604662	-18672.6
490	0.00604662	-19301.4
500	0.00604662	-19144.8
510	0.00604662	-18980.9
520	0.00604662	-18770.5
530	0.00604662	-18970.5
540	0.00604662	-18559.6
550	0.00604662	-18532.1
560	0.00604662	-18301.2
570	0.00604662	-18821.5
580	0.00604662	-18737.7
590	0.00604662	-18291.2
600	0.00604662	-19268
610	0.00604662	-19052.3
620	0.00604662	-19060.6
630	0.00604662	-18846.2
640	0.00604662	-19034
650	0.00604662	-18691
660	0.00604662	-19018.2
670	0.00604662	-18741.7
680	0.00604662	-19178.2
690	0.00604662	-18989.3
700	0.00604662	-19259.9
710	0.00604662	-19052.5
720	0.00604662	-19507.4
730	0.00604662	-19379.3
740	0.00604662	-18932.1
750	0.00604662	-18615.9
760	0.00604662	-18750.6
770	0.00604662	-18932.9
780	0.00604662	-18593.7
790	0.00604662	-18936.4
800	0.00604662	-19249.5
810	0.00604662	-18963.9
820	0.00604662	-18323.1
830	0.00604662	-18792.2
840	0.00604662	-18611.3
850	0.00604662	-18753.1
860	0.00604662	-18988
870	0.00604662	-18896.5
880	0.00604662	-19190.1
890	0.00604662	-18443
900	0.00604662	-19010.2
910	0.00604662	-18790.2
920	0.00604662	-18968.1
930	0.00604662	-18840.7
940	0.00604662	-19010.2
950	0.00604662	-18684.3
960	0.00604662	-19293.9
970	0.00604662	-19439.8
980	0.00604662	-18821.6
990	0.00604662	-19777.5
1000	0.00604662	-18897.1
260	0.00454354	-18950.3
270	0.00454354	-19751.8
280	0.00454354	-19166.5
290	0.00454354	-19215.8
300	0.00454354	-20277.5
310	0.00454354	-19230
320	0.00454354	-18500.2
330	0.00454354	-18910.5
340	0.00454354	-19336.4
350	0.00454354	-18622.6
360	0.00454354	-18608.7
370	0.00454354	-18750.6
380	0.00454354	-19112.4
390	0.00454354	-19834.1
400	0.00454354	-18723.3
410	0.00454354	-19082.3
420	0.00454354	-18940.4
430	0.00454354	-19010.3
440	0.00454354	-19665.8
450	0.00454354	-19779.5
460	0.00454354	-19374.1
470	0.00454354	-19052.1
480	0.00454354	-18814.1
490	0.00454354	-18510.4
500	0.00454354	-19078.9
510	0.00454354	-18715.1
520	0.00454354	-18921.7
530	0.00454354	-19325.1
540	0.00454354	-20258.9
550	0.00454354	-18966.3
560	0.00454354	-19347.4
570	0.00454354	-19087.7
580	0.00454354	-19329.2
590	0.00454354	-18672.4
600	0.00454354	-18614
610	0.00454354	-18486
620	0.00454354	-19412.7
630	0.00454354	-19250.8
640	0.00454354	-19358.4
650	0.00454354	-18738.2
660	0.00454354	-18668.6
670	0.00454354	-19020.8
680	0.00454354	-19015
690	0.00454354	-19449.3
700	0.00454354	-19175.4
710	0.00454354	-19097.7
720	0.00454354	-19290.8
730	0.00454354	-18905.2
740	0.00454354	-18708.2
750	0.00454354	-19010.9
760	0.00454354	-19408.4
770	0.00454354	-18494
780	0.00454354	-19995.5
790	0.00454354	-18906
800	0.00454354	-19519.1
810	0.00454354	-19456.6
820	0.00454354	-19015.4
830	0.00454354	-18574
840	0.00454354	-18704.1
850	0.00454354	-19278.6
860	0.00454354	-18462.6
870	0.00454354	-19181.2
880	0.00454354	-18837.3
890	0.00454354	-19177.9
900	0.00454354	-19249.8
910	0.00454354	-19199.9
920	0.00454354	-18816.9
930	0.00454354	-18791.6
940	0.00454354	-19584
950	0.00454354	-19386.3
960	0.00454354	-19153
970	0.00454354	-19307.5
980	0.00454354	-19102
990	0.00454354	-18698.9
1000	0.00454354	-19802.2
260	0.00335544	-19393.1
270	0.00335544	-19089.9
280	0.00335544	-19207.9
290	0.00335544	-19483.2
300	0.00335544	-18893.8
310	0.00335544	-19921.6
320	0.00335544	-19967.3
330	0.00335544	-20144.9
340	0.00335544	-19443.8
350	0.00335544	-19428.5
360	0.00335544	-19593.1
370	0.00335544	-19320.7
380	0.00335544	-19479.9
390	0.00335544	-19962.4
400	0.00335544	-19552.9
410	0.00335544	-19601.5
420	0.00335544	-19603.8
430	0.00335544	-18429.3
440	0.00335544	-19423.9
450	0.00335544	-19503.3
460	0.00335544	-18998.6
470	0.00335544	-19796.5
480	0.00335544	-19803
490	0.00335544	-19580.1
500	0.00335544	-19982.9
510	0.00335544	-19191.7
520	0.00335544	-19102.6
530	0.00335544	-20010
540	0.00335544	-19790.2
550	0.00335544	-19109.6
560	0.00335544	-18646.4
570	0.00335544	-19250.5
580	0.00335544	-19221.9
590	0.00335544	-19075.3
600	0.00335544	-19362.1
610	0.00335544	-19139.5
620	0.00335544	-18634.3
630	0.00335544	-19194.6
640	0.00335544	-19668.6
650	0.00335544	-19517.1
660	0.00335544	-20036.6
670	0.00335544	-20020.8
680	0.00335544	-19905.2
690	0.00335544	-19711.7
700	0.00335544	-19452.1
710	0.00335544	-19587.6
720	0.00335544	-19552
730	0.00335544	-19195.7
740	0.00335544	-19080.2
750	0.00335544	-19129.5
760	0.00335544	-19202.8
770	0.00335544	-19332.8
780	0.00335544	-20128.6
790	0.00335544	-19700.3
800	0.00335544	-19912.9
810	0.00335544	-20097.9
820	0.00335544	-19677
830	0.00335544	-19134.5
840	0.00335544	-18567.1
850	0.00335544	-19089.2
860	0.00335544	-19929.3
870	0.00335544	-19612.1
880	0.00335544	-19076.3
890	0.00335544	-19058.4
900	0.00335544	-19488.7
910	0.00335544	-19240.1
920	0.00335544	-19330.4
930	0.00335544	-19784.1
940	0.00335544	-19540.3
950	0.00335544	-19388.9
960	0.00335544	-20606.4
970	0.00335544	-19848
980	0.00335544	-19080.8
990	0.00335544	-19041.6
1000	0.00335544	-19641.4
260	0.00243	-18894.4
270	0.00243	-19189.9
280	0.00243	-19532.8
290	0.00243	-19575.6
300	0.00243	-19711.5
310	0.00243	-19224.5
320	0.00243	-19401.4
330	0.00243	-20030.4
340	0.00243	-19602.3
350	0.00243	-19327.2
360	0.00243	-19295.2
370	0.00243	-19653.8
380	0.00243	-19581
390	0.00243	-20525
400	0.00243	-19534.4
410	0.00243	-19426.6
420	0.00243	-18505
430	0.00243	-19786.9
440	0.00243	-19809.5
450	0.00243	-19277.5
460	0.00243	-20810.4
470	0.00243	-19178.4
480	0.00243	-19433.2
490	0.00243	-18855.8
500	0.00243	-19084
510	0.00243	-19158.4
520	0.00243	-20554.4
530	0.00243	-20073.6
540	0.00243	-19836.1
550	0.00243	-19537.7
560	0.00243	-19944.4
570	0.00243	-19374.4
580	0.00243	-19420.5
590	0.00243	-19641.9
600	0.00243	-19552.5
610	0.00243	-20046.5
620	0.00243	-19606.2
630	0.00243	-18749.3
640	0.00243	-18997.1
650	0.00243	-19577
660	0.00243	-19168.3
670	0.00243	-19934.7
680	0.00243	-19791.7
690	0.00243	-20245.4
700	0.00243	-20676.6
710	0.00243	-18802.5
720	0.00243	-19541
730	0.00243	-19999.4
740	0.00243	-20329.6
750	0.00243	-20566.2
760	0.00243	-18864.6
770	0.00243	-19370.9
780	0.00243	-19286.5
790	0.00243	-19063.5
800	0.00243	-19028.7
810	0.00243	-18961.9
820	0.00243	-19040.3
830	0.00243	-19477.2
840	0.00243	-19126.5
850	0.00243	-19722.3
860	0.00243	-19768
870	0.00243	-19604.4
880	0.00243	-18641.7
890	0.00243	-19590.8
900	0.00243	-20514.4
910	0.00243	-20072.6
920	0.00243	-19959.6
930	0.00243	-19299.9
940	0.00243	-19330.8
950	0.00243	-18828.7
960	0.00243	-19319.3
970	0.00243	-19534.2
980	0.00243	-19977.1
990	0.00243	-19990.9
1000	0.00243	-19239.1
260	0.00172104	-19380
270	0.00172104	-20025.1
280	0.00172104	-20453.5
290	0.00172104	-19992.2
300	0.00172104	-19966.8
310	0.00172104	-18703.2
320	0.00172104	-20800.3
330	0.00172104	-19863.9
340	0.00172104	-18981.2
350	0.00172104	-19483.5
360	0.00172104	-20264.1
370	0.00172104	-19366.4
380	0.00172104	-19113
390	0.00172104	-19451.7
400	0.00172104	-19082
410	0.00172104	-20639.7
420	0.00172104	-19726.3
430	0.00172104	-19386.4
440	0.00172104	-19464.9
450	0.00172104	-19774.1
460	0.00172104	-19954.3
470	0.00172104	-20074.7
480	0.00172104	-18970.4
490	0.00172104	-19429.4
500	0.00172104	-19613.7
510	0.00172104	-20248.8
520	0.00172104	-19615.4
530	0.00172104	-19718.4
540	0.00172104	-20206.4
550	0.00172104	-19330.9
560	0.00172104	-20861.6
570	0.00172104	-19257.2
580	0.00172104	-19763.3
590	0.00172104	-19284.9
600	0.00172104	-18750.3
610	0.00172104	-20500
620	0.00172104	-19403.2
630	0.00172104	-19793.1
640	0.00172104	-19878.9
650	0.00172104	-19543.3
660	0.00172104	-19205.9
670	0.00172104	-19650.3
680	0.00172104	-18779.4
690	0.00172104	-20141
700	0.00172104	-19532.1
710	0.00172104	-19781.2
720	0.00172104	-19715.6
730	0.00172104	-19911.9
740	0.00172104	-20438.3
750	0.00172104	-19456.5
760	0.00172104	-19028.1
770	0.00172104	-19953.4
780	0.00172104	-19652.4
790	0.00172104	-19734.8
800	0.00172104	-19315.9
810	0.00172104	-19514.4
820	0.00172104	-19349.4
830	0.00172104	-20542.2
840	0.00172104	-19804.5
850	0.00172104	-20565.7
860	0.00172104	-19723.5
870	0.00172104	-20054.2
880	0.00172104	-19390.4
890	0.00172104	-20294.1
900	0.00172104	-20322.7
910	0.00172104	-19961.4
920	0.00172104	-19486.2
930	0.00172104	-19495.2
940	0.00172104	-19924.3
950	0.00172104	-20220.7
960	0.00172104	-19794
970	0.00172104	-19869.9
980	0.00172104	-19024.7
990	0.00172104	-19404.1
1000	0.00172104	-19711.4
260	0.00118814	-19988.8
270	0.00118814	-19823.1
280	0.00118814	-19448.8
290	0.00118814	-20554.8
300	0.00118814	-19574.3
310	0.00118814	-19261.1
320	0.00118814	-20498.8
330	0.00118814	-19453
340	0.00118814	-20622.9
350	0.00118814	-19701.1
360	0.00118814	-20090.6
370	0.00118814	-19829
380	0.00118814	-20189.2
390	0.00118814	-19147.9
400	0.00118814	-19084.3
410	0.00118814	-19762.2
420	0.00118814	-20794.4
430	0.00118814	-19164.5
440	0.00118814	-20510
450	0.00118814	-19997.2
460	0.00118814	-19785
470	0.00118814	-19196.3
480	0.00118814	-20138.7
490	0.00118814	-19621.8
500	0.00118814	-20097.1
510	0.00118814	-19672.3
520	0.00118814	-19809.1
530	0.00118814	-19582.1
540	0.00118814	-19428.1
550	0.00118814	-20380.1
560	0.00118814	-19729.1
570	0.00118814	-19799.1
580	0.00118814	-21093.8
590	0.00118814	-19994.9
600	0.00118814	-19880.7
610	0.00118814	-20095.2
620	0.00118814	-19931
630	0.00118814	-20034.7
640	0.00118814	-20467.6
650	0.00118814	-20088.7
660	0.00118814	-19636.6
670	0.00118814	-20005.6
680	0.00118814	-20214.7
690	0.00118814	-20202.2
700	0.00118814	-19444.6
710	0.00118814	-20436.9
720	0.00118814	-19576.8
730	0.00118814	-19407
740	0.00118814	-19765.9
750	0.00118814	-20059
760	0.00118814	-19365.7
770	0.00118814	-19282.3
780	0.00118814	-19972.4
790	0.00118814	-19689.5
800	0.00118814	-19099.1
810	0.00118814	-19112.5
820	0.00118814	-19547.6
830	0.00118814	-19154.9
840	0.00118814	-19292.8
850	0.00118814	-19780.1
860	0.00118814	-19504.6
870	0.00118814	-20269.2
880	0.00118814	-19877.5
890	0.00118814	-20007.1
900	0.00118814	-20036.6
910	0.00118814	-19544.3
920	0.00118814	-19950.2
930	0.00118814	-19733.2
940	0.00118814	-19886
950	0.00118814	-19690.6
960	0.00118814	-19066.2
970	0.00118814	-20002
980	0.00118814	-20735.8
990	0.00118814	-19387.1
1000	0.00118814	-20281.7
260	0.000796262	-20050.3
270	0.000796262	-19649.1
280	0.000796262	-19564.8
290	0.000796262	-19424.2
300	0.000796262	-19023.9
310	0.000796262	-19921.7
320	0.000796262	-18915.8
330	0.000796262	-19701.5
340	0.000796262	-19949.5
350	0.000796262	-20657.3
360	0.000796262	-20365.9
370	0.000796262	-19759.9
380	0.000796262	-19031.3
390	0.000796262	-20531.7
400	0.000796262	-19757.7
410	0.000796262	-19804.5
420	0.000796262	-18913.6
430	0.000796262	-19753
440	0.000796262	-20277.7
450	0.000796262	-19535.5
460	0.000796262	-19610.5
470	0.000796262	-19299.1
480	0.000796262	-19968
490	0.000796262	-19597.8
500	0.000796262	-20828.6
510	0.000796262	-19844
520	0.000796262	-19567.4
530	0.000796262	-19392.8
540	0.000796262	-20240.6
550	0.000796262	-19418.5
560	0.000796262	-20634.1
570	0.000796262	-20328.5
580	0.000796262	-19764.3
590	0.000796262	-20087.9
600	0.000796262	-19367
610	0.000796262	-19710.6
620	0.000796262	-20034.4
630	0.000796262	-19279.8
640	0.000796262	-19344.7
650	0.000796262	-20507.6
660	0.000796262	-20001.1
670	0.000796262	-19598.6
680	0.000796262	-19371.5
690	0.000796262	-20157.9
700	0.000796262	-19272.6
710	0.000796262	-19852.8
720	0.000796262	-20423
730	0.000796262	-20273
740	0.000796262	-20352.1
750	0.000796262	-20078.3
760	0.000796262	-19431.2
770	0.000796262	-19241.1
780	0.000796262	-19679.5
790	0.000796262	-19977.3
800	0.000796262	-19612.2
810	0.000796262	-20219.3
820	0.000796262	-19691.9
830	0.000796262	-20168.5
840	0.000796262	-19827.1
850	0.000796262	-19108.1
860	0.000796262	-20060.8
870	0.000796262	-19431.3
880	0.000796262	-21077.4
890	0.000796262	-20366.7
900	0.000796262	-19558.5
910	0.000796262	-20579.3
920	0.000796262	-19340.2
930	0.000796262	-19431.9
940	0.000796262	-19828.4
950	0.000796262	-20187.8
960	0.000796262	-19821.6
970	0.000796262	-20108.7
980	0.000796262	-20237.3
990	0.000796262	-19997.3
1000	0.000796262	-19288.5
260	0.000515363	-19851.3
270	0.000515363	-19353.7
280	0.000515363	-20302.4
290	0.000515363	-20659
300	0.000515363	-19958.1
310	0.000515363	-19548.5
320	0.000515363	-19714.4
330	0.000515363	-19419.1
340	0.000515363	-19580.7
350	0.000515363	-19873.3
360	0.000515363	-19833.5
370	0.000515363	-19745.8
380	0.000515363	-19129.9
390	0.000515363	-19677.5
400	0.000515363	-19670.8
410	0.000515363	-19911.5
420	0.000515363	-19369.2
430	0.000515363	-19999.5
440	0.000515363	-19804.1
450	0.000515363	-20415.3
460	0.000515363	-19967
470	0.000515363	-21080.6
480	0.000515363	-20484.9
490	0.000515363	-19762.8
500	0.000515363	-18806.1
510	0.000515363	-19728.4
520	0.000515363	-20370.9
530	0.000515363	-19669.7
540	0.000515363	-20307.7
550	0.000515363	-19257.7
560	0.000515363	-19161.1
570	0.000515363	-20203.1
580	0.000515363	-19719.1
590	0.000515363	-19605.2
600	0.000515363	-19445.8
610	0.000515363	-19497.5
620	0.000515363	-19828.7
630	0.000515363	-20821.5
640	0.000515363	-19503.3
650	0.000515363	-19966.6
660	0.000515363	-20202.7
670	0.000515363	-20390.7
680	0.000515363	-20711.4
690	0.000515363	-20059.4
700	0.000515363	-20063.2
710	0.000515363	-19794.7
720	0.000515363	-20008.4
730	0.000515363	-19492.8
740	0.000515363	-19877.3
750	0.000515363	-19599.4
760	0.000515363	-19560
770	0.000515363	-19694.7
780	0.000515363	-19912.2
790	0.000515363	-20386.6
800	0.000515363	-19126.9
810	0.000515363	-19375.6
820	0.000515363	-19567.5
830	0.000515363	-20387
840	0.000515363	-19997.5
850	0.000515363	-19898.3
860	0.000515363	-19947.8
870	0.000515363	-20678.8
880	0.000515363	-19222.9
890	0.000515363	-20327
900	0.000515363	-20223
910	0.000515363	-19899
920	0.000515363	-20583.3
930	0.000515363	-19789.6
940	0.000515363	-20679.8
950	0.000515363	-19609.6
960	0.000515363	-19300.8
970	0.000515363	-19353.5
980	0.000515363	-19667.2
990	0.000515363	-19941.6
1000	0.000515363	-20701.6
260	0.00032	-20058.1
270	0.00032	-19290
280	0.00032	-19818.6
290	0.00032	-19309.1
300	0.00032	-20344.8
310	0.00032	-19924.2
320	0.00032	-19648.4
330	0.00032	-19695.9
340	0.00032	-19848.2
350	0.00032	-20984.9
360	0.00032	-20137
370	0.00032	-19681.2
380	0.00032	-20032.6
390	0.00032	-19985.8
400	0.00032	-20068.2
410	0.00032	-20230.4
420	0.00032	-18707.7
430	0.00032	-20040.1
440	0.00032	-19670
450	0.00032	-18853.5
460	0.00032	-19149.2
470	0.00032	-20160.8
480	0.00032	-20524.9
490	0.00032	-19060.1
500	0.00032	-20336.7
510	0.00032	-19429.5
520	0.00032	-19777.7
530	0.00032	-19521.4
540	0.00032	-20194.7
550	0.00032	-19215.1
560	0.00032	-19677
570	0.00032	-20184.2
580	0.00032	-18842.8
590	0.00032	-20178.4
600	0.00032	-20097.4
610	0.00032	-20333.5
620	0.00032	-19346.6
630	0.00032	-19408.3
640	0.00032	-20313.8
650	0.00032	-21173.5
660	0.00032	-20155.2
670	0.00032	-19458.1
680	0.00032	-19962
690	0.00032	-20450.3
700	0.00032	-19251.7
710	0.00032	-19119.2
720	0.00032	-20425
730	0.00032	-19656.2
740	0.00032	-20118.2
750	0.00032	-20021.6
760	0.00032	-19627.4
770	0.00032	-19728.8
780	0.00032	-19742.5
790	0.00032	-19448.1
800	0.00032	-20127.2
810	0.00032	-19398.2
820	0.00032	-20099.2
830	0.00032	-20241.2
840	0.00032	-19385.6
850	0.00032	-20168.7
860	0.00032	-20419.3
870	0.00032	-20108.4
880	0.00032	-19801.7
890	0.00032	-20043.6
900	0.00032	-19401.3
910	0.00032	-19771.5
920	0.00032	-20749.4
930	0.00032	-20115.1
940	0.00032	-20369.6
950	0.00032	-19881.6
960	0.00032	-21006.6
970	0.00032	-19829.8
980	0.00032	-19842.7
990	0.00032	-19525.3
1000	0.00032	-20150.9
260	0.000188957	-20096.8
270	0.000188957	-20329.3
280	0.000188957	-19787.3
290	0.000188957	-19728.4
300	0.000188957	-19781.1
310	0.000188957	-20422.6
320	0.000188957	-20180.7
330	0.000188957	-19632
340	0.000188957	-19537.5
350	0.000188957	-19775.1
360	0.000188957	-19827.4
370	0.000188957	-19703.7
380	0.000188957	-19895.6
390	0.000188957	-19939.1
400	0.000188957	-19747.1
410	0.000188957	-20309.8
420	0.000188957	-20412.4
430	0.000188957	-19736.9
440	0.000188957	-19827.1
450	0.000188957	-20277.9
460	0.000188957	-19957.6
470	0.000188957	-19917.9
480	0.000188957	-19991.6
490	0.000188957	-19660
500	0.000188957	-20371.2
510	0.000188957	-20839.2
520	0.000188957	-19637.9
530	0.000188957	-19994.9
540	0.000188957	-20077.3
550	0.000188957	-19483.5
560	0.000188957	-19611.7
570	0.000188957	-20828.5
580	0.000188957	-19850.2
590	0.000188957	-19780.1
600	0.000188957	-19498.6
610	0.000188957	-20477.7
620	0.000188957	-19804.2
630	0.000188957	-19628.4
640	0.000188957	-20447.4
650	0.000188957	-20461.2
660	0.000188957	-20633.3
670	0.000188957	-20315.7
680	0.000188957	-20600.1
690	0.000188957	-20339.8
700	0.000188957	-20128.1
710	0.000188957	-19414.9
720	0.000188957	-20061.8
730	0.000188957	-20581
740	0.000188957	-20564.7
750	0.000188957	-20712.8
760	0.000188957	-20777.9
770	0.000188957	-19603.1
780	0.000188957	-20210
790	0.000188957	-19836.7
800	0.000188957	-20363.9
810	0.000188957	-20012.7
820	0.000188957	-19525.3
830	0.000188957	-20311.2
840	0.000188957	-20436.1
850	0.000188957	-20188.7
860	0.000188957	-19418.5
870	0.000188957	-20323.7
880	0.000188957	-19886.6
890	0.000188957	-19480.8
900	0.000188957	-19930.9
910	0.000188957	-20473.7
920	0.000188957	-20208.8
930	0.000188957	-20425.8
940	0.000188957	-20230.8
950	0.000188957	-19896.6
960	0.000188957	-19857.4
970	0.000188957	-20004.3
980	0.000188957	-20279.8
990	0.000188957	-20179.4
1000	0.000188957	-19469.6
260	0.000104858	-19658
270	0.000104858	-19054
280	0.000104858	-19568.4
290	0.000104858	-20247.2
300	0.000104858	-19541.8
310	0.000104858	-20136.7
320	0.000104858	-20142.3
330	0.000104858	-20182.7
340	0.000104858	-19600.9
350	0.000104858	-19899.6
360	0.000104858	-20307
370	0.000104858	-20321.8
380	0.000104858	-19749.6
390	0.000104858	-19746.4
400	0.000104858	-19428.9
410	0.000104858	-21368.7
420	0.000104858	-20194.5
430	0.000104858	-19947.9
440	0.000104858	-19739.4
450	0.000104858	-20724.4
460	0.000104858	-19630.6
470	0.000104858	-19873.1
480	0.000104858	-20049.5
490	0.000104858	-19226
500	0.000104858	-20639.2
510	0.000104858	-20124.8
520	0.000104858	-20094.5
530	0.000104858	-19455.9
540	0.000104858	-20595
550	0.000104858	-20687.2
560	0.000104858	-20399.4
570	0.000104858	-19889.5
580	0.000104858	-20294.4
590	0.000104858	-19535.4
600	0.000104858	-20209
610	0.000104858	-20275.4
620	0.000104858	-19719.8
630	0.000104858	-20235.2
640	0.000104858	-20673.3
650	0.000104858	-20376.5
660	0.000104858	-19533.5
670	0.000104858	-19058.1
680	0.000104858	-20353.7
690	0.000104858	-19995.6
700	0.000104858	-20702.7
710	0.000104858	-20321
720	0.000104858	-21232.8
730	0.000104858	-19671.8
740	0.000104858	-20352.3
750	0.000104858	-19727.5
760	0.000104858	-19673.4
770	0.000104858	-19765.4
780	0.000104858	-20164.8
790	0.000104858	-20073.8
800	0.000104858	-20141.8
810	0.000104858	-19178
820	0.000104858	-19424.7
830	0.000104858	-19384.1
840	0.000104858	-21070.8
850	0.000104858	-20490.6
860	0.000104858	-19940.8
870	0.000104858	-20610.6
880	0.000104858	-19906.9
890	0.000104858	-19808.3
900	0.000104858	-21438
910	0.000104858	-19731.8
920	0.000104858	-19735.3
930	0.000104858	-21565.5
940	0.000104858	-20604.9
950	0.000104858	-20989.2
960	0.000104858	-20649
970	0.000104858	-21347.1
980	0.000104858	-19887.7
990	0.000104858	-20694.6
1000	0.000104858	-20069.6
260	5.37824e-05	-19446.6
270	5.37824e-05	-19354.7
280	5.37824e-05	-19948
290	5.37824e-05	-19556.4
300	5.37824e-05	-20171.4
310	5.37824e-05	-19711.2
320	5.37824e-05	-19370
330	5.37824e-05	-19932.2
340	5.37824e-05	-20112.6
350	5.37824e-05	-20148.6
360	5.37824e-05	-19882.4
370	5.37824e-05	-19130.4
380	5.37824e-05	-19194.8
390	5.37824e-05	-20344
400	5.37824e-05	-19848.5
410	5.37824e-05	-19434.2
420	5.37824e-05	-20430.9
430	5.37824e-05	-19395.5
440	5.37824e-05	-19250.6
450	5.37824e-05	-20272.1
460	5.37824e-05	-19729.9
470	5.37824e-05	-19230.9
480	5.37824e-05	-20711.2
490	5.37824e-05	-19617.4
500	5.37824e-05	-20013.9
510	5.37824e-05	-20483.9
520	5.37824e-05	-20058.7
530	5.37824e-05	-19605.4
540	5.37824e-05	-20607.7
550	5.37824e-05	-19922.3
560	5.37824e-05	-20149.6
570	5.37824e-05	-19136.6
580	5.37824e-05	-20809.6
590	5.37824e-05	-20450.7
600	5.37824e-05	-20050.7
610	5.37824e-05	-19621.7
620	5.37824e-05	-19493.7
630	5.37824e-05	-20078.2
640	5.37824e-05	-19706.2
650	5.37824e-05	-20878.5
660	5.37824e-05	-19824.7
670	5.37824e-05	-20197.4
680	5.37824e-05	-20552
690	5.37824e-05	-20602.5
700	5.37824e-05	-20067.6
710	5.37824e-05	-19587.4
720	5.37824e-05	-19671.2
730	5.37824e-05	-19190.4
740	5.37824e-05	-20211.9
750	5.37824e-05	-19536.5
760	5.37824e-05	-19922.2
770	5.37824e-05	-20608.8
780	5.37824e-05	-19908.9
790	5.37824e-05	-20950.4
800	5.37824e-05	-19520.5
810	5.37824e-05	-19345.3
820	5.37824e-05	-20435.4
830	5.37824e-05	-20634.5
840	5.37824e-05	-20087.9
850	5.37824e-05	-19922.3
860	5.37824e-05	-20312.1
870	5.37824e-05	-19168.6
880	5.37824e-05	-19717.7
890	5.37824e-05	-20113.7
900	5.37824e-05	-19940.9
910	5.37824e-05	-19418.7
920	5.37824e-05	-19376.5
930	5.37824e-05	-20387.6
940	5.37824e-05	-20073.9
950	5.37824e-05	-19931.2
960	5.37824e-05	-20825.6
970	5.37824e-05	-19815.5
980	5.37824e-05	-20640.5
990	5.37824e-05	-20739.2
1000	5.37824e-05	-20575.4
260	2.48832e-05	-20097.6
270	2.48832e-05	-19776.6
280	2.48832e-05	-19654.8
290	2.48832e-05	-21153.8
300	2.48832e-05	-19679.6
310	2.48832e-05	-20710.3
320	2.48832e-05	-20101.8
330	2.48832e-05	-20019.6
340	2.48832e-05	-20359.3
350	2.48832e-05	-20096
360	2.48832e-05	-19690.9
370	2.48832e-05	-20649
380	2.48832e-05	-19519.6
390	2.48832e-05	-19982.4
400	2.48832e-05	-19817.1
410	2.48832e-05	-19458.9
420	2.48832e-05	-19720.1
430	2.48832e-05	-20152.3
440	2.48832e-05	-20102.8
450	2.48832e-05	-19970.5
460	2.48832e-05	-20900.9
470	2.48832e-05	-19143.6
480	2.48832e-05	-20323.6
490	2.48832e-05	-19535.9
500	2.48832e-05	-19737.7
510	2.48832e-05	-20250.1
520	2.48832e-05	-19972.8
530	2.48832e-05	-19517.8
540	2.48832e-05	-19725.2
550	2.48832e-05	-19852.1
560	2.48832e-05	-20209.9
570	2.48832e-05	-19248.1
580	2.48832e-05	-18674.2
590	2.48832e-05	-20038.7
600	2.48832e-05	-20206.7
610	2.48832e-05	-19268.5
620	2.48832e-05	-20087.9
630	2.48832e-05	-19693.7
640	2.48832e-05	-20440.7
650	2.48832e-05	-20455.2
660	2.48832e-05	-19328.5
670	2.48832e-05	-19710.9
680	2.48832e-05	-20168.9
690	2.48832e-05	-19818.2
700	2.48832e-05	-20356.6
710	2.48832e-05	-20354.1
720	2.48832e-05	-20260.9
730	2.48832e-05	-19786.3
740	2.48832e-05	-19252.8
750	2.48832e-05	-19701.7
760	2.48832e-05	-20519.5
770	2.48832e-05	-19612.7
780	2.48832e-05	-20006.7
790	2.48832e-05	-19918.7
800	2.48832e-05	-19459
810	2.48832e-05	-20086.5
820	2.48832e-05	-19989.5
830	2.48832e-05	-20109.9
840	2.48832e-05	-19448
850	2.48832e-05	-20599.2
860	2.48832e-05	-19917.1
870	2.48832e-05	-20342.5
880	2.48832e-05	-20362.8
890	2.48832e-05	-19719.2
900	2.48832e-05	-19693.9
910	2.48832e-05	-20216.4
920	2.48832e-05	-20032.7
930	2.48832e-05	-19478.9
940	2.48832e-05	-19332.5
950	2.48832e-05	-19742.4
960	2.48832e-05	-20086.1
970	2.48832e-05	-20447.1
980	2.48832e-05	-20640.2
990	2.48832e-05	-19633.4
1000	2.48832e-05	-21027
260	1e-05	-19607.5
270	1e-05	-19608.6
280	1e-05	-20024
290	1e-05	-20173.7
300	1e-05	-18700.8
310	1e-05	-20860.9
320	1e-05	-21055.4
330	1e-05	-19318.6
340	1e-05	-19508.7
350	1e-05	-20018.6
360	1e-05	-20962.5
370	1e-05	-20537.7
380	1e-05	-20012.1
390	1e-05	-19578.2
400	1e-05	-19816.7
410	1e-05	-20829.5
420	1e-05	-19624.9
430	1e-05	-19562.7
440	1e-05	-20047.6
450	1e-05	-19866.6
460	1e-05	-19018.6
470	1e-05	-20584.2
480	1e-05	-20297.6
490	1e-05	-19207.8
500	1e-05	-20211.8
510	1e-05	-19664.5
520	1e-05	-19843.6
530	1e-05	-21241.8
540	1e-05	-19766.1
550	1e-05	-19396.2
560	1e-05	-20094.3
570	1e-05	-19621.7
580	1e-05	-20616.3
590	1e-05	-19665.3
600	1e-05	-20463.8
610	1e-05	-20478.3
620	1e-05	-20074.1
630	1e-05	-20470.7
640	1e-05	-20656
650	1e-05	-19818.5
660	1e-05	-20500.9
670	1e-05	-20334.7
680	1e-05	-19620.5
690	1e-05	-19628.8
700	1e-05	-19831.4
710	1e-05	-19291.2
720	1e-05	-20106.4
730	1e-05	-19939.7
740	1e-05	-20486.2
750	1e-05	-19103.8
760	1e-05	-20852.6
770	1e-05	-20070.7
780	1e-05	-20293.4
790	1e-05	-20586.7
800	1e-05	-19483
810	1e-05	-19669.7
820	1e-05	-21387.9
830	1e-05	-19984.5
840	1e-05	-20209.8
850	1e-05	-20480.6
860	1e-05	-19999.5
870	1e-05	-20414.9
880	1e-05	-20230.1
890	1e-05	-20539.3
900	1e-05	-19887.1
910	1e-05	-19347.6
920	1e-05	-19423.5
930	1e-05	-19796
940	1e-05	-19603.4
950	1e-05	-20406.8
960	1e-05	-20496
970	1e-05	-20162.6
980	1e-05	-20595.4
990	1e-05	-20382.1
1000	1e-05	-19686.1
260	3.2768e-06	-20267.4
270	3.2768e-06	-19670.5
280	3.2768e-06	-19856.1
290	3.2768e-06	-19226.9
300	3.2768e-06	-19781.8
310	3.2768e-06	-20213.8
320	3.2768e-06	-20414.2
330	3.2768e-06	-19940.3
340	3.2768e-06	-20037.8
350	3.2768e-06	-20489.6
360	3.2768e-06	-19657.9
370	3.2768e-06	-20610.8
380	3.2768e-06	-19275.1
390	3.2768e-06	-19992.1
400	3.2768e-06	-20369.8
410	3.2768e-06	-20027.9
420	3.2768e-06	-19700.7
430	3.2768e-06	-18795.3
440	3.2768e-06	-20199.1
450	3.2768e-06	-18871.8
460	3.2768e-06	-19428.1
470	3.2768e-06	-19831
480	3.2768e-06	-19503.4
490	3.2768e-06	-20285.7
500	3.2768e-06	-20091.2
510	3.2768e-06	-20206.4
520	3.2768e-06	-19233.8
530	3.2768e-06	-19239.6
540	3.2768e-06	-19276.2
550	3.2768e-06	-20625.6
560	3.2768e-06	-19175.1
570	3.2768e-06	-20043.9
580	3.2768e-06	-20600.8
590	3.2768e-06	-21091.2
600	3.2768e-06	-19186.8
610	3.2768e-06	-20225.4
620	3.2768e-06	-20067.4
630	3.2768e-06	-20025.7
640	3.2768e-06	-20225.2
650	3.2768e-06	-20750.1
660	3.2768e-06	-20374.7
670	3.2768e-06	-21233.3
680	3.2768e-06	-20339.1
690	3.2768e-06	-20084.9
700	3.2768e-06	-19880.1
710	3.2768e-06	-20651.7
720	3.2768e-06	-20619
730	3.2768e-06	-20259.9
740	3.2768e-06	-20950
750	3.2768e-06	-20165.5
760	3.2768e-06	-19715.5
770	3.2768e-06	-20610.7
780	3.2768e-06	-20079.7
790	3.2768e-06	-20072
800	3.2768e-06	-19075.7
810	3.2768e-06	-19603.4
820	3.2768e-06	-19976.9
830	3.2768e-06	-21319
840	3.2768e-06	-19924.7
850	3.2768e-06	-20214
860	3.2768e-06	-20038.6
870	3.2768e-06	-19955.9
880	3.2768e-06	-19673.9
890	3.2768e-06	-19918.9
900	3.2768e-06	-20076.9
910	3.2768e-06	-20002.2
920	3.2768e-06	-19846.6
930	3.2768e-06	-20572.9
940	3.2768e-06	-19458.6
950	3.2768e-06	-20450.8
960	3.2768e-06	-21051.2
970	3.2768e-06	-19781
980	3.2768e-06	-19389
990	3.2768e-06	-19744.6
1000	3.2768e-06	-20495.7
260	7.776e-07	-19870.1
270	7.776e-07	-20051.6
280	7.776e-07	-19848.1
290	7.776e-07	-20374.2
300	7.776e-07	-20370.6
310	7.776e-07	-20085.3
320	7.776e-07	-20069.4
330	7.776e-07	-19730.4
340	7.776e-07	-20102.1
350	7.776e-07	-19944.1
360	7.776e-07	-20362.1
370	7.776e-07	-19958.9
380	7.776e-07	-19806.9
390	7.776e-07	-19138.2
400	7.776e-07	-19808
410	7.776e-07	-19853.9
420	7.776e-07	-19842.3
430	7.776e-07	-20188.4
440	7.776e-07	-20685.3
450	7.776e-07	-20014.3
460	7.776e-07	-19840.6
470	7.776e-07	-19756.3
480	7.776e-07	-20216.7
490	7.776e-07	-19998.3
500	7.776e-07	-20182.1
510	7.776e-07	-19742.1
520	7.776e-07	-20437.9
530	7.776e-07	-20092.4
540	7.776e-07	-19416
550	7.776e-07	-19842.6
560	7.776e-07	-19979.1
570	7.776e-07	-20953.1
580	7.776e-07	-19835.8
590	7.776e-07	-20157.5
600	7.776e-07	-19376.6
610	7.776e-07	-18938.9
620	7.776e-07	-19992.2
630	7.776e-07	-20401.3
640	7.776e-07	-19250.3
650	7.776e-07	-19431.1
660	7.776e-07	-19864.2
670	7.776e-07	-20121
680	7.776e-07	-19938
690	7.776e-07	-20017.7
700	7.776e-07	-19068.6
710	7.776e-07	-19809.7
720	7.776e-07	-21089.2
730	7.776e-07	-19957.6
740	7.776e-07	-21441.7
750	7.776e-07	-19853.2
760	7.776e-07	-19513.4
770	7.776e-07	-21338.1
780	7.776e-07	-19802.2
790	7.776e-07	-20413.7
800	7.776e-07	-19215.2
810	7.776e-07	-19786
820	7.776e-07	-19774.7
830	7.776e-07	-20268.9
840	7.776e-07	-19587.7
850	7.776e-07	-20504.7
860	7.776e-07	-20587.4
870	7.776e-07	-19707.2
880	7.776e-07	-19473
890	7.776e-07	-19804.8
900	7.776e-07	-19663.9
910	7.776e-07	-19944.6
920	7.776e-07	-20468.8
930	7.776e-07	-20087.8
940	7.776e-07	-19018.1
950	7.776e-07	-19105.7
960	7.776e-07	-19547.4
970	7.776e-07	-20475.5
980	7.776e-07	-19895.7
990	7.776e-07	-19884
1000	7.776e-07	-19921.8
260	1.024e-07	-19505.5
270	1.024e-07	-20530.3
280	1.024e-07	-19848.5
290	1.024e-07	-19630.6
300	1.024e-07	-19459.6
310	1.024e-07	-19667.5
320	1.024e-07	-20370.3
330	1.024e-07	-20490.6
340	1.024e-07	-19277
350	1.024e-07	-19623.6
360	1.024e-07	-20334.2
370	1.024e-07	-20187.1
380	1.024e-07	-19833.7
390	1.024e-07	-19969.4
400	1.024e-07	-20135.1
410	1.024e-07	-20086.6
420	1.024e-07	-19254.4
430	1.024e-07	-20070.4
440	1.024e-07	-19622.9
450	1.024e-07	-20246
460	1.024e-07	-19771.5
470	1.024e-07	-20868.8
480	1.024e-07	-19544.5
490	1.024e-07	-20806.7
500	1.024e-07	-19667.3
510	1.024e-07	-21338
520	1.024e-07	-21835.4
530	1.024e-07	-19990.7
540	1.024e-07	-19863.7
550	1.024e-07	-19286.2
560	1.024e-07	-19884.1
570	1.024e-07	-19729.5
580	1.024e-07	-20300.9
590	1.024e-07	-19655.9
600	1.024e-07	-19969
610	1.024e-07	-20271.8
620	1.024e-07	-20760.7
630	1.024e-07	-20149.6
640	1.024e-07	-19942.5
650	1.024e-07	-20240.3
660	1.024e-07	-19609.2
670	1.024e-07	-19931.9
680	1.024e-07	-19695.8
690	1.024e-07	-19767.3
700	1.024e-07	-19812.7
710	1.024e-07	-20132.5
720	1.024e-07	-20356.6
730	1.024e-07	-20226.3
740	1.024e-07	-20285.2
750	1.024e-07	-20217
760	1.024e-07	-19898
770	1.024e-07	-19820.6
780	1.024e-07	-20110.8
790	1.024e-07	-20737.1
800	1.024e-07	-19082.9
810	1.024e-07	-19615.2
820	1.024e-07	-20583.2
830	1.024e-07	-20926
840	1.024e-07	-20232
850	1.024e-07	-19604.8
860	1.024e-07	-19036.2
870	1.024e-07	-19413.6
880	1.024e-07	-20002.7
890	1.024e-07	-20463.6
900	1.024e-07	-20946.9
910	1.024e-07	-19723.5
920	1.024e-07	-19992.9
930	1.024e-07	-20135.4
940	1.024e-07	-19796
950	1.024e-07	-19171.4
960	1.024e-07	-20185.1
970	1.024e-07	-19764.1
980	1.024e-07	-20066.3
990	1.024e-07	-20032.8
1000	1.024e-07	-19794.3
260	3.2e-09	-20710
270	3.2e-09	-19870
280	3.2e-09	-19826.3
290	3.2e-09	-20182.6
300	3.2e-09	-20548.8
310	3.2e-09	-21135.4
320	3.2e-09	-20352.1
330	3.2e-09	-21137.1
340	3.2e-09	-20487.1
350	3.2e-09	-20524.6
360	3.2e-09	-20517.1
370	3.2e-09	-19962.2
380	3.2e-09	-19153.4
390	3.2e-09	-19242.2
400	3.2e-09	-19631
410	3.2e-09	-19937.8
420	3.2e-09	-19981.7
430	3.2e-09	-21218.5
440	3.2e-09	-19718.7
450	3.2e-09	-19649.6
460	3.2e-09	-20013.3
470	3.2e-09	-19762
480	3.2e-09	-20827.9
490	3.2e-09	-19671.1
500	3.2e-09	-18942.6
510	3.2e-09	-20414.5
520	3.2e-09	-20405
530	3.2e-09	-20607.2
540	3.2e-09	-20627.1
550	3.2e-09	-20135.7
560	3.2e-09	-20744.2
570	3.2e-09	-19978.3
580	3.2e-09	-19599.6
590	3.2e-09	-19486.5
600	3.2e-09	-21542.7
610	3.2e-09	-19533.7
620	3.2e-09	-19945.9
630	3.2e-09	-20866.8
640	3.2e-09	-20313.5
650	3.2e-09	-21040.8
660	3.2e-09	-20427.2
670	3.2e-09	-19901.7
680	3.2e-09	-20205.3
690	3.2e-09	-20738.6
700	3.2e-09	-19267.3
710	3.2e-09	-19547.1
720	3.2e-09	-20302.3
730	3.2e-09	-19684.3
740	3.2e-09	-20199.3
750	3.2e-09	-20714.4
760	3.2e-09	-20397.2
770	3.2e-09	-20380.3
780	3.2e-09	-20023.4
790	3.2e-09	-19508.9
800	3.2e-09	-20391.6
810	3.2e-09	-19854
820	3.2e-09	-20134.8
830	3.2e-09	-20648
840	3.2e-09	-19988.3
850	3.2e-09	-20389.8
860	3.2e-09	-19320.7
870	3.2e-09	-19958.7
880	3.2e-09	-19921.6
890	3.2e-09	-20524.1
900	3.2e-09	-20303.1
910	3.2e-09	-20262.6
920	3.2e-09	-20464.2
930	3.2e-09	-20307.3
940	3.2e-09	-19500.8
950	3.2e-09	-20623.4
960	3.2e-09	-20390.1
970	3.2e-09	-19796
980	3.2e-09	-20963
990	3.2e-09	-20864.8
1000	3.2e-09	-20117
260	1.16658e-302	-20185.2
270	1.16658e-302	-20197.6
280	1.16658e-302	-19845.4
290	1.16658e-302	-20163.3
300	1.16658e-302	-21179
310	1.16658e-302	-19485.5
320	1.16658e-302	-19747.6
330	1.16658e-302	-21889.2
340	1.16658e-302	-20134.9
350	1.16658e-302	-19978.6
360	1.16658e-302	-19534.3
370	1.16658e-302	-19642.1
380	1.16658e-302	-20656.6
390	1.16658e-302	-20050.6
400	1.16658e-302	-20249.6
410	1.16658e-302	-19890.9
420	1.16658e-302	-20295.3
430	1.16658e-302	-20170.9
440	1.16658e-302	-20448
450	1.16658e-302	-19988.2
460	1.16658e-302	-20554.4
470	1.16658e-302	-20397.4
480	1.16658e-302	-20628.8
490	1.16658e-302	-20612.4
500	1.16658e-302	-19816.3
510	1.16658e-302	-20174.7
520	1.16658e-302	-19922.1
530	1.16658e-302	-19763.9
540	1.16658e-302	-20608.1
550	1.16658e-302	-20339.4
560	1.16658e-302	-19949.7
570	1.16658e-302	-20141
580	1.16658e-302	-19677.2
590	1.16658e-302	-20155.5
600	1.16658e-302	-20287.9
610	1.16658e-302	-20409.7
620	1.16658e-302	-20270.1
630	1.16658e-302	-19965.5
640	1.16658e-302	-19282.2
650	1.16658e-302	-20529.9
660	1.16658e-302	-20291
670	1.16658e-302	-19463.6
680	1.16658e-302	-19736.3
690	1.16658e-302	-19549.5
700	1.16658e-302	-19465.1
710	1.16658e-302	-19373.5
720	1.16658e-302	-19436.8
730	1.16658e-302	-20328
740	1.16658e-302	-20050.6
750	1.16658e-302	-21068.2
760	1.16658e-302	-20027.9
770	1.16658e-302	-19515.7
780	1.16658e-302	-20274.4
790	1.16658e-302	-20359.5
800	1.16658e-302	-20392.3
810	1.16658e-302	-19242.1
820	1.16658e-302	-19939.9
830	1.16658e-302	-18983.6
840	1.16658e-302	-20244.6
850	1.16658e-302	-19426
860	1.16658e-302	-20139.8
870	1.16658e-302	-20065.2
880	1.16658e-302	-19854.7
890	1.16658e-302	-20111.6
900	1.16658e-302	-19984.4
910	1.16658e-302	-19925.9
920	1.16658e-302	-19819
930	1.16658e-302	-19461.7
940	1.16658e-302	-20082.9
950	1.16658e-302	-20284.5
960	1.16658e-302	-20197.1
970	1.16658e-302	-20135.9
980	1.16658e-302	-19669.1
990	1.16658e-302	-20261.7
1000	1.16658e-302	-20064.2
