Iteration	Posterior	Likelihood	Prior	timeline[1]	timeline[2]	timeline[3]
0	-2454.17	0	-2454.17	34	79	135
10	-1244.97	0	-1244.97	34	79	135
20	-903.981	0	-903.981	34	79	135
30	-803.975	0	-803.975	34	79	135
40	-800.908	0	-800.908	34	79	135
50	-795.233	0	-795.233	34	79	135
60	-796.136	0	-796.136	34	79	135
70	-799.213	0	-799.213	34	79	135
80	-798.451	0	-798.451	34	79	135
90	-800.666	0	-800.666	34	79	135
100	-803.676	0	-803.676	34	79	135
110	-803.448	0	-803.448	34	79	135
120	-802.388	0	-802.388	34	79	135
130	-800.311	0	-800.311	34	79	135
140	-804.939	0	-804.939	34	79	135
150	-799.94	0	-799.94	34	79	135
160	-805.208	0	-805.208	34	79	135
170	-800.166	0	-800.166	34	79	135
180	-801.441	0	-801.441	34	79	135
190	-799.066	0	-799.066	34	79	135
200	-802.98	0	-802.98	34	79	135
210	-800.012	0	-800.012	34	79	135
220	-800.44	0	-800.44	34	79	135
230	-798.801	0	-798.801	34	79	135
240	-799.844	0	-799.844	34	79	135
250	-805.483	0	-805.483	34	79	135
260	-794.931	0	-794.931	34	79	135
270	-805.001	0	-805.001	34	79	135
280	-805.699	0	-805.699	34	79	135
290	-800.544	0	-800.544	34	79	135
300	-797.492	0	-797.492	34	79	135
310	-800.27	0	-800.27	34	79	135
320	-801.33	0	-801.33	34	79	135
330	-798.54	0	-798.54	34	79	135
340	-798.02	0	-798.02	34	79	135
350	-802.311	0	-802.311	34	79	135
360	-798.611	0	-798.611	34	79	135
370	-798.74	0	-798.74	34	79	135
380	-797.917	0	-797.917	34	79	135
390	-799.729	0	-799.729	34	79	135
400	-794.549	0	-794.549	34	79	135
410	-799.596	0	-799.596	34	79	135
420	-799.414	0	-799.414	34	79	135
430	-802.794	0	-802.794	34	79	135
440	-799.957	0	-799.957	34	79	135
450	-797.6	0	-797.6	34	79	135
460	-800.342	0	-800.342	34	79	135
470	-805.899	0	-805.899	34	79	135
480	-801.951	0	-801.951	34	79	135
490	-800.368	0	-800.368	34	79	135
500	-800.962	0	-800.962	34	79	135
510	-798.964	0	-798.964	34	79	135
520	-797.205	0	-797.205	34	79	135
530	-798.946	0	-798.946	34	79	135
540	-801.461	0	-801.461	34	79	135
550	-797.64	0	-797.64	34	79	135
560	-799.574	0	-799.574	34	79	135
570	-798.588	0	-798.588	34	79	135
580	-796.331	0	-796.331	34	79	135
590	-795.945	0	-795.945	34	79	135
600	-799.631	0	-799.631	34	79	135
610	-797.832	0	-797.832	34	79	135
620	-801.655	0	-801.655	34	79	135
630	-798.523	0	-798.523	34	79	135
640	-808.252	0	-808.252	34	79	135
650	-798.487	0	-798.487	34	79	135
660	-795.763	0	-795.763	34	79	135
670	-801.109	0	-801.109	34	79	135
680	-797.65	0	-797.65	34	79	135
690	-795.535	0	-795.535	34	79	135
700	-798.108	0	-798.108	34	79	135
710	-798.737	0	-798.737	34	79	135
720	-796.409	0	-796.409	34	79	135
730	-800.537	0	-800.537	34	79	135
740	-797.719	0	-797.719	34	79	135
750	-798.142	0	-798.142	34	79	135
760	-799.805	0	-799.805	34	79	135
770	-799.245	0	-799.245	34	79	135
780	-797.299	0	-797.299	34	79	135
790	-796.241	0	-796.241	34	79	135
800	-797.269	0	-797.269	34	79	135
810	-796.564	0	-796.564	34	79	135
820	-798.385	0	-798.385	34	79	135
830	-799.751	0	-799.751	34	79	135
840	-803.168	0	-803.168	34	79	135
850	-798.726	0	-798.726	34	79	135
860	-796.766	0	-796.766	34	79	135
870	-801	0	-801	34	79	135
880	-801.228	0	-801.228	34	79	135
890	-807.368	0	-807.368	34	79	135
900	-801.391	0	-801.391	34	79	135
910	-800.516	0	-800.516	34	79	135
920	-796.733	0	-796.733	34	79	135
930	-796.642	0	-796.642	34	79	135
940	-796.924	0	-796.924	34	79	135
950	-800.522	0	-800.522	34	79	135
960	-796.735	0	-796.735	34	79	135
970	-801.753	0	-801.753	34	79	135
980	-804.049	0	-804.049	34	79	135
990	-795.375	0	-795.375	34	79	135
1000	-794.983	0	-794.983	34	79	135
1010	-799.435	0	-799.435	34	79	135
1020	-801.827	0	-801.827	34	79	135
1030	-801.495	0	-801.495	34	79	135
1040	-807.298	0	-807.298	34	79	135
1050	-799.991	0	-799.991	34	79	135
1060	-795.567	0	-795.567	34	79	135
1070	-797.621	0	-797.621	34	79	135
1080	-797.38	0	-797.38	34	79	135
1090	-798.488	0	-798.488	34	79	135
1100	-804.973	0	-804.973	34	79	135
1110	-800.902	0	-800.902	34	79	135
1120	-797.739	0	-797.739	34	79	135
1130	-799.931	0	-799.931	34	79	135
1140	-801.327	0	-801.327	34	79	135
1150	-806.292	0	-806.292	34	79	135
1160	-800.628	0	-800.628	34	79	135
1170	-798.307	0	-798.307	34	79	135
1180	-797.737	0	-797.737	34	79	135
1190	-797.693	0	-797.693	34	79	135
1200	-801.958	0	-801.958	34	79	135
1210	-800.921	0	-800.921	34	79	135
1220	-800.293	0	-800.293	34	79	135
1230	-798.66	0	-798.66	34	79	135
1240	-808.173	0	-808.173	34	79	135
1250	-801.109	0	-801.109	34	79	135
1260	-804.895	0	-804.895	34	79	135
1270	-804.548	0	-804.548	34	79	135
1280	-798.512	0	-798.512	34	79	135
1290	-799.798	0	-799.798	34	79	135
1300	-802.518	0	-802.518	34	79	135
1310	-799.901	0	-799.901	34	79	135
1320	-797.744	0	-797.744	34	79	135
1330	-797.951	0	-797.951	34	79	135
1340	-799.667	0	-799.667	34	79	135
1350	-800.332	0	-800.332	34	79	135
1360	-801.359	0	-801.359	34	79	135
1370	-798.052	0	-798.052	34	79	135
1380	-796.671	0	-796.671	34	79	135
1390	-797.562	0	-797.562	34	79	135
1400	-797.438	0	-797.438	34	79	135
1410	-800.71	0	-800.71	34	79	135
1420	-802.411	0	-802.411	34	79	135
1430	-800.203	0	-800.203	34	79	135
1440	-800.613	0	-800.613	34	79	135
1450	-803.504	0	-803.504	34	79	135
1460	-800.586	0	-800.586	34	79	135
1470	-800.806	0	-800.806	34	79	135
1480	-797.774	0	-797.774	34	79	135
1490	-799.594	0	-799.594	34	79	135
1500	-798.473	0	-798.473	34	79	135
1510	-802.537	0	-802.537	34	79	135
1520	-795.614	0	-795.614	34	79	135
1530	-796.099	0	-796.099	34	79	135
1540	-796.739	0	-796.739	34	79	135
1550	-797.259	0	-797.259	34	79	135
1560	-797.689	0	-797.689	34	79	135
1570	-796.52	0	-796.52	34	79	135
1580	-798.416	0	-798.416	34	79	135
1590	-796.85	0	-796.85	34	79	135
1600	-796.481	0	-796.481	34	79	135
1610	-797.852	0	-797.852	34	79	135
1620	-803.446	0	-803.446	34	79	135
1630	-803.179	0	-803.179	34	79	135
1640	-800.323	0	-800.323	34	79	135
1650	-800.527	0	-800.527	34	79	135
1660	-803.889	0	-803.889	34	79	135
1670	-800.024	0	-800.024	34	79	135
1680	-796.428	0	-796.428	34	79	135
1690	-802.868	0	-802.868	34	79	135
1700	-796.282	0	-796.282	34	79	135
1710	-796.607	0	-796.607	34	79	135
1720	-800.332	0	-800.332	34	79	135
1730	-796.331	0	-796.331	34	79	135
1740	-795.319	0	-795.319	34	79	135
1750	-798.143	0	-798.143	34	79	135
1760	-797.541	0	-797.541	34	79	135
1770	-802.528	0	-802.528	34	79	135
1780	-796.357	0	-796.357	34	79	135
1790	-797.353	0	-797.353	34	79	135
1800	-796.209	0	-796.209	34	79	135
1810	-795.693	0	-795.693	34	79	135
1820	-799.868	0	-799.868	34	79	135
1830	-801.291	0	-801.291	34	79	135
1840	-795.168	0	-795.168	34	79	135
1850	-797.499	0	-797.499	34	79	135
1860	-799.578	0	-799.578	34	79	135
1870	-800.308	0	-800.308	34	79	135
1880	-802.155	0	-802.155	34	79	135
1890	-800.821	0	-800.821	34	79	135
1900	-796.4	0	-796.4	34	79	135
1910	-794.346	0	-794.346	34	79	135
1920	-797.331	0	-797.331	34	79	135
1930	-800.737	0	-800.737	34	79	135
1940	-798.863	0	-798.863	34	79	135
1950	-801.78	0	-801.78	34	79	135
1960	-797.635	0	-797.635	34	79	135
1970	-799.961	0	-799.961	34	79	135
1980	-799.574	0	-799.574	34	79	135
1990	-803.788	0	-803.788	34	79	135
2000	-807.498	0	-807.498	34	79	135
2010	-803.2	0	-803.2	34	79	135
2020	-797.213	0	-797.213	34	79	135
2030	-796.943	0	-796.943	34	79	135
2040	-799.894	0	-799.894	34	79	135
2050	-797.258	0	-797.258	34	79	135
2060	-801.352	0	-801.352	34	79	135
2070	-798.002	0	-798.002	34	79	135
2080	-799.671	0	-799.671	34	79	135
2090	-796.676	0	-796.676	34	79	135
2100	-799.022	0	-799.022	34	79	135
2110	-798.6	0	-798.6	34	79	135
2120	-796.354	0	-796.354	34	79	135
2130	-798.272	0	-798.272	34	79	135
2140	-797.869	0	-797.869	34	79	135
2150	-797.876	0	-797.876	34	79	135
2160	-798.506	0	-798.506	34	79	135
2170	-800.602	0	-800.602	34	79	135
2180	-801.772	0	-801.772	34	79	135
2190	-799.935	0	-799.935	34	79	135
2200	-797.152	0	-797.152	34	79	135
2210	-797.337	0	-797.337	34	79	135
2220	-796.719	0	-796.719	34	79	135
2230	-802.516	0	-802.516	34	79	135
2240	-796.168	0	-796.168	34	79	135
2250	-798.04	0	-798.04	34	79	135
2260	-800.966	0	-800.966	34	79	135
2270	-798.587	0	-798.587	34	79	135
2280	-798.15	0	-798.15	34	79	135
2290	-796.579	0	-796.579	34	79	135
2300	-799.535	0	-799.535	34	79	135
2310	-799.108	0	-799.108	34	79	135
2320	-807.011	0	-807.011	34	79	135
2330	-798.492	0	-798.492	34	79	135
2340	-798.836	0	-798.836	34	79	135
2350	-799.545	0	-799.545	34	79	135
2360	-797.136	0	-797.136	34	79	135
2370	-795.769	0	-795.769	34	79	135
2380	-797.919	0	-797.919	34	79	135
2390	-803.805	0	-803.805	34	79	135
2400	-797.925	0	-797.925	34	79	135
2410	-797.532	0	-797.532	34	79	135
2420	-795.408	0	-795.408	34	79	135
2430	-795.068	0	-795.068	34	79	135
2440	-801.153	0	-801.153	34	79	135
2450	-801.727	0	-801.727	34	79	135
2460	-799.334	0	-799.334	34	79	135
2470	-801.494	0	-801.494	34	79	135
2480	-800.322	0	-800.322	34	79	135
2490	-797.764	0	-797.764	34	79	135
2500	-800.637	0	-800.637	34	79	135
2510	-802.27	0	-802.27	34	79	135
2520	-798.585	0	-798.585	34	79	135
2530	-795.403	0	-795.403	34	79	135
2540	-799.556	0	-799.556	34	79	135
2550	-801.157	0	-801.157	34	79	135
2560	-796.311	0	-796.311	34	79	135
2570	-795.953	0	-795.953	34	79	135
2580	-803.418	0	-803.418	34	79	135
2590	-800.611	0	-800.611	34	79	135
2600	-801.251	0	-801.251	34	79	135
2610	-797.783	0	-797.783	34	79	135
2620	-795.16	0	-795.16	34	79	135
2630	-799.4	0	-799.4	34	79	135
2640	-797.95	0	-797.95	34	79	135
2650	-797.921	0	-797.921	34	79	135
2660	-797.342	0	-797.342	34	79	135
2670	-799.442	0	-799.442	34	79	135
2680	-797.595	0	-797.595	34	79	135
2690	-797.08	0	-797.08	34	79	135
2700	-797.858	0	-797.858	34	79	135
2710	-801.516	0	-801.516	34	79	135
2720	-795.827	0	-795.827	34	79	135
2730	-795.52	0	-795.52	34	79	135
2740	-796.935	0	-796.935	34	79	135
2750	-794.784	0	-794.784	34	79	135
2760	-795.966	0	-795.966	34	79	135
2770	-797.542	0	-797.542	34	79	135
2780	-803.786	0	-803.786	34	79	135
2790	-799.14	0	-799.14	34	79	135
2800	-802.172	0	-802.172	34	79	135
2810	-797.496	0	-797.496	34	79	135
2820	-796.441	0	-796.441	34	79	135
2830	-798.686	0	-798.686	34	79	135
2840	-797.707	0	-797.707	34	79	135
2850	-799.516	0	-799.516	34	79	135
2860	-802.136	0	-802.136	34	79	135
2870	-800.782	0	-800.782	34	79	135
2880	-798.536	0	-798.536	34	79	135
2890	-798.143	0	-798.143	34	79	135
2900	-797.148	0	-797.148	34	79	135
2910	-796.234	0	-796.234	34	79	135
2920	-800.324	0	-800.324	34	79	135
2930	-802.111	0	-802.111	34	79	135
2940	-799.142	0	-799.142	34	79	135
2950	-798.106	0	-798.106	34	79	135
2960	-799.16	0	-799.16	34	79	135
2970	-795.858	0	-795.858	34	79	135
2980	-807.612	0	-807.612	34	79	135
2990	-798	0	-798	34	79	135
3000	-801.093	0	-801.093	34	79	135
3010	-796.582	0	-796.582	34	79	135
3020	-797.927	0	-797.927	34	79	135
3030	-798.456	0	-798.456	34	79	135
3040	-796.69	0	-796.69	34	79	135
3050	-800.665	0	-800.665	34	79	135
3060	-798.947	0	-798.947	34	79	135
3070	-797.545	0	-797.545	34	79	135
3080	-795.084	0	-795.084	34	79	135
3090	-801.088	0	-801.088	34	79	135
3100	-798.558	0	-798.558	34	79	135
3110	-799.686	0	-799.686	34	79	135
3120	-798.879	0	-798.879	34	79	135
3130	-798.451	0	-798.451	34	79	135
3140	-805.522	0	-805.522	34	79	135
3150	-800.416	0	-800.416	34	79	135
3160	-800.977	0	-800.977	34	79	135
3170	-800.956	0	-800.956	34	79	135
3180	-802.357	0	-802.357	34	79	135
3190	-798.758	0	-798.758	34	79	135
3200	-799.741	0	-799.741	34	79	135
3210	-801.769	0	-801.769	34	79	135
3220	-803.765	0	-803.765	34	79	135
3230	-798.145	0	-798.145	34	79	135
3240	-800.546	0	-800.546	34	79	135
3250	-801.866	0	-801.866	34	79	135
3260	-803.537	0	-803.537	34	79	135
3270	-800.748	0	-800.748	34	79	135
3280	-802.761	0	-802.761	34	79	135
3290	-801.405	0	-801.405	34	79	135
3300	-800.67	0	-800.67	34	79	135
3310	-805.997	0	-805.997	34	79	135
3320	-801.972	0	-801.972	34	79	135
3330	-798.244	0	-798.244	34	79	135
3340	-798.776	0	-798.776	34	79	135
3350	-797.437	0	-797.437	34	79	135
3360	-800.482	0	-800.482	34	79	135
3370	-798.093	0	-798.093	34	79	135
3380	-799.625	0	-799.625	34	79	135
3390	-798.526	0	-798.526	34	79	135
3400	-799.397	0	-799.397	34	79	135
3410	-798.37	0	-798.37	34	79	135
3420	-797.519	0	-797.519	34	79	135
3430	-795.903	0	-795.903	34	79	135
3440	-798.091	0	-798.091	34	79	135
3450	-796.884	0	-796.884	34	79	135
3460	-795.827	0	-795.827	34	79	135
3470	-804.404	0	-804.404	34	79	135
3480	-802.426	0	-802.426	34	79	135
3490	-807.307	0	-807.307	34	79	135
3500	-800.739	0	-800.739	34	79	135
3510	-801.929	0	-801.929	34	79	135
3520	-798.485	0	-798.485	34	79	135
3530	-795.058	0	-795.058	34	79	135
3540	-799.352	0	-799.352	34	79	135
3550	-799.688	0	-799.688	34	79	135
3560	-797.698	0	-797.698	34	79	135
3570	-796.932	0	-796.932	34	79	135
3580	-799.142	0	-799.142	34	79	135
3590	-796.581	0	-796.581	34	79	135
3600	-802.187	0	-802.187	34	79	135
3610	-799.932	0	-799.932	34	79	135
3620	-795.592	0	-795.592	34	79	135
3630	-795.362	0	-795.362	34	79	135
3640	-798.533	0	-798.533	34	79	135
3650	-799.276	0	-799.276	34	79	135
3660	-801.022	0	-801.022	34	79	135
3670	-799.958	0	-799.958	34	79	135
3680	-799.853	0	-799.853	34	79	135
3690	-799.703	0	-799.703	34	79	135
3700	-797.983	0	-797.983	34	79	135
3710	-800.586	0	-800.586	34	79	135
3720	-801.875	0	-801.875	34	79	135
3730	-799.028	0	-799.028	34	79	135
3740	-800.338	0	-800.338	34	79	135
3750	-799.947	0	-799.947	34	79	135
3760	-798.922	0	-798.922	34	79	135
3770	-800.435	0	-800.435	34	79	135
3780	-801.064	0	-801.064	34	79	135
3790	-797.077	0	-797.077	34	79	135
3800	-798.241	0	-798.241	34	79	135
3810	-795.944	0	-795.944	34	79	135
3820	-798.658	0	-798.658	34	79	135
3830	-797.771	0	-797.771	34	79	135
3840	-804.754	0	-804.754	34	79	135
3850	-803.667	0	-803.667	34	79	135
3860	-801.625	0	-801.625	34	79	135
3870	-801.785	0	-801.785	34	79	135
3880	-801.183	0	-801.183	34	79	135
3890	-796.243	0	-796.243	34	79	135
3900	-799.38	0	-799.38	34	79	135
3910	-800.898	0	-800.898	34	79	135
3920	-801.284	0	-801.284	34	79	135
3930	-802.765	0	-802.765	34	79	135
3940	-801.631	0	-801.631	34	79	135
3950	-796.418	0	-796.418	34	79	135
3960	-802.482	0	-802.482	34	79	135
3970	-797.434	0	-797.434	34	79	135
3980	-800.397	0	-800.397	34	79	135
3990	-800.16	0	-800.16	34	79	135
4000	-798.71	0	-798.71	34	79	135
4010	-795.34	0	-795.34	34	79	135
4020	-797.403	0	-797.403	34	79	135
4030	-795.157	0	-795.157	34	79	135
4040	-799.356	0	-799.356	34	79	135
4050	-797.82	0	-797.82	34	79	135
4060	-800.066	0	-800.066	34	79	135
4070	-798.194	0	-798.194	34	79	135
4080	-796.595	0	-796.595	34	79	135
4090	-800.584	0	-800.584	34	79	135
4100	-802.948	0	-802.948	34	79	135
4110	-803.077	0	-803.077	34	79	135
4120	-797.178	0	-797.178	34	79	135
4130	-798.494	0	-798.494	34	79	135
4140	-797.786	0	-797.786	34	79	135
4150	-797.385	0	-797.385	34	79	135
4160	-799.144	0	-799.144	34	79	135
4170	-798.254	0	-798.254	34	79	135
4180	-801.534	0	-801.534	34	79	135
4190	-796.326	0	-796.326	34	79	135
4200	-795.268	0	-795.268	34	79	135
4210	-796.775	0	-796.775	34	79	135
4220	-800.45	0	-800.45	34	79	135
4230	-798.752	0	-798.752	34	79	135
4240	-799.143	0	-799.143	34	79	135
4250	-797.515	0	-797.515	34	79	135
4260	-803.142	0	-803.142	34	79	135
4270	-799.065	0	-799.065	34	79	135
4280	-796.281	0	-796.281	34	79	135
4290	-797.758	0	-797.758	34	79	135
4300	-798.459	0	-798.459	34	79	135
4310	-796.621	0	-796.621	34	79	135
4320	-793.932	0	-793.932	34	79	135
4330	-796.75	0	-796.75	34	79	135
4340	-800.009	0	-800.009	34	79	135
4350	-799.623	0	-799.623	34	79	135
4360	-798.523	0	-798.523	34	79	135
4370	-798.769	0	-798.769	34	79	135
4380	-803.689	0	-803.689	34	79	135
4390	-801.171	0	-801.171	34	79	135
4400	-799.912	0	-799.912	34	79	135
4410	-794.971	0	-794.971	34	79	135
4420	-795.763	0	-795.763	34	79	135
4430	-800.482	0	-800.482	34	79	135
4440	-799.763	0	-799.763	34	79	135
4450	-798.518	0	-798.518	34	79	135
4460	-797.187	0	-797.187	34	79	135
4470	-795.553	0	-795.553	34	79	135
4480	-798.311	0	-798.311	34	79	135
4490	-796.322	0	-796.322	34	79	135
4500	-798.386	0	-798.386	34	79	135
4510	-798.763	0	-798.763	34	79	135
4520	-800.995	0	-800.995	34	79	135
4530	-805.3	0	-805.3	34	79	135
4540	-797.048	0	-797.048	34	79	135
4550	-803.975	0	-803.975	34	79	135
4560	-801.482	0	-801.482	34	79	135
4570	-799.616	0	-799.616	34	79	135
4580	-798.573	0	-798.573	34	79	135
4590	-802.541	0	-802.541	34	79	135
4600	-796.284	0	-796.284	34	79	135
4610	-798.924	0	-798.924	34	79	135
4620	-800.328	0	-800.328	34	79	135
4630	-804.066	0	-804.066	34	79	135
4640	-800.182	0	-800.182	34	79	135
4650	-799.044	0	-799.044	34	79	135
4660	-800.497	0	-800.497	34	79	135
4670	-795.88	0	-795.88	34	79	135
4680	-796.609	0	-796.609	34	79	135
4690	-801.839	0	-801.839	34	79	135
4700	-800.61	0	-800.61	34	79	135
4710	-801.275	0	-801.275	34	79	135
4720	-799.552	0	-799.552	34	79	135
4730	-803.398	0	-803.398	34	79	135
4740	-799.382	0	-799.382	34	79	135
4750	-799.679	0	-799.679	34	79	135
4760	-801.245	0	-801.245	34	79	135
4770	-797.143	0	-797.143	34	79	135
4780	-795.439	0	-795.439	34	79	135
4790	-795.927	0	-795.927	34	79	135
4800	-797.934	0	-797.934	34	79	135
4810	-798.781	0	-798.781	34	79	135
4820	-797.611	0	-797.611	34	79	135
4830	-798.211	0	-798.211	34	79	135
4840	-802.234	0	-802.234	34	79	135
4850	-799.108	0	-799.108	34	79	135
4860	-799.814	0	-799.814	34	79	135
4870	-803.923	0	-803.923	34	79	135
4880	-801.725	0	-801.725	34	79	135
4890	-797.776	0	-797.776	34	79	135
4900	-798.876	0	-798.876	34	79	135
4910	-802.502	0	-802.502	34	79	135
4920	-800.416	0	-800.416	34	79	135
4930	-801.426	0	-801.426	34	79	135
4940	-800.904	0	-800.904	34	79	135
4950	-805.818	0	-805.818	34	79	135
4960	-796.326	0	-796.326	34	79	135
4970	-799.546	0	-799.546	34	79	135
4980	-800.091	0	-800.091	34	79	135
4990	-802.059	0	-802.059	34	79	135
5000	-802.215	0	-802.215	34	79	135
5010	-794.254	0	-794.254	34	79	135
5020	-798.34	0	-798.34	34	79	135
5030	-796.128	0	-796.128	34	79	135
5040	-803.688	0	-803.688	34	79	135
5050	-800.596	0	-800.596	34	79	135
5060	-799.456	0	-799.456	34	79	135
5070	-795.278	0	-795.278	34	79	135
5080	-803.74	0	-803.74	34	79	135
5090	-798.562	0	-798.562	34	79	135
5100	-802.928	0	-802.928	34	79	135
5110	-796.062	0	-796.062	34	79	135
5120	-801.124	0	-801.124	34	79	135
5130	-796.955	0	-796.955	34	79	135
5140	-797.531	0	-797.531	34	79	135
5150	-800.035	0	-800.035	34	79	135
5160	-798.642	0	-798.642	34	79	135
5170	-797.721	0	-797.721	34	79	135
5180	-798.857	0	-798.857	34	79	135
5190	-800.836	0	-800.836	34	79	135
5200	-800.208	0	-800.208	34	79	135
5210	-799.606	0	-799.606	34	79	135
5220	-798.376	0	-798.376	34	79	135
5230	-803.534	0	-803.534	34	79	135
5240	-799.726	0	-799.726	34	79	135
5250	-799.713	0	-799.713	34	79	135
5260	-801.082	0	-801.082	34	79	135
5270	-799.069	0	-799.069	34	79	135
5280	-799.709	0	-799.709	34	79	135
5290	-798.763	0	-798.763	34	79	135
5300	-798.926	0	-798.926	34	79	135
5310	-798.962	0	-798.962	34	79	135
5320	-797.902	0	-797.902	34	79	135
5330	-796.535	0	-796.535	34	79	135
5340	-800.503	0	-800.503	34	79	135
5350	-804.954	0	-804.954	34	79	135
5360	-800.224	0	-800.224	34	79	135
5370	-796.983	0	-796.983	34	79	135
5380	-799.809	0	-799.809	34	79	135
5390	-797.987	0	-797.987	34	79	135
5400	-802.451	0	-802.451	34	79	135
5410	-804.501	0	-804.501	34	79	135
5420	-800.716	0	-800.716	34	79	135
5430	-800.042	0	-800.042	34	79	135
5440	-799.028	0	-799.028	34	79	135
5450	-796.893	0	-796.893	34	79	135
5460	-796.589	0	-796.589	34	79	135
5470	-798.716	0	-798.716	34	79	135
5480	-802.21	0	-802.21	34	79	135
5490	-799.047	0	-799.047	34	79	135
5500	-798.357	0	-798.357	34	79	135
5510	-799.083	0	-799.083	34	79	135
5520	-799.743	0	-799.743	34	79	135
5530	-798.332	0	-798.332	34	79	135
5540	-800.032	0	-800.032	34	79	135
5550	-800.895	0	-800.895	34	79	135
5560	-797.615	0	-797.615	34	79	135
5570	-797.441	0	-797.441	34	79	135
5580	-802.7	0	-802.7	34	79	135
5590	-804.519	0	-804.519	34	79	135
5600	-800.641	0	-800.641	34	79	135
5610	-797.105	0	-797.105	34	79	135
5620	-797.916	0	-797.916	34	79	135
5630	-803.586	0	-803.586	34	79	135
5640	-804.821	0	-804.821	34	79	135
5650	-805.138	0	-805.138	34	79	135
5660	-803.983	0	-803.983	34	79	135
5670	-801.185	0	-801.185	34	79	135
5680	-801.376	0	-801.376	34	79	135
5690	-797.595	0	-797.595	34	79	135
5700	-798.415	0	-798.415	34	79	135
5710	-797.015	0	-797.015	34	79	135
5720	-800.181	0	-800.181	34	79	135
5730	-801.51	0	-801.51	34	79	135
5740	-799.699	0	-799.699	34	79	135
5750	-794.607	0	-794.607	34	79	135
5760	-798.074	0	-798.074	34	79	135
5770	-796.789	0	-796.789	34	79	135
5780	-800.731	0	-800.731	34	79	135
5790	-800.661	0	-800.661	34	79	135
5800	-797.597	0	-797.597	34	79	135
5810	-796.158	0	-796.158	34	79	135
5820	-798.184	0	-798.184	34	79	135
5830	-796.805	0	-796.805	34	79	135
5840	-799.433	0	-799.433	34	79	135
5850	-798.926	0	-798.926	34	79	135
5860	-800.008	0	-800.008	34	79	135
5870	-804.748	0	-804.748	34	79	135
5880	-802.509	0	-802.509	34	79	135
5890	-798.776	0	-798.776	34	79	135
5900	-797.883	0	-797.883	34	79	135
5910	-807.414	0	-807.414	34	79	135
5920	-801.204	0	-801.204	34	79	135
5930	-796.923	0	-796.923	34	79	135
5940	-795.963	0	-795.963	34	79	135
5950	-794.86	0	-794.86	34	79	135
5960	-796.899	0	-796.899	34	79	135
5970	-798.171	0	-798.171	34	79	135
5980	-798.695	0	-798.695	34	79	135
5990	-798.765	0	-798.765	34	79	135
6000	-803.692	0	-803.692	34	79	135
6010	-802.381	0	-802.381	34	79	135
6020	-803.73	0	-803.73	34	79	135
6030	-800.039	0	-800.039	34	79	135
6040	-799.349	0	-799.349	34	79	135
6050	-798.608	0	-798.608	34	79	135
6060	-800.68	0	-800.68	34	79	135
6070	-807.343	0	-807.343	34	79	135
6080	-797.895	0	-797.895	34	79	135
6090	-801.895	0	-801.895	34	79	135
6100	-802.44	0	-802.44	34	79	135
6110	-802.968	0	-802.968	34	79	135
6120	-799.75	0	-799.75	34	79	135
6130	-799.358	0	-799.358	34	79	135
6140	-796.933	0	-796.933	34	79	135
6150	-795.611	0	-795.611	34	79	135
6160	-796.719	0	-796.719	34	79	135
6170	-796.934	0	-796.934	34	79	135
6180	-797.462	0	-797.462	34	79	135
6190	-797.173	0	-797.173	34	79	135
6200	-801.297	0	-801.297	34	79	135
6210	-803.127	0	-803.127	34	79	135
6220	-798.891	0	-798.891	34	79	135
6230	-799.038	0	-799.038	34	79	135
6240	-798.103	0	-798.103	34	79	135
6250	-795.084	0	-795.084	34	79	135
6260	-796.656	0	-796.656	34	79	135
6270	-802.7	0	-802.7	34	79	135
6280	-803.818	0	-803.818	34	79	135
6290	-799.631	0	-799.631	34	79	135
6300	-800.074	0	-800.074	34	79	135
6310	-797.238	0	-797.238	34	79	135
6320	-797.189	0	-797.189	34	79	135
6330	-800.596	0	-800.596	34	79	135
6340	-809.459	0	-809.459	34	79	135
6350	-798.009	0	-798.009	34	79	135
6360	-797.652	0	-797.652	34	79	135
6370	-798.757	0	-798.757	34	79	135
6380	-804.274	0	-804.274	34	79	135
6390	-802.09	0	-802.09	34	79	135
6400	-800.902	0	-800.902	34	79	135
6410	-805.976	0	-805.976	34	79	135
6420	-798.169	0	-798.169	34	79	135
6430	-802.521	0	-802.521	34	79	135
6440	-803.876	0	-803.876	34	79	135
6450	-800.535	0	-800.535	34	79	135
6460	-797.562	0	-797.562	34	79	135
6470	-796.593	0	-796.593	34	79	135
6480	-797.639	0	-797.639	34	79	135
6490	-796.833	0	-796.833	34	79	135
6500	-799.253	0	-799.253	34	79	135
6510	-797.031	0	-797.031	34	79	135
6520	-800.497	0	-800.497	34	79	135
6530	-804.71	0	-804.71	34	79	135
6540	-796.58	0	-796.58	34	79	135
6550	-803.638	0	-803.638	34	79	135
6560	-802.056	0	-802.056	34	79	135
6570	-802.568	0	-802.568	34	79	135
6580	-798.991	0	-798.991	34	79	135
6590	-795.92	0	-795.92	34	79	135
6600	-797.309	0	-797.309	34	79	135
6610	-802.907	0	-802.907	34	79	135
6620	-798.706	0	-798.706	34	79	135
6630	-798.735	0	-798.735	34	79	135
6640	-797.091	0	-797.091	34	79	135
6650	-797.603	0	-797.603	34	79	135
6660	-801.908	0	-801.908	34	79	135
6670	-800.49	0	-800.49	34	79	135
6680	-798.544	0	-798.544	34	79	135
6690	-796.195	0	-796.195	34	79	135
6700	-795.841	0	-795.841	34	79	135
6710	-798.762	0	-798.762	34	79	135
6720	-798.356	0	-798.356	34	79	135
6730	-799.05	0	-799.05	34	79	135
6740	-798.289	0	-798.289	34	79	135
6750	-798.552	0	-798.552	34	79	135
6760	-796.5	0	-796.5	34	79	135
6770	-797.012	0	-797.012	34	79	135
6780	-798.891	0	-798.891	34	79	135
6790	-799.73	0	-799.73	34	79	135
6800	-802.38	0	-802.38	34	79	135
6810	-801.473	0	-801.473	34	79	135
6820	-804.074	0	-804.074	34	79	135
6830	-796.054	0	-796.054	34	79	135
6840	-800.216	0	-800.216	34	79	135
6850	-801.319	0	-801.319	34	79	135
6860	-801.086	0	-801.086	34	79	135
6870	-796.482	0	-796.482	34	79	135
6880	-799.612	0	-799.612	34	79	135
6890	-804.893	0	-804.893	34	79	135
6900	-802.353	0	-802.353	34	79	135
6910	-804.536	0	-804.536	34	79	135
6920	-802.663	0	-802.663	34	79	135
6930	-798.107	0	-798.107	34	79	135
6940	-800.158	0	-800.158	34	79	135
6950	-796.648	0	-796.648	34	79	135
6960	-800.313	0	-800.313	34	79	135
6970	-794.774	0	-794.774	34	79	135
6980	-796.937	0	-796.937	34	79	135
6990	-799.494	0	-799.494	34	79	135
7000	-798.617	0	-798.617	34	79	135
7010	-799.049	0	-799.049	34	79	135
7020	-800.935	0	-800.935	34	79	135
7030	-799.034	0	-799.034	34	79	135
7040	-794.978	0	-794.978	34	79	135
7050	-798.534	0	-798.534	34	79	135
7060	-798.507	0	-798.507	34	79	135
7070	-798.944	0	-798.944	34	79	135
7080	-798.54	0	-798.54	34	79	135
7090	-796.177	0	-796.177	34	79	135
7100	-797.453	0	-797.453	34	79	135
7110	-799.641	0	-799.641	34	79	135
7120	-796.848	0	-796.848	34	79	135
7130	-796.998	0	-796.998	34	79	135
7140	-800.244	0	-800.244	34	79	135
7150	-795.102	0	-795.102	34	79	135
7160	-796.447	0	-796.447	34	79	135
7170	-796.818	0	-796.818	34	79	135
7180	-795.847	0	-795.847	34	79	135
7190	-800.34	0	-800.34	34	79	135
7200	-810.617	0	-810.617	34	79	135
7210	-797.972	0	-797.972	34	79	135
7220	-795.991	0	-795.991	34	79	135
7230	-799.621	0	-799.621	34	79	135
7240	-796.13	0	-796.13	34	79	135
7250	-796.373	0	-796.373	34	79	135
7260	-799.017	0	-799.017	34	79	135
7270	-798.643	0	-798.643	34	79	135
7280	-798.964	0	-798.964	34	79	135
7290	-796.923	0	-796.923	34	79	135
7300	-800.329	0	-800.329	34	79	135
7310	-805.29	0	-805.29	34	79	135
7320	-799.713	0	-799.713	34	79	135
7330	-797.019	0	-797.019	34	79	135
7340	-797.391	0	-797.391	34	79	135
7350	-804.124	0	-804.124	34	79	135
7360	-802.12	0	-802.12	34	79	135
7370	-800.064	0	-800.064	34	79	135
7380	-806.479	0	-806.479	34	79	135
7390	-798.91	0	-798.91	34	79	135
7400	-803.105	0	-803.105	34	79	135
7410	-798.895	0	-798.895	34	79	135
7420	-801.521	0	-801.521	34	79	135
7430	-797.167	0	-797.167	34	79	135
7440	-797.246	0	-797.246	34	79	135
7450	-801.072	0	-801.072	34	79	135
7460	-796.504	0	-796.504	34	79	135
7470	-796.194	0	-796.194	34	79	135
7480	-800.272	0	-800.272	34	79	135
7490	-809.032	0	-809.032	34	79	135
7500	-798.312	0	-798.312	34	79	135
7510	-803.09	0	-803.09	34	79	135
7520	-801.908	0	-801.908	34	79	135
7530	-800.606	0	-800.606	34	79	135
7540	-801.661	0	-801.661	34	79	135
7550	-801.229	0	-801.229	34	79	135
7560	-800.85	0	-800.85	34	79	135
7570	-802.968	0	-802.968	34	79	135
7580	-799.295	0	-799.295	34	79	135
7590	-798.903	0	-798.903	34	79	135
7600	-798.802	0	-798.802	34	79	135
7610	-801.369	0	-801.369	34	79	135
7620	-798.533	0	-798.533	34	79	135
7630	-804.866	0	-804.866	34	79	135
7640	-800.663	0	-800.663	34	79	135
7650	-800.448	0	-800.448	34	79	135
7660	-797.788	0	-797.788	34	79	135
7670	-800.133	0	-800.133	34	79	135
7680	-801.233	0	-801.233	34	79	135
7690	-798.576	0	-798.576	34	79	135
7700	-805.173	0	-805.173	34	79	135
7710	-807.639	0	-807.639	34	79	135
7720	-800.618	0	-800.618	34	79	135
7730	-797.652	0	-797.652	34	79	135
7740	-798.697	0	-798.697	34	79	135
7750	-798.448	0	-798.448	34	79	135
7760	-801.746	0	-801.746	34	79	135
7770	-801.428	0	-801.428	34	79	135
7780	-797.673	0	-797.673	34	79	135
7790	-804.193	0	-804.193	34	79	135
7800	-799.594	0	-799.594	34	79	135
7810	-803.692	0	-803.692	34	79	135
7820	-799.98	0	-799.98	34	79	135
7830	-799.084	0	-799.084	34	79	135
7840	-800.177	0	-800.177	34	79	135
7850	-799.52	0	-799.52	34	79	135
7860	-798.416	0	-798.416	34	79	135
7870	-796.149	0	-796.149	34	79	135
7880	-797.453	0	-797.453	34	79	135
7890	-797.973	0	-797.973	34	79	135
7900	-796.967	0	-796.967	34	79	135
7910	-797.317	0	-797.317	34	79	135
7920	-800.665	0	-800.665	34	79	135
7930	-797.986	0	-797.986	34	79	135
7940	-800.117	0	-800.117	34	79	135
7950	-796.799	0	-796.799	34	79	135
7960	-800.32	0	-800.32	34	79	135
7970	-797.201	0	-797.201	34	79	135
7980	-796.335	0	-796.335	34	79	135
7990	-796.059	0	-796.059	34	79	135
8000	-797.225	0	-797.225	34	79	135
8010	-796.216	0	-796.216	34	79	135
8020	-798.731	0	-798.731	34	79	135
8030	-798.908	0	-798.908	34	79	135
8040	-800.074	0	-800.074	34	79	135
8050	-797.402	0	-797.402	34	79	135
8060	-798.995	0	-798.995	34	79	135
8070	-800.267	0	-800.267	34	79	135
8080	-802.918	0	-802.918	34	79	135
8090	-798.644	0	-798.644	34	79	135
8100	-796.196	0	-796.196	34	79	135
8110	-804.62	0	-804.62	34	79	135
8120	-798.081	0	-798.081	34	79	135
8130	-804.806	0	-804.806	34	79	135
8140	-798.565	0	-798.565	34	79	135
8150	-795.894	0	-795.894	34	79	135
8160	-798.252	0	-798.252	34	79	135
8170	-797.664	0	-797.664	34	79	135
8180	-798.125	0	-798.125	34	79	135
8190	-801.447	0	-801.447	34	79	135
8200	-803.041	0	-803.041	34	79	135
8210	-797.793	0	-797.793	34	79	135
8220	-801.049	0	-801.049	34	79	135
8230	-796.302	0	-796.302	34	79	135
8240	-798.808	0	-798.808	34	79	135
8250	-798.539	0	-798.539	34	79	135
8260	-802.563	0	-802.563	34	79	135
8270	-804.781	0	-804.781	34	79	135
8280	-796.956	0	-796.956	34	79	135
8290	-798.108	0	-798.108	34	79	135
8300	-797.79	0	-797.79	34	79	135
8310	-803.931	0	-803.931	34	79	135
8320	-799.358	0	-799.358	34	79	135
8330	-802.737	0	-802.737	34	79	135
8340	-796.299	0	-796.299	34	79	135
8350	-799.289	0	-799.289	34	79	135
8360	-801.835	0	-801.835	34	79	135
8370	-799.349	0	-799.349	34	79	135
8380	-800.254	0	-800.254	34	79	135
8390	-799.911	0	-799.911	34	79	135
8400	-800.028	0	-800.028	34	79	135
8410	-798.753	0	-798.753	34	79	135
8420	-797.667	0	-797.667	34	79	135
8430	-798.076	0	-798.076	34	79	135
8440	-801.353	0	-801.353	34	79	135
8450	-801.576	0	-801.576	34	79	135
8460	-795.096	0	-795.096	34	79	135
8470	-798.7	0	-798.7	34	79	135
8480	-796.878	0	-796.878	34	79	135
8490	-798.049	0	-798.049	34	79	135
8500	-798.794	0	-798.794	34	79	135
8510	-798.711	0	-798.711	34	79	135
8520	-796.078	0	-796.078	34	79	135
8530	-797.738	0	-797.738	34	79	135
8540	-803.86	0	-803.86	34	79	135
8550	-799.325	0	-799.325	34	79	135
8560	-800.27	0	-800.27	34	79	135
8570	-802.219	0	-802.219	34	79	135
8580	-804.887	0	-804.887	34	79	135
8590	-801.935	0	-801.935	34	79	135
8600	-801.826	0	-801.826	34	79	135
8610	-798.3	0	-798.3	34	79	135
8620	-799.94	0	-799.94	34	79	135
8630	-795.175	0	-795.175	34	79	135
8640	-800.994	0	-800.994	34	79	135
8650	-798.486	0	-798.486	34	79	135
8660	-799.685	0	-799.685	34	79	135
8670	-798.305	0	-798.305	34	79	135
8680	-798.197	0	-798.197	34	79	135
8690	-797.525	0	-797.525	34	79	135
8700	-799.725	0	-799.725	34	79	135
8710	-796.816	0	-796.816	34	79	135
8720	-798.831	0	-798.831	34	79	135
8730	-797.485	0	-797.485	34	79	135
8740	-794.507	0	-794.507	34	79	135
8750	-798.601	0	-798.601	34	79	135
8760	-797.059	0	-797.059	34	79	135
8770	-799.966	0	-799.966	34	79	135
8780	-801.804	0	-801.804	34	79	135
8790	-796.028	0	-796.028	34	79	135
8800	-795.81	0	-795.81	34	79	135
8810	-799.892	0	-799.892	34	79	135
8820	-798.899	0	-798.899	34	79	135
8830	-798.779	0	-798.779	34	79	135
8840	-795.758	0	-795.758	34	79	135
8850	-799.201	0	-799.201	34	79	135
8860	-801.151	0	-801.151	34	79	135
8870	-797.083	0	-797.083	34	79	135
8880	-797.069	0	-797.069	34	79	135
8890	-804.816	0	-804.816	34	79	135
8900	-803.208	0	-803.208	34	79	135
8910	-806.575	0	-806.575	34	79	135
8920	-799.227	0	-799.227	34	79	135
8930	-799.352	0	-799.352	34	79	135
8940	-802.632	0	-802.632	34	79	135
8950	-802.805	0	-802.805	34	79	135
8960	-800.052	0	-800.052	34	79	135
8970	-798.111	0	-798.111	34	79	135
8980	-797.024	0	-797.024	34	79	135
8990	-801.921	0	-801.921	34	79	135
9000	-800.837	0	-800.837	34	79	135
9010	-804.623	0	-804.623	34	79	135
9020	-799.155	0	-799.155	34	79	135
9030	-802.282	0	-802.282	34	79	135
9040	-803.345	0	-803.345	34	79	135
9050	-800.05	0	-800.05	34	79	135
9060	-805.501	0	-805.501	34	79	135
9070	-799.611	0	-799.611	34	79	135
9080	-794.484	0	-794.484	34	79	135
9090	-799.686	0	-799.686	34	79	135
9100	-796.81	0	-796.81	34	79	135
9110	-798.814	0	-798.814	34	79	135
9120	-798.904	0	-798.904	34	79	135
9130	-800.756	0	-800.756	34	79	135
9140	-800.613	0	-800.613	34	79	135
9150	-801.275	0	-801.275	34	79	135
9160	-798.686	0	-798.686	34	79	135
9170	-799.71	0	-799.71	34	79	135
9180	-802.038	0	-802.038	34	79	135
9190	-801.599	0	-801.599	34	79	135
9200	-797.956	0	-797.956	34	79	135
9210	-798.323	0	-798.323	34	79	135
9220	-796.504	0	-796.504	34	79	135
9230	-798.627	0	-798.627	34	79	135
9240	-799.804	0	-799.804	34	79	135
9250	-798.716	0	-798.716	34	79	135
9260	-799.328	0	-799.328	34	79	135
9270	-796.044	0	-796.044	34	79	135
9280	-798.301	0	-798.301	34	79	135
9290	-796.35	0	-796.35	34	79	135
9300	-799.966	0	-799.966	34	79	135
9310	-800.524	0	-800.524	34	79	135
9320	-795.731	0	-795.731	34	79	135
9330	-804.667	0	-804.667	34	79	135
9340	-799.251	0	-799.251	34	79	135
9350	-797.564	0	-797.564	34	79	135
9360	-800.025	0	-800.025	34	79	135
9370	-797.312	0	-797.312	34	79	135
9380	-795.012	0	-795.012	34	79	135
9390	-802.568	0	-802.568	34	79	135
