Iteration	Posterior	Likelihood	Prior	div[1]	div[2]	div[3]	div[4]	lambda[1]	lambda[2]	lambda[3]	lambda[4]	mu[1]	mu[2]	mu[3]	mu[4]	psi[1]	psi[2]	psi[3]	psi[4]	turnover[1]	turnover[2]	turnover[3]	turnover[4]
0	-816.478	0	-816.478	-0.0396708	0.00131153	0.0025788	0.0275443	0.0415303	0.00362494	0.0481932	0.0783045	0.0812011	0.00231341	0.0456144	0.0507601	0.292448	0.0117557	0.034901	0.0025916	1.95522	0.638193	0.94649	0.64824
10	-518.075	0	-518.075	-0.04563	0.00368064	0.0144849	0.0883006	0.0140868	0.00777598	0.0426253	0.138331	0.0597168	0.00409534	0.0281404	0.0500306	0.0520921	0.0144458	0.0197873	0.00271429	4.2392	0.526665	0.66018	0.361673
20	-504.477	0	-504.477	-0.00850674	-0.000216269	0.0293278	0.0801987	0.0348628	0.0121473	0.0565288	0.200518	0.0433695	0.0123635	0.027201	0.120319	0.0153206	0.0105233	0.00823956	0.00582728	1.24401	1.0178	0.481188	0.600043
30	-482.289	0	-482.289	-0.0416611	0.000743163	0.0533404	0.019137	0.0398193	0.0101847	0.082876	0.155575	0.0814805	0.00944155	0.0295356	0.136438	0.0107586	0.00813045	0.00898415	0.004958	2.04625	0.927032	0.356383	0.876992
40	-457.95	0	-457.95	0.00080456	-0.00513302	0.0682934	0.0284762	0.0833817	0.00767646	0.103444	0.0995658	0.0825771	0.0128095	0.0351509	0.0710896	0.00451474	0.00403722	0.011738	0.00895738	0.990351	1.66867	0.339805	0.713996
50	-468.908	0	-468.908	-0.0431616	-0.00209232	0.064219	0.0249206	0.0536196	0.0244914	0.0961394	0.116962	0.0967812	0.0265837	0.0319204	0.0920414	0.00584094	0.00481863	0.00619545	0.00228991	1.80496	1.08543	0.332022	0.786934
60	-455.313	0	-455.313	-0.00257844	0.00292976	0.0656103	0.00450783	0.104866	0.0248978	0.0795922	0.128557	0.107445	0.021968	0.0139818	0.124049	0.00351164	0.00213699	0.0106465	0.00208461	1.02459	0.882329	0.175669	0.964935
70	-457.896	0	-457.896	-0.0405934	0.0143908	0.0861889	-0.00210327	0.0726869	0.0406646	0.0986605	0.137302	0.11328	0.0262738	0.0124716	0.139405	0.00382953	0.00357774	0.010515	0.0032308	1.55847	0.64611	0.126409	1.01532
80	-460.447	0	-460.447	-0.0439299	0.00526629	0.0677963	-0.00817914	0.0576998	0.0302685	0.0888139	0.132899	0.10163	0.0250022	0.0210176	0.141078	0.00383231	0.00199936	0.00682589	0.00733667	1.76135	0.826014	0.236648	1.06154
90	-456.654	0	-456.654	-0.0424849	0.0116858	0.0830136	0.057193	0.0727103	0.0328458	0.102315	0.191263	0.115195	0.02116	0.0193015	0.13407	0.0045933	0.00236554	0.0103701	0.021996	1.5843	0.644221	0.188648	0.700971
100	-442.413	0	-442.413	-0.061811	0.00142626	0.0912885	-0.0117807	0.0453882	0.0189655	0.105925	0.144508	0.107199	0.0175393	0.0146366	0.156288	0.00452502	0.00158895	0.00388467	0.0228193	2.36183	0.924797	0.138179	1.08152
110	-443.412	0	-443.412	-0.0369805	0.00200589	0.119521	-0.0153144	0.0813748	0.0263529	0.126655	0.119587	0.118355	0.024347	0.00713449	0.134901	0.00345263	0.00178023	0.00828718	0.0152888	1.45445	0.923883	0.05633	1.12806
120	-473.081	0	-473.081	-0.0660977	0.0197214	0.0800051	-0.327993	0.0206582	0.0346221	0.0902997	0.0903661	0.0867558	0.0149007	0.0102946	0.418359	0.0046432	0.00158438	0.0106798	0.0263697	4.19959	0.430381	0.114005	4.6296
130	-445.609	0	-445.609	-0.0921241	0.00235319	0.0893816	0.13031	0.0255141	0.0211859	0.093655	0.203733	0.117638	0.0188327	0.00427342	0.0734228	0.0125286	0.00218333	0.0101514	0.0530194	4.61071	0.888927	0.0456294	0.360387
140	-449.07	0	-449.07	-0.081193	0.00596198	0.0657337	0.108152	0.0268126	0.0179595	0.0726385	0.142598	0.108006	0.0119975	0.00690485	0.0344455	0.00854213	0.00211996	0.00975005	0.161501	4.02816	0.668031	0.0950577	0.241557
150	-445.891	0	-445.891	-0.107875	-0.00422002	0.087096	-0.0345904	0.0230093	0.0236698	0.0902126	0.0402894	0.130884	0.0278898	0.00311665	0.0748798	0.0114622	0.00228438	0.00656876	0.133662	5.68833	1.17829	0.0345479	1.85855
160	-447.316	0	-447.316	-0.0802298	0.0138796	0.0857402	-0.0322882	0.0408567	0.0372521	0.0893583	0.0266387	0.121087	0.0233724	0.00361807	0.0589269	0.00418262	0.0015865	0.00371063	0.118669	2.96369	0.627413	0.0404895	2.21208
170	-447.045	0	-447.045	-0.0668805	0.00469642	0.094146	-0.0100036	0.0994242	0.0211311	0.0992948	0.0498757	0.166305	0.0164347	0.00514882	0.0598793	0.00755136	0.00280716	0.00641329	0.140771	1.67268	0.777749	0.0518539	1.20057
180	-444.499	0	-444.499	-0.0949658	0.010061	0.0828491	0.0994067	0.0551686	0.0312269	0.088935	0.133126	0.150134	0.0211659	0.00608586	0.0337194	0.0148533	0.00284353	0.0137015	0.102165	2.72137	0.677809	0.0684305	0.253289
190	-431.664	0	-431.664	-0.141311	0.0202151	0.0883258	0.0268784	0.0415667	0.0433085	0.0950304	0.0943343	0.182877	0.0230933	0.00670454	0.0674558	0.0127046	0.00228636	0.016816	0.0889343	4.39961	0.533229	0.0705515	0.715072
200	-424.145	0	-424.145	-0.0990331	0.0144334	0.0922665	0.130329	0.082366	0.0420831	0.0973371	0.180828	0.181399	0.0276497	0.00507063	0.0504987	0.0062636	0.00175309	0.0138548	0.168236	2.20235	0.657027	0.0520934	0.279264
210	-438.077	0	-438.077	-0.068465	0.0341338	0.0771594	-0.0424149	0.0955037	0.0527462	0.079302	0.0819494	0.163969	0.0186124	0.00214264	0.124364	0.00350014	0.00221276	0.0211426	0.0668223	1.71688	0.352867	0.0270187	1.51757
220	-439.342	0	-439.342	-0.123146	0.0209625	0.0882298	-0.254231	0.0385884	0.0563401	0.0891417	0.0984572	0.161734	0.0353776	0.000911865	0.352688	0.0114363	0.00200033	0.0132094	0.152502	4.19128	0.627929	0.0102294	3.58215
230	-425.326	0	-425.326	-0.11775	0.0215462	0.0836618	-0.160492	0.00344886	0.0572213	0.0853619	0.0368228	0.121198	0.0356752	0.00170013	0.197315	0.0141207	0.00423228	0.0254195	0.10562	35.1416	0.623459	0.0199168	5.3585
240	-422.206	0	-422.206	-0.116787	0.0361076	0.109761	-0.0527645	0.00246529	0.054215	0.11384	0.0928049	0.119252	0.0181074	0.0040791	0.145569	0.00694043	0.00309321	0.0157259	0.181882	48.3727	0.333993	0.0358317	1.56855
250	-411.477	0	-411.477	-0.142213	0.0316404	0.0904927	0.00231614	0.00985313	0.0535987	0.109555	0.107168	0.152066	0.0219583	0.0190624	0.104852	0.0229461	0.00434944	0.0447471	0.135839	15.4332	0.40968	0.173999	0.978388
