=== slynx
Analyze, and simulate multi sequence alignments.
ELynx Suite version 0.4.0.
Developed by Dominik Schrempf.
Compiled on September 4, 2020, at 13:37 pm, UTC.
Start time: September 17, 2020, at 16:25 pm, UTC.
Command line: slynx -f -o alignment simulate -t substitution.tree -s JC -l 5000 -S [0]

Seed: [0].

Read tree from file 'substitution.tree'.
Number of leaves: 18
Origin height:                    0.43435
Average distance origin to leaves 0.32679
Total branch length:              3.68269

Read model string.
DNA substitution model: JC.
Stationary distribution: 0.250  0.250  0.250  0.250.
Exchangeability matrix:
   0.00  1.33  1.33  1.33
   1.33  0.00  1.33  1.33
   1.33  1.33  0.00  1.33
   1.33  1.33  1.33  0.00.
Scale: 1.0.


Write model definition (machine readable) to file 'alignment.model.gz'.

Simulate alignment.
Length: 5000.

Write simulated multi sequence alignment to file 'alignment.fasta'.
Write ELynx reproduction file.
=== End time: September 17, 2020, at 16:25 pm, UTC.
