./alter_branch_lengths.py time_renamed.tree 0.01 0.05 0.5 0.2 0.01 substitution.tree y
Number of small changes on branch of length 0.01683 : 3
Number of big changes on branch of length 0.01683 : 0
		Old vs new distance: 0.01683 <-> 0.017119250357218382

Number of small changes on branch of length 0.032938 : 4
Number of big changes on branch of length 0.032938 : 0
		Old vs new distance: 0.032938 <-> 0.03146391320509195

Number of small changes on branch of length 0.008268 : 2
Number of big changes on branch of length 0.008268 : 0
		Old vs new distance: 0.008268 <-> 0.007868197217214913

Number of small changes on branch of length 0.241963 : 28
Number of big changes on branch of length 0.241963 : 2
		Old vs new distance: 0.241963 <-> 0.1950656753982191

Number of small changes on branch of length 0.215838 : 21
Number of big changes on branch of length 0.215838 : 1
		Old vs new distance: 0.215838 <-> 0.18616052839324912

Number of small changes on branch of length 0.026126 : 5
Number of big changes on branch of length 0.026126 : 0
		Old vs new distance: 0.026126 <-> 0.02676393859826948

Number of small changes on branch of length 0.026126 : 3
Number of big changes on branch of length 0.026126 : 0
		Old vs new distance: 0.026126 <-> 0.024940164903772256

Number of small changes on branch of length 0.164688 : 17
Number of big changes on branch of length 0.164688 : 1
		Old vs new distance: 0.164688 <-> 0.15453133492912838

Number of small changes on branch of length 0.085544 : 16
Number of big changes on branch of length 0.085544 : 0
		Old vs new distance: 0.085544 <-> 0.09327142377559262

Number of small changes on branch of length 0.085544 : 11
Number of big changes on branch of length 0.085544 : 0
		Old vs new distance: 0.085544 <-> 0.104159100578226

Number of small changes on branch of length 0.216274 : 25
Number of big changes on branch of length 0.216274 : 0
		Old vs new distance: 0.216274 <-> 0.2557270543918989

Number of small changes on branch of length 0.066896 : 7
Number of big changes on branch of length 0.066896 : 1
		Old vs new distance: 0.066896 <-> 0.0848691777782899

Number of small changes on branch of length 0.066896 : 8
Number of big changes on branch of length 0.066896 : 0
		Old vs new distance: 0.066896 <-> 0.07926547525382487

Number of small changes on branch of length 0.044323 : 5
Number of big changes on branch of length 0.044323 : 0
		Old vs new distance: 0.044323 <-> 0.04738778036125312

Number of small changes on branch of length 0.032558 : 2
Number of big changes on branch of length 0.032558 : 2
		Old vs new distance: 0.032558 <-> 0.03848955559358552

Number of small changes on branch of length 0.005731 : 1
Number of big changes on branch of length 0.005731 : 0
		Old vs new distance: 0.005731 <-> 0.008318978417558229

Number of small changes on branch of length 0.217388 : 24
Number of big changes on branch of length 0.217388 : 0
		Old vs new distance: 0.217388 <-> 0.3452109332009559

Number of small changes on branch of length 0.022537 : 2
Number of big changes on branch of length 0.022537 : 0
		Old vs new distance: 0.022537 <-> 0.03273378659439534

Number of small changes on branch of length 0.11397 : 10
Number of big changes on branch of length 0.11397 : 0
		Old vs new distance: 0.11397 <-> 0.14984493370467947

Number of small changes on branch of length 0.080881 : 9
Number of big changes on branch of length 0.080881 : 0
		Old vs new distance: 0.080881 <-> 0.09931723389197397

Number of small changes on branch of length 0.079337 : 9
Number of big changes on branch of length 0.079337 : 1
		Old vs new distance: 0.079337 <-> 0.08349798953094532

Number of small changes on branch of length 0.001545 : 1
Number of big changes on branch of length 0.001545 : 0
		Old vs new distance: 0.001545 <-> 0.0013759442577730302

Number of small changes on branch of length 0.001545 : 1
Number of big changes on branch of length 0.001545 : 0
		Old vs new distance: 0.001545 <-> 0.0013759442577730302

Number of small changes on branch of length 0.00458 : 1
Number of big changes on branch of length 0.00458 : 0
		Old vs new distance: 0.00458 <-> 0.0068837158030108534

Number of small changes on branch of length 0.073326 : 6
Number of big changes on branch of length 0.073326 : 0
		Old vs new distance: 0.073326 <-> 0.11223905104530797

Number of small changes on branch of length 0.116945 : 14
Number of big changes on branch of length 0.116945 : 1
		Old vs new distance: 0.116945 <-> 0.17928368013403115

Number of small changes on branch of length 0.116945 : 13
Number of big changes on branch of length 0.116945 : 0
		Old vs new distance: 0.116945 <-> 0.20213336222356226

Number of small changes on branch of length 0.101523 : 9
Number of big changes on branch of length 0.101523 : 0
		Old vs new distance: 0.101523 <-> 0.17421450990225112

Number of small changes on branch of length 0.088748 : 14
Number of big changes on branch of length 0.088748 : 0
		Old vs new distance: 0.088748 <-> 0.17925283216207352

Number of small changes on branch of length 0.088748 : 6
Number of big changes on branch of length 0.088748 : 0
		Old vs new distance: 0.088748 <-> 0.17496165601543567

Number of small changes on branch of length 0.174065 : 25
Number of big changes on branch of length 0.174065 : 0
		Old vs new distance: 0.174065 <-> 0.2675970567324546

Number of small changes on branch of length 0.049055 : 3
Number of big changes on branch of length 0.049055 : 0
		Old vs new distance: 0.049055 <-> 0.0937752436647209

Number of small changes on branch of length 0.049055 : 2
Number of big changes on branch of length 0.049055 : 0
		Old vs new distance: 0.049055 <-> 0.09419703101019036

Number of small changes on branch of length 0.043654 : 3
Number of big changes on branch of length 0.043654 : 0
		Old vs new distance: 0.043654 <-> 0.049496618624398026

Number of small changes on branch of length 0.044928 : 8
Number of big changes on branch of length 0.044928 : 0
		Old vs new distance: 0.044928 <-> 0.06861240210283083

Number of small changes on branch of length 0.108084 : 12
Number of big changes on branch of length 0.108084 : 0
		Old vs new distance: 0.108084 <-> 0.17611899232033734

Number of small changes on branch of length 0.059011 : 12
Number of big changes on branch of length 0.059011 : 0
		Old vs new distance: 0.059011 <-> 0.09507336017973345

Number of small changes on branch of length 0.059011 : 4
Number of big changes on branch of length 0.059011 : 0
		Old vs new distance: 0.059011 <-> 0.0948457943072635

Number of small changes on branch of length 0.167095 : 21
Number of big changes on branch of length 0.167095 : 0
		Old vs new distance: 0.167095 <-> 0.30274264166913756

Number of small changes on branch of length 0.000401 : 1
Number of big changes on branch of length 0.000401 : 0
		Old vs new distance: 0.000401 <-> 0.0005351401972410367

Number of small changes on branch of length 0.072003 : 8
Number of big changes on branch of length 0.072003 : 0
		Old vs new distance: 0.072003 <-> 0.09624414126298722

Number of small changes on branch of length 0.139619 : 13
Number of big changes on branch of length 0.139619 : 0
		Old vs new distance: 0.139619 <-> 0.1924290479219027

Number of small changes on branch of length 0.068298 : 12
Number of big changes on branch of length 0.068298 : 1
		Old vs new distance: 0.068298 <-> 0.080154922158273

Number of small changes on branch of length 0.039095 : 1
Number of big changes on branch of length 0.039095 : 0
		Old vs new distance: 0.039095 <-> 0.04280438580173036

Number of small changes on branch of length 0.032226 : 8
Number of big changes on branch of length 0.032226 : 0
		Old vs new distance: 0.032226 <-> 0.03717794362220801

Number of small changes on branch of length 0.032226 : 4
Number of big changes on branch of length 0.032226 : 0
		Old vs new distance: 0.032226 <-> 0.03432083567360402

Number of small changes on branch of length 0.071321 : 9
Number of big changes on branch of length 0.071321 : 0
		Old vs new distance: 0.071321 <-> 0.08481227731234446

Number of small changes on branch of length 0.211622 : 24
Number of big changes on branch of length 0.211622 : 0
		Old vs new distance: 0.211622 <-> 0.30426344605747063

         blAfter
count  48.000000
mean    0.109304
std     0.087609
min     0.010000
25%     0.036464
50%     0.093523
75%     0.175251
max     0.345211
