=== tlynx
Compare, examine, and simulate phylogenetic trees.
ELynx Suite version 0.2.2.
Developed by Dominik Schrempf.
Compiled on May 7, 2020, at 07:23 am, UTC.
Start time: May 15, 2020, at 11:06 am, UTC.
Command line: tlynx -f -o time simulate -t 1 -n 18 -H 0.3 -S [0]

Seed: [0].
== Arguments
Number of simulated trees: 1
Number of leaves per tree: 18
Height of trees: 0.3, conditioned on origin
Birth rate: 1.0
Death rate: 0.9
Sampling probability: 1.0
Perform sub-sampling: False
Summary statistics only: False
== Simulation
Number of used cores: 4
Write simulated trees to file 'time.tree'.
Write ELynx reproduction file.
=== End time: May 15, 2020, at 11:06 am, UTC.
