Iteration	Posterior	Likelihood	Prior	diversification[1]	diversification[2]	extinction[1]	extinction[2]	rate_12	rate_21	root_state_freq[1]	root_state_freq[2]	speciation[1]	speciation[2]
0	-1735.23	-1745.16	9.92761	-0.13583	-0.0322932	0.343003	0.120083	0.00265602	0.003249238	0.360221	0.639779	0.207173	0.0877898
5	-1582.24	-1592.72	10.4858	0.120165	0.0807065	0.259344	0.00708326	0.001693832	0.002755916	0.0596219	0.940378	0.379509	0.0877898
10	-1581.17	-1591.05	9.88578	0.120165	0.110923	0.259344	0.00708326	0.001018644	0.004704857	0.0596219	0.940378	0.379509	0.118006
15	-1581.36	-1591.22	9.85357	0.096763	0.0858686	0.250903	0.0321373	0.002999	0.003996658	0.118812	0.881188	0.347666	0.118006
20	-1579.3	-1590.11	10.806	0.128188	0.0858686	0.219478	0.0321373	0.001571561	0.002221224	0.13134	0.86866	0.347666	0.118006
25	-1580.09	-1591.67	11.5748	0.146522	0.0717407	0.152421	0.0309374	0.004329053	0.004517095	0.606055	0.393945	0.298944	0.102678
30	-1580.29	-1589.91	9.62437	0.163441	0.0811398	0.135503	0.0899407	0.00316708	0.008943079	0.374416	0.625584	0.298944	0.17108
35	-1582.13	-1592.47	10.3409	0.196456	0.0362509	0.090112	0.13483	0.004812654	0.004118727	0.622196	0.377804	0.286568	0.17108
40	-1577.35	-1588.63	11.2886	0.159062	0.0312124	0.127505	0.115764	0.0008157354	0.003107249	0.268774	0.731226	0.286568	0.146977
45	-1581.34	-1591.91	10.5715	0.118586	0.106611	0.155905	0.0812919	0.002204044	0.004193725	0.627409	0.372591	0.274491	0.187903
50	-1577.02	-1587.38	10.3654	0.118586	0.065405	0.155905	0.0803355	0.001928797	0.008728306	0.0761347	0.923865	0.274491	0.14574
55	-1580.33	-1590.32	9.98517	0.093719	0.0790965	0.180772	0.0537067	0.001897954	0.01198407	0.457491	0.542509	0.274491	0.132803
60	-1576.67	-1587.9	11.2263	0.156481	0.060484	0.112391	0.0832048	0.00142049	0.007763471	0.536285	0.463715	0.268872	0.143689
65	-1575.08	-1586.95	11.8725	0.157221	0.0673845	0.112391	0.0832048	0.0009084201	0.004033278	0.0357813	0.964219	0.269612	0.150589
70	-1578.27	-1591.54	13.2635	0.11709	0.104469	0.137078	0.00694313	0.001104352	0.003466679	0.519422	0.480578	0.254168	0.111412
75	-1581.9	-1596.89	14.983	0.20039	0.059037	0.053778	0.0151797	0.001019073	0.001735706	0.105744	0.894256	0.254168	0.0742167
80	-1577.95	-1589.65	11.6988	0.164188	0.0588337	0.134027	0.0492736	0.002705395	0.005099488	0.196163	0.803837	0.298216	0.108107
85	-1578.22	-1590.23	12.0059	0.175594	0.0505495	0.0971138	0.0575578	0.002400517	0.007515197	0.22422	0.77578	0.272708	0.108107
90	-1579.39	-1591.82	12.4301	0.113812	0.0875689	0.158896	0.0205384	0.002982984	0.002737661	0.407298	0.592702	0.272708	0.108107
95	-1576.63	-1588.56	11.9246	0.15224	0.0588525	0.120468	0.0492548	0.001544616	0.007761051	0.359244	0.640756	0.272708	0.108107
100	-1580.02	-1591	10.9738	0.172704	0.084043	0.100005	0.0515053	0.004584979	0.009499848	0.104862	0.895138	0.272708	0.135548
105	-1578.02	-1589.61	11.5853	0.156813	0.0482054	0.125563	0.0604643	0.003094669	0.006256047	0.154187	0.845813	0.282376	0.10867
110	-1576.81	-1587.53	10.7178	0.117952	0.0641459	0.164424	0.0567849	0.00135282	0.00957122	0.114654	0.885346	0.282376	0.120931
115	-1582.68	-1594.06	11.3757	0.162899	0.0879277	0.119477	0.016509	0.006789795	0.007637188	0.244558	0.755442	0.282376	0.104437
120	-1581.48	-1595.39	13.9111	0.198441	0.0793522	0.0427028	0.00141844	0.002467104	0.008655473	0.799844	0.200156	0.241144	0.0807706
125	-1577.01	-1588.81	11.8072	0.148222	0.0906456	0.122435	0.0202323	0.001478228	0.01038006	0.371389	0.628611	0.270656	0.110878
130	-1577.05	-1589.09	12.0367	0.139168	0.0901708	0.131489	0.0202323	0.001796025	0.008136796	0.565788	0.434212	0.270656	0.110403
135	-1578.31	-1589.41	11.0993	0.159042	0.067489	0.0923278	0.0758588	0.003000088	0.01014282	0.33771	0.66229	0.25137	0.143348
140	-1578.8	-1590.69	11.8877	0.135641	0.099141	0.106576	0.0684333	0.002558051	0.004510946	0.179197	0.820803	0.242218	0.167574
145	-1576.39	-1589.09	12.7048	0.155047	0.0702963	0.0722664	0.0684333	0.002631208	0.005339922	0.127085	0.872915	0.227313	0.13873
150	-1577.95	-1590.92	12.9714	0.140533	0.0971487	0.0950983	0.0415809	0.002738196	0.003401426	0.127085	0.872915	0.235631	0.13873
155	-1576.28	-1589.07	12.7912	0.169247	0.0737683	0.0663841	0.0649613	0.002468257	0.005082904	0.225393	0.774607	0.235631	0.13873
160	-1575.82	-1588.7	12.8855	0.169247	0.0619926	0.0663841	0.0649613	0.001620148	0.006232579	0.134311	0.865689	0.235631	0.126954
165	-1577.69	-1589.83	12.1414	0.163569	0.0761836	0.087827	0.055072	0.004259241	0.005591253	0.204514	0.795486	0.251396	0.131256
170	-1576.05	-1588.48	12.429	0.153536	0.087965	0.0978604	0.0432906	0.002007446	0.006322881	0.048711	0.951289	0.251396	0.131256
175	-1575.95	-1588.71	12.7602	0.134175	0.0517529	0.117221	0.0661605	0.0004136178	0.00395829	0.146213	0.853787	0.251396	0.117913
180	-1576.93	-1589.64	12.7175	0.132616	0.0473168	0.103861	0.0701386	0.001148509	0.00523643	0.296353	0.703647	0.236477	0.117455
185	-1576.14	-1590	13.8591	0.171935	0.0598694	0.0645419	0.0624362	0.0008689052	0.001998403	0.260956	0.739044	0.236477	0.122306
190	-1576.05	-1588.93	12.8747	0.158667	0.0423349	0.0922826	0.0794476	0.0007362047	0.00356853	0.190848	0.809152	0.250949	0.121782
195	-1579.96	-1590.96	11.001	0.162802	0.0883868	0.0881477	0.0578594	0.003722923	0.0113899	0.190848	0.809152	0.250949	0.146246
200	-1575.55	-1589.1	13.5489	0.162802	0.0679627	0.0881477	0.0444942	0.001129924	0.002776884	0.173198	0.826802	0.250949	0.112457
205	-1576.38	-1590.17	13.7935	0.173679	0.0562285	0.0771481	0.0444942	0.0007029234	0.003437504	0.0964014	0.903599	0.250827	0.100723
210	-1578.34	-1590.27	11.9347	0.153874	0.0465312	0.111014	0.0541916	0.002561355	0.008095179	0.152737	0.847263	0.264888	0.100723
215	-1575.69	-1588.86	13.1667	0.152502	0.0672387	0.0989471	0.0541916	0.0008683868	0.00308373	0.553551	0.446449	0.251449	0.12143
220	-1578.06	-1591.24	13.1761	0.192855	0.0669057	0.0671073	0.0447624	0.003111163	0.003824667	0.0682647	0.931735	0.259963	0.111668
225	-1579.25	-1591.94	12.6839	0.104878	0.0787702	0.128165	0.0555792	0.001192084	0.003727236	0.594247	0.405753	0.233044	0.134349
230	-1579.89	-1593.08	13.1925	0.192448	0.0905086	0.0522658	0.0438407	0.003840137	0.003596968	0.594247	0.405753	0.244714	0.134349
235	-1577.86	-1590.7	12.8442	0.128768	0.105684	0.115946	0.0235712	0.001640099	0.005052072	0.35835	0.64165	0.244714	0.129256
240	-1576.93	-1589.1	12.1728	0.139931	0.0787944	0.115946	0.061023	0.003172051	0.003133081	0.119405	0.880595	0.255877	0.139817
245	-1582.1	-1594.97	12.8705	0.113125	0.0567275	0.162937	0.0276132	0.002721312	0.001143854	0.119405	0.880595	0.276062	0.0843407
250	-1579.84	-1592.05	12.2017	0.130978	0.0754161	0.180715	0.00892461	0.001803866	0.00340702	0.742703	0.257297	0.311693	0.0843407
255	-1577	-1588.29	11.2894	0.164976	0.0797048	0.125927	0.0437739	0.001076734	0.009465766	0.13359	0.86641	0.290904	0.123479
260	-1578.54	-1591.3	12.7604	0.164976	0.048283	0.125927	0.0437739	0.001413199	0.002959712	0.0241142	0.975886	0.290904	0.0920569
265	-1576.04	-1588.24	12.1993	0.144648	0.0976677	0.146256	0.0241493	0.0008615337	0.004544819	0.010923	0.989077	0.290904	0.121817
270	-1578.01	-1587.68	9.66399	0.131957	0.0649774	0.180121	0.0555803	0.001876357	0.01194523	0.010923	0.989077	0.312078	0.120558
275	-1577.01	-1588.28	11.2748	0.123424	0.0530275	0.188654	0.0675301	0.0009417137	0.002202892	0.0351843	0.964816	0.312078	0.120558
280	-1576.39	-1586.76	10.3743	0.144184	0.0728234	0.167894	0.0713924	0.00132188	0.00649064	0.114026	0.885974	0.312078	0.144216
285	-1578.23	-1589.02	10.791	0.149013	0.0922069	0.167894	0.0504477	0.0007998004	0.005891713	0.683381	0.316619	0.316907	0.142655
290	-1576.2	-1586.48	10.2869	0.129195	0.0758012	0.187712	0.0668534	0.001212864	0.005774491	0.0300629	0.969937	0.316907	0.142655
295	-1577.37	-1588.24	10.8648	0.13174	0.0468083	0.160547	0.0813575	0.002262898	0.005117012	0.53986	0.46014	0.292287	0.128166
300	-1578.12	-1590.04	11.9115	0.13174	0.0943756	0.160547	0.00143302	0.002582032	0.006831827	0.13044	0.86956	0.292287	0.0958086
305	-1584.21	-1593.8	9.58208	0.141276	0.0889417	0.214009	0.00143302	0.003620368	0.01118665	0.654625	0.345375	0.355284	0.0903747
310	-1581.36	-1591.94	10.5776	0.141276	0.0615343	0.214009	0.0288404	0.002534539	0.004620374	0.15839	0.84161	0.355284	0.0903747
315	-1579.85	-1590.32	10.4668	0.0860512	0.0564272	0.233264	0.0504083	0.001467152	0.004798847	0.135292	0.864708	0.319315	0.106835
320	-1583.12	-1591.55	8.43508	0.144454	0.0484673	0.233264	0.0582249	0.00162333	0.01154418	0.269718	0.730282	0.377718	0.106692
325	-1580.27	-1590.04	9.76368	0.116474	0.0693144	0.261244	0.0382824	0.001248179	0.003680864	0.369213	0.630787	0.377718	0.107597
330	-1581.95	-1589.96	8.01181	0.11585	0.057334	0.252304	0.0548358	0.002452854	0.01230967	0.231929	0.768071	0.368154	0.11217
335	-1580.36	-1589.45	9.09385	0.128783	0.0789267	0.239371	0.0365299	0.001953082	0.008616793	0.454523	0.545477	0.368154	0.115457
340	-1581.4	-1589.81	8.40747	0.128783	0.0567991	0.239371	0.0775501	0.003289076	0.006927132	0.482493	0.517507	0.368154	0.134349
345	-1580.4	-1588.58	8.1771	0.10253	0.0880344	0.253621	0.0463148	0.001692279	0.01191239	0.290581	0.709419	0.356151	0.134349
350	-1576.48	-1587.03	10.5408	0.134181	0.0675872	0.184429	0.066762	0.001580323	0.004667898	0.20981	0.79019	0.31861	0.134349
355	-1577.44	-1588.75	11.3059	0.145467	0.0729943	0.173143	0.0627758	0.0007344545	0.002126539	0.398615	0.601385	0.31861	0.13577
360	-1575.74	-1586.94	11.2054	0.134751	0.0678343	0.172424	0.0617065	0.0008278899	0.00399712	0.215141	0.784859	0.307176	0.129541
365	-1577.7	-1588.78	11.0789	0.134751	0.0556478	0.172424	0.065538	0.001457654	0.004414504	0.803243	0.196757	0.307176	0.121186
370	-1578.8	-1590.44	11.6373	0.14103	0.0904891	0.166146	0.0312985	0.002835477	0.002694105	0.282634	0.717366	0.307176	0.121788
375	-1579.09	-1590.75	11.6531	0.14103	0.0547672	0.166146	0.0471599	0.002968044	0.002756374	0.308562	0.691438	0.307176	0.101927
380	-1578.09	-1589.52	11.4267	0.129666	0.0711561	0.17751	0.0471599	0.002795016	0.002242315	0.0809442	0.919056	0.307176	0.118316
385	-1581.49	-1591.86	10.3657	0.16483	0.0870059	0.142346	0.053504	0.005067028	0.006512548	0.398251	0.601749	0.307176	0.14051
390	-1575.88	-1587.83	11.9514	0.126828	0.0740067	0.14204	0.0665032	0.001296368	0.003042688	0.281996	0.718004	0.268868	0.14051
395	-1578.53	-1592.34	13.8023	0.177248	0.10092	0.0342653	0.0188395	0.00109114	0.009343375	0.144654	0.855346	0.211513	0.11976
400	-1577.04	-1590.94	13.8955	0.170006	0.0621226	0.0415071	0.0639425	0.0001982562	0.005513619	0.228511	0.771489	0.211513	0.126065
405	-1577.74	-1590.8	13.0587	0.190471	0.0712012	0.0772513	0.0548639	0.000199946	0.00437827	0.382036	0.617964	0.267722	0.126065
410	-1576.13	-1588.83	12.7048	0.14786	0.0790544	0.0820983	0.0531377	0.001109529	0.007530079	0.0923302	0.90767	0.229958	0.132192
415	-1578.24	-1591.3	13.0563	0.167583	0.0895209	0.0623753	0.0426712	0.003960507	0.004824953	0.245292	0.754708	0.229958	0.132192
420	-1576.61	-1588.72	12.1099	0.136166	0.0787553	0.110137	0.0555042	0.00191727	0.006637994	0.46576	0.53424	0.246303	0.134259
425	-1576.6	-1588.37	11.7787	0.116366	0.0483811	0.149817	0.0858784	0.0009424293	0.003083322	0.239339	0.760661	0.266183	0.134259
430	-1577.71	-1588.99	11.2751	0.105319	0.0596263	0.146384	0.104729	0.001140608	0.00354857	0.142627	0.857373	0.251703	0.164356
435	-1577.36	-1589.67	12.3075	0.187271	0.0687762	0.0644315	0.104729	0.001515012	0.002469096	0.216487	0.783513	0.251703	0.173506
440	-1578.1	-1589.84	11.7469	0.125412	0.0741033	0.10715	0.0994022	0.001983566	0.003903433	0.384536	0.615464	0.232563	0.173506
445	-1576.99	-1587.58	10.594	0.168358	0.06229	0.117992	0.111215	0.001308404	0.005712818	0.125795	0.874205	0.28635	0.173506
450	-1576.63	-1588.57	11.9426	0.176499	0.0603016	0.0755137	0.102356	0.0007587496	0.005443608	0.421194	0.578806	0.252013	0.162657
455	-1575.83	-1587.7	11.864	0.143673	0.0603016	0.108339	0.102356	0.001699432	0.002607742	0.197939	0.802061	0.252013	0.162657
460	-1577.81	-1589.91	12.1034	0.133539	0.0719856	0.10898	0.102356	0.0007708027	0.001964901	0.643005	0.356995	0.242519	0.174341
465	-1577.42	-1588.95	11.5247	0.177927	0.048879	0.084043	0.130163	0.001261298	0.002854178	0.582514	0.417486	0.26197	0.179041
470	-1578.7	-1589.68	10.9808	0.15321	0.0214971	0.10876	0.130163	0.0019358	0.005481374	0.33277	0.66723	0.26197	0.15166
475	-1577.69	-1588.99	11.3026	0.15321	0.0242642	0.10876	0.132231	0.001080706	0.004002525	0.370302	0.629698	0.26197	0.156496
480	-1578.08	-1588.56	10.4836	0.117268	0.0522996	0.144702	0.104196	0.002593348	0.006609294	0.436472	0.563528	0.26197	0.156496
485	-1577.01	-1588.1	11.0905	0.157261	0.0529225	0.104709	0.112742	0.003687205	0.003635711	0.169716	0.830284	0.26197	0.165665
490	-1582.14	-1592.83	10.6866	0.184371	0.0738229	0.0508035	0.133005	0.005208558	0.005801349	0.554557	0.445443	0.235175	0.206827
495	-1578.92	-1589.47	10.5511	0.151195	0.0559599	0.0839795	0.158242	0.003364165	0.003721817	0.377677	0.622323	0.235175	0.214201
500	-1577.75	-1589.8	12.0514	0.171448	0.0690581	0.0637263	0.123528	0.001510531	0.002464023	0.515351	0.484649	0.235175	0.192586
505	-1577.86	-1590.11	12.2542	0.171448	0.0690581	0.0637263	0.123528	0.0009327962	0.001881844	0.465109	0.534891	0.235175	0.192586
510	-1577.14	-1589.91	12.7632	0.126482	0.0699008	0.108692	0.0788868	0.0006990348	0.002309367	0.465109	0.534891	0.235175	0.148788
515	-1580.33	-1591.61	11.2813	0.146124	0.0457152	0.103142	0.0788868	0.001818742	0.01078375	0.877157	0.122843	0.249267	0.124602
520	-1577.63	-1590.18	12.544	0.135105	0.0599692	0.114161	0.0553186	0.001301849	0.005639531	0.877157	0.122843	0.249267	0.115288
525	-1577.62	-1590.31	12.6943	0.129981	0.0961729	0.119286	0.019115	0.002223551	0.00607815	0.44969	0.55031	0.249267	0.115288
530	-1576.65	-1590.54	13.8939	0.167178	0.0908496	0.0820889	0.019115	0.001558416	0.002919166	0.309049	0.690951	0.249267	0.109965
535	-1576.35	-1589.59	13.2383	0.160222	0.0454867	0.0890444	0.0644779	0.001283141	0.00320697	0.151279	0.848721	0.249267	0.109965
540	-1576.26	-1589.98	13.7154	0.154882	0.0889622	0.0799247	0.0210024	0.002089134	0.00446186	0.0536893	0.946311	0.234806	0.109965
545	-1582.87	-1596.31	13.4442	0.123409	0.0819336	0.111398	0.028031	0.004508799	0.000843678	0.912733	0.0872668	0.234806	0.109965
550	-1576.56	-1589.24	12.6808	0.150048	0.0720432	0.104986	0.058056	0.002794396	0.002354713	0.180176	0.819824	0.255034	0.130099
555	-1577.66	-1590.49	12.8339	0.146471	0.100856	0.0955501	0.0130912	0.002507695	0.007734672	0.180176	0.819824	0.242021	0.113947
560	-1575.73	-1588.93	13.2025	0.149668	0.0824107	0.0923533	0.0289232	0.001311281	0.006107025	0.290635	0.709365	0.242021	0.111334
565	-1576.31	-1589.54	13.225	0.164619	0.0824107	0.0923533	0.0289232	0.002139102	0.004082542	0.253068	0.746932	0.256972	0.111334
570	-1576.49	-1589.66	13.1749	0.143821	0.0624461	0.0910613	0.0467597	0.001434122	0.00562235	0.487782	0.512218	0.234882	0.109206
575	-1576.39	-1590.38	13.9933	0.158538	0.0746549	0.0534953	0.0446123	0.001467663	0.004657802	0.25333	0.74667	0.212033	0.119267
580	-1576.98	-1591.15	14.1725	0.1762	0.0795041	0.0291366	0.046333	0.001535235	0.005191047	0.271866	0.728134	0.205337	0.125837
585	-1579.09	-1592.02	12.9282	0.170723	0.0639594	0.0346142	0.0746597	0.000724726	0.009791575	0.354077	0.645923	0.205337	0.138619
590	-1576.12	-1587.94	11.8223	0.141063	0.0846888	0.112101	0.0539303	0.001180489	0.008190238	0.145548	0.854452	0.253164	0.138619
595	-1578.9	-1589.41	10.5084	0.120891	0.0387229	0.132273	0.11759	0.0009406986	0.008693299	0.396602	0.603398	0.253164	0.156313
600	-1578.39	-1589.82	11.4294	0.163114	0.0476829	0.0696005	0.11622	0.002013363	0.007845886	0.502135	0.497865	0.232715	0.163903
605	-1577.86	-1591.17	13.3095	0.161224	0.0470925	0.0785622	0.0631789	0.001679745	0.003899911	0.809656	0.190344	0.239786	0.110271
610	-1577.53	-1591.22	13.6921	0.189591	0.0841027	0.0588009	0.020615	0.002381995	0.005243666	0.0912408	0.908759	0.248392	0.104718
615	-1577.53	-1590.32	12.7903	0.141393	0.0745068	0.0983831	0.030211	0.002661763	0.007224383	0.453129	0.546871	0.239776	0.104718
620	-1580.4	-1592.65	12.252	0.163652	0.0745068	0.0724752	0.030211	0.002837592	0.01223897	0.809008	0.190992	0.236127	0.104718
625	-1578.48	-1593.41	14.9328	0.165933	0.102485	0.0509647	0.00223273	0.001790398	0.002860766	0.534749	0.465251	0.216898	0.104718
630	-1577.22	-1590.87	13.6504	0.167591	0.0774246	0.0551724	0.0428817	0.003343222	0.003906401	0.233812	0.766188	0.222763	0.120306
635	-1578.25	-1593.7	15.4525	0.190139	0.0779336	0.00417961	0.0226983	0.001810939	0.003652733	0.275576	0.724424	0.194318	0.100632
640	-1578.73	-1591.35	12.6214	0.201825	0.0363686	0.0277309	0.112796	0.00243029	0.005124522	0.17741	0.82259	0.229556	0.149164
645	-1577.63	-1589.54	11.9071	0.151274	0.0585224	0.0822117	0.0895508	0.004260313	0.004946474	0.237853	0.762147	0.233486	0.148073
650	-1576.07	-1588.33	12.2609	0.138863	0.0594107	0.0946231	0.0886624	0.001004124	0.005355909	0.292867	0.707133	0.233486	0.148073
655	-1576.16	-1588.59	12.4217	0.182726	0.0648523	0.0738956	0.0886624	0.001270286	0.00360941	0.155591	0.844409	0.256622	0.153515
660	-1578.37	-1589.67	11.2956	0.132237	0.0447443	0.103619	0.140337	0.0002613675	0.0044731	0.506073	0.493927	0.235856	0.185081
665	-1576.46	-1588.52	12.0585	0.158635	0.0472961	0.0772205	0.12586	0.00117822	0.002964453	0.467632	0.532368	0.235856	0.173156
670	-1576.35	-1588.63	12.2792	0.166425	0.0663984	0.0694305	0.10911	0.001369204	0.00309589	0.301588	0.698412	0.235856	0.175508
675	-1575.48	-1589.18	13.6968	0.177511	0.0713223	0.0532761	0.0522567	0.0008733635	0.004769736	0.0622044	0.937796	0.230788	0.123579
680	-1576.65	-1589.18	12.5311	0.167183	0.0461387	0.0861543	0.0774403	0.001624208	0.00492845	0.515174	0.484826	0.253337	0.123579
685	-1578.8	-1593.07	14.2651	0.186678	0.0962112	0.0334501	0.0273678	0.003266471	0.003081641	0.191461	0.808539	0.220128	0.123579
690	-1580.13	-1592.91	12.7722	0.153603	0.0913102	0.0533626	0.0322688	0.002135141	0.01191992	0.250203	0.749797	0.206966	0.123579
695	-1577.21	-1590.75	13.5415	0.153376	0.0821725	0.0535898	0.0605222	0.000511804	0.005743092	0.0331292	0.966871	0.206966	0.142695
700	-1577.86	-1589.64	11.7861	0.157341	0.0731151	0.0857941	0.0630678	0.0006028842	0.01109182	0.51755	0.48245	0.243135	0.136183
705	-1577.42	-1591.02	13.5938	0.135308	0.0735209	0.0837151	0.0445265	0.0002551634	0.005590293	0.418009	0.581991	0.219023	0.118047
710	-1576.73	-1590.98	14.2466	0.192675	0.0733381	0.0263477	0.0445265	0.000790899	0.005431566	0.247886	0.752114	0.219023	0.117865
715	-1579.98	-1594.15	14.1706	0.162455	0.119201	0.054675	0.0242344	0.0006190447	0.003773157	0.577344	0.422656	0.21713	0.143435
720	-1577.64	-1590.99	13.3474	0.143155	0.102798	0.0868167	0.0242344	0.001992173	0.005066944	0.259116	0.740884	0.229971	0.127032
725	-1577.39	-1591.04	13.6478	0.158809	0.059006	0.071162	0.0604657	0.002491773	0.001919192	0.502566	0.497434	0.229971	0.119472
730	-1578.64	-1592.56	13.9192	0.190554	0.038787	0.0394176	0.0628114	0.00209416	0.004141474	0.124637	0.875363	0.229971	0.101598
735	-1577.5	-1591.68	14.1773	0.166453	0.0779291	0.0515355	0.0431644	0.0008721257	0.003888205	0.84762	0.15238	0.217989	0.121093
740	-1579.6	-1593.07	13.4659	0.138963	0.0746955	0.0790253	0.0279082	0.002515623	0.006760636	0.830442	0.169558	0.217989	0.102604
745	-1576.63	-1590.01	13.3776	0.168194	0.0687159	0.0541802	0.0524628	0.002180883	0.005981205	0.366277	0.633723	0.222374	0.121179
750	-1576.46	-1589.94	13.4866	0.16104	0.0687159	0.0710047	0.0524628	0.001408666	0.004237453	0.724994	0.275006	0.232045	0.121179
755	-1579.71	-1592.89	13.1795	0.154866	0.0491806	0.0771789	0.071998	0.003451343	0.002114862	0.904391	0.0956087	0.232045	0.121179
760	-1577.38	-1590.65	13.2787	0.186562	0.0427517	0.0454835	0.078427	0.001823142	0.004980292	0.294362	0.705638	0.232045	0.121179
765	-1577.16	-1591.17	14.0139	0.190784	0.0675582	0.0412607	0.0677306	0.0009590418	0.001696996	0.294362	0.705638	0.232045	0.135289
770	-1578.65	-1591.66	13.0136	0.176235	0.0699728	0.0410832	0.0677306	0.003206876	0.006063287	0.747591	0.252409	0.217318	0.137703
775	-1576.28	-1588.16	11.8835	0.136617	0.0406411	0.121489	0.0970623	0.001265674	0.003716106	0.341476	0.658524	0.258106	0.137703
780	-1577.06	-1588	10.9412	0.136617	0.0759042	0.121489	0.0970623	0.001158216	0.006694507	0.467542	0.532458	0.258106	0.172966
785	-1577.07	-1588.37	11.2923	0.159029	0.0745375	0.0990764	0.098429	0.001266479	0.006081286	0.534299	0.465701	0.258106	0.172966
790	-1576.37	-1586.73	10.3665	0.135341	0.0550962	0.165165	0.11787	0.0004819472	0.003022554	0.130011	0.869989	0.300506	0.172966
795	-1578.11	-1588.36	10.2411	0.12954	0.0278259	0.165165	0.1186	0.0007893158	0.005691062	0.333922	0.666078	0.294706	0.146426
800	-1578	-1588.17	10.1727	0.12954	0.0565593	0.165165	0.0852101	0.001776377	0.00781311	0.798551	0.201449	0.294706	0.141769
805	-1578.31	-1589.33	11.0203	0.12954	0.0314199	0.165165	0.104661	0.001879621	0.001878173	0.122769	0.877231	0.294706	0.136081
810	-1577.71	-1588.62	10.9118	0.138728	0.0787213	0.160491	0.079711	0.0019334	0.002642449	0.556244	0.443756	0.299218	0.158432
815	-1578.91	-1591.18	12.2694	0.169749	0.037189	0.113304	0.0872982	0.001642688	0.001575752	0.437276	0.562724	0.283052	0.124487
820	-1579.32	-1591.19	11.8714	0.163263	0.100375	0.113304	0.0688221	0.001924859	0.002159554	0.222652	0.777348	0.276567	0.169197
825	-1577.65	-1589.68	12.0261	0.166975	0.0560532	0.102844	0.0664941	0.001490678	0.006436912	0.824341	0.175659	0.269819	0.122547
830	-1576.86	-1589.47	12.6128	0.150441	0.0725536	0.119378	0.0664941	0.001000667	0.001210901	0.253164	0.746836	0.269819	0.139048
835	-1578.16	-1589.71	11.5536	0.131046	0.0271297	0.138772	0.104564	0.0005192163	0.004171383	0.42407	0.57593	0.269819	0.131694
840	-1575.85	-1588.28	12.4387	0.153747	0.0674201	0.116072	0.0659146	0.001688197	0.002205282	0.149773	0.850227	0.269819	0.133335
845	-1579.86	-1590.96	11.0924	0.140049	0.0760488	0.109961	0.0715552	0.004726035	0.007297193	0.722553	0.277447	0.250011	0.147604
850	-1578.69	-1590.13	11.4345	0.130956	0.0543941	0.115324	0.0932099	0.004091492	0.004311391	0.662185	0.337815	0.24628	0.147604
855	-1576.58	-1589.96	13.3852	0.183401	0.0539502	0.0427738	0.0776718	0.00268138	0.003433642	0.120152	0.879848	0.226174	0.131622
860	-1575.72	-1587.38	11.6588	0.132645	0.0725963	0.131147	0.0776718	0.001287104	0.004371441	0.365667	0.634333	0.263792	0.150268
865	-1575.63	-1586.91	11.2782	0.132645	0.0639763	0.131147	0.0776718	0.001388401	0.007062842	0.0645929	0.935407	0.263792	0.141648
870	-1578.18	-1590.8	12.6119	0.141063	0.0549384	0.130213	0.0584072	0.002009222	0.001743015	0.728001	0.271999	0.271276	0.113346
875	-1580.67	-1592.23	11.5572	0.103603	0.0580186	0.167673	0.0584072	0.004152004	0.002737328	0.302513	0.697487	0.271276	0.116426
880	-1578.89	-1590.81	11.9253	0.180348	0.0442261	0.090928	0.0816166	0.004156083	0.003779585	0.306324	0.693676	0.271276	0.125843
885	-1577.44	-1588.4	10.9535	0.134119	0.0398474	0.14353	0.107471	0.002744128	0.003155984	0.43511	0.56489	0.277649	0.147318
890	-1579.14	-1589.07	9.92808	0.157144	0.0651245	0.120506	0.107167	0.004192159	0.007456231	0.367942	0.632058	0.277649	0.172291
895	-1578.34	-1588.44	10.1016	0.141007	0.067625	0.131687	0.104666	0.003657801	0.006731914	0.413962	0.586038	0.272694	0.172291
900	-1580.5	-1589.62	9.11809	0.0981365	0.0463574	0.174557	0.125934	0.00196033	0.009473515	0.317562	0.682438	0.272694	0.172291
905	-1580.74	-1589.76	9.01576	0.14053	0.0443069	0.132164	0.125934	0.002596486	0.01259745	0.270088	0.729912	0.272694	0.170241
910	-1577.45	-1587.53	10.0803	0.113921	0.0439412	0.158773	0.123215	0.001183173	0.006435029	0.175075	0.824925	0.272694	0.167156
915	-1577.94	-1589.59	11.6559	0.162238	0.040307	0.110456	0.116415	0.001868034	0.001420317	0.487819	0.512181	0.272694	0.156722
920	-1576.06	-1588.81	12.7431	0.147407	0.0553093	0.0756922	0.101413	0.0008535641	0.003313692	0.171235	0.828765	0.223099	0.156722
925	-1578.39	-1591.1	12.7039	0.160213	0.0247788	0.0705658	0.101413	0.001593159	0.004797115	0.129203	0.870797	0.230779	0.126192
930	-1576.51	-1588.54	12.036	0.160213	0.0678327	0.0705658	0.111714	0.001776851	0.003886666	0.099736	0.900264	0.230779	0.179547
935	-1579.08	-1591.87	12.7975	0.151479	0.0974297	0.0705658	0.0554268	0.003440402	0.004418173	0.181604	0.818396	0.222045	0.152856
940	-1584.65	-1592.87	8.21428	0.117122	0.0799046	0.177652	0.11761	0.007485355	0.006112792	0.38606	0.61394	0.294774	0.197515
945	-1581.41	-1590.4	8.99114	0.153428	0.0626292	0.141346	0.12178	0.005851227	0.00653494	0.564322	0.435678	0.294774	0.184409
950	-1577.3	-1587.95	10.6468	0.115846	0.0439626	0.178928	0.0940124	0.00131906	0.004212287	0.517046	0.482954	0.294774	0.137975
955	-1578.93	-1589.54	10.6145	0.112931	0.0502246	0.181844	0.0669968	0.002254698	0.006665794	0.707191	0.292809	0.294774	0.117221
960	-1580.45	-1593.05	12.5939	0.16482	0.12163	0.129954	0.00436756	0.001129265	0.004022626	0.653955	0.346045	0.294774	0.125998
965	-1578.99	-1590.44	11.4556	0.14986	0.032466	0.133994	0.0935318	0.001713536	0.004071366	0.835036	0.164964	0.283854	0.125998
970	-1579.54	-1590.99	11.4502	0.150407	0.0202842	0.12049	0.105714	0.002492478	0.004343282	0.37164	0.62836	0.270897	0.125998
975	-1576.44	-1587.85	11.4098	0.145154	0.0387628	0.125744	0.105714	0.001663925	0.003708051	0.37164	0.62836	0.270897	0.144476
980	-1579.41	-1588.95	9.54091	0.135768	0.0507084	0.132552	0.111685	0.003290692	0.01076253	0.184172	0.815828	0.26832	0.162393
985	-1582.1	-1592.13	10.0271	0.15733	0.0492171	0.110991	0.113176	0.008577863	0.004128225	0.626013	0.373987	0.26832	0.162393
990	-1588.11	-1595.68	7.56968	0.161196	0.0665062	0.107124	0.147632	0.008726226	0.01215475	0.626013	0.373987	0.26832	0.214138
995	-1582.06	-1591.36	9.30174	0.16236	0.0703443	0.0964229	0.129516	0.00458338	0.01014989	0.24445	0.75555	0.258782	0.19986
1000	-1577.88	-1588.78	10.9006	0.150098	0.0540505	0.0900491	0.129516	0.002589411	0.005948871	0.454295	0.545705	0.240147	0.183567
