Iteration	Posterior	Likelihood	Prior	kappa	omega	pi[1]	pi[2]	pi[3]	pi[4]
0	-10923.1	-10923.6	0.472686	0.7338639	0.7384395	0.0295403	0.650624	0.00173974	0.318096
10	-4770.27	-4767.82	-2.44898	2.074546	0.05218946	0.223713	0.232436	0.362918	0.180934
20	-4713.49	-4710.97	-2.52288	2.093694	0.0506745	0.184469	0.310923	0.266863	0.237745
30	-4686.32	-4682.27	-4.05364	2.21592	0.02716341	0.206723	0.30729	0.219561	0.266427
40	-4687.55	-4683.78	-3.77292	1.881104	0.02716341	0.219398	0.326131	0.233023	0.221448
50	-4682.54	-4678.6	-3.93328	2.069557	0.02716341	0.203604	0.302655	0.234444	0.259297
60	-4681.89	-4678.12	-3.77029	1.878073	0.02716341	0.217053	0.28452	0.254667	0.24376
70	-4681.74	-4677.81	-3.92737	2.06249	0.02716341	0.210927	0.304714	0.247479	0.23688
80	-4681.9	-4678.35	-3.55437	1.635474	0.02716341	0.213511	0.294457	0.25051	0.241522
90	-4682.86	-4678.96	-3.89727	2.026609	0.02716341	0.216698	0.298853	0.25425	0.230199
100	-4684.98	-4681.43	-3.555	1.636172	0.02716341	0.206448	0.284716	0.242223	0.266613
110	-4683.33	-4679.53	-3.8025	1.915329	0.02716341	0.206323	0.285147	0.242078	0.266452
120	-4680.59	-4676.79	-3.79378	1.90522	0.02716341	0.213337	0.29484	0.241165	0.250658
130	-4680.61	-4676.8	-3.81123	1.925477	0.02716341	0.213337	0.29484	0.241165	0.250658
140	-4681.02	-4677.1	-3.91162	2.043672	0.02716341	0.213337	0.29484	0.241165	0.250658
150	-4684.21	-4680.67	-3.539	1.618653	0.02716341	0.22803	0.289333	0.23666	0.245977
160	-4684.71	-4681.31	-3.40544	1.474811	0.02716341	0.216867	0.297744	0.251453	0.233935
170	-4682.18	-4678.48	-3.69916	1.796814	0.02716341	0.209308	0.287366	0.242688	0.260638
180	-4681.22	-4677.48	-3.74203	1.845626	0.02716341	0.207834	0.294928	0.24098	0.256259
190	-4682.73	-4678.83	-3.90848	2.039935	0.02716341	0.208847	0.313919	0.242154	0.235079
200	-4682.37	-4678.66	-3.70592	1.804488	0.02716341	0.219416	0.309725	0.23892	0.231939
210	-4681.53	-4677.89	-3.63333	1.822738	0.02810973	0.207693	0.293177	0.239671	0.259459
220	-4680.86	-4677.04	-3.81741	2.03706	0.02810973	0.213201	0.300953	0.246027	0.239819
230	-4681.8	-4677.98	-3.81834	2.028153	0.02801791	0.216597	0.305747	0.227536	0.250119
240	-4681.49	-4677.83	-3.66613	1.850593	0.02801791	0.216126	0.305081	0.22755	0.251243
250	-4681.59	-4677.9	-3.68795	1.875647	0.02801791	0.217335	0.304611	0.227199	0.250856
260	-4683.18	-4679.73	-3.45099	1.610164	0.02801791	0.217335	0.304611	0.227199	0.250856
270	-4682	-4678.41	-3.58552	1.743867	0.02787064	0.217335	0.304611	0.227199	0.250856
280	-4684.65	-4681.7	-2.94844	1.675916	0.03521314	0.212412	0.294764	0.24765	0.245174
290	-4680.74	-4676.97	-3.77307	2.047892	0.02870229	0.215758	0.299406	0.238057	0.24678
300	-4680.4	-4676.75	-3.65165	1.905163	0.02870229	0.216643	0.300634	0.239034	0.243689
310	-4683.73	-4680.16	-3.56244	1.51373	0.02594647	0.219737	0.290645	0.242448	0.24717
320	-4682.47	-4678.76	-3.71247	1.67688	0.02594647	0.220924	0.292215	0.250109	0.236751
330	-4683.27	-4679.75	-3.51409	1.641865	0.02764995	0.223956	0.286263	0.25161	0.238172
340	-4685.53	-4681.99	-3.53716	2.032918	0.03137755	0.223649	0.314701	0.237158	0.224492
350	-4684.4	-4681.18	-3.21268	1.661569	0.03137755	0.225546	0.30473	0.23917	0.230553
360	-4681.81	-4678.34	-3.46998	1.844737	0.03020885	0.217093	0.304935	0.225928	0.252044
370	-4682.93	-4679.53	-3.40018	1.765519	0.03020885	0.209136	0.281695	0.25338	0.255789
380	-4681.23	-4677.63	-3.60409	2.043894	0.0306538	0.203706	0.300344	0.246802	0.249148
390	-4681.24	-4677.63	-3.60719	2.04758	0.0306538	0.203706	0.300344	0.246802	0.249148
400	-4681.65	-4678.19	-3.46067	1.87587	0.0306538	0.20664	0.304669	0.250356	0.238336
410	-4681.22	-4677.61	-3.60904	2.049798	0.0306538	0.206484	0.293623	0.250167	0.249725
420	-4682.98	-4679.53	-3.45058	1.864755	0.03065904	0.206475	0.318437	0.237754	0.237334
430	-4680.76	-4676.9	-3.86422	2.000653	0.02727994	0.211375	0.303985	0.241673	0.242967
440	-4682.23	-4678.73	-3.50209	1.816813	0.02953573	0.217656	0.313018	0.226239	0.243087
450	-4683.61	-4680.39	-3.2167	1.601101	0.03063526	0.223207	0.303228	0.23233	0.241234
460	-4682.45	-4679.06	-3.38779	1.895639	0.03179293	0.222665	0.304922	0.231765	0.240647
470	-4683.29	-4679.47	-3.82199	1.736556	0.02540775	0.223242	0.305713	0.229773	0.241272
480	-4681.26	-4677.81	-3.45045	1.791976	0.02988697	0.219726	0.300897	0.241906	0.237471
490	-4681.79	-4677.79	-3.9982	1.877935	0.02492284	0.217434	0.29776	0.239384	0.245422
500	-4682.47	-4679.3	-3.16365	1.657774	0.03196631	0.217434	0.29776	0.239384	0.245422
510	-4681.59	-4678.06	-3.53076	2.073746	0.03190093	0.217434	0.29776	0.239384	0.245422
520	-4680.99	-4677.51	-3.4882	1.957323	0.03118583	0.217879	0.298369	0.240073	0.243678
530	-4681.69	-4677.8	-3.88869	1.93158	0.02642484	0.215723	0.305215	0.229793	0.249269
540	-4682.65	-4678.59	-4.0605	2.102774	0.02615208	0.215723	0.305215	0.229793	0.249269
550	-4682.31	-4678.33	-3.9811	1.942792	0.02561176	0.214951	0.306413	0.229094	0.249542
560	-4682.32	-4678.51	-3.80261	2.038034	0.02828114	0.222784	0.302536	0.234561	0.240119
570	-4682.14	-4678.57	-3.56256	1.989676	0.03060196	0.217725	0.294293	0.253317	0.234665
580	-4682.9	-4678.78	-4.11552	2.095778	0.02555984	0.212221	0.286854	0.246913	0.254013
590	-4682.01	-4678	-4.00271	1.961748	0.02555984	0.213072	0.289469	0.242427	0.255032
600	-4682.99	-4679.52	-3.46252	2.128175	0.03343001	0.212412	0.288572	0.244775	0.254242
610	-4683	-4679.18	-3.82662	2.065903	0.02827385	0.2199	0.284296	0.253403	0.242401
620	-4683	-4679.24	-3.76531	1.993046	0.02827385	0.222996	0.293505	0.251186	0.232313
630	-4685.17	-4681.58	-3.59069	1.710944	0.02749982	0.211142	0.291054	0.226998	0.270807
640	-4686.11	-4682.64	-3.46819	1.505334	0.02681121	0.226535	0.308537	0.235609	0.229319
650	-4681.98	-4678.4	-3.5803	1.821562	0.0286861	0.209195	0.284495	0.248851	0.257459
660	-4685.27	-4681.53	-3.74105	1.918208	0.02784133	0.19977	0.293801	0.268202	0.238228
670	-4683.74	-4680.46	-3.2796	1.898683	0.03327922	0.221666	0.312088	0.231907	0.234339
680	-4681.22	-4677.7	-3.52127	2.028795	0.03153641	0.2137	0.300446	0.247021	0.238832
690	-4683.29	-4679.35	-3.93602	1.843526	0.02522344	0.210579	0.310937	0.227863	0.250621
700	-4684.33	-4680.39	-3.94442	1.849454	0.02519322	0.226298	0.299918	0.244873	0.228912
710	-4681.23	-4677.38	-3.85222	2.087941	0.02819432	0.215017	0.304871	0.239999	0.240114
720	-4681.74	-4678.36	-3.38158	1.935811	0.03232916	0.212286	0.289073	0.246285	0.252357
730	-4681.84	-4678.4	-3.44176	1.927713	0.03145376	0.216136	0.294315	0.232617	0.256933
740	-4686.04	-4682.02	-4.01826	1.833117	0.02438343	0.220717	0.310929	0.245584	0.222771
750	-4682.02	-4678.25	-3.76033	1.885635	0.02733635	0.220147	0.303174	0.244951	0.231727
760	-4680.94	-4677.18	-3.76523	2.090717	0.0291987	0.214558	0.295477	0.2447	0.245265
770	-4682.53	-4679.21	-3.31502	1.576987	0.0291987	0.21182	0.296507	0.245553	0.24612
780	-4681.27	-4677.6	-3.66741	1.847252	0.02797226	0.212815	0.286018	0.249164	0.252003
790	-4681.83	-4678.55	-3.27349	1.869781	0.03301825	0.211864	0.291795	0.245463	0.250877
800	-4681.7	-4677.94	-3.75899	1.982102	0.02824115	0.22004	0.29512	0.248261	0.236579
810	-4680.48	-4676.72	-3.75871	1.997193	0.02838558	0.214188	0.301924	0.241658	0.24223
820	-4683.53	-4679.73	-3.80578	2.211756	0.02988769	0.222314	0.302225	0.23299	0.242471
830	-4680.85	-4677.22	-3.6266	1.886374	0.02880159	0.212962	0.309742	0.233889	0.243407
840	-4684.19	-4680.28	-3.90298	2.261149	0.02921579	0.205951	0.299546	0.259109	0.235394
850	-4682.24	-4678.69	-3.5452	1.605681	0.0269757	0.217537	0.295502	0.237612	0.249348
860	-4683.3	-4679.27	-4.0268	2.160763	0.0269757	0.22114	0.294575	0.235621	0.248664
870	-4684.73	-4680.62	-4.10402	1.830535	0.02360973	0.213679	0.286584	0.264022	0.235715
880	-4681.92	-4678.14	-3.78081	1.807867	0.02642786	0.221927	0.29104	0.247257	0.239775
890	-4682.06	-4678.22	-3.83786	1.873079	0.02642786	0.22282	0.294147	0.236855	0.246178
900	-4682.71	-4679.58	-3.13442	1.646184	0.03221222	0.211393	0.298472	0.240338	0.249798
910	-4681.62	-4678.07	-3.55185	1.815918	0.02895199	0.2093	0.31191	0.231465	0.247325
920	-4681.5	-4678.11	-3.39682	1.961294	0.03241663	0.205045	0.30558	0.237005	0.252369
930	-4681.4	-4677.58	-3.81858	2.106624	0.02874096	0.207229	0.302224	0.234402	0.256145
940	-4681.08	-4677.67	-3.41026	1.838348	0.03087319	0.212614	0.300171	0.23281	0.254405
950	-4680.74	-4677.1	-3.64116	1.918591	0.02895215	0.208569	0.29538	0.251816	0.244235
960	-4685.23	-4681.35	-3.88343	2.478079	0.03152878	0.204086	0.297066	0.252736	0.246112
970	-4682.53	-4679.24	-3.29053	1.861259	0.03268559	0.203056	0.297639	0.251461	0.247844
980	-4683.77	-4680.39	-3.37871	1.804049	0.03089095	0.218453	0.294781	0.259218	0.227548
990	-4682.5	-4678.59	-3.90775	1.765996	0.02485037	0.221654	0.2991	0.240437	0.238809
1000	-4682.42	-4678.63	-3.79195	1.718583	0.02554074	0.21125	0.302751	0.233268	0.252731
1010	-4685.11	-4681.48	-3.62509	2.10037	0.03097834	0.201854	0.305797	0.260656	0.231693
1020	-4682.94	-4678.73	-4.21481	2.122164	0.0248321	0.210618	0.29318	0.244505	0.251697
1030	-4682.99	-4679.86	-3.13362	1.693872	0.03280165	0.213739	0.29952	0.249634	0.237107
1040	-4682.43	-4678.55	-3.88372	1.976366	0.0268637	0.203215	0.296777	0.255934	0.244074
1050	-4682.41	-4678.96	-3.44392	1.67258	0.02872576	0.210998	0.31115	0.233104	0.244747
1060	-4682.89	-4679.61	-3.28311	1.959982	0.03396985	0.202686	0.295713	0.246409	0.255192
1070	-4686	-4682.82	-3.18063	1.729545	0.03259939	0.208342	0.304702	0.260405	0.226552
1080	-4681.47	-4677.52	-3.94827	2.130835	0.02754051	0.212635	0.29465	0.247706	0.24501
1090	-4682.51	-4678.56	-3.94107	1.750987	0.02442501	0.218368	0.290899	0.249115	0.241618
1100	-4681.7	-4678.04	-3.66478	2.087911	0.03036066	0.214659	0.303057	0.247144	0.235141
1110	-4681.33	-4677.61	-3.72202	2.176861	0.03055714	0.211943	0.296853	0.244017	0.247187
1120	-4681.8	-4678.09	-3.71248	1.707364	0.02621728	0.216487	0.300967	0.246173	0.236373
1130	-4680.38	-4676.87	-3.50999	1.798364	0.02925479	0.214123	0.297682	0.243164	0.245031
1140	-4680.68	-4677.16	-3.52448	1.828164	0.02939071	0.212731	0.296079	0.250164	0.241026
1150	-4680.89	-4677.26	-3.63027	1.850143	0.02840753	0.206235	0.302256	0.245752	0.245756
1160	-4683.01	-4678.98	-4.0268	2.160865	0.02697649	0.209578	0.310286	0.228186	0.251951
1170	-4680.45	-4676.8	-3.65121	1.825975	0.02794594	0.211854	0.29879	0.246415	0.242941
1180	-4681.03	-4677.43	-3.59971	1.930568	0.02954991	0.206713	0.291541	0.249439	0.252307
1190	-4681.98	-4678.5	-3.48384	2.070102	0.03248074	0.212895	0.290241	0.248327	0.248536
1200	-4682.88	-4678.95	-3.93074	1.733355	0.02437638	0.21631	0.285767	0.25231	0.245613
1210	-4680.51	-4677.02	-3.4877	1.777011	0.02929421	0.212893	0.302076	0.240374	0.244657
1220	-4680.92	-4677.45	-3.46783	1.868596	0.03048811	0.206801	0.297315	0.249148	0.246735
1230	-4681.53	-4677.9	-3.62722	2.162499	0.03160142	0.207332	0.298078	0.247223	0.247367
1240	-4681.99	-4678.44	-3.54675	1.714722	0.02800807	0.212815	0.286071	0.256743	0.244372
1250	-4682.89	-4679.02	-3.87344	1.750062	0.0250369	0.220331	0.29647	0.231423	0.251776
1260	-4683.46	-4679.74	-3.71929	1.563129	0.02489169	0.216829	0.293837	0.250029	0.239305
1270	-4682.61	-4679.05	-3.56098	1.902478	0.02972102	0.211782	0.281986	0.261706	0.244525
1280	-4680.8	-4677.29	-3.51487	1.962947	0.03091119	0.214015	0.307503	0.233702	0.244781
1290	-4683.98	-4680.36	-3.62131	2.27932	0.03293337	0.206735	0.304065	0.227356	0.261844
1300	-4681.94	-4678.21	-3.73007	2.104922	0.0297468	0.220242	0.296335	0.24022	0.243204
1310	-4683.14	-4679.93	-3.20567	1.595812	0.03071135	0.215338	0.293636	0.252222	0.238804
1320	-4682.35	-4678.77	-3.58334	1.715171	0.02761834	0.208437	0.289866	0.241933	0.259764
1330	-4681.14	-4677.75	-3.39519	1.81744	0.03083254	0.213253	0.290367	0.2458	0.250579
1340	-4682.2	-4678.91	-3.29738	1.779728	0.03165003	0.212308	0.289286	0.255457	0.242948
1350	-4682.64	-4679.21	-3.42414	1.941284	0.0318312	0.217378	0.315122	0.232265	0.235235
1360	-4683.21	-4679.45	-3.76299	2.259898	0.03088227	0.211682	0.289277	0.254137	0.244904
1370	-4682.92	-4678.7	-4.21687	2.103436	0.02467112	0.211974	0.293937	0.248848	0.245242
1380	-4682.15	-4678.44	-3.71074	1.687794	0.0260603	0.210986	0.288864	0.252666	0.247484
1390	-4683.33	-4679.72	-3.60957	1.785008	0.0280062	0.209127	0.283638	0.266671	0.240564
1400	-4684.41	-4680.33	-4.08105	1.841303	0.02389054	0.216061	0.290289	0.261308	0.232342
1410	-4682.16	-4678.8	-3.35982	1.817744	0.03128018	0.218428	0.304154	0.226472	0.250946
1420	-4682.47	-4678.38	-4.08447	2.197213	0.0266896	0.207232	0.306588	0.238449	0.247732
1430	-4682.72	-4679.21	-3.51007	1.60742	0.02735858	0.208047	0.301762	0.244566	0.245626
1440	-4683.67	-4679.65	-4.01829	1.95546	0.02536018	0.209399	0.281615	0.248238	0.260748
1450	-4682.71	-4679.23	-3.48019	1.642136	0.0280181	0.210714	0.302305	0.251507	0.235473
1460	-4683.66	-4679.71	-3.95253	2.360533	0.02955858	0.21038	0.290701	0.243232	0.255687
1470	-4682.05	-4678.25	-3.80607	1.992861	0.0278279	0.207867	0.2995	0.256361	0.236273
1480	-4681.1	-4677.19	-3.91183	1.956763	0.02640909	0.212912	0.305461	0.238831	0.242796
1490	-4681.34	-4677.58	-3.75758	1.774086	0.02636155	0.218404	0.291528	0.246885	0.243183
1500	-4681.85	-4678.01	-3.8396	1.723181	0.02512861	0.215384	0.293451	0.241958	0.249207
1510	-4681.7	-4677.94	-3.76386	2.187235	0.03015101	0.211076	0.300484	0.23326	0.25518
1520	-4685.12	-4681.28	-3.84136	2.119405	0.02860382	0.227182	0.307491	0.22717	0.238157
1530	-4682.7	-4678.81	-3.88986	2.216364	0.02895212	0.204713	0.312992	0.237587	0.244708
1540	-4682.48	-4678.93	-3.5569	2.132027	0.03219219	0.209953	0.28795	0.250484	0.251613
1550	-4685.74	-4681.46	-4.27884	1.974458	0.02318085	0.220869	0.297767	0.227188	0.254176
1560	-4684.2	-4680.42	-3.78012	2.228894	0.03036366	0.216006	0.290175	0.23144	0.262379
1570	-4683.82	-4680.18	-3.64168	1.670684	0.02659529	0.20271	0.291845	0.254999	0.250447
1580	-4682.73	-4679.1	-3.63515	2.05226	0.03035923	0.223198	0.292572	0.238117	0.246113
1590	-4681.84	-4678.49	-3.35211	1.944989	0.03283093	0.214828	0.310762	0.234685	0.239726
1600	-4681.02	-4677.53	-3.49477	1.937771	0.03089339	0.213512	0.290242	0.246922	0.249324
1610	-4681.62	-4678.16	-3.45962	1.701551	0.02884388	0.221143	0.299114	0.235899	0.243844
1620	-4682.01	-4678.31	-3.70606	1.842529	0.02751316	0.210162	0.301209	0.254858	0.233771
1630	-4681.88	-4678	-3.87365	1.744719	0.02499062	0.213008	0.296086	0.240391	0.250515
1640	-4683.43	-4679.81	-3.62335	1.691979	0.02697946	0.205769	0.287463	0.245537	0.261232
1650	-4680.87	-4677.3	-3.5741	1.784794	0.02839353	0.21262	0.297431	0.2504	0.239549
1660	-4681.01	-4677.46	-3.55119	1.927901	0.03009866	0.214015	0.307006	0.242864	0.236115
1670	-4680.65	-4677.01	-3.63941	1.911067	0.02889826	0.210054	0.291671	0.245162	0.253113
1680	-4681.45	-4677.98	-3.47386	1.848419	0.03020086	0.212095	0.28971	0.24005	0.258145
1690	-4683.55	-4680.51	-3.04289	1.653127	0.03354394	0.209315	0.301914	0.242705	0.246065
1700	-4682.79	-4679.05	-3.73447	2.165669	0.03029338	0.20545	0.287964	0.256149	0.250437
1710	-4685.18	-4681.21	-3.97286	2.286365	0.02865047	0.195661	0.298523	0.251635	0.25418
1720	-4681.78	-4678.47	-3.31724	1.947524	0.03333969	0.209505	0.300675	0.233988	0.255832
1730	-4681.46	-4677.7	-3.75656	1.975835	0.0282093	0.207554	0.307222	0.231033	0.254191
1740	-4681.58	-4678.19	-3.39347	1.672513	0.02930137	0.21439	0.290715	0.248254	0.246642
1750	-4684.84	-4680.82	-4.01996	2.078906	0.02635801	0.197642	0.298693	0.257873	0.245792
1760	-4681.13	-4677.4	-3.72923	1.9094	0.02788699	0.21172	0.302793	0.249423	0.236064
1770	-4682.88	-4679.68	-3.20277	1.912027	0.03453545	0.217143	0.297622	0.234196	0.25104
1780	-4681.87	-4678.53	-3.34232	1.657482	0.02974039	0.211092	0.299246	0.248485	0.241177
1790	-4680.85	-4677.42	-3.42545	1.865033	0.03097425	0.209988	0.295218	0.249446	0.245348
1800	-4683.9	-4680.79	-3.10647	1.906837	0.03591382	0.213887	0.294726	0.249029	0.242359
1810	-4681.42	-4677.69	-3.72217	1.763264	0.02662134	0.220016	0.297369	0.236444	0.246171
1820	-4682.27	-4678.99	-3.27428	1.839825	0.03265248	0.214775	0.288116	0.245899	0.251211
1830	-4685.27	-4681.34	-3.92243	1.850932	0.02541327	0.221294	0.31063	0.245121	0.222955
1840	-4681.66	-4678.11	-3.54193	1.860695	0.02951884	0.206584	0.2924	0.257183	0.243833
1850	-4681.36	-4677.76	-3.59775	1.833642	0.02860919	0.220204	0.295083	0.234297	0.250416
1860	-4681.81	-4677.88	-3.93596	1.982586	0.02638768	0.211276	0.294867	0.255045	0.238812
1870	-4681.85	-4678.09	-3.76703	2.158499	0.02983204	0.215745	0.308309	0.233995	0.241951
1880	-4683.18	-4679.48	-3.69634	2.18454	0.03095302	0.216834	0.300312	0.249984	0.23287
1890	-4684.9	-4680.61	-4.28624	2.359588	0.02597269	0.216867	0.298189	0.239201	0.245743
1900	-4681.47	-4677.55	-3.91709	1.942249	0.02623263	0.208133	0.304736	0.244982	0.242149
1910	-4681.25	-4677.52	-3.72626	1.934505	0.0281543	0.207395	0.304163	0.232837	0.255605
1920	-4681.63	-4678.06	-3.56848	1.728105	0.02790258	0.208519	0.307575	0.238753	0.245153
1930	-4681.6	-4678.04	-3.56368	1.921368	0.02988211	0.212968	0.294	0.256623	0.236409
1940	-4683.52	-4679.5	-4.01784	2.045283	0.02609987	0.224124	0.29058	0.245003	0.240292
1950	-4682.77	-4678.88	-3.88699	2.23647	0.02917105	0.201991	0.295553	0.248383	0.254072
1960	-4681.28	-4677.64	-3.64249	1.81916	0.02797564	0.217093	0.289235	0.240504	0.253168
1970	-4685.52	-4682.15	-3.37448	2.037817	0.03360955	0.208836	0.293019	0.225667	0.272478
1980	-4683.54	-4680.43	-3.11551	1.758481	0.03385589	0.210069	0.289534	0.243733	0.256664
1990	-4683.48	-4679.65	-3.83587	1.998248	0.0275577	0.198858	0.304359	0.252804	0.24398
2000	-4680.87	-4677.32	-3.54607	2.005586	0.03097384	0.216607	0.301494	0.239045	0.242855
2010	-4681.47	-4677.77	-3.69881	2.014321	0.02922669	0.20939	0.299822	0.231091	0.259697
2020	-4681.92	-4678.51	-3.41014	1.814827	0.03061901	0.206826	0.296183	0.255927	0.241064
2030	-4684.58	-4680.95	-3.6266	1.670752	0.02674915	0.202272	0.299837	0.236426	0.261464
2040	-4684.14	-4680.75	-3.38455	1.888177	0.03175126	0.201672	0.307101	0.227446	0.263781
2050	-4681.63	-4678.08	-3.55127	1.780445	0.02860496	0.222142	0.301577	0.232619	0.243662
2060	-4681.97	-4678.35	-3.61568	2.165053	0.03177765	0.210453	0.311205	0.237751	0.240591
2070	-4681.31	-4677.96	-3.35365	1.839206	0.03159964	0.213259	0.292073	0.249826	0.244841
2080	-4681.34	-4677.34	-3.99857	2.074886	0.02653926	0.21248	0.299436	0.238254	0.24983
2090	-4681.29	-4677.88	-3.41272	1.904175	0.03156617	0.219185	0.299973	0.237679	0.243163
2100	-4681.75	-4678.19	-3.56701	2.093776	0.03164689	0.215066	0.306772	0.229272	0.248889
2110	-4682.97	-4678.8	-4.17062	2.087001	0.0249713	0.218369	0.299971	0.239033	0.242627
2120	-4681.82	-4677.96	-3.85539	1.771028	0.02538206	0.209223	0.30154	0.244626	0.244611
2130	-4684.86	-4681.06	-3.79781	1.605748	0.02453264	0.222807	0.291168	0.231446	0.254579
2140	-4681.21	-4677.57	-3.6328	1.947185	0.0293303	0.21799	0.295608	0.233708	0.252693
2150	-4681.17	-4677.63	-3.54014	2.011009	0.03110585	0.21091	0.306786	0.230063	0.252241
2160	-4685.61	-4682.22	-3.3946	1.903938	0.03179765	0.20315	0.306262	0.221322	0.269267
2170	-4683.07	-4679.8	-3.26871	1.896828	0.03340819	0.210664	0.286659	0.255914	0.246763
2180	-4684.21	-4680.01	-4.20705	2.296098	0.02625762	0.210934	0.300293	0.231427	0.257346
2190	-4682.12	-4678.16	-3.96079	2.063572	0.02682744	0.215288	0.287257	0.244712	0.252742
2200	-4681.53	-4677.9	-3.63008	1.80098	0.02793673	0.207904	0.309819	0.240397	0.24188
2210	-4684.65	-4681.02	-3.63099	1.847898	0.02837782	0.225304	0.288376	0.227623	0.258697
2220	-4685.39	-4682.39	-2.99808	1.777195	0.03583707	0.222387	0.29766	0.241768	0.238185
2230	-4680.66	-4677.05	-3.60942	1.863245	0.0287687	0.211771	0.308161	0.238018	0.24205
2240	-4681.59	-4677.96	-3.63265	2.084139	0.03071639	0.203585	0.307398	0.236328	0.25269
2250	-4680.84	-4677.41	-3.43069	1.799332	0.03020187	0.216577	0.300581	0.234923	0.24792
2260	-4681.37	-4677.67	-3.7005	2.057635	0.02963114	0.207724	0.306587	0.230967	0.254722
2270	-4681.69	-4677.81	-3.88215	2.06172	0.0276337	0.217845	0.296623	0.247387	0.238146
2280	-4684.62	-4681.6	-3.02416	1.526255	0.03220914	0.211764	0.299731	0.242865	0.245641
2290	-4682.19	-4678.4	-3.7895	2.045164	0.02849279	0.2084	0.306395	0.226995	0.258211
2300	-4687.43	-4683.07	-4.36633	2.134027	0.02357202	0.215845	0.288368	0.265874	0.229912
2310	-4682.65	-4679	-3.65061	2.195618	0.03164844	0.21041	0.290695	0.239701	0.259194
2320	-4684.67	-4680.81	-3.85379	2.197415	0.029189	0.211407	0.308541	0.219	0.261052
2330	-4681.45	-4677.89	-3.55968	1.922956	0.02994607	0.215441	0.286255	0.250791	0.247514
2340	-4682.27	-4678.8	-3.46746	2.0746	0.03275183	0.215762	0.290854	0.244975	0.24841
2350	-4683.42	-4680.15	-3.26926	1.75484	0.03172776	0.220041	0.296733	0.226832	0.256393
2360	-4684.21	-4679.98	-4.22961	2.178998	0.02512807	0.202711	0.29396	0.25187	0.25146
2370	-4685.55	-4682.06	-3.48778	1.914134	0.03072773	0.209894	0.282378	0.233142	0.274587
2380	-4681.58	-4678.15	-3.42677	1.695509	0.02915671	0.210645	0.307171	0.237665	0.244519
2390	-4681.96	-4678.37	-3.59596	1.849134	0.02878179	0.212694	0.303303	0.252734	0.231269
2400	-4681.9	-4678.2	-3.70176	2.030969	0.02935492	0.207557	0.310377	0.227977	0.254089
2410	-4680.71	-4676.97	-3.73832	2.021749	0.02884653	0.215564	0.297319	0.245095	0.242022
2420	-4681.69	-4678.04	-3.64935	2.129543	0.03097666	0.206295	0.297006	0.251872	0.244827
2430	-4681.6	-4677.84	-3.76007	2.137768	0.02971284	0.212082	0.305453	0.245177	0.237288
2440	-4687.58	-4684.43	-3.14396	1.645274	0.03207543	0.20903	0.292864	0.224797	0.273309
2450	-4680.75	-4677.05	-3.70825	2.07422	0.0297031	0.209879	0.304732	0.235014	0.250374
2460	-4682.79	-4678.99	-3.80611	2.117123	0.02898092	0.203974	0.305279	0.229553	0.261194
2470	-4685.01	-4681.83	-3.17413	1.493573	0.02994071	0.215526	0.285644	0.245065	0.253765
2480	-4684.48	-4680.73	-3.74627	2.268375	0.03117748	0.199425	0.306953	0.230977	0.262645
2490	-4684.46	-4681.26	-3.20221	1.564289	0.03039689	0.20815	0.297123	0.256017	0.238711
2500	-4682.55	-4678.97	-3.58746	1.846489	0.0288518	0.215107	0.281312	0.245115	0.258466
2510	-4687.17	-4683.46	-3.71	1.809826	0.02716991	0.197487	0.307823	0.260891	0.2338
2520	-4685.64	-4681.73	-3.90715	2.367283	0.03016126	0.209969	0.299364	0.25913	0.231538
2530	-4681.37	-4677.7	-3.67468	1.760755	0.02708568	0.207757	0.30202	0.239609	0.250615
2540	-4681.42	-4677.67	-3.75292	1.873662	0.02730497	0.221583	0.300548	0.236873	0.240996
2550	-4680.9	-4677.15	-3.75249	1.839665	0.02700065	0.210137	0.303427	0.2448	0.241636
2560	-4680.64	-4677.2	-3.4458	1.859207	0.03065835	0.213894	0.297944	0.246625	0.241537
2570	-4680.54	-4676.92	-3.6256	1.80673	0.02804038	0.212473	0.302231	0.236691	0.248605
2580	-4684.38	-4681.03	-3.35475	1.736326	0.03044478	0.208958	0.321982	0.232258	0.236802
2590	-4681.71	-4677.82	-3.88032	2.07162	0.02774173	0.216377	0.288987	0.245385	0.249251
2600	-4681.18	-4677.41	-3.77024	1.80346	0.02649512	0.212576	0.304169	0.23477	0.248486
2610	-4684.42	-4680.9	-3.51822	1.974352	0.03099084	0.22213	0.278987	0.254936	0.243947
2620	-4682.63	-4678.57	-4.05973	2.071273	0.02590219	0.212913	0.296542	0.232605	0.25794
2630	-4683.03	-4679.61	-3.41927	1.961415	0.03212027	0.2053	0.31898	0.23185	0.24387
2640	-4681.08	-4677.25	-3.82877	1.981813	0.02748511	0.206838	0.305811	0.237496	0.249855
2650	-4683.76	-4680.24	-3.5186	2.046344	0.03176108	0.221812	0.286221	0.251516	0.240451
2660	-4683.44	-4680.07	-3.37236	1.75819	0.03046779	0.206553	0.285733	0.263358	0.244357
2670	-4682.81	-4679.21	-3.59209	2.104029	0.03143412	0.203667	0.316497	0.238004	0.241832
2680	-4681.22	-4677.57	-3.64551	1.941553	0.0291279	0.205495	0.2991	0.237163	0.258242
2690	-4681.63	-4677.98	-3.64297	2.087899	0.03062761	0.208889	0.311894	0.23034	0.248878
2700	-4685.53	-4682	-3.53301	2.226479	0.03356682	0.213139	0.286739	0.261804	0.238317
2710	-4680.81	-4677.14	-3.66379	1.876735	0.02829287	0.211655	0.290547	0.252086	0.245713
2720	-4683.29	-4679.98	-3.30777	1.876508	0.03263199	0.216979	0.296422	0.255337	0.231262
2730	-4682.75	-4679.27	-3.47709	1.84067	0.03008032	0.213374	0.287843	0.234568	0.264215
2740	-4681.28	-4677.74	-3.54034	1.83136	0.02923942	0.21464	0.290159	0.238741	0.25646
2750	-4684.71	-4680.7	-4.00626	1.844075	0.02457843	0.21449	0.316187	0.238449	0.230874
2760	-4681.64	-4677.96	-3.67426	2.200237	0.03139323	0.210034	0.299152	0.237401	0.253413
2770	-4683.27	-4679.89	-3.3851	1.905706	0.03194136	0.2094	0.320872	0.231872	0.237857
2780	-4682.59	-4679.02	-3.57357	1.611048	0.02673509	0.211877	0.297736	0.251409	0.238979
2790	-4685.71	-4682.03	-3.67634	2.014038	0.02948488	0.228403	0.311241	0.221505	0.238851
2800	-4681.64	-4677.99	-3.65816	1.769253	0.02733721	0.22273	0.297545	0.239977	0.239748
2810	-4683.39	-4679.37	-4.01314	1.999906	0.02577196	0.200694	0.306555	0.244413	0.248338
2820	-4681.23	-4677.56	-3.67021	1.799107	0.02748894	0.216911	0.305364	0.231317	0.246408
2830	-4683.6	-4679.38	-4.22155	2.160876	0.02506482	0.203931	0.302257	0.242253	0.25156
2840	-4680.82	-4677.36	-3.45573	1.874517	0.03070024	0.21697	0.30141	0.24197	0.239649
2850	-4682.77	-4679.34	-3.42662	1.926782	0.03163802	0.224456	0.296285	0.236661	0.242598
2860	-4681.89	-4678.16	-3.72573	1.824082	0.02713659	0.217921	0.283768	0.250432	0.247878
2870	-4683.14	-4679.66	-3.4805	2.159247	0.03353575	0.21595	0.291289	0.243616	0.249145
2880	-4685.03	-4681.33	-3.70141	1.926524	0.02835241	0.22373	0.305523	0.216462	0.254285
2890	-4681.13	-4677.41	-3.71212	2.078188	0.02969645	0.204124	0.301971	0.244151	0.249754
2900	-4684.27	-4680.99	-3.28176	1.855634	0.03273794	0.220981	0.299883	0.251991	0.227145
2910	-4682.2	-4678.61	-3.5859	1.93279	0.02973492	0.199943	0.302795	0.247772	0.249491
2920	-4683.82	-4680.12	-3.69827	1.688481	0.02618952	0.223287	0.298257	0.251019	0.227438
2930	-4682.13	-4678.62	-3.50708	1.776622	0.02906704	0.217754	0.284266	0.255567	0.242414
2940	-4682.2	-4678.64	-3.56159	1.975438	0.03046545	0.209696	0.292709	0.260042	0.237553
2950	-4681.67	-4677.83	-3.84231	2.080087	0.0282314	0.213931	0.292243	0.23693	0.256897
2960	-4682.57	-4678.87	-3.69418	2.169076	0.03082249	0.21556	0.292239	0.235374	0.256827
2970	-4680.32	-4676.64	-3.67382	1.864105	0.02806251	0.212435	0.302128	0.242327	0.24311
2980	-4683.73	-4679.99	-3.73566	1.635039	0.02535708	0.20657	0.302287	0.23843	0.252713
2990	-4683.53	-4679.38	-4.14751	1.790433	0.02294543	0.215882	0.299927	0.241096	0.243094
3000	-4681.82	-4678.28	-3.54107	2.080532	0.03184034	0.206305	0.297109	0.236669	0.259916
3010	-4683.34	-4679.64	-3.70217	2.2292	0.03133681	0.217945	0.2897	0.242782	0.249573
3020	-4681.42	-4677.74	-3.68505	2.15365	0.03077886	0.208942	0.304882	0.233053	0.253123
3030	-4681.6	-4678.17	-3.42387	2.011843	0.03262932	0.211304	0.29804	0.234125	0.256531
3040	-4685.43	-4681.58	-3.85347	2.4369	0.03150488	0.211595	0.308101	0.224118	0.256186
3050	-4681.48	-4678.16	-3.32075	1.772514	0.0312692	0.215954	0.300613	0.232561	0.250872
3060	-4683.08	-4679.94	-3.13628	1.79795	0.0340583	0.218165	0.299169	0.244919	0.237748
3070	-4681.87	-4678.38	-3.49003	1.859449	0.03012196	0.208708	0.296464	0.257518	0.23731
3080	-4684.28	-4680.61	-3.67755	1.607476	0.02567149	0.21233	0.292842	0.233023	0.261804
3090	-4681.84	-4677.92	-3.9109	1.894102	0.02588556	0.215431	0.286934	0.245125	0.252511
3100	-4683.34	-4679.56	-3.78192	2.300951	0.0310564	0.208073	0.311299	0.242998	0.23763
3110	-4680.85	-4677.21	-3.6408	1.99281	0.02969125	0.210583	0.308776	0.23229	0.24835
3120	-4680.74	-4677.31	-3.43601	1.977471	0.03207995	0.211746	0.301659	0.241688	0.244907
3130	-4687.09	-4683.32	-3.7713	1.686081	0.02545859	0.220179	0.322712	0.22204	0.235069
3140	-4683.24	-4679.78	-3.45808	1.724722	0.02909863	0.207765	0.314485	0.242715	0.235034
3150	-4685.23	-4681.14	-4.09316	2.243641	0.02698582	0.21211	0.318854	0.236079	0.232957
3160	-4683.83	-4680.1	-3.73114	1.844498	0.02726689	0.222668	0.311895	0.23846	0.226977
3170	-4680.84	-4677.23	-3.60381	1.890681	0.02910368	0.207176	0.304004	0.2467	0.24212
3180	-4680.59	-4676.84	-3.74874	2.013117	0.02864693	0.209747	0.294268	0.244223	0.251762
3190	-4682.73	-4678.86	-3.87279	2.006757	0.02724416	0.223197	0.302037	0.22979	0.244976
3200	-4682.01	-4678.65	-3.35882	1.80819	0.03118645	0.214251	0.30388	0.226897	0.254972
3210	-4681.82	-4678.27	-3.54661	1.900177	0.02986775	0.221191	0.289037	0.246445	0.243327
3220	-4685.13	-4681.97	-3.16274	2.021281	0.03656017	0.213152	0.288943	0.252564	0.24534
3230	-4689.21	-4685.67	-3.54334	2.102396	0.03204814	0.209554	0.295874	0.214179	0.280392
3240	-4683.12	-4679.85	-3.27113	1.918501	0.03363592	0.201203	0.305258	0.247691	0.245848
3250	-4680.67	-4677.16	-3.51559	1.892228	0.03015698	0.208983	0.307769	0.236932	0.246316
3260	-4684.36	-4680.98	-3.37654	1.919395	0.03220898	0.224834	0.307121	0.221784	0.246261
3270	-4684.4	-4681.17	-3.23446	2.105851	0.03654354	0.209638	0.292326	0.246541	0.251495
3280	-4681.41	-4677.78	-3.63132	1.757499	0.02751035	0.210883	0.295614	0.236877	0.256626
3290	-4680.71	-4676.92	-3.78866	1.982125	0.0279176	0.211246	0.302097	0.246441	0.240217
3300	-4682.64	-4679.14	-3.49281	2.062366	0.03227523	0.212732	0.301996	0.225738	0.259535
3310	-4686.13	-4682.82	-3.30634	2.137848	0.03583426	0.213882	0.321404	0.221225	0.243488
3320	-4681.43	-4677.88	-3.54754	1.784737	0.02868944	0.210272	0.287236	0.248897	0.253595
3330	-4685.03	-4681.47	-3.55325	1.759129	0.0283722	0.197829	0.31073	0.236548	0.254892
3340	-4682.48	-4678.9	-3.58297	2.02104	0.03067736	0.211973	0.315323	0.24014	0.232565
3350	-4681.25	-4677.79	-3.46185	1.724486	0.02905296	0.216756	0.298857	0.233919	0.250467
3360	-4681.24	-4677.94	-3.3001	1.7875	0.03170365	0.212614	0.298044	0.237546	0.251795
3370	-4683.5	-4680.03	-3.46929	1.602276	0.02774185	0.208181	0.290862	0.258651	0.242306
3380	-4682.19	-4678.12	-4.07693	1.884545	0.02425944	0.214932	0.300542	0.241012	0.243515
3390	-4680.46	-4676.84	-3.61851	1.802398	0.02807607	0.213921	0.302114	0.238114	0.245851
3400	-4680.34	-4676.65	-3.68619	1.918293	0.02844273	0.211399	0.294562	0.246765	0.247274
3410	-4683.43	-4679.52	-3.90485	1.71959	0.02449857	0.220015	0.296678	0.251237	0.23207
3420	-4686.65	-4682.45	-4.19454	1.909347	0.02342169	0.215726	0.279114	0.239281	0.265879
3430	-4680.73	-4677.13	-3.59883	1.918035	0.02943431	0.217221	0.292762	0.242528	0.247489
3440	-4680.93	-4677.3	-3.63701	1.834908	0.02818623	0.214838	0.302068	0.231418	0.251677
3450	-4680.6	-4677.17	-3.42739	1.858853	0.03088286	0.210048	0.302982	0.237533	0.249437
3460	-4682.66	-4679.42	-3.23901	1.763371	0.032223	0.20804	0.307004	0.247763	0.237193
3470	-4682.86	-4679.26	-3.59822	2.112442	0.03144477	0.213042	0.299333	0.226237	0.261388
3480	-4682.87	-4679.47	-3.40095	2.121061	0.03421938	0.205264	0.301284	0.234428	0.259025
3490	-4680.84	-4677.2	-3.63147	1.901203	0.02889178	0.205573	0.298561	0.248216	0.24765
3500	-4683.22	-4679.97	-3.25731	1.918699	0.03383345	0.220704	0.29324	0.237325	0.248731
3510	-4684.48	-4681.29	-3.18603	1.918131	0.03485875	0.199052	0.310392	0.240262	0.250294
3520	-4681.59	-4677.72	-3.86148	2.234082	0.02944431	0.21053	0.301461	0.239758	0.248251
3530	-4681.07	-4677.3	-3.77201	1.849191	0.02688534	0.213889	0.289768	0.251469	0.244875
3540	-4685.28	-4681.08	-4.1987	2.00957	0.0241281	0.21471	0.277363	0.251227	0.256699
3550	-4680.36	-4676.7	-3.65515	1.894996	0.02856457	0.208765	0.297223	0.244828	0.249184
3560	-4680.7	-4677.12	-3.57815	2.034675	0.03087948	0.211075	0.306716	0.235836	0.246373
3570	-4684.35	-4680.31	-4.03359	1.855815	0.02442402	0.213808	0.277354	0.253207	0.25563
3580	-4682.42	-4678.35	-4.06763	1.980779	0.02509872	0.212104	0.308939	0.236299	0.242658
3590	-4681.4	-4677.62	-3.77712	1.902312	0.02731147	0.209906	0.290455	0.256276	0.243362
3600	-4683.08	-4679.72	-3.35529	1.634074	0.02933887	0.208832	0.308213	0.232141	0.250815
3610	-4681.96	-4678.25	-3.71164	1.728228	0.02641239	0.218843	0.287569	0.243054	0.250534
3620	-4681.21	-4677.81	-3.40346	1.740366	0.02990066	0.209778	0.305784	0.241012	0.243426
3630	-4683.44	-4680.12	-3.32016	2.05981	0.03465384	0.200506	0.300339	0.245518	0.253636
3640	-4681.66	-4678.04	-3.61576	1.735478	0.02746713	0.209131	0.305183	0.23461	0.251075
3650	-4682.22	-4678.57	-3.64755	1.943436	0.02912303	0.203514	0.289484	0.257667	0.249334
3660	-4682.97	-4679.38	-3.58423	2.023059	0.0306828	0.217482	0.317096	0.228521	0.236901
3670	-4683.17	-4679.83	-3.33795	1.531499	0.0284617	0.213298	0.301839	0.240889	0.243974
3680	-4682.86	-4679.01	-3.85102	1.895802	0.02649363	0.205974	0.2849	0.260344	0.248782
3690	-4683.76	-4680.33	-3.42999	1.987471	0.03227162	0.20096	0.304359	0.256305	0.238376
3700	-4686.11	-4682.49	-3.61803	2.069977	0.03075128	0.204666	0.32946	0.228269	0.237605
3710	-4683.24	-4679.62	-3.61811	2.227196	0.03241085	0.209405	0.298333	0.230298	0.261964
3720	-4681.83	-4678.49	-3.34028	1.872877	0.03215654	0.214847	0.309519	0.228244	0.247389
3730	-4681.04	-4677.47	-3.56574	1.939993	0.03004854	0.214199	0.291381	0.239307	0.255113
3740	-4682.34	-4678.75	-3.58504	1.964242	0.03006573	0.218418	0.28513	0.254359	0.242093
3750	-4680.92	-4677.28	-3.63693	2.005562	0.02986495	0.217724	0.295551	0.242261	0.244464
3760	-4681.67	-4677.98	-3.69806	1.86667	0.02782389	0.215669	0.29886	0.252879	0.232592
3770	-4680.81	-4677.23	-3.58426	1.767405	0.02811194	0.211974	0.302418	0.245086	0.240523
3780	-4682.53	-4678.68	-3.8529	2.316627	0.03033345	0.205282	0.302143	0.240534	0.252041
3790	-4681.45	-4677.87	-3.581	1.66974	0.0272105	0.21283	0.292766	0.246475	0.247929
3800	-4682.74	-4679.44	-3.30015	1.90926	0.03312153	0.210324	0.307669	0.22546	0.256546
3810	-4680.58	-4676.92	-3.65756	1.950741	0.0290799	0.211901	0.304291	0.244607	0.239201
3820	-4682.76	-4679.13	-3.625	1.881827	0.02877511	0.216765	0.284143	0.262052	0.23704
3830	-4683.34	-4679.69	-3.64771	1.778018	0.02752983	0.209571	0.279633	0.249599	0.261197
3840	-4687.78	-4683.38	-4.39822	2.08838	0.02298456	0.201625	0.283517	0.251493	0.263365
3850	-4682.32	-4679.17	-3.15189	1.728373	0.03297498	0.216529	0.297012	0.240908	0.245552
3860	-4684.51	-4681.36	-3.14834	1.599633	0.03147709	0.220942	0.289574	0.235091	0.254393
3870	-4682.33	-4678.49	-3.84615	2.155959	0.0288891	0.213847	0.309395	0.227092	0.249666
3880	-4683.81	-4679.7	-4.11252	2.260822	0.02692875	0.202211	0.306428	0.23657	0.254791
3890	-4681.88	-4678.33	-3.55291	2.025674	0.03110083	0.216842	0.303181	0.227224	0.252753
3900	-4683.04	-4679.34	-3.70462	2.146171	0.03046216	0.203842	0.28837	0.244904	0.262884
3910	-4682.35	-4678.63	-3.72017	1.867681	0.02759642	0.210999	0.301182	0.256237	0.231582
3920	-4683.09	-4679.17	-3.92378	1.828472	0.02521467	0.223878	0.289251	0.239006	0.247864
3930	-4683.53	-4680.45	-3.07707	1.643956	0.03295583	0.214734	0.305279	0.243011	0.236977
3940	-4683.94	-4680.19	-3.74548	1.777703	0.02651525	0.221713	0.279115	0.26137	0.237802
3950	-4683.6	-4680.23	-3.37552	1.806709	0.03096008	0.224328	0.284163	0.244256	0.247252
3960	-4681.52	-4678.05	-3.47096	1.899092	0.03077527	0.217378	0.30878	0.238471	0.235372
3970	-4681.25	-4677.73	-3.52631	1.830963	0.02939801	0.210548	0.300356	0.252245	0.236851
3980	-4684.69	-4680.58	-4.11565	2.077755	0.02541543	0.22049	0.289943	0.257764	0.231803
3990	-4683.87	-4679.87	-3.99663	2.297275	0.0284821	0.212399	0.28713	0.255368	0.245103
4000	-4682.97	-4679.82	-3.14641	1.872072	0.03485539	0.209005	0.311105	0.23765	0.24224
4010	-4683.21	-4680	-3.21575	1.831687	0.03335602	0.219586	0.299574	0.247508	0.233331
4020	-4681.94	-4678.49	-3.452	1.665176	0.02855981	0.207303	0.29983	0.24526	0.247607
4030	-4680.41	-4676.8	-3.60912	1.881978	0.0289567	0.211653	0.303786	0.235119	0.249442
4040	-4682.62	-4679.4	-3.2216	1.817387	0.03310176	0.206134	0.310372	0.241721	0.241773
4050	-4683.13	-4679.45	-3.67201	2.171794	0.03112783	0.221868	0.300579	0.237116	0.240437
4060	-4680.9	-4677.18	-3.72406	1.876602	0.02763764	0.215394	0.304324	0.231912	0.24837
4070	-4681.37	-4677.9	-3.47577	1.765882	0.02931804	0.208637	0.307922	0.235029	0.248412
4080	-4681.95	-4678.38	-3.56198	1.863168	0.02931051	0.218752	0.290696	0.234012	0.256541
4090	-4683.32	-4679.55	-3.76708	2.098591	0.02925276	0.208021	0.283855	0.263289	0.244835
4100	-4681.74	-4678.3	-3.4381	1.842135	0.03056972	0.22016	0.305232	0.239986	0.234622
4110	-4681.47	-4677.76	-3.71118	2.054043	0.02947079	0.214699	0.288141	0.245903	0.251257
4120	-4681.16	-4677.65	-3.51066	1.82462	0.0295156	0.209166	0.310205	0.238957	0.241672
4130	-4681.65	-4677.98	-3.66909	2.08167	0.03024537	0.20709	0.305474	0.230457	0.25698
4140	-4685.03	-4681.32	-3.71176	1.814578	0.02719525	0.207399	0.274434	0.269765	0.248402
4150	-4682.34	-4678.7	-3.63784	1.998446	0.02978276	0.214264	0.304867	0.223374	0.257496
4160	-4680.87	-4677.27	-3.60831	2.093681	0.03111938	0.208513	0.299112	0.240455	0.25192
4170	-4686.99	-4683.5	-3.49089	1.837123	0.02987829	0.205073	0.278966	0.27955	0.236411
4180	-4685.38	-4681.3	-4.08441	2.104645	0.02593223	0.199372	0.286777	0.261832	0.25202
4190	-4681.11	-4677.65	-3.45437	1.966479	0.03171838	0.206569	0.308004	0.237323	0.248104
4200	-4686.79	-4683.66	-3.12098	2.095346	0.03825705	0.201605	0.316926	0.229946	0.251522
4210	-4683.3	-4679.6	-3.6933	1.730035	0.02661362	0.21522	0.315945	0.233362	0.235473
4220	-4683.57	-4680.18	-3.38445	1.631539	0.0289769	0.205858	0.287259	0.251296	0.255587
4230	-4681.22	-4677.87	-3.34917	1.744661	0.03060448	0.21218	0.30296	0.244758	0.240101
4240	-4680.98	-4677.55	-3.43143	1.830347	0.0305249	0.212975	0.309073	0.234426	0.243526
4250	-4683.99	-4680.49	-3.50393	1.575748	0.02711783	0.225781	0.297651	0.231007	0.245562
4260	-4682.73	-4678.79	-3.93995	1.921911	0.02583634	0.216561	0.310048	0.240931	0.23246
4270	-4683.9	-4680.72	-3.17762	1.722719	0.03255772	0.20226	0.297657	0.241891	0.258191
4280	-4681.13	-4677.59	-3.54419	1.9654	0.03057401	0.21907	0.30211	0.238351	0.24047
4290	-4682.21	-4678.86	-3.35546	1.679842	0.02982472	0.215896	0.288178	0.241886	0.254039
4300	-4683.14	-4679.8	-3.34361	1.826137	0.03158149	0.20531	0.302645	0.229196	0.262849
4310	-4681.48	-4677.78	-3.70109	2.093789	0.02998164	0.212742	0.289169	0.24809	0.249999
4320	-4687.12	-4683.27	-3.84828	1.941527	0.02692233	0.209742	0.278405	0.280517	0.231336
4330	-4683.86	-4679.9	-3.9622	2.152616	0.02758292	0.224216	0.297713	0.232754	0.245317
4340	-4684.46	-4681.21	-3.25472	1.97929	0.03461784	0.221845	0.290711	0.237591	0.249853
4350	-4681.75	-4678.41	-3.33635	1.843552	0.03187296	0.214256	0.291999	0.252575	0.241171
4360	-4683.23	-4680.03	-3.20704	1.651917	0.03133779	0.210413	0.290434	0.241042	0.25811
4370	-4683	-4679.35	-3.65459	1.673969	0.0264949	0.213743	0.308899	0.227997	0.249361
4380	-4683.2	-4679.28	-3.92011	2.181565	0.02829582	0.216351	0.299348	0.227096	0.257206
4390	-4686.79	-4683.46	-3.32941	1.384407	0.0270615	0.214466	0.295317	0.236204	0.254012
4400	-4681.95	-4678.18	-3.77127	2.124507	0.02945315	0.210307	0.309918	0.227876	0.251899
4410	-4681.31	-4677.61	-3.70166	2.067962	0.02971917	0.206263	0.29418	0.252268	0.24729
4420	-4682.07	-4678.46	-3.61098	2.10419	0.03119576	0.208829	0.308122	0.227306	0.255743
4430	-4681.91	-4678.08	-3.83669	1.852203	0.02625797	0.208706	0.291417	0.257088	0.242788
4440	-4680.56	-4677.01	-3.55351	1.81733	0.02894721	0.211231	0.293079	0.24733	0.248361
4450	-4682.01	-4678.59	-3.41675	1.763387	0.02998687	0.213865	0.298557	0.229371	0.258206
4460	-4681.74	-4678.34	-3.39409	1.669455	0.0292621	0.210459	0.304015	0.244098	0.241428
4470	-4683.16	-4679.65	-3.5073	2.160524	0.03317781	0.217299	0.291597	0.241537	0.249567
4480	-4682.91	-4679.5	-3.41046	2.042325	0.03316157	0.221173	0.303842	0.233354	0.241631
4490	-4683.29	-4679.35	-3.93806	2.13378	0.02767523	0.199604	0.298626	0.25351	0.24826
4500	-4681.01	-4677.52	-3.49516	2.011753	0.03168765	0.206876	0.307319	0.238089	0.247715
4510	-4684.24	-4680.99	-3.24817	1.469335	0.02881551	0.214713	0.294108	0.246563	0.244616
4520	-4682.23	-4678.9	-3.32856	1.89891	0.03261339	0.202385	0.301993	0.247344	0.248278
4530	-4681.9	-4678.21	-3.68895	2.015982	0.02935708	0.212502	0.290429	0.25824	0.23883
4540	-4681.36	-4677.52	-3.83875	1.950192	0.02709764	0.219289	0.295873	0.236076	0.248762
4550	-4681.51	-4678.11	-3.39832	1.878292	0.03146351	0.2197	0.303816	0.233511	0.242973
4560	-4681.19	-4677.69	-3.49854	1.858677	0.0300117	0.220612	0.295337	0.240391	0.24366
4570	-4680.68	-4677.09	-3.59288	1.989666	0.03023187	0.213145	0.306576	0.240173	0.240106
4580	-4682.17	-4678.39	-3.77552	2.120565	0.02936574	0.205113	0.310978	0.244324	0.239585
4590	-4681.97	-4678.02	-3.94635	1.821695	0.02494833	0.211038	0.294011	0.241033	0.253919
4600	-4682.81	-4678.79	-4.01538	2.166084	0.0271392	0.208122	0.287418	0.247421	0.257039
4610	-4683.19	-4679.14	-4.05232	2.092632	0.02614978	0.218482	0.286925	0.241412	0.253181
4620	-4681.57	-4677.95	-3.61796	1.693056	0.02704526	0.211464	0.301466	0.236511	0.250559
4630	-4682.88	-4679.58	-3.30229	2.074987	0.03510606	0.212363	0.295997	0.244744	0.246895
4640	-4682.92	-4679.22	-3.70431	1.714272	0.02636051	0.214757	0.297909	0.256382	0.230952
4650	-4685.47	-4682.49	-2.97875	1.640172	0.03428871	0.213864	0.28551	0.2539	0.246726
4660	-4683.78	-4680.29	-3.488	2.032004	0.03200298	0.205292	0.294632	0.263377	0.236699
4670	-4681.95	-4678.46	-3.48872	2.039357	0.0320746	0.206691	0.314207	0.233745	0.245357
4680	-4683.17	-4679.81	-3.35088	1.747029	0.03060937	0.218452	0.297713	0.225498	0.258336
4690	-4681.85	-4678.24	-3.61076	1.84766	0.02860087	0.205728	0.298283	0.255978	0.240012
4700	-4684.16	-4680.35	-3.8068	2.13814	0.02917165	0.199694	0.318284	0.236245	0.245777
4710	-4682.31	-4679.01	-3.29291	1.742652	0.03128534	0.214558	0.311832	0.237583	0.236026
4720	-4684.96	-4681.39	-3.57137	1.633471	0.02696805	0.226825	0.279276	0.255471	0.238428
4730	-4680.97	-4677.42	-3.55163	1.890822	0.02971241	0.214072	0.28852	0.249	0.248409
4740	-4682.34	-4678.74	-3.60652	1.973534	0.02990355	0.212608	0.28714	0.260986	0.239266
4750	-4680.86	-4677.31	-3.54851	2.0075	0.03096362	0.213984	0.307305	0.237004	0.241707
4760	-4685.66	-4681.62	-4.04176	1.98923	0.02541035	0.211421	0.323358	0.227639	0.237582
4770	-4683.81	-4679.81	-4.00377	2.391259	0.02924303	0.204224	0.308151	0.241891	0.245734
4780	-4683.71	-4679.86	-3.84591	2.420566	0.03143919	0.207489	0.298071	0.244842	0.249598
4790	-4683.49	-4680	-3.497	1.915021	0.03062336	0.220401	0.284915	0.259243	0.235441
4800	-4683.8	-4680.1	-3.70122	2.146398	0.03050614	0.222847	0.296921	0.246847	0.233385
4810	-4685.82	-4682.16	-3.65565	2.266667	0.03233421	0.199692	0.291388	0.263992	0.244928
4820	-4683.31	-4679.61	-3.70458	2.158572	0.03058748	0.221018	0.301232	0.22738	0.25037
4830	-4682.83	-4678.71	-4.12036	1.997219	0.02473977	0.205721	0.30328	0.245895	0.245104
4840	-4680.67	-4676.98	-3.68862	1.937322	0.0285979	0.215885	0.293304	0.240022	0.250788
4850	-4684.11	-4680.8	-3.31207	1.878734	0.03260008	0.223642	0.307998	0.222378	0.245983
4860	-4682.75	-4679.22	-3.53008	1.848872	0.02953687	0.206929	0.286669	0.241368	0.265034
4870	-4682.22	-4678.58	-3.64478	1.825047	0.02800693	0.223197	0.297853	0.22983	0.249119
4880	-4681.58	-4678.05	-3.53095	2.029559	0.0314207	0.218954	0.303497	0.236519	0.24103
4890	-4683.62	-4680.2	-3.41556	2.217526	0.03516385	0.214396	0.305552	0.234168	0.245883
4900	-4681.04	-4677.66	-3.37618	1.766827	0.03051511	0.217105	0.295328	0.243452	0.244115
4910	-4683.44	-4679.36	-4.07784	2.08694	0.02585291	0.202509	0.307723	0.235965	0.253804
4920	-4681.26	-4677.83	-3.43149	1.809355	0.03029916	0.214044	0.295436	0.252299	0.238221
4930	-4684.67	-4681.22	-3.45369	2.195337	0.0343371	0.20787	0.312953	0.246786	0.232392
4940	-4683.78	-4680.62	-3.16177	1.69222	0.03240293	0.219872	0.311607	0.227834	0.240686
4950	-4681.94	-4678.15	-3.79619	1.888783	0.02699096	0.215221	0.283114	0.249449	0.252216
4960	-4682.32	-4678.61	-3.70661	1.758163	0.02673344	0.223034	0.287692	0.247773	0.241501
4970	-4684.96	-4681.35	-3.60565	2.252655	0.03285526	0.220552	0.290782	0.235417	0.253249
4980	-4683.72	-4679.64	-4.0809	2.160805	0.02642532	0.201462	0.294686	0.255483	0.248369
4990	-4686.64	-4683.3	-3.34184	2.236792	0.0365386	0.198256	0.316723	0.241361	0.24366
5000	-4682.04	-4678.25	-3.78945	1.96699	0.0277701	0.206597	0.290887	0.239903	0.262613
5010	-4681.32	-4677.74	-3.58458	1.81563	0.02857966	0.218654	0.287885	0.248293	0.245168
5020	-4687.35	-4683.69	-3.65267	1.925913	0.02889286	0.213323	0.302345	0.212198	0.272134
5030	-4681.97	-4678.08	-3.88696	2.207688	0.02890495	0.213471	0.299282	0.247155	0.240092
5040	-4684.23	-4681.13	-3.10515	1.77348	0.0341944	0.214246	0.285048	0.253796	0.246909
5050	-4680.84	-4677.39	-3.45044	1.950407	0.03159205	0.21479	0.303255	0.234236	0.247719
5060	-4681.23	-4677.39	-3.83473	2.076324	0.02828034	0.209001	0.309471	0.236707	0.24482
5070	-4681.72	-4678.12	-3.60044	1.962768	0.02986676	0.202001	0.298747	0.25128	0.247973
5080	-4683.04	-4679.91	-3.13162	1.668159	0.03251521	0.207963	0.295857	0.246855	0.249325
5090	-4684.95	-4681.47	-3.47736	1.477845	0.02645649	0.218211	0.304355	0.230486	0.246948
5100	-4682.11	-4678.2	-3.91551	1.819554	0.02521876	0.210179	0.295703	0.237745	0.256372
5110	-4683.89	-4680.4	-3.4923	1.789056	0.02936447	0.226633	0.284099	0.240635	0.248634
5120	-4683.51	-4679.98	-3.53119	1.852003	0.02955584	0.21281	0.295708	0.26318	0.228303
5130	-4681.61	-4677.77	-3.84438	1.832714	0.02601348	0.206877	0.30199	0.245872	0.24526
5140	-4681.42	-4678.04	-3.38105	1.748969	0.03026215	0.209777	0.308399	0.236763	0.245062
5150	-4683.57	-4679.68	-3.89027	1.672712	0.0242502	0.220881	0.290882	0.252353	0.235884
5160	-4682.23	-4678.29	-3.94138	1.81491	0.02493914	0.218822	0.30093	0.243623	0.236625
5170	-4680.87	-4677.26	-3.61107	2.025059	0.03037418	0.211203	0.29731	0.249928	0.24156
5180	-4681.43	-4677.67	-3.76421	2.152421	0.02980637	0.210574	0.292222	0.245018	0.252186
5190	-4682.19	-4678.46	-3.73652	1.949303	0.02818083	0.203081	0.31113	0.234778	0.251011
5200	-4685.32	-4681.53	-3.79239	2.081453	0.02880066	0.227772	0.283858	0.248923	0.239446
5210	-4684.73	-4681.12	-3.60979	2.02975	0.03043799	0.221243	0.30393	0.217467	0.25736
5220	-4683.12	-4679.9	-3.22019	1.646855	0.03111296	0.216165	0.286502	0.244537	0.252796
5230	-4681.08	-4677.43	-3.64988	2.030069	0.02995707	0.206605	0.295539	0.240492	0.257363
5240	-4681.35	-4677.86	-3.48963	1.816724	0.02968115	0.208726	0.290785	0.243222	0.257267
5250	-4682.96	-4679.02	-3.94579	2.035084	0.02673672	0.212116	0.315063	0.238456	0.234365
5260	-4682.61	-4678.82	-3.79119	1.922559	0.02734701	0.203125	0.292423	0.259255	0.245196
5270	-4681	-4677.2	-3.80259	1.963625	0.02759878	0.215887	0.301116	0.232495	0.250501
5280	-4681.31	-4677.46	-3.84786	2.027302	0.0276916	0.206267	0.301951	0.249121	0.242661
5290	-4682.22	-4678.15	-4.06108	2.094591	0.02607929	0.211041	0.290491	0.252131	0.246337
5300	-4681.06	-4677.4	-3.65849	1.833892	0.02794227	0.218578	0.304318	0.232742	0.244362
5310	-4681.11	-4677.16	-3.94487	2.04503	0.02683148	0.212311	0.294048	0.243849	0.249792
5320	-4681.25	-4677.73	-3.51676	2.003354	0.03131975	0.213619	0.292651	0.239204	0.254527
5330	-4685.28	-4681.8	-3.48437	1.820098	0.0297784	0.222018	0.286892	0.265598	0.225492
5340	-4682.58	-4678.59	-3.99009	1.994483	0.02595173	0.206535	0.288716	0.257149	0.2476
5350	-4681.39	-4677.78	-3.617	1.686414	0.02699318	0.214401	0.30224	0.242668	0.240691
5360	-4681.86	-4678.28	-3.57611	1.650808	0.02708246	0.214731	0.296142	0.236888	0.252238
5370	-4682.28	-4678.74	-3.54228	1.657682	0.02750306	0.222809	0.29219	0.239693	0.245309
5380	-4683.43	-4679.53	-3.89536	2.222121	0.02894253	0.199544	0.308757	0.23755	0.25415
5390	-4681.61	-4678.13	-3.47591	1.796009	0.02962787	0.215282	0.286142	0.245055	0.253521
5400	-4684.36	-4680.84	-3.51496	2.119548	0.0326142	0.224223	0.305335	0.228001	0.242441
5410	-4680.95	-4677.14	-3.81082	2.095015	0.02871989	0.210861	0.295346	0.240481	0.253312
5420	-4682.68	-4679.03	-3.64785	2.026809	0.02994846	0.199695	0.310024	0.236726	0.253555
5430	-4681.11	-4677.38	-3.72825	1.948775	0.0282668	0.217455	0.301461	0.231042	0.250042
5440	-4682.05	-4678.72	-3.33026	1.953188	0.03322654	0.216376	0.292622	0.242348	0.248653
5450	-4681.29	-4677.67	-3.62456	2.086301	0.03083907	0.205635	0.305974	0.235149	0.253242
5460	-4684.07	-4680.72	-3.34632	1.778454	0.03101314	0.22596	0.288269	0.234771	0.251
5470	-4683.41	-4679.7	-3.70966	2.193153	0.03087433	0.220326	0.309236	0.231729	0.238709
5480	-4681.45	-4677.55	-3.89216	2.089641	0.02777582	0.211948	0.299352	0.249839	0.238861
5490	-4681.87	-4678.05	-3.81121	1.96067	0.0274804	0.222127	0.293924	0.23746	0.246488
5500	-4682.44	-4678.62	-3.82011	2.007761	0.02781257	0.200661	0.307456	0.244604	0.247279
5510	-4683.27	-4679.27	-3.99381	2.205722	0.02770837	0.215775	0.309679	0.227124	0.247421
5520	-4681.2	-4677.54	-3.65983	1.961069	0.02915511	0.208786	0.311634	0.232458	0.247122
5530	-4682.88	-4679.42	-3.46747	1.903751	0.03086875	0.200287	0.301832	0.254052	0.243829
5540	-4682.04	-4678.58	-3.46284	1.852514	0.03037795	0.219017	0.311876	0.233345	0.235762
5550	-4683.38	-4679.67	-3.71621	1.8965	0.02790732	0.219016	0.281892	0.262797	0.236295
5560	-4682.22	-4678.7	-3.52603	1.740865	0.02849381	0.221198	0.28508	0.248959	0.244763
5570	-4682.42	-4678.68	-3.73731	2.218141	0.03078282	0.211076	0.309545	0.228298	0.25108
5580	-4681.69	-4677.81	-3.88333	2.059801	0.02760401	0.209769	0.295762	0.254764	0.239705
5590	-4683.55	-4679.9	-3.64987	1.741423	0.02716461	0.202918	0.302943	0.234352	0.259787
5600	-4686.44	-4682.2	-4.23738	2.108072	0.02451955	0.198458	0.288186	0.25922	0.254136
5610	-4681.58	-4678.21	-3.37284	1.818733	0.03112654	0.208665	0.310929	0.239301	0.241105
5620	-4682.37	-4678.73	-3.64061	1.942484	0.02919348	0.215458	0.281403	0.248111	0.255028
5630	-4680.97	-4677.48	-3.49353	1.970073	0.03125605	0.20755	0.295321	0.249359	0.24777
5640	-4683.9	-4680.51	-3.38825	2.061598	0.03369615	0.199627	0.300327	0.236551	0.263496
5650	-4683.24	-4679.09	-4.14752	2.199501	0.02607697	0.217139	0.298024	0.234942	0.249895
5660	-4681.46	-4678.1	-3.36331	1.782539	0.03084612	0.210283	0.291237	0.243802	0.254678
5670	-4681.15	-4677.73	-3.42299	1.747555	0.02974493	0.218386	0.302453	0.239525	0.239636
5680	-4681.55	-4678.1	-3.45074	1.9394	0.03146722	0.213311	0.290969	0.238735	0.256985
5690	-4682.91	-4679.45	-3.46897	1.821723	0.02997865	0.212133	0.319	0.234127	0.234739
5700	-4682.51	-4679.29	-3.22066	1.779373	0.03265779	0.217583	0.308407	0.229122	0.244887
5710	-4681.44	-4677.87	-3.56824	1.788893	0.02849893	0.213432	0.311078	0.231776	0.243714
5720	-4683.89	-4680.15	-3.73663	1.576965	0.02484967	0.22307	0.288528	0.24841	0.239993
5730	-4682.47	-4679	-3.47147	1.65433	0.02823485	0.206452	0.304639	0.241006	0.247903
5740	-4684.42	-4680.62	-3.79635	2.370117	0.03156871	0.216291	0.305081	0.227976	0.250652
5750	-4680.82	-4676.95	-3.86615	1.929652	0.02663557	0.214362	0.302939	0.239758	0.242942
5760	-4684.13	-4680.92	-3.20225	1.78644	0.0329929	0.216926	0.281058	0.251861	0.250155
5770	-4681.5	-4677.95	-3.54884	1.866008	0.02949217	0.210294	0.29651	0.25617	0.237026
5780	-4682.74	-4679.11	-3.63371	1.57437	0.02580087	0.213891	0.298316	0.243156	0.244637
5790	-4681.06	-4677.26	-3.80715	1.981653	0.02771411	0.212169	0.293861	0.237585	0.256385
5800	-4683.45	-4679.68	-3.77828	1.732537	0.02579303	0.217906	0.311872	0.22595	0.244272
5810	-4680.91	-4677.16	-3.74431	1.912514	0.02775347	0.207797	0.306684	0.24203	0.243489
5820	-4683.81	-4680	-3.80399	2.185875	0.0296596	0.218862	0.310228	0.222843	0.248067
5830	-4680.58	-4676.95	-3.62594	1.916822	0.0291087	0.217903	0.297468	0.241398	0.243231
5840	-4684.11	-4680.42	-3.68075	1.609284	0.0256567	0.209594	0.295829	0.258516	0.236061
5850	-4682.9	-4678.83	-4.07206	2.071825	0.02578668	0.217891	0.288553	0.251919	0.241637
5860	-4683.16	-4679.19	-3.97206	2.106371	0.02707845	0.221153	0.307389	0.234462	0.236997
5870	-4682.56	-4678.86	-3.69492	2.028772	0.02941298	0.20795	0.298447	0.259201	0.234402
5880	-4681.36	-4677.74	-3.62115	1.995174	0.02994821	0.20294	0.306269	0.242968	0.247823
5890	-4681.21	-4677.59	-3.61661	1.954577	0.0295929	0.204191	0.295033	0.249761	0.251015
5900	-4683.12	-4679.8	-3.32361	1.948037	0.03325756	0.210455	0.294385	0.231223	0.263937
5910	-4685.35	-4681.37	-3.97958	1.954089	0.02571952	0.216541	0.321071	0.222829	0.239558
5920	-4683.04	-4679.6	-3.44054	1.685158	0.02889268	0.21797	0.300225	0.225386	0.256419
5930	-4683.69	-4679.51	-4.17434	2.288395	0.02652373	0.209113	0.29642	0.236578	0.25789
5940	-4682.18	-4678.3	-3.87327	1.883578	0.02616581	0.216004	0.306802	0.227486	0.249707
5950	-4681.37	-4677.81	-3.56539	2.083573	0.0315586	0.211173	0.298772	0.234001	0.256055
5960	-4680.71	-4677	-3.70998	1.945415	0.02843706	0.209679	0.300745	0.249156	0.24042
5970	-4684.51	-4680.92	-3.59904	1.849249	0.02874809	0.195581	0.304394	0.249536	0.250489
5980	-4680.67	-4676.98	-3.69127	1.936748	0.02856283	0.214694	0.306632	0.233605	0.245069
5990	-4682.12	-4678.2	-3.9216	1.80615	0.02505128	0.208712	0.294082	0.242978	0.254228
6000	-4684.4	-4680.72	-3.68055	2.071819	0.03000851	0.21486	0.289788	0.265562	0.229791
6010	-4682.77	-4678.84	-3.92654	1.740629	0.02447272	0.216409	0.294117	0.252798	0.236676
6020	-4681.56	-4677.9	-3.65188	2.076736	0.03040449	0.212332	0.289919	0.252322	0.245428
6030	-4680.92	-4677	-3.9181	1.935886	0.0261686	0.212395	0.301556	0.240989	0.24506
6040	-4683.57	-4680.24	-3.32828	1.956446	0.03329236	0.223129	0.293758	0.235262	0.24785
6050	-4681.8	-4677.88	-3.92386	2.199131	0.0284126	0.210508	0.298458	0.248657	0.242377
6060	-4684.74	-4681.26	-3.47075	1.952152	0.03135114	0.194225	0.303039	0.244322	0.258413
6070	-4681.62	-4677.74	-3.87782	1.781812	0.02526025	0.210254	0.298618	0.242991	0.248137
6080	-4681.18	-4677.28	-3.90222	1.876226	0.0258192	0.214305	0.303	0.237698	0.244997
6090	-4681.37	-4677.79	-3.57565	1.965977	0.03019664	0.214186	0.309902	0.240763	0.235149
6100	-4682.85	-4679.17	-3.67744	1.80399	0.02745793	0.221035	0.280321	0.251414	0.247229
6110	-4683.19	-4679.68	-3.51348	2.154997	0.03303065	0.202767	0.314166	0.240513	0.242554
6120	-4680.77	-4677.08	-3.6939	2.006125	0.02920352	0.208775	0.308656	0.239014	0.243556
6130	-4682.88	-4679.39	-3.48921	1.861228	0.03015043	0.199077	0.297131	0.248438	0.255354
6140	-4681.51	-4678.01	-3.5074	1.726658	0.02855987	0.206546	0.29952	0.242262	0.251672
6150	-4680.68	-4676.98	-3.70598	1.97932	0.0288061	0.213163	0.30032	0.247636	0.238881
6160	-4682.85	-4678.72	-4.13132	1.960562	0.02435778	0.214612	0.293683	0.252852	0.238853
6170	-4683.54	-4680.29	-3.24941	1.608926	0.03032285	0.217529	0.310748	0.228588	0.243135
6180	-4686.47	-4682.23	-4.245	2.305997	0.02596097	0.206212	0.290616	0.233772	0.2694
6190	-4681.1	-4677.5	-3.59405	1.896185	0.02927094	0.218062	0.291493	0.249153	0.241293
6200	-4683.42	-4679.76	-3.6546	2.331198	0.03304295	0.209753	0.310221	0.23689	0.243136
6210	-4682.44	-4678.67	-3.7668	1.657233	0.02525363	0.218717	0.289701	0.248116	0.243466
6220	-4680.83	-4677.38	-3.44997	1.855961	0.0305722	0.214996	0.300222	0.246221	0.238561
6230	-4681.66	-4677.61	-4.05155	1.963418	0.02511088	0.211748	0.29707	0.241146	0.250035
6240	-4684.4	-4680.6	-3.80508	1.730923	0.02552097	0.210031	0.305436	0.224785	0.259748
6250	-4682.79	-4679.01	-3.78222	2.033429	0.02846413	0.223306	0.298652	0.229489	0.248553
6260	-4684.96	-4681.48	-3.47471	2.222889	0.03435643	0.203629	0.286804	0.251012	0.258556
6270	-4683.44	-4680.01	-3.43309	2.193326	0.03461325	0.21224	0.307288	0.227972	0.252501
6280	-4681.74	-4677.77	-3.96165	2.02242	0.0264681	0.218746	0.301274	0.23964	0.240339
6290	-4686.27	-4682.68	-3.59534	1.917972	0.02947439	0.197488	0.296786	0.268639	0.237087
6300	-4683.55	-4679.95	-3.59766	1.993272	0.03021105	0.203808	0.305697	0.257453	0.233041
6310	-4680.98	-4677.35	-3.63606	2.059908	0.03042612	0.207438	0.308539	0.236029	0.247994
6320	-4683.78	-4680.43	-3.34987	1.768826	0.03086202	0.203365	0.287158	0.245833	0.263644
6330	-4684.45	-4680.48	-3.9679	2.362662	0.02939868	0.201559	0.308493	0.248034	0.241914
6340	-4689.13	-4685.31	-3.82197	2.59168	0.03351125	0.217119	0.316047	0.225948	0.240885
6350	-4687.09	-4684.19	-2.8952	1.810029	0.0379518	0.203853	0.294821	0.253569	0.247757
6360	-4681.46	-4677.6	-3.85477	1.888065	0.02638869	0.215522	0.294892	0.234993	0.254593
6370	-4680.96	-4677.44	-3.51716	1.768562	0.02887066	0.211293	0.304003	0.234261	0.250443
6380	-4682.38	-4678.9	-3.47579	2.010357	0.03192397	0.22017	0.30701	0.23718	0.23564
6390	-4680.45	-4676.84	-3.61627	1.796876	0.02804739	0.210938	0.298725	0.242927	0.247411
6400	-4682.88	-4679.13	-3.75325	2.330311	0.03171944	0.211826	0.306383	0.235852	0.245939
6410	-4682.02	-4678.77	-3.25317	1.889682	0.03353885	0.210502	0.293209	0.242766	0.253523
6420	-4682.16	-4678.19	-3.96771	2.170589	0.02768124	0.204353	0.302507	0.238177	0.254964
6430	-4682.62	-4678.71	-3.90948	1.774594	0.02490488	0.217971	0.284926	0.248039	0.249064
6440	-4680.58	-4676.93	-3.64916	1.792981	0.02765533	0.215066	0.300545	0.242863	0.241526
6450	-4683.58	-4679.41	-4.17638	2.175097	0.02560263	0.213822	0.295961	0.253315	0.236901
6460	-4680.36	-4676.57	-3.78518	1.98747	0.02800454	0.210519	0.299493	0.241575	0.248412
6470	-4680.97	-4677.47	-3.50233	1.886664	0.03025892	0.206959	0.294975	0.250945	0.247121
6480	-4683.06	-4679.45	-3.60396	1.672089	0.02699405	0.211118	0.28144	0.256636	0.250807
6490	-4683.22	-4679.31	-3.91165	1.867801	0.0256571	0.210518	0.294906	0.230786	0.263789
6500	-4681.38	-4677.74	-3.64387	1.877762	0.02852373	0.20937	0.286403	0.251265	0.252961
6510	-4683.02	-4679.82	-3.20245	1.853565	0.03381097	0.20247	0.299387	0.246048	0.252095
6520	-4683.8	-4680.13	-3.66405	1.836425	0.02790609	0.203888	0.280859	0.254068	0.261185
6530	-4683.75	-4680.59	-3.16033	1.725335	0.03282292	0.220322	0.301871	0.246774	0.231033
6540	-4681.73	-4678.25	-3.48126	2.069156	0.03250476	0.213208	0.302502	0.24608	0.23821
6550	-4681.87	-4678.61	-3.25521	1.821709	0.03269547	0.21788	0.300265	0.242283	0.239572
6560	-4681.63	-4677.9	-3.73147	1.76381	0.02653225	0.216381	0.298214	0.232468	0.252936
6570	-4681.59	-4678.04	-3.55394	2.017958	0.03100616	0.210174	0.288662	0.253204	0.247961
6580	-4682.18	-4678.38	-3.80508	2.195016	0.02973464	0.214949	0.297154	0.233209	0.254688
6590	-4681.6	-4678.22	-3.38366	1.836488	0.03118653	0.21159	0.290156	0.241138	0.257116
6600	-4683.22	-4679.81	-3.40969	1.874074	0.031272	0.225341	0.292895	0.245232	0.236532
6610	-4682.83	-4678.82	-4.0143	1.903783	0.02498107	0.21933	0.286179	0.252411	0.24208
6620	-4682.26	-4679.13	-3.13418	1.757084	0.03357499	0.21094	0.302243	0.239772	0.247045
6630	-4681.51	-4677.91	-3.60234	1.7778	0.02801539	0.219377	0.288703	0.241747	0.250173
6640	-4684.74	-4680.96	-3.77909	1.665007	0.02520435	0.203298	0.291246	0.259623	0.245833
6650	-4681.64	-4678.11	-3.52627	1.718269	0.02826707	0.208918	0.290939	0.253071	0.247072
6660	-4681.26	-4677.35	-3.90739	2.137532	0.02803965	0.212895	0.302867	0.241618	0.242621
6670	-4681.51	-4678.11	-3.39999	1.787686	0.03044987	0.20521	0.303755	0.240341	0.250695
6680	-4683.48	-4680.26	-3.22268	2.060466	0.03613539	0.208928	0.310131	0.232476	0.248465
6690	-4681.98	-4678.34	-3.64095	1.812423	0.02792812	0.204517	0.300824	0.252844	0.241815
6700	-4682.75	-4679.1	-3.64833	1.920449	0.02888877	0.222484	0.287903	0.253732	0.235881
6710	-4682.26	-4678.76	-3.50059	1.864338	0.0300462	0.220263	0.292427	0.2533	0.23401
6720	-4685.46	-4681.2	-4.25753	2.405807	0.02661995	0.206635	0.312918	0.236387	0.244061
6730	-4682.79	-4679.25	-3.54012	2.033123	0.03134195	0.213821	0.314847	0.222849	0.248483
6740	-4682.2	-4678.06	-4.14002	2.08964	0.02527824	0.211734	0.300278	0.244501	0.243486
6750	-4685.44	-4682.41	-3.03326	1.614437	0.03318709	0.22516	0.298084	0.231138	0.245618
6760	-4680.64	-4676.88	-3.7554	2.060298	0.02902044	0.207735	0.299532	0.241463	0.25127
6770	-4684.16	-4680.88	-3.2803	1.818524	0.03232191	0.199961	0.299399	0.257028	0.243612
6780	-4685.82	-4682	-3.82005	1.79821	0.02595457	0.227402	0.280497	0.26195	0.230151
6790	-4680.37	-4676.77	-3.59837	1.826172	0.02852901	0.21158	0.303009	0.24095	0.24446
6800	-4681.55	-4677.93	-3.61753	1.929804	0.02933457	0.216642	0.312004	0.23443	0.236924
6810	-4680.22	-4676.55	-3.67422	1.931952	0.02870789	0.213319	0.296107	0.243171	0.247403
6820	-4686.39	-4683.14	-3.24769	1.576087	0.02997942	0.204779	0.315796	0.244047	0.235378
6830	-4683.34	-4679.39	-3.95747	1.724655	0.02406903	0.215214	0.301126	0.231727	0.251934
6840	-4681.71	-4677.79	-3.91591	1.903319	0.02591449	0.206852	0.305615	0.240712	0.246821
6850	-4682.42	-4678.41	-4.01208	2.134206	0.02690252	0.218569	0.303729	0.236003	0.241699
6860	-4681.82	-4678.34	-3.4781	2.095773	0.03284643	0.208125	0.309533	0.240672	0.24167
6870	-4683.91	-4680.45	-3.46201	2.023638	0.03225266	0.207214	0.308689	0.22134	0.262757
6880	-4680.69	-4677.16	-3.52845	1.869475	0.02976747	0.211808	0.294434	0.251077	0.24268
6890	-4680.82	-4677.02	-3.79845	1.861978	0.02672883	0.213768	0.294362	0.249083	0.242787
6900	-4681.16	-4677.83	-3.32861	1.843451	0.0319729	0.210725	0.300782	0.246771	0.241722
6910	-4680.62	-4677.07	-3.55099	1.955007	0.03038223	0.208353	0.297238	0.248765	0.245645
6920	-4684.56	-4681.31	-3.24903	1.926719	0.03404962	0.222714	0.286979	0.245343	0.244964
6930	-4683.07	-4679.33	-3.7366	1.857471	0.02732846	0.212465	0.317735	0.236733	0.233067
6940	-4681.87	-4678.27	-3.59776	2.025602	0.03054258	0.221025	0.303723	0.235016	0.240236
6950	-4685.74	-4682.06	-3.6813	2.155878	0.0308482	0.217076	0.307768	0.214738	0.260417
6960	-4682.4	-4678.6	-3.79851	1.942075	0.02744659	0.223884	0.297628	0.243454	0.235034
6970	-4680.8	-4677.41	-3.39179	1.811502	0.03080985	0.210299	0.305294	0.23919	0.245217
6980	-4684.04	-4680.61	-3.4282	2.113221	0.03373814	0.218828	0.287477	0.245829	0.247866
6990	-4682.92	-4679.44	-3.48129	1.87057	0.03034472	0.218612	0.297636	0.224515	0.259238
7000	-4684.02	-4680.94	-3.08106	1.871856	0.03583864	0.214378	0.295498	0.24949	0.240634
7010	-4681.97	-4678.16	-3.80611	1.891181	0.02691008	0.209955	0.290522	0.259481	0.240041
7020	-4681.21	-4677.78	-3.42633	1.84412	0.03073632	0.218472	0.2944	0.237866	0.249262
7030	-4682.16	-4678.53	-3.62846	2.147393	0.03142658	0.216764	0.292604	0.245291	0.245341
7040	-4680.53	-4676.81	-3.71539	1.887379	0.02783087	0.208679	0.300533	0.23989	0.250898
7050	-4682.17	-4678.63	-3.54022	1.641748	0.02737162	0.218089	0.290206	0.252081	0.239624
7060	-4684.99	-4681.34	-3.64394	1.841483	0.02817333	0.226775	0.282531	0.234595	0.256098
7070	-4683.35	-4680.04	-3.31584	1.85914	0.03232186	0.221346	0.302805	0.224	0.251849
7080	-4687.62	-4684.19	-3.42907	2.380785	0.03697471	0.205983	0.304662	0.224221	0.265133
7090	-4682.78	-4678.93	-3.84739	1.825423	0.02592144	0.22021	0.283887	0.25569	0.240213
7100	-4683.86	-4680.19	-3.66563	1.731445	0.02690904	0.227769	0.294063	0.247569	0.230599
7110	-4681.75	-4677.8	-3.95261	2.040316	0.02671194	0.209054	0.30991	0.237855	0.243181
7120	-4683.62	-4680.51	-3.11022	1.955786	0.0365118	0.207246	0.307231	0.237769	0.247755
7130	-4686.09	-4682.46	-3.62859	1.689093	0.02689861	0.214114	0.268144	0.266819	0.250923
7140	-4682.19	-4678.58	-3.61328	2.18735	0.03204676	0.206064	0.29364	0.246015	0.254281
7150	-4682.34	-4678.41	-3.92918	1.900398	0.02576084	0.205554	0.290452	0.24755	0.256444
7160	-4681.59	-4677.98	-3.61517	1.87634	0.02883249	0.209986	0.314173	0.23246	0.243381
7170	-4683.48	-4680.03	-3.45687	1.844922	0.03036987	0.200996	0.308357	0.251852	0.238794
7180	-4681.67	-4678	-3.67119	2.066016	0.03006267	0.211016	0.313198	0.229499	0.246286
7190	-4682.88	-4679.31	-3.56942	1.834061	0.02893314	0.210327	0.288678	0.264984	0.236011
7200	-4682.11	-4678.64	-3.47467	2.113491	0.03309399	0.203541	0.306985	0.241614	0.24786
7210	-4681.71	-4678.3	-3.41414	1.949421	0.03205299	0.208751	0.309369	0.244428	0.237451
7220	-4680.78	-4677.1	-3.68059	2.021087	0.02950463	0.209076	0.292471	0.247201	0.251252
7230	-4682.67	-4678.8	-3.86829	2.194276	0.02899347	0.200913	0.307363	0.239656	0.252069
7240	-4681.78	-4677.97	-3.80728	1.717383	0.02538438	0.218129	0.293714	0.242917	0.245239
7250	-4685.12	-4682.04	-3.0876	1.938792	0.03663975	0.205093	0.291686	0.243173	0.260048
7260	-4683.35	-4679.28	-4.06533	2.257892	0.02739599	0.210086	0.291413	0.255486	0.243015
7270	-4680.45	-4676.96	-3.48921	1.788517	0.02939484	0.214378	0.301028	0.240519	0.244074
7280	-4683.13	-4679.9	-3.23739	1.85246	0.0333078	0.217857	0.289131	0.238415	0.254597
7290	-4681.32	-4677.92	-3.39867	1.883976	0.03152214	0.208165	0.291887	0.246501	0.253447
7300	-4681.97	-4678.64	-3.33392	1.977159	0.03345955	0.210455	0.30402	0.247058	0.238468
7310	-4682.47	-4678.78	-3.68486	1.886845	0.02815771	0.21449	0.315698	0.237266	0.232547
7320	-4682.83	-4679.37	-3.46316	1.628312	0.02806626	0.216327	0.292345	0.234011	0.257317
7330	-4681.36	-4677.71	-3.64844	1.771	0.02745613	0.20766	0.302054	0.247796	0.242491
7340	-4682.69	-4679	-3.69122	2.133673	0.0305003	0.208886	0.302166	0.254851	0.234097
7350	-4681.53	-4678.17	-3.3665	1.942908	0.03261234	0.213261	0.307682	0.230192	0.248865
7360	-4680.85	-4677.07	-3.77659	1.952653	0.02777679	0.206452	0.297308	0.248253	0.247987
7370	-4684.83	-4681.28	-3.54946	2.23854	0.03347298	0.216423	0.288217	0.25416	0.241199
7380	-4683.12	-4679.69	-3.43087	1.789192	0.03009183	0.222699	0.28832	0.234236	0.254745
7390	-4681.43	-4678.11	-3.31225	1.727928	0.03087651	0.21308	0.293369	0.242523	0.251028
7400	-4681.86	-4678.48	-3.37903	1.665473	0.02939496	0.213212	0.307466	0.239025	0.240296
7410	-4683.01	-4679.69	-3.32607	1.609668	0.0294191	0.206575	0.302324	0.24563	0.245471
7420	-4682.55	-4679.03	-3.5255	1.967676	0.03082893	0.221644	0.300676	0.245697	0.231983
7430	-4682.65	-4679.26	-3.39281	1.943336	0.03226575	0.207515	0.313017	0.226014	0.253454
7440	-4684.95	-4681.42	-3.5311	2.262429	0.03400376	0.208764	0.321126	0.230427	0.239683
7450	-4682.11	-4678.58	-3.52733	1.940082	0.03051524	0.21188	0.289601	0.259726	0.238793
7460	-4686.16	-4681.78	-4.3772	2.00429	0.02257917	0.213404	0.28417	0.262272	0.240154
7470	-4680.93	-4677.22	-3.7027	1.763876	0.02682537	0.215581	0.301176	0.237356	0.245886
7480	-4682.43	-4678.52	-3.91286	2.195151	0.02849897	0.217942	0.303932	0.238963	0.239163
7490	-4683.26	-4679.45	-3.80508	2.084393	0.02868523	0.218155	0.284562	0.239054	0.258229
7500	-4683.67	-4680.14	-3.52694	1.920119	0.03031091	0.220203	0.282266	0.260444	0.237087
7510	-4682.48	-4678.75	-3.73504	2.29406	0.03158251	0.207802	0.308417	0.237146	0.246636
7520	-4681.13	-4677.45	-3.68355	1.910047	0.02839314	0.211859	0.309817	0.230457	0.247868
7530	-4682.26	-4678.68	-3.58728	1.697889	0.02741162	0.217298	0.285222	0.255988	0.241492
7540	-4684.76	-4681.18	-3.58258	2.033413	0.0308111	0.207525	0.318986	0.218237	0.255252
7550	-4685.22	-4681.88	-3.33953	1.514107	0.02826465	0.226648	0.30076	0.242501	0.230091
7560	-4682.53	-4678.88	-3.64608	1.991905	0.02962004	0.206191	0.284338	0.259022	0.25045
7570	-4681.81	-4678.09	-3.7153	2.004853	0.02894604	0.218871	0.305665	0.227511	0.247953
7580	-4684.29	-4680.64	-3.64384	2.275306	0.0325848	0.199455	0.293847	0.250791	0.255908
7590	-4682.03	-4678.64	-3.39311	2.079946	0.03384394	0.205867	0.307171	0.23743	0.249531
7600	-4680.37	-4676.78	-3.5883	1.990233	0.03029325	0.213603	0.29917	0.242373	0.244854
7610	-4681.73	-4678.22	-3.51451	1.745471	0.02866861	0.212326	0.290021	0.257182	0.240471
7620	-4684.22	-4680.37	-3.85024	1.816797	0.0258198	0.220726	0.308928	0.245138	0.225207
7630	-4683.05	-4678.94	-4.10545	2.222057	0.02668125	0.208159	0.304753	0.232386	0.254702
7640	-4682.96	-4679.09	-3.8706	1.726989	0.02487217	0.210471	0.291986	0.239244	0.258299
7650	-4682.7	-4678.87	-3.83082	2.184614	0.02933396	0.209432	0.298972	0.255473	0.236124
7660	-4684.01	-4680.73	-3.27802	1.750225	0.03156174	0.20205	0.312664	0.244404	0.240882
7670	-4681.06	-4677.38	-3.67666	1.803209	0.02745892	0.208457	0.305666	0.239743	0.246134
7680	-4682.72	-4679.45	-3.2675	1.750906	0.03170524	0.218801	0.289518	0.237749	0.253932
7690	-4685.22	-4681.54	-3.68138	1.966636	0.02896282	0.229828	0.284912	0.239196	0.246064
7700	-4687.35	-4683.82	-3.5356	1.479517	0.02589532	0.233289	0.297946	0.235742	0.233022
7710	-4681.65	-4677.8	-3.84536	1.748281	0.02528545	0.213075	0.295363	0.241321	0.250241
7720	-4681.27	-4677.69	-3.57877	2.01464	0.03066254	0.214301	0.289681	0.248581	0.247437
7730	-4685.67	-4681.96	-3.71036	2.166456	0.03059588	0.197632	0.29463	0.234964	0.272774
7740	-4681.62	-4677.88	-3.73917	1.923552	0.02791134	0.221313	0.302719	0.239866	0.236102
7750	-4681.23	-4677.36	-3.86944	1.943657	0.02672426	0.217171	0.290947	0.246716	0.245166
7760	-4686.58	-4682.89	-3.68354	1.69854	0.02642687	0.205427	0.275397	0.274622	0.244555
7770	-4682.65	-4678.77	-3.87355	2.196226	0.02895161	0.202227	0.296789	0.252812	0.248172
7780	-4681.43	-4677.86	-3.57034	2.106475	0.03174005	0.211569	0.300718	0.247234	0.240479
7790	-4684.33	-4681.17	-3.15921	1.93032	0.03541682	0.220256	0.297375	0.245144	0.237225
7800	-4682.86	-4679.12	-3.73437	1.923819	0.02796582	0.212665	0.280951	0.244841	0.261542
7810	-4682.08	-4678.57	-3.51275	2.135803	0.0328253	0.206368	0.294863	0.243015	0.255754
7820	-4684.58	-4681.51	-3.06814	1.939455	0.0369598	0.209688	0.297982	0.250181	0.242149
7830	-4684.17	-4680.6	-3.56883	2.290374	0.03378549	0.216438	0.29411	0.243462	0.245989
7840	-4685.84	-4681.41	-4.42152	2.26385	0.02400963	0.210875	0.304386	0.23061	0.254129
7850	-4681.64	-4677.95	-3.69223	2.017805	0.0293369	0.21889	0.290238	0.240423	0.250449
7860	-4681.69	-4678.4	-3.28715	1.661703	0.03044959	0.212043	0.299934	0.240282	0.247741
7870	-4681.6	-4678.32	-3.28081	1.800089	0.03210049	0.208455	0.307316	0.240368	0.243861
7880	-4682.45	-4678.97	-3.47835	1.793481	0.02957304	0.223911	0.288302	0.242231	0.245556
7890	-4681.65	-4678	-3.64722	2.065523	0.03034729	0.203157	0.307324	0.236061	0.253458
7900	-4681.7	-4678.36	-3.34778	1.8932	0.03229057	0.216435	0.30961	0.233011	0.240943
7910	-4681.12	-4677.63	-3.49084	2.069433	0.03237978	0.21046	0.305323	0.236071	0.248145
7920	-4682.86	-4679.07	-3.79433	2.042742	0.02841651	0.222619	0.287553	0.241218	0.24861
7930	-4681.44	-4678.01	-3.42918	1.903896	0.03135257	0.21783	0.29769	0.232749	0.251731
7940	-4686.85	-4683.64	-3.20256	1.750881	0.03256076	0.218543	0.322882	0.215487	0.243089
7950	-4683.93	-4680.36	-3.57453	1.868749	0.02922155	0.202085	0.282255	0.261737	0.253923
7960	-4687.04	-4682.63	-4.41291	2.209283	0.02370077	0.208987	0.313281	0.244944	0.232788
7970	-4685.52	-4682.57	-2.94266	1.792265	0.0369179	0.208457	0.312265	0.240351	0.238927
7980	-4683.35	-4679.67	-3.68003	1.897419	0.02831143	0.226401	0.285801	0.24393	0.243868
7990	-4681.75	-4677.9	-3.85588	2.192555	0.02911954	0.206199	0.306086	0.235752	0.251963
8000	-4681.74	-4678.14	-3.60244	2.126214	0.03153654	0.212953	0.293361	0.238848	0.254838
8010	-4682.66	-4679.5	-3.15815	1.900858	0.03505157	0.213225	0.30112	0.243466	0.242189
8020	-4682.17	-4678.4	-3.76857	1.83401	0.02678446	0.221773	0.306806	0.231932	0.239489
8030	-4682.42	-4678.96	-3.45771	2.079625	0.03294122	0.208812	0.291188	0.240702	0.259299
8040	-4681.3	-4677.96	-3.3392	1.940224	0.03295128	0.21238	0.305447	0.23398	0.248193
8050	-4681.96	-4678.04	-3.92261	2.134227	0.02784516	0.208982	0.291484	0.25414	0.245394
8060	-4680.78	-4677.17	-3.61348	1.940048	0.02948397	0.215201	0.308124	0.233662	0.243013
8070	-4682.72	-4679.14	-3.58192	1.868642	0.02913543	0.205689	0.285416	0.245378	0.263517
8080	-4680.95	-4677.62	-3.33367	1.780496	0.03119513	0.213572	0.301767	0.242303	0.242358
8090	-4682.48	-4679.05	-3.42454	1.625779	0.02846609	0.220293	0.301339	0.243926	0.234443
8100	-4683.49	-4680.34	-3.1561	1.968876	0.03596898	0.211646	0.297645	0.247738	0.242971
8110	-4681.05	-4677.63	-3.41362	1.796922	0.03038319	0.218461	0.295114	0.240445	0.245979
8120	-4681.79	-4678.45	-3.33902	1.718187	0.03043858	0.216232	0.295886	0.234202	0.253679
8130	-4683.42	-4679.63	-3.79238	1.998331	0.0280264	0.209286	0.279945	0.247421	0.263348
8140	-4682.18	-4678.61	-3.57633	2.077352	0.03135241	0.216562	0.308633	0.226413	0.248392
8150	-4682.88	-4679.1	-3.78522	2.06093	0.02868846	0.224013	0.301794	0.238137	0.236056
8160	-4683.21	-4679.68	-3.53063	2.109905	0.03229803	0.219979	0.308872	0.236559	0.234589
8170	-4682.55	-4678.71	-3.83973	2.116759	0.02859765	0.207145	0.31637	0.233756	0.242729
8180	-4683.03	-4679.69	-3.34616	2.028995	0.03390493	0.200552	0.300408	0.243298	0.255743
8190	-4685.8	-4682.33	-3.47106	2.161754	0.03369723	0.193609	0.299376	0.246945	0.260069
8200	-4682.83	-4678.85	-3.98237	1.94591	0.02562522	0.204475	0.296421	0.23866	0.260444
8210	-4684.34	-4680.54	-3.80204	1.939422	0.02738532	0.225735	0.280053	0.252411	0.241801
8220	-4681.68	-4678.25	-3.42924	1.984311	0.03224613	0.208769	0.30126	0.231666	0.258306
8230	-4683.01	-4678.8	-4.21083	2.071634	0.0244858	0.216763	0.295044	0.241225	0.246968
8240	-4683.43	-4680.16	-3.27349	1.911194	0.03351456	0.206335	0.304499	0.254095	0.235071
8250	-4680.6	-4677	-3.60409	1.793197	0.02814502	0.210219	0.302172	0.243192	0.244417
8260	-4683.09	-4679.78	-3.31033	2.028224	0.03441051	0.209601	0.313541	0.227071	0.249786
8270	-4680.69	-4677.29	-3.39674	1.926584	0.03202442	0.210931	0.301942	0.240278	0.24685
8280	-4683.94	-4680.43	-3.50377	1.751084	0.02884624	0.210694	0.308656	0.221076	0.259573
8290	-4684.83	-4680.89	-3.94346	2.062711	0.02699835	0.209717	0.322386	0.22416	0.243738
8300	-4681.48	-4678.03	-3.45444	2.002552	0.03211744	0.203669	0.30244	0.240897	0.252994
8310	-4682.75	-4679.17	-3.57787	2.09119	0.03147972	0.201118	0.313405	0.24027	0.245207
8320	-4684.85	-4681.48	-3.37335	1.708174	0.0299158	0.230867	0.292462	0.234182	0.242489
8330	-4681.82	-4677.98	-3.83799	1.78044	0.02562804	0.213694	0.299827	0.233632	0.252847
8340	-4681.91	-4678.18	-3.72953	2.108298	0.02978625	0.207968	0.314055	0.23747	0.240507
8350	-4685.24	-4682.24	-2.99762	1.700245	0.03480787	0.208449	0.313653	0.241424	0.236474
8360	-4681.67	-4677.92	-3.74903	2.004806	0.02856502	0.21133	0.307751	0.24704	0.233879
8370	-4681.57	-4678.11	-3.46154	1.942259	0.03136057	0.208766	0.309208	0.22905	0.252976
8380	-4680.77	-4677.33	-3.43763	1.778734	0.02990014	0.210602	0.29789	0.239682	0.251826
8390	-4681.22	-4677.58	-3.64241	2.132605	0.03109547	0.207377	0.302114	0.245859	0.244649
8400	-4682.36	-4678.26	-4.10906	2.184113	0.02633414	0.209731	0.296128	0.248619	0.245522
8410	-4684.98	-4681.33	-3.65137	1.880665	0.0284683	0.227907	0.295254	0.251951	0.224887
8420	-4685.81	-4682.12	-3.69193	2.228756	0.03146285	0.226838	0.303512	0.229623	0.240027
8430	-4681.95	-4678.38	-3.56691	2.080882	0.03151028	0.214839	0.312362	0.233206	0.239593
8440	-4680.62	-4677.02	-3.60296	1.939532	0.02960209	0.211393	0.308355	0.234158	0.246093
8450	-4682.32	-4679.04	-3.28713	1.678714	0.03063904	0.209073	0.297282	0.23748	0.256165
8460	-4681.69	-4678	-3.68508	1.90568	0.0283345	0.212777	0.307866	0.246874	0.232483
8470	-4682.76	-4679.56	-3.20308	1.950292	0.03501519	0.207564	0.307351	0.233065	0.252019
8480	-4684.96	-4681.01	-3.94917	1.933659	0.02584487	0.207104	0.304892	0.222762	0.265242
8490	-4682.88	-4679.14	-3.74038	1.964709	0.02828306	0.217436	0.305532	0.221615	0.255417
8500	-4683.41	-4679.88	-3.53284	1.77605	0.02876845	0.206606	0.292308	0.264779	0.236306
8510	-4682.13	-4678.01	-4.12353	2.105425	0.02555972	0.212596	0.299472	0.244909	0.243023
8520	-4682.44	-4678.72	-3.7142	1.799916	0.02703555	0.206616	0.286326	0.258603	0.248454
8530	-4685.18	-4681	-4.18038	2.025811	0.02441404	0.225744	0.291912	0.247869	0.234475
8540	-4685.4	-4681.23	-4.16887	1.844844	0.02316567	0.205907	0.282879	0.254924	0.256291
8550	-4684.68	-4681.15	-3.52995	2.123306	0.03245469	0.204035	0.312914	0.22158	0.261471
8560	-4683.78	-4679.73	-4.05267	2.427148	0.02900298	0.206526	0.303048	0.242151	0.248275
8570	-4683.16	-4679.39	-3.77377	1.802651	0.02645243	0.208245	0.291915	0.263389	0.236451
8580	-4680.61	-4676.87	-3.74367	1.823504	0.02694552	0.211879	0.300739	0.239969	0.247414
8590	-4682.26	-4678.76	-3.49652	1.602964	0.02745848	0.220394	0.29351	0.2429	0.243196
8600	-4685.25	-4681.82	-3.42986	1.981682	0.03220831	0.224326	0.308452	0.242776	0.224446
8610	-4681.15	-4677.63	-3.51724	1.953581	0.03078221	0.212663	0.293168	0.237332	0.256837
8620	-4687.19	-4684.17	-3.02077	1.829306	0.03619738	0.202474	0.322727	0.234909	0.23989
8630	-4681.23	-4677.93	-3.29492	1.800011	0.03191454	0.213079	0.295338	0.245504	0.246079
8640	-4683.77	-4680.65	-3.12188	1.755683	0.03373047	0.216478	0.30961	0.225024	0.248888
8650	-4682.08	-4678.14	-3.94271	2.257793	0.02873201	0.206484	0.304252	0.24148	0.247784
8660	-4681.6	-4677.75	-3.84908	1.741073	0.02518984	0.214128	0.296821	0.242187	0.246864
8670	-4681.5	-4678.11	-3.39644	1.784186	0.03045547	0.206817	0.29283	0.248522	0.251832
8680	-4686.65	-4683	-3.64813	1.862043	0.0283247	0.221813	0.310986	0.250838	0.216363
8690	-4681.11	-4677.29	-3.81791	1.865596	0.02656323	0.216304	0.304555	0.234778	0.244363
8700	-4682.46	-4678.46	-4.00137	2.091976	0.02665489	0.209719	0.290152	0.257211	0.242918
8710	-4680.43	-4676.99	-3.4385	1.895029	0.03113736	0.211999	0.30066	0.241385	0.245955
8720	-4683.45	-4679.79	-3.65815	2.196634	0.03156197	0.215668	0.302561	0.224542	0.257229
8730	-4686.21	-4682.82	-3.39295	1.415245	0.02671103	0.212815	0.28491	0.249802	0.252473
8740	-4680.48	-4676.97	-3.50952	1.893542	0.03024406	0.21456	0.304527	0.235633	0.24528
8750	-4682.11	-4678.83	-3.27892	1.981344	0.03429117	0.21302	0.307456	0.237498	0.242025
8760	-4681.86	-4677.93	-3.9357	1.999874	0.02653775	0.214211	0.288837	0.241173	0.25578
8770	-4682.66	-4679.32	-3.33998	1.883446	0.03228196	0.220016	0.311382	0.230911	0.237691
8780	-4683.15	-4679.37	-3.78243	1.885254	0.0271019	0.207043	0.317097	0.229379	0.246481
8790	-4681.1	-4677.53	-3.57724	1.980741	0.03032968	0.21465	0.289594	0.244959	0.250797
8800	-4682.28	-4678.88	-3.40298	1.98218	0.03257224	0.216305	0.312915	0.230269	0.240511
8810	-4681.32	-4677.73	-3.59236	1.999382	0.03033807	0.211722	0.303877	0.24894	0.23546
8820	-4681.76	-4678.45	-3.30945	1.986471	0.03391582	0.212663	0.299305	0.243386	0.244646
8830	-4681.23	-4677.38	-3.85379	2.15709	0.02881305	0.206894	0.299112	0.243593	0.250401
8840	-4682.53	-4678.4	-4.12773	1.907722	0.02398711	0.21425	0.294387	0.241295	0.250067
8850	-4680.83	-4677.08	-3.75872	2.01371	0.02854082	0.21538	0.294228	0.247563	0.242829
8860	-4685.23	-4681.47	-3.7654	1.621223	0.02495977	0.212954	0.298149	0.226813	0.262084
8870	-4681.54	-4677.8	-3.73208	2.039743	0.02909028	0.205889	0.312182	0.236871	0.245058
8880	-4682.99	-4679.52	-3.47507	2.175764	0.03380252	0.203954	0.302143	0.249596	0.244306
8890	-4682.63	-4678.85	-3.7779	2.219626	0.03029952	0.20833	0.289745	0.254232	0.247693
8900	-4687.7	-4684.82	-2.88054	1.595593	0.03513273	0.217238	0.310362	0.220879	0.251521
8910	-4682.06	-4678.44	-3.62012	2.169863	0.03177109	0.211753	0.307516	0.242955	0.237777
8920	-4681.96	-4678.44	-3.52465	1.855227	0.02966582	0.213081	0.282731	0.250601	0.253587
8930	-4682.8	-4678.78	-4.01958	2.141526	0.02688738	0.206765	0.287403	0.250549	0.255284
8940	-4681.23	-4677.61	-3.62104	1.74076	0.02746121	0.212761	0.290267	0.251807	0.245165
8950	-4686.83	-4682.94	-3.88457	2.420578	0.03095061	0.204342	0.321194	0.223037	0.251427
8960	-4685.36	-4682.16	-3.20177	1.890135	0.03427535	0.209489	0.297447	0.262879	0.230184
8970	-4681.55	-4678.15	-3.40526	1.949901	0.03217536	0.205106	0.296481	0.242555	0.255858
8980	-4682.74	-4679.56	-3.18681	1.863404	0.03415651	0.217096	0.297989	0.245724	0.23919
8990	-4680.7	-4676.99	-3.70518	1.989434	0.02891255	0.210033	0.306706	0.233775	0.249487
9000	-4683.1	-4679.22	-3.88296	2.057818	0.02759026	0.213445	0.280621	0.248457	0.257477
9010	-4684.16	-4681.02	-3.13694	1.689532	0.03270376	0.211816	0.295094	0.258667	0.234423
9020	-4683.75	-4679.81	-3.94601	2.039823	0.02677514	0.206344	0.287704	0.265615	0.240336
9030	-4682.92	-4679.2	-3.71922	2.123462	0.0300587	0.215122	0.283069	0.248436	0.253373
9040	-4684.62	-4681.04	-3.57803	1.981639	0.03032934	0.227767	0.293328	0.228607	0.250298
9050	-4681.24	-4677.92	-3.31429	1.820628	0.03189859	0.216038	0.295474	0.241622	0.246865
9060	-4683.58	-4680.2	-3.38074	1.766591	0.03045671	0.225688	0.288094	0.249673	0.236545
9070	-4685.99	-4682.22	-3.77739	1.667928	0.02524525	0.228126	0.278566	0.241648	0.251659
9080	-4680.47	-4676.72	-3.75451	1.980082	0.02827157	0.21453	0.302737	0.240178	0.242554
9090	-4684.45	-4681.05	-3.40129	2.214853	0.0353459	0.204919	0.295507	0.237091	0.262483
9100	-4681.18	-4677.44	-3.73976	1.945708	0.02811165	0.219284	0.29207	0.245806	0.24284
9110	-4681.15	-4677.45	-3.69558	1.898514	0.02815087	0.217249	0.299921	0.247717	0.235114
9120	-4683.19	-4679.26	-3.9281	2.365268	0.0298913	0.20553	0.302942	0.245949	0.245579
9130	-4680.8	-4677.34	-3.46834	1.763463	0.02937928	0.211438	0.295052	0.241602	0.251908
9140	-4684.42	-4680.31	-4.10878	1.896024	0.02406499	0.216076	0.286611	0.235845	0.261468
9150	-4684.74	-4681.01	-3.73105	2.232799	0.03100873	0.200483	0.306431	0.227542	0.265544
9160	-4680.6	-4676.92	-3.68755	2.038802	0.0295978	0.208006	0.297495	0.241858	0.252641
9170	-4685.49	-4681.55	-3.94172	1.859736	0.02530313	0.22667	0.302354	0.221073	0.249902
9180	-4684.05	-4679.74	-4.30444	2.191389	0.02453191	0.209982	0.307217	0.237906	0.244895
9190	-4683.67	-4679.77	-3.89311	2.13667	0.02818807	0.224282	0.295373	0.243664	0.236681
9200	-4683.15	-4679.24	-3.90887	2.00546	0.02685886	0.205904	0.282841	0.252194	0.259061
9210	-4680.96	-4677.17	-3.78601	2.060264	0.02867332	0.206768	0.302371	0.237318	0.253543
9220	-4683.12	-4679.95	-3.171	1.951245	0.03550992	0.214743	0.305493	0.231539	0.248225
9230	-4681.08	-4677.33	-3.74654	1.801255	0.0267155	0.211616	0.303999	0.235702	0.248683
9240	-4684.3	-4680.49	-3.81354	2.076248	0.02851454	0.20442	0.281318	0.247213	0.267049
9250	-4684.83	-4681.45	-3.38352	1.886404	0.03174466	0.218674	0.320942	0.219141	0.241243
9260	-4686.21	-4683.29	-2.92163	1.906187	0.03892846	0.210919	0.310081	0.237839	0.241162
9270	-4682.11	-4678.13	-3.98574	1.97376	0.02582251	0.208858	0.309532	0.234755	0.246856
9280	-4681.22	-4677.57	-3.65217	1.882399	0.02847611	0.213467	0.296938	0.253688	0.235907
9290	-4680.54	-4676.93	-3.61581	1.946449	0.02952083	0.217294	0.299117	0.239909	0.24368
9300	-4681.59	-4678.07	-3.51388	1.720361	0.02842484	0.21117	0.303645	0.24799	0.237195
9310	-4683.61	-4680.07	-3.53982	1.645883	0.02741546	0.211435	0.279424	0.258589	0.250553
9320	-4684.02	-4680.32	-3.70253	2.318619	0.03226229	0.216575	0.296433	0.247094	0.239897
9330	-4680.61	-4676.88	-3.73369	1.864791	0.02742627	0.215027	0.302549	0.235543	0.24688
9340	-4680.94	-4677.12	-3.81747	2.103463	0.02872396	0.21482	0.300851	0.239309	0.24502
9350	-4680.7	-4677.21	-3.483	1.924901	0.03090237	0.208009	0.300839	0.246886	0.244267
9360	-4682.09	-4678.28	-3.81507	2.203233	0.02969553	0.210875	0.289943	0.246471	0.25271
9370	-4687.33	-4684.15	-3.17774	2.125386	0.03772346	0.221877	0.304555	0.225282	0.248286
9380	-4680.97	-4677.33	-3.63899	2.064689	0.03043915	0.216253	0.297858	0.241507	0.244382
9390	-4681.99	-4678.2	-3.78468	2.038446	0.02848364	0.208916	0.284982	0.253671	0.252431
9400	-4684.15	-4680.49	-3.65861	1.77471	0.02738342	0.214529	0.319934	0.235468	0.230069
9410	-4685.86	-4681.75	-4.10829	2.085648	0.02554847	0.208003	0.320932	0.223814	0.247251
9420	-4683.26	-4679.98	-3.28298	1.805239	0.03213169	0.206529	0.285074	0.256316	0.252082
9430	-4681.66	-4678.15	-3.50804	1.914655	0.03048392	0.210231	0.315164	0.232798	0.241806
9440	-4686.18	-4682	-4.17603	2.322194	0.02677977	0.211418	0.278511	0.253116	0.256954
9450	-4682.94	-4679.54	-3.39689	1.746635	0.03004607	0.20688	0.293122	0.235907	0.264091
9460	-4682.14	-4678.74	-3.40157	1.687382	0.02936331	0.222196	0.302798	0.233918	0.241088
9470	-4680.7	-4677	-3.69671	1.946395	0.02859441	0.213362	0.307039	0.240382	0.239216
9480	-4683.68	-4679.98	-3.69449	2.024373	0.02937496	0.196814	0.298712	0.242388	0.262085
9490	-4682.83	-4679.08	-3.75102	2.330386	0.0317491	0.208067	0.296795	0.243934	0.251204
9500	-4682.59	-4679.11	-3.47763	1.622395	0.02785061	0.222509	0.289949	0.242558	0.244984
9510	-4681.32	-4677.58	-3.74519	2.032622	0.02887246	0.212751	0.2914	0.238511	0.257338
9520	-4684.34	-4680.66	-3.68445	1.692505	0.02636332	0.218935	0.317075	0.228139	0.23585
9530	-4682.45	-4678.94	-3.51203	2.162663	0.0331368	0.209679	0.312785	0.235506	0.242029
9540	-4682.86	-4679.32	-3.53856	1.993313	0.03093786	0.219867	0.310135	0.239722	0.230277
9550	-4681.65	-4678.06	-3.59116	1.988171	0.03023732	0.220742	0.304162	0.232493	0.242602
9560	-4681.85	-4678	-3.84331	2.035393	0.02781355	0.215411	0.291749	0.23544	0.2574
9570	-4681.2	-4677.33	-3.87387	2.074176	0.02783407	0.211077	0.304712	0.244616	0.239595
9580	-4684.13	-4680.96	-3.16463	1.562805	0.03084276	0.213223	0.309851	0.24018	0.236746
9590	-4681.51	-4677.83	-3.67887	2.108921	0.03040141	0.204291	0.29948	0.239186	0.257042
9600	-4680.82	-4676.95	-3.86849	2.040602	0.02759066	0.21378	0.302775	0.23715	0.246295
9610	-4681.14	-4677.26	-3.87384	2.031129	0.02744942	0.209998	0.302195	0.234111	0.253697
9620	-4682.87	-4679.48	-3.39504	1.723556	0.02982193	0.220984	0.311592	0.22783	0.239593
9630	-4683.6	-4679.92	-3.67686	2.124264	0.03058133	0.196544	0.302979	0.242279	0.258198
9640	-4682.11	-4678.52	-3.58859	1.95621	0.02994118	0.201143	0.308568	0.244619	0.245671
9650	-4683.88	-4680.75	-3.12261	1.682522	0.03281211	0.208455	0.299514	0.232555	0.259476
9660	-4681.11	-4677.42	-3.69136	1.726644	0.02660251	0.215193	0.297009	0.239376	0.248422
9670	-4682.2	-4678.16	-4.04162	2.059562	0.02598365	0.219157	0.297722	0.238305	0.244816
9680	-4681.35	-4677.51	-3.84657	2.073162	0.02812132	0.215473	0.30021	0.246449	0.237868
9690	-4680.59	-4677.08	-3.51057	1.912657	0.03043194	0.207719	0.305214	0.238728	0.248338
9700	-4682.96	-4679.42	-3.54365	2.101875	0.03203836	0.219768	0.289646	0.245057	0.245529
9710	-4682.42	-4678.83	-3.59552	1.856119	0.02885567	0.215396	0.280127	0.25099	0.253487
9720	-4683.52	-4679.78	-3.73847	1.808244	0.02686103	0.225277	0.282132	0.250837	0.241755
9730	-4680.77	-4677.2	-3.56117	1.903423	0.02972845	0.209489	0.301498	0.233932	0.255081
9740	-4683.26	-4680	-3.26352	1.723237	0.03143848	0.204568	0.290208	0.247125	0.258099
9750	-4682.85	-4679.22	-3.63228	1.931327	0.02917919	0.200159	0.30109	0.255389	0.243363
9760	-4681.51	-4677.61	-3.90279	2.03648	0.0271925	0.206658	0.292028	0.250018	0.251297
9770	-4681.41	-4677.95	-3.45638	1.912152	0.03109832	0.218365	0.292019	0.246451	0.243164
9780	-4681.88	-4678.3	-3.57884	1.701439	0.02753484	0.212409	0.291394	0.256089	0.240108
9790	-4680.93	-4677.4	-3.52259	1.792379	0.02904912	0.210824	0.294372	0.239541	0.255263
9800	-4682.79	-4679.33	-3.45895	1.867965	0.03059028	0.199935	0.296515	0.244475	0.259075
9810	-4681.54	-4678.15	-3.38669	1.750907	0.03021471	0.214306	0.306697	0.230104	0.248894
9820	-4684.81	-4681.25	-3.55825	2.175826	0.03265382	0.205814	0.284014	0.242939	0.267232
9830	-4684.55	-4680.58	-3.97642	2.367157	0.0293408	0.213261	0.285876	0.247446	0.253417
9840	-4682.72	-4679.19	-3.52905	1.859558	0.02965841	0.215613	0.285397	0.236821	0.262169
9850	-4684.6	-4681.4	-3.19321	1.66141	0.03162524	0.211744	0.290704	0.263555	0.233997
9860	-4682.69	-4679.05	-3.64279	1.803883	0.02782701	0.205182	0.295338	0.260127	0.239353
9870	-4682.93	-4679.22	-3.702	1.87987	0.02790521	0.202668	0.314434	0.239871	0.243027
9880	-4680.81	-4677.2	-3.604	1.946555	0.02966055	0.208569	0.309018	0.240365	0.242048
9890	-4684.02	-4680.17	-3.84848	1.931826	0.02683474	0.200999	0.285699	0.2619	0.251402
9900	-4683.11	-4679.41	-3.69342	1.829099	0.02752253	0.222771	0.308353	0.240256	0.22862
9910	-4682.8	-4679.33	-3.47666	1.975946	0.03153496	0.208383	0.308108	0.251832	0.231677
9920	-4683.17	-4679.63	-3.54159	2.240084	0.03360067	0.20294	0.297798	0.244541	0.254721
9930	-4683.48	-4679.56	-3.91929	2.333772	0.029701	0.213931	0.29393	0.249906	0.242232
9940	-4681.19	-4677.8	-3.39538	1.694152	0.0295066	0.211985	0.295224	0.244864	0.247928
9950	-4681.74	-4678.04	-3.70067	2.09158	0.02996472	0.203641	0.296878	0.240384	0.259097
9960	-4682.45	-4678.6	-3.85278	2.2724	0.02991019	0.207837	0.293525	0.249674	0.248964
9970	-4683.44	-4679.9	-3.53757	2.234046	0.03358871	0.207362	0.30916	0.245735	0.237743
9980	-4684.61	-4681.11	-3.50363	1.552794	0.02690133	0.213045	0.284309	0.263929	0.238717
9990	-4682.1	-4678.65	-3.44953	1.95668	0.03167285	0.21295	0.304009	0.250523	0.232518
10000	-4683.2	-4679.35	-3.84635	2.234109	0.02962171	0.208585	0.286449	0.24547	0.259496
