Iteration	Posterior	Likelihood	Prior	extinction[1]	extinction[2]	extinction[3]	extinction[4]	extinction[5]	extinction[6]	extinction[7]
0	-21163.38	-21071.09	-92.2909	73.4678	78.0334	11.0909	51.9928	10.6895	21.1748	98.0626
10	-5826.711	-5734.42	-92.2909	68.2079	78.0334	13.6261	34.2084	10.6895	15.7489	93.7102
20	-5651.304	-5559.013	-92.2909	93.1466	78.0334	13.6261	28.9676	10.6895	15.7489	83.0051
30	-5507.206	-5414.915	-92.2909	93.1466	78.0334	13.6261	28.9676	13.9597	15.7489	83.0051
40	-5392.085	-5299.794	-92.2909	93.1466	66.6012	13.6261	21.0337	13.9597	15.1903	83.0051
50	-5365.056	-5272.765	-92.2909	93.1466	66.6012	13.6261	13.8862	13.9597	15.1903	83.0051
60	-5299.982	-5207.691	-92.2909	71.0166	66.6012	13.6261	13.8862	13.9597	15.1903	83.0051
70	-5299.982	-5207.691	-92.2909	71.0166	66.6012	13.6261	13.8862	13.9597	15.1903	83.0051
80	-5299.982	-5207.691	-92.2909	71.0166	66.6012	13.6261	13.8862	13.9597	15.1903	83.0051
90	-5299.982	-5207.691	-92.2909	71.0166	66.6012	13.6261	13.8862	13.9597	15.1903	83.0051
100	-5299.982	-5207.691	-92.2909	71.0166	66.6012	13.6261	13.8862	13.9597	15.1903	83.0051
110	-5298.868	-5206.577	-92.2909	71.0166	58.4601	13.6261	13.8862	13.9597	15.1903	83.0051
120	-5296.29	-5203.999	-92.2909	71.0166	58.4601	13.6261	13.8862	13.9597	15.1903	83.0051
130	-5291.469	-5199.178	-92.2909	71.0166	58.4601	13.6261	13.8862	13.9597	15.1903	83.0051
140	-5291.197	-5198.906	-92.2909	71.0166	58.4601	13.6261	13.8862	13.9597	15.1903	83.0051
150	-5291.197	-5198.906	-92.2909	71.0166	58.4601	13.6261	13.8862	13.9597	15.1903	83.0051
160	-5291.197	-5198.906	-92.2909	71.0166	58.4601	13.6261	13.8862	13.9597	15.1903	83.0051
170	-5291.197	-5198.906	-92.2909	71.0166	58.4601	13.6261	13.8862	13.9597	15.1903	83.0051
180	-5291.197	-5198.906	-92.2909	71.0166	58.4601	13.6261	13.8862	13.9597	15.1903	83.0051
190	-5291.889	-5199.598	-92.2909	71.0166	58.4601	13.6261	13.8862	13.9597	15.1903	83.0051
200	-5291.889	-5199.598	-92.2909	71.0166	58.4601	13.6261	13.8862	13.9597	15.1903	83.0051
210	-5291.889	-5199.598	-92.2909	71.0166	58.4601	13.6261	13.8862	13.9597	15.1903	83.0051
220	-5291.889	-5199.598	-92.2909	71.0166	58.4601	13.6261	13.8862	13.9597	15.1903	83.0051
230	-5291.889	-5199.598	-92.2909	71.0166	58.4601	13.6261	13.8862	13.9597	15.1903	83.0051
240	-5291.889	-5199.598	-92.2909	71.0166	58.4601	13.6261	13.8862	13.9597	15.1903	83.0051
250	-5291.504	-5199.213	-92.2909	71.0166	58.4601	13.6261	13.8862	13.9597	15.1903	83.0051
260	-5291.504	-5199.213	-92.2909	71.0166	58.4601	13.6261	13.8862	13.9597	15.1903	83.0051
270	-5291.504	-5199.213	-92.2909	71.0166	58.4601	13.6261	13.8862	13.9597	15.1903	83.0051
280	-5305.779	-5200.458	-105.3204	71.0166	58.4601	13.6261	13.8862	13.9597	15.1903	83.0051	82.9362
290	-5305.779	-5200.458	-105.3204	71.0166	58.4601	13.6261	13.8862	13.9597	15.1903	83.0051	82.9362
300	-5036.828	-4931.507	-105.3204	71.0166	58.4601	13.6261	13.8862	13.9597	15.1903	65.6424	82.9362
310	-5036.828	-4931.507	-105.3204	71.0166	58.4601	13.6261	13.8862	13.9597	15.1903	65.6424	82.9362
320	-5036.828	-4931.507	-105.3204	71.0166	58.4601	13.6261	13.8862	13.9597	15.1903	65.6424	82.9362
330	-5036.828	-4931.507	-105.3204	71.0166	58.4601	13.6261	13.8862	13.9597	15.1903	65.6424	82.9362
340	-5036.828	-4931.507	-105.3204	71.0166	58.4601	13.6261	13.8862	13.9597	15.1903	65.6424	82.9362
350	-5036.828	-4931.507	-105.3204	71.0166	58.4601	13.6261	13.8862	13.9597	15.1903	65.6424	82.9362
360	-5036.828	-4931.507	-105.3204	71.0166	58.4601	13.6261	13.8862	13.9597	15.1903	65.6424	82.9362
370	-5036.828	-4931.507	-105.3204	71.0166	58.4601	13.6261	13.8862	13.9597	15.1903	65.6424	82.9362
380	-5036.828	-4931.507	-105.3204	71.0166	58.4601	13.6261	13.8862	13.9597	15.1903	65.6424	82.9362
390	-4987.512	-4882.192	-105.3204	71.0166	58.4601	13.6261	13.8862	13.9597	15.1903	61.8537	82.9362
400	-4958.643	-4853.323	-105.3204	71.0166	58.4601	13.6261	13.8862	13.9597	15.1903	61.8537	82.9362
410	-4950.401	-4845.081	-105.3204	71.0166	58.4601	13.6261	13.8862	13.9597	15.1903	61.8537	82.9362
420	-4950.401	-4845.081	-105.3204	71.0166	58.4601	13.6261	13.8862	13.9597	15.1903	61.8537	82.9362
430	-4950.401	-4845.081	-105.3204	71.0166	58.4601	13.6261	13.8862	13.9597	15.1903	61.8537	82.9362
440	-4950.401	-4845.081	-105.3204	71.0166	58.4601	13.6261	13.8862	13.9597	15.1903	61.8537	82.9362
450	-4950.401	-4845.081	-105.3204	71.0166	58.4601	13.6261	13.8862	13.9597	15.1903	61.8537	82.9362
460	-4950.401	-4845.081	-105.3204	71.0166	58.4601	13.6261	13.8862	13.9597	15.1903	61.8537	82.9362
470	-4950.401	-4845.081	-105.3204	71.0166	58.4601	13.6261	13.8862	13.9597	15.1903	61.8537	82.9362
480	-4950.401	-4845.081	-105.3204	71.0166	58.4601	13.6261	13.8862	13.9597	15.1903	61.8537	82.9362
490	-4950.401	-4845.081	-105.3204	71.0166	58.4601	13.6261	13.8862	13.9597	15.1903	61.8537	82.9362
500	-4950.401	-4845.081	-105.3204	71.0166	58.4601	13.6261	13.8862	13.9597	15.1903	61.8537	82.9362
510	-4950.401	-4845.081	-105.3204	71.0166	58.4601	13.6261	13.8862	13.9597	15.1903	61.8537	82.9362
520	-4950.401	-4845.081	-105.3204	71.0166	58.4601	13.6261	13.8862	13.9597	15.1903	61.8537	82.9362
530	-4951.767	-4846.447	-105.3204	71.0166	58.4601	13.6261	13.8862	13.9597	15.1903	61.8537	82.9362
540	-4951.767	-4846.447	-105.3204	71.0166	58.4601	13.6261	13.8862	13.9597	15.1903	61.8537	82.9362
550	-4951.767	-4846.447	-105.3204	71.0166	58.4601	13.6261	13.8862	13.9597	15.1903	61.8537	82.9362
560	-4951.767	-4846.447	-105.3204	71.0166	58.4601	13.6261	13.8862	13.9597	15.1903	61.8537	82.9362
570	-4939.614	-4834.293	-105.3204	71.0166	58.4601	13.6261	13.8862	14.0782	15.1903	61.8537	82.9362
580	-4939.614	-4834.293	-105.3204	71.0166	58.4601	13.6261	13.8862	14.0782	15.1903	61.8537	82.9362
590	-4939.614	-4834.293	-105.3204	71.0166	58.4601	13.6261	13.8862	14.0782	15.1903	61.8537	82.9362
600	-4939.614	-4834.293	-105.3204	71.0166	58.4601	13.6261	13.8862	14.0782	15.1903	61.8537	82.9362
610	-4939.614	-4834.293	-105.3204	71.0166	58.4601	13.6261	13.8862	14.0782	15.1903	61.8537	82.9362
620	-4939.614	-4834.293	-105.3204	71.0166	58.4601	13.6261	13.8862	14.0782	15.1903	61.8537	82.9362
630	-4939.614	-4834.293	-105.3204	71.0166	58.4601	13.6261	13.8862	14.0782	15.1903	61.8537	82.9362
640	-4939.614	-4834.293	-105.3204	71.0166	58.4601	13.6261	13.8862	14.0782	15.1903	61.8537	82.9362
650	-4939.614	-4834.293	-105.3204	71.0166	58.4601	13.6261	13.8862	14.0782	15.1903	61.8537	82.9362
660	-4939.614	-4834.293	-105.3204	71.0166	58.4601	13.6261	13.8862	14.0782	15.1903	61.8537	82.9362
670	-4939.614	-4834.293	-105.3204	71.0166	58.4601	13.6261	13.8862	14.0782	15.1903	61.8537	82.9362
680	-4939.614	-4834.293	-105.3204	71.0166	58.4601	13.6261	13.8862	14.0782	15.1903	61.8537	82.9362
690	-4939.614	-4834.293	-105.3204	71.0166	58.4601	13.6261	13.8862	14.0782	15.1903	61.8537	82.9362
700	-4939.614	-4834.293	-105.3204	71.0166	58.4601	13.6261	13.8862	14.0782	15.1903	61.8537	82.9362
710	-4939.614	-4834.293	-105.3204	71.0166	58.4601	13.6261	13.8862	14.0782	15.1903	61.8537	82.9362
720	-4939.614	-4834.293	-105.3204	71.0166	58.4601	13.6261	13.8862	14.0782	15.1903	61.8537	82.9362
730	-4939.614	-4834.293	-105.3204	71.0166	58.4601	13.6261	13.8862	14.0782	15.1903	61.8537	82.9362
740	-4939.614	-4834.293	-105.3204	71.0166	58.4601	13.6261	13.8862	14.0782	15.1903	61.8537	82.9362
750	-4940.09	-4834.77	-105.3204	71.0166	58.4601	13.545	13.8862	14.0782	15.1903	61.8537	82.9362
760	-4940.09	-4834.77	-105.3204	71.0166	58.4601	13.545	13.8862	14.0782	15.1903	61.8537	82.9362
770	-4939.051	-4833.731	-105.3204	71.0166	58.4601	13.545	13.8862	14.0782	15.1903	61.8537	82.9362
780	-4939.051	-4833.731	-105.3204	71.0166	58.4601	13.545	13.8862	14.0782	15.1903	61.8537	82.9362
790	-4892.115	-4786.795	-105.3204	71.0166	58.4601	13.545	13.8862	14.0782	15.1903	58.5937	82.9362
800	-4892.115	-4786.795	-105.3204	71.0166	58.4601	13.545	13.8862	14.0782	15.1903	58.5937	82.9362
810	-4892.115	-4786.795	-105.3204	71.0166	58.4601	13.545	13.8862	14.0782	15.1903	58.5937	82.9362
820	-4892.115	-4786.795	-105.3204	71.0166	58.4601	13.545	13.8862	14.0782	15.1903	58.5937	82.9362
830	-4892.115	-4786.795	-105.3204	71.0166	58.4601	13.545	13.8862	14.0782	15.1903	58.5937	82.9362
840	-4892.115	-4786.795	-105.3204	71.0166	58.4601	13.545	13.8862	14.0782	15.1903	58.5937	82.9362
850	-4892.115	-4786.795	-105.3204	71.0166	58.4601	13.545	13.8862	14.0782	15.1903	58.5937	82.9362
860	-4892.115	-4786.795	-105.3204	71.0166	58.4601	13.545	13.8862	14.0782	15.1903	58.5937	82.9362
870	-4892.115	-4786.795	-105.3204	71.0166	58.4601	13.545	13.8862	14.0782	15.1903	58.5937	82.9362
880	-4892.115	-4786.795	-105.3204	71.0166	58.4601	13.545	13.8862	14.0782	15.1903	58.5937	82.9362
890	-4892.115	-4786.795	-105.3204	71.0166	58.4601	13.545	13.8862	14.0782	15.1903	58.5937	82.9362
900	-4890.825	-4785.505	-105.3204	71.0166	58.4601	13.545	13.8862	14.0782	15.1903	58.5937	82.9362
910	-4890.825	-4785.505	-105.3204	71.0166	58.4601	13.545	13.8862	14.0782	15.1903	58.5937	82.9362
920	-4890.825	-4785.505	-105.3204	71.0166	58.4601	13.545	13.8862	14.0782	15.1903	58.5937	82.9362
930	-4890.825	-4785.505	-105.3204	71.0166	58.4601	13.545	13.8862	14.0782	15.1903	58.5937	82.9362
940	-4890.825	-4785.505	-105.3204	71.0166	58.4601	13.545	13.8862	14.0782	15.1903	58.5937	82.9362
950	-4852.485	-4747.165	-105.3204	70.875	58.4601	13.7154	13.8862	14.1446	15.1903	56.9362	82.9362
960	-4808.343	-4703.022	-105.3204	70.875	58.4601	13.7154	13.8862	14.1446	15.1903	55.3895	82.9362
970	-4808.343	-4703.022	-105.3204	70.875	58.4601	13.7154	13.8862	14.1446	15.1903	55.3895	82.9362
980	-4808.343	-4703.022	-105.3204	70.875	58.4601	13.7154	13.8862	14.1446	15.1903	55.3895	82.9362
990	-4808.343	-4703.022	-105.3204	70.875	58.4601	13.7154	13.8862	14.1446	15.1903	55.3895	82.9362
1000	-4808.343	-4703.022	-105.3204	70.875	58.4601	13.7154	13.8862	14.1446	15.1903	55.3895	82.9362
1010	-4808.343	-4703.022	-105.3204	70.875	58.4601	13.7154	13.8862	14.1446	15.1903	55.3895	82.9362
1020	-4808.343	-4703.022	-105.3204	70.875	58.4601	13.7154	13.8862	14.1446	15.1903	55.3895	82.9362
1030	-4808.343	-4703.022	-105.3204	70.875	58.4601	13.7154	13.8862	14.1446	15.1903	55.3895	82.9362
1040	-4808.343	-4703.022	-105.3204	70.875	58.4601	13.7154	13.8862	14.1446	15.1903	55.3895	82.9362
1050	-4808.343	-4703.022	-105.3204	70.875	58.4601	13.7154	13.8862	14.1446	15.1903	55.3895	82.9362
1060	-4795.188	-4689.868	-105.3204	70.875	58.4601	13.7154	13.8862	14.1446	15.1903	54.3028	82.9362
1070	-4795.188	-4689.868	-105.3204	70.875	58.4601	13.7154	13.8862	14.1446	15.1903	54.3028	82.9362
1080	-4795.188	-4689.868	-105.3204	70.875	58.4601	13.7154	13.8862	14.1446	15.1903	54.3028	82.9362
1090	-4795.188	-4689.868	-105.3204	70.875	58.4601	13.7154	13.8862	14.1446	15.1903	54.3028	82.9362
1100	-4795.188	-4689.868	-105.3204	70.875	58.4601	13.7154	13.8862	14.1446	15.1903	54.3028	82.9362
1110	-4795.188	-4689.868	-105.3204	70.875	58.4601	13.7154	13.8862	14.1446	15.1903	54.3028	82.9362
1120	-4788.093	-4682.772	-105.3204	70.875	58.4601	13.7154	13.8862	14.1446	15.1903	54.3028	82.9362
1130	-4784.992	-4679.672	-105.3204	70.875	58.4601	13.8283	13.8862	14.1446	15.1903	54.3028	82.9362
1140	-4784.56	-4679.24	-105.3204	70.875	58.4601	13.8283	13.8862	14.1446	15.1903	54.3028	82.9362
1150	-4784.56	-4679.24	-105.3204	70.875	58.4601	13.8283	13.8862	14.1446	15.1903	54.3028	82.9362
1160	-4784.56	-4679.24	-105.3204	70.875	58.4601	13.8283	13.8862	14.1446	15.1903	54.3028	82.9362
1170	-4784.579	-4679.258	-105.3204	70.875	58.4601	13.8283	13.8862	14.1446	15.1903	54.3028	82.9362
1180	-4784.579	-4679.258	-105.3204	70.875	58.4601	13.8283	13.8862	14.1446	15.1903	54.3028	82.9362
1190	-4783.211	-4677.89	-105.3204	70.875	58.4601	13.8283	13.8976	14.1446	15.1903	54.3028	82.9362
1200	-4783.211	-4677.89	-105.3204	70.875	58.4601	13.8283	13.8976	14.1446	15.1903	54.3028	82.9362
1210	-4783.211	-4677.89	-105.3204	70.875	58.4601	13.8283	13.8976	14.1446	15.1903	54.3028	82.9362
1220	-4783.211	-4677.89	-105.3204	70.875	58.4601	13.8283	13.8976	14.1446	15.1903	54.3028	82.9362
1230	-4783.211	-4677.89	-105.3204	70.875	58.4601	13.8283	13.8976	14.1446	15.1903	54.3028	82.9362
1240	-4783.211	-4677.89	-105.3204	70.875	58.4601	13.8283	13.8976	14.1446	15.1903	54.3028	82.9362
1250	-4783.211	-4677.89	-105.3204	70.875	58.4601	13.8283	13.8976	14.1446	15.1903	54.3028	82.9362
1260	-4783.211	-4677.89	-105.3204	70.875	58.4601	13.8283	13.8976	14.1446	15.1903	54.3028	82.9362
1270	-4785.521	-4680.2	-105.3204	70.875	58.4601	13.8283	13.8976	14.1446	15.1903	54.3028	82.9362
1280	-4785.521	-4680.2	-105.3204	70.875	58.4601	13.8283	13.8976	14.1446	15.1903	54.3028	82.9362
1290	-4785.521	-4680.2	-105.3204	70.875	58.4601	13.8283	13.8976	14.1446	15.1903	54.3028	82.9362
1300	-4784.205	-4678.885	-105.3204	70.875	58.4601	13.8283	13.8976	14.1446	15.1903	54.3028	82.9362
1310	-4784.205	-4678.885	-105.3204	70.875	58.4601	13.8283	13.8976	14.1446	15.1903	54.3028	82.9362
1320	-4784.205	-4678.885	-105.3204	70.875	58.4601	13.8283	13.8976	14.1446	15.1903	54.3028	82.9362
1330	-4783.699	-4678.379	-105.3204	71.0617	58.4601	13.8283	13.8976	14.1446	15.1903	54.3028	82.9362
1340	-4783.578	-4678.258	-105.3204	71.0617	58.4601	13.8283	13.8976	14.1446	15.1903	54.3028	82.9362
1350	-4782.132	-4676.811	-105.3204	71.0617	58.4601	13.8283	13.8976	14.1446	15.1903	54.3028	82.9362
1360	-4779.35	-4674.03	-105.3204	71.0617	58.4601	13.7977	13.8689	14.1885	15.1903	54.3028	82.9362
1370	-4779.35	-4674.03	-105.3204	71.0617	58.4601	13.7977	13.8689	14.1885	15.1903	54.3028	82.9362
1380	-4779.35	-4674.03	-105.3204	71.0617	58.4601	13.7977	13.8689	14.1885	15.1903	54.3028	82.9362
1390	-4779.35	-4674.03	-105.3204	71.0617	58.4601	13.7977	13.8689	14.1885	15.1903	54.3028	82.9362
1400	-4779.35	-4674.03	-105.3204	71.0617	58.4601	13.7977	13.8689	14.1885	15.1903	54.3028	82.9362
1410	-4779.35	-4674.03	-105.3204	71.0617	58.4601	13.7977	13.8689	14.1885	15.1903	54.3028	82.9362
1420	-4779.35	-4674.03	-105.3204	71.0617	58.4601	13.7977	13.8689	14.1885	15.1903	54.3028	82.9362
1430	-4779.35	-4674.03	-105.3204	71.0617	58.4601	13.7977	13.8689	14.1885	15.1903	54.3028	82.9362
1440	-4779.35	-4674.03	-105.3204	71.0617	58.4601	13.7977	13.8689	14.1885	15.1903	54.3028	82.9362
1450	-4780.556	-4675.235	-105.3204	71.0617	58.4601	13.7977	13.8689	14.1885	15.1903	54.3028	82.9362
1460	-4780.556	-4675.235	-105.3204	71.0617	58.4601	13.7977	13.8689	14.1885	15.1903	54.3028	82.9362
1470	-4780.556	-4675.235	-105.3204	71.0617	58.4601	13.7977	13.8689	14.1885	15.1903	54.3028	82.9362
1480	-4779.868	-4674.548	-105.3204	71.0617	58.4601	13.7977	13.8689	14.1885	15.1903	54.3028	82.9362
1490	-4777.716	-4672.395	-105.3204	71.0617	58.4601	13.7977	13.8689	14.1885	15.2255	54.3028	82.9362
1500	-4778.062	-4672.742	-105.3204	71.0617	58.4601	13.7977	13.8689	14.1885	15.2255	54.3028	82.9362
1510	-4778.062	-4672.742	-105.3204	71.0617	58.4601	13.7977	13.8689	14.1885	15.2255	54.3028	82.9362
1520	-4778.062	-4672.742	-105.3204	71.0617	58.4601	13.7977	13.8689	14.1885	15.2255	54.3028	82.9362
1530	-4778.062	-4672.742	-105.3204	71.0617	58.4601	13.7977	13.8689	14.1885	15.2255	54.3028	82.9362
1540	-4777.786	-4672.466	-105.3204	71.0617	58.4601	13.7977	13.7883	14.1885	15.2235	53.9635	82.9362
1550	-4776.865	-4671.544	-105.3204	71.0617	58.4601	13.7977	13.7883	14.1885	15.2235	53.9635	82.9362
1560	-4776.865	-4671.544	-105.3204	71.0617	58.4601	13.7977	13.7883	14.1885	15.2235	53.9635	82.9362
1570	-4776.865	-4671.544	-105.3204	71.0617	58.4601	13.7977	13.7883	14.1885	15.2235	53.9635	82.9362
1580	-4776.196	-4670.876	-105.3204	71.0617	58.4601	13.7977	13.7883	14.1885	15.2235	53.9635	82.9362
1590	-4776.196	-4670.876	-105.3204	71.0617	58.4601	13.7977	13.7883	14.1885	15.2235	53.9635	82.9362
1600	-4774.682	-4669.361	-105.3204	71.0617	58.4601	13.7977	13.7883	14.1885	15.2235	53.9635	82.6314
1610	-4775.439	-4670.119	-105.3204	71.0617	58.4601	13.7977	13.7883	14.1885	15.2235	53.9635	82.6314
1620	-4775.439	-4670.119	-105.3204	71.0617	58.4601	13.7977	13.7883	14.1885	15.2235	53.9635	82.6314
1630	-4775.439	-4670.119	-105.3204	71.0617	58.4601	13.7977	13.7883	14.1885	15.2235	53.9635	82.6314
1640	-4775.439	-4670.119	-105.3204	71.0617	58.4601	13.7977	13.7883	14.1885	15.2235	53.9635	82.6314
1650	-4775.439	-4670.119	-105.3204	71.0617	58.4601	13.7977	13.7883	14.1885	15.2235	53.9635	82.6314
1660	-4774.399	-4669.078	-105.3204	71.0617	58.4601	13.7977	13.7883	14.1885	15.2407	53.9292	82.6314
1670	-4774.399	-4669.078	-105.3204	71.0617	58.4601	13.7977	13.7883	14.1885	15.2407	53.9292	82.6314
1680	-4774.399	-4669.078	-105.3204	71.0617	58.4601	13.7977	13.7883	14.1885	15.2407	53.9292	82.6314
1690	-4774.399	-4669.078	-105.3204	71.0617	58.4601	13.7977	13.7883	14.1885	15.2407	53.9292	82.6314
1700	-4775.703	-4670.382	-105.3204	71.0617	58.4601	13.7977	13.7883	14.1885	15.2407	53.9292	82.6314
1710	-4775.703	-4670.382	-105.3204	71.0617	58.4601	13.7977	13.7883	14.1885	15.2407	53.9292	82.6314
1720	-4773.579	-4668.259	-105.3204	71.0617	58.4601	13.7977	13.7883	14.1885	15.2407	53.9292	82.6314
1730	-4773.579	-4668.259	-105.3204	71.0617	58.4601	13.7977	13.7883	14.1885	15.2407	53.9292	82.6314
1740	-4773.579	-4668.259	-105.3204	71.0617	58.4601	13.7977	13.7883	14.1885	15.2407	53.9292	82.6314
1750	-4773.579	-4668.259	-105.3204	71.0617	58.4601	13.7977	13.7883	14.1885	15.2407	53.9292	82.6314
1760	-4773.579	-4668.259	-105.3204	71.0617	58.4601	13.7977	13.7883	14.1885	15.2407	53.9292	82.6314
1770	-4773.579	-4668.259	-105.3204	71.0617	58.4601	13.7977	13.7883	14.1885	15.2407	53.9292	82.6314
1780	-4773.579	-4668.259	-105.3204	71.0617	58.4601	13.7977	13.7883	14.1885	15.2407	53.9292	82.6314
1790	-4773.579	-4668.259	-105.3204	71.0617	58.4601	13.7977	13.7883	14.1885	15.2407	53.9292	82.6314
1800	-4773.579	-4668.259	-105.3204	71.0617	58.4601	13.7977	13.7883	14.1885	15.2407	53.9292	82.6314
1810	-4773.579	-4668.259	-105.3204	71.0617	58.4601	13.7977	13.7883	14.1885	15.2407	53.9292	82.6314
1820	-4773.579	-4668.259	-105.3204	71.0617	58.4601	13.7977	13.7883	14.1885	15.2407	53.9292	82.6314
1830	-4773.579	-4668.259	-105.3204	71.0617	58.4601	13.7977	13.7883	14.1885	15.2407	53.9292	82.6314
1840	-4773.579	-4668.259	-105.3204	71.0617	58.4601	13.7977	13.7883	14.1885	15.2407	53.9292	82.6314
1850	-4773.579	-4668.259	-105.3204	71.0617	58.4601	13.7977	13.7883	14.1885	15.2407	53.9292	82.6314
1860	-4773.645	-4668.324	-105.3204	71.0617	58.4601	13.7977	13.7883	14.1885	15.2407	53.9292	82.5935
1870	-4772.994	-4667.673	-105.3204	71.0617	58.5181	13.7977	13.7883	14.1885	15.2407	53.9356	82.5935
1880	-4772.994	-4667.673	-105.3204	71.0617	58.5181	13.7977	13.7883	14.1885	15.2407	53.9356	82.5935
1890	-4772.994	-4667.673	-105.3204	71.0617	58.5181	13.7977	13.7883	14.1885	15.2407	53.9356	82.5935
1900	-4772.994	-4667.673	-105.3204	71.0617	58.5181	13.7977	13.7883	14.1885	15.2407	53.9356	82.5935
1910	-4772.994	-4667.673	-105.3204	71.0617	58.5181	13.7977	13.7883	14.1885	15.2407	53.9356	82.5935
1920	-4772.994	-4667.673	-105.3204	71.0617	58.5181	13.7977	13.7883	14.1885	15.2407	53.9356	82.5935
1930	-4772.994	-4667.673	-105.3204	71.0617	58.5181	13.7977	13.7883	14.1885	15.2407	53.9356	82.5935
1940	-4773.039	-4667.719	-105.3204	71.0617	58.5181	13.7977	13.7883	14.1974	15.2407	53.9356	82.5935
1950	-4773.039	-4667.719	-105.3204	71.0617	58.5181	13.7977	13.7883	14.1974	15.2407	53.9356	82.5935
1960	-4773.039	-4667.719	-105.3204	71.0617	58.5181	13.7977	13.7883	14.1974	15.2407	53.9356	82.5935
1970	-4773.039	-4667.719	-105.3204	71.0617	58.5181	13.7977	13.7883	14.1974	15.2407	53.9356	82.5935
1980	-4772.794	-4667.473	-105.3204	71.0617	58.5181	13.7977	13.7883	14.1974	15.2407	53.9356	82.5935
1990	-4772.794	-4667.473	-105.3204	71.0617	58.5181	13.7977	13.7883	14.1974	15.2407	53.9356	82.5935
2000	-4772.794	-4667.473	-105.3204	71.0617	58.5181	13.7977	13.7883	14.1974	15.2407	53.9356	82.5935
2010	-4773.74	-4668.42	-105.3204	71.0617	58.5181	13.7977	13.7883	14.1974	15.2373	53.9356	82.5935
2020	-4773.74	-4668.42	-105.3204	71.0617	58.5181	13.7977	13.7883	14.1974	15.2373	53.9356	82.5935
2030	-4773.74	-4668.42	-105.3204	71.0617	58.5181	13.7977	13.7883	14.1974	15.2373	53.9356	82.5935
2040	-4773.74	-4668.42	-105.3204	71.0617	58.5181	13.7977	13.7883	14.1974	15.2373	53.9356	82.5935
2050	-4773.74	-4668.42	-105.3204	71.0617	58.5181	13.7977	13.7883	14.1974	15.2373	53.9356	82.5935
2060	-4773.656	-4668.336	-105.3204	71.0617	58.5181	13.7977	13.7883	14.1974	15.2373	53.958	82.5935
2070	-4773.656	-4668.336	-105.3204	71.0617	58.5181	13.7977	13.7883	14.1974	15.2373	53.958	82.5935
2080	-4774.402	-4669.081	-105.3204	71.0527	58.5181	13.7977	13.7883	14.1974	15.2373	53.958	82.5935
2090	-4774.402	-4669.081	-105.3204	71.0527	58.5181	13.7977	13.7883	14.1974	15.2373	53.958	82.5935
2100	-4774.402	-4669.081	-105.3204	71.0527	58.5181	13.7977	13.7883	14.1974	15.2373	53.958	82.5935
2110	-4774.402	-4669.081	-105.3204	71.0527	58.5181	13.7977	13.7883	14.1974	15.2373	53.958	82.5935
2120	-4773.779	-4668.459	-105.3204	71.0527	58.4903	13.7953	13.7883	14.1974	15.2373	53.958	82.5935
2130	-4773.779	-4668.459	-105.3204	71.0527	58.4903	13.7953	13.7883	14.1974	15.2373	53.958	82.5935
2140	-4773.779	-4668.459	-105.3204	71.0527	58.4903	13.7953	13.7883	14.1974	15.2373	53.958	82.5935
2150	-4773.779	-4668.459	-105.3204	71.0527	58.4903	13.7953	13.7883	14.1974	15.2373	53.958	82.5935
2160	-4773.779	-4668.459	-105.3204	71.0527	58.4903	13.7953	13.7883	14.1974	15.2373	53.958	82.5935
2170	-4773.779	-4668.459	-105.3204	71.0527	58.4903	13.7953	13.7883	14.1974	15.2373	53.958	82.5935
2180	-4773.397	-4668.077	-105.3204	71.0527	58.4903	13.7953	13.7883	14.1974	15.2373	53.958	82.5935
2190	-4773.397	-4668.077	-105.3204	71.0527	58.4903	13.7953	13.7883	14.1974	15.2373	53.958	82.5935
2200	-4777.291	-4671.971	-105.3204	71.0527	58.4903	13.7953	13.7883	14.2023	15.2373	53.958	82.5935
2210	-4774.005	-4668.685	-105.3204	71.0527	58.4903	13.7953	13.7883	14.2023	15.2373	53.958	82.5935
2220	-4774.005	-4668.685	-105.3204	71.0527	58.4903	13.7953	13.7883	14.2023	15.2373	53.958	82.5935
2230	-4775.084	-4669.764	-105.3204	71.0527	58.4903	13.7953	13.7883	14.2023	15.2373	53.958	82.5935
2240	-4775.084	-4669.764	-105.3204	71.0527	58.4903	13.7953	13.7883	14.2023	15.2373	53.958	82.5935
2250	-4775.084	-4669.764	-105.3204	71.0527	58.4903	13.7953	13.7883	14.2023	15.2373	53.958	82.5935
2260	-4775.084	-4669.764	-105.3204	71.0527	58.4903	13.7953	13.7883	14.2023	15.2373	53.958	82.5935
2270	-4775.084	-4669.764	-105.3204	71.0527	58.4903	13.7953	13.7883	14.2023	15.2373	53.958	82.5935
2280	-4775.084	-4669.764	-105.3204	71.0527	58.4903	13.7953	13.7883	14.2023	15.2373	53.958	82.5935
2290	-4775.084	-4669.764	-105.3204	71.0527	58.4903	13.7953	13.7883	14.2023	15.2373	53.958	82.5935
2300	-4775.175	-4669.855	-105.3204	71.0527	58.4903	13.7953	13.786	14.2031	15.2388	53.958	82.5944
2310	-4773.327	-4668.006	-105.3204	71.0527	58.4903	13.7953	13.786	14.2031	15.2388	53.958	82.5944
2320	-4773.327	-4668.006	-105.3204	71.0527	58.4903	13.7953	13.786	14.2031	15.2388	53.958	82.5944
2330	-4773.327	-4668.006	-105.3204	71.0527	58.4903	13.7953	13.786	14.2031	15.2388	53.958	82.5944
2340	-4774.105	-4668.785	-105.3204	71.0527	58.4903	13.7953	13.786	14.2031	15.2388	53.9562	82.5944
2350	-4774.105	-4668.785	-105.3204	71.0527	58.4903	13.7953	13.786	14.2031	15.2388	53.9562	82.5944
2360	-4774.53	-4669.21	-105.3204	71.0527	58.4903	13.7953	13.786	14.2031	15.2388	53.9562	82.5944
2370	-4774.53	-4669.21	-105.3204	71.0527	58.4903	13.7953	13.786	14.2031	15.2388	53.9562	82.5944
2380	-4778.337	-4673.017	-105.3204	71.0527	58.5014	13.7953	13.786	14.2031	15.2406	53.9562	82.5944
2390	-4778.337	-4673.017	-105.3204	71.0527	58.5014	13.7953	13.786	14.2031	15.2406	53.9562	82.5944
2400	-4778.337	-4673.017	-105.3204	71.0527	58.5014	13.7953	13.786	14.2031	15.2406	53.9562	82.5944
2410	-4773.794	-4668.474	-105.3204	71.0527	58.5014	13.7953	13.7849	14.2031	15.2406	53.9562	82.5944
2420	-4773.794	-4668.474	-105.3204	71.0527	58.5014	13.7953	13.7849	14.2031	15.2406	53.9562	82.5944
2430	-4773.794	-4668.474	-105.3204	71.0527	58.5014	13.7953	13.7849	14.2031	15.2406	53.9562	82.5944
2440	-4774.632	-4669.311	-105.3204	71.0527	58.5014	13.7953	13.7849	14.2031	15.2406	53.9562	82.5944
2450	-4774.632	-4669.311	-105.3204	71.0527	58.5014	13.7953	13.7849	14.2031	15.2406	53.9562	82.5944
2460	-4774.632	-4669.311	-105.3204	71.0527	58.5014	13.7953	13.7849	14.2031	15.2406	53.9562	82.5944
2470	-4775.367	-4670.047	-105.3204	71.0527	58.5014	13.7953	13.7849	14.2031	15.2406	53.9562	82.5944
2480	-4773.804	-4668.484	-105.3204	71.0527	58.5014	13.7953	13.7849	14.2027	15.2406	53.9562	82.5944
2490	-4776.226	-4670.905	-105.3204	71.0493	58.5014	13.7949	13.7849	14.2027	15.2417	53.9562	82.5944
2500	-4776.226	-4670.905	-105.3204	71.0493	58.5014	13.7949	13.7849	14.2027	15.2417	53.9562	82.5944
2510	-4773.448	-4668.128	-105.3204	71.0545	58.5014	13.7949	13.7849	14.2027	15.2417	53.9562	82.5944
2520	-4773.448	-4668.128	-105.3204	71.0545	58.5014	13.7949	13.7849	14.2027	15.2417	53.9562	82.5944
2530	-4773.448	-4668.128	-105.3204	71.0545	58.5014	13.7949	13.7849	14.2027	15.2417	53.9562	82.5944
2540	-4773.448	-4668.128	-105.3204	71.0545	58.5014	13.7949	13.7849	14.2027	15.2417	53.9562	82.5944
2550	-4773.448	-4668.128	-105.3204	71.0545	58.5014	13.7949	13.7849	14.2027	15.2417	53.9562	82.5944
2560	-4773.218	-4667.898	-105.3204	71.0545	58.5014	13.7949	13.7849	14.2041	15.2417	53.9562	82.5944
2570	-4773.257	-4667.936	-105.3204	71.0631	58.5014	13.7949	13.7849	14.2041	15.2417	53.9562	82.5944
2580	-4773.257	-4667.936	-105.3204	71.0631	58.5014	13.7949	13.7849	14.2041	15.2417	53.9562	82.5944
2590	-4773.257	-4667.936	-105.3204	71.0631	58.5014	13.7949	13.7849	14.2041	15.2417	53.9562	82.5944
2600	-4773.257	-4667.936	-105.3204	71.0631	58.5014	13.7949	13.7849	14.2041	15.2417	53.9562	82.5944
2610	-4773.257	-4667.936	-105.3204	71.0631	58.5014	13.7949	13.7849	14.2041	15.2417	53.9562	82.5944
2620	-4773.257	-4667.936	-105.3204	71.0631	58.5014	13.7949	13.7849	14.2041	15.2417	53.9562	82.5944
2630	-4773.257	-4667.936	-105.3204	71.0631	58.5014	13.7949	13.7849	14.2041	15.2417	53.9562	82.5944
2640	-4774.789	-4669.469	-105.3204	71.0631	58.5014	13.7949	13.7849	14.2035	15.2422	53.9562	82.5944
2650	-4774.359	-4669.039	-105.3204	71.0631	58.5014	13.7949	13.7849	14.2035	15.2422	53.9562	82.5944
2660	-4773.236	-4667.916	-105.3204	71.0631	58.5014	13.7949	13.7849	14.2035	15.2422	53.9562	82.5944
2670	-4773.236	-4667.916	-105.3204	71.0631	58.5014	13.7949	13.7849	14.2035	15.2422	53.9562	82.5944
2680	-4773.236	-4667.916	-105.3204	71.0631	58.5014	13.7949	13.7849	14.2035	15.2422	53.9562	82.5944
2690	-4773.236	-4667.916	-105.3204	71.0631	58.5014	13.7949	13.7849	14.2035	15.2422	53.9562	82.5944
2700	-4773.236	-4667.916	-105.3204	71.0631	58.5014	13.7949	13.7849	14.2035	15.2422	53.9562	82.5944
2710	-4773.236	-4667.916	-105.3204	71.0631	58.5014	13.7949	13.7849	14.2035	15.2422	53.9562	82.5944
2720	-4773.236	-4667.916	-105.3204	71.0631	58.5014	13.7949	13.7849	14.2035	15.2422	53.9562	82.5944
2730	-4774.062	-4668.742	-105.3204	71.0631	58.5014	13.7949	13.7849	14.2035	15.2422	53.9562	82.5944
2740	-4774.062	-4668.742	-105.3204	71.0631	58.5014	13.7949	13.7849	14.2035	15.2422	53.9562	82.5944
2750	-4773.178	-4667.858	-105.3204	71.0631	58.5014	13.7949	13.7849	14.2035	15.2422	53.9562	82.5944
2760	-4773.178	-4667.858	-105.3204	71.0631	58.5014	13.7949	13.7849	14.2035	15.2422	53.9562	82.5944
2770	-4773.178	-4667.858	-105.3204	71.0631	58.5014	13.7949	13.7849	14.2035	15.2422	53.9562	82.5944
2780	-4773.178	-4667.858	-105.3204	71.0631	58.5014	13.7949	13.7849	14.2035	15.2422	53.9562	82.5944
2790	-4773.178	-4667.858	-105.3204	71.0631	58.5014	13.7949	13.7849	14.2035	15.2422	53.9562	82.5944
2800	-4773.09	-4667.769	-105.3204	71.0631	58.5014	13.7949	13.7849	14.2035	15.2422	53.9562	82.5944
2810	-4773.09	-4667.769	-105.3204	71.0631	58.5014	13.7949	13.7849	14.2035	15.2422	53.9562	82.5944
2820	-4773.051	-4667.731	-105.3204	71.0631	58.5014	13.7949	13.7846	14.2035	15.2422	53.9562	82.5944
2830	-4773.051	-4667.731	-105.3204	71.0631	58.5014	13.7949	13.7846	14.2035	15.2422	53.9562	82.5944
2840	-4773.051	-4667.731	-105.3204	71.0631	58.5014	13.7949	13.7846	14.2035	15.2422	53.9562	82.5944
2850	-4773.051	-4667.731	-105.3204	71.0631	58.5014	13.7949	13.7846	14.2035	15.2422	53.9562	82.5944
2860	-4773.09	-4667.769	-105.3204	71.0631	58.5014	13.7949	13.7846	14.2035	15.2422	53.9562	82.5944
2870	-4773.09	-4667.769	-105.3204	71.0631	58.5014	13.7949	13.7846	14.2035	15.2422	53.9562	82.5944
2880	-4773.09	-4667.769	-105.3204	71.0631	58.5014	13.7949	13.7846	14.2035	15.2422	53.9562	82.5944
2890	-4773.09	-4667.769	-105.3204	71.0631	58.5014	13.7949	13.7846	14.2035	15.2422	53.9562	82.5944
2900	-4773.09	-4667.769	-105.3204	71.0631	58.5014	13.7949	13.7846	14.2035	15.2422	53.9562	82.5944
2910	-4773.09	-4667.769	-105.3204	71.0631	58.5014	13.7949	13.7846	14.2035	15.2422	53.9562	82.5944
2920	-4773.09	-4667.769	-105.3204	71.0631	58.5014	13.7949	13.7846	14.2035	15.2422	53.9562	82.5944
2930	-4773.09	-4667.769	-105.3204	71.0631	58.5014	13.7949	13.7846	14.2035	15.2422	53.9562	82.5944
2940	-4773.09	-4667.769	-105.3204	71.0631	58.5014	13.7949	13.7846	14.2035	15.2422	53.9562	82.5944
2950	-4773.09	-4667.769	-105.3204	71.0631	58.5014	13.7949	13.7846	14.2035	15.2422	53.9562	82.5944
2960	-4773.09	-4667.769	-105.3204	71.0631	58.5014	13.7949	13.7846	14.2035	15.2422	53.9562	82.5944
2970	-4773.09	-4667.769	-105.3204	71.0631	58.5014	13.7949	13.7846	14.2035	15.2422	53.9562	82.5944
2980	-4773.09	-4667.769	-105.3204	71.0631	58.5014	13.7949	13.7846	14.2035	15.2422	53.9562	82.5944
2990	-4773.09	-4667.769	-105.3204	71.0631	58.5014	13.7949	13.7846	14.2035	15.2422	53.9562	82.5944
3000	-4773.206	-4667.885	-105.3204	71.0631	58.5014	13.7949	13.7846	14.2035	15.2422	53.9562	82.5944
3010	-4773.22	-4667.9	-105.3204	71.0631	58.5014	13.7949	13.7846	14.2035	15.2421	53.9562	82.5944
3020	-4774.246	-4668.926	-105.3204	71.0631	58.5015	13.7949	13.7846	14.2035	15.2421	53.9562	82.5944
3030	-4774.246	-4668.926	-105.3204	71.0631	58.5015	13.7949	13.7846	14.2035	15.2421	53.9562	82.5944
3040	-4773.025	-4667.704	-105.3204	71.064	58.5015	13.7949	13.7846	14.2035	15.2421	53.9562	82.5944
3050	-4773.025	-4667.704	-105.3204	71.064	58.5015	13.7949	13.7846	14.2035	15.2421	53.9562	82.5944
3060	-4773.025	-4667.704	-105.3204	71.064	58.5015	13.7949	13.7846	14.2035	15.2421	53.9562	82.5944
3070	-4773.025	-4667.704	-105.3204	71.064	58.5015	13.7949	13.7846	14.2035	15.2421	53.9562	82.5944
3080	-4773.025	-4667.704	-105.3204	71.064	58.5015	13.7949	13.7846	14.2035	15.2421	53.9562	82.5944
3090	-4773.03	-4667.709	-105.3204	71.064	58.5015	13.7949	13.7847	14.2035	15.2421	53.9562	82.5944
3100	-4773.03	-4667.709	-105.3204	71.064	58.5015	13.7949	13.7847	14.2035	15.2421	53.9562	82.5944
3110	-4773.03	-4667.709	-105.3204	71.064	58.5015	13.7949	13.7847	14.2035	15.2421	53.9562	82.5944
3120	-4773.03	-4667.709	-105.3204	71.064	58.5015	13.7949	13.7847	14.2035	15.2421	53.9562	82.5944
3130	-4773.139	-4667.819	-105.3204	71.0647	58.5015	13.7949	13.7847	14.2035	15.2421	53.9562	82.5944
3140	-4773.139	-4667.819	-105.3204	71.0647	58.5015	13.7949	13.7847	14.2035	15.2421	53.9562	82.5944
3150	-4773.139	-4667.819	-105.3204	71.0647	58.5015	13.7949	13.7847	14.2035	15.2421	53.9562	82.5944
3160	-4773.139	-4667.819	-105.3204	71.0647	58.5015	13.7949	13.7847	14.2035	15.2421	53.9562	82.5944
3170	-4773.139	-4667.819	-105.3204	71.0647	58.5015	13.7949	13.7847	14.2035	15.2421	53.9562	82.5944
3180	-4773.139	-4667.819	-105.3204	71.0647	58.5015	13.7949	13.7847	14.2035	15.2421	53.9562	82.5944
3190	-4774.384	-4669.064	-105.3204	71.0647	58.5018	13.795	13.7847	14.2035	15.2421	53.9562	82.5944
3200	-4774.384	-4669.064	-105.3204	71.0647	58.5018	13.795	13.7847	14.2035	15.2421	53.9562	82.5944
3210	-4774.384	-4669.064	-105.3204	71.0647	58.5018	13.795	13.7847	14.2035	15.2421	53.9562	82.5944
3220	-4774.384	-4669.064	-105.3204	71.0647	58.5018	13.795	13.7847	14.2035	15.2421	53.9562	82.5944
3230	-4773.16	-4667.84	-105.3204	71.0647	58.5017	13.795	13.7847	14.2035	15.2421	53.9562	82.5944
3240	-4773.16	-4667.84	-105.3204	71.0647	58.5017	13.795	13.7847	14.2035	15.2421	53.9562	82.5944
3250	-4773.16	-4667.84	-105.3204	71.0647	58.5017	13.795	13.7847	14.2035	15.2421	53.9562	82.5944
3260	-4773.16	-4667.84	-105.3204	71.0647	58.5017	13.795	13.7847	14.2035	15.2421	53.9562	82.5944
3270	-4773.16	-4667.84	-105.3204	71.0647	58.5017	13.795	13.7847	14.2035	15.2421	53.9562	82.5944
3280	-4773.16	-4667.84	-105.3204	71.0647	58.5017	13.795	13.7847	14.2035	15.2421	53.9562	82.5944
3290	-4773.16	-4667.84	-105.3204	71.0647	58.5017	13.795	13.7847	14.2035	15.2421	53.9562	82.5944
3300	-4773.16	-4667.84	-105.3204	71.0647	58.5017	13.795	13.7847	14.2035	15.2421	53.9562	82.5944
3310	-4773.16	-4667.84	-105.3204	71.0647	58.5017	13.795	13.7847	14.2035	15.2421	53.9562	82.5944
3320	-4773.16	-4667.84	-105.3204	71.0647	58.5017	13.795	13.7847	14.2035	15.2421	53.9562	82.5944
3330	-4773.21	-4667.89	-105.3204	71.0647	58.5017	13.795	13.7847	14.2035	15.2421	53.9562	82.5944
3340	-4773.21	-4667.89	-105.3204	71.0647	58.5017	13.795	13.7847	14.2035	15.2421	53.9562	82.5944
3350	-4773.21	-4667.89	-105.3204	71.0647	58.5017	13.795	13.7847	14.2035	15.2421	53.9562	82.5944
3360	-4773.296	-4667.976	-105.3204	71.0647	58.5017	13.795	13.7847	14.2035	15.2421	53.9562	82.594
3370	-4773.296	-4667.976	-105.3204	71.0647	58.5017	13.795	13.7847	14.2035	15.2421	53.9562	82.594
3380	-4773.296	-4667.976	-105.3204	71.0647	58.5017	13.795	13.7847	14.2035	15.2421	53.9562	82.594
3390	-4773.296	-4667.976	-105.3204	71.0647	58.5017	13.795	13.7847	14.2035	15.2421	53.9562	82.594
3400	-4773.361	-4668.041	-105.3204	71.0647	58.5018	13.795	13.7847	14.2035	15.2421	53.9563	82.594
3410	-4773.361	-4668.041	-105.3204	71.0647	58.5018	13.795	13.7847	14.2035	15.2421	53.9563	82.594
3420	-4773.361	-4668.041	-105.3204	71.0647	58.5018	13.795	13.7847	14.2035	15.2421	53.9563	82.594
3430	-4773.361	-4668.041	-105.3204	71.0647	58.5018	13.795	13.7847	14.2035	15.2421	53.9563	82.594
3440	-4773.361	-4668.041	-105.3204	71.0647	58.5018	13.795	13.7847	14.2035	15.2421	53.9563	82.594
3450	-4774.084	-4668.763	-105.3204	71.0647	58.5018	13.795	13.7847	14.2035	15.2421	53.9563	82.594
3460	-4774.084	-4668.763	-105.3204	71.0647	58.5018	13.795	13.7847	14.2035	15.2421	53.9563	82.594
3470	-4774.084	-4668.763	-105.3204	71.0647	58.5018	13.795	13.7847	14.2035	15.2421	53.9563	82.594
3480	-4773.098	-4667.778	-105.3204	71.0647	58.5018	13.795	13.7847	14.2035	15.2421	53.9562	82.594
3490	-4773.098	-4667.778	-105.3204	71.0647	58.5018	13.795	13.7847	14.2035	15.2421	53.9562	82.594
3500	-4773.098	-4667.778	-105.3204	71.0647	58.5018	13.795	13.7847	14.2035	15.2421	53.9562	82.594
3510	-4773.098	-4667.778	-105.3204	71.0647	58.5018	13.795	13.7847	14.2035	15.2421	53.9562	82.594
3520	-4773.098	-4667.778	-105.3204	71.0647	58.5018	13.795	13.7847	14.2035	15.2421	53.9562	82.594
3530	-4773.053	-4667.733	-105.3204	71.0647	58.5019	13.795	13.7847	14.2035	15.2421	53.9562	82.594
3540	-4773.285	-4667.965	-105.3204	71.0647	58.5019	13.795	13.7847	14.2035	15.2421	53.9562	82.594
3550	-4773.47	-4668.15	-105.3204	71.0647	58.5019	13.795	13.7847	14.2035	15.2421	53.9562	82.594
3560	-4773.47	-4668.15	-105.3204	71.0647	58.5019	13.795	13.7847	14.2035	15.2421	53.9562	82.594
3570	-4774.656	-4669.336	-105.3204	71.0647	58.5019	13.795	13.7847	14.2035	15.2421	53.9562	82.594
3580	-4774.656	-4669.336	-105.3204	71.0647	58.5019	13.795	13.7847	14.2035	15.2421	53.9562	82.594
3590	-4774.656	-4669.336	-105.3204	71.0647	58.5019	13.795	13.7847	14.2035	15.2421	53.9562	82.594
3600	-4774.656	-4669.336	-105.3204	71.0647	58.5019	13.795	13.7847	14.2035	15.2421	53.9562	82.594
3610	-4774.656	-4669.336	-105.3204	71.0647	58.5019	13.795	13.7847	14.2035	15.2421	53.9562	82.594
3620	-4774.656	-4669.336	-105.3204	71.0647	58.5019	13.795	13.7847	14.2035	15.2421	53.9562	82.594
3630	-4774.656	-4669.336	-105.3204	71.0647	58.5019	13.795	13.7847	14.2035	15.2421	53.9562	82.594
3640	-4774.656	-4669.336	-105.3204	71.0647	58.5019	13.795	13.7847	14.2035	15.2421	53.9562	82.594
3650	-4774.656	-4669.336	-105.3204	71.0647	58.5019	13.795	13.7847	14.2035	15.2421	53.9562	82.594
3660	-4774.656	-4669.336	-105.3204	71.0647	58.5019	13.795	13.7847	14.2035	15.2421	53.9562	82.594
3670	-4773.315	-4667.994	-105.3204	71.0647	58.5019	13.795	13.7847	14.2035	15.2421	53.9562	82.594
3680	-4773.315	-4667.994	-105.3204	71.0647	58.5019	13.795	13.7847	14.2035	15.2421	53.9562	82.594
3690	-4775.304	-4669.984	-105.3204	71.0647	58.5019	13.795	13.7847	14.2035	15.2421	53.9562	82.594
3700	-4775.304	-4669.984	-105.3204	71.0647	58.5019	13.795	13.7847	14.2035	15.2421	53.9562	82.594
3710	-4775.304	-4669.984	-105.3204	71.0647	58.5019	13.795	13.7847	14.2035	15.2421	53.9562	82.594
3720	-4775.304	-4669.984	-105.3204	71.0647	58.5019	13.795	13.7847	14.2035	15.2421	53.9562	82.594
3730	-4773.667	-4668.347	-105.3204	71.0647	58.5019	13.795	13.7847	14.2035	15.2421	53.9562	82.594
3740	-4773.667	-4668.347	-105.3204	71.0647	58.5019	13.795	13.7847	14.2035	15.2421	53.9562	82.594
3750	-4773.345	-4668.025	-105.3204	71.0647	58.5019	13.795	13.7847	14.2035	15.2421	53.9562	82.594
3760	-4773.345	-4668.025	-105.3204	71.0647	58.5019	13.795	13.7847	14.2035	15.2421	53.9562	82.594
3770	-4773.345	-4668.025	-105.3204	71.0647	58.5019	13.795	13.7847	14.2035	15.2421	53.9562	82.594
3780	-4773.22	-4667.9	-105.3204	71.0647	58.5019	13.795	13.7847	14.2035	15.2421	53.9562	82.5941
3790	-4773.22	-4667.9	-105.3204	71.0647	58.5019	13.795	13.7847	14.2035	15.2421	53.9562	82.5941
3800	-4773.22	-4667.9	-105.3204	71.0647	58.5019	13.795	13.7847	14.2035	15.2421	53.9562	82.5941
3810	-4773.22	-4667.9	-105.3204	71.0647	58.5019	13.795	13.7847	14.2035	15.2421	53.9562	82.5941
3820	-4773.22	-4667.9	-105.3204	71.0647	58.5019	13.795	13.7847	14.2035	15.2421	53.9562	82.5941
3830	-4773.22	-4667.9	-105.3204	71.0647	58.5019	13.795	13.7847	14.2035	15.2421	53.9562	82.5941
3840	-4773.493	-4668.173	-105.3204	71.0647	58.5019	13.795	13.7847	14.2035	15.2421	53.9562	82.5941
3850	-4773.493	-4668.173	-105.3204	71.0647	58.5019	13.795	13.7847	14.2035	15.2421	53.9562	82.5941
3860	-4773.493	-4668.173	-105.3204	71.0647	58.5019	13.795	13.7847	14.2035	15.2421	53.9562	82.5941
3870	-4773.493	-4668.173	-105.3204	71.0647	58.5019	13.795	13.7847	14.2035	15.2421	53.9562	82.5941
3880	-4773.493	-4668.173	-105.3204	71.0647	58.5019	13.795	13.7847	14.2035	15.2421	53.9562	82.5941
3890	-4773.493	-4668.173	-105.3204	71.0647	58.5019	13.795	13.7847	14.2035	15.2421	53.9562	82.5941
3900	-4773.493	-4668.173	-105.3204	71.0647	58.5019	13.795	13.7847	14.2035	15.2421	53.9562	82.5941
3910	-4773.493	-4668.173	-105.3204	71.0647	58.5019	13.795	13.7847	14.2035	15.2421	53.9562	82.5941
3920	-4773.493	-4668.173	-105.3204	71.0647	58.5019	13.795	13.7847	14.2035	15.2421	53.9562	82.5941
3930	-4773.493	-4668.173	-105.3204	71.0647	58.5019	13.795	13.7847	14.2035	15.2421	53.9562	82.5941
3940	-4773.493	-4668.173	-105.3204	71.0647	58.5019	13.795	13.7847	14.2035	15.2421	53.9562	82.5941
3950	-4773.493	-4668.173	-105.3204	71.0647	58.5019	13.795	13.7847	14.2035	15.2421	53.9562	82.5941
3960	-4773.493	-4668.173	-105.3204	71.0647	58.5019	13.795	13.7847	14.2035	15.2421	53.9562	82.5941
3970	-4773.493	-4668.173	-105.3204	71.0647	58.5019	13.795	13.7847	14.2035	15.2421	53.9562	82.5941
3980	-4773.236	-4667.916	-105.3204	71.0647	58.5019	13.795	13.7847	14.2035	15.2421	53.9562	82.5942
3990	-4773.236	-4667.916	-105.3204	71.0647	58.5019	13.795	13.7847	14.2035	15.2421	53.9562	82.5942
4000	-4773.517	-4668.197	-105.3204	71.0647	58.5019	13.795	13.7847	14.2035	15.2421	53.9562	82.5942
4010	-4773.406	-4668.086	-105.3204	71.0647	58.5019	13.795	13.7847	14.2035	15.2421	53.9562	82.5942
4020	-4773.406	-4668.086	-105.3204	71.0647	58.5019	13.795	13.7847	14.2035	15.2421	53.9562	82.5942
4030	-4773.406	-4668.086	-105.3204	71.0647	58.5019	13.795	13.7847	14.2035	15.2421	53.9562	82.5942
4040	-4773.406	-4668.086	-105.3204	71.0647	58.5019	13.795	13.7847	14.2035	15.2421	53.9562	82.5942
4050	-4773.381	-4668.06	-105.3204	71.0647	58.5019	13.795	13.7847	14.2035	15.2421	53.9562	82.5942
4060	-4773.381	-4668.06	-105.3204	71.0647	58.5019	13.795	13.7847	14.2035	15.2421	53.9562	82.5942
4070	-4773.81	-4668.49	-105.3204	71.0647	58.5019	13.795	13.7847	14.2035	15.2421	53.9562	82.5942
4080	-4774.863	-4669.543	-105.3204	71.0647	58.5019	13.795	13.7847	14.2035	15.2421	53.9562	82.5942
4090	-4774.863	-4669.543	-105.3204	71.0647	58.5019	13.795	13.7847	14.2035	15.2421	53.9562	82.5942
4100	-4773.459	-4668.139	-105.3204	71.0647	58.5019	13.795	13.7847	14.2035	15.2421	53.9562	82.5942
4110	-4775.481	-4670.161	-105.3204	71.0647	58.5019	13.795	13.7847	14.2035	15.2421	53.9562	82.5942
4120	-4776.972	-4671.652	-105.3204	71.0647	58.5019	13.795	13.7847	14.2035	15.2421	53.9562	82.5942
4130	-4776.972	-4671.652	-105.3204	71.0647	58.5019	13.795	13.7847	14.2035	15.2421	53.9562	82.5942
4140	-4776.972	-4671.652	-105.3204	71.0647	58.5019	13.795	13.7847	14.2035	15.2421	53.9562	82.5942
4150	-4776.972	-4671.652	-105.3204	71.0647	58.5019	13.795	13.7847	14.2035	15.2421	53.9562	82.5942
4160	-4778.018	-4672.697	-105.3204	71.0647	58.5019	13.795	13.7847	14.2035	15.2421	53.9562	82.5942
4170	-4778.018	-4672.697	-105.3204	71.0647	58.5019	13.795	13.7847	14.2035	15.2421	53.9562	82.5942
4180	-4778.018	-4672.697	-105.3204	71.0647	58.5019	13.795	13.7847	14.2035	15.2421	53.9562	82.5942
4190	-4778.018	-4672.697	-105.3204	71.0647	58.5019	13.795	13.7847	14.2035	15.2421	53.9562	82.5942
4200	-4778.018	-4672.697	-105.3204	71.0647	58.5019	13.795	13.7847	14.2035	15.2421	53.9562	82.5942
4210	-4773.359	-4668.039	-105.3204	71.0647	58.5019	13.795	13.7847	14.2035	15.2421	53.9562	82.5942
4220	-4773.359	-4668.039	-105.3204	71.0647	58.5019	13.795	13.7847	14.2035	15.2421	53.9562	82.5942
4230	-4775.758	-4670.437	-105.3204	71.0647	58.5019	13.795	13.7847	14.2035	15.2421	53.9562	82.5942
4240	-4775.758	-4670.437	-105.3204	71.0647	58.5019	13.795	13.7847	14.2035	15.2421	53.9562	82.5942
4250	-4773.589	-4668.269	-105.3204	71.0647	58.5019	13.795	13.7847	14.2035	15.2421	53.9562	82.5942
4260	-4773.589	-4668.269	-105.3204	71.0647	58.5019	13.795	13.7847	14.2035	15.2421	53.9562	82.5942
4270	-4775.718	-4670.398	-105.3204	71.0647	58.5019	13.795	13.7847	14.2035	15.2421	53.9562	82.5942
4280	-4775.718	-4670.398	-105.3204	71.0647	58.5019	13.795	13.7847	14.2035	15.2421	53.9562	82.5942
4290	-4775.729	-4670.409	-105.3204	71.0647	58.5019	13.795	13.7847	14.2035	15.2421	53.9562	82.5942
4300	-4775.729	-4670.409	-105.3204	71.0647	58.5019	13.795	13.7847	14.2035	15.2421	53.9562	82.5942
4310	-4773.364	-4668.043	-105.3204	71.0647	58.5019	13.795	13.7847	14.2035	15.2421	53.9562	82.5942
4320	-4773.364	-4668.043	-105.3204	71.0647	58.5019	13.795	13.7847	14.2035	15.2421	53.9562	82.5942
4330	-4773.364	-4668.043	-105.3204	71.0647	58.5019	13.795	13.7847	14.2035	15.2421	53.9562	82.5942
4340	-4773.364	-4668.043	-105.3204	71.0647	58.5019	13.795	13.7847	14.2035	15.2421	53.9562	82.5942
4350	-4773.364	-4668.043	-105.3204	71.0647	58.5019	13.795	13.7847	14.2035	15.2421	53.9562	82.5942
4360	-4773.364	-4668.043	-105.3204	71.0647	58.5019	13.795	13.7847	14.2035	15.2421	53.9562	82.5942
4370	-4773.364	-4668.043	-105.3204	71.0647	58.5019	13.795	13.7847	14.2035	15.2421	53.9562	82.5942
4380	-4773.364	-4668.043	-105.3204	71.0647	58.5019	13.795	13.7847	14.2035	15.2421	53.9562	82.5942
4390	-4773.364	-4668.043	-105.3204	71.0647	58.5019	13.795	13.7847	14.2035	15.2421	53.9562	82.5942
4400	-4773.364	-4668.043	-105.3204	71.0647	58.5019	13.795	13.7847	14.2035	15.2421	53.9562	82.5942
4410	-4774.232	-4668.912	-105.3204	71.0647	58.5019	13.795	13.7847	14.2035	15.2421	53.9562	82.5942
4420	-4774.232	-4668.912	-105.3204	71.0647	58.5019	13.795	13.7847	14.2035	15.2421	53.9562	82.5942
4430	-4774.232	-4668.912	-105.3204	71.0647	58.5019	13.795	13.7847	14.2035	15.2421	53.9562	82.5942
4440	-4774.969	-4669.649	-105.3204	71.0647	58.5019	13.795	13.7847	14.2035	15.2421	53.9562	82.5942
4450	-4774.969	-4669.649	-105.3204	71.0647	58.5019	13.795	13.7847	14.2035	15.2421	53.9562	82.5942
4460	-4774.969	-4669.649	-105.3204	71.0647	58.5019	13.795	13.7847	14.2035	15.2421	53.9562	82.5942
4470	-4774.969	-4669.649	-105.3204	71.0647	58.5019	13.795	13.7847	14.2035	15.2421	53.9562	82.5942
4480	-4773.152	-4667.832	-105.3204	71.0647	58.5019	13.795	13.7847	14.2035	15.2421	53.9562	82.5942
4490	-4773.152	-4667.832	-105.3204	71.0647	58.5019	13.795	13.7847	14.2035	15.2421	53.9562	82.5942
4500	-4773.152	-4667.832	-105.3204	71.0647	58.5019	13.795	13.7847	14.2035	15.2421	53.9562	82.5942
4510	-4773.152	-4667.832	-105.3204	71.0647	58.5019	13.795	13.7847	14.2035	15.2421	53.9562	82.5942
4520	-4773.152	-4667.832	-105.3204	71.0647	58.5019	13.795	13.7847	14.2035	15.2421	53.9562	82.5942
4530	-4773.152	-4667.832	-105.3204	71.0647	58.5019	13.795	13.7847	14.2035	15.2421	53.9562	82.5942
4540	-4773.152	-4667.832	-105.3204	71.0647	58.5019	13.795	13.7847	14.2035	15.2421	53.9562	82.5942
4550	-4773.232	-4667.912	-105.3204	71.0647	58.5019	13.795	13.7847	14.2035	15.2421	53.9562	82.5942
4560	-4773.232	-4667.912	-105.3204	71.0647	58.5019	13.795	13.7847	14.2035	15.2421	53.9562	82.5942
4570	-4773.232	-4667.912	-105.3204	71.0647	58.5019	13.795	13.7847	14.2035	15.2421	53.9562	82.5942
4580	-4773.232	-4667.912	-105.3204	71.0647	58.5019	13.795	13.7847	14.2035	15.2421	53.9562	82.5942
4590	-4773.232	-4667.912	-105.3204	71.0647	58.5019	13.795	13.7847	14.2035	15.2421	53.9562	82.5942
4600	-4773.232	-4667.912	-105.3204	71.0647	58.5019	13.795	13.7847	14.2035	15.2421	53.9562	82.5942
4610	-4773.08	-4667.76	-105.3204	71.0647	58.5019	13.795	13.7847	14.2035	15.2421	53.9562	82.5942
4620	-4773.507	-4668.187	-105.3204	71.0647	58.5019	13.795	13.7847	14.2035	15.2421	53.9562	82.5942
4630	-4773.507	-4668.187	-105.3204	71.0647	58.5019	13.795	13.7847	14.2035	15.2421	53.9562	82.5942
4640	-4773.507	-4668.187	-105.3204	71.0647	58.5019	13.795	13.7847	14.2035	15.2421	53.9562	82.5942
4650	-4774.96	-4669.64	-105.3204	71.0647	58.5019	13.795	13.7847	14.2035	15.2421	53.9562	82.5942
4660	-4774.96	-4669.64	-105.3204	71.0647	58.5019	13.795	13.7847	14.2035	15.2421	53.9562	82.5942
4670	-4774.96	-4669.64	-105.3204	71.0647	58.5019	13.795	13.7847	14.2035	15.2421	53.9562	82.5942
4680	-4774.96	-4669.64	-105.3204	71.0647	58.5019	13.795	13.7847	14.2035	15.2421	53.9562	82.5942
4690	-4774.96	-4669.64	-105.3204	71.0647	58.5019	13.795	13.7847	14.2035	15.2421	53.9562	82.5942
4700	-4774.96	-4669.64	-105.3204	71.0647	58.5019	13.795	13.7847	14.2035	15.2421	53.9562	82.5942
4710	-4774.96	-4669.64	-105.3204	71.0647	58.5019	13.795	13.7847	14.2035	15.2421	53.9562	82.5942
4720	-4775.245	-4669.925	-105.3204	71.0647	58.5019	13.795	13.7847	14.2035	15.2421	53.9562	82.5942
4730	-4775.245	-4669.925	-105.3204	71.0647	58.5019	13.795	13.7847	14.2035	15.2421	53.9562	82.5942
4740	-4773.057	-4667.737	-105.3204	71.0647	58.5019	13.795	13.7847	14.2035	15.2421	53.9562	82.5942
4750	-4775.218	-4669.898	-105.3204	71.0647	58.5019	13.795	13.7847	14.2035	15.2421	53.9562	82.5942
4760	-4775.218	-4669.898	-105.3204	71.0647	58.5019	13.795	13.7847	14.2035	15.2421	53.9562	82.5942
4770	-4773.717	-4668.396	-105.3204	71.0647	58.5019	13.795	13.7847	14.2035	15.2421	53.9562	82.5942
4780	-4773.717	-4668.396	-105.3204	71.0647	58.5019	13.795	13.7847	14.2035	15.2421	53.9562	82.5942
4790	-4774.776	-4669.456	-105.3204	71.0647	58.5019	13.795	13.7847	14.2035	15.2421	53.9562	82.5942
4800	-4774.776	-4669.456	-105.3204	71.0647	58.5019	13.795	13.7847	14.2035	15.2421	53.9562	82.5942
4810	-4774.776	-4669.456	-105.3204	71.0647	58.5019	13.795	13.7847	14.2035	15.2421	53.9562	82.5942
4820	-4774.776	-4669.456	-105.3204	71.0647	58.5019	13.795	13.7847	14.2035	15.2421	53.9562	82.5942
4830	-4773.084	-4667.764	-105.3204	71.0647	58.5019	13.795	13.7847	14.2035	15.2421	53.9562	82.5942
4840	-4773.084	-4667.764	-105.3204	71.0647	58.5019	13.795	13.7847	14.2035	15.2421	53.9562	82.5942
4850	-4773.996	-4668.676	-105.3204	71.0647	58.5019	13.795	13.7847	14.2035	15.2421	53.9562	82.5942
4860	-4773.996	-4668.676	-105.3204	71.0647	58.5019	13.795	13.7847	14.2035	15.2421	53.9562	82.5942
4870	-4773.996	-4668.676	-105.3204	71.0647	58.5019	13.795	13.7847	14.2035	15.2421	53.9562	82.5942
4880	-4773.996	-4668.676	-105.3204	71.0647	58.5019	13.795	13.7847	14.2035	15.2421	53.9562	82.5942
4890	-4773.996	-4668.676	-105.3204	71.0647	58.5019	13.795	13.7847	14.2035	15.2421	53.9562	82.5942
4900	-4773.996	-4668.676	-105.3204	71.0647	58.5019	13.795	13.7847	14.2035	15.2421	53.9562	82.5942
4910	-4773.996	-4668.676	-105.3204	71.0647	58.5019	13.795	13.7847	14.2035	15.2421	53.9562	82.5942
4920	-4773.996	-4668.676	-105.3204	71.0647	58.5019	13.795	13.7847	14.2035	15.2421	53.9562	82.5942
4930	-4773.996	-4668.676	-105.3204	71.0647	58.5019	13.795	13.7847	14.2035	15.2421	53.9562	82.5942
4940	-4773.05	-4667.73	-105.3204	71.0647	58.5019	13.795	13.7847	14.2035	15.2421	53.9562	82.5942
4950	-4773.352	-4668.032	-105.3204	71.0647	58.5019	13.795	13.7847	14.2035	15.2421	53.9562	82.5942
4960	-4773.352	-4668.032	-105.3204	71.0647	58.5019	13.795	13.7847	14.2035	15.2421	53.9562	82.5942
4970	-4773.352	-4668.032	-105.3204	71.0647	58.5019	13.795	13.7847	14.2035	15.2421	53.9562	82.5942
4980	-4773.352	-4668.032	-105.3204	71.0647	58.5019	13.795	13.7847	14.2035	15.2421	53.9562	82.5942
4990	-4773.352	-4668.032	-105.3204	71.0647	58.5019	13.795	13.7847	14.2035	15.2421	53.9562	82.5942
5000	-4773.352	-4668.032	-105.3204	71.0647	58.5019	13.795	13.7847	14.2035	15.2421	53.9562	82.5942
