Iteration	Posterior	Likelihood	Prior	birth_rate
0	-1602.01	-1603.61	1.59405	0.1145512
10	-1594.09	-1594.15	0.0630124	0.1970138
20	-1595.7	-1595.68	-0.0241849	0.2017851
30	-1587.9	-1588.67	0.76359	0.1593483
40	-1657.89	-1660.13	2.23775	0.07094113
50	-1672.77	-1675.06	2.28708	0.06438046
60	-1589.62	-1590.01	0.389431	0.1793408
70	-1769.11	-1771.18	2.06649	0.03762387
80	-1807.73	-1809.52	1.78415	0.03104013
90	-1748.69	-1750.87	2.1758	0.04180991
100	-1905.05	-1905.73	0.680091	0.01963326
110	-1848.91	-1850.3	1.38268	0.0254771
120	-1867.17	-1868.35	1.17332	0.02338477
130	-1784	-1785.97	1.969	0.03490138
140	-1633.51	-1635.59	2.0779	0.08464708
150	-1591	-1592.17	1.16761	0.137823
160	-1588.82	-1589.8	0.978609	0.1479091
170	-1755.1	-1751.84	-3.26334	0.403082
180	-1634.7	-1636.79	2.08858	0.08386252
190	-1811.88	-1813.63	1.74825	0.03041889
200	-1775.31	-1777.34	2.02767	0.03645927
210	-1699.3	-1701.61	2.3088	0.05484596
220	-1602.97	-1604.59	1.61848	0.1131747
230	-1587.94	-1588.62	0.683682	0.163603
240	-1687.3	-1689.61	2.30839	0.05886998
250	-1593.58	-1594.89	1.3081	0.1302686
260	-1728.32	-1730.58	2.25469	0.04661015
270	-1607.18	-1608.9	1.71385	0.1077211
280	-1634.18	-1636.26	2.08394	0.08420478
290	-1598.45	-1598.29	-0.155615	0.2090226
300	-1749.38	-1751.55	2.17262	0.04166013
310	-1589.9	-1590.26	0.36224	0.180803
320	-1594.77	-1594.79	0.0251754	0.1990813
330	-1611.5	-1613.29	1.79635	0.1028764
340	-1689.81	-1692.12	2.30969	0.05799206
350	-1728.18	-1730.44	2.25511	0.04664481
360	-1692.97	-1695.28	2.3104	0.05691507
370	-1683.53	-1685.83	2.30516	0.06022908
380	-1778.41	-1780.42	2.00731	0.03589376
390	-1711.01	-1713.31	2.29582	0.05129294
400	-1664.59	-1666.85	2.26375	0.06785484
410	-1658.74	-1660.98	2.24143	0.07053511
420	-1608.97	-1610.72	1.7497	0.1056328
430	-1625.01	-1627	1.9901	0.09074692
440	-1591.21	-1592.39	1.18112	0.1370996
450	-1859.52	-1860.78	1.26339	0.02423733
460	-1689.15	-1691.46	2.30941	0.05822201
470	-1773.13	-1775.17	2.04165	0.0368646
480	-1822.6	-1824.25	1.65072	0.0288814
490	-1804.46	-1806.27	1.81172	0.03154078
500	-1760.99	-1763.11	2.11344	0.03922165
510	-1734.34	-1736.58	2.23466	0.04511764
520	-1830.52	-1832.09	1.57434	0.02780472
530	-1768.25	-1770.32	2.07172	0.03779057
540	-1594.46	-1595.8	1.34694	0.1281656
550	-1598.96	-1598.78	-0.178216	0.210273
560	-1587.95	-1588.62	0.675836	0.1640211
570	-1612.75	-1614.57	1.8181	0.1015744
580	-1588.9	-1589.88	0.987475	0.1474371
590	-1591.65	-1592.85	1.20757	0.1356809
600	-1635.44	-1637.54	2.09511	0.08337743
610	-1611.48	-1613.28	1.79606	0.1028935
620	-1799.95	-1801.8	1.84862	0.03224628
630	-1818.77	-1820.45	1.68643	0.02942108
640	-1853.56	-1854.89	1.33124	0.02492561
650	-1706.12	-1708.42	2.30277	0.0527361
660	-1666.22	-1668.49	2.26911	0.06713756
670	-1676.39	-1678.68	2.29469	0.06293499
680	-1673.15	-1675.44	2.28796	0.06422497
690	-1809.93	-1811.69	1.76529	0.03070976
700	-1760.02	-1762.14	2.11874	0.03941808
710	-1656.69	-1658.93	2.23242	0.07151558
720	-1712.22	-1714.51	2.29378	0.05094669
730	-1613.64	-1615.47	1.83284	0.1006857
740	-1596.33	-1597.75	1.42055	0.1241582
750	-1628.71	-1630.74	2.0309	0.08798003
760	-1598.68	-1600.18	1.49953	0.1198176
770	-1588.48	-1589.41	0.930269	0.1504817
780	-1598.05	-1599.53	1.47932	0.1209327
790	-1599.16	-1600.68	1.51424	0.1190038
800	-1587.97	-1588.77	0.807159	0.1570302
810	-1620.47	-1622.41	1.93377	0.09441906
820	-1617.29	-1619.18	1.88951	0.09720902
830	-1624.53	-1623.53	-1.00312	0.2572583
840	-1590.07	-1590.42	0.345456	0.1817064
850	-1597.66	-1599.12	1.46654	0.1216366
860	-1646.59	-1648.77	2.17786	0.07673617
870	-1616.56	-1618.44	1.87867	0.09788211
880	-1587.93	-1588.62	0.690238	0.1632538
890	-1674.43	-1676.73	2.29078	0.06370882
900	-1611.35	-1613.15	1.79378	0.1030295
910	-1682.85	-1685.15	2.30441	0.06047907
920	-1652.06	-1654.27	2.20956	0.07382774
930	-1751.07	-1753.23	2.16459	0.04129296
940	-1735.7	-1737.93	2.22975	0.04478978
950	-1664.61	-1666.87	2.26382	0.06784545
960	-1615.52	-1617.38	1.86285	0.09885641
970	-1598.82	-1600.32	1.50374	0.119585
980	-1686.42	-1688.73	2.30777	0.05918353
990	-1719.66	-1721.94	2.2784	0.04887595
1000	-1652.23	-1654.44	2.21047	0.07373959
1010	-1637.97	-1640.09	2.11627	0.08177311
1020	-1718.07	-1720.35	2.28209	0.04930941
1030	-1726.64	-1728.9	2.25976	0.04703745
1040	-1622	-1623.95	1.95356	0.09314573
1050	-1721.37	-1723.64	2.27421	0.04841736
1060	-1596.08	-1597.49	1.41129	0.124664
1070	-1781.29	-1783.27	1.98784	0.03537851
1080	-1809.17	-1810.94	1.77183	0.0308232
1090	-1644.85	-1647.02	2.16665	0.07770295
1100	-1589.39	-1589.8	0.414418	0.1779986
1110	-1600.8	-1602.36	1.56154	0.1163732
1120	-1604.92	-1606.59	1.66474	0.1105462
1130	-1590.12	-1590.46	0.341567	0.1819158
1140	-1615.66	-1614.9	-0.760619	0.2431544
1150	-1588.9	-1589.88	0.987415	0.1474403
1160	-1590.77	-1591.92	1.15183	0.138668
1170	-1655.86	-1658.09	2.22857	0.07192211
1180	-1718.9	-1721.18	2.28019	0.04908171
1190	-1773.31	-1775.35	2.04046	0.03682965
1200	-1739.19	-1741.41	2.2165	0.04396275
1210	-1751.89	-1754.05	2.16064	0.04111722
1220	-1664.09	-1666.35	2.26203	0.06807793
1230	-1604.06	-1605.71	1.64487	0.1116789
1240	-1619.26	-1621.18	1.9174	0.09545935
1250	-1735.8	-1738.03	2.2294	0.04476692
1260	-1682.64	-1684.95	2.30417	0.06055478
1270	-1596.38	-1597.81	1.42238	0.1240583
1280	-1643.97	-1642.51	-1.45733	0.2844038
1290	-1595.96	-1595.92	-0.0371778	0.2024981
1300	-1597.33	-1598.78	1.45543	0.1222468
1310	-1626.94	-1628.95	2.01189	0.08928223
1320	-1589.34	-1589.76	0.420101	0.1776934
1330	-1647.14	-1649.32	2.18127	0.0764355
1340	-1605.9	-1607.58	1.68647	0.1093008
1350	-1637.1	-1635.79	-1.30623	0.2752644
1360	-1613.5	-1612.81	-0.69664	0.2394758
1370	-1598.14	-1598	-0.141597	0.2082479
1380	-1607.46	-1609.18	1.71957	0.1073896
1390	-1595.1	-1595.11	0.00718159	0.2000661
1400	-1594.23	-1595.57	1.33735	0.1286854
1410	-1600.4	-1601.95	1.55032	0.1169991
1420	-1633.7	-1635.78	2.0796	0.0845228
1430	-1626.97	-1628.99	2.01232	0.08925305
1440	-1764.02	-1766.11	2.09648	0.03861681
1450	-1809.06	-1810.83	1.7728	0.03084022
1460	-1834.72	-1836.25	1.53232	0.02725252
1470	-1684.98	-1687.29	2.30659	0.05969955
1480	-1767.98	-1770.05	2.07333	0.03784247
1490	-1613.25	-1615.07	1.82639	0.1010755
1500	-1839.47	-1840.96	1.48347	0.02664208
1510	-1662.17	-1664.43	2.25514	0.06893999
1520	-1701.61	-1699.11	-2.49801	0.350557
1530	-1600.16	-1601.71	1.54364	0.1173711
1540	-1589.66	-1590.72	1.06589	0.1432589
1550	-1605.18	-1606.85	1.67061	0.1102106
1560	-1594.56	-1594.6	0.0365819	0.1984576
1570	-1610.22	-1612	1.77329	0.1042446
1580	-1588.22	-1589.11	0.883017	0.1529953
1590	-1590.3	-1590.62	0.325034	0.1828064
1600	-1589.08	-1590.08	1.00825	0.1463309
1610	-1592.84	-1594.11	1.27223	0.1322043
1620	-1602.61	-1604.22	1.60943	0.1136857
1630	-1704.49	-1706.8	2.3046	0.05322754
1640	-1745.79	-1747.98	2.18896	0.04245329
1650	-1845.02	-1846.45	1.42484	0.02595008
1660	-1716.37	-1718.66	2.28577	0.04977511
1670	-1710.82	-1713.12	2.29613	0.05134742
1680	-1750.05	-1752.22	2.16944	0.04151302
1690	-1739.1	-1741.32	2.21686	0.043984
1700	-1839.47	-1840.95	1.48354	0.02664298
1710	-1662.23	-1664.48	2.25533	0.06891601
1720	-1622.11	-1624.07	1.95498	0.09305389
1730	-1704.36	-1706.66	2.30474	0.0532683
1740	-1666.58	-1668.85	2.27024	0.06698269
1750	-1597.88	-1599.35	1.47391	0.1212308
1760	-1649.95	-1652.15	2.19798	0.07492415
1770	-1617.58	-1619.47	1.89368	0.09694922
1780	-1589.55	-1590.6	1.05592	0.1437905
1790	-1642.67	-1644.82	2.1517	0.0789543
1800	-1640.61	-1642.75	2.13678	0.08016447
1810	-1591.16	-1591.41	0.254584	0.1866087
1820	-1625.49	-1627.49	1.99571	0.0903723
1830	-1639.49	-1641.62	2.12826	0.08083922
1840	-1649.31	-1651.51	2.1943	0.07526323
1850	-1631.77	-1633.83	2.06158	0.08582472
1860	-1602.3	-1603.9	1.60136	0.1141404
1870	-1646.79	-1648.97	2.17914	0.07662344
1880	-1773.04	-1775.08	2.04218	0.03688044
1890	-1798.74	-1800.59	1.85836	0.03243987
1900	-1598.2	-1599.68	1.48427	0.1206604
1910	-1625.61	-1627.6	1.99701	0.09028531
1920	-1604.16	-1605.81	1.64717	0.1115475
1930	-1588.19	-1589.06	0.874184	0.1534651
1940	-1617.55	-1619.44	1.89325	0.0969759
1950	-1694.29	-1696.6	2.31039	0.05647583
1960	-1693.37	-1695.68	2.31041	0.05678262
1970	-1606.07	-1607.76	1.69012	0.1090911
1980	-1650.18	-1652.38	2.19925	0.07480587
1990	-1706.43	-1708.73	2.3024	0.05264331
2000	-1698.76	-1701.07	2.30909	0.0550162
2010	-1620.88	-1622.82	1.93915	0.09407478
2020	-1592.3	-1593.55	1.24453	0.1336953
2030	-1600.34	-1600.11	-0.237357	0.2135533
2040	-1662.71	-1664.97	2.25711	0.06869774
2050	-1701.12	-1703.43	2.30762	0.05427044
2060	-1612.98	-1614.81	1.82196	0.101342
2070	-1616.11	-1617.98	1.87189	0.09830037
2080	-1659.63	-1661.88	2.24515	0.07011536
2090	-1682.61	-1684.91	2.30414	0.06056703
2100	-1630.24	-1632.28	2.04655	0.08689004
2110	-1628.54	-1630.57	2.02912	0.0881031
2120	-1640.51	-1642.65	2.13603	0.08022361
2130	-1716.28	-1713.56	-2.72162	0.3655483
2140	-1618.5	-1620.4	1.90678	0.09612907
2150	-1595.57	-1595.56	-0.0175623	0.2014219
2160	-1593.93	-1594	0.0720777	0.1965191
2170	-1639.65	-1638.29	-1.36344	0.2787119
2180	-1634.26	-1633.02	-1.24099	0.2713525
2190	-1591.06	-1592.24	1.17172	0.1376029
2200	-1604.5	-1604.1	-0.399201	0.2225949
2210	-1589.44	-1590.49	1.04564	0.1443385
2220	-1615.12	-1616.98	1.85666	0.09923633
2230	-1748.21	-1750.38	2.17805	0.04191661
2240	-1606.64	-1608.34	1.70238	0.1083842
2250	-1636.55	-1638.65	2.10452	0.08267033
2260	-1645.14	-1647.31	2.16858	0.07753842
2270	-1636.61	-1638.72	2.10506	0.08262982
2280	-1626.01	-1628.01	2.00156	0.08998009
2290	-1588.43	-1588.98	0.545278	0.1709884
2300	-1599.28	-1599.09	-0.192259	0.2110508
2310	-1592.73	-1594	1.2668	0.1324968
2320	-1593.89	-1595.21	1.32228	0.1295014
2330	-1591.48	-1592.68	1.19801	0.1361939
2340	-1588.94	-1589.94	0.993111	0.147137
2350	-1605.79	-1607.47	1.68411	0.1094365
2360	-1655.52	-1657.75	2.22697	0.07208857
2370	-1792.24	-1794.15	1.90883	0.03349803
2380	-1701.24	-1703.55	2.30753	0.05423171
2390	-1780.83	-1782.82	1.99099	0.03546039
2400	-1640.83	-1642.97	2.13839	0.08003559
2410	-1616.48	-1618.36	1.87743	0.09795846
2420	-1761.4	-1763.51	2.11121	0.03913998
2430	-1836.86	-1838.37	1.51049	0.02697577
2440	-1805.99	-1807.79	1.79892	0.03130571
2450	-1727.33	-1729.59	2.25771	0.04686217
2460	-1646.3	-1648.48	2.17606	0.07689338
2470	-1588.04	-1588.68	0.636896	0.1660969
2480	-1633.74	-1635.82	2.08003	0.08449169
2490	-1592.76	-1592.91	0.142846	0.1926653
2500	-1602.56	-1604.17	1.60813	0.113759
2510	-1588.58	-1589.53	0.945286	0.1496826
2520	-1606.32	-1608.02	1.69569	0.1087703
2530	-1661.83	-1664.08	2.25383	0.06909811
2540	-1723.59	-1725.85	2.26841	0.04783069
2550	-1616.32	-1618.2	1.87511	0.09810186
2560	-1735.17	-1737.4	2.23171	0.04491891
2570	-1589.41	-1590.45	1.04279	0.1444905
2580	-1748.83	-1751.01	2.17516	0.04177948
2590	-1755.26	-1757.4	2.14383	0.04040139
2600	-1627.48	-1629.5	2.01789	0.08887402
2610	-1596.76	-1598.19	1.4357	0.1233292
2620	-1592.84	-1592.98	0.137655	0.1929475
2630	-1593.66	-1593.75	0.0878801	0.1956573
2640	-1727.15	-1729.41	2.25826	0.04690848
2650	-1746.4	-1748.58	2.18625	0.04231716
2660	-1685.12	-1687.43	2.30671	0.05964828
2670	-1704.49	-1706.8	2.30461	0.05322855
2680	-1594.54	-1595.89	1.35022	0.1279878
2690	-1587.89	-1588.63	0.737053	0.1607608
2700	-1614.67	-1616.52	1.84957	0.09966903
2710	-1587.95	-1588.63	0.675168	0.1640567
2720	-1629.86	-1631.9	2.04275	0.08715652
2730	-1667.02	-1669.29	2.2716	0.06679239
2740	-1588.55	-1589.49	0.940335	0.1499461
2750	-1637.64	-1639.75	2.11354	0.08198342
2760	-1651.53	-1653.74	2.20673	0.07410004
2770	-1660.67	-1662.91	2.24933	0.06963339
2780	-1769.82	-1771.88	2.06218	0.03748835
2790	-1859.32	-1860.59	1.2656	0.02425914
2800	-1684.48	-1686.78	2.30612	0.05988254
2810	-1587.98	-1588.64	0.658936	0.1649218
2820	-1621.97	-1621.03	-0.93604	0.253331
2830	-1739.96	-1736.9	-3.05954	0.3887553
2840	-1600.71	-1602.27	1.55916	0.1165062
2850	-1648.88	-1651.08	2.19181	0.07549077
2860	-1644.93	-1647.1	2.16718	0.07765857
2870	-1668.85	-1671.13	2.277	0.06600822
2880	-1740.96	-1743.17	2.20942	0.04355049
2890	-1737.05	-1739.28	2.22474	0.04446784
2900	-1723.43	-1725.7	2.26883	0.04787137
2910	-1620.92	-1622.86	1.93974	0.09403702
2920	-1655.55	-1657.78	2.22711	0.07207328
2930	-1665.98	-1668.25	2.26835	0.06724183
2940	-1680.8	-1683.11	2.30185	0.06123937
2950	-1610.34	-1609.74	-0.598295	0.2338548
2960	-1744.77	-1741.64	-3.12525	0.3933475
2970	-1658.5	-1656.75	-1.75248	0.3025851
2980	-1587.95	-1588.75	0.800781	0.1573695
2990	-1679.56	-1681.86	2.30007	0.06170825
3000	-1749.17	-1751.34	2.17359	0.04170572
3010	-1613.91	-1615.75	1.83734	0.100413
3020	-1596.3	-1597.72	1.41927	0.1242281
3030	-1613.7	-1615.53	1.83383	0.1006254
3040	-1588.32	-1588.89	0.567076	0.1698235
3050	-1625.41	-1627.4	1.99469	0.09044045
3060	-1599.76	-1599.54	-0.212743	0.2121866
3070	-1587.96	-1588.77	0.805172	0.1571359
3080	-1668.08	-1670.36	2.27479	0.06633419
3090	-1782.1	-1784.08	1.98226	0.03523517
3100	-1734.36	-1736.59	2.23462	0.04511474
3110	-1757.44	-1759.57	2.13255	0.03994788
3120	-1649.71	-1651.91	2.19659	0.07505231
3130	-1778.22	-1780.23	2.00854	0.03592711
3140	-1622.27	-1624.23	1.95703	0.09292087
3150	-1742.58	-1744.79	2.20274	0.04317804
3160	-1688.43	-1690.74	2.30906	0.05847273
3170	-1677.42	-1679.72	2.29658	0.06253033
3180	-1623.69	-1625.67	1.97452	0.09177796
3190	-1649.19	-1651.39	2.19362	0.07532569
3200	-1629.5	-1631.54	2.03906	0.08741373
3210	-1606.42	-1608.12	1.6977	0.1086541
3220	-1588.12	-1588.98	0.859031	0.154271
3230	-1618.4	-1617.56	-0.838835	0.2476752
3240	-1593.82	-1593.9	0.0781925	0.1961855
3250	-1610.36	-1612.14	1.77593	0.104089
3260	-1640.99	-1643.13	2.13962	0.07993628
3270	-1701.85	-1704.16	2.30706	0.05404217
3280	-1609.93	-1611.7	1.76793	0.1045612
3290	-1680.36	-1682.67	2.30124	0.06140489
3300	-1588.69	-1589.65	0.960727	0.1488609
3310	-1637.96	-1640.08	2.11617	0.08178109
3320	-1964.55	-1964.3	-0.250403	0.01500765
3330	-1849.13	-1850.51	1.38027	0.02545071
3340	-1735.97	-1738.2	2.22876	0.04472502
3350	-1747.07	-1749.25	2.18322	0.04216754
3360	-1664.96	-1667.23	2.26501	0.06768942
3370	-1589.94	-1591.03	1.08984	0.1419807
3380	-1618.68	-1620.59	1.90938	0.0959654
3390	-1650.82	-1653.03	2.20285	0.07446799
3400	-1640.61	-1642.75	2.13679	0.08016332
3410	-1634.43	-1636.52	2.08622	0.08403725
3420	-1587.99	-1588.65	0.655582	0.1651006
3430	-1597.15	-1598.6	1.4493	0.1225835
3440	-1628.7	-1630.74	2.03087	0.08798238
3450	-1636.29	-1638.39	2.10236	0.08283376
3460	-1681.5	-1683.8	2.30278	0.06097783
3470	-1742.41	-1744.62	2.20346	0.04321706
3480	-1660.31	-1662.56	2.24791	0.06979767
3490	-1679.43	-1681.73	2.29987	0.06175955
3500	-1588.2	-1589.07	0.87654	0.1533397
3510	-1687.96	-1690.27	2.30879	0.05863792
3520	-1639.24	-1641.37	2.1263	0.08099335
3530	-1631.89	-1630.7	-1.18522	0.2680242
3540	-1590.58	-1591.72	1.13926	0.1393406
3550	-1604.67	-1606.33	1.65892	0.1108784
3560	-1617.83	-1619.73	1.8973	0.09672322
3570	-1629.65	-1631.69	2.04058	0.08730781
3580	-1679.65	-1681.95	2.3002	0.06167576
3590	-1930.01	-1930.32	0.31261	0.01752718
3600	-1905.78	-1906.45	0.669757	0.01956748
3610	-1793.77	-1795.67	1.89715	0.03324449
3620	-1694.88	-1697.19	2.31033	0.05627951
3630	-1605.31	-1606.98	1.67347	0.1100464
3640	-1589.79	-1590.17	0.372297	0.180262
3650	-1589.1	-1589.55	0.447699	0.1762127
3660	-1695.42	-1697.73	2.31025	0.05610238
3670	-1597.12	-1598.57	1.44852	0.1226261
3680	-1764.13	-1766.23	2.09583	0.03859436
3690	-1698.59	-1700.9	2.30917	0.05507114
3700	-1744.21	-1746.4	2.19585	0.04280876
3710	-1788.11	-1790.05	1.93954	0.03419288
3720	-1653.61	-1655.83	2.2176	0.07303947
3730	-1592.84	-1594.11	1.27234	0.1321984
3740	-1610.61	-1612.39	1.78041	0.1038238
3750	-1670.91	-1673.19	2.28254	0.0651447
3760	-1617.64	-1619.54	1.89457	0.0968935
3770	-1670.63	-1672.91	2.28181	0.06526235
3780	-1676.86	-1679.16	2.29556	0.06275034
3790	-1593.72	-1595.03	1.31432	0.1299322
3800	-1611.88	-1613.68	1.80303	0.1024776
3810	-1608.64	-1608.1	-0.543139	0.2307197
3820	-1591.68	-1592.89	1.20976	0.1355636
3830	-1605.78	-1607.46	1.6838	0.1094539
3840	-1663	-1665.26	2.25818	0.0685649
3850	-1643.53	-1645.69	2.15775	0.07845317
3860	-1688.71	-1691.02	2.3092	0.05837559
3870	-1704.74	-1707.04	2.30434	0.05315268
3880	-1716.4	-1718.69	2.28572	0.04976801
3890	-1602.93	-1604.54	1.6173	0.1132414
3900	-1611.37	-1613.16	1.79405	0.1030137
3910	-1588.09	-1588.71	0.621957	0.1668937
3920	-1595.8	-1597.2	1.40059	0.125248
3930	-1648.48	-1650.67	2.18941	0.07570816
3940	-1619.84	-1621.76	1.92524	0.09496251
3950	-1605.43	-1607.1	1.67609	0.1098967
3960	-1598.69	-1600.19	1.49962	0.119813
3970	-1587.9	-1588.61	0.71235	0.162076
3980	-1609.65	-1611.41	1.76259	0.1048758
3990	-1588.05	-1588.89	0.839292	0.1553209
4000	-1599.52	-1601.04	1.52483	0.1184168
4010	-1587.95	-1588.63	0.67424	0.1641062
4020	-1629.65	-1631.69	2.0406	0.08730624
4030	-1716.83	-1719.12	2.2848	0.04964826
4040	-1839.58	-1841.07	1.48231	0.02662799
4050	-1819.88	-1821.55	1.6762	0.02926389
4060	-1700.48	-1702.78	2.30807	0.05447268
4070	-1627.48	-1629.5	2.01789	0.08887392
4080	-1703.2	-1705.5	2.30589	0.0536246
4090	-1655.28	-1657.5	2.22579	0.07220962
4100	-1705.02	-1707.33	2.30403	0.05306655
4110	-1764.99	-1767.08	2.0909	0.03842505
4120	-1675.38	-1677.67	2.29272	0.06333343
4130	-1591.08	-1592.26	1.17296	0.1375368
4140	-1605.24	-1606.91	1.67194	0.1101344
4150	-1594.88	-1596.25	1.36465	0.1272044
4160	-1638.31	-1640.43	2.11898	0.08156357
4170	-1592.04	-1593.27	1.22995	0.1344791
4180	-1629.75	-1631.79	2.04167	0.08723195
4190	-1692.66	-1694.97	2.31037	0.05701945
4200	-1695.32	-1697.63	2.31027	0.05613246
4210	-1744.17	-1746.37	2.196	0.04281632
4220	-1589.61	-1590.67	1.0611	0.143514
4230	-1599.75	-1601.28	1.5317	0.1180353
4240	-1727.44	-1729.7	2.25737	0.04683346
4250	-1693.37	-1695.68	2.31041	0.05678145
4260	-1629.47	-1631.51	2.03883	0.08742976
4270	-1667.83	-1670.1	2.27404	0.06644397
4280	-1603.68	-1605.31	1.63558	0.1122061
4290	-1603.66	-1605.29	1.63517	0.1122297
4300	-1652.79	-1655	2.21339	0.07345524
4310	-1609.85	-1611.62	1.76642	0.1046503
4320	-1604.22	-1605.87	1.64845	0.1114752
4330	-1755.94	-1758.08	2.14033	0.0402585
4340	-1622.15	-1624.11	1.95549	0.09302085
4350	-1588.72	-1589.69	0.96532	0.1486165
4360	-1637.86	-1639.98	2.11538	0.08184184
4370	-1609.44	-1611.19	1.75855	0.1051134
4380	-1690.1	-1692.41	2.3098	0.05789303
4390	-1689.04	-1691.35	2.30936	0.0582602
4400	-1767.67	-1769.74	2.07518	0.03790244
4410	-1817.45	-1819.15	1.6985	0.02960934
4420	-1706.16	-1708.47	2.30272	0.05272235
4430	-1758.63	-1760.76	2.12623	0.03970211
4440	-1626.04	-1628.04	2.00188	0.08995829
4450	-1656.57	-1658.8	2.23185	0.07157683
4460	-1588.95	-1589.95	0.993998	0.1470898
4470	-1645.86	-1648.04	2.17325	0.077137
4480	-1635.64	-1637.73	2.09679	0.08325246
4490	-1932.29	-1927.08	-5.20942	0.5533193
4500	-1606.98	-1606.49	-0.486931	0.2275373
4510	-1658.1	-1656.35	-1.74465	0.3020972
4520	-1610.44	-1612.22	1.77727	0.1040093
4530	-1639.94	-1642.07	2.13171	0.08056711
4540	-1616.55	-1618.43	1.87853	0.0978903
4550	-1590.39	-1591.51	1.1248	0.1401134
4560	-1698.35	-1700.66	2.30929	0.0551486
4570	-1591.03	-1592.19	1.16923	0.1377366
4580	-1591.81	-1592.02	0.206321	0.1892207
4590	-1596.19	-1597.6	1.41518	0.1244517
4600	-1654.95	-1657.17	2.2242	0.07237317
4610	-1748.59	-1750.76	2.1763	0.04183354
4620	-1781.63	-1783.62	1.98547	0.03531746
4630	-1607.16	-1608.87	1.7133	0.1077529
4640	-1625.67	-1627.66	1.99769	0.09024001
4650	-1699.86	-1702.17	2.30847	0.05466781
4660	-1691.8	-1694.11	2.31025	0.05731224
4670	-1589.38	-1590.42	1.04022	0.1446275
4680	-1625.65	-1627.65	1.99747	0.0902545
4690	-1662.42	-1664.68	2.25605	0.06882875
4700	-1670.97	-1673.25	2.2827	0.06511987
4710	-1752.6	-1754.75	2.15717	0.04096491
4720	-1784.02	-1785.99	1.96881	0.0348965
4730	-1759.04	-1761.16	2.12405	0.03961864
4740	-1788.96	-1790.9	1.93325	0.03404704
4750	-1750.79	-1752.96	2.16591	0.04135231
4760	-1601.42	-1603	1.57852	0.1154232
4770	-1629.14	-1631.18	2.03545	0.08766516
4780	-1713.48	-1715.77	2.2915	0.05058549
4790	-1728.55	-1730.8	2.25399	0.04655262
4800	-1753.38	-1755.53	2.15331	0.0407989
4810	-1630.12	-1632.16	2.04534	0.08697459
4820	-1589.06	-1590.07	1.00628	0.1464355
4830	-1653.98	-1656.2	2.21948	0.0728521
4840	-1590.56	-1591.7	1.13776	0.1394207
4850	-1642.31	-1644.46	2.14917	0.07916219
4860	-1783.78	-1785.75	1.97056	0.03494002
4870	-1628.81	-1630.84	2.03198	0.08790525
4880	-1588.01	-1588.84	0.826278	0.1560132
4890	-1595.34	-1596.72	1.383	0.1262064
4900	-1606.45	-1608.15	1.69847	0.1086099
4910	-1641.95	-1644.1	2.14659	0.07937259
4920	-1645.49	-1647.66	2.17083	0.07734597
4930	-1625.76	-1627.76	1.99872	0.09017076
4940	-1675.41	-1677.71	2.2928	0.06331923
4950	-1759.32	-1761.44	2.12255	0.03956157
4960	-1635.39	-1637.49	2.09467	0.08341036
4970	-1593.84	-1595.16	1.32008	0.1296203
4980	-1615.29	-1617.14	1.85921	0.09908011
4990	-1591.03	-1592.2	1.16931	0.1377322
5000	-1588	-1588.65	0.651495	0.1653185
5010	-1629.66	-1631.7	2.04073	0.08729715
5020	-1615.36	-1617.22	1.86034	0.0990109
5030	-1660.91	-1663.16	2.25027	0.06952245
5040	-1653.85	-1656.06	2.21878	0.07292165
5050	-1589.16	-1590.18	1.01765	0.1458299
5060	-1596.84	-1598.28	1.43854	0.1231735
5070	-1599.86	-1601.4	1.53492	0.1178561
5080	-1605.65	-1607.33	1.68093	0.1096191
5090	-1634.4	-1636.48	2.08589	0.08406104
5100	-1587.93	-1588.62	0.685415	0.1635107
5110	-1587.89	-1588.62	0.72766	0.1612608
5120	-1591.69	-1592.9	1.21019	0.1355407
5130	-1642.82	-1644.97	2.15279	0.07886472
5140	-1695.24	-1697.55	2.31028	0.0561612
5150	-1807.03	-1808.82	1.79014	0.03114708
5160	-1662.49	-1664.75	2.25631	0.06879604
5170	-1665.34	-1667.6	2.26626	0.06752397
5180	-1691.06	-1693.37	2.31009	0.05756358
5190	-1640.79	-1639.4	-1.38854	0.2802289
5200	-1588.14	-1589	0.862509	0.1540861
5210	-1687.95	-1690.26	2.30879	0.05864032
5220	-1641.89	-1644.04	2.14619	0.07940561
5230	-1673.81	-1676.1	2.28943	0.0639606
5240	-1682.25	-1684.56	2.30371	0.06069893
5250	-1691.63	-1693.94	2.31022	0.05736938
5260	-1748.9	-1751.07	2.17486	0.04176538
5270	-1672.47	-1674.76	2.28638	0.06450312
5280	-1647.1	-1649.28	2.18105	0.0764553
5290	-1709.65	-1711.95	2.29797	0.05168933
5300	-1815.55	-1817.27	1.71564	0.02988201
5310	-1682.54	-1684.85	2.30406	0.06059162
5320	-1781.13	-1783.12	1.9889	0.03540616
5330	-1677.31	-1679.61	2.29638	0.06257309
5340	-1718.02	-1720.3	2.2822	0.04932246
5350	-1830.44	-1832.02	1.57509	0.02781482
5360	-1887.47	-1888.39	0.918796	0.02128384
5370	-1818.6	-1820.29	1.68796	0.02944475
5380	-1863	-1864.23	1.22278	0.02384478
5390	-1783.06	-1785.04	1.97556	0.03506515
5400	-1672.93	-1675.21	2.28745	0.06431674
5410	-1588.43	-1589.35	0.921741	0.1509354
5420	-1638.76	-1640.89	2.12257	0.08128527
5430	-1680.65	-1682.96	2.30165	0.06129583
5440	-1791.67	-1793.59	1.91309	0.03359201
5450	-1655.97	-1658.19	2.22905	0.07187111
5460	-1677.13	-1679.42	2.29605	0.06264559
5470	-1665.78	-1668.05	2.2677	0.06733032
5480	-1741.42	-1743.63	2.20754	0.04344421
5490	-1722.97	-1725.24	2.27006	0.04799181
5500	-1605.79	-1607.48	1.68414	0.1094349
5510	-1587.89	-1588.63	0.742281	0.1604825
5520	-1587.96	-1588.63	0.667594	0.1644603
5530	-1627.29	-1629.31	2.01581	0.08901567
5540	-1603.68	-1605.32	1.63574	0.1121973
5550	-1591.06	-1591.32	0.262359	0.1861885
5560	-1608.62	-1608.08	-0.5424	0.2306777
5570	-1715.41	-1717.69	2.28777	0.05004411
5580	-1706.42	-1708.72	2.30241	0.05264541
5590	-1756.49	-1758.62	2.13753	0.04014545
5600	-1805.59	-1807.4	1.80226	0.0313666
5610	-1697.95	-1700.26	2.30947	0.05527597
5620	-1620.33	-1622.26	1.93192	0.09453727
5630	-1598.32	-1599.81	1.48818	0.1204448
5640	-1592.48	-1592.64	0.161278	0.1916639
5650	-1588.14	-1589	0.862379	0.154093
5660	-1587.93	-1588.62	0.688183	0.1633632
5670	-1603.59	-1603.22	-0.365402	0.2206986
5680	-1621.14	-1620.23	-0.913863	0.252037
5690	-1636.45	-1638.55	2.1037	0.08273243
5700	-1605.1	-1604.68	-0.421011	0.2238208
5710	-1587.9	-1588.61	0.713982	0.1619891
5720	-1604.91	-1604.49	-0.413972	0.2234249
5730	-1587.89	-1588.62	0.726574	0.1613187
5740	-1593.93	-1594	0.0721669	0.1965142
5750	-1600.4	-1600.16	-0.239702	0.2136837
5760	-1640.89	-1639.5	-1.39063	0.2803554
5770	-1595.68	-1595.66	-0.0230341	0.201722
5780	-1664.99	-1667.25	2.2651	0.0676776
5790	-1596.21	-1596.16	-0.0499015	0.2031968
5800	-1789.84	-1791.77	1.92675	0.03389845
5810	-1690.61	-1692.92	2.30997	0.05771763
5820	-1587.92	-1588.61	0.696129	0.1629399
5830	-1668.89	-1671.17	2.27711	0.06599151
5840	-1665.57	-1667.83	2.267	0.06742434
5850	-1672.29	-1674.58	2.28596	0.06457505
5860	-1679.7	-1682	2.30028	0.06165482
5870	-1588.16	-1589.03	0.868133	0.1537869
5880	-1611.14	-1610.52	-0.623786	0.2353079
5890	-1589.13	-1589.57	0.444835	0.1763663
5900	-1638.56	-1640.68	2.12093	0.08141221
5910	-1632.62	-1634.68	2.06961	0.08524794
5920	-1623.84	-1622.86	-0.985384	0.2562181
5930	-1590.42	-1591.55	1.12772	0.1399572
5940	-1673.44	-1675.73	2.28861	0.06410921
5950	-1670.98	-1673.26	2.28272	0.06511617
5960	-1792.81	-1794.72	1.90449	0.03340312
5970	-1787.66	-1789.6	1.94279	0.03426891
5980	-1627.11	-1629.12	2.0138	0.08915212
5990	-1671.92	-1674.21	2.28507	0.06472746
6000	-1626.44	-1628.45	2.00639	0.08965433
6010	-1605.7	-1607.38	1.68219	0.1095465
6020	-1641.05	-1639.66	-1.39427	0.2805757
6030	-1593.91	-1595.23	1.32293	0.1294665
6040	-1646.37	-1648.54	2.17646	0.07685799
6050	-1661.76	-1664.01	2.25358	0.06912891
6060	-1753.55	-1755.7	2.15244	0.04076174
6070	-1625.83	-1627.83	1.99952	0.09011708
6080	-1737.66	-1739.89	2.22242	0.04432238
6090	-1735.84	-1738.07	2.22926	0.0447576
6100	-1629.03	-1631.07	2.03431	0.08774429
6110	-1592.49	-1593.74	1.25434	0.1331676
6120	-1606.25	-1607.95	1.69416	0.1088584
6130	-1609.56	-1608.99	-0.573182	0.2324258
6140	-1589.14	-1589.58	0.443235	0.1764521
6150	-1653.79	-1652.13	-1.66008	0.2968456
6160	-1591.91	-1592.11	0.199633	0.1895831
6170	-1706.85	-1704.27	-2.57927	0.3559719
6180	-1614.88	-1614.14	-0.737612	0.2418295
6190	-1701.74	-1704.05	2.30714	0.05407492
6200	-1619.54	-1621.46	1.92122	0.09521792
6210	-1599.87	-1601.41	1.53522	0.1178395
6220	-1677.76	-1680.06	2.29716	0.06240029
6230	-1589.72	-1590.79	1.0715	0.1429593
6240	-1605.13	-1606.8	1.66942	0.1102784
6250	-1588.95	-1589.94	0.993327	0.1471255
6260	-1601.49	-1601.21	-0.284163	0.2161583
6270	-1600.94	-1600.68	-0.261803	0.2149129
6280	-1646.7	-1648.88	2.17854	0.07667605
6290	-1644.21	-1646.37	2.16235	0.07806733
6300	-1603.13	-1604.75	1.62238	0.112954
6310	-1665.21	-1667.47	2.26583	0.06758158
6320	-1593.6	-1593.69	0.0912676	0.1954727
6330	-1589.32	-1590.36	1.03434	0.1449406
6340	-1603.91	-1605.55	1.64124	0.111885
6350	-1615.98	-1617.85	1.86984	0.09842671
6360	-1587.9	-1588.66	0.757515	0.1596716
6370	-1632.38	-1634.45	2.0674	0.08540728
6380	-1650.72	-1652.93	2.20231	0.07451919
6390	-1621.62	-1623.57	1.94879	0.09345448
6400	-1592.86	-1594.14	1.27357	0.1321321
6410	-1604.02	-1605.66	1.64379	0.1117401
6420	-1587.93	-1588.62	0.685272	0.1635184
6430	-1641.73	-1643.88	2.14503	0.07949931
6440	-1744.76	-1746.95	2.19348	0.04268492
6450	-1640.79	-1642.92	2.13808	0.08006047
6460	-1666.6	-1668.87	2.2703	0.06697412
6470	-1587.91	-1588.61	0.703917	0.1625251
6480	-1587.99	-1588.65	0.655366	0.1651121
6490	-1611.67	-1613.47	1.79944	0.1026922
6500	-1646.33	-1648.51	2.17624	0.07687693
6510	-1629.73	-1631.77	2.04144	0.08724791
6520	-1603.11	-1604.74	1.62192	0.1129798
6530	-1607.13	-1608.85	1.7128	0.1077818
6540	-1719.51	-1721.79	2.27877	0.04891731
6550	-1802.54	-1804.37	1.82761	0.03183939
6560	-1618.25	-1620.15	1.90329	0.09634839
6570	-1735.83	-1738.06	2.22928	0.04475901
6580	-1646.9	-1649.08	2.17978	0.07656691
6590	-1655.69	-1657.91	2.22774	0.07200813
6600	-1622.16	-1624.11	1.95558	0.09301476
6610	-1641.95	-1644.1	2.14659	0.07937278
6620	-1589.19	-1589.62	0.437817	0.1767427
6630	-1609.98	-1611.75	1.76879	0.1045101
6640	-1732.66	-1734.9	2.24054	0.04552779
6650	-1680.43	-1682.73	2.30133	0.06138148
6660	-1636.96	-1639.07	2.10799	0.08240729
6670	-1591.91	-1593.14	1.22302	0.1348516
6680	-1591.71	-1591.93	0.21348	0.1888329
6690	-1764.78	-1766.87	2.09212	0.03846642
6700	-1593.63	-1594.94	1.31045	0.1301414
6710	-1587.89	-1588.64	0.746342	0.1602663
6720	-1601.42	-1603	1.57851	0.1154237
6730	-1653.91	-1656.13	2.2191	0.07288955
6740	-1627.83	-1629.85	2.02157	0.08862215
6750	-1717.68	-1719.96	2.28296	0.04941583
6760	-1785.48	-1787.44	1.95852	0.03464409
6770	-1767.15	-1769.23	2.07824	0.03800205
6780	-1598.43	-1599.92	1.49162	0.1202548
6790	-1603.45	-1605.08	1.6301	0.1125167
6800	-1588.64	-1589.59	0.953853	0.1492267
6810	-1590.95	-1592.12	1.16446	0.1379922
6820	-1588.59	-1589.54	0.947516	0.149564
6830	-1684.72	-1687.03	2.30635	0.05979343
6840	-1619	-1620.91	1.91374	0.09569073
6850	-1630.07	-1632.12	2.04491	0.08700502
6860	-1605.09	-1604.67	-0.420614	0.2237985
6870	-1592.88	-1593.01	0.135489	0.1930653
6880	-1609.85	-1611.61	1.76633	0.1046555
6890	-1816.55	-1818.26	1.70664	0.02973804
6900	-1779.53	-1781.53	1.99979	0.03569195
6910	-1694.02	-1696.33	2.31041	0.05656551
6920	-1629.36	-1631.39	2.03762	0.08751431
6930	-1596.78	-1598.21	1.43646	0.1232877
6940	-1590.55	-1591.69	1.13669	0.1394778
6950	-1700.28	-1702.59	2.3082	0.05453417
6960	-1727.25	-1729.51	2.25796	0.0468831
6970	-1604.18	-1605.83	1.64759	0.1115238
6980	-1644.32	-1646.48	2.1631	0.07800381
6990	-1751.68	-1753.84	2.16166	0.0411621
7000	-1643.68	-1645.84	2.15879	0.07836651
7010	-1589.24	-1589.67	0.4316	0.1770763
7020	-1622.27	-1624.23	1.957	0.09292282
7030	-1588.26	-1589.15	0.8905	0.1525973
7040	-1651.33	-1653.53	2.20561	0.07420672
7050	-1626.29	-1628.29	2.00467	0.08977036
7060	-1623.48	-1625.45	1.97191	0.0919494
7070	-1627.26	-1629.28	2.01548	0.08903798
7080	-1736.57	-1738.8	2.22655	0.04458247
7090	-1837.16	-1838.67	1.50738	0.02693687
7100	-1651.18	-1653.39	2.20483	0.07428095
7110	-1650.46	-1652.66	2.20085	0.07465587
7120	-1642.1	-1644.25	2.14771	0.07928139
7130	-1619.87	-1621.8	1.92572	0.09493234
7140	-1594.8	-1596.16	1.36113	0.1273954
7150	-1597.73	-1599.2	1.46912	0.1214946
7160	-1592.8	-1592.94	0.140386	0.1927991
7170	-1597.21	-1598.66	1.45141	0.1224678
7180	-1589.23	-1590.25	1.02438	0.1454717
7190	-1667.39	-1669.66	2.27273	0.06663252
7200	-1592.38	-1593.63	1.24888	0.1334616
7210	-1588.04	-1588.88	0.836121	0.1554896
7220	-1633.24	-1635.32	2.07547	0.08482418
7230	-1661.02	-1663.27	2.25072	0.069469
7240	-1685.68	-1687.98	2.30719	0.05944967
7250	-1588.67	-1589.63	0.958648	0.1489716
7260	-1634.52	-1636.61	2.08701	0.08397844
7270	-1588.87	-1589.35	0.477495	0.1746156
7280	-1590.67	-1591.81	1.14519	0.139023
7290	-1647.21	-1649.39	2.18173	0.07639523
7300	-1588.95	-1589.41	0.467785	0.1751359
7310	-1605.23	-1606.9	1.67174	0.1101459
7320	-1596.2	-1597.62	1.4158	0.1244177
7330	-1588.03	-1588.86	0.832032	0.1557071
7340	-1680.35	-1682.65	2.30122	0.06140989
7350	-1711.25	-1713.55	2.29542	0.05122282
7360	-1667.48	-1669.75	2.27299	0.06659446
7370	-1719.89	-1722.17	2.27784	0.04881289
7380	-1587.9	-1588.66	0.760221	0.1595276
7390	-1609.4	-1611.15	1.7578	0.1051575
7400	-1610.5	-1612.28	1.77848	0.1039379
7410	-1653.56	-1655.78	2.21736	0.0730636
7420	-1694.56	-1696.87	2.31037	0.05638623
7430	-1846.14	-1847.56	1.41278	0.02581278
7440	-1738.64	-1740.86	2.21866	0.04409222
7450	-1683.74	-1686.04	2.30538	0.060152
7460	-1699.57	-1701.88	2.30864	0.05475844
7470	-1673.26	-1675.55	2.28821	0.06418049
7480	-1746.48	-1748.67	2.18587	0.04229838
7490	-1819.93	-1821.61	1.67569	0.0292561
7500	-1800.1	-1801.95	1.84742	0.03222255
7510	-1705.98	-1708.28	2.30294	0.05277756
7520	-1665.82	-1668.09	2.26783	0.06731256
7530	-1772.11	-1774.15	2.04806	0.03705566
7540	-1590.17	-1591.27	1.10809	0.1410063
7550	-1593.67	-1594.98	1.31216	0.1300487
7560	-1592.55	-1592.7	0.156646	0.1919155
7570	-1616.74	-1618.62	1.88138	0.09771399
7580	-1588.81	-1589.79	0.977201	0.1479841
7590	-1599.43	-1600.96	1.52235	0.1185545
7600	-1590.46	-1590.77	0.311422	0.1835401
7610	-1597.6	-1599.07	1.4648	0.121732
7620	-1594.42	-1595.77	1.34542	0.1282481
7630	-1634.83	-1636.92	2.08977	0.0837748
7640	-1588.24	-1589.13	0.886167	0.1528277
7650	-1667.54	-1669.81	2.27318	0.06656767
7660	-1673.11	-1675.39	2.28786	0.06424418
7670	-1617.9	-1619.8	1.89825	0.09666379
7680	-1626.89	-1628.9	2.01137	0.08931748
7690	-1624.28	-1626.26	1.98156	0.09131405
7700	-1587.93	-1588.72	0.788163	0.1580408
7710	-1621.33	-1623.28	1.94506	0.09369471
7720	-1588.93	-1589.92	0.990994	0.1472497
7730	-1591.66	-1591.88	0.217098	0.1886369
7740	-1598.01	-1599.48	1.47799	0.1210065
7750	-1591.3	-1591.55	0.243565	0.1872045
7760	-1588.48	-1589.41	0.930538	0.1504674
7770	-1680.45	-1682.75	2.30136	0.06137246
7780	-1712.39	-1714.69	2.29347	0.05089617
7790	-1726.37	-1728.63	2.26056	0.04710752
7800	-1730.81	-1733.06	2.24675	0.04598465
7810	-1588.12	-1588.98	0.858847	0.1542808
7820	-1724.03	-1726.3	2.2672	0.0477138
7830	-1592.91	-1594.18	1.27586	0.1320085
7840	-1650.59	-1652.8	2.20159	0.0745871
7850	-1805.03	-1806.84	1.80698	0.03145309
7860	-1848.87	-1850.25	1.38313	0.02548202
7870	-1635.1	-1637.2	2.09215	0.08359782
7880	-1672.63	-1674.92	2.28676	0.06443665
7890	-1648.6	-1650.79	2.19011	0.07564515
7900	-1593.71	-1595.03	1.31415	0.1299413
7910	-1715.79	-1718.07	2.28699	0.04993797
7920	-1753.19	-1755.34	2.15426	0.04083945
7930	-1617.86	-1619.75	1.89766	0.0967009
7940	-1691.36	-1693.67	2.31016	0.0574616
7950	-1604.47	-1606.13	1.65439	0.1111369
7960	-1633.36	-1635.43	2.07649	0.08474995
7970	-1722.44	-1724.71	2.27147	0.04813298
7980	-1690.99	-1693.3	2.31007	0.05758566
7990	-1634.99	-1637.08	2.09117	0.08367085
8000	-1797.29	-1799.16	1.86984	0.03267222
8010	-1729.1	-1731.36	2.25225	0.0464127
8020	-1664.49	-1666.75	2.2634	0.0679004
8030	-1609.25	-1611	1.75499	0.1053225
8040	-1596.69	-1596.62	-0.073695	0.2045048
8050	-1603.24	-1604.87	1.62512	0.1127991
8060	-1588.23	-1588.81	0.587233	0.168747
8070	-1663.95	-1666.21	2.26155	0.06813877
8080	-1653.25	-1655.47	2.21577	0.07322131
8090	-1637.34	-1639.45	2.1111	0.08217024
8100	-1591.55	-1592.75	1.20169	0.1359967
8110	-1596	-1597.41	1.4082	0.1248326
8120	-1632.24	-1631.05	-1.19372	0.2685303
8130	-1602.02	-1601.72	-0.305186	0.2173309
8140	-1590	-1590.36	0.352033	0.1813523
8150	-1598.13	-1599.61	1.48188	0.1207917
8160	-1605.45	-1607.13	1.67665	0.1098645
8170	-1645.44	-1647.61	2.1705	0.07737425
8180	-1601.02	-1602.59	1.56764	0.1160321
8190	-1588.77	-1589.74	0.971375	0.1482942
8200	-1588.24	-1589.12	0.885752	0.1528498
8210	-1599.6	-1601.13	1.52736	0.1182763
8220	-1590.71	-1591.86	1.14802	0.138872
8230	-1603.66	-1605.29	1.63519	0.1122284
8240	-1614.21	-1616.05	1.84217	0.1001196
8250	-1716.98	-1719.27	2.28448	0.04960734
8260	-1728.56	-1730.81	2.25395	0.04654955
8270	-1657.21	-1659.44	2.23474	0.07126783
8280	-1777.77	-1779.78	2.01158	0.0360101
8290	-1705.47	-1707.77	2.30354	0.05293256
8300	-1590.46	-1591.59	1.13061	0.1398028
8310	-1638.61	-1640.73	2.12136	0.08137947
8320	-1725.66	-1727.92	2.26263	0.04729137
8330	-1658.96	-1661.21	2.24238	0.07042924
8340	-1749.17	-1751.34	2.17359	0.04170552
8350	-1623.81	-1625.79	1.97594	0.09168467
8360	-1644.83	-1646.99	2.16648	0.07771782
8370	-1591.83	-1593.04	1.21808	0.1351169
8380	-1882.74	-1883.72	0.980083	0.0217534
8390	-1780.81	-1782.8	1.9911	0.03546332
8400	-1814.9	-1816.62	1.72151	0.02997687
8410	-1726.43	-1728.69	2.26038	0.04709163
8420	-1684.48	-1686.78	2.30612	0.05988199
8430	-1666.69	-1668.96	2.27058	0.06693558
8440	-1593.18	-1594.47	1.28919	0.1312897
8450	-1625.02	-1627.01	1.99019	0.09074123
8460	-1587.93	-1588.72	0.789012	0.1579956
8470	-1752.11	-1754.27	2.15956	0.04106955
8480	-1600.22	-1601.77	1.5453	0.1172789
8490	-1618.88	-1620.79	1.91213	0.09579222
8500	-1595.9	-1595.86	-0.0340943	0.2023288
8510	-1629.47	-1631.51	2.03878	0.08743372
8520	-1588.5	-1589.03	0.534358	0.1715723
8530	-1593.48	-1594.79	1.30352	0.1305159
8540	-1599.05	-1600.56	1.51089	0.1191895
8550	-1591.16	-1591.42	0.254284	0.1866249
8560	-1594.91	-1596.27	1.36567	0.1271491
8570	-1636.07	-1638.17	2.10051	0.0829734
8580	-1828.87	-1830.46	1.59058	0.02802547
8590	-1839.95	-1841.43	1.4785	0.02658176
8600	-1696.67	-1698.98	2.30994	0.05569043
8610	-1588.51	-1589.04	0.531886	0.1717044
8620	-1614.63	-1616.48	1.84893	0.09970792
8630	-1673.38	-1675.67	2.28848	0.06413249
8640	-1639.98	-1642.12	2.13203	0.08054167
8650	-1609.73	-1611.5	1.76417	0.1047824
8660	-1691.03	-1693.34	2.31008	0.05757365
8670	-1596.74	-1598.18	1.43522	0.1233552
8680	-1591.48	-1592.68	1.19785	0.1362029
8690	-1687.58	-1689.89	2.30856	0.05877227
8700	-1729.02	-1731.27	2.25251	0.04643295
8710	-1601.99	-1603.59	1.59354	0.1145799
8720	-1615.58	-1617.44	1.86375	0.09880125
8730	-1632.47	-1634.54	2.06826	0.0853459
8740	-1636.97	-1639.08	2.10807	0.08240086
8750	-1587.93	-1588.62	0.68505	0.1635301
8760	-1687.66	-1689.97	2.30862	0.05874196
8770	-1614.05	-1615.89	1.83951	0.100281
8780	-1613.72	-1615.56	1.83425	0.1006001
8790	-1596.03	-1597.44	1.4093	0.1247727
8800	-1633.41	-1635.49	2.07702	0.08471113
8810	-1781.82	-1783.81	1.98415	0.03528362
8820	-1689	-1691.31	2.30934	0.05827372
8830	-1601.32	-1602.9	1.57577	0.1155772
8840	-1643.23	-1645.38	2.15564	0.07862892
8850	-1662.56	-1664.82	2.25657	0.06876415
8860	-1781.97	-1783.95	1.98315	0.03525788
8870	-1603.98	-1605.62	1.64279	0.1117967
8880	-1840.73	-1842.2	1.47039	0.02648411
8890	-1651.49	-1653.69	2.20648	0.07412403
8900	-1655.16	-1657.38	2.22522	0.07226869
8910	-1724.92	-1727.19	2.26472	0.04748142
8920	-1590.63	-1591.78	1.14263	0.1391599
8930	-1614.93	-1616.79	1.85368	0.09941794
8940	-1691.01	-1693.32	2.31008	0.05757947
8950	-1723.94	-1726.21	2.26745	0.04773742
8960	-1606.35	-1608.04	1.69619	0.1087414
8970	-1643.09	-1645.24	2.15467	0.07870901
8980	-1621.89	-1623.84	1.95219	0.09323492
8990	-1759.1	-1761.22	2.12373	0.03960636
9000	-1632.06	-1634.13	2.06439	0.08562408
9010	-1590.68	-1591.82	1.14578	0.1389916
9020	-1625.26	-1627.25	1.99299	0.09055425
9030	-1607.19	-1608.9	1.71395	0.107715
9040	-1678.87	-1681.17	2.299	0.06197206
9050	-1730.42	-1732.67	2.24803	0.04608232
9060	-1644.49	-1646.65	2.16422	0.07790957
9070	-1666.41	-1668.68	2.26971	0.06705541
9080	-1721.41	-1723.68	2.27411	0.04840607
9090	-1656.12	-1658.35	2.22979	0.07179342
9100	-1688.86	-1691.17	2.30927	0.05832351
9110	-1684.99	-1687.3	2.3066	0.05969598
9120	-1635.43	-1637.53	2.09504	0.08338321
9130	-1598.13	-1599.61	1.48196	0.1207877
9140	-1641.85	-1644	2.1459	0.07942871
9150	-1598.13	-1599.61	1.48208	0.1207808
9160	-1692.83	-1695.14	2.31039	0.05696364
9170	-1733.47	-1735.71	2.23775	0.04533097
9180	-1806.45	-1808.24	1.79506	0.03123578
9190	-1757.69	-1759.82	2.13124	0.03989636
9200	-1645.66	-1647.83	2.17193	0.07725057
9210	-1600.34	-1600.1	-0.237155	0.2135421
9220	-1592.17	-1593.4	1.23721	0.1340893
9230	-1633.34	-1635.42	2.07637	0.0847586
9240	-1673.49	-1675.78	2.28872	0.06409009
9250	-1636.21	-1638.31	2.10165	0.0828874
9260	-1671.83	-1674.11	2.28484	0.06476491
9270	-1770.44	-1772.5	2.05837	0.03736973
9280	-1806.08	-1807.88	1.79819	0.03129231
9290	-1672.33	-1674.62	2.28606	0.06455827
9300	-1643.79	-1645.95	2.15952	0.07830553
9310	-1727.62	-1729.88	2.25683	0.04678731
9320	-1617.66	-1619.55	1.89482	0.09687818
9330	-1645.82	-1647.99	2.17298	0.07716025
9340	-1588.23	-1589.12	0.885141	0.1528823
9350	-1591.73	-1591.94	0.212193	0.1889026
9360	-1590.81	-1591.09	0.281907	0.1851326
9370	-1589.6	-1590.66	1.06061	0.1435401
9380	-1588.19	-1588.79	0.594685	0.1683491
9390	-1587.96	-1588.63	0.667978	0.1644398
9400	-1597.28	-1598.73	1.45385	0.122334
9410	-1606.12	-1607.81	1.69126	0.1090255
9420	-1631.67	-1633.73	2.06066	0.08589049
9430	-1593.33	-1594.62	1.2961	0.1309163
9440	-1624.7	-1626.69	1.98652	0.09098509
9450	-1593.02	-1594.3	1.28111	0.1317252
9460	-1588.68	-1589.19	0.504662	0.1731609
9470	-1628.51	-1630.54	2.02886	0.08812139
9480	-1614.45	-1613.73	-0.725018	0.2411053
9490	-1607.15	-1608.86	1.71303	0.1077685
9500	-1710.24	-1712.54	2.29706	0.05151647
9510	-1607.34	-1609.06	1.71712	0.1075312
9520	-1636.5	-1638.61	2.10416	0.08269791
9530	-1669.97	-1672.25	2.28009	0.06553552
9540	-1694.13	-1696.44	2.3104	0.05652622
9550	-1688.91	-1691.22	2.3093	0.0583042
9560	-1694.43	-1696.74	2.31038	0.05642754
9570	-1587.95	-1588.75	0.799115	0.1574581
9580	-1660.52	-1662.77	2.24875	0.06970019
9590	-1609.34	-1611.1	1.7567	0.1052221
9600	-1637.37	-1639.49	2.11139	0.08214786
9610	-1660.32	-1662.57	2.24794	0.06979494
9620	-1725.11	-1727.37	2.2642	0.04743382
9630	-1617.54	-1619.44	1.89314	0.09698311
9640	-1600.95	-1600.69	-0.262309	0.2149411
9650	-1771.61	-1773.66	2.05118	0.03714963
9660	-1592.4	-1592.57	0.166394	0.1913862
9670	-1719.27	-1721.55	2.27932	0.04898078
9680	-1746.57	-1748.76	2.18546	0.04227817
9690	-1661.08	-1663.33	2.25096	0.06944101
9700	-1612.31	-1614.12	1.81054	0.1020285
9710	-1626.63	-1628.64	2.0085	0.08951175
9720	-1781.1	-1783.09	1.98913	0.03541191
9730	-1741.1	-1743.31	2.20886	0.04351855
9740	-1676.88	-1679.18	2.29561	0.06274065
9750	-1764.67	-1766.77	2.09271	0.0384868
9760	-1691.7	-1694.01	2.31024	0.05734387
9770	-1672.4	-1674.69	2.28622	0.06453102
9780	-1665.82	-1668.09	2.26783	0.06731293
9790	-1692.64	-1694.96	2.31037	0.05702506
9800	-1648.07	-1650.26	2.187	0.07592565
9810	-1602.29	-1603.89	1.60127	0.1141451
9820	-1620.31	-1622.24	1.93164	0.09455515
9830	-1667.45	-1669.73	2.27293	0.06660421
9840	-1668.81	-1671.09	2.2769	0.06602354
9850	-1617.69	-1619.59	1.8953	0.0968484
9860	-1589.94	-1591.04	1.09044	0.141949
9870	-1745.57	-1747.76	2.18994	0.04250302
9880	-1722.14	-1724.41	2.27224	0.04821193
9890	-1724.63	-1726.89	2.26555	0.04755832
9900	-1724.4	-1726.67	2.26619	0.0476179
9910	-1661.54	-1663.8	2.25275	0.06922824
9920	-1723.14	-1725.41	2.2696	0.04794669
9930	-1668.19	-1670.46	2.2751	0.06628932
9940	-1773.3	-1775.35	2.04051	0.03683113
9950	-2037.99	-2036.34	-1.65306	0.01084917
9960	-1841.23	-1842.7	1.46508	0.02642052
9970	-1770.97	-1773.02	2.05514	0.03727044
9980	-1697.66	-1699.97	2.30959	0.05537098
9990	-1597.94	-1599.42	1.47599	0.1211167
10000	-1678.57	-1680.87	2.29851	0.06208903
