Iteration	Posterior	Likelihood	Prior	birth_rate
0	-1616.77	-1618.65	1.88171	0.09769328
10	-1589.29	-1589.72	0.425178	0.1774209
20	-1608.04	-1609.77	1.73128	0.1067088
30	-1600.85	-1600.59	-0.258106	0.2147072
40	-1647.1	-1649.28	2.18104	0.07645638
50	-1589.18	-1589.62	0.438201	0.1767221
60	-1622.05	-1624	1.95416	0.09310715
70	-1605.33	-1607.01	1.67404	0.110014
80	-1595.32	-1596.7	1.38213	0.1262538
90	-1639.33	-1641.45	2.12697	0.08094106
100	-1735.43	-1737.66	2.23074	0.04485509
110	-1606.93	-1608.63	1.70846	0.1080328
120	-1590.27	-1590.59	0.327961	0.1826487
130	-1591.31	-1591.56	0.242598	0.1872568
140	-1588.52	-1589.05	0.530611	0.1717726
150	-1630.59	-1632.64	2.05005	0.08664316
160	-1589.2	-1589.63	0.436355	0.1768212
170	-1602.11	-1603.71	1.59669	0.1144032
180	-1678.33	-1680.63	2.29812	0.06218007
190	-1623.59	-1625.56	1.97328	0.0918598
200	-1701.94	-1704.25	2.30698	0.05401381
210	-1680.39	-1682.69	2.30127	0.0613967
220	-1596.48	-1597.9	1.42579	0.1238716
230	-1588.99	-1589.98	0.997982	0.1468776
240	-1592.05	-1593.28	1.23045	0.1344527
250	-1628.9	-1630.93	2.03289	0.08784227
260	-1713.13	-1715.42	2.29215	0.0506854
270	-1742.86	-1745.06	2.2016	0.04311587
280	-1844.63	-1846.06	1.42899	0.02599765
290	-1754.88	-1757.02	2.14577	0.04048154
300	-1744.55	-1746.75	2.19437	0.04273105
310	-1604.16	-1605.8	1.64704	0.111555
320	-1598.27	-1599.76	1.4865	0.1205371
330	-1587.89	-1588.62	0.723653	0.1614742
340	-1601.9	-1603.49	1.59117	0.1147135
350	-1608.6	-1608.06	-0.541786	0.2306429
360	-1633.87	-1635.95	2.08115	0.08440941
370	-1651.19	-1653.4	2.20488	0.07427648
380	-1748.36	-1750.53	2.17736	0.04188374
390	-1803.38	-1805.2	1.82066	0.03170775
400	-1879.89	-1880.9	1.01656	0.02204302
410	-1707.45	-1709.75	2.3011	0.05233822
420	-1627	-1629.01	2.01255	0.08923718
430	-1673.18	-1675.47	2.28803	0.06421389
440	-1601	-1602.56	1.56697	0.1160693
450	-1600.06	-1599.84	-0.225662	0.2129037
460	-1602.59	-1604.19	1.60872	0.1137255
470	-1592.53	-1593.78	1.25633	0.1330606
480	-1591.23	-1592.41	1.18215	0.1370445
490	-1588.53	-1589.06	0.528422	0.1718897
500	-1643.54	-1645.7	2.15781	0.0784481
510	-1801.65	-1803.49	1.83486	0.03197812
520	-1754.49	-1756.64	2.14773	0.04056271
530	-1933.44	-1933.7	0.259399	0.01725702
540	-1806.88	-1808.68	1.79137	0.03116923
550	-1793.33	-1795.23	1.90052	0.03331702
560	-1687.69	-1690	2.30864	0.05873177
570	-1630.71	-1632.76	2.05122	0.08656048
580	-1674.43	-1676.72	2.29076	0.06371261
590	-1751.32	-1753.48	2.16339	0.04123916
600	-1720.6	-1722.87	2.27613	0.04862324
610	-1603.17	-1604.79	1.62328	0.1129029
620	-1636.41	-1638.52	2.1034	0.0827552
630	-1704.12	-1706.43	2.30499	0.05334114
640	-1644.29	-1646.45	2.16291	0.0780203
650	-1714.7	-1716.99	2.28918	0.05024202
660	-1697.8	-1700.11	2.30953	0.05532591
670	-1733.52	-1735.76	2.23757	0.04531796
680	-1755.68	-1757.82	2.14168	0.04031323
690	-1587.98	-1588.79	0.811464	0.1568012
700	-1592.66	-1593.92	1.26302	0.1327001
710	-1595.06	-1596.43	1.37177	0.1268174
720	-1590.37	-1591.5	1.12381	0.1401663
730	-1592.59	-1592.74	0.154136	0.1920518
740	-1594.06	-1594.13	0.0645836	0.196928
750	-1611.58	-1613.38	1.79781	0.1027894
760	-1684.03	-1686.34	2.30568	0.06004357
770	-1627.61	-1629.63	2.01929	0.08877826
780	-1765.4	-1767.49	2.0885	0.03834363
790	-1594.85	-1596.21	1.3632	0.1272829
800	-1654.82	-1657.04	2.22359	0.07243609
810	-1826.8	-1828.41	1.61067	0.02830436
820	-1747.81	-1749.99	2.17988	0.04200474
830	-1634.47	-1636.56	2.08657	0.08401094
840	-1606.76	-1608.46	1.70487	0.1082403
850	-1613.51	-1615.34	1.83076	0.1008111
860	-1676.33	-1678.62	2.29457	0.06295924
870	-1640.92	-1643.06	2.13904	0.07998272
880	-1653.81	-1656.03	2.21863	0.07293718
890	-1620.24	-1622.17	1.93068	0.09461609
900	-1635.21	-1637.3	2.09309	0.08352839
910	-1683.01	-1685.32	2.3046	0.06041749
920	-1642.77	-1644.92	2.15243	0.07889404
930	-1615.59	-1617.46	1.86394	0.09878966
940	-1603.95	-1605.59	1.64209	0.1118366
950	-1657.17	-1659.4	2.23456	0.07128733
960	-1639.48	-1641.6	2.12812	0.08085021
970	-1737.79	-1740.02	2.22192	0.04429157
980	-1799.87	-1801.71	1.84933	0.03226015
990	-1823.74	-1825.38	1.63997	0.02872369
1000	-1932.79	-1933.06	0.269518	0.01730781
1010	-1628.82	-1630.85	2.03207	0.08789932
1020	-1698.01	-1700.32	2.30944	0.05525763
1030	-1662.28	-1664.53	2.25552	0.06889363
1040	-1593.18	-1594.47	1.28917	0.1312907
1050	-1621.19	-1623.13	1.94315	0.09381761
1060	-1700.26	-1702.57	2.30822	0.05454096
1070	-1639.05	-1641.17	2.12478	0.08111234
1080	-1649.41	-1651.61	2.19489	0.07520948
1090	-1636.91	-1639.02	2.10759	0.08243729
1100	-1606.56	-1608.26	1.70069	0.1084818
1110	-1616.77	-1618.65	1.88172	0.09769289
1120	-1741.17	-1743.38	2.20858	0.04350283
1130	-1609.58	-1611.34	1.7613	0.1049513
1140	-1632.7	-1634.77	2.07037	0.08519373
1150	-1623.17	-1625.14	1.96819	0.09219317
1160	-1703.73	-1706.03	2.30538	0.05346247
1170	-1736.11	-1738.34	2.22826	0.04469299
1180	-1725.52	-1727.78	2.26303	0.04732726
1190	-1588.17	-1589.04	0.870497	0.1536612
1200	-1591.69	-1591.91	0.215065	0.188747
1210	-1592.13	-1593.37	1.23531	0.1341911
1220	-1595.67	-1597.06	1.39568	0.1255157
1230	-1736.53	-1738.75	2.22671	0.0445927
1240	-1646.48	-1648.66	2.1772	0.07679386
1250	-1688.78	-1691.08	2.30923	0.0583523
1260	-1730.45	-1732.7	2.24793	0.04607445
1270	-1595.88	-1597.28	1.40376	0.1250753
1280	-1588.65	-1589.6	0.955287	0.1491504
1290	-1589.14	-1590.15	1.01495	0.1459738
1300	-1667.11	-1669.38	2.27189	0.06675176
1310	-1742.84	-1745.04	2.20168	0.04312001
1320	-1595.67	-1597.06	1.39562	0.1255191
1330	-1695.82	-1698.13	2.31017	0.05596964
1340	-1615.07	-1616.93	1.8559	0.09928237
1350	-1588.59	-1589.53	0.946081	0.1496403
1360	-1599.87	-1599.65	-0.217303	0.2124397
1370	-1588.23	-1588.82	0.585531	0.1688379
1380	-1604.61	-1606.27	1.65767	0.1109497
1390	-1677.29	-1679.58	2.29633	0.06258362
1400	-1721.29	-1723.57	2.2744	0.04843752
1410	-1638.41	-1640.53	2.11979	0.08150134
1420	-1595.55	-1596.94	1.39106	0.1257674
1430	-1687.76	-1690.07	2.30867	0.05870911
1440	-1617.45	-1619.34	1.89182	0.09706507
1450	-1631.71	-1633.77	2.06098	0.08586794
1460	-1594.64	-1596	1.35467	0.1277462
1470	-1618.96	-1620.87	1.91325	0.09572169
1480	-1711.71	-1714.01	2.29465	0.05109025
1490	-1726.08	-1728.34	2.26142	0.04718343
1500	-1744.54	-1746.73	2.19442	0.04273394
1510	-1613.57	-1615.41	1.83181	0.100748
1520	-1668.86	-1671.13	2.27702	0.06600518
1530	-1617.36	-1619.25	1.89052	0.09714642
1540	-1696.77	-1699.08	2.30991	0.05565788
1550	-1806.11	-1807.91	1.79791	0.03128736
1560	-1785.57	-1787.52	1.95788	0.03462878
1570	-1658.8	-1661.04	2.24169	0.07050631
1580	-1610.7	-1612.48	1.78204	0.103727
1590	-1641.35	-1643.49	2.14221	0.07972793
1600	-1721.07	-1723.34	2.27497	0.04849769
1610	-1747.99	-1750.17	2.17905	0.04196488
1620	-1861.29	-1862.54	1.24277	0.02403629
1630	-1618.74	-1620.66	1.91024	0.09591117
1640	-1590.13	-1591.24	1.10541	0.1411494
1650	-1649.13	-1651.32	2.19325	0.0753599
1660	-1661.75	-1664.01	2.25355	0.06913169
1670	-1698.27	-1700.58	2.30933	0.05517352
1680	-1774.93	-1776.96	2.0301	0.03652854
1690	-1677.1	-1679.39	2.29599	0.06265851
1700	-1607.82	-1609.54	1.72677	0.1069709
1710	-1594.26	-1594.32	0.0531389	0.1975529
1720	-1625.37	-1627.36	1.99429	0.0904677
1730	-1598.16	-1598.01	-0.142439	0.2082944
1740	-1638.96	-1641.08	2.12411	0.0811648
1750	-1652.09	-1654.3	2.20973	0.07381195
1760	-1621.93	-1623.88	1.95268	0.09320293
1770	-1646.15	-1648.33	2.17509	0.07697758
1780	-1673.62	-1675.91	2.28901	0.06403767
1790	-1667.14	-1669.41	2.27198	0.06673815
1800	-1673.32	-1675.61	2.28834	0.06415851
1810	-1699.93	-1702.24	2.30843	0.05464517
1820	-1810.88	-1812.64	1.75705	0.03056821
1830	-1782.63	-1784.61	1.97856	0.03514092
1840	-1785.07	-1787.03	1.96142	0.03471479
1850	-1672.02	-1674.3	2.2853	0.0646877
1860	-1670.72	-1673	2.28206	0.06522278
1870	-1765.5	-1767.58	2.08795	0.03832497
1880	-1748.41	-1750.59	2.1771	0.04187119
1890	-1608.98	-1610.73	1.74979	0.1056275
1900	-1625.26	-1627.25	1.99298	0.09055469
1910	-1641.1	-1643.24	2.14043	0.07987104
1920	-1608.51	-1610.25	1.74069	0.1061596
1930	-1642.21	-1644.35	2.14844	0.07922202
1940	-1654.84	-1657.06	2.2237	0.07242485
1950	-1762.53	-1764.64	2.10489	0.03891239
1960	-1860.48	-1861.73	1.25224	0.02412821
1970	-1668.97	-1671.25	2.27735	0.06595556
1980	-1622.39	-1624.35	1.95849	0.09282623
1990	-1643.99	-1646.15	2.16089	0.07818998
2000	-1714.67	-1716.96	2.28923	0.0502495
2010	-1738.45	-1740.67	2.21938	0.04413614
2020	-1750.6	-1752.77	2.16684	0.04139437
2030	-1742.42	-1744.62	2.20342	0.04321513
2040	-1703.52	-1705.82	2.30558	0.0535264
2050	-1699.72	-1702.03	2.30856	0.05471275
2060	-1632.12	-1634.19	2.06494	0.08558399
2070	-1673.96	-1676.25	2.28976	0.0638993
2080	-1618.77	-1620.68	1.91061	0.09588795
2090	-1671.31	-1673.59	2.28356	0.06497855
2100	-1647.09	-1649.27	2.18098	0.07646115
2110	-1617.63	-1619.53	1.89447	0.09690034
2120	-1624.57	-1626.56	1.98503	0.09108414
2130	-1632.16	-1634.22	2.06531	0.08555797
2140	-1677.14	-1679.43	2.29607	0.06264186
2150	-1664.16	-1666.42	2.26229	0.06804466
2160	-1593.29	-1594.59	1.29456	0.1309995
2170	-1598.06	-1597.92	-0.138117	0.2080557
2180	-1587.89	-1588.62	0.72652	0.1613215
2190	-1588.06	-1588.69	0.630419	0.1664423
2200	-1594.29	-1594.34	0.0515072	0.197642
2210	-1587.97	-1588.78	0.809753	0.1568922
2220	-1678.99	-1681.29	2.29918	0.06192831
2230	-1706.91	-1709.22	2.30179	0.05249713
2240	-1641.12	-1643.26	2.14052	0.07986414
2250	-1714.87	-1717.16	2.28884	0.05019346
2260	-1743.65	-1745.84	2.19826	0.04293597
2270	-1693.33	-1695.64	2.31041	0.05679538
2280	-1790.88	-1792.8	1.91905	0.03372462
2290	-1872.04	-1873.16	1.11432	0.02286016
2300	-1610.21	-1611.99	1.77313	0.104254
2310	-1655.76	-1657.98	2.22807	0.07197351
2320	-1590.82	-1591.97	1.15524	0.1384855
2330	-1612.24	-1614.04	1.80924	0.1021062
2340	-1734.86	-1737.1	2.2328	0.04499207
2350	-1640.44	-1642.57	2.13547	0.08026826
2360	-1667.72	-1670	2.27373	0.06648836
2370	-1809.19	-1810.96	1.77167	0.03082049
2380	-1646.32	-1648.5	2.17618	0.07688213
2390	-1719.85	-1722.13	2.27794	0.04882378
2400	-1668.59	-1670.87	2.27627	0.06611759
2410	-1690.56	-1692.87	2.30995	0.05773494
2420	-1788.86	-1790.8	1.93401	0.03406452
2430	-1702.4	-1704.71	2.3066	0.05387137
2440	-1600.12	-1601.66	1.54244	0.1174378
2450	-1604.16	-1605.8	1.64701	0.1115571
2460	-1621.96	-1623.91	1.95304	0.09317989
2470	-1592.98	-1594.26	1.27919	0.1318289
2480	-1606.56	-1608.26	1.70075	0.1084785
2490	-1592.15	-1593.39	1.23632	0.1341368
2500	-1613.75	-1615.59	1.83471	0.1005722
2510	-1627.21	-1629.23	2.01492	0.08907592
2520	-1637.79	-1639.91	2.1148	0.081886
2530	-1793.69	-1795.59	1.89776	0.03325749
2540	-1691.54	-1693.85	2.3102	0.05740006
2550	-1796.09	-1797.97	1.87925	0.03286612
2560	-1865.5	-1866.7	1.19325	0.0235679
2570	-1703.67	-1705.97	2.30544	0.05348026
2580	-1599.54	-1601.07	1.52563	0.1183725
2590	-1692.08	-1694.39	2.3103	0.05721744
2600	-1660.5	-1662.74	2.24865	0.06971203
2610	-1630.33	-1632.38	2.04748	0.0868246
2620	-1607.95	-1609.68	1.72956	0.1068086
2630	-1636.9	-1639.01	2.1075	0.08244476
2640	-1738.59	-1740.81	2.21884	0.04410318
2650	-1745.07	-1747.27	2.19209	0.04261335
2660	-1753.59	-1755.74	2.15227	0.04075432
2670	-1706.18	-1708.49	2.30269	0.05271608
2680	-1657.5	-1659.74	2.23606	0.07112528
2690	-1609.12	-1610.87	1.75247	0.1054701
2700	-1590.23	-1591.35	1.11325	0.1407306
2710	-1645.57	-1647.74	2.17133	0.07730231
2720	-1639.44	-1641.56	2.12782	0.08087391
2730	-1753.61	-1755.76	2.15217	0.04074993
2740	-1643.6	-1645.76	2.15819	0.07841628
2750	-1588.51	-1589.04	0.531723	0.1717132
2760	-1605.27	-1606.94	1.67249	0.1101029
2770	-1619.93	-1621.86	1.92656	0.09487833
2780	-1590.54	-1590.84	0.30444	0.1839166
2790	-1656.42	-1654.71	-1.71199	0.3000647
2800	-1625.97	-1624.93	-1.04004	0.2594287
2810	-1659.61	-1657.84	-1.77396	0.3039254
2820	-1663.09	-1661.25	-1.84008	0.3080672
2830	-1600.95	-1600.69	-0.262341	0.2149429
2840	-1597.6	-1599.06	1.46456	0.1217453
2850	-1692.84	-1695.15	2.31039	0.05695863
2860	-1911	-1911.6	0.595474	0.01910686
2870	-1934.14	-1934.39	0.248572	0.01720299
2880	-1742.8	-1745	2.20183	0.04312797
2890	-1670.07	-1672.35	2.28036	0.06549264
2900	-1752.22	-1754.38	2.15899	0.04104469
2910	-1620.7	-1622.64	1.93679	0.09422599
2920	-1605.72	-1607.41	1.68268	0.1095185
2930	-1729.74	-1731.99	2.25023	0.04625289
2940	-1862.4	-1863.63	1.22988	0.02391242
2950	-1636.63	-1638.73	2.1052	0.08261878
2960	-1598.56	-1600.05	1.49563	0.1200331
2970	-1653.52	-1655.74	2.21716	0.07308352
2980	-1592.61	-1593.87	1.26054	0.1328337
2990	-1618.88	-1620.79	1.9121	0.09579453
3000	-1637.05	-1639.16	2.10873	0.08235113
3010	-1630.48	-1632.53	2.04896	0.08672032
3020	-1618.91	-1620.82	1.91256	0.09576504
3030	-1616.15	-1618.02	1.87245	0.09826577
3040	-1639.94	-1642.07	2.13171	0.08056766
3050	-1700.46	-1702.77	2.30808	0.05447765
3060	-1680.35	-1682.66	2.30123	0.06140848
3070	-1624.64	-1626.62	1.98576	0.09103534
3080	-1606.32	-1608.02	1.69563	0.1087739
3090	-1772.58	-1774.63	2.04506	0.03696585
3100	-1878.76	-1879.79	1.03077	0.02215804
3110	-1912.74	-1913.31	0.570467	0.01895646
3120	-1793.7	-1795.6	1.89773	0.03325678
3130	-1809.07	-1810.85	1.77268	0.03083811
3140	-1721.15	-1723.42	2.27477	0.04847655
3150	-1683.3	-1685.6	2.30491	0.06031318
3160	-1661.04	-1663.29	2.2508	0.06945989
3170	-1670.7	-1672.99	2.28201	0.06522996
3180	-1700.26	-1702.57	2.30822	0.05454145
3190	-1588.04	-1588.67	0.639358	0.1659656
3200	-1619.03	-1618.18	-0.85634	0.2486907
3210	-1591.69	-1592.91	1.21048	0.1355251
3220	-1649.6	-1651.8	2.19598	0.07510864
3230	-1736.42	-1738.65	2.22711	0.04461837
3240	-1674.79	-1677.08	2.29152	0.06356777
3250	-1660.76	-1663.01	2.24969	0.06959106
3260	-1677.16	-1679.45	2.2961	0.06263509
3270	-1594.64	-1594.67	0.0323478	0.1986891
3280	-1619.14	-1618.28	-0.85922	0.2488579
3290	-1602.72	-1604.33	1.61209	0.1135352
3300	-1606.17	-1605.72	-0.459046	0.2259631
3310	-1589.83	-1590.19	0.369137	0.180432
3320	-1673.66	-1671.63	-2.03305	0.3202853
3330	-1599.14	-1600.65	1.5136	0.1190396
3340	-1721.17	-1723.44	2.27472	0.04847106
3350	-1724.67	-1726.94	2.26542	0.04754604
3360	-1592.01	-1592.2	0.192743	0.1899566
3370	-1621.84	-1620.91	-0.932637	0.2531323
3380	-1702.07	-1699.56	-2.50519	0.3510342
3390	-1689.96	-1687.65	-2.31122	0.3382524
3400	-1649.25	-1651.45	2.19396	0.07529486
3410	-1673.67	-1675.96	2.28912	0.06401649
3420	-1637.45	-1639.56	2.11198	0.08210278
3430	-1635.48	-1637.58	2.09545	0.08335216
3440	-1615.44	-1617.3	1.86154	0.09893689
3450	-1721.26	-1723.53	2.2745	0.04844715
3460	-1823.04	-1824.69	1.64656	0.02882016
3470	-1744.35	-1746.55	2.19523	0.04277615
3480	-1645.48	-1647.65	2.17078	0.07734993
3490	-1704.81	-1707.11	2.30427	0.05313272
3500	-1682.02	-1684.33	2.30344	0.06078386
3510	-1602.32	-1603.92	1.60185	0.1141124
3520	-1735.15	-1737.38	2.23178	0.0449235
3530	-1592.52	-1592.68	0.158466	0.1918167
3540	-1589.6	-1590.66	1.06075	0.1435328
3550	-1631.34	-1633.4	2.05743	0.08612067
3560	-1717.16	-1719.44	2.2841	0.04955915
3570	-1672.6	-1674.89	2.28669	0.06444971
3580	-1720.2	-1722.47	2.27711	0.04873105
3590	-1616.83	-1616.03	-0.794329	0.2450995
3600	-1588.44	-1589.37	0.924031	0.1508136
3610	-1640	-1642.13	2.13216	0.08053147
3620	-1591.99	-1592.19	0.193825	0.189898
3630	-1629.66	-1628.53	-1.1317	0.2648444
3640	-1646.09	-1644.58	-1.50232	0.2871471
3650	-1588.02	-1588.84	0.827222	0.1559629
3660	-1599.18	-1600.69	1.51462	0.1189827
3670	-1673.9	-1676.19	2.28963	0.06392432
3680	-1682.12	-1684.43	2.30356	0.06074618
3690	-1624.71	-1626.7	1.98667	0.090975
3700	-1624.47	-1626.46	1.98384	0.09116259
3710	-1693.51	-1695.82	2.31042	0.05673498
3720	-1632.05	-1634.11	2.06427	0.08563269
3730	-1676.85	-1679.15	2.29554	0.06275427
3740	-1725.79	-1728.06	2.26224	0.04725617
3750	-1776.34	-1778.36	2.021	0.03627089
3760	-1835.75	-1837.28	1.52177	0.02711793
3770	-1734.4	-1736.63	2.23446	0.04510431
3780	-1653.9	-1656.12	2.21906	0.07289396
3790	-1645.65	-1647.82	2.17189	0.07725478
3800	-1594.1	-1595.43	1.33131	0.1290129
3810	-1603.04	-1602.7	-0.344721	0.2195405
3820	-1588.39	-1589.31	0.915465	0.1512692
3830	-1647.82	-1646.28	-1.53856	0.2893638
3840	-1592.83	-1594.11	1.27205	0.1322136
3850	-1622.06	-1624.01	1.9543	0.0930982
3860	-1630.71	-1632.76	2.05125	0.08655842
3870	-1654.11	-1656.33	2.22013	0.07278676
3880	-1669.88	-1672.16	2.27983	0.06557481
3890	-1610.26	-1612.04	1.77408	0.1041983
3900	-1638.92	-1641.04	2.12378	0.08119053
3910	-1745.56	-1747.75	2.18995	0.04250352
3920	-1606.2	-1607.89	1.69301	0.1089248
3930	-1618.73	-1620.64	1.91008	0.09592163
3940	-1598.11	-1599.6	1.4815	0.1208129
3950	-1588.74	-1589.24	0.496122	0.1736181
3960	-1661.95	-1660.13	-1.81851	0.3067132
3970	-1913.23	-1908.21	-5.02761	0.5381991
3980	-1628.98	-1627.86	-1.11497	0.2638527
3990	-1622.8	-1621.84	-0.958113	0.2546211
4000	-1587.9	-1588.66	0.757966	0.1596476
4010	-1610.57	-1612.35	1.77974	0.103863
4020	-1611.81	-1613.62	1.80192	0.102544
4030	-1656.52	-1658.75	2.23161	0.07160148
4040	-1638.13	-1640.25	2.11752	0.08167634
4050	-1594.13	-1595.46	1.33263	0.1289412
4060	-1621.67	-1623.62	1.94933	0.0934196
4070	-1620.28	-1622.21	1.93118	0.09458415
4080	-1591.04	-1592.21	1.17013	0.137688
4090	-1592.82	-1594.09	1.27144	0.1322469
4100	-1609.76	-1611.52	1.76466	0.1047538
4110	-1637.29	-1639.4	2.11066	0.08220332
4120	-1611.78	-1613.58	1.80126	0.1025837
4130	-1609.68	-1611.44	1.76311	0.1048454
4140	-1610.09	-1611.86	1.77085	0.1043888
4150	-1679.97	-1682.27	2.30067	0.06155561
4160	-1598.17	-1598.03	-0.143057	0.2083286
4170	-1648.72	-1650.92	2.19087	0.07557604
4180	-1627.14	-1629.16	2.01418	0.08912661
4190	-1591.88	-1593.11	1.22141	0.1349382
4200	-1643.36	-1641.92	-1.44442	0.2836189
4210	-1596.18	-1596.13	-0.0484764	0.2031185
4220	-1589.71	-1590.78	1.07056	0.1430097
4230	-1598.42	-1598.26	-0.154289	0.2089493
4240	-1628.89	-1630.92	2.03279	0.08784928
4250	-1589.67	-1590.73	1.06674	0.1432133
4260	-1627.81	-1629.83	2.02138	0.08863542
4270	-1622.21	-1624.17	1.95628	0.09296958
4280	-1610.08	-1611.85	1.77073	0.1043958
4290	-1588.36	-1589.27	0.909106	0.1516075
4300	-1632.2	-1634.26	2.06568	0.08553095
4310	-1625.66	-1627.66	1.99765	0.09024263
4320	-1700.12	-1702.42	2.30831	0.05458651
4330	-1615.93	-1617.8	1.86915	0.09846941
4340	-1593.23	-1593.34	0.113635	0.1942543
4350	-1588.1	-1588.72	0.617915	0.1671094
4360	-1590.97	-1592.14	1.16592	0.137914
4370	-1647.22	-1649.4	2.18177	0.07639206
4380	-1630.65	-1632.7	2.05069	0.08659791
4390	-1782.81	-1784.79	1.97731	0.03510926
4400	-1745.94	-1748.12	2.1883	0.04242025
4410	-1645	-1647.16	2.1676	0.07762212
4420	-1742.36	-1744.56	2.20369	0.04322992
4430	-1643.36	-1645.52	2.15655	0.07855326
4440	-1619.88	-1621.8	1.92582	0.09492559
4450	-1682.54	-1684.84	2.30405	0.06059308
4460	-1676.76	-1679.06	2.29538	0.06278916
4470	-1743.13	-1745.33	2.20045	0.04305358
4480	-1808.03	-1809.82	1.7816	0.03099485
4490	-1798.88	-1800.74	1.8572	0.03241653
4500	-1619.52	-1621.45	1.92102	0.0952306
4510	-1613.03	-1612.35	-0.682379	0.2386582
4520	-1608.88	-1610.62	1.74778	0.1057453
4530	-1665.93	-1668.19	2.26817	0.06726618
4540	-1588.18	-1589.06	0.873963	0.1534769
4550	-1612.63	-1614.45	1.81607	0.1016966
4560	-1592.45	-1592.62	0.162822	0.1915801
4570	-1600.44	-1600.2	-0.241579	0.213788
4580	-1645.94	-1648.11	2.17374	0.0770948
4590	-1794.62	-1796.51	1.89068	0.03310617
4600	-1799.79	-1801.64	1.84995	0.0322725
4610	-1610.95	-1612.74	1.78663	0.1034548
4620	-1626.79	-1628.8	2.01024	0.08939407
4630	-1672.6	-1674.89	2.28669	0.06444873
4640	-1637.25	-1639.36	2.11038	0.08222518
4650	-1592.2	-1592.38	0.179836	0.1906566
4660	-1667.92	-1665.99	-1.92962	0.3137119
4670	-1603.99	-1603.61	-0.38018	0.2215272
4680	-1600.35	-1601.89	1.54885	0.1170813
4690	-1588.68	-1589.64	0.959838	0.1489082
4700	-1587.9	-1588.65	0.752259	0.1599514
4710	-1598.75	-1598.58	-0.168844	0.2097542
4720	-1611.4	-1613.2	1.79464	0.1029783
4730	-1635.24	-1637.34	2.09337	0.08350769
4740	-1641.03	-1643.17	2.13988	0.07991537
4750	-1651.86	-1650.24	-1.62128	0.2944488
4760	-1615.5	-1614.75	-0.756041	0.2428906
4770	-1607.46	-1609.18	1.71953	0.1073916
4780	-1602.93	-1604.55	1.61737	0.113237
4790	-1668.73	-1671	2.27665	0.0660598
4800	-1601.49	-1603.07	1.58032	0.1153224
4810	-1629.36	-1631.4	2.03766	0.08751169
4820	-1646.46	-1648.64	2.17705	0.07680649
4830	-1674.41	-1676.7	2.29073	0.06371797
4840	-1640.7	-1642.83	2.13741	0.08011346
4850	-1588.05	-1588.89	0.839217	0.1553249
4860	-1606.36	-1605.9	-0.465622	0.226334
4870	-1596.85	-1598.29	1.43908	0.1231438
4880	-1627.09	-1626.03	-1.06829	0.2610939
4890	-1591.05	-1591.31	0.263044	0.1861515
4900	-1588.37	-1589.28	0.911769	0.1514658
4910	-1604.17	-1605.82	1.6474	0.1115346
4920	-1634.53	-1636.62	2.08708	0.08397362
4930	-1597.33	-1598.79	1.45564	0.1222357
4940	-1596.49	-1597.91	1.42607	0.1238565
4950	-1716.96	-1719.25	2.28452	0.04961257
4960	-1707.01	-1709.31	2.30167	0.05246985
4970	-1657.7	-1659.94	2.23695	0.07102858
4980	-1588.55	-1589.49	0.940322	0.1499468
4990	-1650.67	-1652.87	2.202	0.07454857
5000	-1683.4	-1685.71	2.30503	0.06027416
5010	-1697.44	-1699.75	2.30968	0.05544238
5020	-1739.06	-1741.28	2.21701	0.04399293
5030	-1801.73	-1803.56	1.83424	0.03196624
5040	-1692.63	-1694.94	2.31037	0.05702959
5050	-1733.17	-1735.41	2.23878	0.04540279
5060	-1717.58	-1719.87	2.28317	0.0494413
5070	-1794.99	-1796.88	1.88778	0.03304491
5080	-1781.62	-1783.6	1.98555	0.03531947
5090	-1795.05	-1796.94	1.88731	0.03303494
5100	-1636.73	-1638.84	2.10606	0.08255368
5110	-1588.38	-1588.94	0.5547	0.1704848
5120	-1759.3	-1755.99	-3.31841	0.406997
5130	-1791.9	-1788.17	-3.7261	0.4365629
5140	-1635.78	-1637.88	2.09804	0.0831583
5150	-1610.36	-1612.14	1.77592	0.1040896
5160	-1618.34	-1620.25	1.90461	0.09626555
5170	-1587.9	-1588.66	0.757551	0.1596697
5180	-1592.59	-1592.74	0.154111	0.1920532
5190	-1587.91	-1588.68	0.772964	0.1588495
5200	-1619.52	-1621.44	1.92099	0.09523236
5210	-1590.48	-1591.61	1.13189	0.1397346
5220	-1588.26	-1589.15	0.890431	0.1526009
5230	-1664.22	-1662.36	-1.8612	0.3093946
5240	-1589.42	-1589.83	0.410951	0.1781847
5250	-1587.93	-1588.71	0.785646	0.1581747
5260	-1590.69	-1591.83	1.14632	0.1389628
5270	-1588.27	-1589.16	0.892807	0.1524745
5280	-1589.12	-1589.57	0.445335	0.1763395
5290	-1611.13	-1610.51	-0.623529	0.2352933
5300	-1588.43	-1589.35	0.921247	0.1509617
5310	-1709.25	-1711.55	2.29858	0.05180681
5320	-1589.74	-1590.11	0.377962	0.1799573
5330	-1598.44	-1599.93	1.49186	0.1202416
5340	-1639.37	-1641.5	2.12733	0.08091233
5350	-1588.05	-1588.68	0.634757	0.166211
5360	-1619.11	-1618.25	-0.858359	0.2488079
5370	-1616.73	-1618.61	1.88118	0.09772617
5380	-1669.19	-1671.47	2.27796	0.06586345
5390	-1937.05	-1937.25	0.202913	0.0169785
5400	-1774.92	-1776.95	2.03022	0.03653213
5410	-1680.45	-1682.75	2.30136	0.06137384
5420	-1593.27	-1593.38	0.110997	0.1943979
5430	-1642.7	-1644.86	2.15198	0.07893131
5440	-1608.54	-1610.28	1.74119	0.1061306
5450	-1643.3	-1645.45	2.15612	0.07858863
5460	-1649.77	-1648.19	-1.57876	0.2918306
5470	-1594.22	-1595.55	1.33655	0.1287288
5480	-1609.15	-1610.9	1.75304	0.1054369
5490	-1678.15	-1680.45	2.29782	0.06225026
5500	-1634.66	-1636.75	2.08823	0.08388875
5510	-1638.26	-1640.38	2.1186	0.08159341
5520	-1667.51	-1669.78	2.2731	0.06657985
5530	-1862.65	-1863.88	1.22691	0.02388414
5540	-1770.81	-1772.87	2.05612	0.03730045
5550	-1815.29	-1817.01	1.71798	0.02991971
5560	-1707.95	-1710.25	2.30042	0.05218938
5570	-1769.79	-1771.85	2.06237	0.03749431
5580	-1765.88	-1767.97	2.08571	0.03824957
5590	-1803.95	-1805.77	1.81596	0.0316197
5600	-1823.04	-1824.68	1.64664	0.0288213
5610	-1748.72	-1750.9	2.17567	0.04180365
5620	-1902.18	-1902.9	0.720192	0.01989267
5630	-1727.04	-1729.3	2.25857	0.04693538
5640	-1778.19	-1780.19	2.00879	0.03593413
5650	-1798.44	-1800.3	1.86069	0.03248661
5660	-1621.32	-1623.26	1.94482	0.09371017
5670	-1715.91	-1718.2	2.28673	0.04990293
5680	-1665.43	-1667.7	2.26657	0.06748256
5690	-1708.82	-1711.12	2.2992	0.051933
5700	-1763	-1765.1	2.10225	0.03881858
5710	-1779.02	-1781.02	2.00325	0.03578448
5720	-1628.15	-1630.17	2.025	0.08838687
5730	-1690.16	-1692.47	2.30982	0.05787243
5740	-1597.96	-1599.43	1.47643	0.1210922
5750	-1640.2	-1642.34	2.13368	0.0804108
5760	-1587.9	-1588.67	0.764772	0.1592854
5770	-1587.9	-1588.65	0.753493	0.1598857
5780	-1746.47	-1748.65	2.18593	0.04230148
5790	-1604.31	-1605.96	1.6506	0.1113527
5800	-1657.85	-1660.09	2.23758	0.07095964
5810	-1595.9	-1597.31	1.40458	0.1250304
5820	-1652.36	-1654.57	2.21115	0.07367353
5830	-1654.97	-1657.2	2.22434	0.07235903
5840	-1727.17	-1729.43	2.25819	0.04690248
5850	-1594.49	-1595.84	1.34847	0.1280828
5860	-1590.17	-1590.51	0.336421	0.1821929
5870	-1594.46	-1595.81	1.34702	0.1281614
5880	-1601.89	-1603.48	1.59075	0.114737
5890	-1592.34	-1592.51	0.170349	0.1911715
5900	-1587.91	-1588.69	0.774957	0.1587434
5910	-1587.99	-1588.8	0.81616	0.1565514
5920	-1605.15	-1606.82	1.66989	0.1102515
5930	-1591.81	-1592.02	0.206516	0.1892101
5940	-1602.22	-1601.91	-0.312906	0.217762
5950	-1596.57	-1598	1.4292	0.1236848
5960	-1592.08	-1592.27	0.187799	0.1902247
5970	-1627.75	-1626.67	-1.08475	0.2620653
5980	-1597.51	-1597.39	-0.112483	0.2066411
5990	-1754.47	-1751.21	-3.25499	0.4024899
6000	-1627.79	-1626.7	-1.08553	0.2621113
6010	-1590.35	-1591.47	1.12225	0.1402499
6020	-1814.57	-1816.29	1.72449	0.03002529
6030	-1728.98	-1731.23	2.25264	0.04644393
6040	-1606.78	-1608.48	1.70535	0.1082125
6050	-1718.95	-1721.23	2.28008	0.04906904
6060	-1730.34	-1732.59	2.2483	0.04610294
6070	-1718.52	-1720.8	2.28107	0.0491856
6080	-1750.09	-1752.26	2.16927	0.04150538
6090	-1624.62	-1626.6	1.98553	0.09105093
6100	-1671.81	-1674.09	2.28479	0.06477423
6110	-1698.85	-1701.16	2.30904	0.05498954
6120	-1673.63	-1675.92	2.28903	0.06403284
6130	-1747.21	-1749.39	2.1826	0.04213719
6140	-1676.14	-1678.44	2.29422	0.06303138
6150	-1649.3	-1651.49	2.19424	0.07526898
6160	-1596.97	-1598.41	1.44307	0.1229253
6170	-1646.62	-1648.79	2.17804	0.07672046
6180	-1672.95	-1675.24	2.2875	0.06430745
6190	-1613.1	-1614.92	1.8239	0.1012252
6200	-1607.27	-1608.99	1.71566	0.1076163
6210	-1593.13	-1594.42	1.28683	0.1314169
6220	-1615.85	-1617.72	1.86796	0.09854281
6230	-1756.32	-1758.46	2.1384	0.04018024
6240	-1658.15	-1660.39	2.23891	0.07081454
6250	-1811.39	-1813.15	1.75255	0.0304916
6260	-1780.06	-1782.05	1.99623	0.03559772
6270	-1676.51	-1678.81	2.29492	0.06288649
6280	-1696.24	-1698.55	2.31007	0.05583288
6290	-1654.83	-1657.06	2.22367	0.07242807
6300	-1688.73	-1691.04	2.30921	0.05836788
6310	-1613.06	-1614.89	1.82333	0.1012595
6320	-1615.21	-1617.07	1.85799	0.09915468
6330	-1599.51	-1601.04	1.52477	0.11842
6340	-1588.76	-1589.26	0.492525	0.1738107
6350	-1595.63	-1597.03	1.39433	0.1255894
6360	-1649.03	-1651.23	2.19268	0.07541134
6370	-1707.3	-1709.6	2.3013	0.05238337
6380	-1589.6	-1590.66	1.06051	0.1435457
6390	-1718.05	-1720.33	2.28213	0.04931357
6400	-1874.76	-1875.84	1.08081	0.02257306
6410	-1819.05	-1820.73	1.68384	0.0293811
6420	-1827.51	-1829.11	1.60383	0.0282087
6430	-1785.82	-1787.78	1.95605	0.03458455
6440	-1739.33	-1741.54	2.21597	0.04393107
6450	-1671.01	-1673.3	2.2828	0.06510213
6460	-1703.37	-1705.68	2.30572	0.05357066
6470	-1606.87	-1608.57	1.70721	0.1081052
6480	-1593.78	-1595.1	1.31739	0.1297663
6490	-1600.7	-1602.26	1.55872	0.1165306
6500	-1614.21	-1616.05	1.84214	0.1001216
6510	-1591.96	-1593.19	1.22569	0.1347082
6520	-1689.67	-1691.98	2.30963	0.05804066
6530	-1697.44	-1699.75	2.30968	0.05544141
6540	-1595.64	-1597.03	1.39445	0.1255826
6550	-1595.04	-1596.41	1.37105	0.1268565
6560	-1626.52	-1628.53	2.00729	0.0895935
6570	-1595.57	-1596.96	1.39179	0.1257275
6580	-1591.61	-1592.82	1.20571	0.1357807
6590	-1636.26	-1638.36	2.10207	0.08285592
6600	-1652.65	-1654.86	2.21267	0.07352574
6610	-1616.25	-1618.13	1.87403	0.09816856
6620	-1702.63	-1704.93	2.3064	0.05380115
6630	-1599.98	-1601.52	1.53842	0.1176615
6640	-1619.8	-1621.72	1.92473	0.0949947
6650	-1626.09	-1628.09	2.00249	0.08991777
6660	-1617.11	-1619	1.88681	0.09737702
6670	-1602.77	-1604.39	1.61345	0.1134584
6680	-1592.11	-1593.34	1.2339	0.1342669
6690	-1648.95	-1651.14	2.1922	0.07545565
6700	-1634.69	-1636.78	2.08851	0.08386794
6710	-1659.81	-1662.05	2.24587	0.07003347
6720	-1723.11	-1725.38	2.26968	0.04795459
6730	-1674.17	-1676.46	2.29021	0.06381534
6740	-1596.2	-1597.61	1.41553	0.1244323
6750	-1587.89	-1588.62	0.730789	0.1610942
6760	-1688.71	-1686.42	-2.29058	0.3369046
6770	-1618.25	-1620.15	1.90326	0.09635028
6780	-1613.69	-1612.98	-0.702134	0.239791
6790	-1642.3	-1644.45	2.1491	0.07916753
6800	-1588.14	-1589.01	0.863849	0.1540148
6810	-1639.74	-1638.37	-1.3653	0.2788242
6820	-1609.55	-1608.98	-0.572877	0.2324085
6830	-1631.17	-1633.23	2.05583	0.0862345
6840	-1710.23	-1712.53	2.29708	0.05152018
6850	-1677.14	-1679.44	2.29607	0.06264
6860	-1722.23	-1724.5	2.27202	0.04818927
6870	-1636.13	-1638.23	2.10103	0.0829341
6880	-1661.7	-1663.95	2.25333	0.06915795
6890	-1659.41	-1661.65	2.24422	0.07022096
6900	-1639.5	-1641.63	2.12833	0.080834
6910	-1618.5	-1617.66	-0.841537	0.2478319
6920	-1603.22	-1604.85	1.62459	0.1128291
6930	-1594.56	-1594.6	0.0365729	0.1984581
6940	-1631.83	-1633.9	2.06222	0.08577948
6950	-1704.9	-1707.2	2.30417	0.05310392
6960	-1678.08	-1680.38	2.2977	0.06227666
6970	-1715.39	-1717.68	2.28779	0.05004756
6980	-1614.71	-1616.56	1.85018	0.09963177
6990	-1649.55	-1651.75	2.19568	0.07513671
7000	-1825.46	-1827.09	1.62354	0.02848665
7010	-1635.74	-1637.84	2.09771	0.08318338
7020	-1713.62	-1715.91	2.29124	0.05054591
7030	-1674.85	-1677.14	2.29165	0.06354396
7040	-1625.44	-1627.44	1.99511	0.09041263
7050	-1684.53	-1686.84	2.30617	0.05986206
7060	-1768.8	-1770.87	2.06837	0.0376833
7070	-1675.67	-1677.96	2.29331	0.06321717
7080	-1698.98	-1701.29	2.30898	0.0549478
7090	-1606.11	-1607.8	1.69102	0.109039
7100	-1704.15	-1706.45	2.30496	0.05333371
7110	-1658.05	-1660.29	2.23848	0.0708617
7120	-1777.68	-1779.69	2.01215	0.03602584
7130	-1700.09	-1702.4	2.30832	0.05459303
7140	-1726.54	-1728.8	2.26007	0.0470646
7150	-1641.01	-1643.15	2.13972	0.07992872
7160	-1595.5	-1596.89	1.3893	0.1258635
7170	-1678.01	-1680.31	2.29759	0.06230319
7180	-1613.15	-1614.98	1.82481	0.1011708
7190	-1648.91	-1651.1	2.19197	0.07547585
7200	-1589.75	-1590.83	1.07423	0.1428136
7210	-1591.17	-1591.42	0.253832	0.1866494
7220	-1598.78	-1600.29	1.50267	0.1196442
7230	-1724.84	-1727.11	2.26494	0.04750197
7240	-1709.73	-1712.03	2.29785	0.05166563
7250	-1593.51	-1594.81	1.30464	0.1304554
7260	-1588.58	-1589.52	0.944716	0.149713
7270	-1590.35	-1591.47	1.122	0.1402632
7280	-1598.84	-1600.34	1.50434	0.119552
7290	-1605.34	-1607.01	1.67413	0.1100086
7300	-1642.24	-1644.39	2.14867	0.07920303
7310	-1593.32	-1594.62	1.29585	0.1309302
7320	-1588.58	-1589.53	0.945803	0.1496552
7330	-1588.57	-1589.09	0.521465	0.1722618
7340	-1644.4	-1646.56	2.16362	0.07796037
7350	-1739.95	-1742.16	2.2135	0.04378588
7360	-1647.53	-1649.71	2.18369	0.0762213
7370	-1646.19	-1648.36	2.17533	0.07695694
7380	-1617.46	-1619.35	1.89188	0.0970613
7390	-1606.56	-1606.09	-0.472494	0.2267219
7400	-1662.24	-1664.49	2.25536	0.06891253
7410	-1668.45	-1670.72	2.27584	0.06617993
7420	-1631.55	-1633.61	2.05946	0.08597629
7430	-1598.12	-1599.61	1.4818	0.1207964
7440	-1590.9	-1592.06	1.1611	0.1381719
7450	-1607.15	-1608.86	1.71305	0.1077676
7460	-1592.64	-1592.79	0.150568	0.1922457
7470	-1591	-1591.27	0.266632	0.1859576
7480	-1599.05	-1598.87	-0.18218	0.2104925
7490	-1594.83	-1596.19	1.36255	0.1273182
7500	-1635.48	-1637.58	2.09546	0.08335149
7510	-1603.19	-1604.81	1.62379	0.112874
7520	-1688.37	-1690.68	2.30902	0.058493
7530	-1604.95	-1606.61	1.66528	0.1105153
7540	-1792.47	-1794.38	1.90706	0.03345916
7550	-1828.94	-1830.53	1.58989	0.02801593
7560	-1739.68	-1741.89	2.21458	0.04384891
7570	-1679.8	-1682.1	2.30042	0.0616188
7580	-1683.46	-1685.77	2.30509	0.06025321
7590	-1670.13	-1672.41	2.28051	0.06546909
7600	-1592.64	-1593.9	1.26234	0.1327369
7610	-1592.75	-1594.01	1.26767	0.1324498
7620	-1660.47	-1662.72	2.24855	0.0697242
7630	-1595.27	-1596.65	1.38035	0.1263504
7640	-1587.93	-1588.62	0.68526	0.163519
7650	-1638.18	-1640.3	2.11795	0.0816436
7660	-1746.88	-1749.06	2.18408	0.04220976
7670	-1639.56	-1641.69	2.12876	0.08080028
7680	-1696.97	-1699.28	2.30985	0.05559333
7690	-1607.21	-1608.93	1.71444	0.1076868
7700	-1606.46	-1608.16	1.69869	0.108597
7710	-1738.79	-1741.01	2.21808	0.04405738
7720	-1662.59	-1664.84	2.25666	0.06875269
7730	-1669.08	-1671.36	2.27764	0.06591151
7740	-1737.68	-1739.9	2.22238	0.0443198
7750	-1587.9	-1588.67	0.76411	0.1593207
7760	-1587.9	-1588.62	0.719749	0.161682
7770	-1602.31	-1603.92	1.60183	0.1141139
7780	-1604.01	-1605.65	1.64351	0.1117559
7790	-1663.72	-1665.98	2.26074	0.06824241
7800	-1730.67	-1732.92	2.2472	0.04601909
7810	-1660.99	-1663.24	2.25059	0.06948444
7820	-1710.51	-1712.81	2.29663	0.05143836
7830	-1668.38	-1670.66	2.27567	0.06620574
7840	-1662.11	-1664.37	2.2549	0.06896851
7850	-1694.07	-1696.38	2.3104	0.05654825
7860	-1746.21	-1748.39	2.1871	0.04235963
7870	-1720.9	-1723.17	2.27539	0.04854329
7880	-1739.88	-1742.09	2.2138	0.0438031
7890	-1640.56	-1642.69	2.13636	0.08019743
7900	-1587.91	-1588.68	0.770323	0.15899
7910	-1593.48	-1594.79	1.30358	0.1305125
7920	-1614.46	-1616.3	1.84613	0.09987847
7930	-1653.06	-1651.42	-1.64548	0.2959427
7940	-1590.39	-1590.71	0.316833	0.1832484
7950	-1646.03	-1648.21	2.17433	0.07704364
7960	-1720.89	-1723.16	2.27542	0.04854598
7970	-1588.36	-1589.27	0.909334	0.1515954
7980	-1601.41	-1601.13	-0.281126	0.215989
7990	-1588.03	-1588.86	0.831216	0.1557505
8000	-1593.04	-1593.17	0.125308	0.1936191
8010	-1639.73	-1641.86	2.13006	0.08069804
8020	-1603.02	-1604.64	1.61955	0.113114
8030	-1708.28	-1710.58	2.29997	0.05209214
8040	-1845.18	-1846.61	1.42312	0.02593033
8050	-1853.77	-1855.09	1.32888	0.02490094
8060	-1725.17	-1727.43	2.26403	0.04741764
8070	-1739.65	-1741.87	2.21468	0.04385475
8080	-1663.31	-1665.57	2.25928	0.06842789
8090	-1628.65	-1630.68	2.03031	0.08802117
8100	-1623.73	-1625.7	1.97492	0.0917519
8110	-1592	-1593.22	1.22769	0.1346009
8120	-1592.34	-1592.51	0.170133	0.1911832
8130	-1588.9	-1589.89	0.987594	0.1474308
8140	-1593.89	-1595.21	1.32201	0.1295162
8150	-1693.16	-1690.79	-2.36338	0.3416685
8160	-1617.45	-1619.34	1.8918	0.09706654
8170	-1588.47	-1589.4	0.92859	0.150571
8180	-1607.68	-1609.4	1.72397	0.1071341
8190	-1591.35	-1592.54	1.18956	0.1366471
8200	-1588.87	-1589.85	0.98421	0.1476109
8210	-1589.63	-1590.69	1.06297	0.1434143
8220	-1589.19	-1590.21	1.02077	0.1456637
8230	-1736.72	-1733.71	-3.01487	0.3856488
8240	-1644.6	-1643.13	-1.4709	0.2852304
8250	-1628.97	-1631	2.03365	0.0877902
8260	-1587.9	-1588.62	0.718188	0.1617652
8270	-1594.26	-1594.31	0.0534149	0.1975378
8280	-1606.41	-1605.94	-0.467232	0.2264249
8290	-1590.01	-1591.11	1.09576	0.1416645
8300	-1663.36	-1665.62	2.25946	0.06840458
8310	-1611.62	-1613.42	1.79856	0.1027448
8320	-1625.76	-1627.76	1.99878	0.09016702
8330	-1791.5	-1793.41	1.9144	0.03362101
8340	-1688.35	-1690.66	2.30901	0.05850189
8350	-1609.98	-1611.75	1.76876	0.1045124
8360	-1749.58	-1751.75	2.17168	0.04161675
8370	-1714.58	-1716.87	2.28941	0.05027596
8380	-1718.02	-1720.3	2.28219	0.04932102
8390	-1696.64	-1698.95	2.30995	0.05570289
8400	-1783.17	-1785.14	1.9748	0.03504601
8410	-1807.76	-1809.55	1.78391	0.03103584
8420	-1588.96	-1589.96	0.995154	0.1470282
8430	-1733.58	-1730.61	-2.97102	0.3826111
8440	-1606.72	-1608.42	1.70409	0.1082857
8450	-1595.91	-1597.31	1.40481	0.1250177
8460	-1587.89	-1588.62	0.730586	0.161105
8470	-1587.9	-1588.61	0.708183	0.162298
8480	-1606.86	-1608.57	1.7071	0.1081118
8490	-1627.61	-1629.63	2.01929	0.0887783
8500	-1627.65	-1629.67	2.01969	0.08875113
8510	-1618.29	-1620.19	1.90382	0.09631525
8520	-1599.72	-1599.51	-0.211325	0.2121079
8530	-1620.81	-1622.75	1.93824	0.09413275
8540	-1650.93	-1653.14	2.20347	0.07441004
8550	-1687.7	-1690.01	2.30864	0.05872783
8560	-1642.1	-1644.25	2.1477	0.07928234
8570	-1599.65	-1599.44	-0.208184	0.2119337
8580	-1591.52	-1591.74	0.22767	0.1880645
8590	-1587.9	-1588.67	0.763157	0.1593714
8600	-1638.43	-1640.55	2.11991	0.08149168
8610	-1628.7	-1630.73	2.03085	0.08798373
8620	-1725.7	-1727.97	2.2625	0.04727959
8630	-1662.63	-1664.89	2.25684	0.06873106
8640	-1758.1	-1760.23	2.12907	0.03981153
8650	-1656.93	-1659.17	2.2335	0.07140086
8660	-1613.49	-1615.32	1.83037	0.1008346
8670	-1678.05	-1680.35	2.29765	0.06228843
8680	-1668.43	-1670.7	2.2758	0.06618687
8690	-1725.32	-1727.59	2.26359	0.04737791
8700	-1716.86	-1719.14	2.28475	0.04964121
8710	-1657.43	-1659.67	2.23573	0.07116083
8720	-1712.39	-1714.68	2.29348	0.05089788
8730	-1607.36	-1609.07	1.71738	0.1075163
8740	-1657.46	-1659.7	2.23587	0.07114602
8750	-1703.95	-1706.26	2.30516	0.0533924
8760	-1670.4	-1672.68	2.28122	0.06535611
8770	-1679.28	-1681.58	2.29963	0.06181765
8780	-1812.6	-1814.34	1.74198	0.0303137
8790	-1591.18	-1591.44	0.252572	0.1867175
8800	-1667.91	-1670.18	2.27429	0.06640823
8810	-1651.68	-1653.89	2.20755	0.07402116
8820	-1598.09	-1599.57	1.48071	0.1208564
8830	-1686.67	-1688.98	2.30796	0.05909301
8840	-1738.45	-1740.67	2.21939	0.04413673
8850	-1695.99	-1698.3	2.31013	0.05591215
8860	-1628.04	-1630.07	2.02391	0.08846205
8870	-1634.36	-1636.44	2.08557	0.08408495
8880	-1701.02	-1703.33	2.30769	0.05430007
8890	-1726.54	-1728.8	2.26005	0.04706306
8900	-1740.42	-1742.63	2.21161	0.04367568
8910	-1646.52	-1648.7	2.17743	0.076773
8920	-1807.62	-1809.4	1.78516	0.03105808
8930	-1666.7	-1668.97	2.27061	0.06693041
8940	-1605.57	-1607.25	1.67935	0.1097098
8950	-1601.52	-1603.11	1.58121	0.1152725
8960	-1772.62	-1774.66	2.04484	0.0369593
8970	-1659.39	-1661.63	2.24415	0.07022955
8980	-1646.7	-1648.87	2.17853	0.07667679
8990	-1742.21	-1744.42	2.20429	0.04326271
9000	-1689.67	-1691.98	2.30964	0.05804017
9010	-1590.07	-1591.17	1.10067	0.1414025
9020	-1588.73	-1589.69	0.965997	0.1485804
9030	-1611.62	-1613.42	1.7985	0.1027482
9040	-1715.83	-1718.12	2.28691	0.04992657
9050	-1742.77	-1744.97	2.20198	0.04313616
9060	-1745.15	-1747.34	2.19177	0.0425967
9070	-1792.26	-1794.17	1.90866	0.03349434
9080	-1608.93	-1610.68	1.7489	0.1056797
9090	-1677.04	-1679.34	2.29589	0.06268009
9100	-1866.74	-1867.92	1.17852	0.02343227
9110	-1732.75	-1734.99	2.24025	0.04550744
9120	-1610.24	-1612.01	1.77359	0.1042272
9130	-1652.67	-1654.88	2.21275	0.07351804
9140	-1626.25	-1628.25	2.00429	0.08979644
9150	-1652.24	-1654.45	2.21052	0.07373543
9160	-1672.62	-1674.9	2.28673	0.06444308
9170	-1637.04	-1639.15	2.10864	0.08235789
9180	-1736.66	-1738.89	2.22621	0.04456105
9190	-1794.61	-1796.5	1.89068	0.03310635
9200	-1760.09	-1762.21	2.11835	0.03940332
9210	-1813.14	-1814.88	1.73719	0.03023414
9220	-1777.07	-1779.08	2.01621	0.03613738
9230	-1640.33	-1642.46	2.13465	0.08033413
9240	-1652.94	-1655.15	2.21416	0.07337946
9250	-1686.86	-1689.16	2.30809	0.05902793
9260	-1795.78	-1797.66	1.88168	0.0329167
9270	-1902.36	-1903.08	0.717697	0.01987634
9280	-1831.19	-1832.76	1.56764	0.02771485
9290	-1746.36	-1748.55	2.18639	0.04232456
9300	-1612.6	-1614.42	1.81551	0.1017303
9310	-1703.15	-1705.46	2.30593	0.05363875
9320	-1815.53	-1817.25	1.71585	0.02988539
9330	-1674.71	-1677.01	2.29137	0.06359731
9340	-1880.01	-1881.03	1.01494	0.02203002
9350	-1649.78	-1651.97	2.19697	0.07501719
9360	-1689.51	-1691.82	2.30957	0.05809539
9370	-1661.32	-1663.57	2.25187	0.06933342
9380	-1622.74	-1624.7	1.96289	0.0925396
9390	-1640.06	-1642.19	2.13258	0.08049872
9400	-1851	-1852.36	1.35974	0.0252279
9410	-1743.2	-1745.4	2.20016	0.04303776
9420	-1610.8	-1612.59	1.7839	0.1036168
9430	-1704.24	-1706.54	2.30487	0.05330517
9440	-1623.89	-1625.86	1.97685	0.09162459
9450	-1599.72	-1601.25	1.53093	0.1180779
9460	-1616.65	-1618.53	1.88007	0.09779514
9470	-1683.33	-1685.64	2.30495	0.06030107
9480	-1826.86	-1828.47	1.61008	0.02829619
9490	-1782.39	-1784.37	1.98023	0.03518339
9500	-1643.97	-1646.13	2.16075	0.07820191
9510	-1725.05	-1727.31	2.26436	0.04744844
9520	-1823.92	-1825.55	1.63831	0.02869957
9530	-1837.96	-1839.46	1.49911	0.02683399
9540	-1699.27	-1701.58	2.30882	0.05485514
9550	-1704.23	-1706.53	2.30488	0.05330821
9560	-1601.74	-1603.33	1.5869	0.1149532
9570	-1643.85	-1646.01	2.15994	0.07827037
9580	-1588.53	-1589.47	0.938372	0.1500506
9590	-1608.15	-1607.62	-0.526539	0.2297785
9600	-1681.56	-1679.39	-2.17047	0.3291083
9610	-1791.89	-1788.17	-3.72607	0.4365606
9620	-1669.9	-1672.18	2.27988	0.06556723
9630	-1596.76	-1598.19	1.43579	0.123324
9640	-1718.5	-1720.78	2.2811	0.04918978
9650	-1812.55	-1814.3	1.74236	0.03032014
9660	-1902.5	-1903.21	0.71577	0.01986374
9670	-1761.66	-1763.77	2.10974	0.03908684
9680	-1709.58	-1711.88	2.29808	0.05170937
9690	-1726.58	-1728.84	2.25994	0.04705337
9700	-1833.97	-1835.51	1.53987	0.02734976
9710	-1718.98	-1721.26	2.27999	0.04905889
9720	-1631.31	-1633.37	2.0572	0.08613731
9730	-1644.87	-1647.04	2.16676	0.07769386
9740	-1646.12	-1648.3	2.1749	0.07699411
9750	-1660.86	-1663.11	2.25009	0.06954403
9760	-1751.6	-1753.76	2.16204	0.04117888
9770	-1878.01	-1879.05	1.0403	0.02223589
9780	-1756.94	-1759.07	2.13517	0.04005121
9790	-1777.37	-1779.38	2.01421	0.03608229
9800	-1648.89	-1651.08	2.19182	0.07549001
9810	-1619.53	-1621.45	1.92102	0.09523013
9820	-1607.55	-1609.27	1.72135	0.1072859
9830	-1677.5	-1679.8	2.29671	0.06250056
9840	-1631.1	-1633.15	2.05506	0.08628882
9850	-1762.57	-1764.68	2.10464	0.03890356
9860	-1588.43	-1589.35	0.921313	0.1509582
9870	-1615.53	-1614.77	-0.756815	0.2429351
9880	-1597.71	-1597.59	-0.122058	0.2071692
9890	-1593.48	-1594.79	1.3036	0.1305114
9900	-1696.91	-1699.22	2.30987	0.0556147
9910	-1809.97	-1811.73	1.76497	0.03070409
9920	-1787.89	-1789.83	1.94109	0.0342291
9930	-1709.4	-1711.7	2.29834	0.05176134
9940	-1736.98	-1739.21	2.225	0.04448401
9950	-1709.37	-1711.67	2.29838	0.05176934
9960	-1701.02	-1703.32	2.30769	0.05430257
9970	-1715.42	-1717.71	2.28774	0.05004
9980	-1746.86	-1749.05	2.18416	0.04221341
9990	-1750.66	-1752.83	2.16653	0.04138039
10000	-1707.56	-1709.86	2.30095	0.0523056
