Iteration	Posterior	Likelihood	Prior	birth_rate
0	-1653.79	-1656.01	2.21851	0.07294857
10	-1596.53	-1597.96	1.42761	0.1237722
20	-1593.29	-1593.4	0.110238	0.1944393
30	-1599.77	-1601.31	1.53238	0.1179975
40	-1588	-1588.82	0.820752	0.1563071
50	-1588.17	-1588.77	0.60003	0.1680638
60	-1598.31	-1599.8	1.48785	0.1204627
70	-1605.27	-1606.94	1.67259	0.1100969
80	-1634.99	-1637.08	2.09115	0.08367209
90	-1589.41	-1589.82	0.41242	0.1781058
100	-1637.36	-1639.48	2.11131	0.08215399
110	-1588.72	-1589.21	0.499645	0.1734295
120	-1632.74	-1634.81	2.07074	0.08516684
130	-1640.76	-1642.89	2.13784	0.0800791
140	-1598.5	-1599.99	1.49368	0.1201409
150	-1588.48	-1589.4	0.929191	0.150539
160	-1589.94	-1590.3	0.357726	0.1810459
170	-1607.88	-1609.61	1.72802	0.1068984
180	-1595.9	-1597.3	1.40449	0.1250352
190	-1588.42	-1588.96	0.548631	0.1708092
200	-1603.69	-1605.33	1.63592	0.112187
210	-1655.66	-1657.88	2.2276	0.07202232
220	-1588.94	-1589.94	0.992916	0.1471474
230	-1592.4	-1593.65	1.24993	0.133405
240	-1588.79	-1589.28	0.489174	0.1739901
250	-1591.19	-1592.37	1.18	0.1371596
260	-1622.52	-1624.48	1.96015	0.09271787
270	-1590.61	-1591.75	1.14094	0.1392505
280	-1611.9	-1613.7	1.80334	0.1024591
290	-1588.3	-1588.87	0.572007	0.1695601
300	-1609.06	-1610.81	1.75141	0.1055326
310	-1623.86	-1625.84	1.97656	0.0916435
320	-1600.23	-1601.77	1.54551	0.1172669
330	-1703.76	-1706.07	2.30535	0.05345088
340	-1671.19	-1673.48	2.28326	0.06502714
350	-1675.09	-1677.38	2.29214	0.06344914
360	-1683.16	-1685.46	2.30476	0.06036435
370	-1628.65	-1630.68	2.0303	0.0880215
380	-1606.96	-1608.67	1.70927	0.1079864
390	-1616.02	-1617.89	1.87049	0.09838676
400	-1664.97	-1667.23	2.26502	0.06768845
410	-1692.46	-1694.77	2.31035	0.05708789
420	-1594.05	-1595.37	1.32908	0.1291334
430	-1598.16	-1599.64	1.48289	0.1207363
440	-1588.07	-1588.91	0.84315	0.1551157
450	-1592.17	-1593.4	1.23707	0.1340967
460	-1588.06	-1588.9	0.840822	0.1552396
470	-1591.36	-1592.55	1.19063	0.1365897
480	-1587.98	-1588.79	0.811834	0.1567815
490	-1589.82	-1590.19	0.369204	0.1804284
500	-1590.52	-1590.83	0.305524	0.1838582
510	-1609.74	-1611.51	1.76434	0.1047726
520	-1608.82	-1610.56	1.74664	0.1058117
530	-1588.19	-1588.79	0.595042	0.16833
540	-1626.03	-1628.03	2.00178	0.0899654
550	-1658.06	-1660.3	2.23851	0.07085832
560	-1594.16	-1594.22	0.0589405	0.1972361
570	-1587.9	-1588.62	0.71785	0.1617831
580	-1598.67	-1598.51	-0.165634	0.2095767
590	-1588.55	-1589.49	0.940431	0.149941
600	-1623.91	-1625.89	1.97719	0.09160202
610	-1595.8	-1595.77	-0.029358	0.2020689
620	-1601.72	-1603.31	1.58649	0.1149762
630	-1596.22	-1597.64	1.41655	0.1243767
640	-1588.15	-1589.02	0.86613	0.1538935
650	-1639.43	-1641.56	2.12776	0.08087926
660	-1590.44	-1590.75	0.312767	0.1834676
670	-1588.7	-1589.2	0.501804	0.1733139
680	-1593.98	-1595.31	1.32615	0.1292923
690	-1588.68	-1589.64	0.959056	0.1489499
700	-1588.96	-1589.42	0.466424	0.1752089
710	-1599.17	-1600.69	1.5145	0.1189895
720	-1607.65	-1609.38	1.72351	0.1071608
730	-1652.24	-1654.45	2.21053	0.07373407
740	-1700.35	-1702.66	2.30815	0.0545109
750	-1610.92	-1610.31	-0.616891	0.2349146
760	-1597.87	-1599.34	1.47343	0.1212576
770	-1613.53	-1615.37	1.83113	0.1007888
780	-1606.61	-1608.31	1.70176	0.1084202
790	-1597.68	-1599.15	1.46743	0.1215874
800	-1587.93	-1588.71	0.785228	0.1581969
810	-1610.56	-1609.95	-0.605344	0.2342564
820	-1588.27	-1588.85	0.577727	0.1692546
830	-1590.45	-1591.58	1.12975	0.1398488
840	-1589.8	-1590.88	1.0786	0.1425804
850	-1601.71	-1603.3	1.58622	0.1149914
860	-1614.5	-1613.77	-0.726375	0.2411833
870	-1681.09	-1683.4	2.30224	0.06113062
880	-1625.85	-1627.85	1.99982	0.09009665
890	-1711.31	-1713.6	2.29533	0.05120818
900	-1749.37	-1751.54	2.17267	0.04166264
910	-1673.25	-1675.54	2.28818	0.06418591
920	-1590.53	-1590.84	0.30482	0.1838961
930	-1595.19	-1596.56	1.37696	0.1265352
940	-1634.36	-1636.44	2.08556	0.08408576
950	-1605.47	-1607.15	1.67701	0.1098439
960	-1628.52	-1630.55	2.02895	0.08811475
970	-1588.51	-1589.04	0.531762	0.1717111
980	-1595.58	-1596.97	1.39236	0.1256967
990	-1590.64	-1591.79	1.14351	0.1391131
1000	-1592.07	-1593.3	1.23174	0.134383
1010	-1593.63	-1593.72	0.0898864	0.1955479
1020	-1589.21	-1589.64	0.434981	0.1768949
1030	-1601.98	-1603.57	1.59316	0.1146017
1040	-1647.2	-1649.38	2.18169	0.07639887
1050	-1591.58	-1592.79	1.20382	0.1358824
1060	-1605.79	-1607.47	1.68409	0.1094378
1070	-1596.51	-1597.94	1.42696	0.1238077
1080	-1619.85	-1618.98	-0.878958	0.2500047
1090	-1588.36	-1589.27	0.909271	0.1515988
1100	-1587.92	-1588.69	0.776759	0.1586476
1110	-1592.84	-1594.11	1.27222	0.1322047
1120	-1637.8	-1639.91	2.11485	0.08188239
1130	-1593.8	-1595.11	1.31795	0.1297355
1140	-1625.2	-1627.19	1.99228	0.09060173
1150	-1652.89	-1655.11	2.21392	0.07340337
1160	-1593.57	-1594.88	1.30776	0.1302869
1170	-1592.92	-1593.05	0.133009	0.1932002
1180	-1591.75	-1591.96	0.211004	0.188967
1190	-1591.93	-1593.15	1.22402	0.1347981
1200	-1624.47	-1626.45	1.98375	0.09116892
1210	-1613.53	-1615.36	1.83102	0.1007953
1220	-1765.64	-1767.73	2.0871	0.03829624
1230	-1602.94	-1604.55	1.61751	0.1132292
1240	-1587.99	-1588.65	0.655474	0.1651063
1250	-1631.56	-1633.62	2.05954	0.08597061
1260	-1589.92	-1591.01	1.08866	0.1420436
1270	-1626.74	-1628.75	2.0097	0.08943082
1280	-1588.73	-1589.23	0.497084	0.1735666
1290	-1600.05	-1601.59	1.54054	0.1175439
1300	-1702.5	-1704.81	2.30651	0.05383868
1310	-1702.16	-1704.47	2.3068	0.05394587
1320	-1593.89	-1595.21	1.32198	0.1295178
1330	-1625.71	-1627.71	1.99823	0.09020353
1340	-1591.66	-1591.88	0.217081	0.1886379
1350	-1623.84	-1622.86	-0.985295	0.2562129
1360	-1589.6	-1589.99	0.392028	0.1792013
1370	-1601.19	-1602.76	1.57218	0.1157779
1380	-1625.79	-1627.79	1.9991	0.09014511
1390	-1656.23	-1658.46	2.23029	0.07174108
1400	-1589.64	-1590.7	1.06391	0.1433645
1410	-1605.87	-1607.56	1.68588	0.109335
1420	-1642.88	-1645.04	2.15324	0.07882746
1430	-1634.45	-1636.53	2.08635	0.0840274
1440	-1603.24	-1604.87	1.62511	0.1127995
1450	-1707.51	-1709.81	2.30102	0.05231978
1460	-1665.93	-1668.2	2.26819	0.06726455
1470	-1595.37	-1596.76	1.38424	0.1261387
1480	-1593.47	-1594.77	1.30272	0.130559
1490	-1612.82	-1614.64	1.81927	0.1015039
1500	-1593.06	-1593.19	0.124029	0.1936886
1510	-1650.7	-1649.1	-1.59781	0.2930024
1520	-1620.07	-1622	1.92844	0.09475903
1530	-1591.13	-1592.3	1.17569	0.1373902
1540	-1588.92	-1589.39	0.471034	0.1749618
1550	-1606.55	-1608.25	1.70044	0.1084966
1560	-1601.18	-1602.76	1.57204	0.1157858
1570	-1656.13	-1658.36	2.22983	0.07178946
1580	-1611.95	-1613.76	1.80435	0.1023987
1590	-1703.93	-1706.23	2.30518	0.05339984
1600	-1751.02	-1753.18	2.16484	0.04130407
1610	-1652.17	-1654.38	2.21014	0.07377158
1620	-1643.68	-1645.84	2.15878	0.07836694
1630	-1698.97	-1701.28	2.30898	0.05495076
1640	-1672.62	-1674.91	2.28674	0.06444057
1650	-1591.39	-1592.58	1.19234	0.1364982
1660	-1600.34	-1601.89	1.5488	0.1170838
1670	-1588.37	-1588.93	0.557262	0.1703479
1680	-1612.68	-1614.5	1.81684	0.1016504
1690	-1599.45	-1599.25	-0.199426	0.211448
1700	-1612.55	-1614.36	1.81457	0.1017867
1710	-1602.97	-1604.59	1.61844	0.113177
1720	-1589.27	-1589.7	0.427456	0.1772986
1730	-1589.89	-1590.25	0.363192	0.1807518
1740	-1656.25	-1658.48	2.23036	0.07173411
1750	-1608.51	-1610.25	1.74055	0.1061679
1760	-1599.24	-1600.76	1.51663	0.1188712
1770	-1629.04	-1631.07	2.03435	0.08774117
1780	-1604.21	-1605.86	1.64823	0.1114873
1790	-1595.7	-1597.1	1.397	0.1254438
1800	-1590.1	-1591.2	1.10279	0.1412894
1810	-1590.13	-1591.24	1.10535	0.1411527
1820	-1588.19	-1588.78	0.596069	0.1682752
1830	-1588.51	-1589.44	0.934071	0.1502794
1840	-1619.34	-1618.47	-0.86482	0.249183
1850	-1589.49	-1590.54	1.05044	0.1440827
1860	-1606.99	-1608.7	1.70985	0.1079528
1870	-1620.96	-1622.9	1.94019	0.09400776
1880	-1588.96	-1589.96	0.995376	0.1470164
1890	-1641.77	-1643.91	2.14528	0.0794796
1900	-1623.19	-1625.16	1.96842	0.09217841
1910	-1594.64	-1596	1.35482	0.127738
1920	-1640.75	-1639.36	-1.38765	0.2801751
1930	-1588.67	-1589.62	0.957693	0.1490224
1940	-1601.89	-1601.59	-0.299855	0.2170334
1950	-1588.12	-1588.98	0.859004	0.1542725
1960	-1588.48	-1589.02	0.537271	0.1714165
1970	-1596.63	-1596.56	-0.070909	0.2043516
1980	-1663.35	-1665.61	2.25944	0.06840724
1990	-1659.45	-1661.7	2.24442	0.07019808
2000	-1608.41	-1610.15	1.7387	0.1062762
2010	-1600.68	-1602.23	1.55813	0.1165633
2020	-1593.93	-1595.26	1.32402	0.1294072
2030	-1612.08	-1613.88	1.80652	0.1022694
2040	-1602.21	-1603.81	1.59915	0.1142645
2050	-1637.81	-1639.92	2.11492	0.08187709
2060	-1641.67	-1643.81	2.14456	0.07953811
2070	-1672.39	-1674.68	2.2862	0.06453481
2080	-1625.85	-1627.85	1.99978	0.09009964
2090	-1716.66	-1718.94	2.28518	0.04969676
2100	-1755.55	-1757.69	2.14237	0.04034139
2110	-1656.95	-1659.18	2.23359	0.07139144
2120	-1655.55	-1657.78	2.2271	0.07207468
2130	-1592.19	-1593.43	1.23842	0.134024
2140	-1597.42	-1597.32	-0.108651	0.2064299
2150	-1599.48	-1601	1.52371	0.118479
2160	-1634.47	-1633.22	-1.24585	0.2716427
2170	-1591.25	-1591.49	0.247806	0.1869752
2180	-1587.95	-1588.63	0.673585	0.1641411
2190	-1593.55	-1594.85	1.30649	0.1303554
2200	-1603.77	-1605.41	1.63789	0.1120752
2210	-1593.88	-1595.21	1.32194	0.1295199
2220	-1610.1	-1611.87	1.77097	0.1043818
2230	-1603.95	-1605.6	1.64221	0.1118297
2240	-1650.47	-1652.67	2.20089	0.07465211
2250	-1637.19	-1639.3	2.10984	0.08226594
2260	-1636.12	-1638.22	2.10092	0.08294221
2270	-1670.41	-1672.69	2.28124	0.06535345
2280	-1588.81	-1589.78	0.976388	0.1480274
2290	-1590.8	-1591.96	1.15431	0.1385355
2300	-1589.18	-1589.61	0.439092	0.1766744
2310	-1629.56	-1631.6	2.03975	0.08736575
2320	-1677.62	-1679.91	2.29691	0.0624556
2330	-1590.41	-1591.54	1.12655	0.1400198
2340	-1589.07	-1590.08	1.00783	0.146353
2350	-1590.82	-1591.97	1.15553	0.1384697
2360	-1595.65	-1595.63	-0.0215528	0.2016407
2370	-1646.67	-1648.85	2.17838	0.07669007
2380	-1616.78	-1615.99	-0.792984	0.2450218
2390	-1601.79	-1603.38	1.5882	0.1148801
2400	-1594.29	-1595.63	1.33997	0.1285435
2410	-1607.6	-1607.09	-0.508222	0.2287413
2420	-1606.03	-1607.72	1.68927	0.10914
2430	-1592.24	-1593.48	1.2409	0.1338906
2440	-1605.13	-1604.71	-0.421889	0.2238702
2450	-1620.12	-1619.23	-0.886138	0.2504223
2460	-1600.99	-1602.56	1.56683	0.1160773
2470	-1590.43	-1591.56	1.12824	0.1399295
2480	-1631.51	-1633.56	2.05905	0.0860052
2490	-1613.23	-1612.55	-0.688503	0.2390092
2500	-1592.96	-1594.24	1.27836	0.1318737
2510	-1631.95	-1634.01	2.06331	0.08570089
2520	-1596.47	-1597.89	1.42537	0.1238944
2530	-1630.98	-1633.03	2.05392	0.08636974
2540	-1588.9	-1589.88	0.987325	0.1474451
2550	-1613.81	-1615.65	1.83572	0.1005111
2560	-1599.01	-1600.52	1.50973	0.1192539
2570	-1592.65	-1593.91	1.2625	0.1327283
2580	-1692.85	-1695.16	2.31039	0.05695621
2590	-1617.34	-1619.23	1.8902	0.09716623
2600	-1653.82	-1656.04	2.21865	0.0729348
2610	-1615.19	-1617.04	1.85764	0.0991761
2620	-1610.53	-1612.31	1.77904	0.1039045
2630	-1644.54	-1646.71	2.16459	0.07787797
2640	-1605.36	-1607.03	1.67458	0.1099831
2650	-1618.14	-1620.04	1.90172	0.09644653
2660	-1588.05	-1588.68	0.635255	0.1661844
2670	-1703.13	-1705.44	2.30595	0.0536451
2680	-1606.13	-1607.82	1.69154	0.1090095
2690	-1639.56	-1641.69	2.12878	0.08079883
2700	-1589.54	-1590.59	1.05484	0.1438477
2710	-1796.81	-1798.68	1.87361	0.03274943
2720	-1624.82	-1626.81	1.98788	0.09089475
2730	-1590.78	-1591.06	0.284378	0.1849992
2740	-1604.47	-1606.12	1.65424	0.1111452
2750	-1588.43	-1589.36	0.922399	0.1509004
2760	-1631.14	-1633.19	2.05545	0.08626145
2770	-1630.08	-1632.13	2.04501	0.08699812
2780	-1598.69	-1600.19	1.49981	0.1198025
2790	-1595.26	-1596.64	1.37984	0.1263786
2800	-1638.34	-1640.46	2.11919	0.08154753
2810	-1589.24	-1590.27	1.02621	0.145374
2820	-1626.61	-1628.62	2.00829	0.08952637
2830	-1599.25	-1600.77	1.51693	0.1188546
2840	-1637.08	-1639.19	2.10896	0.08233336
2850	-1590.46	-1591.59	1.13009	0.1398305
2860	-1590.46	-1590.77	0.311158	0.1835543
2870	-1640.02	-1642.15	2.13228	0.080522
2880	-1635.56	-1637.66	2.09615	0.08330003
2890	-1588.18	-1588.78	0.598519	0.1681445
2900	-1620.76	-1619.85	-0.903527	0.2514346
2910	-1595.35	-1596.74	1.38349	0.1261795
2920	-1654.47	-1656.69	2.22187	0.07261026
2930	-1588.22	-1589.1	0.881959	0.1530515
2940	-1592.24	-1592.41	0.177296	0.1907945
2950	-1621.08	-1623.02	1.94174	0.09390853
2960	-1617.67	-1619.57	1.89501	0.09686657
2970	-1644.03	-1646.19	2.16115	0.07816805
2980	-1704.19	-1706.49	2.30492	0.0533212
2990	-1650.37	-1652.57	2.20031	0.07470647
3000	-1618.06	-1619.96	1.90062	0.09651574
3010	-1634.35	-1636.43	2.08545	0.08409344
3020	-1680.45	-1682.76	2.30137	0.0613707
3030	-1786.19	-1788.14	1.95344	0.03452154
3040	-1680.84	-1683.14	2.3019	0.06122559
3050	-1625.29	-1627.29	1.99341	0.09052637
3060	-1634.93	-1637.02	2.09062	0.08371166
3070	-1589.89	-1590.98	1.08593	0.1421893
3080	-1591.31	-1592.5	1.18748	0.1367588
3090	-1631.5	-1633.56	2.05904	0.08600603
3100	-1587.9	-1588.65	0.755854	0.1597601
3110	-1589.96	-1590.32	0.356029	0.1811372
3120	-1616.17	-1618.05	1.87284	0.09824221
3130	-1620.02	-1619.14	-0.883482	0.2502678
3140	-1594.89	-1594.91	0.0185814	0.1994421
3150	-1590.41	-1591.54	1.12697	0.1399975
3160	-1588.5	-1589.43	0.932855	0.1503441
3170	-1587.9	-1588.61	0.714401	0.1619668
3180	-1624.1	-1626.08	1.97938	0.091458
3190	-1599.61	-1601.14	1.52759	0.1182633
3200	-1588.59	-1589.11	0.519413	0.1723716
3210	-1587.92	-1588.71	0.783801	0.1582729
3220	-1588.7	-1589.66	0.961718	0.1488082
3230	-1596.1	-1597.51	1.41193	0.1246292
3240	-1624.51	-1626.5	1.9843	0.0911322
3250	-1588.33	-1588.9	0.564817	0.1699442
3260	-1619.86	-1621.79	1.92557	0.09494142
3270	-1591.49	-1592.69	1.19847	0.1361692
3280	-1613.3	-1615.13	1.82728	0.1010213
3290	-1589.37	-1589.78	0.41685	0.177868
3300	-1676.1	-1678.4	2.29414	0.0630474
3310	-1634.83	-1636.92	2.08977	0.08377504
3320	-1613.43	-1615.26	1.82943	0.1008916
3330	-1589.75	-1590.13	0.376289	0.1800473
3340	-1591.65	-1591.86	0.218224	0.1885759
3350	-1600.7	-1600.45	-0.252286	0.2143833
3360	-1603.3	-1604.93	1.62654	0.1127185
3370	-1741.91	-1744.12	2.20553	0.04333146
3380	-1744.93	-1747.12	2.19274	0.04264652
3390	-1706.78	-1709.08	2.30196	0.05253766
3400	-1618.28	-1620.18	1.9037	0.09632237
3410	-1660.28	-1662.53	2.24778	0.06981322
3420	-1793.13	-1795.03	1.90208	0.03335076
3430	-1590.48	-1590.79	0.309474	0.1836452
3440	-1609.6	-1609.02	-0.574379	0.2324939
3450	-1635.38	-1637.47	2.09454	0.08342037
3460	-1664.97	-1667.24	2.26504	0.06768536
3470	-1600.3	-1600.06	-0.235437	0.2134467
3480	-1602.17	-1603.76	1.59801	0.1143285
3490	-1589.25	-1589.68	0.430795	0.1771195
3500	-1588.68	-1589.64	0.959389	0.1489322
3510	-1587.92	-1588.7	0.778707	0.1585439
3520	-1589.07	-1589.52	0.451935	0.1759856
3530	-1589.21	-1589.64	0.435354	0.1768748
3540	-1635.18	-1633.92	-1.26233	0.2726297
3550	-1616.42	-1618.29	1.87651	0.09801554
3560	-1632.14	-1634.2	2.06509	0.08557358
3570	-1622.88	-1624.84	1.96459	0.09242867
3580	-1695.49	-1697.8	2.31024	0.05607881
3590	-1666.45	-1668.72	2.26985	0.06703654
3600	-1689.87	-1692.18	2.30971	0.05797312
3610	-1615.7	-1617.57	1.86563	0.09868589
3620	-1725.07	-1727.34	2.2643	0.04744314
3630	-1676.5	-1678.79	2.29489	0.06289243
3640	-1702.65	-1704.95	2.30638	0.05379439
3650	-1638.53	-1640.65	2.12074	0.08142747
3660	-1589.5	-1590.55	1.05133	0.1440354
3670	-1688.77	-1691.07	2.30923	0.05835582
3680	-1651.97	-1654.18	2.20908	0.07387445
3690	-1612.59	-1614.41	1.81538	0.1017378
3700	-1588.21	-1589.09	0.879139	0.1532015
3710	-1625.66	-1627.66	1.99762	0.09024451
3720	-1629.87	-1631.91	2.04288	0.08714682
3730	-1589.5	-1589.9	0.402937	0.1786151
3740	-1602.5	-1604.11	1.60666	0.1138415
3750	-1594.2	-1595.54	1.33596	0.1287607
3760	-1589.06	-1589.52	0.452516	0.1759544
3770	-1660.24	-1662.49	2.24762	0.06983215
3780	-1588.86	-1589.84	0.982957	0.1476777
3790	-1588.04	-1588.88	0.835551	0.1555199
3800	-1621.69	-1623.64	1.94963	0.09340015
3810	-1664.68	-1666.94	2.26406	0.0678147
3820	-1597.98	-1599.45	1.47705	0.1210582
3830	-1678.07	-1680.36	2.29768	0.06228202
3840	-1613.65	-1615.49	1.83311	0.1006689
3850	-1674.32	-1676.62	2.29055	0.06375294
3860	-1613.91	-1615.75	1.83726	0.1004178
3870	-1598.01	-1599.49	1.47806	0.1210026
3880	-1660.39	-1662.64	2.24824	0.06975973
3890	-1658.08	-1660.32	2.23861	0.07084726
3900	-1613.69	-1615.52	1.8337	0.1006331
3910	-1663.21	-1665.47	2.25895	0.06846933
3920	-1603.11	-1604.74	1.62192	0.11298
3930	-1603.33	-1604.96	1.62721	0.1126808
3940	-1624.05	-1626.03	1.9788	0.09149641
3950	-1745.71	-1747.9	2.18931	0.04247123
3960	-1599.87	-1599.65	-0.217611	0.2124567
3970	-1590.61	-1591.75	1.141	0.139247
3980	-1625.69	-1627.68	1.9979	0.09022578
3990	-1701.1	-1703.41	2.30763	0.05427502
4000	-1588.59	-1589.11	0.518567	0.1724169
4010	-1587.9	-1588.66	0.762263	0.1594189
4020	-1604.26	-1605.91	1.64955	0.1114124
4030	-1598.65	-1600.15	1.49857	0.1198711
4040	-1623.47	-1625.45	1.97189	0.09195098
4050	-1596.02	-1597.43	1.40887	0.1247962
4060	-1591.28	-1592.46	1.18539	0.1368709
4070	-1598	-1599.47	1.47768	0.1210233
4080	-1589.4	-1589.81	0.413242	0.1780617
4090	-1612.01	-1613.81	1.80532	0.1023407
4100	-1613.82	-1615.66	1.83583	0.1005042
4110	-1627.44	-1629.45	2.01736	0.08890969
4120	-1638.68	-1640.81	2.12194	0.08133374
4130	-1635.85	-1637.95	2.09864	0.08311353
4140	-1588.16	-1589.03	0.869284	0.1537257
4150	-1592.56	-1593.82	1.25822	0.132959
4160	-1591.74	-1592.95	1.21288	0.1353959
4170	-1603.06	-1604.68	1.62052	0.1130591
4180	-1588.45	-1589.38	0.925285	0.1507468
4190	-1606.61	-1608.31	1.7017	0.1084235
4200	-1588.02	-1588.84	0.826834	0.1559836
4210	-1658.46	-1660.7	2.24024	0.07066683
4220	-1627.07	-1629.09	2.0134	0.08917951
4230	-1588.02	-1588.85	0.828902	0.1558736
4240	-1632.95	-1635.02	2.07272	0.08502343
4250	-1589.94	-1590.3	0.358217	0.1810195
4260	-1592.17	-1593.41	1.23726	0.1340867
4270	-1616.23	-1618.11	1.87373	0.09818704
4280	-1608.34	-1610.08	1.73734	0.1063555
4290	-1624.02	-1626	1.97851	0.09151512
4300	-1623.3	-1625.27	1.96973	0.09209223
4310	-1602.71	-1602.38	-0.332081	0.2188334
4320	-1588.14	-1588.75	0.608494	0.1676121
4330	-1603.73	-1603.36	-0.370564	0.220988
4340	-1589.66	-1590.72	1.06593	0.1432567
4350	-1588.76	-1589.73	0.970182	0.1483577
4360	-1599.83	-1601.37	1.53414	0.1178998
4370	-1633.42	-1635.5	2.07708	0.08470667
4380	-1589.71	-1590.78	1.07047	0.1430143
4390	-1588.17	-1589.04	0.870234	0.1536752
4400	-1588.73	-1589.7	0.966751	0.1485403
4410	-1704.82	-1707.13	2.30425	0.05312699
4420	-1588.73	-1589.69	0.965936	0.1485837
4430	-1595.24	-1596.62	1.37909	0.1264194
4440	-1599.25	-1600.76	1.51675	0.1188649
4450	-1595.12	-1596.49	1.3741	0.1266908
4460	-1592.15	-1593.38	1.23597	0.1341558
4470	-1594.94	-1596.3	1.36684	0.1270854
4480	-1607.08	-1606.59	-0.490314	0.2277284
4490	-1628.5	-1630.53	2.02876	0.08812783
4500	-1643.92	-1646.08	2.1604	0.07823122
4510	-1679	-1681.3	2.2992	0.0619242
4520	-1640.63	-1642.77	2.13693	0.08015247
4530	-1677.48	-1679.78	2.29668	0.06250784
4540	-1587.9	-1588.66	0.761793	0.159444
4550	-1633.29	-1635.36	2.07585	0.08479663
4560	-1599.72	-1601.25	1.53088	0.1180808
4570	-1600.08	-1599.86	-0.226436	0.2129467
4580	-1609.64	-1611.4	1.76236	0.104889
4590	-1594.12	-1595.45	1.33218	0.1289657
4600	-1594.19	-1595.53	1.33551	0.1287853
4610	-1588.54	-1589.48	0.939093	0.1500122
4620	-1669.1	-1671.38	2.27771	0.06590067
4630	-1645.21	-1647.38	2.16904	0.07749912
4640	-1608.23	-1609.97	1.7351	0.1064863
4650	-1677.41	-1679.7	2.29654	0.06253759
4660	-1639.21	-1641.34	2.12606	0.08101239
4670	-1627.5	-1629.51	2.01801	0.08886528
4680	-1636.39	-1638.49	2.10318	0.08277155
4690	-1589.37	-1590.41	1.03902	0.1446911
4700	-1599.51	-1601.03	1.5246	0.1184296
4710	-1598.13	-1597.99	-0.141272	0.20823
4720	-1593.78	-1595.1	1.31741	0.1297651
4730	-1607.98	-1609.71	1.73005	0.1067802
4740	-1600.28	-1600.04	-0.234598	0.2134
4750	-1587.96	-1588.76	0.801396	0.1573368
4760	-1630.09	-1632.13	2.04505	0.08699527
4770	-1608.71	-1610.46	1.7446	0.1059313
4780	-1587.92	-1588.7	0.782161	0.1583601
4790	-1596.46	-1597.89	1.42527	0.1239003
4800	-1593.78	-1595.1	1.31714	0.1297798
4810	-1606.59	-1606.12	-0.473627	0.2267858
4820	-1593.87	-1595.19	1.32139	0.1295494
4830	-1588.62	-1589.57	0.951249	0.1493653
4840	-1592.94	-1594.22	1.27747	0.1319215
4850	-1590.8	-1591.08	0.283108	0.1850678
4860	-1588.15	-1589.01	0.865445	0.1539299
4870	-1599.41	-1599.21	-0.197876	0.2113621
4880	-1615.68	-1617.55	1.86536	0.09870247
4890	-1588.53	-1589.06	0.527936	0.1719157
4900	-1598.43	-1599.92	1.49152	0.12026
4910	-1625.86	-1627.86	1.99987	0.0900939
4920	-1620.25	-1622.18	1.93084	0.09460584
4930	-1588.69	-1589.65	0.961033	0.1488447
4940	-1639.43	-1641.56	2.12777	0.08087848
4950	-1691.61	-1693.92	2.31022	0.05737711
4960	-1600.89	-1602.46	1.56408	0.1162309
4970	-1598.97	-1600.48	1.50844	0.119325
4980	-1602.09	-1603.69	1.59618	0.1144319
4990	-1671.72	-1674	2.28457	0.06481036
5000	-1597.16	-1597.06	-0.0959783	0.2057315
5010	-1622.86	-1621.9	-0.959735	0.254716
5020	-1604.32	-1605.97	1.65092	0.1113342
5030	-1659.89	-1662.13	2.2462	0.06999569
5040	-1712.21	-1714.5	2.2938	0.05094892
5050	-1697.77	-1700.08	2.30954	0.05533392
5060	-1589.23	-1590.26	1.02482	0.145448
5070	-1588.04	-1588.68	0.63639	0.1661239
5080	-1625.03	-1624.02	-1.01603	0.2580168
5090	-1657.82	-1660.06	2.23746	0.07097299
5100	-1623.55	-1625.52	1.97276	0.09189383
5110	-1587.93	-1588.62	0.689333	0.163302
5120	-1664.11	-1666.37	2.2621	0.06806873
5130	-1593.35	-1594.64	1.29716	0.1308594
5140	-1587.99	-1588.81	0.817108	0.156501
5150	-1592.68	-1593.94	1.26427	0.132633
5160	-1588.27	-1589.16	0.892254	0.152504
5170	-1611.24	-1610.62	-0.627063	0.2354949
5180	-1587.91	-1588.67	0.767606	0.1591346
5190	-1589.78	-1590.86	1.07675	0.1426792
5200	-1621.23	-1623.18	1.94373	0.09378029
5210	-1616.2	-1615.42	-0.77627	0.2440568
5220	-1588.03	-1588.67	0.640256	0.1659177
5230	-1610.25	-1612.02	1.77376	0.1042172
5240	-1617.02	-1618.9	1.88548	0.09745981
5250	-1588.04	-1588.68	0.637892	0.1660438
5260	-1592.42	-1592.59	0.164928	0.1914658
5270	-1689.09	-1691.4	2.30938	0.058243
5280	-1614.94	-1616.79	1.85378	0.09941217
5290	-1601.88	-1603.47	1.59046	0.1147531
5300	-1590.84	-1592	1.15681	0.1384016
5310	-1587.9	-1588.67	0.765117	0.1592671
5320	-1591.97	-1592.17	0.195132	0.1898271
5330	-1592.13	-1593.37	1.23519	0.1341979
5340	-1590.16	-1590.5	0.337623	0.1821282
5350	-1592.99	-1593.12	0.12867	0.1934361
5360	-1588.08	-1588.7	0.625315	0.1667146
5370	-1658.98	-1657.22	-1.76177	0.3031644
5380	-1647.02	-1649.2	2.18057	0.07649763
5390	-1588.13	-1588.99	0.859873	0.1542263
5400	-1600.88	-1602.44	1.56369	0.1162528
5410	-1600.66	-1602.22	1.55769	0.1165882
5420	-1739.18	-1741.4	2.21654	0.04396494
5430	-1612.85	-1614.66	1.81964	0.101482
5440	-1660.76	-1663.01	2.2497	0.06958938
5450	-1601.25	-1600.97	-0.274427	0.2156158
5460	-1595.18	-1595.19	0.00286286	0.2003026
5470	-1587.89	-1588.63	0.737638	0.1607296
5480	-1622.24	-1624.2	1.95664	0.09294619
5490	-1593.49	-1594.79	1.30372	0.130505
5500	-1588.79	-1589.28	0.488643	0.1740185
5510	-1588.55	-1589.49	0.941348	0.1498922
5520	-1601.75	-1603.34	1.58721	0.1149355
5530	-1598.5	-1599.99	1.49374	0.1201377
5540	-1694.86	-1697.17	2.31034	0.05628565
5550	-1620.85	-1622.79	1.93875	0.09410014
5560	-1592.39	-1593.63	1.24892	0.1334595
5570	-1599.37	-1600.89	1.5204	0.1186627
5580	-1594.57	-1595.92	1.35151	0.1279175
5590	-1638.31	-1640.43	2.11895	0.08156622
5600	-1587.91	-1588.69	0.775504	0.1587144
5610	-1654.42	-1652.75	-1.67254	0.2976168
5620	-1597.01	-1598.46	1.44464	0.122839
5630	-1627.94	-1629.97	2.02281	0.08853696
5640	-1602.51	-1604.12	1.60686	0.1138302
5650	-1588.31	-1589.21	0.900392	0.1520711
5660	-1596.77	-1598.2	1.43613	0.1233053
5670	-1589.12	-1590.13	1.01279	0.1460889
5680	-1588.08	-1588.92	0.846195	0.1549538
5690	-1597.13	-1598.58	1.44883	0.1226092
5700	-1623.91	-1625.88	1.97708	0.09160925
5710	-1590.91	-1592.07	1.16154	0.1381485
5720	-1596.8	-1598.23	1.4371	0.1232522
5730	-1588.15	-1589.02	0.866844	0.1538555
5740	-1623.06	-1625.03	1.96686	0.09228018
5750	-1649.15	-1651.34	2.19335	0.07535058
5760	-1614.09	-1615.93	1.84025	0.100236
5770	-1596.58	-1596.51	-0.0681543	0.2042001
5780	-1639.37	-1641.5	2.12734	0.08091202
5790	-1629.12	-1631.16	2.03522	0.08768113
5800	-1628.69	-1630.72	2.03073	0.08799224
5810	-1607.23	-1608.94	1.71478	0.1076673
5820	-1620.96	-1622.9	1.94019	0.09400775
5830	-1597.64	-1599.11	1.46611	0.1216603
5840	-1589.61	-1590	0.39067	0.1792742
5850	-1589.36	-1589.78	0.417957	0.1778085
5860	-1698.94	-1701.25	2.309	0.05496027
5870	-1655.35	-1657.57	2.22613	0.07217547
5880	-1669.74	-1672.02	2.27946	0.06563343
5890	-1669.96	-1672.24	2.28005	0.06554067
5900	-1630.67	-1632.72	2.05088	0.08658485
5910	-1588.44	-1589.36	0.923603	0.1508363
5920	-1606.8	-1608.5	1.70576	0.1081891
5930	-1675.87	-1678.16	2.29369	0.06313977
5940	-1642.93	-1645.09	2.15359	0.07879822
5950	-1635.65	-1637.75	2.0969	0.08324422
5960	-1675.2	-1677.49	2.29237	0.06340299
5970	-1611.21	-1613	1.7912	0.1031832
5980	-1590.12	-1590.46	0.340961	0.1819484
5990	-1639.85	-1641.98	2.131	0.08062367
6000	-1606.11	-1607.8	1.691	0.1090403
6010	-1599.99	-1599.77	-0.222589	0.2127331
6020	-1588.25	-1589.14	0.888183	0.1527205
6030	-1588.38	-1589.29	0.912509	0.1514265
6040	-1601.8	-1603.39	1.58856	0.1148598
6050	-1600.96	-1602.53	1.56599	0.1161241
6060	-1599.31	-1599.12	-0.193719	0.2111317
6070	-1588.16	-1588.76	0.604133	0.1678448
6080	-1605.36	-1607.03	1.67454	0.1099855
6090	-1620.41	-1622.34	1.93294	0.09447176
6100	-1610.55	-1612.33	1.77938	0.1038847
6110	-1671.39	-1673.67	2.28375	0.0649467
6120	-1612.47	-1614.28	1.81323	0.1018671
6130	-1631.04	-1633.09	2.05449	0.08632975
6140	-1588.51	-1589.44	0.934524	0.1502553
6150	-1610.55	-1609.94	-0.605021	0.234238
6160	-1619.59	-1621.51	1.92184	0.09517813
6170	-1691.27	-1693.58	2.31014	0.0574925
6180	-1589.32	-1590.36	1.03421	0.1449475
6190	-1611.44	-1613.23	1.79526	0.1029416
6200	-1588.28	-1588.86	0.574234	0.1694412
6210	-1605.86	-1607.55	1.68573	0.1093436
6220	-1588.11	-1588.96	0.855453	0.1544614
6230	-1600.22	-1601.76	1.54522	0.1172831
6240	-1593.96	-1595.28	1.32528	0.1293392
6250	-1604.86	-1604.44	-0.412083	0.2233188
6260	-1594.46	-1595.81	1.34716	0.1281535
6270	-1588.72	-1589.68	0.964915	0.148638
6280	-1593.1	-1594.39	1.28541	0.1314934
6290	-1671.19	-1673.48	2.28326	0.06502707
6300	-1590.99	-1591.26	0.267722	0.1858987
6310	-1593.68	-1595	1.31282	0.1300134
6320	-1588.63	-1589.58	0.952694	0.1492884
6330	-1591.14	-1591.39	0.256026	0.1865308
6340	-1612.23	-1614.04	1.8091	0.1021146
6350	-1588.97	-1589.97	0.996047	0.1469806
6360	-1618.27	-1620.17	1.90356	0.09633109
6370	-1606.34	-1608.04	1.69614	0.1087442
6380	-1609.81	-1611.58	1.76568	0.1046939
6390	-1588.35	-1588.91	0.560417	0.1701793
6400	-1591.35	-1592.54	1.19009	0.1366188
6410	-1641.78	-1643.93	2.1454	0.07946942
6420	-1661.24	-1663.49	2.25156	0.06937022
6430	-1630.28	-1632.33	2.047	0.08685804
6440	-1612.07	-1613.87	1.80634	0.1022798
6450	-1650.28	-1652.48	2.19982	0.07475283
6460	-1601.66	-1603.24	1.58473	0.1150748
6470	-1597.15	-1597.06	-0.0959237	0.2057285
6480	-1590.73	-1591.88	1.14976	0.1387786
6490	-1633.75	-1635.83	2.0801	0.08448654
6500	-1606.93	-1608.64	1.70859	0.1080253
6510	-1600	-1601.54	1.53892	0.117634
6520	-1593.54	-1593.64	0.0947179	0.1952846
6530	-1621.05	-1622.99	1.94133	0.09393489
6540	-1617.7	-1619.6	1.89541	0.09684157
6550	-1616.99	-1618.87	1.88503	0.09748788
6560	-1747.71	-1749.89	2.1803	0.04202511
6570	-1623.72	-1625.69	1.97481	0.09175921
6580	-1707.16	-1709.46	2.30148	0.05242433
6590	-1613.81	-1615.65	1.83567	0.1005143
6600	-1645.3	-1647.47	2.16962	0.07744918
6610	-1587.92	-1588.69	0.776904	0.1586398
6620	-1613.54	-1612.85	-0.697843	0.2395448
6630	-1588.25	-1589.14	0.889165	0.1526682
6640	-1588.1	-1588.95	0.851601	0.1546663
6650	-1610.86	-1612.65	1.78499	0.1035521
6660	-1657.84	-1660.07	2.23753	0.07096565
6670	-1592.43	-1593.68	1.25141	0.1333255
6680	-1645.4	-1647.57	2.17023	0.07739739
6690	-1599.61	-1601.14	1.52755	0.1182659
6700	-1617.16	-1616.36	-0.803893	0.2456523
6710	-1608.82	-1610.57	1.74671	0.1058078
6720	-1592.18	-1593.42	1.23787	0.1340534
6730	-1603.23	-1604.86	1.62488	0.1128124
6740	-1669	-1671.28	2.27742	0.06594545
6750	-1595.65	-1597.05	1.39508	0.1255487
6760	-1591.51	-1592.71	1.19967	0.136105
6770	-1588.09	-1588.94	0.849922	0.1547555
6780	-1603.42	-1603.06	-0.358956	0.2203375
6790	-1589.05	-1590.06	1.0054	0.1464824
6800	-1604.37	-1606.02	1.65209	0.1112679
6810	-1591.02	-1592.18	1.16856	0.1377724
6820	-1596.77	-1596.69	-0.0774546	0.2047117
6830	-1589.67	-1590.74	1.06734	0.1431814
6840	-1608.39	-1610.13	1.73821	0.1063043
6850	-1593.59	-1594.9	1.30853	0.1302453
6860	-1638.86	-1640.98	2.12332	0.08122668
6870	-1592.9	-1593.03	0.134318	0.193129
6880	-1588.51	-1589.05	0.531284	0.1717366
6890	-1653.67	-1652.01	-1.65765	0.2966951
6900	-1588.99	-1589.45	0.461701	0.175462
6910	-1615.15	-1617	1.85705	0.09921233
6920	-1618.96	-1620.87	1.91326	0.09572133
6930	-1606.56	-1608.26	1.70064	0.1084847
6940	-1589.03	-1590.03	1.00272	0.1466251
6950	-1587.98	-1588.8	0.814033	0.1566645
6960	-1630.28	-1632.33	2.04698	0.08685991
6970	-1592.54	-1593.8	1.25726	0.1330103
6980	-1589.66	-1590.73	1.06643	0.14323
6990	-1626.38	-1628.38	2.0057	0.08970134
7000	-1612.79	-1614.61	1.81873	0.1015365
7010	-1588.26	-1589.15	0.89083	0.1525797
7020	-1616.43	-1618.31	1.8767	0.09800365
7030	-1621.31	-1623.25	1.94468	0.09371901
7040	-1590.4	-1591.53	1.12618	0.1400399
7050	-1591.69	-1591.91	0.214938	0.1887539
7060	-1599.1	-1600.61	1.51236	0.1191081
7070	-1614.99	-1616.84	1.85454	0.09936552
7080	-1598.78	-1600.28	1.50244	0.119657
7090	-1651.07	-1653.27	2.2042	0.07434094
7100	-1612.19	-1614	1.80848	0.1021517
7110	-1597.44	-1598.9	1.45928	0.1220355
7120	-1607.59	-1609.32	1.72226	0.1072335
7130	-1588.17	-1589.04	0.870239	0.1536749
7140	-1625.17	-1627.16	1.99193	0.09062502
7150	-1600.81	-1602.37	1.56184	0.1163562
7160	-1605.74	-1605.29	-0.443602	0.2250926
7170	-1588.29	-1589.18	0.895536	0.1523294
7180	-1588.94	-1589.41	0.468218	0.1751127
7190	-1627.3	-1629.32	2.01588	0.08901064
7200	-1624.08	-1626.06	1.97917	0.09147196
7210	-1589.79	-1590.87	1.07766	0.1426309
7220	-1588.17	-1589.03	0.869527	0.1537128
7230	-1587.93	-1588.62	0.686978	0.1634274
7240	-1596.38	-1597.8	1.42229	0.1240631
7250	-1615.62	-1614.86	-0.759438	0.2430863
7260	-1590.19	-1591.3	1.10968	0.1409213
7270	-1675.09	-1677.38	2.29214	0.06344833
7280	-1675.46	-1677.76	2.2929	0.06329948
7290	-1594.57	-1595.92	1.35159	0.1279133
7300	-1636.5	-1635.21	-1.29264	0.2744475
7310	-1610.45	-1612.23	1.77747	0.1039976
7320	-1610.71	-1612.5	1.7823	0.1037118
7330	-1588.43	-1588.98	0.545277	0.1709885
7340	-1588.02	-1588.85	0.827867	0.1559286
7350	-1603.07	-1602.72	-0.345727	0.2195968
7360	-1598.23	-1599.71	1.4851	0.1206142
7370	-1590.87	-1592.03	1.15896	0.1382862
7380	-1587.9	-1588.61	0.710343	0.1621829
7390	-1597.68	-1599.15	1.46743	0.1215876
7400	-1612.59	-1614.41	1.81533	0.1017411
7410	-1588.76	-1589.73	0.97024	0.1483546
7420	-1620.68	-1622.61	1.93649	0.09424473
7430	-1589.54	-1590.6	1.05514	0.1438318
7440	-1588.06	-1588.9	0.841262	0.1552162
7450	-1699.8	-1702.11	2.3085	0.05468524
7460	-1588.06	-1588.9	0.842124	0.1551703
7470	-1588.67	-1589.63	0.958616	0.1489733
7480	-1592.06	-1593.29	1.23131	0.1344062
7490	-1615.4	-1617.26	1.86095	0.09897343
7500	-1596.59	-1598.02	1.42998	0.1236422
7510	-1601.25	-1602.82	1.57378	0.1156883
7520	-1597.6	-1599.06	1.46458	0.1217443
7530	-1590.64	-1591.78	1.14286	0.1391476
7540	-1686.42	-1688.72	2.30777	0.0591847
7550	-1588.36	-1588.92	0.559538	0.1702263
7560	-1743.69	-1745.89	2.19807	0.04292606
7570	-1629.55	-1631.59	2.03964	0.08737332
7580	-1623.46	-1625.43	1.97168	0.09196439
7590	-1612.09	-1613.89	1.80665	0.1022614
7600	-1638.02	-1640.14	2.11667	0.08174211
7610	-1691.57	-1693.88	2.31021	0.05738832
7620	-1619.3	-1621.22	1.91799	0.09542209
7630	-1596.54	-1596.48	-0.0664366	0.2041056
7640	-1595.34	-1596.73	1.38312	0.1262001
7650	-1603.41	-1605.04	1.62922	0.1125669
7660	-1591.92	-1593.14	1.22322	0.1348407
7670	-1602.43	-1604.04	1.60479	0.1139468
7680	-1642.3	-1644.45	2.14908	0.07916921
7690	-1588.9	-1589.38	0.47346	0.1748318
7700	-1615.81	-1617.68	1.8673	0.0985834
7710	-1595.5	-1595.48	-0.0136009	0.2012047
7720	-1588.6	-1589.55	0.948206	0.1495272
7730	-1594.94	-1596.31	1.36699	0.1270773
7740	-1651.4	-1653.61	2.20602	0.07416761
7750	-1634.78	-1636.87	2.08929	0.08381062
7760	-1674.59	-1676.88	2.29111	0.06364654
7770	-1593.04	-1593.16	0.125644	0.1936008
7780	-1599.7	-1599.49	-0.210322	0.2120523
7790	-1593.97	-1595.29	1.32567	0.129318
7800	-1598.29	-1599.78	1.48715	0.1205013
7810	-1620.13	-1622.06	1.92922	0.09470906
7820	-1657.64	-1659.87	2.23664	0.07106196
7830	-1590.23	-1591.34	1.11284	0.1407527
7840	-1701.75	-1704.06	2.30714	0.05407344
7850	-1590.11	-1591.21	1.10381	0.1412349
7860	-1590.92	-1592.09	1.16255	0.1380943
7870	-1593.75	-1595.07	1.31595	0.1298437
7880	-1588.19	-1589.07	0.875374	0.1534018
7890	-1592.39	-1592.55	0.167267	0.1913388
7900	-1590.92	-1592.08	1.16224	0.1381109
7910	-1589.01	-1590.01	1.00097	0.1467183
7920	-1623.05	-1625.01	1.96667	0.09229295
7930	-1594.72	-1594.75	0.0277833	0.1989387
7940	-1588.25	-1588.83	0.581969	0.169028
7950	-1665.77	-1668.03	2.26766	0.0673359
7960	-1596.71	-1598.14	1.43395	0.1234249
7970	-1623.59	-1625.56	1.9733	0.09185828
7980	-1630.03	-1628.89	-1.14068	0.2653768
7990	-1629.16	-1631.2	2.03565	0.08765113
8000	-1616.35	-1618.23	1.87552	0.09807669
8010	-1631.53	-1633.59	2.05931	0.08598719
8020	-1604.97	-1606.64	1.66587	0.1104818
8030	-1614.45	-1616.29	1.84595	0.09988987
8040	-1599.41	-1600.93	1.52169	0.1185908
8050	-1616.13	-1618	1.87221	0.09828082
8060	-1630.66	-1632.71	2.05077	0.08659238
8070	-1629.19	-1631.22	2.0359	0.08763387
8080	-1621.97	-1623.92	1.95319	0.09316993
8090	-1650.19	-1652.39	2.1993	0.0748009
8100	-1589.51	-1590.56	1.05186	0.1440069
8110	-1595.29	-1595.29	-0.00289798	0.2006181
8120	-1588.02	-1588.67	0.642997	0.1657715
8130	-1618.4	-1620.3	1.90539	0.09621649
8140	-1604.92	-1606.59	1.66474	0.1105459
8150	-1616.67	-1618.55	1.88025	0.09778405
8160	-1677.96	-1680.26	2.29751	0.06232184
8170	-1690.24	-1692.55	2.30985	0.05784345
8180	-1588.19	-1588.79	0.595497	0.1683058
8190	-1594.7	-1596.05	1.35699	0.1276204
8200	-1587.9	-1588.61	0.709679	0.1622183
8210	-1600.3	-1601.85	1.54767	0.1171467
8220	-1590.08	-1591.18	1.1012	0.1413743
8230	-1593.3	-1594.6	1.29494	0.1309792
8240	-1598.99	-1598.81	-0.179731	0.2103569
8250	-1676.88	-1679.17	2.29559	0.06274339
8260	-1607.55	-1609.27	1.72141	0.1072825
8270	-1603.65	-1603.29	-0.367825	0.2208344
8280	-1608.31	-1607.78	-0.532195	0.2300991
8290	-1590.73	-1591.02	0.288539	0.1847746
8300	-1590.08	-1590.43	0.34456	0.1817546
8310	-1614.65	-1616.5	1.84915	0.09969473
8320	-1588.25	-1588.83	0.581439	0.1690564
8330	-1590.86	-1591.14	0.277592	0.1853656
8340	-1702.46	-1704.76	2.30655	0.05385412
8350	-1590.38	-1591.5	1.12411	0.1401504
8360	-1772.08	-1774.13	2.04824	0.03706094
8370	-1643.15	-1645.3	2.15507	0.0786758
8380	-1703.1	-1705.41	2.30597	0.05365376
8390	-1689.7	-1692.01	2.30965	0.05802961
8400	-1660.9	-1663.15	2.25023	0.0695267
8410	-1587.94	-1588.74	0.79554	0.1576483
8420	-1588.58	-1589.52	0.944664	0.1497158
8430	-1596.05	-1596.01	-0.0421351	0.2027702
8440	-1625.84	-1627.84	1.99964	0.09010895
8450	-1617.13	-1619.02	1.88711	0.09735863
8460	-1622.82	-1624.78	1.96387	0.09247572
8470	-1596.33	-1597.76	1.4206	0.1241553
8480	-1588.43	-1589.35	0.921513	0.1509475
8490	-1598.02	-1599.5	1.47852	0.1209771
8500	-1588.09	-1588.94	0.851078	0.1546941
8510	-1593.73	-1593.81	0.0838364	0.1958778
8520	-1624.77	-1626.76	1.98739	0.09092751
8530	-1591.93	-1593.16	1.22416	0.1347903
8540	-1592.76	-1594.03	1.26858	0.1324011
8550	-1714.42	-1716.71	2.28973	0.05032182
8560	-1593.19	-1594.48	1.28984	0.1312547
8570	-1613.91	-1615.74	1.83725	0.1004182
8580	-1673.96	-1676.25	2.28977	0.0638984
8590	-1643.79	-1645.95	2.15949	0.07830761
8600	-1633.18	-1635.26	2.07487	0.08486739
8610	-1592.71	-1593.97	1.26562	0.1325605
8620	-1598.85	-1600.35	1.50464	0.1195353
8630	-1588.46	-1589.38	0.926198	0.1506983
8640	-1601.03	-1602.6	1.5679	0.1160175
8650	-1593.79	-1595.11	1.31758	0.1297555
8660	-1604.5	-1606.16	1.65511	0.1110959
8670	-1633.51	-1635.58	2.07786	0.08464986
8680	-1619.66	-1621.59	1.92291	0.09511028
8690	-1607.45	-1609.17	1.71924	0.1074084
8700	-1593.01	-1594.29	1.28086	0.1317387
8710	-1588.06	-1588.69	0.6301	0.1664594
8720	-1615.07	-1616.93	1.85588	0.09928377
8730	-1587.9	-1588.62	0.717312	0.1618118
8740	-1590.92	-1592.08	1.16209	0.138119
8750	-1591.43	-1592.62	1.19456	0.136379
8760	-1600.67	-1602.23	1.55792	0.1165754
8770	-1592.15	-1593.39	1.23623	0.1341418
8780	-1592.84	-1594.11	1.27226	0.1322027
8790	-1605.47	-1607.15	1.67705	0.1098417
8800	-1599.73	-1601.26	1.53123	0.1180615
8810	-1594.85	-1596.21	1.36321	0.1272826
8820	-1607.62	-1609.34	1.7227	0.1072074
8830	-1600.62	-1602.18	1.55667	0.1166451
8840	-1588.11	-1588.97	0.855789	0.1544435
8850	-1606.86	-1608.57	1.70708	0.1081127
8860	-1636.68	-1638.78	2.10561	0.08258792
8870	-1587.95	-1588.75	0.800831	0.1573668
8880	-1595.08	-1596.45	1.37264	0.1267699
8890	-1647.31	-1649.49	2.18235	0.07634029
8900	-1589.89	-1590.97	1.08577	0.142198
8910	-1588.08	-1588.93	0.848217	0.1548462
8920	-1589.51	-1589.91	0.401161	0.1787105
8930	-1610.67	-1610.06	-0.608887	0.2344583
8940	-1588.35	-1589.26	0.908609	0.151634
8950	-1598.73	-1600.23	1.50102	0.1197352
8960	-1630.28	-1632.33	2.04702	0.08685663
8970	-1597.74	-1599.21	1.46918	0.1214911
8980	-1649.75	-1651.94	2.19681	0.07503228
8990	-1687.98	-1690.29	2.3088	0.05863202
9000	-1618.76	-1620.67	1.91052	0.09589413
9010	-1619.71	-1621.63	1.92348	0.09507452
9020	-1626.32	-1628.33	2.00511	0.08974116
9030	-1619.7	-1621.62	1.92341	0.09507901
9040	-1598.02	-1599.5	1.47843	0.120982
9050	-1591.03	-1592.2	1.16935	0.13773
9060	-1685.45	-1687.76	2.307	0.05953101
9070	-1587.89	-1588.64	0.744435	0.1603678
9080	-1624.44	-1626.42	1.98346	0.09118804
9090	-1626.95	-1628.96	2.01205	0.089271
9100	-1628.45	-1630.48	2.02817	0.08816855
9110	-1591.76	-1591.97	0.210248	0.1890079
9120	-1644.46	-1646.62	2.16402	0.07792628
9130	-1719.91	-1722.19	2.27781	0.04880902
9140	-1614.69	-1616.54	1.84984	0.09965279
9150	-1619.45	-1621.37	1.91996	0.09529745
9160	-1648.53	-1650.72	2.18971	0.0756815
9170	-1597.45	-1597.34	-0.10999	0.2065037
9180	-1598.16	-1599.64	1.48284	0.1207392
9190	-1587.9	-1588.62	0.718909	0.1617268
9200	-1646.36	-1648.54	2.17642	0.0768615
9210	-1591.78	-1591.99	0.208408	0.1891076
9220	-1599.13	-1598.94	-0.18555	0.2106791
9230	-1607.12	-1608.83	1.71241	0.1078045
9240	-1594.73	-1596.08	1.35818	0.1275559
9250	-1587.95	-1588.63	0.674825	0.164075
9260	-1660.17	-1662.42	2.24735	0.06986356
9270	-1589.62	-1590.68	1.06257	0.1434358
9280	-1608.36	-1610.1	1.7377	0.1063343
9290	-1602.33	-1603.93	1.6023	0.1140873
9300	-1739.84	-1742.05	2.21394	0.04381163
9310	-1630.72	-1632.77	2.05135	0.08655192
9320	-1609.93	-1611.7	1.76793	0.1045612
9330	-1644.54	-1646.7	2.16456	0.07788079
9340	-1617.26	-1619.15	1.88899	0.09724158
9350	-1592.2	-1593.44	1.23887	0.1339998
9360	-1601.41	-1601.13	-0.281105	0.2159879
9370	-1599.92	-1601.45	1.53658	0.1177638
9380	-1609.39	-1611.15	1.75766	0.1051657
9390	-1587.9	-1588.61	0.708375	0.1622877
9400	-1588.27	-1588.85	0.577101	0.169288
9410	-1596.17	-1596.12	-0.0478509	0.2030842
9420	-1588.76	-1589.73	0.970125	0.1483608
9430	-1588.34	-1588.9	0.563271	0.1700268
9440	-1600.36	-1600.12	-0.238075	0.2135932
9450	-1602.11	-1603.71	1.59663	0.1144064
9460	-1617.54	-1619.43	1.8931	0.09698571
9470	-1596.2	-1596.15	-0.0492731	0.2031623
9480	-1595.37	-1596.76	1.38423	0.1261394
9490	-1588.69	-1589.65	0.96053	0.1488714
9500	-1589.3	-1590.33	1.03201	0.1450652
9510	-1598.3	-1599.78	1.48734	0.1204909
9520	-1587.96	-1588.63	0.667927	0.1644426
9530	-1615.14	-1617	1.857	0.09921503
9540	-1588.96	-1589.95	0.994962	0.1470385
9550	-1597.59	-1599.05	1.46424	0.1217628
9560	-1624.01	-1625.99	1.97838	0.09152383
9570	-1617.19	-1616.38	-0.804598	0.2456931
9580	-1591.22	-1591.47	0.250076	0.1868524
9590	-1650.19	-1652.39	2.19934	0.07479719
9600	-1592.34	-1593.59	1.24659	0.1335846
9610	-1671.28	-1673.56	2.28348	0.06499083
9620	-1601.55	-1603.13	1.58195	0.1152311
9630	-1601.05	-1602.62	1.56852	0.1159829
9640	-1623.32	-1625.29	1.96996	0.09207746
9650	-1587.89	-1588.65	0.751546	0.1599893
9660	-1592.39	-1593.63	1.24892	0.1334593
9670	-1589.21	-1590.23	1.02217	0.1455891
9680	-1591.64	-1591.86	0.218819	0.1885437
9690	-1617.63	-1619.53	1.89445	0.09690103
9700	-1592.69	-1593.96	1.26499	0.1325941
9710	-1665.55	-1667.82	2.26696	0.06743042
9720	-1617.62	-1619.51	1.89419	0.09691737
9730	-1600.44	-1600.2	-0.241387	0.2137773
9740	-1604.17	-1605.82	1.6473	0.1115403
9750	-1619.18	-1621.09	1.91625	0.09553253
9760	-1590.32	-1591.44	1.11994	0.1403732
9770	-1641.48	-1643.62	2.1432	0.07964829
9780	-1702.91	-1705.22	2.30615	0.05371297
9790	-1614.02	-1615.85	1.83901	0.1003113
9800	-1626.28	-1628.28	2.00457	0.08977763
9810	-1587.96	-1588.63	0.671279	0.164264
9820	-1588.44	-1588.98	0.543951	0.1710593
9830	-1619.8	-1621.73	1.92482	0.094989
9840	-1588.54	-1589.48	0.938827	0.1500263
9850	-1635.11	-1637.21	2.09224	0.08359161
9860	-1711.75	-1714.05	2.29458	0.0510795
9870	-1602.98	-1604.6	1.61855	0.1131706
9880	-1589.48	-1589.88	0.40482	0.178514
9890	-1614.29	-1613.57	-0.720223	0.2408297
9900	-1603.06	-1604.68	1.62059	0.1130552
9910	-1591.17	-1592.35	1.17845	0.1372425
9920	-1602.81	-1604.43	1.61441	0.1134044
9930	-1588.14	-1588.75	0.609123	0.1675785
9940	-1624.18	-1626.16	1.98038	0.09139161
9950	-1635.92	-1638.02	2.09921	0.08307098
9960	-1621.37	-1620.45	-0.920025	0.2523963
9970	-1589.27	-1590.3	1.02914	0.145218
9980	-1609.44	-1608.87	-0.569377	0.2322095
9990	-1627.52	-1626.44	-1.07896	0.2617236
10000	-1646.9	-1649.08	2.17981	0.07656465
