Iteration	Posterior	Likelihood	Prior	birth_rate
0	-1593.29	-1594.58	1.2942	0.1310191
10	-1588.01	-1588.83	0.823588	0.1561562
20	-1601.55	-1603.13	1.5818	0.1152391
30	-1592.92	-1594.19	1.2762	0.1319901
40	-1610.78	-1610.17	-0.612453	0.2346615
50	-1593.72	-1595.03	1.31427	0.129935
60	-1589.65	-1590.72	1.06529	0.1432908
70	-1637.58	-1639.69	2.11304	0.0820217
80	-1604.49	-1606.15	1.65492	0.1111065
90	-1591.58	-1592.78	1.20352	0.1358985
100	-1588.38	-1588.94	0.554323	0.170505
110	-1632.77	-1634.84	2.07108	0.08514234
120	-1609.6	-1611.36	1.76162	0.104933
130	-1591.65	-1592.86	1.20815	0.1356501
140	-1592.31	-1593.55	1.24489	0.1336761
150	-1587.96	-1588.77	0.804335	0.1571804
160	-1587.9	-1588.62	0.721204	0.1616046
170	-1643.03	-1645.18	2.15426	0.07874334
180	-1603.61	-1605.24	1.63401	0.1122953
190	-1627.83	-1629.85	2.02157	0.08862225
200	-1588.16	-1589.03	0.869109	0.153735
210	-1591.54	-1591.77	0.225997	0.1881551
220	-1616.89	-1618.77	1.88355	0.09757948
230	-1671.14	-1673.42	2.28312	0.06505026
240	-1650.6	-1652.8	2.20162	0.0745836
250	-1615.68	-1617.54	1.8653	0.09870595
260	-1630.16	-1632.2	2.04575	0.08694583
270	-1630.87	-1632.92	2.05283	0.0864469
280	-1595.42	-1596.8	1.38606	0.12604
290	-1606.06	-1607.75	1.69	0.1090976
300	-1589.32	-1590.35	1.03379	0.1449699
310	-1595.21	-1596.59	1.37796	0.1264805
320	-1639.7	-1641.82	2.12982	0.08071668
330	-1587.96	-1588.63	0.671213	0.1642675
340	-1590.68	-1590.98	0.292257	0.1845739
350	-1603.32	-1604.95	1.62694	0.1126959
360	-1652.72	-1654.94	2.21305	0.07348914
370	-1653.61	-1655.83	2.2176	0.07303924
380	-1713.99	-1716.28	2.29055	0.05044178
390	-1609.7	-1611.46	1.76357	0.1048183
400	-1633.93	-1636.01	2.08169	0.08436991
410	-1613.94	-1615.78	1.83782	0.1003839
420	-1588.12	-1588.73	0.613132	0.1673646
430	-1593.15	-1594.44	1.28776	0.1313668
440	-1588.24	-1588.83	0.583275	0.1689583
450	-1588.59	-1589.54	0.947372	0.1495717
460	-1624.78	-1626.77	1.9875	0.0909199
470	-1616.49	-1618.36	1.87756	0.09795047
480	-1632	-1634.06	2.06376	0.08566922
490	-1589.27	-1590.29	1.02844	0.145255
500	-1595.57	-1596.96	1.39205	0.1257134
510	-1596.93	-1596.84	-0.0850944	0.2051321
520	-1634.67	-1633.42	-1.25048	0.2719199
530	-1595.18	-1595.19	0.0027656	0.2003079
540	-1595.26	-1596.64	1.3799	0.1263753
550	-1600.1	-1601.64	1.54187	0.11747
560	-1588.1	-1588.96	0.85345	0.1545679
570	-1619.65	-1621.57	1.92272	0.0951224
580	-1672.9	-1675.18	2.28738	0.06432884
590	-1656.33	-1658.56	2.23073	0.07169497
600	-1627.11	-1629.12	2.01379	0.08915334
610	-1692.3	-1694.61	2.31033	0.05714149
620	-1588.4	-1589.31	0.916236	0.1512283
630	-1592.7	-1593.97	1.26556	0.1325636
640	-1603.07	-1604.69	1.62078	0.1130443
650	-1588.73	-1589.23	0.49703	0.1735694
660	-1592.49	-1593.75	1.25459	0.1331543
670	-1595.12	-1596.49	1.37425	0.1266824
680	-1587.94	-1588.73	0.790968	0.1578915
690	-1604.14	-1603.75	-0.38585	0.2218454
700	-1594.22	-1595.56	1.3368	0.1287151
710	-1615.32	-1617.18	1.85971	0.09904941
720	-1623.79	-1625.77	1.9757	0.09170039
730	-1589.29	-1589.71	0.426206	0.1773658
740	-1601.65	-1603.24	1.58461	0.1150818
750	-1588.88	-1589.87	0.985474	0.1475437
760	-1622.36	-1624.32	1.9581	0.09285172
770	-1711.17	-1713.47	2.29555	0.05124618
780	-1683.56	-1685.86	2.30519	0.06021783
790	-1611.02	-1612.81	1.78789	0.10338
800	-1588.13	-1588.98	0.859632	0.1542391
810	-1588.84	-1589.33	0.481224	0.1744159
820	-1604.87	-1606.54	1.66361	0.1106108
830	-1594.57	-1595.92	1.35168	0.1279085
840	-1588.34	-1589.24	0.905029	0.1518244
850	-1589.58	-1590.64	1.05924	0.1436133
860	-1587.91	-1588.69	0.774761	0.1587539
870	-1599.13	-1600.65	1.51337	0.1190522
880	-1587.99	-1588.64	0.657459	0.1650005
890	-1591.96	-1593.19	1.22595	0.1346943
900	-1587.9	-1588.65	0.752106	0.1599595
910	-1595.88	-1595.85	-0.0332965	0.202285
920	-1588.45	-1589.37	0.924624	0.150782
930	-1601.97	-1603.56	1.59285	0.1146188
940	-1596.94	-1598.38	1.44202	0.1229829
950	-1625.27	-1627.27	1.99316	0.09054289
960	-1614.12	-1615.96	1.84075	0.1002056
970	-1590.53	-1591.67	1.13537	0.1395483
980	-1587.89	-1588.64	0.749115	0.1601187
990	-1592.25	-1593.49	1.2415	0.1338585
1000	-1588.23	-1588.82	0.585995	0.1688131
1010	-1631.07	-1633.13	2.05483	0.08630544
1020	-1613.94	-1615.78	1.83777	0.1003865
1030	-1616.41	-1615.63	-0.782438	0.2444128
1040	-1592.28	-1593.53	1.24342	0.1337552
1050	-1588.72	-1589.22	0.49887	0.173471
1060	-1592.17	-1593.41	1.23758	0.1340693
1070	-1633.26	-1635.33	2.07559	0.08481555
1080	-1618.88	-1620.8	1.9122	0.09578808
1090	-1717.81	-1720.1	2.28265	0.04937806
1100	-1636.96	-1639.07	2.108	0.0824061
1110	-1589.05	-1590.06	1.00545	0.1464798
1120	-1598.08	-1599.56	1.48046	0.1208703
1130	-1588.29	-1588.86	0.574013	0.1694529
1140	-1587.93	-1588.62	0.689732	0.1632807
1150	-1654.87	-1657.09	2.22381	0.07241286
1160	-1591.22	-1591.47	0.249874	0.1868633
1170	-1624.19	-1626.17	1.98051	0.09138315
1180	-1629.13	-1631.16	2.03529	0.08767615
1190	-1601	-1600.73	-0.264202	0.2150464
1200	-1656.7	-1658.93	2.23246	0.07151195
1210	-1588.07	-1588.92	0.845299	0.1550014
1220	-1589.63	-1590.7	1.0636	0.143381
1230	-1590.6	-1591.74	1.14043	0.1392778
1240	-1588.17	-1589.03	0.869488	0.1537149
1250	-1594.37	-1595.71	1.3431	0.1283738
1260	-1588.08	-1588.93	0.84752	0.1548833
1270	-1637.49	-1639.6	2.11232	0.0820766
1280	-1653.64	-1655.85	2.21773	0.07302694
1290	-1592.24	-1592.42	0.176909	0.1908154
1300	-1592.69	-1593.96	1.26495	0.1325961
1310	-1661.67	-1663.92	2.25322	0.0691711
1320	-1601.49	-1603.07	1.58035	0.1153203
1330	-1600.98	-1600.71	-0.263444	0.2150042
1340	-1588.08	-1588.7	0.625503	0.1667046
1350	-1597.44	-1598.9	1.45938	0.1220299
1360	-1599.87	-1601.4	1.53514	0.1178443
1370	-1590.69	-1591.84	1.14674	0.1389404
1380	-1613.18	-1615.01	1.8253	0.1011411
1390	-1620.34	-1622.28	1.93206	0.0945284
1400	-1591.67	-1592.88	1.20888	0.1356106
1410	-1646.2	-1648.38	2.17541	0.07694933
1420	-1611.71	-1613.51	1.80006	0.102655
1430	-1599.08	-1598.89	-0.183346	0.2105571
1440	-1622.34	-1624.3	1.95786	0.09286729
1450	-1641.2	-1643.34	2.14112	0.07981574
1460	-1589.03	-1590.04	1.00349	0.1465845
1470	-1613.76	-1613.06	-0.70447	0.2399251
1480	-1600.71	-1600.45	-0.252374	0.2143883
1490	-1592.22	-1593.46	1.24004	0.1339368
1500	-1598.44	-1598.29	-0.155353	0.2090081
1510	-1594.37	-1595.72	1.34339	0.128358
1520	-1668.19	-1670.47	2.27511	0.06628854
1530	-1625.38	-1627.38	1.99443	0.09045788
1540	-1631.34	-1633.39	2.05741	0.08612225
1550	-1600.13	-1601.67	1.54262	0.1174283
1560	-1591.67	-1592.88	1.20928	0.1355896
1570	-1598.47	-1598.31	-0.156556	0.2090746
1580	-1636.41	-1638.51	2.10337	0.08275714
1590	-1591.74	-1592.95	1.21315	0.1353816
1600	-1638.02	-1640.14	2.11668	0.0817419
1610	-1618.3	-1620.21	1.90401	0.09630327
1620	-1587.96	-1588.76	0.803207	0.1572404
1630	-1588.74	-1589.71	0.96793	0.1484776
1640	-1608.14	-1609.87	1.73331	0.1065904
1650	-1734.1	-1736.34	2.23553	0.04517715
1660	-1617.7	-1619.6	1.89543	0.09684039
1670	-1623.62	-1625.59	1.97361	0.0918379
1680	-1684.47	-1686.78	2.30611	0.05988423
1690	-1602.88	-1604.5	1.61619	0.113304
1700	-1615.9	-1615.13	-0.767562	0.2435546
1710	-1608.21	-1607.68	-0.528842	0.229909
1720	-1605.44	-1605.01	-0.433212	0.2245074
1730	-1590.18	-1590.52	0.335419	0.1822469
1740	-1643.72	-1645.87	2.159	0.07834846
1750	-1589.93	-1590.29	0.358769	0.1809898
1760	-1650	-1652.2	2.19827	0.07489658
1770	-1607.09	-1608.8	1.7118	0.1078396
1780	-1588.37	-1589.28	0.911298	0.1514909
1790	-1611.72	-1613.53	1.80036	0.1026373
1800	-1593.71	-1595.03	1.31411	0.1299435
1810	-1642.94	-1645.1	2.15366	0.07879247
1820	-1636.86	-1638.97	2.10718	0.08246899
1830	-1588.79	-1589.76	0.974071	0.1481507
1840	-1587.94	-1588.73	0.7931	0.1577781
1850	-1590.56	-1590.87	0.302202	0.1840374
1860	-1603.24	-1602.89	-0.35225	0.219962
1870	-1647.04	-1649.22	2.1807	0.07648634
1880	-1642.52	-1644.67	2.15067	0.07903881
1890	-1588.33	-1589.24	0.90443	0.1518563
1900	-1613.9	-1615.74	1.83716	0.1004235
1910	-1603.95	-1605.59	1.64219	0.1118311
1920	-1592.97	-1594.25	1.27879	0.1318505
1930	-1649.71	-1651.9	2.19658	0.07505342
1940	-1588.44	-1589.36	0.923189	0.1508584
1950	-1590.09	-1591.19	1.10202	0.1413307
1960	-1590.25	-1591.37	1.11501	0.1406367
1970	-1614.75	-1616.6	1.85079	0.09959464
1980	-1602.53	-1604.13	1.60722	0.1138101
1990	-1592.59	-1592.75	0.153736	0.1920736
2000	-1591.58	-1592.79	1.20392	0.1358768
2010	-1639.41	-1641.53	2.12759	0.08089225
2020	-1587.9	-1588.61	0.708773	0.1622665
2030	-1676.05	-1678.35	2.29405	0.06306603
2040	-1591.38	-1592.57	1.1914	0.1365485
2050	-1602.43	-1602.11	-0.321149	0.2182224
2060	-1598.86	-1598.69	-0.173858	0.2100317
2070	-1591.23	-1592.42	1.18259	0.1370208
2080	-1603.82	-1605.46	1.63911	0.1120057
2090	-1614.84	-1616.7	1.85227	0.09950451
2100	-1588.69	-1589.19	0.503433	0.1732267
2110	-1600.15	-1601.69	1.54318	0.1173967
2120	-1610.93	-1612.71	1.78618	0.1034817
2130	-1588.28	-1588.85	0.575606	0.1693679
2140	-1589.13	-1590.15	1.01459	0.145993
2150	-1587.89	-1588.62	0.723506	0.161482
2160	-1689.59	-1691.9	2.3096	0.05806965
2170	-1599.31	-1600.83	1.51867	0.1187584
2180	-1589.63	-1590.02	0.388863	0.1793713
2190	-1600.75	-1602.31	1.56013	0.1164519
2200	-1614.99	-1616.85	1.85459	0.09936242
2210	-1675.31	-1677.61	2.2926	0.06335897
2220	-1635.95	-1638.05	2.0995	0.08304903
2230	-1685.14	-1687.45	2.30673	0.05964159
2240	-1656.29	-1658.52	2.23057	0.07171184
2250	-1603.05	-1604.67	1.62028	0.1130725
2260	-1620.29	-1622.23	1.9314	0.09457009
2270	-1598.3	-1599.79	1.48759	0.120477
2280	-1615.52	-1617.38	1.8628	0.09885968
2290	-1601.23	-1602.8	1.5733	0.1157153
2300	-1602.35	-1603.96	1.60282	0.1140581
2310	-1655.41	-1657.64	2.22645	0.07214241
2320	-1674.58	-1676.87	2.29108	0.06365143
2330	-1588.8	-1589.78	0.975707	0.1480636
2340	-1654.18	-1656.4	2.22047	0.07275262
2350	-1647.96	-1650.15	2.18633	0.07598573
2360	-1607.24	-1608.96	1.715	0.1076542
2370	-1649	-1651.2	2.19251	0.07542665
2380	-1615.03	-1616.89	1.85521	0.09932476
2390	-1588.01	-1588.66	0.649643	0.1654172
2400	-1624.48	-1626.47	1.98396	0.09115515
2410	-1597.76	-1597.64	-0.124318	0.207294
2420	-1589	-1590	0.999838	0.1467788
2430	-1588.21	-1589.09	0.879234	0.1531965
2440	-1589.08	-1590.09	1.00896	0.1462931
2450	-1589.3	-1590.33	1.03176	0.1450781
2460	-1591.75	-1591.96	0.210602	0.1889888
2470	-1653.76	-1655.98	2.21834	0.07296544
2480	-1587.9	-1588.65	0.753256	0.1598983
2490	-1588.38	-1589.3	0.913667	0.1513649
2500	-1594.44	-1595.78	1.34607	0.1282131
2510	-1595.83	-1595.8	-0.0307049	0.2021428
2520	-1588	-1588.82	0.821989	0.1562413
2530	-1590.88	-1591.15	0.276458	0.1854268
2540	-1591.13	-1591.39	0.25643	0.1865089
2550	-1588.67	-1589.18	0.506529	0.173061
2560	-1600.91	-1602.47	1.56455	0.1162051
2570	-1590.79	-1591.08	0.28323	0.1850612
2580	-1588.43	-1588.98	0.545217	0.1709917
2590	-1587.92	-1588.7	0.782076	0.1583647
2600	-1616.08	-1617.95	1.87145	0.09832757
2610	-1615.99	-1617.86	1.87003	0.0984152
2620	-1641.73	-1643.87	2.145	0.07950201
2630	-1587.91	-1588.69	0.775738	0.1587019
2640	-1601.88	-1603.47	1.5905	0.1147507
2650	-1587.96	-1588.76	0.802121	0.1572982
2660	-1685.07	-1687.38	2.30666	0.05966836
2670	-1596.48	-1597.91	1.42593	0.1238637
2680	-1741.97	-1744.18	2.20528	0.0433179
2690	-1592.22	-1593.46	1.24022	0.1339274
2700	-1606.28	-1607.98	1.6948	0.1088216
2710	-1607.77	-1609.49	1.72574	0.1070309
2720	-1587.91	-1588.69	0.773536	0.1588191
2730	-1597.25	-1598.7	1.4528	0.1223914
2740	-1615.27	-1614.52	-0.749127	0.2424923
2750	-1592.95	-1594.23	1.27808	0.1318887
2760	-1607.29	-1609	1.71596	0.1075985
2770	-1598.02	-1599.5	1.47852	0.1209768
2780	-1589.36	-1590.4	1.03767	0.1447635
2790	-1661.38	-1663.63	2.2521	0.06930557
2800	-1637.27	-1639.38	2.11057	0.0822108
2810	-1588.31	-1588.88	0.56914	0.1697133
2820	-1626.66	-1628.67	2.00889	0.08948528
2830	-1602.74	-1604.35	1.61254	0.1135097
2840	-1594.08	-1595.41	1.33052	0.1290553
2850	-1675.26	-1677.55	2.29249	0.06337963
2860	-1672.31	-1674.6	2.28601	0.06456633
2870	-1598.88	-1600.39	1.50564	0.1194801
2880	-1588.66	-1589.17	0.507524	0.1730077
2890	-1588.13	-1588.99	0.860725	0.154181
2900	-1598.79	-1600.29	1.5028	0.119637
2910	-1595.08	-1596.46	1.3728	0.1267612
2920	-1674.97	-1677.27	2.29191	0.06349345
2930	-1669.31	-1671.59	2.27828	0.06581473
2940	-1608.76	-1610.51	1.74558	0.1058736
2950	-1597.91	-1599.38	1.47484	0.1211796
2960	-1588.39	-1588.94	0.553001	0.1705756
2970	-1601.01	-1602.57	1.56723	0.116055
2980	-1594.01	-1595.33	1.32734	0.1292276
2990	-1656.71	-1658.94	2.23248	0.07150987
3000	-1608.1	-1609.83	1.7324	0.1066433
3010	-1591.45	-1592.65	1.19621	0.1362903
3020	-1601.55	-1603.13	1.58185	0.1152363
3030	-1587.89	-1588.62	0.725856	0.1613569
3040	-1596.46	-1597.89	1.42521	0.1239034
3050	-1590.88	-1591.16	0.276286	0.1854361
3060	-1589.59	-1589.99	0.392663	0.1791671
3070	-1608.68	-1610.42	1.74388	0.1059734
3080	-1654.53	-1656.75	2.22215	0.07258188
3090	-1593.9	-1595.22	1.3227	0.1294788
3100	-1588.29	-1588.86	0.573321	0.16949
3110	-1588.47	-1589.01	0.53929	0.1713085
3120	-1587.9	-1588.61	0.708367	0.1622882
3130	-1594.95	-1596.31	1.36727	0.127062
3140	-1604.85	-1606.51	1.66304	0.1106433
3150	-1647.22	-1649.4	2.1818	0.0763891
3160	-1749.56	-1751.73	2.17176	0.04162026
3170	-1617.49	-1619.38	1.89237	0.09703125
3180	-1600.68	-1602.24	1.55829	0.1165544
3190	-1590.3	-1591.41	1.11811	0.1404712
3200	-1616.07	-1617.94	1.87126	0.09833941
3210	-1590.48	-1591.61	1.13162	0.1397487
3220	-1597.69	-1599.16	1.46776	0.1215694
3230	-1592.85	-1594.12	1.27267	0.1321802
3240	-1613.78	-1615.62	1.83519	0.1005429
3250	-1587.9	-1588.62	0.722578	0.1615314
3260	-1588.95	-1589.94	0.993532	0.1471146
3270	-1587.96	-1588.63	0.672319	0.1642085
3280	-1589.85	-1590.94	1.08282	0.1423553
3290	-1608.02	-1607.5	-0.522409	0.2295445
3300	-1611.96	-1611.31	-0.649463	0.2367744
3310	-1595.71	-1597.1	1.39715	0.1254358
3320	-1600.03	-1601.57	1.53983	0.1175831
3330	-1590.32	-1590.65	0.322969	0.1829177
3340	-1633.68	-1635.76	2.07949	0.08453076
3350	-1600.95	-1602.52	1.56579	0.1161355
3360	-1587.91	-1588.68	0.76994	0.1590104
3370	-1698.7	-1701.01	2.30912	0.05503588
3380	-1628.48	-1630.5	2.02847	0.08814797
3390	-1675.72	-1678.01	2.2934	0.06319866
3400	-1640.51	-1642.65	2.13604	0.08022313
3410	-1609.92	-1611.69	1.76768	0.1045757
3420	-1699.56	-1701.87	2.30865	0.05476284
3430	-1707.59	-1709.89	2.3009	0.052295
3440	-1637.9	-1640.01	2.11566	0.08182027
3450	-1589.77	-1590.85	1.07576	0.1427323
3460	-1610.04	-1611.81	1.76997	0.104441
3470	-1588	-1588.82	0.819438	0.156377
3480	-1600.02	-1599.8	-0.223869	0.2128041
3490	-1594.44	-1595.79	1.34627	0.1282022
3500	-1590.24	-1590.57	0.330226	0.1825266
3510	-1589.62	-1590.01	0.390008	0.1793098
3520	-1618.62	-1620.53	1.90847	0.09602273
3530	-1588.16	-1589.03	0.867828	0.1538031
3540	-1590.36	-1590.68	0.319744	0.1830915
3550	-1590.82	-1591.98	1.15588	0.138451
3560	-1597.98	-1599.45	1.47708	0.1210566
3570	-1588.1	-1588.72	0.62048	0.1669725
3580	-1667.65	-1669.93	2.27353	0.06651762
3590	-1594.79	-1594.82	0.0237984	0.1991566
3600	-1618.99	-1620.91	1.91369	0.09569392
3610	-1624.83	-1626.82	1.98808	0.09088129
3620	-1594.33	-1595.68	1.34168	0.128451
3630	-1588.13	-1588.99	0.8601	0.1542142
3640	-1594.89	-1596.26	1.365	0.1271853
3650	-1587.89	-1588.63	0.73303	0.160975
3660	-1598.16	-1599.64	1.48292	0.1207348
3670	-1611.15	-1610.52	-0.623961	0.2353179
3680	-1630.18	-1632.23	2.046	0.08692818
3690	-1612.52	-1614.33	1.81403	0.1018189
3700	-1600	-1601.54	1.53893	0.1176333
3710	-1590.18	-1591.29	1.10939	0.1409369
3720	-1595.31	-1596.69	1.38167	0.1262788
3730	-1614.86	-1616.71	1.8525	0.09949062
3740	-1591.53	-1591.76	0.226663	0.188119
3750	-1596.67	-1596.6	-0.0728524	0.2044585
3760	-1594.59	-1595.94	1.35257	0.1278602
3770	-1593.66	-1594.97	1.31179	0.1300688
3780	-1595.31	-1596.69	1.38161	0.126282
3790	-1592.94	-1594.21	1.27716	0.1319385
3800	-1606.8	-1608.5	1.70574	0.1081903
3810	-1588.99	-1589.99	0.998239	0.1468639
3820	-1588.85	-1589.83	0.981969	0.1477303
3830	-1609.22	-1610.97	1.75439	0.1053578
3840	-1636.1	-1638.21	2.10078	0.08295276
3850	-1588.66	-1589.61	0.956146	0.1491048
3860	-1589.74	-1590.11	0.378039	0.1799532
3870	-1588.35	-1589.26	0.908418	0.1516441
3880	-1587.9	-1588.61	0.71608	0.1618774
3890	-1589.41	-1589.82	0.411994	0.1781287
3900	-1606.09	-1607.78	1.69059	0.1090638
3910	-1602.17	-1603.77	1.59808	0.1143247
3920	-1675.25	-1677.54	2.29246	0.06338558
3930	-1650.24	-1652.44	2.19959	0.07477397
3940	-1603.19	-1604.82	1.62389	0.1128688
3950	-1613.52	-1615.35	1.83091	0.100802
3960	-1603.44	-1603.08	-0.359887	0.2203896
3970	-1588.89	-1589.36	0.475623	0.1747159
3980	-1606.34	-1605.88	-0.464877	0.226292
3990	-1589.02	-1589.48	0.457825	0.1756698
4000	-1599.19	-1599	-0.188367	0.2108352
4010	-1660.82	-1663.07	2.24995	0.06956011
4020	-1649.5	-1651.7	2.1954	0.07516237
4030	-1588.69	-1589.65	0.960414	0.1488776
4040	-1618.42	-1620.33	1.9057	0.09619703
4050	-1664.44	-1666.71	2.26325	0.06791957
4060	-1589.96	-1591.05	1.09184	0.1418741
4070	-1587.92	-1588.7	0.777962	0.1585836
4080	-1680.8	-1683.1	2.30185	0.06123991
4090	-1644.9	-1647.07	2.16696	0.07767696
4100	-1604.93	-1606.6	1.665	0.1105312
4110	-1661.18	-1663.44	2.25136	0.06939388
4120	-1588.48	-1589.41	0.929829	0.1505051
4130	-1643.48	-1645.63	2.15735	0.07848627
4140	-1666.89	-1669.16	2.2712	0.06684813
4150	-1670.05	-1672.33	2.2803	0.06550184
4160	-1613.07	-1614.89	1.82342	0.1012542
4170	-1742.06	-1744.26	2.20494	0.04329856
4180	-1686.29	-1688.59	2.30767	0.05923115
4190	-1618.76	-1620.67	1.91051	0.0958943
4200	-1588.57	-1589.51	0.943832	0.14976
4210	-1625.93	-1627.93	2.00072	0.09003683
4220	-1596.84	-1598.28	1.43856	0.1231727
4230	-1636.1	-1638.2	2.10076	0.08295454
4240	-1641.92	-1644.07	2.14638	0.07938959
4250	-1654.41	-1656.63	2.22159	0.07263935
4260	-1623.86	-1625.83	1.97651	0.09164733
4270	-1588.91	-1589.89	0.988591	0.1473777
4280	-1591.44	-1592.64	1.19532	0.1363384
4290	-1591.63	-1591.85	0.21946	0.188509
4300	-1608.87	-1610.61	1.7476	0.1057554
4310	-1591.96	-1593.19	1.22582	0.1347012
4320	-1588.09	-1588.71	0.621418	0.1669225
4330	-1598.13	-1599.61	1.48196	0.1207878
4340	-1621.06	-1623	1.94152	0.09392258
4350	-1598.32	-1599.8	1.48795	0.120457
4360	-1636.13	-1638.23	2.10096	0.08293908
4370	-1636.29	-1638.39	2.10235	0.08283479
4380	-1605.01	-1604.6	-0.417819	0.2236413
4390	-1590.41	-1590.73	0.314957	0.1833495
4400	-1611.94	-1613.74	1.8041	0.1024141
4410	-1597.23	-1598.69	1.45227	0.1224203
4420	-1588.08	-1588.7	0.625199	0.1667208
4430	-1619.11	-1621.02	1.9153	0.09559254
4440	-1639.9	-1642.03	2.13139	0.08059273
4450	-1588.05	-1588.68	0.634225	0.1662394
4460	-1599.96	-1601.5	1.53796	0.1176873
4470	-1656.85	-1659.09	2.23314	0.07143875
4480	-1658.24	-1660.48	2.23928	0.07077288
4490	-1653.45	-1655.66	2.21677	0.07312226
4500	-1588.98	-1589.97	0.997034	0.1469281
4510	-1599.3	-1599.11	-0.193248	0.2111056
4520	-1614.89	-1616.74	1.853	0.0994599
4530	-1606.49	-1608.19	1.69929	0.1085628
4540	-1589.97	-1591.06	1.09215	0.1418572
4550	-1631.25	-1633.31	2.05657	0.08618177
4560	-1677.96	-1680.26	2.2975	0.06232231
4570	-1609.16	-1610.91	1.75324	0.1054248
4580	-1587.9	-1588.65	0.752231	0.1599529
4590	-1596.88	-1598.32	1.43999	0.1230941
4600	-1590.28	-1591.4	1.11713	0.1405234
4610	-1656.1	-1658.33	2.22966	0.07180718
4620	-1596.87	-1598.31	1.43978	0.1231058
4630	-1591.8	-1592	0.207604	0.1891511
4640	-1596.29	-1597.71	1.41886	0.1242503
4650	-1600.76	-1602.33	1.56059	0.1164264
4660	-1588.37	-1589.28	0.911383	0.1514864
4670	-1589.16	-1589.6	0.440631	0.1765918
4680	-1588.69	-1589.65	0.961418	0.1488241
4690	-1590.56	-1590.86	0.302689	0.1840111
4700	-1637.22	-1639.33	2.11015	0.0822423
4710	-1597.59	-1599.06	1.46439	0.1217547
4720	-1629.5	-1631.54	2.03909	0.08741207
4730	-1592.02	-1593.25	1.22894	0.1345338
4740	-1593.29	-1594.58	1.29434	0.1310118
4750	-1626.71	-1628.72	2.00939	0.08945151
4760	-1719.32	-1721.6	2.27921	0.04896779
4770	-1602.25	-1603.85	1.60024	0.1142032
4780	-1613.39	-1615.22	1.82882	0.1009284
4790	-1605.61	-1607.29	1.68008	0.1096675
4800	-1640.44	-1642.57	2.13546	0.08026939
4810	-1596.48	-1597.91	1.42584	0.1238689
4820	-1595.71	-1597.11	1.39725	0.1254301
4830	-1588.05	-1588.68	0.634239	0.1662386
4840	-1635.4	-1637.5	2.09477	0.08340325
4850	-1608.92	-1610.67	1.74869	0.1056916
4860	-1665.95	-1668.22	2.26826	0.06725371
4870	-1628.72	-1630.76	2.03108	0.08796763
4880	-1663.61	-1665.87	2.26036	0.06829063
4890	-1629.74	-1631.78	2.04157	0.08723877
4900	-1703.93	-1706.24	2.30518	0.05339858
4910	-1627.48	-1629.49	2.0178	0.08888002
4920	-1710.17	-1712.46	2.29718	0.05153845
4930	-1604.9	-1606.56	1.66414	0.1105804
4940	-1625.42	-1627.41	1.99484	0.09043098
4950	-1599.54	-1601.07	1.52553	0.1183779
4960	-1592.94	-1594.22	1.27751	0.1319198
4970	-1603.74	-1605.38	1.63711	0.1121193
4980	-1644.78	-1646.94	2.16616	0.07774519
4990	-1588.74	-1589.71	0.967437	0.1485038
5000	-1590.7	-1591.85	1.14735	0.1389079
5010	-1595.74	-1597.14	1.39851	0.1253615
5020	-1599.37	-1600.89	1.52043	0.1186607
5030	-1658.5	-1660.74	2.24039	0.07065115
5040	-1605.88	-1607.56	1.68599	0.1093286
5050	-1649.44	-1651.64	2.19507	0.07519276
5060	-1599.04	-1598.86	-0.181747	0.2104685
5070	-1642.62	-1644.77	2.15135	0.07898335
5080	-1625.97	-1627.97	2.00115	0.0900075
5090	-1587.97	-1588.78	0.807837	0.1569941
5100	-1588.48	-1589.41	0.930129	0.1504891
5110	-1602.16	-1603.76	1.59785	0.114338
5120	-1593.87	-1595.2	1.32144	0.1295468
5130	-1593.67	-1594.98	1.31225	0.1300442
5140	-1613.94	-1615.78	1.83776	0.1003876
5150	-1645.54	-1647.71	2.17116	0.07731755
5160	-1590.26	-1591.37	1.11504	0.1406351
5170	-1600.9	-1602.46	1.56431	0.1162185
5180	-1592.78	-1594.05	1.26952	0.1323504
5190	-1590.92	-1591.19	0.273177	0.1856041
5200	-1612.45	-1614.27	1.813	0.1018811
5210	-1592.3	-1593.55	1.24444	0.1337006
5220	-1597.16	-1597.06	-0.0960302	0.2057344
5230	-1650.98	-1653.19	2.20374	0.07438378
5240	-1616.64	-1618.52	1.87989	0.09780643
5250	-1617.02	-1618.91	1.88551	0.09745792
5260	-1654.02	-1656.24	2.21968	0.07283177
5270	-1714.68	-1716.97	2.28922	0.05024825
5280	-1621.66	-1623.61	1.9493	0.09342115
5290	-1596.22	-1597.64	1.41654	0.1243773
5300	-1627.8	-1629.82	2.0213	0.08864085
5310	-1734.09	-1736.33	2.23556	0.04517918
5320	-1806.16	-1807.96	1.79749	0.03127975
5330	-1665.94	-1668.2	2.26821	0.06726159
5340	-1592.08	-1592.27	0.18754	0.1902388
5350	-1590.47	-1590.78	0.310271	0.1836022
5360	-1624.01	-1625.99	1.97835	0.09152553
5370	-1591.95	-1593.17	1.22511	0.1347392
5380	-1644.73	-1646.9	2.16587	0.07776921
5390	-1595.25	-1595.25	-0.00048415	0.2004859
5400	-1600.5	-1602.05	1.55321	0.1168378
5410	-1699.63	-1701.94	2.30861	0.05474038
5420	-1649.59	-1651.79	2.19592	0.07511464
5430	-1728.03	-1730.28	2.2556	0.04668512
5440	-1587.95	-1588.75	0.800111	0.1574051
5450	-1590.35	-1591.47	1.12188	0.1402697
5460	-1627.02	-1629.03	2.01282	0.08921869
5470	-1592.8	-1592.94	0.140517	0.192792
5480	-1598.13	-1599.61	1.48193	0.1207891
5490	-1596.73	-1598.16	1.43473	0.1233822
5500	-1599.13	-1600.65	1.51338	0.1190517
5510	-1597.58	-1599.04	1.46393	0.1217802
5520	-1588.1	-1588.72	0.618895	0.1670571
5530	-1607.97	-1609.7	1.72995	0.1067858
5540	-1616.95	-1618.83	1.88443	0.09752487
5550	-1655.81	-1658.04	2.22833	0.07194654
5560	-1593.12	-1593.24	0.120499	0.1938807
5570	-1587.97	-1588.77	0.807343	0.1570204
5580	-1615.55	-1617.41	1.86326	0.09883149
5590	-1588.25	-1589.14	0.888847	0.1526852
5600	-1591.44	-1592.64	1.19538	0.1363353
5610	-1591.74	-1592.96	1.21335	0.1353708
5620	-1588.12	-1588.73	0.613535	0.1673431
5630	-1591.9	-1593.12	1.22237	0.1348868
5640	-1589.48	-1589.89	0.404526	0.1785298
5650	-1702.4	-1699.89	-2.51042	0.3513818
5660	-1590.01	-1591.11	1.09594	0.1416551
5670	-1610.96	-1612.75	1.78679	0.1034454
5680	-1767.52	-1769.6	2.07604	0.03793034
5690	-1678.78	-1681.08	2.29885	0.06200809
5700	-1604.48	-1606.13	1.65456	0.1111268
5710	-1591.4	-1591.64	0.236019	0.1876127
5720	-1605.99	-1607.68	1.68853	0.1091825
5730	-1640.83	-1639.44	-1.38937	0.2802794
5740	-1602.42	-1604.02	1.60453	0.1139617
5750	-1604.09	-1603.7	-0.383885	0.2217351
5760	-1589.74	-1590.82	1.07346	0.1428549
5770	-1589.86	-1590.94	1.08331	0.142329
5780	-1615.72	-1617.58	1.86585	0.09867256
5790	-1626.48	-1628.48	2.0068	0.08962668
5800	-1590.07	-1591.17	1.1005	0.1414114
5810	-1604.35	-1603.96	-0.393715	0.2222868
5820	-1656.95	-1655.23	-1.72246	0.3007152
5830	-1609.39	-1611.15	1.75773	0.1051613
5840	-1604.48	-1606.13	1.65451	0.11113
5850	-1588.83	-1589.32	0.48292	0.174325
5860	-1613.98	-1613.27	-0.710931	0.240296
5870	-1597.04	-1596.95	-0.0906576	0.2054385
5880	-1612.47	-1611.81	-0.665306	0.2376805
5890	-1606.59	-1608.29	1.70141	0.1084401
5900	-1597.15	-1598.6	1.44934	0.1225814
5910	-1588.97	-1589.96	0.99571	0.1469986
5920	-1588.77	-1589.26	0.491736	0.1738529
5930	-1615.02	-1616.88	1.8551	0.09933121
5940	-1596.53	-1597.96	1.42758	0.1237739
5950	-1655.15	-1657.38	2.2252	0.07227083
5960	-1616.05	-1617.92	1.871	0.09835559
5970	-1598.89	-1600.39	1.50578	0.1194719
5980	-1588.68	-1589.18	0.50557	0.1731123
5990	-1590.37	-1591.49	1.1236	0.1401775
6000	-1594.75	-1596.11	1.35914	0.1275037
6010	-1590.21	-1591.32	1.1113	0.1408346
6020	-1623.54	-1622.56	-0.977383	0.2557492
6030	-1620.49	-1622.43	1.93407	0.09439995
6040	-1587.93	-1588.62	0.687361	0.163407
6050	-1595.37	-1595.36	-0.00700116	0.200843
6060	-1603.54	-1605.17	1.63233	0.1123909
6070	-1593.15	-1594.44	1.28781	0.131364
6080	-1588.08	-1588.71	0.624722	0.1667462
6090	-1617.1	-1618.98	1.88664	0.09738774
6100	-1614.29	-1616.13	1.84344	0.1000424
6110	-1657.43	-1659.66	2.23572	0.07116226
6120	-1600.66	-1602.22	1.55773	0.1165859
6130	-1601.79	-1603.38	1.58821	0.1148793
6140	-1590.91	-1592.08	1.16187	0.1381304
6150	-1610.7	-1612.48	1.78211	0.103723
6160	-1638.17	-1640.29	2.11784	0.0816519
6170	-1589.29	-1590.32	1.03122	0.1451069
6180	-1613.35	-1615.18	1.82809	0.1009723
6190	-1587.91	-1588.68	0.770455	0.158983
6200	-1616.42	-1618.29	1.87651	0.09801534
6210	-1593.61	-1593.7	0.0909419	0.1954904
6220	-1607.5	-1609.22	1.72038	0.1073422
6230	-1588.27	-1588.85	0.576884	0.1692996
6240	-1589.64	-1590.03	0.387367	0.1794518
6250	-1640.54	-1642.68	2.13624	0.08020698
6260	-1589.64	-1590.71	1.06451	0.143332
6270	-1596.09	-1597.5	1.41154	0.1246507
6280	-1643.77	-1645.93	2.15938	0.07831701
6290	-1627.29	-1629.3	2.01573	0.08902125
6300	-1647.17	-1649.36	2.18151	0.07641435
6310	-1594.58	-1595.93	1.35196	0.1278931
6320	-1587.9	-1588.61	0.713495	0.1620151
6330	-1630.45	-1632.5	2.04868	0.08673985
6340	-1616.95	-1618.83	1.88438	0.09752782
6350	-1592.76	-1592.9	0.142945	0.1926599
6360	-1617.93	-1617.11	-0.825681	0.2469131
6370	-1621.74	-1623.69	1.95028	0.09335821
6380	-1596.43	-1597.86	1.42419	0.1239588
6390	-1589.88	-1590.97	1.08521	0.1422281
6400	-1591.42	-1591.65	0.235036	0.1876659
6410	-1642.37	-1644.52	2.14959	0.07912772
6420	-1610.48	-1612.25	1.77798	0.1039672
6430	-1595.96	-1595.92	-0.0371867	0.2024986
6440	-1607.04	-1606.55	-0.488904	0.2276487
6450	-1597.97	-1597.83	-0.133905	0.2078231
6460	-1592.05	-1592.24	0.190144	0.1900975
6470	-1637.29	-1639.4	2.11069	0.08220151
6480	-1595.39	-1595.39	-0.00826292	0.2009121
6490	-1590.28	-1591.4	1.11721	0.1405189
6500	-1588.03	-1588.86	0.831923	0.1557129
6510	-1628.54	-1630.57	2.02919	0.08809858
6520	-1674.53	-1676.82	2.29098	0.06367038
6530	-1615.28	-1617.14	1.85913	0.09908464
6540	-1592.2	-1592.38	0.179948	0.1906506
6550	-1629.96	-1632.01	2.04379	0.08708318
6560	-1588.14	-1588.75	0.607336	0.1676739
6570	-1600.76	-1602.32	1.56046	0.1164331
6580	-1599.05	-1600.56	1.51091	0.1191881
6590	-1588.21	-1589.09	0.879324	0.1531917
6600	-1647.14	-1649.32	2.18132	0.07643182
6610	-1651.47	-1653.68	2.2064	0.07413148
6620	-1614.9	-1616.76	1.8532	0.09944771
6630	-1625.16	-1627.15	1.99187	0.09062889
6640	-1588.68	-1589.64	0.96017	0.1488906
6650	-1590.89	-1591.16	0.275806	0.185462
6660	-1639.49	-1641.62	2.12822	0.08084245
6670	-1631.56	-1633.62	2.05962	0.08596497
6680	-1618.54	-1620.45	1.90737	0.09609192
6690	-1591.18	-1591.43	0.252871	0.1867013
6700	-1592.73	-1594	1.26687	0.1324929
6710	-1628.63	-1630.66	2.03012	0.08803401
6720	-1595.58	-1596.97	1.39226	0.125702
6730	-1588.68	-1589.64	0.95981	0.1489098
6740	-1623.53	-1625.5	1.97258	0.0919057
6750	-1619.01	-1620.92	1.9139	0.09568094
6760	-1597.01	-1598.46	1.44467	0.1228378
6770	-1601.21	-1600.93	-0.272721	0.2155208
6780	-1619.95	-1621.87	1.92672	0.09486826
6790	-1587.9	-1588.66	0.761399	0.1594649
6800	-1588.46	-1589.39	0.927107	0.1506499
6810	-1587.96	-1588.63	0.67153	0.1642506
6820	-1675.72	-1678.01	2.2934	0.06319795
6830	-1599.83	-1601.36	1.53395	0.11791
6840	-1598.64	-1600.14	1.4982	0.119891
6850	-1588.81	-1589.78	0.976483	0.1480223
6860	-1598.3	-1599.79	1.48748	0.1204829
6870	-1615.41	-1614.66	-0.753295	0.2427323
6880	-1604.25	-1605.9	1.64925	0.1114293
6890	-1587.95	-1588.74	0.797035	0.1575688
6900	-1616.35	-1618.22	1.87545	0.09808064
6910	-1588	-1588.65	0.651187	0.1653349
6920	-1588.84	-1589.32	0.481483	0.174402
6930	-1599	-1600.51	1.50926	0.1192795
6940	-1589.36	-1589.77	0.418308	0.1777897
6950	-1599.42	-1600.94	1.52183	0.1185833
6960	-1611.06	-1612.85	1.7886	0.1033377
6970	-1589.07	-1590.08	1.00742	0.1463748
6980	-1589.15	-1589.6	0.441634	0.176538
6990	-1598.4	-1599.89	1.49068	0.1203064
7000	-1598.08	-1599.56	1.48029	0.1208793
7010	-1623.12	-1625.09	1.96759	0.09223274
7020	-1613.32	-1615.14	1.82753	0.1010066
7030	-1596	-1597.41	1.40841	0.1248213
7040	-1606.75	-1608.46	1.70478	0.1082459
7050	-1598.33	-1598.18	-0.15009	0.2087172
7060	-1593.35	-1594.65	1.29731	0.1308514
7070	-1628.62	-1630.65	2.02993	0.088047
7080	-1622.17	-1624.12	1.95569	0.09300786
7090	-1709.48	-1711.78	2.29822	0.05173717
7100	-1650.62	-1652.82	2.20171	0.07457552
7110	-1587.95	-1588.75	0.798174	0.1575082
7120	-1593.96	-1594.03	0.0701475	0.1966244
7130	-1615.98	-1617.85	1.86984	0.09842675
7140	-1669.17	-1671.45	2.2779	0.06587171
7150	-1600.47	-1602.02	1.55236	0.1168851
7160	-1689.5	-1691.81	2.30956	0.0581012
7170	-1592.65	-1592.8	0.150047	0.192274
7180	-1605.61	-1605.17	-0.439107	0.2248394
7190	-1591.28	-1591.53	0.244966	0.1871288
7200	-1641.76	-1643.9	2.14522	0.07948417
7210	-1611.07	-1612.86	1.78873	0.1033298
7220	-1652.66	-1654.87	2.21271	0.07352167
7230	-1718.61	-1720.9	2.28085	0.04915947
7240	-1595.29	-1596.67	1.38099	0.1263159
7250	-1651.89	-1654.1	2.20868	0.07391272
7260	-1675.01	-1677.3	2.29197	0.06348075
7270	-1587.92	-1588.7	0.779106	0.1585227
7280	-1620.04	-1621.97	1.92796	0.09478922
7290	-1708.79	-1711.09	2.29924	0.0519397
7300	-1617.54	-1619.43	1.89311	0.09698515
7310	-1625.08	-1627.07	1.99094	0.09069084
7320	-1599.42	-1600.94	1.52182	0.1185835
7330	-1592.15	-1593.38	1.23615	0.134146
7340	-1599.96	-1601.5	1.53776	0.1176982
7350	-1587.89	-1588.62	0.724158	0.1614473
7360	-1605.84	-1607.52	1.68516	0.1093763
7370	-1628.66	-1630.69	2.03038	0.08801597
7380	-1634.98	-1637.07	2.09102	0.08368169
7390	-1589.21	-1590.23	1.02251	0.1455713
7400	-1587.92	-1588.61	0.69788	0.1628467
7410	-1591.08	-1591.34	0.260611	0.1862829
7420	-1620.38	-1619.49	-0.893388	0.2508442
7430	-1597.88	-1597.75	-0.129696	0.2075908
7440	-1589.07	-1590.08	1.00783	0.1463529
7450	-1615.98	-1617.85	1.86989	0.09842384
7460	-1619.43	-1621.35	1.91979	0.09530823
7470	-1588.16	-1588.77	0.601637	0.167978
7480	-1604.89	-1606.55	1.664	0.1105882
7490	-1604.97	-1606.64	1.66581	0.1104848
7500	-1648.47	-1650.66	2.18934	0.07571471
7510	-1606.55	-1608.25	1.70045	0.1084957
7520	-1609.36	-1611.11	1.75706	0.105201
7530	-1588.04	-1588.87	0.833418	0.1556334
7540	-1597.02	-1598.46	1.44477	0.1228318
7550	-1644.31	-1646.47	2.16301	0.07801154
7560	-1601.74	-1603.33	1.58697	0.1149489
7570	-1608.4	-1610.14	1.73847	0.1062892
7580	-1640.29	-1642.43	2.13437	0.08035649
7590	-1596.19	-1596.14	-0.0488865	0.203141
7600	-1594.3	-1594.35	0.0511912	0.1976593
7610	-1593.83	-1595.15	1.31957	0.1296482
7620	-1599.98	-1601.52	1.53833	0.1176667
7630	-1655.66	-1657.88	2.2276	0.07202318
7640	-1595.76	-1597.16	1.39925	0.1253211
7650	-1621.71	-1623.66	1.94984	0.09338683
7660	-1588.46	-1589	0.539917	0.171275
7670	-1596.53	-1597.96	1.42767	0.1237685
7680	-1588.21	-1589.09	0.879598	0.1531771
7690	-1593.38	-1594.68	1.29858	0.1307826
7700	-1591.95	-1593.17	1.22502	0.1347441
7710	-1655.58	-1657.81	2.22724	0.0720598
7720	-1595.08	-1596.45	1.37268	0.126768
7730	-1610.54	-1609.94	-0.604815	0.2342262
7740	-1594.78	-1594.81	0.0243931	0.1991241
7750	-1637.94	-1640.06	2.11602	0.08179232
7760	-1604.65	-1606.31	1.65859	0.1108973
7770	-1593.23	-1594.53	1.29175	0.1311516
7780	-1591.81	-1593.02	1.21693	0.135179
7790	-1607.77	-1609.49	1.72577	0.1070295
7800	-1593.32	-1594.61	1.29569	0.1309389
7810	-1589.48	-1589.89	0.404503	0.178531
7820	-1590.07	-1591.17	1.10045	0.1414145
7830	-1604.51	-1606.17	1.65532	0.1110838
7840	-1600.25	-1601.8	1.54615	0.1172313
7850	-1589.02	-1590.02	1.00152	0.146689
7860	-1599.51	-1601.04	1.52474	0.1184217
7870	-1625.52	-1627.52	1.99607	0.09034871
7880	-1623.11	-1625.07	1.96738	0.09224666
7890	-1588.05	-1588.68	0.635918	0.1661491
7900	-1589.54	-1590.6	1.0553	0.1438234
7910	-1592.6	-1593.86	1.25996	0.1328652
7920	-1637.25	-1639.36	2.11038	0.08222501
7930	-1607.43	-1609.15	1.71893	0.1074262
7940	-1597.15	-1597.05	-0.0956469	0.2057132
7950	-1625.59	-1627.59	1.99683	0.09029753
7960	-1632.47	-1634.54	2.06823	0.08534812
7970	-1602.02	-1601.71	-0.305141	0.2173284
7980	-1592.56	-1593.82	1.25817	0.1329615
7990	-1601.37	-1602.95	1.57709	0.1155033
8000	-1624.71	-1626.7	1.98664	0.09097713
8010	-1595.3	-1596.68	1.38132	0.1262979
8020	-1607.99	-1609.72	1.73027	0.1067672
8030	-1603.39	-1605.02	1.6287	0.1125963
8040	-1595.53	-1596.92	1.39046	0.1258003
8050	-1642.38	-1644.53	2.1497	0.07911877
8060	-1611.76	-1613.57	1.80106	0.1025952
8070	-1596.87	-1598.31	1.43977	0.1231059
8080	-1601.01	-1602.58	1.56744	0.1160432
8090	-1672.04	-1674.33	2.28536	0.06467828
8100	-1652.62	-1654.83	2.2125	0.07354275
8110	-1611.63	-1613.43	1.79875	0.1027336
8120	-1624.91	-1626.89	1.98891	0.0908259
8130	-1593.59	-1594.9	1.30872	0.130235
8140	-1588.22	-1588.81	0.587678	0.1687232
8150	-1599.76	-1601.29	1.53193	0.1180226
8160	-1592.14	-1593.37	1.23559	0.1341762
8170	-1608.95	-1610.7	1.74927	0.1056579
8180	-1611.11	-1612.9	1.78939	0.1032905
8190	-1600.68	-1602.24	1.55828	0.1165552
8200	-1590.28	-1591.4	1.11721	0.140519
8210	-1664.22	-1666.48	2.26249	0.06801883
8220	-1593.35	-1594.64	1.29713	0.1308611
8230	-1615.56	-1617.43	1.86349	0.0988172
8240	-1648.01	-1650.2	2.18661	0.07596053
8250	-1627.53	-1629.54	2.01834	0.08884339
8260	-1611.45	-1613.25	1.79557	0.102923
8270	-1595.55	-1596.94	1.39119	0.1257604
8280	-1696.46	-1698.77	2.31001	0.05576127
8290	-1616.01	-1617.88	1.87038	0.09839372
8300	-1604.14	-1605.78	1.64652	0.1115849
8310	-1591.9	-1593.13	1.22257	0.1348757
8320	-1598.6	-1600.1	1.49705	0.1199551
8330	-1599.43	-1599.23	-0.198623	0.2114035
8340	-1598.44	-1599.94	1.49205	0.1202307
8350	-1619.24	-1621.15	1.91708	0.09547969
8360	-1588.2	-1588.79	0.593093	0.1684341
8370	-1601.44	-1603.02	1.57897	0.1153981
8380	-1648.64	-1650.83	2.19039	0.07561988
8390	-1622.37	-1624.33	1.95824	0.09284258
8400	-1622.98	-1624.95	1.96585	0.09234641
8410	-1591.18	-1592.36	1.17905	0.1372104
8420	-1588.72	-1589.22	0.498753	0.1734772
8430	-1648.76	-1650.95	2.19107	0.07555794
8440	-1602.61	-1602.28	-0.327942	0.218602
8450	-1673.08	-1675.36	2.28779	0.06425658
8460	-1658.17	-1660.41	2.239	0.07080445
8470	-1588	-1588.65	0.651815	0.1653014
8480	-1594.8	-1596.16	1.36131	0.1273856
8490	-1641.72	-1643.86	2.14492	0.07950869
8500	-1601.07	-1602.64	1.56895	0.1159588
8510	-1599.81	-1599.6	-0.21499	0.2123112
8520	-1598.1	-1597.96	-0.14003	0.2081614
8530	-1610.66	-1610.05	-0.608538	0.2344384
8540	-1621.66	-1620.73	-0.927701	0.2528441
8550	-1638.26	-1640.37	2.11853	0.08159891
8560	-1638.69	-1640.81	2.12196	0.08133219
8570	-1677.7	-1680	2.29705	0.06242385
8580	-1635.92	-1638.02	2.09924	0.08306843
8590	-1590.78	-1591.93	1.15283	0.1386142
8600	-1637.81	-1639.92	2.11492	0.08187743
8610	-1622.22	-1624.17	1.95632	0.09296709
8620	-1587.89	-1588.63	0.735121	0.1608636
8630	-1591.32	-1592.51	1.1881	0.1367256
8640	-1640.71	-1642.84	2.13748	0.08010799
8650	-1595.39	-1596.77	1.38479	0.1261091
8660	-1603.18	-1604.8	1.62351	0.1128902
8670	-1610.24	-1612.01	1.77361	0.104226
8680	-1591.54	-1592.74	1.20108	0.1360293
8690	-1594.05	-1595.38	1.32916	0.1291291
8700	-1588.14	-1589	0.862416	0.154091
8710	-1587.89	-1588.63	0.738791	0.1606682
8720	-1590.42	-1591.54	1.12711	0.1399901
8730	-1593.42	-1594.72	1.30065	0.1306708
8740	-1589.22	-1590.25	1.02414	0.1454842
8750	-1588.62	-1589.57	0.950452	0.1494077
8760	-1592.44	-1593.69	1.25192	0.1332977
8770	-1609.28	-1611.04	1.75563	0.1052849
8780	-1591.86	-1593.09	1.2203	0.1349975
8790	-1590.35	-1590.67	0.320211	0.1830663
8800	-1588.59	-1589.11	0.518085	0.1724426
8810	-1588.59	-1589.11	0.519355	0.1723747
8820	-1604.93	-1606.6	1.66502	0.11053
8830	-1634.67	-1636.76	2.08832	0.08388171
8840	-1595.95	-1597.36	1.4065	0.1249256
8850	-1602.69	-1604.3	1.61145	0.1135713
8860	-1615.42	-1614.67	-0.75366	0.2427533
8870	-1615.54	-1614.78	-0.75696	0.2429435
8880	-1588.36	-1589.27	0.909657	0.1515782
8890	-1602.33	-1602.02	-0.317395	0.2180127
8900	-1594.7	-1594.72	0.0290769	0.1988679
8910	-1588.03	-1588.86	0.830379	0.155795
8920	-1649.82	-1652.01	2.19721	0.07499553
8930	-1599.18	-1600.69	1.51473	0.118977
8940	-1588.56	-1589.08	0.523864	0.1721335
8950	-1593.14	-1593.26	0.118898	0.1939678
8960	-1690.39	-1692.7	2.30989	0.05779432
8970	-1725.15	-1727.41	2.26409	0.04742373
8980	-1601.26	-1602.84	1.57416	0.1156672
8990	-1588.12	-1588.98	0.858655	0.1542911
9000	-1632.68	-1634.75	2.07023	0.08520389
9010	-1596.18	-1597.59	1.41493	0.1244652
9020	-1588.88	-1589.36	0.476642	0.1746613
9030	-1635.27	-1637.36	2.0936	0.08349035
9040	-1684.45	-1686.76	2.30609	0.05989121
9050	-1618.76	-1620.67	1.91046	0.09589754
9060	-1655.99	-1658.22	2.22916	0.07186008
9070	-1618.21	-1620.11	1.90267	0.09638741
9080	-1596.65	-1598.08	1.43205	0.1235291
9090	-1621.45	-1620.53	-0.922254	0.2525263
9100	-1589.91	-1590.27	0.361089	0.1808649
9110	-1655.71	-1657.94	2.22787	0.07199478
9120	-1588.36	-1588.92	0.559977	0.1702028
9130	-1621.91	-1623.86	1.95247	0.09321681
9140	-1587.91	-1588.67	0.767756	0.1591266
9150	-1591.48	-1591.71	0.23063	0.1879043
9160	-1710.64	-1708	-2.63702	0.3598428
9170	-1590.82	-1591.98	1.15587	0.1384516
9180	-1588.72	-1589.68	0.96484	0.148642
9190	-1681.44	-1683.74	2.3027	0.06100115
9200	-1621.97	-1623.93	1.95324	0.09316658
9210	-1594.18	-1595.51	1.33479	0.1288241
9220	-1596.92	-1598.36	1.44131	0.123022
9230	-1600.81	-1600.56	-0.256715	0.2146298
9240	-1704.71	-1707.02	2.30437	0.05316089
9250	-1689.93	-1687.62	-2.31072	0.3382196
9260	-1647.87	-1650.05	2.18574	0.07603883
9270	-1588.92	-1589.92	0.990765	0.1472619
9280	-1587.89	-1588.63	0.737329	0.1607461
9290	-1589.19	-1590.21	1.02078	0.1456633
9300	-1598.44	-1599.93	1.49177	0.1202463
9310	-1587.91	-1588.61	0.69979	0.162745
9320	-1588.4	-1589.32	0.917156	0.1511793
9330	-1599.73	-1601.26	1.53119	0.1180635
9340	-1632.87	-1634.94	2.07195	0.08507888
9350	-1597.84	-1599.32	1.47269	0.1212984
9360	-1594.5	-1595.85	1.34892	0.1280581
9370	-1605.52	-1607.19	1.67807	0.109783
9380	-1590.32	-1590.64	0.323492	0.1828895
9390	-1601.95	-1603.54	1.59232	0.1146484
9400	-1587.89	-1588.64	0.74772	0.160193
9410	-1587.9	-1588.61	0.709784	0.1622127
9420	-1587.9	-1588.66	0.758928	0.1595964
9430	-1643.11	-1645.27	2.15485	0.07869439
9440	-1601.28	-1602.85	1.5746	0.1156429
9450	-1589.59	-1590.65	1.05966	0.143591
9460	-1606.22	-1607.91	1.69349	0.108897
9470	-1640.32	-1642.46	2.13459	0.08033905
9480	-1591	-1592.17	1.16772	0.1378173
9490	-1589.95	-1590.31	0.356627	0.181105
9500	-1591.81	-1593.03	1.21723	0.1351627
9510	-1610.21	-1611.99	1.77314	0.1042535
9520	-1590.46	-1591.59	1.12997	0.1398369
9530	-1649.59	-1651.78	2.1959	0.07511589
9540	-1646.69	-1648.87	2.1785	0.0766794
9550	-1596.92	-1598.36	1.44138	0.1230178
9560	-1592.41	-1593.66	1.25031	0.1333846
9570	-1590.14	-1591.25	1.10647	0.141093
9580	-1593.25	-1594.54	1.29249	0.1311116
9590	-1609.51	-1611.27	1.75992	0.1050327
9600	-1663.85	-1666.12	2.26122	0.0681821
9610	-1641.63	-1643.78	2.14431	0.07955799
9620	-1646.95	-1649.13	2.18014	0.07653584
9630	-1623.52	-1625.5	1.97249	0.09191134
9640	-1589.17	-1590.19	1.0184	0.1457902
9650	-1657.87	-1660.11	2.23767	0.0709499
9660	-1593.97	-1595.3	1.3259	0.1293057
9670	-1588.1	-1588.72	0.620044	0.1669958
9680	-1588.16	-1589.03	0.868405	0.1537725
9690	-1611.73	-1613.53	1.80038	0.1026359
9700	-1588.16	-1589.03	0.868831	0.1537498
9710	-1588.7	-1589.2	0.502383	0.1732829
9720	-1587.9	-1588.61	0.710367	0.1621816
9730	-1600.4	-1600.16	-0.239712	0.2136842
9740	-1589.48	-1590.52	1.04905	0.1441565
9750	-1590.35	-1590.67	0.320554	0.1830478
9760	-1593.18	-1594.47	1.28909	0.1312948
9770	-1602.4	-1604.01	1.60407	0.1139876
9780	-1626.37	-1628.38	2.00566	0.08970383
9790	-1621.44	-1623.38	1.9464	0.09360868
9800	-1588.58	-1589.52	0.944844	0.1497062
9810	-1588.97	-1589.44	0.464406	0.175317
9820	-1594.1	-1595.44	1.33171	0.1289911
9830	-1595.79	-1597.19	1.40019	0.1252698
9840	-1589.74	-1590.82	1.07349	0.1428534
9850	-1613.54	-1615.37	1.8312	0.1007848
9860	-1591.24	-1591.49	0.248225	0.1869525
9870	-1587.9	-1588.66	0.75951	0.1595655
9880	-1616.75	-1618.64	1.88155	0.09770322
9890	-1589.07	-1589.52	0.451772	0.1759943
9900	-1604.44	-1606.09	1.65359	0.1111826
9910	-1662.04	-1664.29	2.25461	0.06900334
9920	-1593.09	-1594.38	1.28492	0.13152
9930	-1598.68	-1598.51	-0.165758	0.2095835
9940	-1591.03	-1592.2	1.16983	0.1377042
9950	-1627.15	-1629.16	2.0142	0.08912525
9960	-1606.89	-1608.6	1.70774	0.1080745
9970	-1599.77	-1601.3	1.53226	0.1180041
9980	-1603.27	-1604.9	1.62577	0.1127622
9990	-1599.42	-1600.94	1.52187	0.1185808
10000	-1653.79	-1656.01	2.21851	0.07294857
