Iteration	Posterior	Likelihood	Prior	birth_rate
0	-1599.97	-1599.75	-0.221626	0.2126796
10	-1687.14	-1684.87	-2.26454	0.3352073
20	-1764.28	-1760.9	-3.38284	0.4116003
30	-1587.99	-1588.81	0.818583	0.1564225
40	-1590.85	-1592.01	1.15785	0.1383456
50	-1588.44	-1589.36	0.923248	0.1508552
60	-1639.83	-1641.97	2.13089	0.08063203
70	-1753.81	-1755.96	2.15115	0.04070685
80	-1756.95	-1759.09	2.13511	0.04004891
90	-1680.27	-1682.57	2.3011	0.06144169
100	-1609.37	-1611.13	1.75729	0.1051871
110	-1641.83	-1643.98	2.14577	0.07943953
120	-1797.05	-1798.92	1.87174	0.03271098
130	-1733.55	-1735.78	2.23748	0.04531155
140	-1624.27	-1626.25	1.98141	0.09132371
150	-1646.2	-1648.37	2.17539	0.07695092
160	-1753.99	-1756.14	2.15027	0.04066967
170	-1693.81	-1696.12	2.31041	0.05663336
180	-1698.16	-1700.47	2.30938	0.05520839
190	-1674.51	-1676.8	2.29093	0.06368038
200	-1621.13	-1623.08	1.94246	0.09386222
210	-1860.51	-1861.76	1.25187	0.02412456
220	-1808.85	-1810.62	1.77463	0.03087225
230	-1716.16	-1718.45	2.28622	0.04983423
240	-1664.06	-1666.32	2.26193	0.06809073
250	-1594.03	-1595.36	1.32851	0.1291644
260	-1598.56	-1600.06	1.49571	0.1200287
270	-1591.85	-1592.05	0.204031	0.1893448
280	-1650.86	-1653.06	2.20306	0.07444796
290	-1591.46	-1591.69	0.23164	0.1878497
300	-1588.14	-1589	0.862553	0.1540837
310	-1641.23	-1643.37	2.14137	0.07979535
320	-1658.02	-1660.26	2.23833	0.07087737
330	-1711.09	-1713.38	2.2957	0.0512712
340	-1595.59	-1596.99	1.39287	0.125669
350	-1649.7	-1651.9	2.19655	0.07505653
360	-1605.32	-1607	1.67377	0.1100297
370	-1620.4	-1622.34	1.93287	0.09447618
380	-1695.34	-1697.65	2.31026	0.05612753
390	-1653.32	-1655.54	2.21614	0.07318454
400	-1599.96	-1599.74	-0.221325	0.2126629
410	-1593.84	-1593.92	0.0774015	0.1962287
420	-1650.47	-1652.67	2.20088	0.07465353
430	-1683.01	-1685.32	2.3046	0.06041713
440	-1675.69	-1677.98	2.29334	0.06320995
450	-1777.81	-1779.82	2.01131	0.03600269
460	-1789.03	-1790.96	1.9328	0.03403675
470	-1821.44	-1823.1	1.66165	0.02904389
480	-1775.83	-1777.85	2.02431	0.03636403
490	-1757.13	-1759.27	2.13415	0.04001081
500	-1743.26	-1745.46	2.19988	0.04302273
510	-1829.5	-1831.08	1.58439	0.02794079
520	-1650.68	-1652.89	2.20209	0.07453978
530	-1614.01	-1615.85	1.83893	0.1003165
540	-1714.07	-1716.36	2.29039	0.05041841
550	-1787.58	-1789.52	1.94336	0.03428233
560	-1590.68	-1590.98	0.292174	0.1845784
570	-1631.56	-1630.38	-1.17737	0.2675566
580	-1601.27	-1600.99	-0.275102	0.2156534
590	-1596.7	-1598.13	1.43357	0.1234458
600	-1640.68	-1642.82	2.1373	0.08012255
610	-1607.7	-1609.43	1.72445	0.1071062
620	-1600.45	-1600.2	-0.241647	0.2137918
630	-1590.98	-1591.25	0.268491	0.1858572
640	-1588.9	-1589.89	0.988232	0.1473968
650	-1679.96	-1682.26	2.30067	0.06155622
660	-1649.51	-1651.7	2.19543	0.07515973
670	-1589.57	-1590.63	1.05776	0.1436924
680	-1645.75	-1647.92	2.17251	0.077201
690	-1633.92	-1636	2.08164	0.08437331
700	-1611.51	-1613.3	1.79651	0.1028672
710	-1643.93	-1646.09	2.16043	0.07822854
720	-1603.4	-1605.03	1.62888	0.1125859
730	-1696.03	-1698.34	2.31012	0.05590209
740	-1589.49	-1590.54	1.05012	0.1440996
750	-1601.27	-1602.84	1.57433	0.1156575
760	-1709.24	-1711.54	2.29859	0.05180961
770	-1807.08	-1808.87	1.78975	0.03114015
780	-1645.91	-1648.08	2.17353	0.07711299
790	-1599.49	-1601.02	1.52414	0.1184549
800	-1604.97	-1606.64	1.66581	0.1104848
810	-1626.91	-1628.92	2.0116	0.08930192
820	-1652.64	-1654.85	2.21261	0.07353221
830	-1655.93	-1658.16	2.22888	0.07188906
840	-1705.87	-1708.17	2.30307	0.05281075
850	-1634.77	-1636.86	2.08921	0.08381644
860	-1759.98	-1762.1	2.11898	0.03942699
870	-1749.03	-1751.2	2.17424	0.04173625
880	-1670.39	-1672.67	2.28119	0.06536126
890	-1615.84	-1617.71	1.86782	0.09855128
900	-1602.25	-1603.85	1.60019	0.1142062
910	-1588.3	-1589.2	0.899077	0.152141
920	-1621.02	-1622.96	1.94096	0.09395828
930	-1682.13	-1684.44	2.30357	0.06074308
940	-1599.11	-1600.62	1.51267	0.1190906
950	-1606.16	-1605.7	-0.458555	0.2259354
960	-1657.07	-1659.3	2.2341	0.07133615
970	-1741.07	-1743.28	2.20899	0.0435261
980	-1597.19	-1598.64	1.45074	0.1225046
990	-1759.18	-1761.3	2.12331	0.0395902
1000	-1682.17	-1684.47	2.30361	0.06072988
1010	-1597.93	-1599.41	1.47556	0.1211399
1020	-1629.55	-1631.59	2.03959	0.08737709
1030	-1638.09	-1640.21	2.11722	0.0817001
1040	-1621.99	-1621.05	-0.936582	0.2533626
1050	-1595.29	-1596.67	1.3809	0.1263209
1060	-1653.89	-1656.11	2.219	0.07290017
1070	-1702.38	-1704.69	2.30661	0.05387646
1080	-1681.2	-1683.5	2.30238	0.06109248
1090	-1588.3	-1589.2	0.899263	0.1521311
1100	-1743.5	-1745.7	2.19887	0.04296878
1110	-1707.45	-1709.75	2.3011	0.05233879
1120	-1721.91	-1724.18	2.27284	0.04827364
1130	-1799.75	-1801.6	1.85023	0.03227791
1140	-1913.15	-1913.72	0.564434	0.01892051
1150	-1682.54	-1684.84	2.30405	0.0605935
1160	-1713.13	-1715.42	2.29216	0.05068658
1170	-1635.59	-1637.68	2.09633	0.08328632
1180	-1635.47	-1637.57	2.09534	0.08336032
1190	-1594.19	-1594.25	0.0570836	0.1973375
1200	-1630.57	-1632.62	2.04987	0.08665592
1210	-1633.19	-1635.26	2.07495	0.08486199
1220	-1629.71	-1631.75	2.04127	0.08726004
1230	-1616.82	-1618.7	1.88246	0.09764701
1240	-1625.91	-1624.88	-1.03855	0.2593414
1250	-1589.36	-1589.78	0.417449	0.1778358
1260	-1644.13	-1642.67	-1.46083	0.2846169
1270	-1589.51	-1590.56	1.05223	0.1439873
1280	-1592.99	-1594.27	1.2797	0.1318017
1290	-1588.7	-1589.66	0.962123	0.1487866
1300	-1599.36	-1599.16	-0.19554	0.2112326
1310	-1715.04	-1712.34	-2.70315	0.3642987
1320	-1640.01	-1642.14	2.1322	0.08052813
1330	-1685.04	-1687.35	2.30664	0.05967725
1340	-1737.15	-1739.37	2.22438	0.0444453
1350	-1769.41	-1771.47	2.06469	0.03756701
1360	-1596.93	-1598.37	1.44174	0.1229979
1370	-1597.74	-1599.21	1.46939	0.1214799
1380	-1622.9	-1624.87	1.96488	0.09240962
1390	-1644.25	-1646.41	2.16261	0.07804521
1400	-1869.97	-1871.11	1.13965	0.02308229
1410	-1652.23	-1654.44	2.21044	0.07374319
1420	-1588	-1588.83	0.822364	0.1562214
1430	-1592.9	-1593.03	0.13441	0.193124
1440	-1589.8	-1590.88	1.07838	0.1425923
1450	-1610.78	-1612.56	1.78342	0.1036449
1460	-1593.6	-1594.91	1.3089	0.1302252
1470	-1651.52	-1653.72	2.20664	0.07410791
1480	-1745.35	-1747.54	2.19089	0.04255158
1490	-1730.22	-1732.47	2.24868	0.04613196
1500	-1627.02	-1629.03	2.01279	0.08922093
1510	-1707.03	-1709.34	2.30164	0.05246139
1520	-1769.84	-1771.9	2.06209	0.03748543
1530	-1592.17	-1593.41	1.23725	0.1340869
1540	-1776.47	-1778.49	2.0201	0.03624574
1550	-1650.3	-1652.5	2.19995	0.07473999
1560	-1709.57	-1711.87	2.29809	0.05171225
1570	-1619.27	-1621.19	1.91752	0.09545179
1580	-1879.73	-1880.75	1.01849	0.02205857
1590	-1681.43	-1683.73	2.30268	0.06100649
1600	-1673.2	-1675.49	2.28808	0.06420428
1610	-1701.89	-1704.2	2.30702	0.05402872
1620	-1884.76	-1885.71	0.954079	0.02155162
1630	-1941.45	-1941.58	0.133088	0.01664538
1640	-1684.6	-1686.91	2.30623	0.05983786
1650	-1663.8	-1666.06	2.26104	0.0682048
1660	-1689.66	-1691.96	2.30963	0.0580466
1670	-1616.04	-1617.91	1.87083	0.09836571
1680	-1655.73	-1657.96	2.22796	0.07198564
1690	-1737.14	-1739.37	2.22439	0.04444592
1700	-1745.36	-1747.55	2.19082	0.04254819
1710	-1742.8	-1745	2.20183	0.04312805
1720	-1778.28	-1780.29	2.00818	0.03591735
1730	-1647.55	-1649.74	2.18383	0.07620866
1740	-1608.41	-1610.15	1.73864	0.1062792
1750	-1588.37	-1588.93	0.55723	0.1703496
1760	-1606.95	-1606.46	-0.485949	0.2274818
1770	-1598.36	-1599.84	1.48922	0.1203873
1780	-1643.38	-1645.53	2.15668	0.07854251
1790	-1682.99	-1685.29	2.30457	0.06042784
1800	-1751.9	-1754.06	2.1606	0.04111521
1810	-1675.09	-1677.38	2.29214	0.06344773
1820	-1626.91	-1628.92	2.01163	0.08929949
1830	-1747.22	-1749.4	2.18255	0.04213465
1840	-1657.25	-1659.48	2.23491	0.07124898
1850	-1612.98	-1614.8	1.82193	0.1013443
1860	-1589.72	-1590.1	0.379405	0.1798798
1870	-1658.02	-1660.25	2.23831	0.07087988
1880	-1636.23	-1638.33	2.10184	0.08287313
1890	-1669.24	-1671.52	2.27809	0.06584392
1900	-1814.11	-1815.84	1.72855	0.03009166
1910	-1659.14	-1661.38	2.24312	0.07034595
1920	-1766.92	-1769	2.07963	0.03804764
1930	-1751.61	-1753.77	2.16198	0.04117652
1940	-1641.69	-1643.83	2.14471	0.07952598
1950	-1640.03	-1642.16	2.13238	0.08051445
1960	-1679.25	-1681.55	2.29959	0.06182747
1970	-1624.34	-1626.32	1.98228	0.09126604
1980	-1648.05	-1650.24	2.18687	0.07593742
1990	-1588.16	-1589.02	0.86731	0.1538307
2000	-1589.03	-1590.03	1.00318	0.1466006
2010	-1714.9	-1712.2	-2.70104	0.3641563
2020	-1591.93	-1593.15	1.22384	0.1348074
2030	-1774.26	-1776.29	2.03445	0.03665406
2040	-1794.19	-1796.09	1.89394	0.03317557
2050	-1751.65	-1753.81	2.16179	0.04116817
2060	-1887.05	-1887.97	0.924341	0.02132548
2070	-1662.67	-1664.93	2.25698	0.06871346
2080	-1753.36	-1755.51	2.15341	0.04080286
2090	-1588.06	-1588.69	0.631204	0.1664005
2100	-1587.9	-1588.62	0.722543	0.1615333
2110	-1608	-1609.73	1.73041	0.1067596
2120	-1596.96	-1598.41	1.443	0.1229289
2130	-1694.94	-1697.25	2.31033	0.05626038
2140	-1636.61	-1638.71	2.10503	0.08263208
2150	-1661.6	-1663.85	2.25294	0.06920481
2160	-1661.35	-1663.6	2.25201	0.06931651
2170	-1588.25	-1589.14	0.889326	0.1526597
2180	-1653.17	-1651.52	-1.64758	0.2960726
2190	-1588.86	-1589.34	0.479533	0.1745065
2200	-1594.27	-1594.32	0.0526341	0.1975805
2210	-1589.39	-1589.81	0.41424	0.1780081
2220	-1591.62	-1592.83	1.20631	0.1357486
2230	-1682.18	-1684.48	2.30362	0.06072693
2240	-1656.22	-1658.45	2.23026	0.07174492
2250	-1648.97	-1651.17	2.19234	0.07544257
2260	-1734.43	-1736.66	2.23437	0.0450977
2270	-1605.01	-1606.67	1.66667	0.1104359
2280	-1588.13	-1588.74	0.610797	0.1674892
2290	-1721.52	-1718.72	-2.79861	0.3707765
2300	-1601.87	-1601.58	-0.299425	0.2170094
2310	-1600.8	-1602.36	1.56157	0.1163715
2320	-1588.13	-1588.74	0.61062	0.1674986
2330	-1618.46	-1620.37	1.90625	0.09616223
2340	-1621.71	-1623.66	1.94984	0.09338644
2350	-1590.38	-1590.7	0.318065	0.183182
2360	-1590.87	-1592.03	1.15898	0.1382851
2370	-1599.1	-1600.61	1.5123	0.1191111
2380	-1624.52	-1626.5	1.98435	0.09112892
2390	-1607.56	-1609.28	1.72162	0.1072704
2400	-1708.55	-1710.85	2.29959	0.0520126
2410	-1891.57	-1892.43	0.864622	0.02088551
2420	-1796.02	-1797.9	1.87981	0.0328777
2430	-1692	-1694.31	2.31029	0.05724399
2440	-1724.57	-1726.84	2.2657	0.04757205
2450	-1677.16	-1679.46	2.29611	0.06263194
2460	-1588.84	-1589.32	0.481626	0.1743943
2470	-1588.08	-1588.92	0.846033	0.1549624
2480	-1611.03	-1612.82	1.78807	0.1033692
2490	-1609.71	-1611.47	1.76373	0.1048083
2500	-1590.44	-1591.57	1.129	0.1398887
2510	-1605.14	-1606.81	1.66972	0.1102612
2520	-1712.99	-1715.28	2.29241	0.05072561
2530	-1629.93	-1631.97	2.04348	0.08710533
2540	-1652.49	-1654.7	2.21183	0.07360823
2550	-1611.28	-1613.07	1.79246	0.1031084
2560	-1627.67	-1629.69	2.01989	0.08873708
2570	-1636.05	-1638.15	2.1003	0.08298878
2580	-1598.68	-1600.18	1.49947	0.1198214
2590	-1684.98	-1687.29	2.30659	0.05970043
2600	-1759.66	-1761.78	2.12072	0.03949254
2610	-1755.06	-1757.2	2.14487	0.0404441
2620	-1699.58	-1701.89	2.30864	0.05475541
2630	-1588.92	-1589.39	0.471062	0.1749603
2640	-1591.54	-1592.74	1.20128	0.1360186
2650	-1644.98	-1647.15	2.16751	0.07763024
2660	-1613.44	-1615.27	1.8296	0.1008815
2670	-1588.2	-1588.79	0.593019	0.1684381
2680	-1644.23	-1646.39	2.16249	0.07805537
2690	-1687.5	-1689.81	2.30852	0.05879911
2700	-1617.3	-1619.19	1.88958	0.0972051
2710	-1621.27	-1623.22	1.94424	0.09374728
2720	-1696.64	-1698.95	2.30995	0.05570047
2730	-1620.51	-1622.44	1.93425	0.09438844
2740	-1637.54	-1639.65	2.11274	0.08204469
2750	-1642.94	-1645.09	2.15364	0.07879463
2760	-1592.15	-1592.33	0.183357	0.1904656
2770	-1588.19	-1588.79	0.595355	0.1683134
2780	-1690.31	-1692.62	2.30987	0.05782172
2790	-1686.79	-1689.1	2.30804	0.05905058
2800	-1739.73	-1741.94	2.2144	0.0438381
2810	-1693.67	-1695.98	2.31042	0.05668249
2820	-1684.34	-1686.65	2.30599	0.05993164
2830	-1731.37	-1733.62	2.24489	0.04584533
2840	-1687.28	-1689.59	2.30837	0.05887755
2850	-1741.28	-1743.49	2.20813	0.04347712
2860	-1660.65	-1662.9	2.24928	0.06963922
2870	-1670.52	-1672.8	2.28153	0.06530809
2880	-1590.62	-1590.92	0.297628	0.1842841
2890	-1590.33	-1590.65	0.322139	0.1829624
2900	-1609.4	-1611.16	1.75785	0.1051547
2910	-1674.95	-1677.24	2.29186	0.06350328
2920	-1721.28	-1723.55	2.27443	0.04844058
2930	-1831.87	-1833.43	1.56089	0.02762513
2940	-1667.8	-1670.07	2.27395	0.06645744
2950	-1731.34	-1733.58	2.24502	0.04585457
2960	-1628.64	-1630.67	2.03024	0.08802609
2970	-1626.12	-1628.12	2.00279	0.08989716
2980	-1588.07	-1588.91	0.843134	0.1551166
2990	-1587.93	-1588.62	0.68735	0.1634076
3000	-1588.27	-1588.85	0.577292	0.1692779
3010	-1602.11	-1603.71	1.59654	0.1144111
3020	-1601.3	-1602.87	1.57508	0.1156156
3030	-1599.46	-1600.99	1.5233	0.1185017
3040	-1687.06	-1689.36	2.30822	0.05895741
3050	-1745.6	-1747.79	2.18979	0.04249545
3060	-1671.42	-1673.7	2.28383	0.06493335
3070	-1688.43	-1690.74	2.30905	0.05847396
3080	-1629.04	-1631.08	2.03438	0.08773913
3090	-1672.64	-1674.93	2.28678	0.06443282
3100	-1793.57	-1795.47	1.89873	0.03327833
3110	-1601.54	-1603.12	1.58149	0.1152564
3120	-1587.98	-1588.8	0.814522	0.1566385
3130	-1595.96	-1597.37	1.40679	0.12491
3140	-1612.39	-1614.2	1.81189	0.1019475
3150	-1734.17	-1736.41	2.23527	0.04515939
3160	-1615.58	-1617.45	1.86379	0.09879911
3170	-1606.12	-1605.66	-0.457074	0.2258519
3180	-1599.77	-1599.56	-0.213353	0.2122205
3190	-1598.24	-1599.72	1.4855	0.1205925
3200	-1602.24	-1603.84	1.60002	0.1142156
3210	-1588.63	-1589.58	0.952794	0.1492831
3220	-1644.93	-1647.1	2.16718	0.07765796
3230	-1650.6	-1652.8	2.2016	0.07458605
3240	-1798.9	-1800.76	1.85706	0.03241374
3250	-1792.23	-1794.14	1.90892	0.03350007
3260	-1756.12	-1758.26	2.13943	0.04022193
3270	-1713.23	-1715.52	2.29196	0.05065692
3280	-1663.53	-1665.79	2.26006	0.06832843
3290	-1797.7	-1799.57	1.86659	0.03260594
3300	-1660.14	-1662.39	2.24724	0.06987559
3310	-1664.2	-1666.47	2.26243	0.0680266
3320	-1600.67	-1602.23	1.55803	0.116569
3330	-1622.11	-1624.07	1.95502	0.09305102
3340	-1707.59	-1709.89	2.30091	0.0522956
3350	-1728.06	-1730.32	2.25549	0.04667554
3360	-1648.4	-1650.59	2.18895	0.07575058
3370	-1626.35	-1628.36	2.0054	0.08972156
3380	-1607.75	-1609.48	1.7255	0.1070449
3390	-1662.87	-1665.13	2.25769	0.06862572
3400	-1595.14	-1596.52	1.37515	0.1266335
3410	-1615.63	-1617.49	1.86451	0.09875466
3420	-1651.94	-1654.15	2.20891	0.07389053
3430	-1639.04	-1641.16	2.1247	0.0811187
3440	-1621.86	-1623.81	1.95175	0.09326277
3450	-1691	-1693.31	2.31008	0.05758453
3460	-1675.34	-1677.63	2.29265	0.06334865
3470	-1744.14	-1746.34	2.19613	0.04282355
3480	-1755.37	-1757.51	2.14328	0.04037856
3490	-1617.58	-1619.47	1.89366	0.09695066
3500	-1632.01	-1634.08	2.06392	0.08565709
3510	-1756.42	-1758.56	2.13785	0.04015843
3520	-1649.32	-1651.52	2.19438	0.07525608
3530	-1610.78	-1612.56	1.7835	0.1036404
3540	-1617.79	-1619.69	1.89671	0.0967604
3550	-1699.17	-1701.48	2.30887	0.05488602
3560	-1619.03	-1620.95	1.91427	0.09565732
3570	-1600.7	-1602.26	1.55886	0.1165226
3580	-1598.06	-1599.54	1.4798	0.1209067
3590	-1638.87	-1640.99	2.12342	0.08121898
3600	-1624.22	-1626.2	1.98083	0.0913622
3610	-1672.95	-1675.24	2.28751	0.06430645
3620	-1680.87	-1683.17	2.30194	0.06121511
3630	-1632.71	-1634.78	2.07049	0.08518449
3640	-1591.43	-1592.62	1.19467	0.1363731
3650	-1646.85	-1649.03	2.17952	0.07659046
3660	-1681.38	-1683.69	2.30263	0.06102164
3670	-1613.28	-1615.11	1.82695	0.1010412
3680	-1687.96	-1690.27	2.30879	0.05863932
3690	-1718.93	-1721.21	2.28012	0.04907367
3700	-1595.44	-1596.83	1.38695	0.1259916
3710	-1646.84	-1649.02	2.17943	0.07659824
3720	-1734.99	-1737.22	2.23235	0.04496197
3730	-1665.39	-1667.66	2.26644	0.06750019
3740	-1705.11	-1707.41	2.30394	0.05304056
3750	-1595.88	-1597.29	1.40392	0.1250662
3760	-1604.14	-1603.75	-0.385744	0.2218394
3770	-1620.13	-1622.06	1.9292	0.0947104
3780	-1603.44	-1605.07	1.62982	0.1125328
3790	-1650.85	-1653.05	2.20298	0.07445567
3800	-1633.74	-1635.82	2.07997	0.08449597
3810	-1697.61	-1699.92	2.30961	0.05538766
3820	-1659.52	-1661.76	2.24468	0.07016898
3830	-1729.4	-1731.65	2.2513	0.04633709
3840	-1800.03	-1801.87	1.84803	0.03223457
3850	-1666.65	-1668.92	2.27045	0.06695313
3860	-1592.51	-1592.67	0.158907	0.1917927
3870	-1634.34	-1636.43	2.08542	0.08409569
3880	-1626.1	-1628.1	2.00254	0.08991379
3890	-1597.83	-1599.3	1.47232	0.1213185
3900	-1600	-1601.53	1.53885	0.1176375
3910	-1636.28	-1638.39	2.10231	0.08283778
3920	-1817.07	-1818.77	1.70191	0.02966302
3930	-1839.55	-1841.03	1.48266	0.02663227
3940	-1710.28	-1712.58	2.29699	0.05150424
3950	-1676.25	-1678.55	2.29443	0.06298885
3960	-1607.29	-1609.01	1.71607	0.1075926
3970	-1642.46	-1644.61	2.15023	0.07907483
3980	-1740.99	-1743.2	2.2093	0.04354365
3990	-1658.19	-1660.43	2.23906	0.07079735
4000	-1644.7	-1646.87	2.16567	0.07778687
4010	-1666.31	-1668.58	2.2694	0.06709854
4020	-1617.56	-1619.45	1.89335	0.09697022
4030	-1658.28	-1660.52	2.23944	0.07075537
4040	-1588.87	-1589.85	0.983994	0.1476224
4050	-1671.78	-1669.78	-1.99957	0.3181512
4060	-1600.36	-1601.91	1.54935	0.1170534
4070	-1802.49	-1804.31	1.82805	0.03184761
4080	-1598.82	-1600.33	1.50389	0.1195768
4090	-1587.93	-1588.62	0.687593	0.1633947
4100	-1658.99	-1661.24	2.2425	0.07041473
4110	-1642.98	-1645.14	2.15392	0.07877086
4120	-1815.69	-1817.4	1.71444	0.02986262
4130	-1798.84	-1800.7	1.85753	0.0324232
4140	-1718.98	-1721.26	2.28001	0.04906123
4150	-1693.02	-1695.33	2.3104	0.05689992
4160	-1772.28	-1774.32	2.04699	0.03702345
4170	-1730.7	-1732.95	2.24712	0.04601258
4180	-1687.6	-1689.91	2.30858	0.05876582
4190	-1674	-1676.29	2.28984	0.06388411
4200	-1797.46	-1799.33	1.86845	0.03264376
4210	-1710.57	-1712.87	2.29653	0.05141972
4220	-1625.78	-1627.78	1.99896	0.0901549
4230	-1624.08	-1626.06	1.97917	0.09147156
4240	-1649.67	-1651.87	2.19639	0.07507093
4250	-1695.29	-1697.6	2.31027	0.05614327
4260	-1798.62	-1800.48	1.85928	0.03245826
4270	-1615.08	-1616.94	1.85601	0.09927551
4280	-1649.4	-1651.59	2.19481	0.07521634
4290	-1602.22	-1603.82	1.59935	0.1142531
4300	-1600.17	-1599.94	-0.230113	0.2131509
4310	-1613.26	-1615.08	1.82656	0.1010648
4320	-1687.5	-1689.81	2.30852	0.05879966
4330	-1693.17	-1695.49	2.31041	0.05684686
4340	-1762.2	-1764.31	2.10672	0.03897785
4350	-1594.55	-1595.9	1.35084	0.1279539
4360	-1588.29	-1589.19	0.896311	0.1522881
4370	-1654.88	-1653.2	-1.68168	0.2981833
4380	-1594.95	-1594.96	0.0153476	0.199619
4390	-1595.56	-1595.54	-0.0168234	0.2013814
4400	-1588.71	-1589.21	0.500795	0.1733679
4410	-1599.05	-1600.56	1.51087	0.1191905
4420	-1619.39	-1621.31	1.91913	0.09535005
4430	-1597.02	-1596.93	-0.0896799	0.2053846
4440	-1608.63	-1610.38	1.74303	0.1060232
4450	-1592.7	-1593.97	1.2655	0.1325668
4460	-1591.74	-1591.95	0.211636	0.1889327
4470	-1613.03	-1612.35	-0.682289	0.238653
4480	-1597.64	-1599.11	1.46599	0.1216668
4490	-1588.88	-1589.36	0.476259	0.1746819
4500	-1702.45	-1704.76	2.30655	0.05385417
4510	-1712.18	-1714.48	2.29384	0.05095531
4520	-1633.8	-1635.88	2.0805	0.08445707
4530	-1618.13	-1620.03	1.90152	0.09645939
4540	-1650.29	-1652.49	2.19988	0.07474666
4550	-1647.5	-1649.68	2.1835	0.07623876
4560	-1780.3	-1782.29	1.99458	0.03555428
4570	-1814.78	-1816.5	1.72256	0.02999393
4580	-1715.79	-1718.08	2.28699	0.0499377
4590	-1725.66	-1727.92	2.26262	0.04729045
4600	-1683.07	-1685.37	2.30466	0.06039725
4610	-1877.6	-1878.65	1.04537	0.02227751
4620	-1716.24	-1718.52	2.28606	0.04981323
4630	-1730.9	-1733.15	2.24645	0.04596203
4640	-1728.51	-1730.76	2.25411	0.04656258
4650	-1595.34	-1596.72	1.38296	0.1262088
4660	-1588.99	-1589.98	0.998102	0.1468713
4670	-1771.78	-1773.83	2.05011	0.03711735
4680	-1818.13	-1819.82	1.69229	0.02951208
4690	-1668.28	-1670.55	2.27536	0.06625188
4700	-1597.76	-1599.23	1.47005	0.1214432
4710	-1587.91	-1588.61	0.706556	0.1623846
4720	-1677.64	-1679.94	2.29696	0.06244506
4730	-1591.83	-1593.05	1.21843	0.135098
4740	-1655.07	-1657.29	2.22478	0.07231367
4750	-1728.08	-1730.33	2.25544	0.04667211
4760	-1625.25	-1627.25	1.99294	0.09055758
4770	-1662.8	-1665.05	2.25743	0.06865793
4780	-1588.18	-1588.77	0.598918	0.1681232
4790	-1598.78	-1600.29	1.50263	0.1196462
4800	-1644.24	-1646.4	2.16255	0.07805062
4810	-1684.3	-1686.6	2.30595	0.05994736
4820	-1613.93	-1615.77	1.83764	0.1003946
4830	-1685.15	-1682.92	-2.23129	0.333046
4840	-1588.58	-1589.52	0.944856	0.1497055
4850	-1624.93	-1626.92	1.98919	0.0908076
4860	-1596.72	-1598.16	1.43459	0.1233899
4870	-1603.59	-1603.23	-0.365481	0.2207031
4880	-1601.65	-1603.23	1.58454	0.1150858
4890	-1599.29	-1600.8	1.51798	0.1187967
4900	-1593.78	-1595.09	1.31702	0.1297859
4910	-1616.05	-1617.92	1.871	0.09835515
4920	-1594.43	-1594.48	0.043567	0.1980758
4930	-1636.95	-1639.06	2.10788	0.08241529
4940	-1621.32	-1623.26	1.94482	0.09371052
4950	-1701.29	-1703.6	2.30749	0.05421627
4960	-1682.74	-1685.04	2.30428	0.06051989
4970	-1736.93	-1739.16	2.2252	0.04449649
4980	-1835.59	-1837.11	1.52343	0.02713905
4990	-1927.89	-1928.23	0.345083	0.01769593
5000	-1752.9	-1755.06	2.15568	0.04090055
5010	-1655.85	-1658.08	2.22852	0.07192651
5020	-1603.92	-1605.56	1.64134	0.1118792
5030	-1595.52	-1596.91	1.39013	0.1258183
5040	-1588.86	-1589.84	0.982392	0.1477077
5050	-1609.54	-1611.3	1.76057	0.1049943
5060	-1592.35	-1593.59	1.24689	0.1335688
5070	-1595.39	-1595.38	-0.00790045	0.2008923
5080	-1590.65	-1591.8	1.14416	0.1390781
5090	-1631.41	-1633.47	2.05812	0.0860714
5100	-1610.45	-1612.23	1.77753	0.1039942
5110	-1647.54	-1649.72	2.18374	0.07621736
5120	-1682.27	-1684.58	2.30374	0.06069031
5130	-1596.97	-1598.42	1.44329	0.1229133
5140	-1694.3	-1696.61	2.31039	0.05647227
5150	-1626.95	-1628.97	2.0121	0.08926759
5160	-1652.54	-1654.76	2.21211	0.07358009
5170	-1618.1	-1620	1.90117	0.09648097
5180	-1598.38	-1599.87	1.48989	0.1203501
5190	-1683.18	-1685.49	2.30479	0.06035491
5200	-1655.6	-1657.82	2.22732	0.07205226
5210	-1640.06	-1642.19	2.13262	0.08049553
5220	-1676.76	-1679.05	2.29537	0.06279063
5230	-1741.52	-1743.73	2.20713	0.0434211
5240	-1709.45	-1711.74	2.29828	0.05174856
5250	-1626.71	-1628.72	2.00941	0.08945064
5260	-1687.6	-1689.91	2.30858	0.05876359
5270	-1595.17	-1596.55	1.37621	0.126576
5280	-1601.51	-1603.09	1.58079	0.1152956
5290	-1588.12	-1588.73	0.613785	0.1673297
5300	-1588.48	-1589.02	0.536386	0.1714638
5310	-1769.62	-1766.17	-3.45103	0.4165004
5320	-1721.57	-1718.77	-2.79939	0.3708293
5330	-1602.21	-1603.8	1.59903	0.1142714
5340	-1646.16	-1648.33	2.17514	0.07697307
5350	-1611.97	-1613.78	1.8047	0.1023783
5360	-1669.39	-1671.67	2.2785	0.06578059
5370	-1701.63	-1703.93	2.30723	0.05411147
5380	-1589.32	-1590.35	1.03375	0.1449723
5390	-1661.23	-1663.48	2.25153	0.06937299
5400	-1758.58	-1760.71	2.1265	0.03971239
5410	-1810.66	-1812.42	1.75893	0.03060038
5420	-1712.22	-1714.52	2.29377	0.05094424
5430	-1635.75	-1637.85	2.09778	0.08317786
5440	-1642.16	-1644.3	2.14808	0.07925136
5450	-1609.04	-1610.8	1.75104	0.1055541
5460	-1686.22	-1688.53	2.30762	0.0592549
5470	-1602.22	-1603.82	1.59948	0.1142458
5480	-1671.54	-1673.82	2.28412	0.06488603
5490	-1595.93	-1595.9	-0.0360807	0.2024379
5500	-1599.48	-1601	1.52379	0.1184745
5510	-1641.56	-1643.7	2.14374	0.07960435
5520	-1812.48	-1814.22	1.743	0.03033089
5530	-1663.95	-1666.21	2.26155	0.06813872
5540	-1814.05	-1815.78	1.7291	0.03010068
5550	-1731.67	-1733.91	2.24391	0.04577263
5560	-1738.3	-1740.52	2.21999	0.04417316
5570	-1651.62	-1653.83	2.20723	0.07405179
5580	-1837.63	-1839.13	1.50258	0.02687708
5590	-1789.53	-1791.46	1.92909	0.03395162
5600	-1611.66	-1613.46	1.79916	0.1027089
5610	-1659.65	-1661.89	2.24521	0.07010815
5620	-1623.11	-1625.08	1.96747	0.09224035
5630	-1636.91	-1639.02	2.10756	0.08243974
5640	-1688.18	-1690.49	2.30892	0.05856086
5650	-1665.74	-1668.01	2.26758	0.0673466
5660	-1819.72	-1821.4	1.67761	0.02928554
5670	-1667.22	-1669.49	2.2722	0.06670668
5680	-1642.6	-1644.75	2.15126	0.0789902
5690	-1618.23	-1620.14	1.90304	0.0963642
5700	-1601.63	-1603.21	1.58392	0.1151202
5710	-1678.56	-1680.86	2.29849	0.06209321
5720	-1688.83	-1691.14	2.30926	0.05833249
5730	-1615.16	-1617.02	1.85724	0.09920079
5740	-1650.65	-1652.85	2.20191	0.07455672
5750	-1646.33	-1648.51	2.17625	0.07687629
5760	-1646.21	-1648.39	2.17549	0.07694284
5770	-1683.27	-1685.57	2.30488	0.06032325
5780	-1833.76	-1835.3	1.54199	0.02737731
5790	-1808.63	-1810.41	1.77646	0.03090426
5800	-1588.08	-1588.93	0.84685	0.1549189
5810	-1600.78	-1602.34	1.56098	0.1164042
5820	-1647.56	-1649.75	2.18389	0.0762034
5830	-1611.5	-1613.29	1.79637	0.1028753
5840	-1612.17	-1613.97	1.80805	0.1021776
5850	-1588.42	-1589.34	0.920493	0.1510018
5860	-1611.97	-1613.77	1.80461	0.1023832
5870	-1652.27	-1654.48	2.21065	0.07372215
5880	-1723.73	-1726	2.26803	0.04779322
5890	-1589.47	-1590.52	1.04877	0.1441718
5900	-1593.07	-1593.2	0.123341	0.1937261
5910	-1588.71	-1589.68	0.963907	0.1486917
5920	-1606.47	-1606	-0.469247	0.2265386
5930	-1613.87	-1613.16	-0.707615	0.2401056
5940	-1672.6	-1670.59	-2.01417	0.3190812
5950	-1599.95	-1601.48	1.53746	0.1177153
5960	-1710.71	-1713.01	2.29631	0.0513799
5970	-1713.92	-1716.21	2.29069	0.05046251
5980	-1723.59	-1725.86	2.26839	0.04782866
5990	-1684.85	-1687.15	2.30646	0.05974903
6000	-1761.53	-1763.64	2.11045	0.03911239
6010	-1771.03	-1773.08	2.05477	0.03725911
6020	-1745.83	-1748.02	2.18875	0.04244305
6030	-1765.56	-1767.65	2.08756	0.03831167
6040	-1701.56	-1703.87	2.30728	0.05413172
6050	-1621.09	-1623.03	1.94185	0.09390142
6060	-1697.41	-1699.72	2.30969	0.05545058
6070	-1697.44	-1699.75	2.30968	0.05544028
6080	-1714.4	-1716.69	2.28976	0.05032591
6090	-1763.44	-1765.54	2.09975	0.03873065
6100	-1657.38	-1659.62	2.23553	0.07118268
6110	-1694.39	-1696.7	2.31038	0.0564419
6120	-1724.41	-1726.68	2.26614	0.04761391
6130	-1785.94	-1787.9	1.95519	0.03456373
6140	-1634.85	-1636.94	2.08991	0.08376446
6150	-1802.48	-1804.31	1.82809	0.03184838
6160	-1834.71	-1836.24	1.53235	0.02725296
6170	-1884.88	-1885.84	0.952471	0.02153927
6180	-1638.94	-1641.07	2.12397	0.08117591
6190	-1640.79	-1642.92	2.13808	0.08006021
6200	-1621.59	-1623.54	1.94835	0.09348282
6210	-1616.29	-1618.16	1.87453	0.09813796
6220	-1588.35	-1589.26	0.907568	0.1516894
6230	-1604.8	-1604.39	-0.410098	0.2232072
6240	-1599.31	-1600.82	1.51857	0.1187639
6250	-1656.59	-1658.82	2.23195	0.0715661
6260	-1591.45	-1592.65	1.19615	0.1362937
6270	-1592.39	-1593.64	1.24937	0.1334353
6280	-1587.89	-1588.63	0.737997	0.1607105
6290	-1590.29	-1591.41	1.11801	0.1404761
6300	-1605.22	-1606.89	1.67146	0.1101616
6310	-1599.74	-1601.27	1.53136	0.1180543
6320	-1600.35	-1600.11	-0.237465	0.2135594
6330	-1588.67	-1589.18	0.506569	0.1730589
6340	-1645.92	-1648.09	2.1736	0.07710634
6350	-1608.68	-1610.42	1.7439	0.1059721
6360	-1589.17	-1590.19	1.01832	0.1457943
6370	-1605.66	-1607.34	1.68123	0.1096019
6380	-1594.71	-1596.06	1.35736	0.1276
6390	-1797.74	-1799.61	1.86624	0.0325987
6400	-1765.33	-1767.41	2.08894	0.03835852
6410	-1647.51	-1649.7	2.18359	0.07623012
6420	-1594.77	-1596.13	1.36006	0.1274536
6430	-1619.32	-1618.46	-0.864283	0.2491518
6440	-1611.24	-1613.03	1.79179	0.1031478
6450	-1610.16	-1611.93	1.77218	0.1043105
6460	-1657.57	-1659.81	2.23637	0.07109203
6470	-1655.17	-1657.39	2.22528	0.07226232
6480	-1712.52	-1714.81	2.29325	0.05085937
6490	-1672.66	-1674.94	2.28682	0.06442633
6500	-1847.76	-1849.16	1.39524	0.02561591
6510	-1713.67	-1715.96	2.29115	0.05053159
6520	-1637.96	-1640.08	2.11616	0.08178128
6530	-1765.45	-1767.54	2.08821	0.03833373
6540	-1822.37	-1824.03	1.65288	0.0289133
6550	-1711.33	-1713.62	2.2953	0.05120183
6560	-1664.58	-1666.84	2.26371	0.06786078
6570	-1630.29	-1632.34	2.04712	0.08684974
6580	-1621.96	-1623.91	1.95302	0.09318093
6590	-1642.06	-1644.21	2.1474	0.07930643
6600	-1661.17	-1663.42	2.2513	0.06940049
6610	-1760.15	-1762.27	2.11805	0.03939216
6620	-1646.88	-1649.06	2.17967	0.07657731
6630	-1625.37	-1627.37	1.99431	0.09046577
6640	-1591.13	-1592.3	1.17588	0.1373801
6650	-1593.35	-1593.46	0.106072	0.1946661
6660	-1615.01	-1616.87	1.85492	0.09934263
6670	-1619.92	-1621.84	1.92633	0.09489301
6680	-1598.51	-1598.35	-0.158284	0.2091702
6690	-1620.86	-1622.8	1.93894	0.09408799
6700	-1637.39	-1639.51	2.11155	0.08213554
6710	-1760.3	-1762.41	2.11725	0.03936238
6720	-1725.4	-1727.66	2.26337	0.04735756
6730	-1669.04	-1671.32	2.27754	0.06592651
6740	-1672.1	-1674.39	2.2855	0.06465337
6750	-1595.63	-1595.61	-0.0205898	0.2015879
6760	-1760.85	-1762.97	2.11419	0.0392493
6770	-1719.65	-1721.93	2.27842	0.04887802
6780	-1643.83	-1645.99	2.15979	0.07828296
6790	-1629.29	-1631.33	2.03699	0.08755769
6800	-1653.53	-1655.75	2.2172	0.07307988
6810	-1643.16	-1645.32	2.15518	0.07866679
6820	-1608.01	-1609.74	1.73077	0.1067386
6830	-1615.91	-1617.78	1.86883	0.09848915
6840	-1663.89	-1666.15	2.26135	0.06816491
6850	-1658.16	-1660.39	2.23892	0.07081322
6860	-1661.74	-1664	2.25351	0.06913646
6870	-1700.4	-1702.71	2.30812	0.05449522
6880	-1706.36	-1708.66	2.30248	0.05266244
6890	-1595.06	-1596.44	1.37203	0.1268032
6900	-1638.99	-1641.11	2.12433	0.081148
6910	-1883.9	-1884.86	0.965256	0.02163787
6920	-1816.89	-1818.6	1.70355	0.02968901
6930	-1761.36	-1763.47	2.11143	0.03914821
6940	-1645.61	-1647.78	2.17161	0.07727843
6950	-1692.99	-1695.3	2.3104	0.0569105
6960	-1587.97	-1588.77	0.807121	0.1570322
6970	-1681.84	-1679.67	-2.17537	0.3294252
6980	-1659.01	-1657.24	-1.76226	0.3031952
6990	-1653.68	-1652.03	-1.65793	0.2967124
7000	-1621.4	-1620.48	-0.920908	0.2524478
7010	-1594.05	-1595.38	1.32923	0.1291254
7020	-1601.86	-1603.45	1.59015	0.1147707
7030	-1673.82	-1671.79	-2.03591	0.320468
7040	-1594.08	-1595.41	1.3304	0.1290618
7050	-1623.97	-1625.95	1.97788	0.09155667
7060	-1588.03	-1588.67	0.641364	0.1658586
7070	-1623.39	-1625.36	1.9708	0.09202257
7080	-1615.07	-1616.93	1.85585	0.09928564
7090	-1673.53	-1675.82	2.28881	0.06407397
7100	-1627.93	-1629.96	2.0227	0.08854455
7110	-1616.53	-1618.4	1.87815	0.0979141
7120	-1629.57	-1631.6	2.03976	0.08736478
7130	-1640.08	-1642.21	2.13274	0.08048608
7140	-1707.27	-1709.57	2.30133	0.05239033
7150	-1671.72	-1674	2.28457	0.06481107
7160	-1653.07	-1655.28	2.21483	0.07331396
7170	-1626.42	-1628.43	2.00623	0.08966542
7180	-1674.94	-1677.23	2.29183	0.06350767
7190	-1759.6	-1761.72	2.12104	0.03950458
7200	-1658.13	-1660.37	2.23882	0.07082382
7210	-1737.1	-1739.32	2.22457	0.04445687
7220	-1606.56	-1608.26	1.7008	0.1084755
7230	-1644.95	-1647.11	2.16728	0.07764995
7240	-1603.04	-1604.66	1.62	0.1130887
7250	-1620.05	-1621.98	1.92814	0.09477779
7260	-1588.83	-1589.81	0.979052	0.1478856
7270	-1605.57	-1607.25	1.67925	0.1097153
7280	-1750.6	-1752.77	2.16684	0.04139451
7290	-1708.23	-1710.53	2.30003	0.05210524
7300	-1608.89	-1610.64	1.74801	0.1057318
7310	-1590.38	-1590.69	0.318299	0.1831694
7320	-1612.97	-1614.79	1.82176	0.1013543
7330	-1599.89	-1601.43	1.53589	0.1178027
7340	-1589.59	-1590.65	1.05977	0.1435849
7350	-1695.88	-1698.19	2.31015	0.05594931
7360	-1605.57	-1607.25	1.67936	0.1097093
7370	-1587.98	-1588.64	0.660066	0.1648616
7380	-1692.01	-1694.32	2.31029	0.05723889
7390	-1696.62	-1698.93	2.30996	0.0557073
7400	-1609	-1608.44	-0.554769	0.2313797
7410	-1598.73	-1598.56	-0.168153	0.209716
7420	-1592.31	-1592.48	0.172284	0.1910665
7430	-1642.07	-1644.21	2.14743	0.07930426
7440	-1590.72	-1591.01	0.289549	0.1847201
7450	-1626.8	-1628.81	2.01042	0.08938202
7460	-1815.84	-1817.56	1.71304	0.02984017
7470	-1710.79	-1713.09	2.29618	0.05135737
7480	-1606.41	-1608.11	1.69756	0.1086624
7490	-1588.59	-1589.11	0.51907	0.1723899
7500	-1597.29	-1597.18	-0.102212	0.206075
7510	-1590.3	-1591.42	1.11874	0.1404372
7520	-1740.59	-1742.8	2.21092	0.04363607
7530	-1757.47	-1759.6	2.13238	0.03994105
7540	-1594.58	-1595.93	1.35221	0.1278798
7550	-1763.28	-1765.38	2.10065	0.0387622
7560	-1606.99	-1608.7	1.70986	0.1079521
7570	-1633.06	-1635.14	2.0738	0.08494497
7580	-1661.78	-1664.03	2.25365	0.06911973
7590	-1668.58	-1670.85	2.27622	0.06612416
7600	-1606.38	-1608.08	1.69691	0.1087001
7610	-1639.87	-1642	2.13114	0.08061264
7620	-1591.39	-1591.63	0.236744	0.1875735
7630	-1680.16	-1682.46	2.30094	0.06148347
7640	-1607.65	-1609.37	1.7234	0.1071669
7650	-1639.73	-1641.86	2.13008	0.0806961
7660	-1657.37	-1659.61	2.23549	0.07118733
7670	-1610.36	-1612.14	1.77588	0.1040914
7680	-1642.65	-1644.8	2.15159	0.07896312
7690	-1668.63	-1670.91	2.27639	0.06609956
7700	-1682.76	-1685.07	2.30432	0.06050947
7710	-1668.77	-1671.04	2.27677	0.06604267
7720	-1749.96	-1752.13	2.16988	0.04153348
7730	-1715.2	-1717.49	2.28819	0.05010262
7740	-1797.82	-1799.69	1.86562	0.03258616
7750	-1623.66	-1625.64	1.97417	0.09180124
7760	-1628.02	-1630.05	2.02368	0.0884772
7770	-1612.27	-1614.08	1.80989	0.1020674
7780	-1608.62	-1610.36	1.7427	0.1060426
7790	-1717.09	-1719.38	2.28424	0.04957619
7800	-1641.67	-1643.81	2.14454	0.07953933
7810	-1599.67	-1601.2	1.52941	0.1181626
7820	-1595.12	-1596.49	1.37408	0.1266915
7830	-1611.52	-1613.32	1.79677	0.1028515
7840	-1592.03	-1592.22	0.191191	0.1900408
7850	-1587.89	-1588.64	0.747407	0.1602096
7860	-1601.56	-1603.15	1.58228	0.1152125
7870	-1620.26	-1622.19	1.93099	0.09459616
7880	-1721.76	-1724.04	2.2732	0.04831148
7890	-1726.47	-1728.73	2.26027	0.04708198
7900	-1589.21	-1590.24	1.02297	0.1455469
7910	-1607.76	-1609.48	1.72562	0.1070379
7920	-1607.14	-1608.85	1.71285	0.1077787
7930	-1642.09	-1644.24	2.14762	0.07928886
7940	-1618.16	-1620.06	1.90199	0.09643006
7950	-1591.47	-1592.66	1.19686	0.1362555
7960	-1589.53	-1589.93	0.399612	0.1787938
7970	-1587.92	-1588.7	0.778183	0.1585718
7980	-1617.46	-1616.65	-0.81232	0.2461397
7990	-1606.51	-1608.21	1.6996	0.1085449
8000	-1610.28	-1612.05	1.77433	0.1041831
8010	-1590.53	-1590.83	0.305093	0.1838814
8020	-1588.62	-1589.57	0.951062	0.1493753
8030	-1674.29	-1676.58	2.29048	0.0637656
8040	-1719.63	-1721.9	2.27848	0.04888508
8050	-1666.18	-1668.45	2.26898	0.06715619
8060	-1665.18	-1667.45	2.26574	0.0675931
8070	-1668.03	-1670.31	2.27465	0.0663548
8080	-1590.41	-1591.54	1.12699	0.1399963
8090	-1589.03	-1590.03	1.003	0.1466103
8100	-1594.18	-1594.24	0.0578337	0.1972965
8110	-1622.09	-1624.05	1.95475	0.09306902
8120	-1658.85	-1661.1	2.24191	0.07048105
8130	-1866.91	-1868.08	1.17652	0.02341398
8140	-1947.98	-1948	0.0275651	0.01616391
8150	-1744.72	-1746.91	2.19365	0.04269373
8160	-1709.93	-1712.23	2.29754	0.05160687
8170	-1657.97	-1660.21	2.23811	0.07090242
8180	-1731.2	-1733.45	2.24546	0.04588787
8190	-1599.99	-1601.53	1.53871	0.1176457
8200	-1635.33	-1637.43	2.09415	0.08344903
8210	-1590.79	-1591.07	0.28381	0.1850299
8220	-1596.99	-1598.44	1.44404	0.122872
8230	-1628.95	-1630.98	2.03339	0.08780805
8240	-1662.87	-1665.13	2.2577	0.06862524
8250	-1626.14	-1628.15	2.00307	0.08987862
8260	-1638.54	-1637.2	-1.33869	0.2772181
8270	-1612.69	-1614.51	1.81698	0.1016419
8280	-1741.15	-1743.36	2.20868	0.0435081
8290	-1722.65	-1724.92	2.27091	0.04807652
8300	-1644.91	-1647.08	2.16705	0.07766939
8310	-1600.41	-1601.96	1.55065	0.1169804
8320	-1663.37	-1665.63	2.25952	0.06839747
8330	-1609.68	-1611.44	1.7632	0.1048398
8340	-1610.24	-1609.65	-0.595279	0.233683
8350	-1591.15	-1591.4	0.255487	0.1865599
8360	-1874.39	-1869.75	-4.64056	0.5067799
8370	-1668.44	-1666.5	-1.93908	0.3143109
8380	-1590.41	-1591.53	1.12643	0.1400264
8390	-1588.52	-1589.45	0.935746	0.1501903
8400	-1590.88	-1592.04	1.15978	0.1382427
8410	-1588.94	-1589.41	0.468734	0.175085
8420	-1591.63	-1592.83	1.20656	0.1357351
8430	-1683.7	-1686	2.30534	0.06016666
8440	-1602.62	-1604.23	1.6097	0.1136705
8450	-1913.96	-1914.51	0.552783	0.01885146
8460	-1752.9	-1755.06	2.15567	0.0409003
8470	-1593.76	-1595.08	1.31652	0.1298133
8480	-1650.55	-1652.75	2.20135	0.07460929
8490	-1680.41	-1682.71	2.3013	0.06138863
8500	-1664.07	-1666.33	2.26196	0.06808673
8510	-1622.8	-1624.77	1.96364	0.09249049
8520	-1629.25	-1631.29	2.03655	0.08758889
8530	-1588.73	-1589.7	0.966407	0.1485586
8540	-1595.03	-1596.4	1.3705	0.1268863
8550	-1641.14	-1643.28	2.14067	0.07985224
8560	-1590.2	-1591.31	1.1109	0.1408563
8570	-1603.13	-1604.75	1.62224	0.1129619
8580	-1607.97	-1609.7	1.72993	0.1067875
8590	-1718.62	-1720.9	2.28082	0.04915682
8600	-1598.46	-1598.3	-0.155981	0.2090428
8610	-1593.21	-1593.32	0.115006	0.1941797
8620	-1734.86	-1737.1	2.2328	0.04499181
8630	-1689.24	-1691.55	2.30945	0.05818969
8640	-1632.99	-1635.07	2.07314	0.08499326
8650	-1587.95	-1588.75	0.799959	0.1574132
8660	-1614.24	-1616.08	1.84256	0.1000959
8670	-1768.79	-1770.86	2.06845	0.03768608
8680	-1722.73	-1725	2.2707	0.0480558
8690	-1603.25	-1604.88	1.62533	0.1127869
8700	-1588.92	-1589.91	0.990379	0.1472825
8710	-1678.77	-1681.07	2.29883	0.06201251
8720	-1655.21	-1657.43	2.22545	0.07224467
8730	-1761.51	-1763.62	2.1106	0.03911799
8740	-1738.54	-1740.76	2.21905	0.04411595
8750	-1653.82	-1656.04	2.21867	0.07293321
8760	-1710.58	-1712.88	2.29652	0.05141807
8770	-1667.48	-1669.75	2.273	0.06659369
8780	-1591.66	-1592.87	1.20845	0.1356338
8790	-1605.57	-1607.25	1.67924	0.1097158
8800	-1619.78	-1621.7	1.92448	0.09501095
8810	-1627.52	-1629.54	2.01829	0.08884653
8820	-1800.39	-1802.24	1.84509	0.03217684
8830	-1725.02	-1727.28	2.26446	0.0474575
8840	-1872.9	-1874.01	1.10377	0.02276894
8850	-1731.89	-1734.13	2.24318	0.04571908
8860	-1711.42	-1713.71	2.29514	0.05117532
8870	-1787.84	-1789.78	1.94151	0.03423874
8880	-1611.95	-1613.75	1.80421	0.1024072
8890	-1606.14	-1607.83	1.69166	0.1090024
8900	-1594.35	-1595.69	1.34223	0.1284212
8910	-1658.3	-1656.55	-1.74858	0.302342
8920	-1587.89	-1588.63	0.73312	0.1609702
8930	-1629.63	-1631.67	2.04041	0.08731971
8940	-1656.39	-1658.62	2.23101	0.0716651
8950	-1587.89	-1588.63	0.73771	0.1607258
8960	-1625.34	-1624.31	-1.02388	0.258478
8970	-1644.22	-1646.38	2.16242	0.07806133
8980	-1750.12	-1752.29	2.16912	0.04149827
8990	-1724.59	-1726.85	2.26566	0.04756831
9000	-1760.75	-1762.86	2.11478	0.03927101
9010	-1749.74	-1751.91	2.17091	0.04158091
9020	-1705.11	-1707.41	2.30394	0.0530405
9030	-1612.78	-1614.6	1.81856	0.101547
9040	-1607.44	-1606.94	-0.502667	0.228427
9050	-1615.9	-1615.13	-0.767493	0.2435506
9060	-1588.57	-1589.51	0.943463	0.1497796
9070	-1589.36	-1590.4	1.03771	0.1447614
9080	-1609.77	-1611.54	1.76489	0.1047401
9090	-1620	-1621.92	1.92741	0.09482428
9100	-1678.52	-1680.82	2.29844	0.06210617
9110	-1856.21	-1857.51	1.30128	0.02461643
9120	-1707.07	-1709.37	2.30159	0.0524509
9130	-1599.67	-1601.2	1.5293	0.1181686
9140	-1715.34	-1717.63	2.28791	0.05006301
9150	-1597.29	-1598.75	1.45435	0.1223064
9160	-1594.84	-1594.86	0.021165	0.1993007
9170	-1616.16	-1615.38	-0.774968	0.2439818
9180	-1599.9	-1601.43	1.53605	0.1177937
9190	-1626.28	-1628.29	2.00463	0.08977363
9200	-1598.34	-1599.83	1.48863	0.1204197
9210	-1588.83	-1589.32	0.482783	0.1743324
9220	-1588.94	-1589.94	0.993011	0.1471423
9230	-1589.39	-1589.8	0.414886	0.1779734
9240	-1589.26	-1590.29	1.02808	0.1452743
9250	-1601.58	-1603.17	1.58275	0.115186
9260	-1767.97	-1770.04	2.07337	0.0378438
9270	-1827.02	-1828.63	1.60856	0.02827483
9280	-1706.12	-1708.42	2.30277	0.05273503
9290	-1762.38	-1764.48	2.10575	0.03894296
9300	-1673.57	-1675.86	2.2889	0.0640578
9310	-1625.14	-1627.13	1.99164	0.09064459
9320	-1600.62	-1602.18	1.55657	0.1166505
9330	-1597.55	-1599.01	1.463	0.121831
9340	-1589.02	-1590.02	1.00141	0.1466952
9350	-1589.49	-1590.54	1.05004	0.1441037
9360	-1604.2	-1605.85	1.64816	0.1114917
9370	-1716.34	-1718.62	2.28586	0.04978583
9380	-1727.55	-1729.8	2.25706	0.04680702
9390	-1810.83	-1812.59	1.75748	0.03057548
9400	-1800.59	-1802.43	1.84349	0.03214548
9410	-1713.64	-1715.93	2.29121	0.05054164
9420	-1707.87	-1710.17	2.30054	0.05221416
9430	-1624.86	-1626.85	1.98834	0.09086378
9440	-1590.75	-1591.03	0.287066	0.1848541
9450	-1626.85	-1628.86	2.01096	0.08934501
9460	-1619.47	-1621.39	1.92031	0.09527568
9470	-1773.74	-1775.78	2.03775	0.03675001
9480	-1709.22	-1711.52	2.29861	0.05181376
9490	-1715.54	-1717.83	2.2875	0.05000726
9500	-1672.21	-1674.5	2.28577	0.0646078
9510	-1797.55	-1799.41	1.86781	0.03263063
9520	-1652.59	-1654.8	2.21235	0.0735567
9530	-1595.96	-1597.36	1.40661	0.1249195
9540	-1594.65	-1596.01	1.35506	0.1277252
9550	-1601.84	-1603.43	1.58948	0.114808
9560	-1622.24	-1624.2	1.95662	0.09294757
9570	-1694.35	-1696.66	2.31039	0.0564554
9580	-1624.05	-1626.03	1.97879	0.09149678
9590	-1662.63	-1664.89	2.25683	0.06873196
9600	-1658.93	-1661.17	2.24222	0.0704468
9610	-1817.07	-1818.77	1.70196	0.0296639
9620	-1722.27	-1724.54	2.27191	0.04817811
9630	-1691.82	-1694.13	2.31026	0.05730551
9640	-1692.28	-1694.59	2.31033	0.05714764
9650	-1638.42	-1640.54	2.11984	0.08149693
9660	-1597.25	-1598.7	1.4529	0.1223863
9670	-1642.15	-1644.3	2.14804	0.07925442
9680	-1713.94	-1716.23	2.29064	0.05045516
9690	-1644.62	-1646.79	2.16514	0.07783187
9700	-1621.81	-1623.76	1.95117	0.09330074
9710	-1602.44	-1604.05	1.60515	0.1139266
9720	-1589.17	-1590.18	1.01794	0.1458145
9730	-1655.21	-1657.44	2.2255	0.07224035
9740	-1633.02	-1635.1	2.07341	0.08497377
9750	-1606.52	-1608.22	1.69989	0.1085278
9760	-1715.14	-1717.43	2.2883	0.05011774
9770	-1687.75	-1690.05	2.30867	0.05871334
9780	-1589.37	-1589.79	0.416381	0.1778931
9790	-1611.01	-1612.8	1.78768	0.1033922
9800	-1627.23	-1629.25	2.01512	0.0890626
9810	-1621.08	-1623.02	1.94172	0.09390974
9820	-1597.13	-1598.58	1.44865	0.1226194
9830	-1674.26	-1676.55	2.2904	0.0637802
9840	-1614.72	-1616.57	1.85024	0.09962855
9850	-1834.77	-1836.3	1.53177	0.02724549
9860	-1794.44	-1796.34	1.892	0.03313437
9870	-1723.73	-1725.99	2.26803	0.0477939
9880	-1819.75	-1821.43	1.67735	0.02928154
9890	-1690.25	-1692.56	2.30985	0.05783985
9900	-1651.6	-1653.8	2.20708	0.07406655
9910	-1797.23	-1799.1	1.87028	0.03268106
9920	-1741.23	-1743.44	2.20832	0.04348796
9930	-1588.08	-1588.71	0.623866	0.1667919
9940	-1593.1	-1593.22	0.121761	0.193812
9950	-1606.68	-1608.38	1.70324	0.1083349
9960	-1625.6	-1627.6	1.99695	0.09028936
9970	-1588.07	-1588.91	0.843421	0.1551013
9980	-1780.71	-1782.7	1.9918	0.0354815
9990	-1594.52	-1595.87	1.34977	0.1280121
10000	-1594.42	-1595.77	1.34534	0.1282523
