Iteration	Posterior	Likelihood	Prior	birth_rate
0	-1587.92	-1588.61	0.695843	0.1629552
10	-1588.22	-1588.81	0.588901	0.1686579
20	-1588.07	-1588.91	0.844411	0.1550487
30	-1588.25	-1588.83	0.581603	0.1690476
40	-1590.28	-1591.4	1.11713	0.1405232
50	-1587.95	-1588.62	0.675643	0.1640314
60	-1595.27	-1596.65	1.38026	0.1263556
70	-1588.27	-1588.85	0.576534	0.1693183
80	-1596.45	-1597.87	1.42461	0.1239359
90	-1591.18	-1592.35	1.17886	0.1372208
100	-1587.96	-1588.76	0.802623	0.1572715
110	-1589.96	-1591.05	1.09145	0.1418949
120	-1591.81	-1593.03	1.2173	0.1351588
130	-1589.64	-1590.02	0.388254	0.1794041
140	-1588.26	-1589.15	0.890059	0.1526207
150	-1587.93	-1588.62	0.689098	0.1633145
160	-1587.9	-1588.62	0.719049	0.1617193
170	-1587.97	-1588.63	0.666134	0.1645381
180	-1588.29	-1588.86	0.573415	0.1694849
190	-1587.93	-1588.62	0.684973	0.1635343
200	-1587.9	-1588.65	0.753233	0.1598995
210	-1588.02	-1588.67	0.643921	0.1657223
220	-1589.74	-1590.81	1.07286	0.1428869
230	-1588.5	-1589.03	0.53424	0.1715786
240	-1590.19	-1590.53	0.334668	0.1822873
250	-1588.29	-1588.86	0.57284	0.1695156
260	-1590.71	-1591.86	1.14818	0.1388634
270	-1588.51	-1589.44	0.934494	0.1502569
280	-1592.58	-1593.84	1.25914	0.132909
290	-1587.9	-1588.61	0.71211	0.1620888
300	-1588.05	-1588.69	0.63317	0.1662956
310	-1589.82	-1590.9	1.07978	0.1425174
320	-1589.88	-1590.24	0.36417	0.1806992
330	-1589.31	-1589.73	0.423496	0.1775112
340	-1587.94	-1588.62	0.679106	0.1638469
350	-1588.25	-1588.83	0.58131	0.1690633
360	-1587.95	-1588.63	0.672749	0.1641856
370	-1588.89	-1589.88	0.986928	0.1474662
380	-1589.48	-1590.53	1.04914	0.1441517
390	-1588.02	-1588.85	0.827761	0.1559343
400	-1587.94	-1588.62	0.680548	0.1637701
410	-1587.89	-1588.62	0.724163	0.161447
420	-1591.07	-1591.33	0.26131	0.1862452
430	-1588.06	-1588.9	0.84088	0.1552365
440	-1590.54	-1590.85	0.303866	0.1839476
450	-1587.93	-1588.62	0.689029	0.1633182
460	-1588.46	-1589.39	0.926521	0.1506811
470	-1589.73	-1590.8	1.07205	0.1429299
480	-1587.98	-1588.64	0.662071	0.1647547
490	-1588.03	-1588.67	0.640464	0.1659066
500	-1588.52	-1589.46	0.936992	0.150124
510	-1587.91	-1588.61	0.699344	0.1627687
520	-1590.95	-1591.22	0.270657	0.1857401
530	-1592.55	-1593.81	1.25762	0.1329913
540	-1589.58	-1590.64	1.05864	0.1436456
550	-1588.51	-1589.04	0.531839	0.171707
560	-1588.09	-1588.71	0.622171	0.1668823
570	-1589.83	-1590.91	1.08104	0.1424505
580	-1591.28	-1591.53	0.245113	0.1871208
590	-1587.89	-1588.62	0.723496	0.1614825
600	-1595.58	-1595.56	-0.0177888	0.2014343
610	-1589.5	-1589.91	0.40194	0.1786687
620	-1591.92	-1593.15	1.22362	0.1348192
630	-1589.31	-1590.34	1.03288	0.1450183
640	-1588.02	-1588.67	0.643547	0.1657423
650	-1587.92	-1588.61	0.697556	0.162864
660	-1589.91	-1590.27	0.360849	0.1808778
670	-1587.9	-1588.66	0.762607	0.1594006
680	-1588.77	-1589.26	0.491475	0.1738669
690	-1587.89	-1588.62	0.72657	0.1613189
700	-1589.31	-1589.73	0.423914	0.1774888
710	-1589.43	-1590.47	1.04467	0.1443901
720	-1587.98	-1588.64	0.661844	0.1647668
730	-1587.91	-1588.61	0.706407	0.1623925
740	-1587.95	-1588.75	0.79863	0.1574839
750	-1587.97	-1588.63	0.667179	0.1644825
760	-1588.09	-1588.94	0.849132	0.1547976
770	-1587.95	-1588.63	0.672665	0.1641901
780	-1588.69	-1589.65	0.960502	0.1488729
790	-1588.15	-1589.01	0.864859	0.1539611
800	-1588.19	-1588.79	0.595456	0.1683079
810	-1589.46	-1590.51	1.04741	0.1442441
820	-1588.11	-1588.97	0.856906	0.1543841
830	-1588.12	-1588.74	0.612278	0.1674101
840	-1595	-1596.37	1.36945	0.1269433
850	-1590.31	-1591.43	1.11937	0.1404038
860	-1589.6	-1589.99	0.391835	0.1792116
870	-1588.19	-1588.78	0.596019	0.1682779
880	-1587.99	-1588.65	0.656833	0.1650339
890	-1589.62	-1590.01	0.389943	0.1793133
900	-1587.9	-1588.66	0.760523	0.1595116
910	-1588.18	-1589.06	0.874145	0.1534672
920	-1590.4	-1591.53	1.12596	0.1400515
930	-1587.97	-1588.78	0.809995	0.1568794
940	-1592.19	-1592.37	0.180262	0.1906335
950	-1589.27	-1589.7	0.428301	0.1772533
960	-1588.62	-1589.57	0.951337	0.1493606
970	-1588.66	-1589.17	0.507178	0.1730263
980	-1589.09	-1590.1	1.00972	0.1462525
990	-1589.23	-1590.26	1.02506	0.1454353
1000	-1587.94	-1588.73	0.792559	0.1578069
1010	-1589.31	-1590.34	1.03259	0.1450342
1020	-1592.17	-1593.41	1.23724	0.1340873
1030	-1587.9	-1588.61	0.71158	0.162117
1040	-1588.2	-1589.08	0.877157	0.1533069
1050	-1588.21	-1588.8	0.590125	0.1685926
1060	-1587.94	-1588.74	0.795066	0.1576736
1070	-1588.11	-1588.96	0.855302	0.1544694
1080	-1588.71	-1589.21	0.500439	0.1733869
1090	-1589.48	-1589.88	0.404819	0.1785141
1100	-1587.98	-1588.64	0.660099	0.1648598
1110	-1591.71	-1591.92	0.213824	0.1888142
1120	-1588.7	-1589.2	0.502546	0.1732742
1130	-1588.12	-1588.74	0.612142	0.1674174
1140	-1596.61	-1598.04	1.43049	0.1236144
1150	-1594.74	-1596.1	1.3589	0.1275165
1160	-1588.79	-1589.28	0.489046	0.1739969
1170	-1588.18	-1589.06	0.873982	0.1534758
1180	-1588.09	-1588.71	0.621643	0.1669105
1190	-1588.34	-1588.91	0.562016	0.1700939
1200	-1587.92	-1588.7	0.781999	0.1583688
1210	-1588.3	-1589.2	0.899126	0.1521384
1220	-1589.06	-1589.52	0.452766	0.175941
1230	-1587.9	-1588.66	0.760322	0.1595222
1240	-1591.49	-1591.72	0.229683	0.1879556
1250	-1596.44	-1597.87	1.4246	0.1239368
1260	-1587.96	-1588.77	0.805543	0.1571161
1270	-1588.41	-1589.32	0.917583	0.1511566
1280	-1587.95	-1588.76	0.801225	0.1573459
1290	-1590.58	-1591.72	1.13878	0.139366
1300	-1588.67	-1589.63	0.958405	0.1489845
1310	-1588.83	-1589.32	0.482962	0.1743228
1320	-1589	-1590	0.999692	0.1467866
1330	-1587.97	-1588.79	0.810639	0.1568451
1340	-1588.95	-1589.94	0.993595	0.1471112
1350	-1588.71	-1589.21	0.499765	0.173423
1360	-1589.96	-1590.32	0.356175	0.1811293
1370	-1587.89	-1588.63	0.734367	0.1609038
1380	-1588.57	-1589.51	0.943166	0.1497954
1390	-1587.89	-1588.62	0.731692	0.1610461
1400	-1587.92	-1588.69	0.777218	0.1586232
1410	-1588.1	-1588.72	0.617877	0.1671114
1420	-1588.43	-1589.35	0.921278	0.15096
1430	-1589.3	-1590.33	1.03189	0.1450712
1440	-1592.32	-1593.56	1.24536	0.1336507
1450	-1588.56	-1589.08	0.524021	0.1721251
1460	-1587.98	-1588.64	0.658472	0.1649465
1470	-1588.79	-1589.77	0.974748	0.1481146
1480	-1588.1	-1588.72	0.618743	0.1670652
1490	-1588.49	-1589.03	0.534523	0.1715634
1500	-1589.05	-1589.51	0.453901	0.1758801
1510	-1588.07	-1588.91	0.843022	0.1551225
1520	-1588.49	-1589.42	0.931936	0.150393
1530	-1588.05	-1588.68	0.635957	0.166147
1540	-1588.48	-1589.02	0.536278	0.1714696
1550	-1591.16	-1592.34	1.17808	0.1372625
1560	-1588.71	-1589.68	0.964132	0.1486797
1570	-1589.78	-1590.16	0.373348	0.1802055
1580	-1589.18	-1589.62	0.43812	0.1767265
1590	-1589.97	-1591.06	1.09227	0.141851
1600	-1588.44	-1589.36	0.923176	0.150859
1610	-1588.64	-1589.15	0.51063	0.1728416
1620	-1589.77	-1590.84	1.07545	0.1427489
1630	-1591.49	-1591.72	0.229888	0.1879445
1640	-1588.56	-1589.5	0.941852	0.1498654
1650	-1591.77	-1592.98	1.21478	0.135294
1660	-1587.97	-1588.64	0.665112	0.1645926
1670	-1592.4	-1593.65	1.2495	0.1334282
1680	-1587.9	-1588.66	0.7574	0.1596778
1690	-1588.34	-1589.24	0.905226	0.1518139
1700	-1594.48	-1595.83	1.34779	0.1281195
1710	-1588.9	-1589.88	0.987532	0.147434
1720	-1588.45	-1589.38	0.925784	0.1507203
1730	-1588.06	-1588.9	0.840225	0.1552713
1740	-1592.15	-1593.39	1.23642	0.1341318
1750	-1588.36	-1589.27	0.910336	0.1515421
1760	-1589.97	-1591.06	1.09265	0.1418306
1770	-1588.24	-1588.82	0.584799	0.1688769
1780	-1588.36	-1589.27	0.909819	0.1515696
1790	-1588.88	-1589.36	0.476582	0.1746646
1800	-1588.2	-1589.08	0.877603	0.1532832
1810	-1589.63	-1590.02	0.389167	0.179355
1820	-1588.62	-1589.57	0.950523	0.149404
1830	-1591.95	-1593.17	1.22509	0.1347403
1840	-1591.67	-1592.88	1.2093	0.1355881
1850	-1588.9	-1589.89	0.988143	0.1474015
1860	-1589.42	-1590.46	1.04377	0.144438
1870	-1589.28	-1589.7	0.427111	0.1773172
1880	-1589.19	-1589.63	0.437025	0.1767852
1890	-1588.62	-1589.14	0.513727	0.1726758
1900	-1588.33	-1589.24	0.904812	0.151836
1910	-1589.08	-1590.09	1.00835	0.1463255
1920	-1588.27	-1588.85	0.577681	0.1692571
1930	-1588	-1588.65	0.654251	0.1651715
1940	-1588.17	-1589.05	0.871726	0.1535958
1950	-1589.05	-1589.51	0.453994	0.1758751
1960	-1588.41	-1589.32	0.917788	0.1511457
1970	-1589.65	-1590.04	0.386625	0.1794916
1980	-1596.37	-1597.8	1.42203	0.124077
1990	-1588.19	-1589.06	0.87448	0.1534493
2000	-1588.48	-1589.41	0.929888	0.1505019
2010	-1588.24	-1589.12	0.885894	0.1528422
2020	-1589	-1590	0.99981	0.1467803
2030	-1588.5	-1589.04	0.532804	0.1716553
2040	-1588.22	-1589.11	0.88299	0.1529967
2050	-1588.48	-1589.41	0.929911	0.1505007
2060	-1587.92	-1588.7	0.779213	0.158517
2070	-1588.46	-1589	0.539965	0.1712725
2080	-1587.94	-1588.62	0.679655	0.1638176
2090	-1593.73	-1595.05	1.3151	0.1298902
2100	-1588.57	-1589.09	0.521667	0.172251
2110	-1587.91	-1588.61	0.702646	0.1625928
2120	-1590.62	-1590.91	0.297787	0.1842756
2130	-1588.39	-1588.95	0.552448	0.1706052
2140	-1588.56	-1589.5	0.942428	0.1498347
2150	-1589.18	-1589.62	0.438635	0.1766988
2160	-1590.31	-1590.63	0.324114	0.182856
2170	-1588.75	-1589.71	0.968348	0.1484553
2180	-1587.91	-1588.69	0.776236	0.1586754
2190	-1588.23	-1589.11	0.883547	0.1529671
2200	-1590.3	-1591.42	1.11824	0.140464
2210	-1588.31	-1589.2	0.899384	0.1521247
2220	-1588.12	-1588.98	0.85767	0.1543434
2230	-1592.19	-1593.43	1.23835	0.1340279
2240	-1599.09	-1600.6	1.51212	0.1191213
2250	-1587.91	-1588.61	0.704177	0.1625113
2260	-1587.89	-1588.63	0.742464	0.1604728
2270	-1587.9	-1588.67	0.764628	0.1592931
2280	-1588.17	-1589.04	0.870048	0.1536851
2290	-1588.01	-1588.66	0.648922	0.1654556
2300	-1591.15	-1591.41	0.254986	0.186587
2310	-1587.89	-1588.63	0.734919	0.1608744
2320	-1588.19	-1588.79	0.594332	0.168368
2330	-1588.79	-1589.27	0.489528	0.1739712
2340	-1587.9	-1588.61	0.712804	0.1620518
2350	-1591.76	-1592.97	1.21429	0.1353207
2360	-1588.59	-1589.11	0.518378	0.1724269
2370	-1588.02	-1588.67	0.643219	0.1657597
2380	-1587.89	-1588.62	0.732939	0.1609798
2390	-1588.33	-1588.89	0.565622	0.1699012
2400	-1588.4	-1589.32	0.917263	0.1511736
2410	-1589.94	-1591.03	1.09035	0.1419533
2420	-1587.95	-1588.63	0.673158	0.1641638
2430	-1587.89	-1588.63	0.737913	0.160715
2440	-1590.49	-1591.62	1.13236	0.1397095
2450	-1587.89	-1588.63	0.736286	0.1608016
2460	-1588.38	-1589.29	0.912634	0.1514198
2470	-1589.49	-1589.89	0.403484	0.1785857
2480	-1588.32	-1588.89	0.565995	0.1698813
2490	-1590.19	-1590.53	0.334576	0.1822923
2500	-1590.84	-1591.12	0.279325	0.185272
2510	-1587.92	-1588.61	0.69173	0.1631743
2520	-1588.51	-1589.45	0.935447	0.1502062
2530	-1588.7	-1589.66	0.962364	0.1487738
2540	-1587.97	-1588.77	0.806427	0.1570691
2550	-1588.11	-1588.97	0.85684	0.1543876
2560	-1588.03	-1588.67	0.64279	0.1657826
2570	-1587.93	-1588.62	0.68735	0.1634076
2580	-1588.11	-1588.97	0.85613	0.1544253
2590	-1588.63	-1589.15	0.511858	0.1727758
2600	-1590.58	-1591.72	1.13875	0.1393675
2610	-1595.37	-1596.76	1.38427	0.126137
2620	-1588.6	-1589.55	0.94788	0.1495446
2630	-1588.67	-1589.63	0.958709	0.1489683
2640	-1588.65	-1589.16	0.509644	0.1728943
2650	-1588.71	-1589.68	0.964227	0.1486746
2660	-1588.39	-1588.95	0.552509	0.1706019
2670	-1587.95	-1588.76	0.801213	0.1573465
2680	-1590.14	-1591.25	1.10647	0.141093
2690	-1590.36	-1590.68	0.319592	0.1830997
2700	-1589.42	-1590.46	1.04336	0.1444601
2710	-1588.02	-1588.67	0.644131	0.1657111
2720	-1587.91	-1588.61	0.701835	0.1626361
2730	-1590.21	-1590.54	0.333055	0.1823742
2740	-1589.53	-1589.93	0.399402	0.178805
2750	-1588.08	-1588.92	0.846752	0.1549241
2760	-1587.91	-1588.68	0.771458	0.1589296
2770	-1589.42	-1589.83	0.410664	0.1782001
2780	-1587.9	-1588.61	0.715391	0.1619141
2790	-1587.95	-1588.62	0.677765	0.1639183
2800	-1592.11	-1592.3	0.185727	0.1903371
2810	-1590.84	-1591.99	1.15676	0.1384042
2820	-1590.59	-1591.73	1.13992	0.1393052
2830	-1591.79	-1592	0.207985	0.1891305
2840	-1587.92	-1588.69	0.777893	0.1585872
2850	-1588.53	-1589.06	0.529121	0.1718523
2860	-1589.59	-1589.99	0.392452	0.1791785
2870	-1590.11	-1591.21	1.10338	0.1412577
2880	-1589	-1590	0.999253	0.14681
2890	-1588.13	-1588.74	0.610623	0.1674984
2900	-1587.93	-1588.71	0.784148	0.1582544
2910	-1590.07	-1591.17	1.10029	0.141423
2920	-1587.92	-1588.7	0.778102	0.1585761
2930	-1587.99	-1588.81	0.817707	0.1564691
2940	-1588.19	-1588.78	0.595791	0.1682901
2950	-1588.33	-1588.9	0.564604	0.1699556
2960	-1588.42	-1588.97	0.547076	0.1708923
2970	-1589.33	-1589.75	0.420713	0.1776606
2980	-1588.69	-1589.19	0.503301	0.1732338
2990	-1590.16	-1591.27	1.10809	0.1410065
3000	-1588.93	-1589.4	0.470415	0.174995
3010	-1588.93	-1589.4	0.470326	0.1749998
3020	-1587.9	-1588.65	0.75492	0.1598098
3030	-1587.93	-1588.62	0.684992	0.1635333
3040	-1588.03	-1588.87	0.83291	0.1556604
3050	-1589.09	-1590.1	1.00985	0.1462453
3060	-1587.89	-1588.64	0.744594	0.1603593
3070	-1588.26	-1588.84	0.58052	0.1691055
3080	-1589.23	-1589.66	0.432438	0.1770313
3090	-1591.25	-1592.43	1.18353	0.1369702
3100	-1588.77	-1589.75	0.972205	0.14825
3110	-1587.91	-1588.61	0.69934	0.1627689
3120	-1587.98	-1588.64	0.66181	0.1647686
3130	-1592.45	-1593.7	1.25223	0.1332815
3140	-1588.12	-1588.73	0.613171	0.1673625
3150	-1588.43	-1589.35	0.921802	0.1509321
3160	-1587.91	-1588.61	0.704665	0.1624853
3170	-1588.36	-1588.92	0.558888	0.170261
3180	-1597.76	-1599.23	1.47002	0.1214451
3190	-1588.09	-1588.71	0.623198	0.1668276
3200	-1588.52	-1589.46	0.936286	0.1501615
3210	-1588.88	-1589.87	0.985525	0.1475409
3220	-1588.18	-1588.78	0.597081	0.1682212
3230	-1588.3	-1588.87	0.571493	0.1695876
3240	-1588.43	-1589.36	0.922489	0.1508956
3250	-1588.89	-1589.88	0.98674	0.1474762
3260	-1588.47	-1589.01	0.538413	0.1713554
3270	-1589.97	-1590.33	0.355122	0.181186
3280	-1588.25	-1588.83	0.582211	0.1690151
3290	-1589.35	-1589.77	0.419074	0.1777486
3300	-1589.81	-1590.89	1.0793	0.142543
3310	-1588.24	-1588.83	0.58313	0.1689661
3320	-1589.7	-1590.08	0.381555	0.1797642
3330	-1588.43	-1589.36	0.922569	0.1508913
3340	-1590.22	-1591.33	1.11235	0.1407787
3350	-1588.63	-1589.14	0.51317	0.1727056
3360	-1588.45	-1588.99	0.543018	0.1711092
3370	-1588.45	-1588.99	0.542689	0.1711268
3380	-1587.9	-1588.67	0.763161	0.1593711
3390	-1588.37	-1589.28	0.910674	0.1515241
3400	-1587.99	-1588.65	0.654564	0.1651548
3410	-1588.59	-1589.11	0.519188	0.1723836
3420	-1590.58	-1591.72	1.13899	0.1393549
3430	-1588.3	-1589.19	0.897649	0.152217
3440	-1588.15	-1589.02	0.866057	0.1538973
3450	-1587.93	-1588.62	0.683958	0.1635884
3460	-1587.92	-1588.61	0.697218	0.162882
3470	-1592.66	-1593.93	1.26342	0.1326787
3480	-1594.33	-1595.67	1.34152	0.1284593
3490	-1588.19	-1588.78	0.595711	0.1682944
3500	-1588.23	-1588.82	0.58582	0.1688224
3510	-1587.89	-1588.63	0.741227	0.1605386
3520	-1588.73	-1589.69	0.965949	0.148583
3530	-1589.09	-1589.54	0.449198	0.1761323
3540	-1588.09	-1588.94	0.849385	0.1547841
3550	-1591.62	-1591.84	0.219975	0.1884811
3560	-1587.89	-1588.63	0.735291	0.1608545
3570	-1596.48	-1597.91	1.426	0.12386
3580	-1590.3	-1591.42	1.11861	0.1404443
3590	-1588.42	-1588.97	0.54831	0.1708264
3600	-1587.94	-1588.73	0.79276	0.1577962
3610	-1592.5	-1592.66	0.160074	0.1917293
3620	-1588.26	-1588.84	0.57896	0.1691887
3630	-1590.49	-1591.62	1.13224	0.1397155
3640	-1588.92	-1589.91	0.990265	0.1472885
3650	-1587.9	-1588.61	0.714643	0.1619539
3660	-1589.81	-1590.89	1.07928	0.1425443
3670	-1587.94	-1588.73	0.793155	0.1577752
3680	-1587.89	-1588.63	0.733067	0.1609729
3690	-1588.87	-1589.35	0.477407	0.1746203
3700	-1590.3	-1591.42	1.11849	0.1404506
3710	-1594.8	-1594.82	0.0236176	0.1991665
3720	-1590.15	-1590.48	0.338827	0.1820633
3730	-1588.53	-1589.47	0.937974	0.1500717
3740	-1587.9	-1588.61	0.710389	0.1621805
3750	-1587.9	-1588.65	0.755664	0.1597701
3760	-1588.02	-1588.85	0.829421	0.155846
3770	-1594.2	-1595.53	1.3358	0.1287696
3780	-1588.04	-1588.87	0.834303	0.1555863
3790	-1588.34	-1588.91	0.562404	0.1700731
3800	-1588.1	-1588.72	0.618101	0.1670995
3810	-1589.85	-1590.94	1.0829	0.1423511
3820	-1587.89	-1588.64	0.745164	0.160329
3830	-1587.96	-1588.76	0.801851	0.1573126
3840	-1590.77	-1591.05	0.285174	0.1849562
3850	-1588.15	-1589.02	0.866869	0.1538541
3860	-1587.89	-1588.63	0.73488	0.1608765
3870	-1587.91	-1588.68	0.768773	0.1590725
3880	-1588.33	-1589.23	0.903947	0.151882
3890	-1588.17	-1588.77	0.600859	0.1680196
3900	-1587.89	-1588.62	0.726119	0.1613429
3910	-1591.18	-1592.36	1.17926	0.1371989
3920	-1588.13	-1588.74	0.609753	0.1675449
3930	-1591.75	-1591.96	0.211126	0.1889604
3940	-1588.11	-1588.96	0.854955	0.1544878
3950	-1587.89	-1588.63	0.735228	0.1608579
3960	-1588.22	-1589.11	0.882898	0.1530016
3970	-1593.75	-1593.83	0.0826596	0.1959419
3980	-1589.15	-1589.6	0.441616	0.1765389
3990	-1593.55	-1594.86	1.30661	0.1303487
4000	-1590.05	-1591.15	1.09916	0.1414833
4010	-1588.41	-1589.33	0.918692	0.1510976
4020	-1588.51	-1589.04	0.532086	0.1716937
4030	-1588.64	-1589.15	0.511661	0.1727864
4040	-1587.91	-1588.67	0.767001	0.1591668
4050	-1588.85	-1589.84	0.982246	0.1477155
4060	-1590.69	-1590.98	0.291973	0.1845892
4070	-1590.44	-1591.57	1.12862	0.1399091
4080	-1587.96	-1588.63	0.667782	0.1644503
4090	-1587.91	-1588.67	0.76697	0.1591685
4100	-1588.1	-1588.96	0.853483	0.1545661
4110	-1592.16	-1592.35	0.18211	0.1905333
4120	-1588.08	-1588.71	0.623784	0.1667963
4130	-1588.33	-1588.89	0.564983	0.1699354
4140	-1589.24	-1589.67	0.432004	0.1770546
4150	-1594.02	-1595.35	1.32818	0.1291821
4160	-1588.59	-1589.11	0.518889	0.1723996
4170	-1591.62	-1592.83	1.20611	0.1357597
4180	-1588.01	-1588.84	0.825291	0.1560657
4190	-1588.11	-1588.97	0.85678	0.1543908
4200	-1588.74	-1589.71	0.968232	0.1484615
4210	-1595.35	-1596.73	1.38335	0.1261871
4220	-1588.06	-1588.9	0.840103	0.1552778
4230	-1587.95	-1588.62	0.676455	0.1639881
4240	-1592.37	-1592.54	0.168442	0.191275
4250	-1588.95	-1589.42	0.46724	0.1751651
4260	-1588.1	-1588.95	0.852078	0.1546409
4270	-1587.96	-1588.76	0.802797	0.1572622
4280	-1588.92	-1589.39	0.471681	0.1749271
4290	-1590.15	-1590.49	0.338157	0.1820994
4300	-1587.94	-1588.62	0.680423	0.1637767
4310	-1588.74	-1589.71	0.968251	0.1484605
4320	-1587.9	-1588.66	0.761034	0.1594844
4330	-1589.42	-1589.83	0.411447	0.1781581
4340	-1587.94	-1588.62	0.680762	0.1637586
4350	-1588.37	-1589.29	0.912048	0.1514511
4360	-1588.06	-1588.69	0.632004	0.1663578
4370	-1594.08	-1595.41	1.33041	0.1290615
4380	-1588.85	-1589.33	0.480617	0.1744484
4390	-1593.3	-1594.59	1.29478	0.130988
4400	-1591.27	-1592.46	1.18498	0.1368928
4410	-1592.84	-1592.98	0.137873	0.1929357
4420	-1588.98	-1589.44	0.463489	0.1753662
4430	-1587.98	-1588.79	0.813375	0.1566995
4440	-1589.07	-1590.08	1.00732	0.1463805
4450	-1588.37	-1589.28	0.91108	0.1515025
4460	-1587.91	-1588.67	0.767492	0.1591407
4470	-1588.09	-1588.95	0.851354	0.1546794
4480	-1588.32	-1589.22	0.901343	0.1520205
4490	-1593.77	-1593.85	0.0814132	0.1960099
4500	-1588.41	-1588.96	0.550407	0.1707142
4510	-1588.44	-1589.36	0.92343	0.1508455
4520	-1599.43	-1600.95	1.52221	0.118562
4530	-1588.33	-1588.89	0.565022	0.1699333
4540	-1588.29	-1589.18	0.896167	0.1522958
4550	-1588.42	-1588.97	0.547186	0.1708864
4560	-1587.92	-1588.61	0.692399	0.1631386
4570	-1587.89	-1588.64	0.743658	0.1604092
4580	-1591.89	-1592.09	0.201227	0.1894967
4590	-1587.89	-1588.62	0.727173	0.1612868
4600	-1590.09	-1590.43	0.344223	0.1817727
4610	-1589.23	-1589.66	0.432641	0.1770204
4620	-1588.16	-1589.03	0.869452	0.1537168
4630	-1588.79	-1589.28	0.488964	0.1740014
4640	-1587.98	-1588.79	0.812297	0.1567568
4650	-1588.01	-1588.83	0.822844	0.1561958
4660	-1589.01	-1590.01	1.0012	0.1467065
4670	-1587.9	-1588.66	0.7625	0.1594064
4680	-1588.65	-1589.6	0.954925	0.1491697
4690	-1587.98	-1588.79	0.81339	0.1566987
4700	-1588.16	-1589.03	0.867757	0.1538069
4710	-1588.21	-1589.09	0.879482	0.1531833
4720	-1592.18	-1593.41	1.23764	0.1340659
4730	-1589.71	-1590.78	1.07071	0.1430018
4740	-1590.87	-1591.15	0.276807	0.185408
4750	-1590.99	-1592.16	1.16694	0.1378592
4760	-1589.63	-1590.69	1.06317	0.1434037
4770	-1589.42	-1589.83	0.411159	0.1781736
4780	-1588.87	-1589.86	0.984709	0.1475844
4790	-1590.56	-1591.7	1.13768	0.139425
4800	-1588.56	-1589.08	0.523681	0.1721433
4810	-1590.39	-1590.71	0.317221	0.1832275
4820	-1587.98	-1588.79	0.813347	0.156701
4830	-1588.2	-1589.08	0.878032	0.1532604
4840	-1594.11	-1595.44	1.33205	0.1289726
4850	-1588.01	-1588.84	0.826054	0.1560251
4860	-1588.3	-1588.87	0.571041	0.1696117
4870	-1588.75	-1589.71	0.968356	0.1484549
4880	-1590.23	-1590.56	0.331055	0.182482
4890	-1591	-1592.17	1.16782	0.1378122
4900	-1588.85	-1589.83	0.98175	0.1477419
4910	-1589.93	-1590.29	0.358671	0.180995
4920	-1588.94	-1589.41	0.468261	0.1751104
4930	-1589.54	-1589.94	0.398366	0.1788607
4940	-1591.78	-1591.98	0.209059	0.1890723
4950	-1589.14	-1589.58	0.443686	0.1764279
4960	-1588.32	-1588.89	0.56729	0.1698121
4970	-1589.06	-1589.52	0.45268	0.1759456
4980	-1588.26	-1589.15	0.890156	0.1526155
4990	-1588.15	-1589.02	0.866747	0.1538607
5000	-1587.89	-1588.62	0.732173	0.1610206
5010	-1592.62	-1593.89	1.26143	0.1327862
5020	-1587.92	-1588.69	0.776743	0.1586484
5030	-1589.87	-1590.95	1.08398	0.1422937
5040	-1589.8	-1590.17	0.372022	0.1802768
5050	-1588.17	-1588.77	0.600161	0.1680568
5060	-1588.07	-1588.7	0.627432	0.1666017
5070	-1593.1	-1593.22	0.121472	0.1938278
5080	-1588.82	-1589.3	0.484771	0.1742259
5090	-1588.24	-1589.13	0.886941	0.1527866
5100	-1589.85	-1590.22	0.366473	0.1805753
5110	-1588.09	-1588.71	0.621049	0.1669422
5120	-1588.62	-1589.57	0.951074	0.1493747
5130	-1590.51	-1591.64	1.13367	0.139639
5140	-1589.01	-1589.47	0.459463	0.175582
5150	-1591.74	-1592.96	1.21335	0.1353709
5160	-1587.89	-1588.62	0.725741	0.161363
5170	-1587.95	-1588.75	0.800195	0.1574007
5180	-1587.91	-1588.69	0.775993	0.1586883
5190	-1588.08	-1588.93	0.847355	0.1548921
5200	-1588.3	-1589.19	0.897496	0.1522251
5210	-1588.77	-1589.26	0.491606	0.1738599
5220	-1588.39	-1589.31	0.915762	0.1512535
5230	-1588.08	-1588.92	0.846557	0.1549345
5240	-1588.34	-1588.9	0.56379	0.1699991
5250	-1587.97	-1588.64	0.663146	0.1646974
5260	-1587.89	-1588.62	0.72894	0.1611927
5270	-1587.99	-1588.64	0.658443	0.1649481
5280	-1587.99	-1588.64	0.657776	0.1649836
5290	-1592	-1593.23	1.22782	0.1345937
5300	-1589.46	-1590.5	1.04732	0.1442488
5310	-1587.98	-1588.64	0.660675	0.1648291
5320	-1588.7	-1589.66	0.961909	0.148798
5330	-1589.54	-1590.6	1.05553	0.1438114
5340	-1588.99	-1589.99	0.998397	0.1468555
5350	-1588.47	-1589.01	0.539538	0.1712953
5360	-1588	-1588.65	0.653253	0.1652248
5370	-1587.96	-1588.63	0.66837	0.164419
5380	-1589.87	-1590.23	0.364843	0.180663
5390	-1589.16	-1590.18	1.01712	0.1458583
5400	-1598.15	-1599.63	1.48251	0.120757
5410	-1589.81	-1590.18	0.370241	0.1803726
5420	-1588.13	-1588.99	0.861075	0.1541624
5430	-1588.6	-1589.55	0.947922	0.1495424
5440	-1591.74	-1591.95	0.211482	0.1889411
5450	-1589.22	-1590.25	1.02398	0.1454929
5460	-1588.74	-1589.24	0.495367	0.1736585
5470	-1587.9	-1588.61	0.708163	0.162299
5480	-1590.82	-1591.1	0.280972	0.1851831
5490	-1588.07	-1588.7	0.626527	0.1666499
5500	-1592.96	-1593.09	0.130482	0.1933376
5510	-1588.02	-1588.85	0.829992	0.1558156
5520	-1588.19	-1588.78	0.596596	0.1682471
5530	-1588.39	-1588.94	0.553801	0.1705329
5540	-1589.91	-1590.27	0.361003	0.1808696
5550	-1593.14	-1593.26	0.119059	0.1939591
5560	-1588.42	-1588.96	0.548529	0.1708146
5570	-1588.9	-1589.37	0.474058	0.1747998
5580	-1587.97	-1588.63	0.665369	0.1645789
5590	-1590.24	-1590.57	0.330305	0.1825224
5600	-1587.92	-1588.7	0.77843	0.1585587
5610	-1588.65	-1589.16	0.510124	0.1728686
5620	-1589.38	-1590.42	1.0402	0.1446285
5630	-1588.1	-1588.95	0.853135	0.1545847
5640	-1588.06	-1588.69	0.629742	0.1664785
5650	-1588.36	-1589.27	0.910139	0.1515526
5660	-1588.24	-1588.82	0.584342	0.1689013
5670	-1589.05	-1590.06	1.00547	0.1464791
5680	-1587.89	-1588.63	0.740575	0.1605733
5690	-1587.93	-1588.71	0.784749	0.1582224
5700	-1588.18	-1588.78	0.598332	0.1681545
5710	-1588.73	-1589.69	0.966015	0.1485795
5720	-1589.69	-1590.07	0.383009	0.179686
5730	-1588.39	-1588.94	0.553053	0.1705728
5740	-1588.24	-1588.83	0.583269	0.1689586
5750	-1588.03	-1588.67	0.64129	0.1658626
5760	-1588.32	-1589.23	0.902784	0.1519438
5770	-1588.36	-1589.26	0.908847	0.1516213
5780	-1587.9	-1588.67	0.764946	0.1592762
5790	-1587.89	-1588.64	0.748309	0.1601616
5800	-1588.35	-1589.26	0.907809	0.1516766
5810	-1588.46	-1589.39	0.926859	0.1506631
5820	-1587.99	-1588.8	0.815805	0.1565703
5830	-1589.19	-1590.21	1.02004	0.1457028
5840	-1590.33	-1591.45	1.12096	0.1403189
5850	-1588.02	-1588.67	0.643064	0.165768
5860	-1588.14	-1589	0.863688	0.1540233
5870	-1588.44	-1588.98	0.545035	0.1710014
5880	-1588	-1588.65	0.652633	0.1652578
5890	-1588.01	-1588.66	0.646891	0.1655639
5900	-1588.17	-1589.04	0.871451	0.1536105
5910	-1589.81	-1590.89	1.07946	0.1425349
5920	-1590.66	-1591.8	1.14442	0.1390642
5930	-1591.54	-1592.74	1.20116	0.1360253
5940	-1588.64	-1589.6	0.954219	0.1492073
5950	-1590.69	-1590.98	0.29153	0.1846131
5960	-1589.6	-1590.66	1.06065	0.1435384
5970	-1592.34	-1592.51	0.170196	0.1911798
5980	-1587.95	-1588.74	0.79632	0.1576068
5990	-1587.94	-1588.73	0.793246	0.1577703
6000	-1591.1	-1592.27	1.17384	0.1374896
6010	-1589.61	-1590.67	1.06134	0.1435016
6020	-1588.27	-1589.16	0.892764	0.1524768
6030	-1587.9	-1588.62	0.720722	0.1616302
6040	-1588.11	-1588.97	0.855964	0.1544342
6050	-1588.71	-1589.21	0.500341	0.1733922
6060	-1588.11	-1588.96	0.855477	0.1544601
6070	-1588.11	-1588.73	0.615361	0.1672456
6080	-1588.41	-1588.96	0.549417	0.1707672
6090	-1589.01	-1589.47	0.459092	0.1756018
6100	-1589.51	-1590.56	1.05244	0.1439758
6110	-1588.1	-1588.96	0.853849	0.1545467
6120	-1587.93	-1588.62	0.686958	0.1634285
6130	-1588.47	-1589.01	0.537987	0.1713782
6140	-1588.08	-1588.71	0.62374	0.1667986
6150	-1587.98	-1588.64	0.662488	0.1647325
6160	-1589.25	-1590.28	1.02685	0.1453402
6170	-1588.38	-1588.93	0.555771	0.1704276
6180	-1588.17	-1588.77	0.599412	0.1680968
6190	-1588.13	-1588.99	0.861339	0.1541483
6200	-1588.02	-1588.85	0.827581	0.1559439
6210	-1588	-1588.82	0.819563	0.1563703
6220	-1592.19	-1592.37	0.180079	0.1906435
6230	-1588.83	-1589.31	0.483793	0.1742783
6240	-1588.75	-1589.72	0.969006	0.1484203
6250	-1595.55	-1595.54	-0.0165207	0.2013648
6260	-1590.85	-1592.01	1.15748	0.1383654
6270	-1588.21	-1589.09	0.87955	0.1531797
6280	-1589.87	-1590.95	1.08396	0.1422944
6290	-1588.38	-1589.3	0.91402	0.1513461
6300	-1589.76	-1590.83	1.07441	0.1428043
6310	-1588.15	-1588.75	0.605729	0.1677597
6320	-1588.15	-1589.01	0.865497	0.1539271
6330	-1589.72	-1590.1	0.379509	0.1798742
6340	-1587.91	-1588.61	0.698542	0.1628114
6350	-1588.24	-1589.13	0.886889	0.1527893
6360	-1587.9	-1588.67	0.766615	0.1591873
6370	-1588.7	-1589.66	0.961799	0.1488039
6380	-1588.03	-1588.87	0.832966	0.1556574
6390	-1588.25	-1589.14	0.889162	0.1526684
6400	-1589.2	-1589.63	0.436663	0.1768046
6410	-1592.7	-1592.85	0.146572	0.1924629
6420	-1591.25	-1592.43	1.18358	0.1369675
6430	-1588.57	-1589.09	0.521677	0.1722505
6440	-1587.95	-1588.62	0.675704	0.1640282
6450	-1588.68	-1589.18	0.505005	0.1731426
6460	-1588.28	-1589.17	0.893893	0.1524168
6470	-1587.89	-1588.62	0.727413	0.161274
6480	-1588.01	-1588.66	0.647934	0.1655083
6490	-1588.11	-1588.73	0.615072	0.167261
6500	-1588.11	-1588.73	0.616303	0.1671954
6510	-1588.92	-1589.39	0.471189	0.1749535
6520	-1587.89	-1588.64	0.749238	0.1601122
6530	-1587.95	-1588.63	0.673601	0.1641402
6540	-1587.99	-1588.65	0.656753	0.1650382
6550	-1587.97	-1588.78	0.809251	0.1569189
6560	-1587.91	-1588.67	0.766888	0.1591729
6570	-1587.96	-1588.76	0.802299	0.1572887
6580	-1593.46	-1593.56	0.100036	0.1949949
6590	-1589.16	-1589.6	0.440364	0.1766061
6600	-1590.35	-1591.47	1.12235	0.1402446
6610	-1588.52	-1589.46	0.93685	0.1501315
6620	-1589.01	-1590.01	1.00041	0.1467481
6630	-1588.46	-1589	0.540977	0.1712184
6640	-1589.06	-1590.06	1.00617	0.1464417
6650	-1590.61	-1590.91	0.29831	0.1842473
6660	-1588.41	-1589.33	0.919153	0.1510731
6670	-1588.22	-1589.1	0.882247	0.1530362
6680	-1588.26	-1589.15	0.891115	0.1525645
6690	-1590.34	-1591.46	1.12115	0.1403086
6700	-1589.09	-1589.54	0.44983	0.1760984
6710	-1588.81	-1589.29	0.486519	0.1741323
6720	-1587.91	-1588.68	0.76857	0.1590833
6730	-1587.91	-1588.61	0.703565	0.1625439
6740	-1590.69	-1591.84	1.14656	0.1389498
6750	-1588.6	-1589.54	0.947736	0.1495523
6760	-1593.77	-1593.85	0.0816732	0.1959957
6770	-1589	-1590	0.999778	0.146782
6780	-1587.89	-1588.63	0.738308	0.160694
6790	-1588.61	-1589.13	0.514896	0.1726133
6800	-1589.38	-1589.79	0.415703	0.1779296
6810	-1590	-1590.35	0.352218	0.1813423
6820	-1589.05	-1589.5	0.454521	0.1758469
6830	-1588.09	-1588.71	0.622036	0.1668895
6840	-1589.04	-1590.04	1.00397	0.1465588
6850	-1589.34	-1590.38	1.03619	0.1448419
6860	-1588.6	-1589.55	0.948674	0.1495024
6870	-1587.95	-1588.62	0.677641	0.1639249
6880	-1587.96	-1588.63	0.669654	0.1643505
6890	-1588.1	-1588.72	0.618348	0.1670863
6900	-1588.87	-1589.35	0.477761	0.1746014
6910	-1587.9	-1588.62	0.719212	0.1617106
6920	-1589.09	-1589.54	0.449572	0.1761123
6930	-1587.92	-1588.69	0.777743	0.1585952
6940	-1588.43	-1589.36	0.922396	0.1509005
6950	-1591.08	-1591.34	0.260698	0.1862782
6960	-1588.08	-1588.71	0.624263	0.1667707
6970	-1588.29	-1589.18	0.895575	0.1523273
6980	-1587.94	-1588.73	0.791827	0.1578459
6990	-1587.93	-1588.71	0.785714	0.1581711
7000	-1589.01	-1590.01	1.00061	0.1467375
7010	-1589.09	-1590.09	1.00926	0.1462768
7020	-1588.82	-1589.8	0.978588	0.1479102
7030	-1587.98	-1588.64	0.660312	0.1648485
7040	-1587.96	-1588.77	0.805063	0.1571417
7050	-1592.09	-1593.32	1.23287	0.1343223
7060	-1587.91	-1588.61	0.703754	0.1625338
7070	-1588.27	-1588.84	0.578054	0.1692371
7080	-1588.32	-1589.22	0.902578	0.1519548
7090	-1588.06	-1588.69	0.630621	0.1664316
7100	-1588.04	-1588.87	0.83347	0.1556306
7110	-1588.21	-1589.09	0.879674	0.1531731
7120	-1589.01	-1590.01	1.00088	0.1467233
7130	-1590.22	-1590.55	0.3323	0.1824149
7140	-1587.89	-1588.62	0.724537	0.1614271
7150	-1595.8	-1597.2	1.40083	0.1252351
7160	-1588.35	-1588.91	0.561709	0.1701103
7170	-1587.89	-1588.63	0.742148	0.1604895
7180	-1588.3	-1589.2	0.898374	0.1521784
7190	-1589.78	-1590.86	1.0769	0.1426715
7200	-1588.91	-1589.39	0.471887	0.1749161
7210	-1588.29	-1588.87	0.57252	0.1695327
7220	-1588.14	-1589.01	0.86423	0.1539946
7230	-1591.06	-1591.32	0.261852	0.1862159
7240	-1588.2	-1588.79	0.593438	0.1684157
7250	-1589.92	-1590.28	0.359765	0.1809362
7260	-1587.95	-1588.75	0.799009	0.1574638
7270	-1588.01	-1588.66	0.649862	0.1654055
7280	-1588.16	-1588.77	0.601929	0.1679625
7290	-1589.69	-1590.07	0.38241	0.1797182
7300	-1588.81	-1589.79	0.976623	0.1480148
7310	-1588.23	-1589.11	0.884088	0.1529383
7320	-1596.17	-1596.12	-0.0480819	0.2030968
7330	-1590.71	-1591.86	1.148	0.1388729
7340	-1587.93	-1588.62	0.686225	0.1634676
7350	-1589.83	-1590.91	1.08097	0.142454
7360	-1587.92	-1588.7	0.780251	0.1584618
7370	-1588.36	-1588.92	0.559604	0.1702228
7380	-1588.03	-1588.87	0.83289	0.1556615
7390	-1589.01	-1589.47	0.459537	0.175578
7400	-1587.9	-1588.65	0.755179	0.159796
7410	-1589.24	-1590.27	1.02621	0.1453742
7420	-1588.3	-1588.87	0.570725	0.1696286
7430	-1588.95	-1589.94	0.993247	0.1471298
7440	-1589.18	-1590.2	1.01937	0.1457384
7450	-1590.53	-1591.67	1.13566	0.1395326
7460	-1587.91	-1588.61	0.705339	0.1624494
7470	-1588.48	-1589.02	0.537336	0.171413
7480	-1587.96	-1588.77	0.805518	0.1571175
7490	-1590.82	-1591.98	1.15588	0.1384511
7500	-1589.12	-1590.14	1.01353	0.1460497
7510	-1589.71	-1590.09	0.380761	0.1798069
7520	-1587.98	-1588.64	0.660652	0.1648304
7530	-1592.05	-1593.28	1.23067	0.1344404
7540	-1587.95	-1588.74	0.796826	0.1575799
7550	-1589.6	-1589.99	0.391826	0.1792121
7560	-1587.91	-1588.68	0.770549	0.158978
7570	-1588.4	-1588.95	0.55114	0.1706751
7580	-1587.99	-1588.64	0.657504	0.1649981
7590	-1587.95	-1588.63	0.672911	0.164177
7600	-1588.84	-1589.32	0.482376	0.1743542
7610	-1588.13	-1588.74	0.609523	0.1675572
7620	-1589.18	-1589.61	0.439086	0.1766747
7630	-1588.49	-1589.02	0.535493	0.1715116
7640	-1588.05	-1588.68	0.634852	0.1662059
7650	-1589.42	-1590.47	1.04409	0.1444213
7660	-1588.27	-1588.85	0.576568	0.1693165
7670	-1588.71	-1589.67	0.963297	0.1487242
7680	-1587.89	-1588.62	0.730865	0.1610902
7690	-1589.46	-1590.51	1.04779	0.1442239
7700	-1588.43	-1589.35	0.921731	0.1509359
7710	-1587.94	-1588.62	0.682929	0.1636432
7720	-1589.51	-1589.91	0.401445	0.1786953
7730	-1588.32	-1589.22	0.902479	0.15196
7740	-1588.96	-1589.96	0.995231	0.1470241
7750	-1587.89	-1588.62	0.723704	0.1614715
7760	-1588.95	-1589.95	0.994295	0.1470739
7770	-1588	-1588.82	0.819336	0.1563825
7780	-1588.33	-1589.23	0.903153	0.1519242
7790	-1588.45	-1589.38	0.925395	0.150741
7800	-1587.89	-1588.62	0.731603	0.1610509
7810	-1588.39	-1589.31	0.915503	0.1512672
7820	-1589.62	-1590.68	1.06212	0.1434595
7830	-1588.65	-1589.6	0.955209	0.1491546
7840	-1588.66	-1589.62	0.957383	0.1490389
7850	-1587.96	-1588.63	0.668428	0.1644159
7860	-1588.05	-1588.69	0.633832	0.1662603
7870	-1589.89	-1590.98	1.08596	0.1421879
7880	-1594.23	-1595.56	1.33701	0.1287037
7890	-1587.94	-1588.62	0.679597	0.1638207
7900	-1588.05	-1588.88	0.837215	0.1554314
7910	-1587.98	-1588.79	0.812453	0.1567486
7920	-1588.32	-1589.22	0.902497	0.1519591
7930	-1589.53	-1589.93	0.399278	0.1788117
7940	-1588	-1588.65	0.651324	0.1653276
7950	-1588.63	-1589.59	0.953232	0.1492598
7960	-1588.31	-1589.21	0.90099	0.1520393
7970	-1587.93	-1588.71	0.785322	0.158192
7980	-1597.63	-1599.09	1.46561	0.1216876
7990	-1588.64	-1589.6	0.954666	0.1491835
8000	-1588.56	-1589.51	0.942941	0.1498074
8010	-1589.93	-1591.02	1.08957	0.1419952
8020	-1588.63	-1589.59	0.952874	0.1492789
8030	-1588.32	-1589.22	0.902174	0.1519763
8040	-1588.42	-1589.34	0.91958	0.1510503
8050	-1588.6	-1589.12	0.516971	0.1725023
8060	-1588.12	-1588.73	0.613923	0.1673224
8070	-1587.91	-1588.61	0.701466	0.1626557
8080	-1589.84	-1590.92	1.08188	0.1424056
8090	-1589.15	-1589.59	0.442516	0.1764907
8100	-1588.33	-1589.24	0.904981	0.151827
8110	-1589.87	-1590.95	1.08405	0.1422899
8120	-1588.85	-1589.33	0.480426	0.1744586
8130	-1591.72	-1592.93	1.21173	0.1354581
8140	-1588.47	-1589.01	0.538141	0.17137
8150	-1587.96	-1588.76	0.802962	0.1572535
8160	-1589.38	-1590.43	1.04033	0.1446216
8170	-1587.95	-1588.74	0.796626	0.1575905
8180	-1588.76	-1589.73	0.970775	0.1483261
8190	-1587.89	-1588.62	0.731132	0.161076
8200	-1588.26	-1588.84	0.579771	0.1691454
8210	-1591.09	-1592.26	1.17315	0.1375264
8220	-1587.9	-1588.66	0.762481	0.1594074
8230	-1588.74	-1589.24	0.495937	0.173628
8240	-1588.05	-1588.88	0.836722	0.1554576
8250	-1588.32	-1589.22	0.901291	0.1520233
8260	-1588.41	-1589.32	0.91753	0.1511594
8270	-1590.45	-1590.76	0.312238	0.1834962
8280	-1588.03	-1588.67	0.640329	0.1659138
8290	-1587.97	-1588.78	0.808831	0.1569413
8300	-1588.02	-1588.85	0.827461	0.1559503
8310	-1589.86	-1590.22	0.365972	0.1806022
8320	-1588.47	-1589.4	0.928185	0.1505925
8330	-1587.95	-1588.76	0.801333	0.1573401
8340	-1588	-1588.65	0.654061	0.1651817
8350	-1588.18	-1589.06	0.873717	0.1534899
8360	-1591.82	-1593.04	1.21798	0.1351221
8370	-1589.18	-1590.19	1.01903	0.1457567
8380	-1587.89	-1588.62	0.7326	0.1609978
8390	-1590.09	-1590.44	0.343813	0.1817948
8400	-1588.79	-1589.27	0.489528	0.1739712
8410	-1587.94	-1588.62	0.678587	0.1638745
8420	-1588.59	-1589.11	0.519326	0.1723762
8430	-1588.77	-1589.26	0.491552	0.1738628
8440	-1587.9	-1588.62	0.721086	0.1616109
8450	-1588.93	-1589.92	0.991572	0.1472189
8460	-1588.83	-1589.31	0.483762	0.17428
8470	-1588.18	-1589.05	0.871927	0.1535852
8480	-1588.12	-1588.97	0.857102	0.1543737
8490	-1589.63	-1590.69	1.06311	0.1434072
8500	-1595.72	-1595.7	-0.0251649	0.2018389
8510	-1592	-1592.19	0.193299	0.1899265
8520	-1590.3	-1591.42	1.11837	0.1404573
8530	-1588.36	-1588.91	0.55999	0.1702021
8540	-1588.8	-1589.77	0.975128	0.1480944
8550	-1591.66	-1592.86	1.20819	0.135648
8560	-1588.14	-1589.01	0.863826	0.154016
8570	-1587.89	-1588.65	0.75153	0.1599902
8580	-1596.51	-1597.94	1.42704	0.1238032
8590	-1588.73	-1589.23	0.497541	0.1735421
8600	-1587.93	-1588.72	0.787541	0.1580739
8610	-1589.02	-1589.48	0.458056	0.1756574
8620	-1588.03	-1588.67	0.640263	0.1659174
8630	-1587.96	-1588.76	0.801923	0.1573088
8640	-1589.01	-1590.01	1.00097	0.1467184
8650	-1589.52	-1589.92	0.400128	0.178766
8660	-1590.44	-1590.75	0.312781	0.1834669
8670	-1592.45	-1593.7	1.25214	0.1332861
8680	-1589.04	-1590.04	1.00418	0.1465474
8690	-1587.89	-1588.65	0.751565	0.1599883
8700	-1587.9	-1588.61	0.709154	0.1622462
8710	-1589.59	-1590.65	1.05947	0.1436012
8720	-1588.13	-1589	0.86201	0.1541126
8730	-1587.93	-1588.72	0.78719	0.1580925
8740	-1587.98	-1588.8	0.814373	0.1566464
8750	-1588.75	-1589.24	0.495267	0.1736639
8760	-1592.24	-1592.42	0.176716	0.1908259
8770	-1588.04	-1588.68	0.637511	0.1660641
8780	-1588.04	-1588.68	0.637757	0.166051
8790	-1588.12	-1588.98	0.858263	0.1543119
8800	-1593.56	-1593.65	0.0938479	0.195332
8810	-1588.08	-1588.93	0.847424	0.1548884
8820	-1588.01	-1588.84	0.824897	0.1560866
8830	-1590.13	-1590.47	0.339909	0.1820051
8840	-1589.88	-1590.97	1.08544	0.1422154
8850	-1587.9	-1588.67	0.76401	0.159326
8860	-1588.96	-1589.95	0.994538	0.147061
8870	-1590.48	-1591.61	1.13174	0.1397422
8880	-1589.76	-1590.83	1.07441	0.142804
8890	-1587.9	-1588.65	0.753419	0.1598896
8900	-1589.68	-1590.75	1.06775	0.1431594
8910	-1589.07	-1590.07	1.00718	0.1463877
8920	-1587.93	-1588.62	0.689034	0.1633179
8930	-1589.67	-1590.05	0.385192	0.1795687
8940	-1589.5	-1589.9	0.40294	0.178615
8950	-1589.23	-1590.25	1.02429	0.1454761
8960	-1588.78	-1589.75	0.972297	0.1482451
8970	-1588.35	-1589.26	0.908431	0.1516435
8980	-1589.11	-1590.13	1.01228	0.1461162
8990	-1589.64	-1590.03	0.387562	0.1794413
9000	-1588.49	-1589.02	0.536096	0.1714793
9010	-1588.07	-1588.91	0.843709	0.155086
9020	-1587.9	-1588.62	0.721392	0.1615946
9030	-1589.68	-1590.75	1.06782	0.1431559
9040	-1588.36	-1588.92	0.559347	0.1702365
9050	-1588.13	-1588.99	0.860825	0.1541756
9060	-1590.3	-1590.63	0.3247	0.1828244
9070	-1587.93	-1588.62	0.688133	0.1633659
9080	-1588.1	-1588.72	0.619991	0.1669986
9090	-1588.37	-1588.93	0.556909	0.1703668
9100	-1587.91	-1588.68	0.772993	0.1588479
9110	-1589.31	-1590.35	1.03323	0.1449999
9120	-1588.92	-1589.39	0.470738	0.1749777
9130	-1588.41	-1589.33	0.919119	0.1510748
9140	-1589.3	-1590.34	1.03238	0.145045
9150	-1591.64	-1592.84	1.20714	0.1357043
9160	-1587.97	-1588.64	0.664027	0.1646504
9170	-1588.44	-1588.99	0.543375	0.1710901
9180	-1588.61	-1589.55	0.949101	0.1494796
9190	-1589.3	-1590.33	1.03169	0.1450822
9200	-1588	-1588.65	0.652862	0.1652456
9210	-1594.64	-1596	1.35474	0.1277426
9220	-1588.33	-1588.89	0.565829	0.1698902
9230	-1587.92	-1588.7	0.7809	0.1584272
9240	-1588.93	-1589.4	0.470095	0.1750121
9250	-1588.48	-1589.41	0.930045	0.1504936
9260	-1590.3	-1591.42	1.11865	0.1404423
9270	-1587.9	-1588.61	0.715087	0.1619303
9280	-1587.94	-1588.74	0.795171	0.1576679
9290	-1587.99	-1588.65	0.656467	0.1650534
9300	-1587.89	-1588.64	0.746414	0.1602625
9310	-1589.84	-1590.21	0.367791	0.1805043
9320	-1588.76	-1589.73	0.970809	0.1483243
9330	-1587.92	-1588.61	0.696466	0.162922
9340	-1588.2	-1589.07	0.876739	0.1533292
9350	-1588.24	-1588.82	0.584219	0.1689079
9360	-1587.97	-1588.78	0.807829	0.1569946
9370	-1591.42	-1591.66	0.234599	0.1876895
9380	-1587.96	-1588.63	0.669898	0.1643376
9390	-1589.06	-1589.51	0.453547	0.1758991
9400	-1588.19	-1588.78	0.59612	0.1682725
9410	-1590.98	-1591.25	0.268496	0.1858569
9420	-1591.07	-1591.33	0.261198	0.1862512
9430	-1588.35	-1589.26	0.907754	0.1516794
9440	-1588.64	-1589.59	0.953287	0.1492569
9450	-1588.04	-1588.68	0.638201	0.1660273
9460	-1587.94	-1588.62	0.681287	0.1637306
9470	-1587.91	-1588.61	0.698437	0.162817
9480	-1588.37	-1589.28	0.911054	0.1515039
9490	-1589.52	-1589.92	0.400677	0.1787365
9500	-1590.26	-1590.59	0.328703	0.1826087
9510	-1587.96	-1588.76	0.801711	0.15732
9520	-1589.35	-1589.77	0.419322	0.1777353
9530	-1591.14	-1592.32	1.17676	0.1373329
9540	-1588.05	-1588.89	0.837593	0.1554113
9550	-1588.09	-1588.93	0.848841	0.154813
9560	-1588.44	-1588.98	0.544096	0.1710516
9570	-1592.95	-1594.23	1.27786	0.1319009
9580	-1588.08	-1588.93	0.846962	0.154913
9590	-1589.67	-1590.06	0.384622	0.1795993
9600	-1587.92	-1588.61	0.695821	0.1629564
9610	-1591.43	-1591.66	0.234132	0.1877148
9620	-1588.47	-1589.01	0.539221	0.1713122
9630	-1588.07	-1588.92	0.844667	0.155035
9640	-1589.11	-1590.12	1.01157	0.1461539
9650	-1587.95	-1588.63	0.673081	0.1641679
9660	-1587.97	-1588.63	0.66589	0.1645512
9670	-1587.91	-1588.68	0.773109	0.1588418
9680	-1590.82	-1591.97	1.15542	0.1384759
9690	-1588.07	-1588.91	0.844193	0.1550603
9700	-1588.25	-1588.83	0.581727	0.169041
9710	-1589.3	-1590.34	1.03218	0.1450558
9720	-1593.62	-1594.93	1.30996	0.1301677
9730	-1587.9	-1588.65	0.754576	0.159828
9740	-1588.57	-1589.51	0.943366	0.1497848
9750	-1587.92	-1588.7	0.780304	0.158459
9760	-1589.39	-1589.81	0.414349	0.1780023
9770	-1590.35	-1591.47	1.1223	0.1402469
9780	-1587.89	-1588.62	0.727828	0.1612519
9790	-1588.83	-1589.81	0.979495	0.1478619
9800	-1587.92	-1588.69	0.777874	0.1585882
9810	-1588.51	-1589.44	0.933923	0.1502872
9820	-1588.61	-1589.56	0.949982	0.1494327
9830	-1587.89	-1588.64	0.74428	0.160376
9840	-1588.26	-1589.15	0.889568	0.1526468
9850	-1589.2	-1589.63	0.436387	0.1768194
9860	-1588.45	-1589.37	0.924461	0.1507907
9870	-1594.68	-1594.71	0.0300589	0.1988142
9880	-1589.18	-1590.2	1.01956	0.1457285
9890	-1589.14	-1589.59	0.442749	0.1764782
9900	-1588.42	-1588.96	0.548394	0.1708219
9910	-1589.09	-1589.54	0.449576	0.176112
9920	-1588.16	-1588.76	0.602274	0.167944
9930	-1591.16	-1591.42	0.254133	0.1866331
9940	-1588.55	-1589.49	0.940841	0.1499192
9950	-1588.37	-1589.28	0.910597	0.1515282
9960	-1588.19	-1588.79	0.595419	0.1683099
9970	-1588.2	-1588.8	0.591975	0.1684938
9980	-1588.91	-1589.9	0.989184	0.1473461
9990	-1587.98	-1588.79	0.813219	0.1567078
10000	-1587.91	-1588.68	0.773299	0.1588317
