Iteration	Posterior	Likelihood	Prior	birth_rate
0	-1618.27	-1620.18	1.90361	0.09632807
10	-1589.18	-1590.19	1.01894	0.1457613
20	-1598.74	-1598.57	-0.168389	0.2097291
30	-1616.24	-1618.12	1.87391	0.09817612
40	-1691.59	-1693.9	2.31021	0.05738229
50	-1773.78	-1775.82	2.0375	0.03674274
60	-1803.29	-1805.11	1.82144	0.03172253
70	-1743.24	-1745.44	2.19996	0.04302733
80	-1678.37	-1680.66	2.29818	0.06216625
90	-1746.98	-1749.16	2.18363	0.04218753
100	-1705.02	-1707.32	2.30404	0.05306827
110	-1680.29	-1682.59	2.30114	0.06143174
120	-1652.67	-1654.88	2.21276	0.07351691
130	-1609.25	-1611	1.75498	0.1053232
140	-1599.38	-1599.19	-0.196679	0.2112958
150	-1588.44	-1588.98	0.544396	0.1710355
160	-1593.89	-1595.21	1.32199	0.1295172
170	-1677.8	-1680.1	2.29722	0.06238544
180	-1641.51	-1643.65	2.1434	0.0796318
190	-1672.94	-1675.22	2.28747	0.06431323
200	-1718.67	-1720.96	2.28071	0.04914311
210	-1672.27	-1674.55	2.2859	0.06458576
220	-1591.57	-1592.77	1.20287	0.1359334
230	-1591.94	-1593.17	1.22477	0.1347578
240	-1656.03	-1658.26	2.22938	0.07183722
250	-1594.63	-1595.98	1.35418	0.1277726
260	-1639.37	-1638.01	-1.35707	0.2783271
270	-1652.75	-1651.11	-1.63915	0.2955519
280	-1591.68	-1592.89	1.2099	0.1355562
290	-1742.33	-1744.54	2.20379	0.04323536
300	-1660.71	-1662.96	2.24951	0.06961163
310	-1628.32	-1630.35	2.02683	0.08826099
320	-1673.69	-1675.98	2.28917	0.0640072
330	-1775.96	-1777.98	2.02345	0.0363396
340	-1815.19	-1816.91	1.71893	0.02993506
350	-1767.39	-1769.47	2.0768	0.03795505
360	-1849.72	-1851.1	1.3738	0.02537997
370	-1741.98	-1744.18	2.20526	0.04331669
380	-1621.46	-1623.4	1.94662	0.09359427
390	-1669.96	-1672.24	2.28004	0.06554206
400	-1639.9	-1642.04	2.13143	0.08058969
410	-1625.29	-1627.29	1.99342	0.09052574
420	-1588.9	-1589.89	0.987549	0.1474331
430	-1651.34	-1653.55	2.2057	0.07419763
440	-1648.54	-1650.73	2.18978	0.07567493
450	-1632.29	-1634.35	2.06652	0.08547072
460	-1596.08	-1597.49	1.41134	0.1246611
470	-1603.93	-1605.58	1.64176	0.1118554
480	-1649.11	-1651.3	2.19312	0.07537134
490	-1777.32	-1779.33	2.01454	0.03609127
500	-1681.03	-1683.33	2.30216	0.06115337
510	-1718.87	-1721.15	2.28027	0.04909122
520	-1649.43	-1651.63	2.195	0.07519936
530	-1688.32	-1690.63	2.309	0.05851228
540	-1590.95	-1592.11	1.16427	0.138002
550	-1622.02	-1623.98	1.95388	0.09312491
560	-1625.37	-1627.36	1.99425	0.09047034
570	-1647.65	-1649.83	2.18442	0.07615668
580	-1623.11	-1625.08	1.96746	0.09224124
590	-1600.01	-1599.79	-0.223563	0.2127871
600	-1604.39	-1603.99	-0.395061	0.2223624
610	-1595.9	-1597.31	1.40457	0.1250309
620	-1694.5	-1696.81	2.31038	0.05640631
630	-1642.97	-1645.12	2.15384	0.07877751
640	-1625.82	-1627.82	1.99942	0.09012415
650	-1590.85	-1592.01	1.15773	0.1383524
660	-1587.9	-1588.61	0.707756	0.1623207
670	-1598.08	-1597.94	-0.139029	0.2081061
680	-1589.63	-1590.69	1.0634	0.1433916
690	-1633.36	-1632.14	-1.22009	0.2701036
700	-1791.16	-1787.45	-3.71728	0.4359122
710	-1601.52	-1603.1	1.58108	0.1152794
720	-1591.61	-1591.84	0.220545	0.1884502
730	-1590.65	-1590.94	0.295252	0.1844123
740	-1599.54	-1599.34	-0.203539	0.2116761
750	-1587.99	-1588.8	0.815792	0.156571
760	-1589.15	-1590.16	1.01599	0.1459183
770	-1614.5	-1613.78	-0.726609	0.2411967
780	-1617.34	-1619.23	1.89014	0.09717022
790	-1631.91	-1630.72	-1.18565	0.26805
800	-1599.85	-1601.39	1.53474	0.1178666
810	-1596.7	-1598.13	1.43371	0.1234383
820	-1588.04	-1588.68	0.638696	0.1660009
830	-1706.49	-1708.79	2.30232	0.05262376
840	-1748.55	-1750.73	2.17645	0.04184069
850	-1603.8	-1605.44	1.63864	0.1120323
860	-1746.54	-1748.72	2.18563	0.04228641
870	-1695.5	-1697.81	2.31023	0.05607313
880	-1635.39	-1637.48	2.09463	0.08341347
890	-1786.76	-1788.71	1.94931	0.03442302
900	-1714.12	-1716.41	2.29029	0.05040441
910	-1812.12	-1813.87	1.74615	0.03038363
920	-1719.54	-1721.82	2.27869	0.04890843
930	-1700.98	-1703.29	2.30772	0.05431373
940	-1775.49	-1777.52	2.02648	0.03642543
950	-1634.61	-1636.7	2.0878	0.08392068
960	-1601.96	-1603.55	1.59274	0.1146253
970	-1595.05	-1596.43	1.37163	0.1268247
980	-1590.72	-1591.87	1.14869	0.1388357
990	-1605.57	-1607.25	1.67928	0.1097137
1000	-1628.99	-1631.02	2.03383	0.08777739
1010	-1697.19	-1699.5	2.30977	0.05552316
1020	-1602.29	-1601.97	-0.31569	0.2179174
1030	-1598.27	-1598.12	-0.14748	0.2085729
1040	-1608.9	-1608.35	-0.551508	0.2311946
1050	-1601.36	-1602.93	1.57673	0.1155236
1060	-1604.15	-1603.77	-0.386318	0.2218716
1070	-1598.53	-1600.02	1.49474	0.1200827
1080	-1650.48	-1652.68	2.20096	0.07464548
1090	-1740.73	-1742.94	2.21036	0.04360412
1100	-1672.11	-1674.39	2.28552	0.06465059
1110	-1600.89	-1602.46	1.56415	0.1162271
1120	-1626.51	-1628.51	2.00716	0.08960286
1130	-1590.34	-1591.46	1.1214	0.140295
1140	-1590.4	-1590.72	0.316073	0.1832894
1150	-1588.02	-1588.84	0.826648	0.1559935
1160	-1622.7	-1624.66	1.96238	0.09257321
1170	-1650.7	-1652.9	2.20218	0.07453107
1180	-1699.78	-1702.09	2.30852	0.05469307
1190	-1682.49	-1684.8	2.304	0.06060979
1200	-1692.8	-1695.11	2.31039	0.05697288
1210	-1691.22	-1693.53	2.31013	0.05750704
1220	-1587.89	-1588.63	0.737816	0.1607201
1230	-1601.6	-1603.18	1.58311	0.1151659
1240	-1734.01	-1736.25	2.23583	0.04519785
1250	-1830.69	-1832.26	1.57261	0.02778148
1260	-1722.88	-1725.15	2.2703	0.04801574
1270	-1645.34	-1647.51	2.16985	0.07742946
1280	-1769.61	-1771.67	2.0635	0.0375296
1290	-1722.28	-1724.55	2.27188	0.04817529
1300	-1810.42	-1812.18	1.76101	0.03063606
1310	-1713.07	-1715.36	2.29227	0.05070404
1320	-1688.03	-1690.34	2.30883	0.05861342
1330	-1651.72	-1653.93	2.20773	0.07400376
1340	-1677.38	-1679.68	2.2965	0.06254632
1350	-1605.01	-1606.67	1.66665	0.1104371
1360	-1697.54	-1699.85	2.30964	0.05540947
1370	-1623.99	-1625.97	1.97816	0.09153855
1380	-1594.69	-1596.05	1.3569	0.1276252
1390	-1619.09	-1621	1.91498	0.0956127
1400	-1627.39	-1629.4	2.01682	0.08894702
1410	-1756.17	-1758.31	2.13918	0.04021201
1420	-1632.72	-1634.79	2.07055	0.08518026
1430	-1838.01	-1839.51	1.49865	0.02682835
1440	-1701.36	-1703.67	2.30744	0.05419576
1450	-1647.84	-1650.02	2.18557	0.07605346
1460	-1815.33	-1817.05	1.71765	0.02991438
1470	-1858.08	-1859.36	1.2799	0.02440101
1480	-1695.57	-1697.88	2.31022	0.05605266
1490	-1627.17	-1629.19	2.01447	0.08910676
1500	-1593.29	-1594.59	1.29447	0.1310047
1510	-1619.11	-1621.02	1.91526	0.09559484
1520	-1672.92	-1675.2	2.28742	0.06432128
1530	-1668.27	-1670.55	2.27535	0.06625326
1540	-1591.27	-1591.52	0.246038	0.1870708
1550	-1588.13	-1588.74	0.609713	0.167547
1560	-1591.17	-1592.35	1.17837	0.1372468
1570	-1597	-1598.44	1.44408	0.1228698
1580	-1624.35	-1626.33	1.98234	0.09126233
1590	-1616.71	-1618.59	1.88088	0.09774482
1600	-1649.12	-1651.32	2.1932	0.07536371
1610	-1682.09	-1684.39	2.30352	0.06075898
1620	-1595.33	-1596.71	1.38246	0.126236
1630	-1625.51	-1627.5	1.99587	0.09036161
1640	-1738.93	-1741.15	2.21753	0.04402397
1650	-1639.4	-1641.52	2.12752	0.08089779
1660	-1781.02	-1783.01	1.98967	0.03542602
1670	-1617.04	-1618.92	1.88573	0.09744392
1680	-1691.03	-1693.34	2.31008	0.05757323
1690	-1756.55	-1758.68	2.13721	0.0401327
1700	-1670.19	-1672.47	2.28066	0.06544576
1710	-1592.71	-1593.97	1.26561	0.1325609
1720	-1696.53	-1698.84	2.30998	0.05573678
1730	-1733.65	-1735.88	2.23713	0.04528724
1740	-1754.33	-1756.47	2.14857	0.04059815
1750	-1706.23	-1708.53	2.30264	0.05270265
1760	-1636.53	-1638.64	2.10442	0.08267807
1770	-1595.67	-1597.07	1.3958	0.1255089
1780	-1592.18	-1592.36	0.181142	0.1905858
1790	-1602.24	-1603.84	1.59983	0.1142262
1800	-1599.7	-1601.23	1.53024	0.1181164
1810	-1710.14	-1712.44	2.29722	0.05154614
1820	-1671.72	-1669.72	-1.99836	0.3180744
1830	-1588.48	-1589.02	0.536864	0.1714382
1840	-1588.75	-1589.25	0.493911	0.1737365
1850	-1606.45	-1605.98	-0.4688	0.2265134
1860	-1607.36	-1609.08	1.71745	0.1075123
1870	-1588.39	-1588.94	0.553772	0.1705344
1880	-1746.16	-1748.35	2.18728	0.04236904
1890	-1749.78	-1751.95	2.17075	0.04157347
1900	-1972.39	-1972	-0.38687	0.01449203
1910	-1982.13	-1981.57	-0.560839	0.01387777
1920	-1870.49	-1871.63	1.13324	0.02302568
1930	-1864.86	-1866.06	1.20086	0.02363862
1940	-1860.46	-1861.71	1.2525	0.02413073
1950	-1901.91	-1902.63	0.723937	0.01991725
1960	-1771.64	-1773.69	2.051	0.03714439
1970	-1882.89	-1883.87	0.978198	0.02173864
1980	-1732.83	-1735.07	2.23998	0.04548774
1990	-1684.96	-1687.27	2.30657	0.05970713
2000	-1873.91	-1875.01	1.09131	0.02266224
2010	-1838.76	-1840.25	1.49087	0.02673253
2020	-1708.83	-1711.13	2.29918	0.05192872
2030	-1735.4	-1737.63	2.23087	0.04486342
2040	-1721.81	-1724.08	2.27309	0.04829927
2050	-1709.66	-1711.96	2.29795	0.05168475
2060	-1670.44	-1672.73	2.28134	0.06533818
2070	-1631.11	-1633.17	2.05522	0.08627746
2080	-1686.45	-1688.76	2.30779	0.05917225
2090	-1626.51	-1628.51	2.00715	0.08960335
2100	-1588.36	-1589.27	0.909886	0.151566
2110	-1624.04	-1626.02	1.97868	0.0915038
2120	-1594.68	-1596.04	1.35633	0.1276561
2130	-1601.36	-1602.94	1.57692	0.1155126
2140	-1597.06	-1598.5	1.44627	0.1227498
2150	-1590.63	-1590.93	0.29644	0.1843482
2160	-1596.94	-1596.86	-0.0858796	0.2051754
2170	-1631.9	-1633.97	2.06286	0.08573307
2180	-1629.93	-1631.98	2.04351	0.08710299
2190	-1590.95	-1592.12	1.16458	0.1379857
2200	-1691.55	-1693.86	2.31021	0.05739634
2210	-1686.79	-1689.09	2.30804	0.05905337
2220	-1590.9	-1591.17	0.274653	0.1855243
2230	-1588.8	-1589.29	0.487016	0.1741057
2240	-1588.04	-1588.68	0.636698	0.1661075
2250	-1588.31	-1589.22	0.90114	0.1520313
2260	-1766.61	-1768.69	2.08142	0.03810669
2270	-1616.09	-1617.97	1.87163	0.09831649
2280	-1591.63	-1591.85	0.219102	0.1885284
2290	-1603.77	-1603.4	-0.372205	0.22108
2300	-1587.89	-1588.64	0.750116	0.1600654
2310	-1638.92	-1641.04	2.12381	0.08118856
2320	-1687.85	-1690.16	2.30873	0.05867761
2330	-1591.52	-1591.75	0.227549	0.1880711
2340	-1648.77	-1650.96	2.19115	0.07555046
2350	-1645.07	-1647.24	2.16812	0.0775779
2360	-1595.98	-1597.39	1.40756	0.1248677
2370	-1675.95	-1678.25	2.29386	0.06310643
2380	-1724.29	-1726.56	2.26647	0.04764507
2390	-1675.79	-1678.09	2.29355	0.06316879
2400	-1596.83	-1598.27	1.43835	0.1231837
2410	-1796.42	-1798.3	1.87664	0.03281199
2420	-1722.07	-1724.35	2.27241	0.04822963
2430	-1615.34	-1617.2	1.85997	0.09903305
2440	-1601.87	-1603.46	1.59022	0.1147664
2450	-1590.09	-1590.43	0.343985	0.1817855
2460	-1590.18	-1591.29	1.1092	0.1409469
2470	-1611.98	-1613.79	1.8049	0.1023661
2480	-1628.42	-1630.45	2.02791	0.08818673
2490	-1648.31	-1650.5	2.18843	0.07579743
2500	-1659.33	-1661.57	2.2439	0.07025765
2510	-1671.16	-1673.45	2.28319	0.06503928
2520	-1728.33	-1730.59	2.25466	0.04660743
2530	-1587.92	-1588.7	0.78024	0.1584623
2540	-1667.23	-1665.32	-1.917	0.3129141
2550	-1595.43	-1595.42	-0.0103014	0.2010238
2560	-1598.14	-1598	-0.141569	0.2082464
2570	-1590.65	-1590.95	0.294997	0.1844261
2580	-1599.94	-1601.48	1.5372	0.1177296
2590	-1592.55	-1592.71	0.15651	0.1919229
2600	-1598.24	-1599.72	1.48539	0.1205987
2610	-1633.84	-1635.92	2.08088	0.08442936
2620	-1629.77	-1631.81	2.04184	0.08722012
2630	-1587.9	-1588.66	0.76089	0.159492
2640	-1632.95	-1635.02	2.07273	0.08502287
2650	-1707.24	-1709.55	2.30136	0.05239866
2660	-1616.89	-1618.77	1.88355	0.09757958
2670	-1735.5	-1737.73	2.23048	0.04483776
2680	-1673.56	-1675.85	2.28888	0.06405996
2690	-1629.26	-1631.3	2.03664	0.08758239
2700	-1654.16	-1656.38	2.22037	0.07276279
2710	-1654.86	-1657.09	2.2238	0.07241425
2720	-1623.07	-1625.03	1.96689	0.0922783
2730	-1725.16	-1727.43	2.26405	0.04741952
2740	-1697.47	-1699.78	2.30967	0.05543282
2750	-1760.4	-1762.51	2.1167	0.03934197
2760	-1835.22	-1836.75	1.5272	0.02718703
2770	-1666.2	-1668.47	2.26906	0.06714541
2780	-1605.49	-1605.06	-0.43499	0.2246075
2790	-1646.98	-1645.46	-1.52105	0.2882921
2800	-1610.68	-1610.07	-0.609185	0.2344753
2810	-1598.52	-1600.01	1.49434	0.1201046
2820	-1595.78	-1595.76	-0.0284189	0.2020174
2830	-1588.77	-1589.74	0.971554	0.1482847
2840	-1588.5	-1589.43	0.93235	0.1503709
2850	-1625.15	-1627.15	1.99179	0.09063407
2860	-1590.38	-1591.51	1.12462	0.1401229
2870	-1592.3	-1593.54	1.24424	0.133711
2880	-1608.43	-1610.17	1.73897	0.10626
2890	-1661.59	-1663.84	2.25291	0.06920941
2900	-1646.74	-1648.92	2.17883	0.07665039
2910	-1695.39	-1697.7	2.31025	0.05610949
2920	-1589.74	-1590.81	1.07297	0.1428811
2930	-1605.25	-1604.83	-0.426359	0.2241217
2940	-1681.47	-1683.77	2.30274	0.06099015
2950	-1614.97	-1616.82	1.85419	0.09938709
2960	-1607.13	-1608.84	1.71271	0.1077872
2970	-1617.83	-1619.73	1.89727	0.0967254
2980	-1593.1	-1594.39	1.28527	0.1315011
2990	-1624.05	-1626.03	1.97881	0.09149521
3000	-1612.69	-1614.51	1.81701	0.1016398
3010	-1592.94	-1594.22	1.27763	0.1319128
3020	-1664.37	-1666.64	2.26302	0.06795016
3030	-1643.87	-1646.03	2.16005	0.07826073
3040	-1598.38	-1599.87	1.49002	0.1203429
3050	-1719.41	-1716.64	-2.76783	0.3686818
3060	-1590.23	-1591.34	1.11278	0.1407556
3070	-1587.92	-1588.7	0.779021	0.1585272
3080	-1711.11	-1713.4	2.29566	0.05126476
3090	-1615.69	-1617.56	1.86548	0.09869506
3100	-1603.64	-1603.27	-0.367165	0.2207975
3110	-1590.99	-1592.15	1.16663	0.1378756
3120	-1660.36	-1662.61	2.24812	0.0697734
3130	-1638.99	-1641.11	2.12432	0.08114848
3140	-1681.62	-1683.92	2.30293	0.06093303
3150	-1590.84	-1591.99	1.15675	0.1384046
3160	-1660.55	-1662.8	2.24886	0.06968734
3170	-1588.24	-1589.13	0.887241	0.1527706
3180	-1690.25	-1692.56	2.30985	0.05784275
3190	-1666.31	-1668.58	2.2694	0.06709777
3200	-1637.78	-1639.9	2.11471	0.08189301
3210	-1639.31	-1641.44	2.12686	0.08094937
3220	-1637.72	-1639.83	2.11419	0.08193301
3230	-1591.4	-1592.59	1.19282	0.1364723
3240	-1888.21	-1889.12	0.909116	0.02121154
3250	-1864.08	-1865.29	1.21014	0.0237254
3260	-1722.72	-1724.99	2.27071	0.04805731
3270	-1683.01	-1685.32	2.3046	0.06041757
3280	-1726.7	-1728.96	2.2596	0.04702347
3290	-1669.19	-1671.46	2.27794	0.06586602
3300	-1624.21	-1626.2	1.98078	0.09136535
3310	-1665.26	-1667.53	2.266	0.06755798
3320	-1597.86	-1599.33	1.4732	0.12127
3330	-1595.93	-1597.33	1.40555	0.1249775
3340	-1592.3	-1593.54	1.24413	0.1337169
3350	-1588.75	-1589.72	0.969079	0.1484164
3360	-1762.45	-1764.56	2.10534	0.03892854
3370	-1682.94	-1685.24	2.30451	0.06044576
3380	-1752.34	-1754.5	2.15843	0.04101984
3390	-1644.26	-1642.8	-1.46364	0.2847881
3400	-1594.14	-1595.47	1.33314	0.1289133
3410	-1587.9	-1588.62	0.721003	0.1616153
3420	-1613.7	-1615.53	1.8338	0.1006273
3430	-1589.03	-1589.48	0.457211	0.1757027
3440	-1639.14	-1637.79	-1.352	0.2780208
3450	-1604.55	-1604.15	-0.401067	0.2226997
3460	-1690.22	-1692.53	2.30984	0.05785166
3470	-1689.79	-1692.1	2.30968	0.05799972
3480	-1653.53	-1655.75	2.21719	0.07308002
3490	-1608.76	-1610.5	1.74545	0.1058816
3500	-1619.12	-1618.26	-0.858799	0.2488334
3510	-1588.53	-1589.06	0.528106	0.1719066
3520	-1589.78	-1590.85	1.07638	0.1426991
3530	-1589.88	-1590.24	0.364011	0.1807077
3540	-1630.87	-1632.92	2.05281	0.08644827
3550	-1665.88	-1668.15	2.26803	0.06728627
3560	-1677.51	-1679.81	2.29672	0.06249786
3570	-1766.9	-1768.98	2.07972	0.03805051
3580	-1683.31	-1685.61	2.30492	0.06030956
3590	-1624.03	-1626.01	1.97854	0.09151349
3600	-1657.75	-1659.98	2.23714	0.07100815
3610	-1673.7	-1675.99	2.2892	0.06400237
3620	-1605.73	-1605.29	-0.443532	0.2250886
3630	-1609.97	-1609.39	-0.586624	0.2331904
3640	-1591.8	-1592.01	0.207346	0.1891651
3650	-1598.75	-1598.58	-0.168875	0.209756
3660	-1590.29	-1590.62	0.325694	0.1827708
3670	-1629.45	-1631.48	2.03854	0.08745028
3680	-1635.25	-1637.34	2.09343	0.08350291
3690	-1692.24	-1694.56	2.31033	0.0571602
3700	-1632.98	-1635.05	2.07301	0.08500277
3710	-1589.84	-1590.92	1.08153	0.1424244
3720	-1621.54	-1623.49	1.9477	0.09352445
3730	-1588.53	-1589.06	0.529012	0.1718582
3740	-1588.77	-1589.26	0.491784	0.1738503
3750	-1620.74	-1622.67	1.93725	0.09419661
3760	-1708.4	-1710.7	2.2998	0.05205529
3770	-1692.25	-1694.56	2.31033	0.05715928
3780	-1634.13	-1636.21	2.08351	0.08423633
3790	-1596.8	-1598.24	1.43735	0.1232387
3800	-1598.89	-1600.4	1.50598	0.119461
3810	-1603.32	-1604.95	1.62695	0.1126952
3820	-1588.11	-1588.97	0.855875	0.1544389
3830	-1587.89	-1588.62	0.722903	0.1615141
3840	-1606.17	-1605.71	-0.458841	0.2259515
3850	-1611.14	-1612.93	1.79002	0.1032531
3860	-1593.98	-1595.31	1.32636	0.1292806
3870	-1652.1	-1654.31	2.20979	0.07380544
3880	-1645.65	-1647.82	2.17186	0.07725714
3890	-1821.17	-1822.84	1.66413	0.0290811
3900	-1783.96	-1785.93	1.96924	0.03490726
3910	-1655.15	-1657.37	2.22519	0.07227218
3920	-1713.24	-1715.53	2.29195	0.05065489
3930	-1774.39	-1776.42	2.03359	0.03662915
3940	-1667.13	-1669.4	2.27194	0.06674432
3950	-1708.54	-1710.84	2.2996	0.05201409
3960	-1660.87	-1663.12	2.25011	0.06954088
3970	-1663.86	-1666.13	2.26125	0.06817753
3980	-1674.97	-1677.26	2.29189	0.06349671
3990	-1760.14	-1762.26	2.11809	0.03939362
4000	-1816.33	-1818.04	1.70859	0.02976912
4010	-1636.74	-1638.85	2.10617	0.08254514
4020	-1602.09	-1603.68	1.59596	0.1144438
4030	-1635.68	-1637.78	2.09717	0.08322358
4040	-1774.09	-1776.12	2.03552	0.03668511
4050	-1818.2	-1819.89	1.69161	0.02950159
4060	-1906.19	-1906.85	0.664071	0.01953147
4070	-1941.02	-1941.16	0.1399	0.01667735
4080	-1706.01	-1708.32	2.3029	0.05276761
4090	-1667.24	-1669.51	2.27228	0.06669553
4100	-1702.66	-1704.97	2.30637	0.05378947
4110	-1807.54	-1809.33	1.78578	0.03106918
4120	-1800.14	-1801.99	1.84708	0.03221597
4130	-1817.8	-1819.49	1.69531	0.0295593
4140	-1828.7	-1830.29	1.59222	0.02804794
4150	-2065.11	-2062.87	-2.24071	0.00963807
4160	-1873.08	-1874.18	1.10159	0.02275022
4170	-1842.76	-1844.21	1.44897	0.02622986
4180	-1597.73	-1599.2	1.46892	0.1215055
4190	-1658.48	-1660.72	2.24032	0.07065803
4200	-1828.59	-1830.19	1.59324	0.02806196
4210	-1808.07	-1809.85	1.78126	0.03098895
4220	-1900.52	-1901.27	0.743149	0.02004421
4230	-1760.45	-1762.57	2.11641	0.0393313
4240	-1816.87	-1818.58	1.7037	0.02969143
4250	-1711.42	-1713.71	2.29514	0.05117515
4260	-1714.21	-1716.5	2.29013	0.05038087
4270	-1647.36	-1649.54	2.18264	0.07631503
4280	-1650.08	-1652.28	2.19868	0.07485853
4290	-1640.56	-1642.7	2.13638	0.08019597
4300	-1655.39	-1657.61	2.22632	0.07215533
4310	-1651.56	-1653.77	2.20688	0.07408517
4320	-1605.28	-1606.95	1.67277	0.1100867
4330	-1660.16	-1662.4	2.24729	0.06987039
4340	-1603.95	-1605.59	1.64216	0.1118326
4350	-1649.63	-1651.82	2.19612	0.07509608
4360	-1632.36	-1634.43	2.06721	0.08542106
4370	-1621.59	-1623.54	1.94836	0.09348213
4380	-1590.78	-1591.06	0.284335	0.1850015
4390	-1591.53	-1591.76	0.226318	0.1881377
4400	-1597.22	-1598.67	1.45181	0.122446
4410	-1642.76	-1644.91	2.15238	0.07889809
4420	-1873.12	-1874.22	1.10107	0.0227457
4430	-1674.32	-1676.61	2.29054	0.06375522
4440	-1676.39	-1678.69	2.2947	0.06293309
4450	-1696.49	-1698.8	2.31	0.05575123
4460	-1713.76	-1716.05	2.29098	0.05050715
4470	-1699.97	-1702.28	2.3084	0.05463228
4480	-1767.86	-1769.94	2.07402	0.03786456
4490	-1735.95	-1738.18	2.22884	0.04473065
4500	-1741.77	-1743.98	2.20612	0.04336434
4510	-1600.28	-1601.83	1.54708	0.1171798
4520	-1690.9	-1693.21	2.31005	0.05761856
4530	-1666.18	-1668.45	2.269	0.06715365
4540	-1752.67	-1754.82	2.15682	0.04095011
4550	-1813.23	-1814.96	1.73642	0.03022129
4560	-1745.68	-1747.87	2.18945	0.04247807
4570	-1674.72	-1677.02	2.29139	0.06359341
4580	-1635.01	-1637.1	2.09133	0.08365897
4590	-1655.07	-1657.29	2.2248	0.07231187
4600	-1723.89	-1726.15	2.26759	0.04775156
4610	-1592.18	-1593.41	1.23762	0.1340671
4620	-1588	-1588.82	0.822032	0.156239
4630	-1695.62	-1697.93	2.31021	0.05603557
4640	-1679.48	-1681.78	2.29995	0.06173877
4650	-1667.79	-1670.06	2.27393	0.0664593
4660	-1606.49	-1608.19	1.69919	0.1085687
4670	-1635.95	-1634.67	-1.28003	0.2736908
4680	-1598.95	-1598.77	-0.177933	0.2102573
4690	-1588.41	-1589.33	0.918675	0.1510985
4700	-1589.17	-1590.19	1.01853	0.1457831
4710	-1635.4	-1637.49	2.09473	0.08340584
4720	-1696.76	-1699.07	2.30991	0.05566249
4730	-1638.79	-1640.91	2.12276	0.08127036
4740	-1717.71	-1720	2.28288	0.04940599
4750	-1701.54	-1703.84	2.3073	0.05414006
4760	-1732.24	-1734.48	2.24199	0.04563248
4770	-1675.23	-1677.52	2.29243	0.06339227
4780	-1682.07	-1684.37	2.30349	0.06076628
4790	-1636.67	-1638.78	2.10557	0.08259131
4800	-1633.74	-1635.82	2.07997	0.08449568
4810	-1738.77	-1740.99	2.21816	0.044062
4820	-1592.44	-1592.61	0.163612	0.1915372
4830	-1623.94	-1625.92	1.97755	0.09157861
4840	-1660.04	-1662.29	2.24683	0.06992321
4850	-1703.97	-1706.27	2.30514	0.05338798
4860	-1643.23	-1645.39	2.15566	0.07862719
4870	-1616.08	-1617.95	1.87136	0.09833308
4880	-1588.89	-1589.37	0.475008	0.1747489
4890	-1593.38	-1594.67	1.2985	0.1307867
4900	-1611.26	-1613.05	1.79215	0.1031264
4910	-1800.01	-1801.86	1.84819	0.03223765
4920	-1733.6	-1735.83	2.2373	0.04529933
4930	-1609.01	-1610.76	1.75046	0.1055881
4940	-1615.96	-1617.83	1.86953	0.0984461
4950	-1609.67	-1611.43	1.76296	0.1048541
4960	-1713.68	-1715.97	2.29113	0.05052963
4970	-1665.61	-1667.88	2.26714	0.06740536
4980	-1681.01	-1683.31	2.30213	0.06116209
4990	-1612.95	-1614.77	1.82136	0.1013783
5000	-1588.7	-1589.2	0.502405	0.1732817
5010	-1603.27	-1602.92	-0.353409	0.2200268
5020	-1589.91	-1591	1.08753	0.142104
5030	-1738.23	-1740.45	2.22025	0.04418868
5040	-1684.39	-1686.7	2.30604	0.05991349
5050	-1662.59	-1664.85	2.25669	0.06874985
5060	-1622.92	-1624.89	1.96514	0.09239271
5070	-1589	-1589.46	0.460179	0.1755435
5080	-1652.6	-1650.97	-1.63631	0.2953763
5090	-1587.99	-1588.65	0.656479	0.1650528
5100	-1598.82	-1600.32	1.50367	0.1195892
5110	-1663.86	-1666.12	2.26123	0.06818001
5120	-1672.42	-1674.71	2.28626	0.06452295
5130	-1641.59	-1643.73	2.14397	0.07958579
5140	-1693.44	-1695.75	2.31042	0.05675647
5150	-1651.22	-1653.43	2.20505	0.07425996
5160	-1597.36	-1597.25	-0.105649	0.2062643
5170	-1587.96	-1588.63	0.67192	0.1642298
5180	-1588.38	-1589.29	0.913213	0.1513891
5190	-1678.67	-1680.97	2.29867	0.06205069
5200	-1710.11	-1712.41	2.29725	0.05155313
5210	-1726.82	-1729.08	2.25922	0.04699124
5220	-1686.22	-1688.53	2.30762	0.05925319
5230	-1596.97	-1598.41	1.44315	0.1229211
5240	-1690.06	-1692.37	2.30978	0.05790796
5250	-1718.34	-1720.62	2.28147	0.04923363
5260	-1604.84	-1606.5	1.66283	0.1106551
5270	-1622.39	-1624.34	1.95845	0.09282896
5280	-1688.03	-1690.34	2.30883	0.05861395
5290	-1750.59	-1752.76	2.16689	0.04139655
5300	-1784.58	-1786.55	1.96487	0.03479926
5310	-1597.69	-1599.16	1.46767	0.1215742
5320	-1680.59	-1682.89	2.30156	0.06132013
5330	-1600.04	-1601.58	1.54013	0.1175665
5340	-1588.55	-1589.49	0.94117	0.1499017
5350	-1593.78	-1595.1	1.31719	0.1297766
5360	-1588.72	-1589.68	0.964496	0.1486604
5370	-1628.87	-1630.91	2.03262	0.08786096
5380	-1677.33	-1679.62	2.2964	0.06256807
5390	-1595.21	-1596.59	1.37794	0.1264817
5400	-1661.64	-1663.89	2.2531	0.06918574
5410	-1609.3	-1611.05	1.75594	0.1052668
5420	-1595.64	-1597.04	1.3948	0.1255639
5430	-1598.05	-1599.53	1.47959	0.1209183
5440	-1661.32	-1663.57	2.2519	0.06933003
5450	-1762.13	-1764.24	2.10712	0.03899237
5460	-1662.59	-1664.85	2.25667	0.06875178
5470	-1603.81	-1605.45	1.63886	0.1120203
5480	-1615.55	-1617.42	1.86334	0.09882689
5490	-1603.15	-1602.8	-0.348951	0.2197772
5500	-1614.64	-1613.91	-0.730574	0.2414247
5510	-1639.33	-1641.46	2.12699	0.08093958
5520	-1772.08	-1774.12	2.04825	0.03706139
5530	-1773.48	-1775.52	2.03941	0.03679861
5540	-1810.97	-1812.72	1.75628	0.03055514
5550	-1781.15	-1783.14	1.98878	0.03540304
5560	-1904.9	-1905.58	0.68222	0.01964687
5570	-1834.83	-1836.36	1.53115	0.02723746
5580	-1883.51	-1884.48	0.970184	0.02167613
5590	-1599.95	-1601.48	1.5374	0.1177182
5600	-1616.89	-1618.77	1.88357	0.09757854
5610	-1670.76	-1673.05	2.28217	0.06520487
5620	-1707.12	-1709.42	2.30152	0.05243562
5630	-1753.13	-1755.28	2.15454	0.04085151
5640	-1664.44	-1666.71	2.26325	0.0679196
5650	-1659.06	-1661.3	2.24277	0.07038488
5660	-1698.42	-1700.72	2.30926	0.05512773
5670	-1795.11	-1796.99	1.88689	0.03302602
5680	-1758.79	-1760.92	2.12538	0.0396695
5690	-1590.96	-1591.23	0.270303	0.1857593
5700	-1636.06	-1634.78	-1.28263	0.273847
5710	-1599.25	-1600.77	1.51687	0.1188584
5720	-1664.15	-1666.41	2.26224	0.06805097
5730	-1635.3	-1637.4	2.09388	0.0834697
5740	-1651.7	-1653.9	2.20762	0.07401502
5750	-1604.82	-1604.41	-0.410646	0.223238
5760	-1641.52	-1643.66	2.14345	0.0796278
5770	-1674.68	-1676.97	2.2913	0.06360982
5780	-1654.16	-1656.38	2.22036	0.07276373
5790	-1631.35	-1633.41	2.05755	0.08611226
5800	-1666.94	-1669.22	2.27138	0.06682337
5810	-1609.46	-1611.22	1.75898	0.1050882
5820	-1696.26	-1698.57	2.31006	0.05582506
5830	-1591.08	-1592.25	1.17276	0.1375475
5840	-1650.86	-1653.06	2.20306	0.07444807
5850	-1592.05	-1593.28	1.23086	0.1344304
5860	-1595.12	-1595.13	0.00602639	0.2001293
5870	-1601.97	-1603.57	1.593	0.1146106
5880	-1707.69	-1710	2.30077	0.05226474
5890	-1693.67	-1695.98	2.31042	0.05668183
5900	-1698.24	-1700.55	2.30934	0.05518339
5910	-1773.88	-1775.92	2.03683	0.03672317
5920	-1654.76	-1656.99	2.22332	0.07246336
5930	-1631.32	-1633.38	2.05728	0.08613107
5940	-1628.85	-1630.88	2.03234	0.08788033
5950	-1597.42	-1597.31	-0.108459	0.2064193
5960	-1702.86	-1700.34	-2.51758	0.3518574
5970	-1588.44	-1588.98	0.544365	0.1710372
5980	-1870.75	-1871.88	1.13008	0.02299784
5990	-1933.8	-1934.05	0.253909	0.01722959
6000	-1781.2	-1783.19	1.98841	0.03539326
6010	-1791.8	-1793.72	1.91211	0.03357027
6020	-1690.59	-1692.9	2.30996	0.05772555
6030	-1614.75	-1616.6	1.85072	0.09959901
6040	-1749.08	-1751.25	2.17401	0.04172519
6050	-1811.44	-1813.19	1.75219	0.0304855
6060	-1649.11	-1651.3	2.19314	0.07536995
6070	-1592.05	-1593.29	1.23096	0.1344249
6080	-1589.41	-1590.45	1.04293	0.1444828
6090	-1726.54	-1728.8	2.26005	0.04706328
6100	-1739.56	-1741.77	2.21505	0.04387678
6110	-1793.31	-1795.21	1.9007	0.03332099
6120	-1672.14	-1674.43	2.2856	0.0646375
6130	-1710.88	-1713.17	2.29604	0.05133205
6140	-1650.2	-1652.4	2.19936	0.0747954
6150	-1598.56	-1600.05	1.49557	0.1200365
6160	-1748.52	-1750.69	2.17662	0.04184858
6170	-1703.78	-1706.09	2.30533	0.0534453
6180	-1651.97	-1654.18	2.20907	0.07387537
6190	-1629.86	-1631.9	2.04274	0.08715699
6200	-1646.5	-1648.67	2.17728	0.07678667
6210	-1674.92	-1677.21	2.29179	0.06351582
6220	-1608.1	-1609.84	1.73256	0.1066339
6230	-1617.58	-1619.48	1.89371	0.09694752
6240	-1650.65	-1652.86	2.20192	0.07455604
6250	-1761.55	-1763.66	2.11034	0.03910846
6260	-1813.88	-1815.61	1.73065	0.03012607
6270	-1742.67	-1744.88	2.20236	0.0431572
6280	-1655.05	-1657.27	2.2247	0.07232219
6290	-1668.64	-1670.91	2.27639	0.06609919
6300	-1733.28	-1735.52	2.23842	0.04537733
6310	-1609.45	-1611.21	1.75886	0.1050951
6320	-1692.35	-1694.66	2.31034	0.05712414
6330	-1640.59	-1642.72	2.13659	0.08017953
6340	-1611.44	-1613.24	1.79535	0.1029362
6350	-1685.1	-1687.41	2.30669	0.05965705
6360	-1598.2	-1599.69	1.48434	0.1206562
6370	-1617.41	-1619.3	1.89113	0.09710836
6380	-1631.56	-1633.62	2.05961	0.08596536
6390	-1659.59	-1661.84	2.24499	0.07013424
6400	-1597.97	-1599.45	1.47696	0.1210628
6410	-1602.78	-1604.4	1.6137	0.1134447
6420	-1600.3	-1601.84	1.54748	0.1171576
6430	-1677.91	-1680.21	2.29742	0.06234119
6440	-1674.51	-1676.8	2.29094	0.06367826
6450	-1661.89	-1664.14	2.25405	0.06907109
6460	-1612.03	-1613.83	1.80561	0.1023236
6470	-1589.48	-1590.53	1.04926	0.1441454
6480	-1591.85	-1592.05	0.203874	0.1893533
6490	-1606.71	-1608.42	1.70398	0.1082918
6500	-1732.33	-1734.57	2.24168	0.04560999
6510	-1616.01	-1617.88	1.87037	0.09839409
6520	-1691.76	-1694.07	2.31025	0.05732352
6530	-1625.97	-1627.97	2.0011	0.0900113
6540	-1587.94	-1588.62	0.68347	0.1636144
6550	-1589.03	-1589.49	0.457074	0.17571
6560	-1681.59	-1679.42	-2.17111	0.3291499
6570	-1624.19	-1623.19	-0.994308	0.2567414
6580	-1677.35	-1679.65	2.29645	0.06255755
6590	-1608.7	-1610.45	1.74444	0.1059404
6600	-1696.01	-1698.32	2.31012	0.05590695
6610	-1656.59	-1658.83	2.23196	0.07156489
6620	-1669.29	-1671.57	2.27824	0.06582063
6630	-1634.43	-1636.52	2.08623	0.08403606
6640	-1625.07	-1627.06	1.99083	0.09069811
6650	-1597.51	-1598.97	1.46161	0.1219075
6660	-1680.27	-1682.57	2.30111	0.0614405
6670	-1591.09	-1592.26	1.17342	0.1375123
6680	-1600.34	-1601.89	1.54864	0.1170925
6690	-1603.24	-1604.86	1.62499	0.1128066
6700	-1599.12	-1600.64	1.51308	0.1190681
6710	-1735.31	-1737.54	2.23118	0.04488371
6720	-1647.34	-1649.53	2.18256	0.0763217
6730	-1588.87	-1589.35	0.477431	0.1746191
6740	-1592.32	-1592.49	0.171783	0.1910936
6750	-1587.9	-1588.61	0.714089	0.1619835
6760	-1608.1	-1609.83	1.7325	0.1066375
6770	-1630.81	-1632.86	2.05223	0.08648914
6780	-1687.01	-1689.31	2.30819	0.05897505
6790	-1624.15	-1626.13	1.98	0.09141654
6800	-1658.9	-1661.14	2.24208	0.07046194
6810	-1589.9	-1590.99	1.08687	0.1421394
6820	-1588.7	-1589.67	0.962719	0.1487549
6830	-1758.25	-1760.38	2.12826	0.03978028
6840	-1886.62	-1887.55	0.929889	0.0213673
6850	-1892.28	-1893.13	0.855193	0.0208177
6860	-1882.7	-1883.68	0.980647	0.02175782
6870	-1657.34	-1659.57	2.23531	0.07120583
6880	-1631.87	-1633.93	2.06255	0.08575527
6890	-1634.37	-1636.46	2.08566	0.08407801
6900	-1891.59	-1892.45	0.86438	0.02088377
6910	-1922.71	-1923.14	0.423453	0.01811591
6920	-1823.75	-1825.39	1.6399	0.02872268
6930	-1821.7	-1823.36	1.65919	0.02900715
6940	-1617.5	-1619.39	1.89252	0.09702194
6950	-1603.49	-1605.12	1.6311	0.1124605
6960	-1691.23	-1693.54	2.31013	0.05750454
6970	-1653.42	-1655.64	2.21663	0.07313619
6980	-1749.92	-1752.09	2.17008	0.04154253
6990	-1625.69	-1627.69	1.99798	0.09022016
7000	-1589.23	-1589.66	0.433021	0.177
7010	-1589.01	-1589.47	0.458981	0.1756078
7020	-1678.2	-1680.5	2.2979	0.06223047
7030	-1656.56	-1658.79	2.2318	0.07158142
7040	-1806.99	-1808.78	1.79051	0.03115373
7050	-1729.51	-1731.76	2.25095	0.04630932
7060	-1758.55	-1760.68	2.12665	0.03971823
7070	-1742.8	-1745	2.20184	0.04312861
7080	-1733.23	-1735.47	2.23857	0.04538836
7090	-1788.78	-1790.71	1.93462	0.03407867
7100	-1663.45	-1665.71	2.25979	0.06836354
7110	-1667.03	-1669.3	2.27163	0.0667873
7120	-1622.76	-1624.73	1.96315	0.09252269
7130	-1600.33	-1601.88	1.54838	0.1171073
7140	-1659.52	-1661.77	2.24471	0.07016586
7150	-1795.68	-1797.56	1.88242	0.03293219
7160	-1684.48	-1686.79	2.30612	0.0598817
7170	-1631.25	-1633.31	2.05657	0.08618174
7180	-1596.35	-1597.77	1.42117	0.1241243
7190	-1690.21	-1692.52	2.30983	0.05785627
7200	-1624.15	-1626.13	1.98002	0.09141565
7210	-1690.97	-1693.28	2.31007	0.05759239
7220	-1646.01	-1648.19	2.17422	0.07705331
7230	-1672.64	-1674.92	2.28677	0.06443451
7240	-1655.94	-1658.17	2.22895	0.07188203
7250	-1710.55	-1712.84	2.29657	0.05142792
7260	-1735.76	-1737.99	2.22954	0.04477613
7270	-1743.36	-1745.56	2.19948	0.04300107
7280	-1780.31	-1782.3	1.9945	0.0355522
7290	-1705.25	-1707.56	2.30378	0.05299716
7300	-1617.02	-1618.91	1.88556	0.09745477
7310	-1594.77	-1596.13	1.36005	0.1274544
7320	-1693.67	-1695.98	2.31042	0.05668068
7330	-1644.02	-1646.18	2.16106	0.07817622
7340	-1624.4	-1626.39	1.98301	0.09121756
7350	-1601.82	-1603.41	1.58907	0.114831
7360	-1593.78	-1593.86	0.0806182	0.1960532
7370	-1593.25	-1594.55	1.29265	0.1311029
7380	-1587.89	-1588.64	0.748543	0.1601492
7390	-1616.81	-1618.69	1.8824	0.09765062
7400	-1617.47	-1619.37	1.89213	0.09704613
7410	-1755.67	-1757.81	2.14172	0.04031494
7420	-1651.62	-1653.82	2.20719	0.07405584
7430	-1644.97	-1647.14	2.16743	0.07763654
7440	-1699.57	-1701.88	2.30864	0.05475781
7450	-1604.98	-1606.65	1.66609	0.1104689
7460	-1588.07	-1588.7	0.627703	0.1665872
7470	-1633.55	-1635.62	2.07822	0.08462366
7480	-1608.24	-1609.97	1.7352	0.1064801
7490	-1645.17	-1647.34	2.16873	0.07752562
7500	-1606.05	-1607.74	1.68979	0.1091098
7510	-1617.84	-1619.73	1.89738	0.09671833
7520	-1636.59	-1638.69	2.10485	0.08264536
7530	-1617.99	-1619.89	1.8996	0.09657952
7540	-1607.27	-1606.77	-0.49678	0.228094
7550	-1690.73	-1688.4	-2.32379	0.339074
7560	-1688.57	-1686.28	-2.28823	0.3367509
7570	-1722.92	-1720.1	-2.81907	0.3721715
7580	-1637.51	-1639.62	2.11247	0.08206484
7590	-1591.1	-1592.28	1.1743	0.1374649
7600	-1590.65	-1591.8	1.14414	0.1390793
7610	-1638.34	-1640.46	2.1192	0.08154656
7620	-1642.51	-1644.66	2.15062	0.07904324
7630	-1613.04	-1614.86	1.82292	0.1012845
7640	-1589.41	-1590.46	1.04308	0.1444749
7650	-1587.92	-1588.7	0.779662	0.1584931
7660	-1603.7	-1605.33	1.63614	0.1121745
7670	-1749.35	-1751.52	2.17274	0.04166601
7680	-1588.56	-1589.08	0.523453	0.1721555
7690	-1620.58	-1622.51	1.93515	0.09433072
7700	-1598.73	-1600.23	1.50084	0.1197454
7710	-1601.7	-1603.29	1.58586	0.1150114
7720	-1589.54	-1590.59	1.05495	0.1438422
7730	-1636.58	-1638.68	2.10479	0.08265037
7740	-1622.63	-1624.59	1.9615	0.09263
7750	-1606.68	-1608.39	1.70337	0.1083272
7760	-1602.32	-1603.92	1.60196	0.1141066
7770	-1607.69	-1609.41	1.7242	0.1071205
7780	-1587.9	-1588.66	0.758521	0.1596181
7790	-1736.99	-1739.22	2.22496	0.04448133
7800	-1654.21	-1656.43	2.22058	0.07274076
7810	-1789.78	-1791.71	1.92724	0.0339096
7820	-1647.95	-1650.14	2.18626	0.07599201
7830	-1684.85	-1687.16	2.30647	0.05974651
7840	-1610.93	-1612.71	1.78616	0.1034824
7850	-1590.1	-1591.2	1.10298	0.1412793
7860	-1625.12	-1627.11	1.99135	0.09066355
7870	-1636.03	-1638.13	2.10013	0.08300183
7880	-1677.08	-1679.38	2.29597	0.06266287
7890	-1765.12	-1767.21	2.09013	0.03839882
7900	-1651.15	-1653.35	2.20464	0.07429855
7910	-1616.58	-1618.46	1.87896	0.09786373
7920	-1644.73	-1646.9	2.16587	0.07776928
7930	-1645.77	-1647.95	2.17266	0.07718758
7940	-1599.54	-1601.06	1.52539	0.1183856
7950	-1659.9	-1662.14	2.24624	0.06999078
7960	-1604.72	-1606.38	1.66022	0.1108043
7970	-1588.1	-1588.72	0.617795	0.1671158
7980	-1614.59	-1616.44	1.84824	0.09975044
7990	-1641.52	-1643.67	2.1435	0.07962376
8000	-1667.3	-1669.57	2.27246	0.06666989
8010	-1629.78	-1631.82	2.04191	0.08721515
8020	-1608.7	-1610.44	1.74428	0.1059497
8030	-1650.27	-1652.47	2.1998	0.07475426
8040	-1772.79	-1774.84	2.04375	0.03692681
8050	-1664.98	-1667.24	2.26507	0.06768236
8060	-1667.99	-1670.27	2.27452	0.06637354
8070	-1710.72	-1713.01	2.2963	0.05137788
8080	-1587.91	-1588.61	0.699563	0.162757
8090	-1588.01	-1588.84	0.824995	0.1560814
8100	-1680.25	-1682.55	2.30108	0.06144747
8110	-1659.3	-1661.54	2.24376	0.07027278
8120	-1683.5	-1685.81	2.30513	0.06023845
8130	-1661.44	-1663.7	2.25236	0.06927413
8140	-1599.82	-1601.36	1.53389	0.1179136
8150	-1588.26	-1589.15	0.890989	0.1525712
8160	-1755.34	-1757.49	2.14341	0.04038417
8170	-1746.36	-1748.55	2.1864	0.0423249
8180	-1695.44	-1697.75	2.31024	0.05609292
8190	-1679.46	-1681.76	2.29991	0.06174938
8200	-1708.43	-1710.73	2.29976	0.05204817
8210	-1769.85	-1771.92	2.06198	0.03748213
8220	-1802.75	-1804.58	1.82587	0.03180614
8230	-1788.76	-1790.69	1.93478	0.03408233
8240	-1593.7	-1595.02	1.31372	0.1299646
8250	-1658.52	-1660.76	2.2405	0.07063799
8260	-1605.83	-1607.51	1.68488	0.109392
8270	-1616.49	-1618.37	1.87763	0.09794605
8280	-1610.56	-1612.34	1.77954	0.1038753
8290	-1694.04	-1696.35	2.31041	0.05655905
8300	-1630.51	-1632.56	2.04928	0.08669763
8310	-1631.27	-1633.33	2.05679	0.08616603
8320	-1654.79	-1657.01	2.22345	0.07244996
8330	-1597.61	-1599.08	1.46504	0.1217188
8340	-1677.11	-1679.41	2.29602	0.06265288
8350	-1719.64	-1721.92	2.27846	0.04888202
8360	-1726.81	-1729.07	2.25925	0.04699369
8370	-1680.35	-1682.65	2.30122	0.06141159
8380	-1656.64	-1658.87	2.23218	0.07154109
8390	-1668.52	-1670.79	2.27605	0.06614996
8400	-1652.79	-1655.01	2.2134	0.07345411
8410	-1589.67	-1590.05	0.384684	0.179596
8420	-1596.03	-1597.43	1.40922	0.1247773
8430	-1589.57	-1589.96	0.395447	0.1790175
8440	-1590.07	-1590.41	0.345989	0.1816777
8450	-1589.87	-1590.96	1.0844	0.1422712
8460	-1616.83	-1618.71	1.88267	0.09763409
8470	-1733.53	-1735.77	2.23752	0.04531471
8480	-1786.64	-1788.59	1.95021	0.03444429
8490	-1855.75	-1857.06	1.30645	0.02466921
8500	-1797.78	-1799.65	1.86594	0.03259259
8510	-1589.34	-1590.38	1.03599	0.144853
8520	-1595.3	-1595.29	-0.00323639	0.2006367
8530	-1613.44	-1615.27	1.82961	0.1008809
8540	-1602.23	-1603.83	1.59979	0.1142283
8550	-1620.01	-1621.94	1.92765	0.09480899
8560	-1615.85	-1617.72	1.86792	0.09854508
8570	-1726.3	-1728.56	2.26076	0.04712486
8580	-1748.57	-1750.75	2.17637	0.0418365
8590	-1830.37	-1831.94	1.57581	0.02782455
8600	-1822.81	-1824.45	1.64882	0.02885339
8610	-1826.6	-1828.21	1.61263	0.02833205
8620	-1725.36	-1727.62	2.26349	0.04736888
8630	-1672	-1674.29	2.28526	0.06469489
8640	-1607.86	-1609.59	1.72771	0.1069164
8650	-1591.8	-1593.01	1.21635	0.1352099
8660	-1588.08	-1588.7	0.625114	0.1667253
8670	-1599.68	-1599.47	-0.209412	0.2120018
8680	-1607.8	-1609.52	1.72637	0.1069945
8690	-1742.88	-1745.08	2.20151	0.04311094
8700	-1632.86	-1634.93	2.07191	0.08508228
8710	-1590.73	-1591.02	0.288481	0.1847777
8720	-1678.44	-1680.73	2.29829	0.0621396
8730	-1599.45	-1600.97	1.52274	0.1185326
8740	-1681.12	-1683.42	2.30228	0.06112167
8750	-1669.09	-1671.37	2.27768	0.0659053
8760	-1617.44	-1619.33	1.89159	0.09707951
8770	-1652.54	-1654.75	2.21208	0.07358365
8780	-1759.39	-1761.52	2.12215	0.03954625
8790	-1639.22	-1641.34	2.12613	0.08100661
8800	-1620.13	-1622.06	1.92927	0.09470619
8810	-1595.86	-1597.27	1.40315	0.1251083
8820	-1732.05	-1734.3	2.24261	0.04567773
8830	-1737.42	-1739.64	2.22336	0.04438118
8840	-1753.88	-1756.03	2.15079	0.04069146
8850	-1876.48	-1877.54	1.05944	0.02239386
8860	-1909.64	-1910.26	0.614957	0.01922564
8870	-1855.75	-1857.05	1.30653	0.02467007
8880	-1759.18	-1761.3	2.12332	0.03959071
8890	-1657.17	-1659.4	2.23456	0.07128703
8900	-1823.21	-1824.86	1.64496	0.02879666
8910	-1852.2	-1853.55	1.34637	0.0250851
8920	-1669.84	-1672.12	2.27972	0.06559243
8930	-1638.42	-1640.54	2.11981	0.08149976
8940	-1662.91	-1665.17	2.25784	0.06860764
8950	-1601.9	-1603.49	1.59105	0.1147202
8960	-1615.42	-1617.28	1.86124	0.09895555
8970	-1707.67	-1709.97	2.30081	0.05227311
8980	-1598.85	-1600.35	1.50468	0.1195328
8990	-1613.84	-1615.68	1.83623	0.10048
9000	-1587.92	-1588.7	0.782059	0.1583656
9010	-1639.33	-1641.45	2.12697	0.08094089
9020	-1693.35	-1695.66	2.31041	0.05678774
9030	-1612.45	-1614.26	1.81287	0.1018888
9040	-1630.06	-1632.1	2.04475	0.08701593
9050	-1736.41	-1733.4	-3.0105	0.3853456
9060	-1605.79	-1605.35	-0.445624	0.2252065
9070	-1588.25	-1589.14	0.888116	0.1527241
9080	-1717.61	-1719.89	2.28312	0.04943498
9090	-1677.26	-1679.56	2.29628	0.06259476
9100	-1638.48	-1640.6	2.12033	0.08145952
9110	-1758.8	-1760.92	2.12534	0.03966794
9120	-1789.25	-1791.18	1.93113	0.03399838
9130	-1719.62	-1721.9	2.2785	0.04888683
9140	-1774.42	-1776.46	2.03339	0.03662346
9150	-1716.05	-1718.34	2.28645	0.04986505
9160	-1732.03	-1734.27	2.24271	0.04568456
9170	-1739.01	-1741.23	2.2172	0.0440045
9180	-1787.42	-1789.36	1.94453	0.03430986
9190	-1842.94	-1844.39	1.44702	0.02620689
9200	-1930.57	-1930.88	0.303902	0.01748244
9210	-1846.16	-1847.57	1.41259	0.02581058
9220	-1669.51	-1671.79	2.27884	0.06572851
9230	-1618.47	-1620.38	1.90642	0.09615169
9240	-1593.61	-1594.92	1.30929	0.1302039
9250	-1710.07	-1712.37	2.29732	0.05156495
9260	-1589.42	-1590.46	1.04381	0.1444361
9270	-1607.72	-1609.44	1.72483	0.1070841
9280	-1796.64	-1798.52	1.8749	0.0327761
9290	-1798.12	-1799.98	1.86329	0.0325389
9300	-1609.35	-1611.11	1.757	0.1052043
9310	-1628.77	-1630.81	2.03159	0.08793238
9320	-1642.1	-1644.25	2.14769	0.07928305
9330	-1590.62	-1591.76	1.14197	0.1391953
9340	-1606.17	-1605.71	-0.458816	0.2259501
9350	-1600.3	-1601.84	1.54744	0.1171596
9360	-1601.23	-1602.8	1.57321	0.1157203
9370	-1599.69	-1601.22	1.5301	0.1181243
9380	-1664.77	-1667.03	2.26435	0.0677764
9390	-1716.37	-1718.66	2.28577	0.04977505
9400	-1776.73	-1778.75	2.01841	0.03619854
9410	-1730.02	-1732.27	2.24933	0.04618253
9420	-1587.9	-1588.67	0.765155	0.1592651
9430	-1588.6	-1589.12	0.516546	0.172525
9440	-1589.23	-1589.66	0.432382	0.1770343
9450	-1588.09	-1588.71	0.621432	0.1669217
9460	-1600.44	-1601.99	1.5516	0.1169279
9470	-1734.42	-1736.65	2.2344	0.04509962
9480	-1603.2	-1604.82	1.62402	0.1128612
9490	-1622.92	-1624.88	1.96504	0.09239906
9500	-1612.98	-1612.3	-0.680701	0.2385621
9510	-1620.22	-1619.33	-0.888978	0.2505875
9520	-1669.93	-1672.21	2.27998	0.06555286
9530	-1767.46	-1769.54	2.07638	0.03794137
9540	-1599.88	-1601.42	1.53564	0.1178165
9550	-1590.59	-1591.73	1.13971	0.1393163
9560	-1679.91	-1682.22	2.30059	0.06157497
9570	-1713.11	-1715.41	2.29218	0.05068993
9580	-1731.73	-1733.97	2.24371	0.04575769
9590	-1918.78	-1919.27	0.481982	0.01844194
9600	-1801.9	-1803.73	1.83285	0.03193954
9610	-1661.25	-1663.5	2.25161	0.06936435
9620	-1599.73	-1601.26	1.53104	0.1180718
9630	-1587.99	-1588.8	0.816229	0.1565477
9640	-1669.7	-1671.98	2.27935	0.06565072
9650	-1618.15	-1620.06	1.90191	0.09643483
9660	-1593.75	-1595.07	1.31599	0.129842
9670	-1589	-1589.46	0.461089	0.1754948
9680	-1634.67	-1636.76	2.08835	0.08388012
9690	-1588.83	-1589.81	0.979148	0.1478804
9700	-1617.22	-1619.11	1.88846	0.09727446
9710	-1611.98	-1613.78	1.8048	0.1023718
9720	-1632.78	-1634.85	2.07116	0.08513624
9730	-1602.53	-1604.14	1.60727	0.1138071
9740	-1634.42	-1636.5	2.0861	0.08404582
9750	-1645.39	-1647.56	2.17017	0.07740201
9760	-1618.19	-1620.09	1.90239	0.0964046
9770	-1660.2	-1662.45	2.24748	0.06984772
9780	-1596.05	-1597.46	1.41002	0.1247334
9790	-1588.49	-1589.42	0.931618	0.1504099
9800	-1669.51	-1671.79	2.27885	0.06572771
9810	-1662.86	-1665.12	2.25768	0.06862772
9820	-1715.25	-1717.54	2.28809	0.05008812
9830	-1587.9	-1588.62	0.717357	0.1618094
9840	-1625.54	-1627.53	1.99622	0.09033851
9850	-1622.38	-1624.34	1.95842	0.09283037
9860	-1672.76	-1675.05	2.28707	0.06438276
9870	-1618.33	-1620.23	1.90442	0.09627745
9880	-1758.19	-1760.32	2.1286	0.03979338
9890	-1806.68	-1808.47	1.79314	0.03120096
9900	-1758.44	-1760.57	2.12724	0.03974089
9910	-1721.83	-1724.11	2.27303	0.0482936
9920	-1589.17	-1590.19	1.01891	0.1457627
9930	-1589.21	-1589.65	0.434786	0.1769053
9940	-1597.11	-1598.56	1.44816	0.1226459
9950	-1589.24	-1590.26	1.02534	0.1454204
9960	-1714.35	-1716.64	2.28986	0.05034052
9970	-1776.1	-1778.13	2.02251	0.03631324
9980	-1803.15	-1804.97	1.82262	0.0317448
9990	-1589.23	-1590.26	1.02518	0.1454291
10000	-1604.74	-1606.4	1.66046	0.1107904
