Iteration	Posterior	Likelihood	Prior	birth_rate
0	-1588.65	-1589.16	0.508754	0.1729419
10	-1588.42	-1588.96	0.548506	0.1708158
20	-1617.73	-1619.62	1.89582	0.09681573
30	-1588.1	-1588.95	0.852751	0.1546051
40	-1591.09	-1592.27	1.17362	0.1375011
50	-1588.53	-1589.47	0.93816	0.1500618
60	-1587.96	-1588.76	0.803722	0.1572131
70	-1598.36	-1598.21	-0.151791	0.2088112
80	-1588.54	-1589.48	0.939283	0.1500021
90	-1588.26	-1589.15	0.889525	0.1526491
100	-1587.89	-1588.62	0.723102	0.1615035
110	-1605.76	-1607.44	1.68348	0.1094724
120	-1588.32	-1588.89	0.566596	0.1698492
130	-1604.01	-1605.65	1.64358	0.1117522
140	-1611.24	-1613.03	1.79177	0.1031493
150	-1603.67	-1605.31	1.63554	0.1122087
160	-1620.62	-1622.55	1.9357	0.09429523
170	-1588.06	-1588.69	0.631558	0.1663816
180	-1631.98	-1634.05	2.06364	0.08567727
190	-1671.33	-1673.61	2.28361	0.06497084
200	-1588.31	-1589.21	0.899852	0.1520998
210	-1593.1	-1593.22	0.121558	0.1938231
220	-1588.42	-1588.97	0.547774	0.170855
230	-1629.57	-1631.61	2.03986	0.08735801
240	-1602.47	-1602.14	-0.32256	0.2183012
250	-1599.5	-1601.03	1.52446	0.1184373
260	-1589.38	-1590.42	1.03967	0.1446566
270	-1588.15	-1589.02	0.867062	0.1538439
280	-1598.19	-1598.04	-0.143894	0.2083748
290	-1602.05	-1603.65	1.59508	0.1144935
300	-1598.06	-1599.54	1.47963	0.1209158
310	-1590.25	-1591.37	1.11487	0.1406441
320	-1587.89	-1588.63	0.733664	0.1609412
330	-1588.38	-1589.29	0.912603	0.1514215
340	-1587.93	-1588.62	0.684011	0.1635855
350	-1617.54	-1619.43	1.89309	0.09698622
360	-1621.78	-1623.73	1.95075	0.0933279
370	-1590.06	-1591.16	1.10012	0.1414321
380	-1588.91	-1589.9	0.988965	0.1473578
390	-1590.71	-1591	0.29043	0.1846725
400	-1587.93	-1588.62	0.683925	0.1635901
410	-1588.04	-1588.68	0.637613	0.1660587
420	-1588.45	-1589.38	0.925706	0.1507244
430	-1618.36	-1620.26	1.90483	0.0962515
440	-1605.15	-1606.82	1.66992	0.1102496
450	-1595.62	-1597.02	1.39404	0.1256052
460	-1597.34	-1598.79	1.45586	0.1222235
470	-1587.92	-1588.62	0.691209	0.163202
480	-1608.33	-1610.07	1.7371	0.1063692
490	-1592.73	-1593.99	1.26662	0.1325063
500	-1595.84	-1597.24	1.40217	0.1251617
510	-1602.34	-1603.95	1.6026	0.1140705
520	-1591.84	-1592.05	0.204422	0.1893236
530	-1600.05	-1601.59	1.54031	0.1175564
540	-1601.16	-1602.73	1.57148	0.1158175
550	-1607.63	-1609.36	1.72307	0.1071861
560	-1593.48	-1594.79	1.30364	0.1305096
570	-1598.4	-1599.89	1.49062	0.1203096
580	-1590.34	-1590.66	0.321295	0.1830079
590	-1591.05	-1592.22	1.17094	0.1376448
600	-1589.64	-1590.7	1.06384	0.1433679
610	-1614.23	-1616.07	1.84244	0.1001035
620	-1588.28	-1588.85	0.576217	0.1693352
630	-1591.49	-1591.72	0.229781	0.1879503
640	-1587.92	-1588.69	0.777038	0.1586327
650	-1606.23	-1607.92	1.69362	0.1088894
660	-1597.51	-1597.4	-0.112823	0.2066599
670	-1589.08	-1590.08	1.0081	0.1463389
680	-1590.96	-1592.13	1.16524	0.1379503
690	-1704.46	-1706.76	2.30464	0.05323921
700	-1640.55	-1642.68	2.13629	0.08020315
710	-1590.18	-1590.51	0.335954	0.1822181
720	-1601.06	-1600.8	-0.266936	0.2151987
730	-1598.45	-1599.94	1.49229	0.1202175
740	-1607.98	-1609.71	1.73004	0.1067809
750	-1587.9	-1588.62	0.722234	0.1615497
760	-1647.56	-1646.02	-1.53307	0.2890275
770	-1589.96	-1591.05	1.09135	0.1419002
780	-1588.41	-1589.33	0.919204	0.1510704
790	-1588.1	-1588.96	0.854085	0.1545341
800	-1611.65	-1613.45	1.79905	0.1027155
810	-1603.68	-1605.31	1.63564	0.1122029
820	-1591.7	-1592.91	1.21087	0.1355042
830	-1589.16	-1590.18	1.01784	0.1458199
840	-1591.38	-1592.57	1.1915	0.136543
850	-1587.89	-1588.65	0.751662	0.1599832
860	-1588.48	-1589.41	0.930217	0.1504845
870	-1607.3	-1609.02	1.71632	0.1075778
880	-1587.89	-1588.63	0.73313	0.1609696
890	-1637.33	-1639.44	2.11104	0.08217464
900	-1588.06	-1588.9	0.840993	0.1552305
910	-1601.74	-1601.45	-0.294175	0.2167166
920	-1595.23	-1595.23	0.00031877	0.2004419
930	-1588.27	-1588.84	0.578125	0.1692334
940	-1646.35	-1644.85	-1.50793	0.2874896
950	-1594.36	-1594.41	0.0475717	0.197857
960	-1589.51	-1589.91	0.401722	0.1786804
970	-1613.3	-1615.13	1.82729	0.1010208
980	-1588.27	-1589.16	0.892085	0.152513
990	-1629.87	-1631.91	2.04284	0.08715006
1000	-1656.2	-1658.43	2.23014	0.07175702
1010	-1609.92	-1611.69	1.76768	0.1045757
1020	-1592.22	-1593.47	1.24032	0.1339218
1030	-1588.9	-1589.38	0.473526	0.1748283
1040	-1589.73	-1590.8	1.07185	0.1429406
1050	-1603.61	-1603.24	-0.366025	0.2207335
1060	-1587.9	-1588.61	0.714313	0.1619715
1070	-1618.17	-1620.07	1.90218	0.09641814
1080	-1588.07	-1588.91	0.843799	0.1550812
1090	-1594.95	-1596.32	1.36729	0.1270606
1100	-1588.06	-1588.69	0.630402	0.1664433
1110	-1591.36	-1591.6	0.239003	0.1874513
1120	-1590.57	-1591.71	1.13855	0.1393786
1130	-1588.67	-1589.18	0.506573	0.1730586
1140	-1617.04	-1618.93	1.88579	0.09744026
1150	-1589.97	-1590.32	0.355564	0.1811623
1160	-1622.16	-1624.12	1.95563	0.09301184
1170	-1588.34	-1588.9	0.562845	0.1700496
1180	-1588	-1588.65	0.653517	0.1652107
1190	-1587.9	-1588.61	0.709863	0.1622085
1200	-1636.59	-1638.7	2.10489	0.08264225
1210	-1588.69	-1589.65	0.960903	0.1488516
1220	-1634.3	-1636.39	2.08505	0.08412299
1230	-1598.42	-1599.91	1.49136	0.1202688
1240	-1587.93	-1588.62	0.687929	0.1633768
1250	-1588.02	-1588.66	0.646301	0.1655954
1260	-1601.93	-1601.63	-0.301471	0.2171236
1270	-1605	-1606.67	1.66661	0.1104394
1280	-1589.23	-1589.66	0.432721	0.1770161
1290	-1588.03	-1588.67	0.641184	0.1658683
1300	-1592.5	-1593.75	1.25475	0.1331453
1310	-1590.64	-1591.78	1.14283	0.1391496
1320	-1595.46	-1596.84	1.3875	0.1259611
1330	-1594.96	-1596.33	1.36781	0.1270327
1340	-1588.06	-1588.69	0.629914	0.1664693
1350	-1588.16	-1588.76	0.603056	0.1679023
1360	-1615.34	-1614.59	-0.751362	0.242621
1370	-1592.77	-1594.04	1.26898	0.1323792
1380	-1591.71	-1592.92	1.21113	0.13549
1390	-1590.1	-1591.2	1.10299	0.1412785
1400	-1589.28	-1589.7	0.427336	0.1773051
1410	-1588.25	-1589.14	0.888512	0.152703
1420	-1601.09	-1602.65	1.56939	0.1159342
1430	-1605.01	-1604.59	-0.41762	0.2236301
1440	-1590.67	-1591.81	1.14498	0.1390346
1450	-1594.56	-1595.92	1.35147	0.12792
1460	-1633.84	-1635.92	2.08093	0.084426
1470	-1602.86	-1604.47	1.61557	0.1133391
1480	-1609.34	-1608.77	-0.56601	0.2320182
1490	-1601.48	-1603.06	1.58003	0.1153385
1500	-1593.96	-1595.28	1.32528	0.1293392
1510	-1588.72	-1589.69	0.96541	0.1486117
1520	-1592.55	-1593.81	1.25757	0.1329937
1530	-1637.79	-1639.9	2.11476	0.08188979
1540	-1627.81	-1629.83	2.02135	0.08863714
1550	-1603.98	-1603.6	-0.379999	0.2215171
1560	-1603.84	-1605.48	1.63948	0.1119852
1570	-1587.97	-1588.78	0.808999	0.1569323
1580	-1604.43	-1604.04	-0.396626	0.2224503
1590	-1588.96	-1589.43	0.465691	0.1752481
1600	-1599.24	-1599.05	-0.19033	0.2109439
1610	-1601.83	-1601.53	-0.297464	0.2169
1620	-1646.02	-1648.2	2.17426	0.07704939
1630	-1603.55	-1603.19	-0.363902	0.2206146
1640	-1599.05	-1600.56	1.51079	0.1191952
1650	-1588.25	-1588.83	0.582529	0.1689982
1660	-1593.05	-1594.33	1.28292	0.1316278
1670	-1588.72	-1589.69	0.965218	0.1486219
1680	-1589.03	-1589.48	0.457482	0.1756881
1690	-1635.87	-1637.97	2.09878	0.0831031
1700	-1599.36	-1600.88	1.52005	0.1186821
1710	-1599.15	-1600.66	1.51371	0.1190333
1720	-1595.39	-1596.77	1.38482	0.1261072
1730	-1591.29	-1592.48	1.18608	0.1368337
1740	-1589.4	-1590.45	1.04221	0.1445212
1750	-1591.21	-1592.39	1.18084	0.1371146
1760	-1590.01	-1590.36	0.351179	0.1813983
1770	-1622.48	-1624.44	1.95966	0.0927497
1780	-1594.64	-1596	1.35473	0.1277432
1790	-1596.49	-1597.92	1.42623	0.1238473
1800	-1588.1	-1588.72	0.618617	0.1670719
1810	-1616.2	-1615.42	-0.776177	0.2440515
1820	-1589.75	-1590.82	1.07356	0.1428497
1830	-1601.83	-1603.42	1.58918	0.1148248
1840	-1587.9	-1588.61	0.715477	0.1619095
1850	-1588.28	-1589.18	0.895348	0.1523394
1860	-1602.97	-1604.59	1.61829	0.1131851
1870	-1595.59	-1596.98	1.39275	0.1256756
1880	-1592.17	-1593.41	1.23725	0.1340872
1890	-1593.3	-1594.6	1.29506	0.130973
1900	-1618.89	-1620.8	1.91222	0.09578659
1910	-1589.57	-1590.63	1.05804	0.1436771
1920	-1588.06	-1588.9	0.840097	0.1552781
1930	-1592.37	-1593.62	1.24806	0.1335055
1940	-1587.98	-1588.79	0.812089	0.1567679
1950	-1593.2	-1594.49	1.28999	0.1312465
1960	-1614.89	-1616.75	1.85306	0.09945596
1970	-1597.53	-1598.99	1.46226	0.1218718
1980	-1595.69	-1597.09	1.39671	0.1254597
1990	-1589.01	-1590.01	1.00062	0.1467369
2000	-1599.91	-1599.69	-0.218999	0.2125338
2010	-1604.13	-1603.74	-0.385492	0.2218252
2020	-1588.94	-1589.41	0.468804	0.1750813
2030	-1593.16	-1594.45	1.28823	0.1313412
2040	-1628.92	-1630.95	2.0331	0.08782821
2050	-1615.08	-1616.93	1.85595	0.09927939
2060	-1590.95	-1592.12	1.16447	0.1379916
2070	-1621.67	-1623.62	1.94944	0.09341229
2080	-1600.55	-1602.1	1.55448	0.1167672
2090	-1617.96	-1619.86	1.89919	0.09660534
2100	-1614.13	-1615.98	1.84094	0.1001945
2110	-1589.91	-1591	1.08744	0.1421086
2120	-1588.48	-1589.41	0.930401	0.1504747
2130	-1592.65	-1592.8	0.149943	0.1922797
2140	-1594.59	-1595.94	1.35238	0.1278707
2150	-1589.06	-1590.07	1.00669	0.1464139
2160	-1592.43	-1593.68	1.25121	0.1333359
2170	-1591.21	-1592.39	1.18104	0.1371038
2180	-1589.71	-1590.78	1.07071	0.1430015
2190	-1617.74	-1619.64	1.89604	0.0968018
2200	-1596.54	-1596.48	-0.0664127	0.2041043
2210	-1588.27	-1589.17	0.892951	0.1524669
2220	-1587.96	-1588.63	0.670445	0.1643084
2230	-1588.04	-1588.68	0.638443	0.1660144
2240	-1595.47	-1596.86	1.38802	0.1259329
2250	-1597.56	-1597.44	-0.114799	0.2067688
2260	-1587.9	-1588.61	0.712543	0.1620657
2270	-1630.36	-1632.4	2.04776	0.0868047
2280	-1605.32	-1606.99	1.6737	0.1100333
2290	-1598.47	-1599.96	1.49276	0.1201918
2300	-1592.26	-1593.5	1.24204	0.1338292
2310	-1587.93	-1588.62	0.687737	0.163387
2320	-1591.92	-1593.14	1.22338	0.1348324
2330	-1591.28	-1592.46	1.18521	0.1368801
2340	-1599.59	-1601.12	1.52699	0.1182971
2350	-1609.84	-1609.26	-0.58225	0.2329415
2360	-1596.8	-1598.24	1.43727	0.1232431
2370	-1590.05	-1591.15	1.09929	0.1414763
2380	-1590.74	-1591.03	0.28763	0.1848237
2390	-1604.62	-1606.28	1.6579	0.1109368
2400	-1632.84	-1634.91	2.07171	0.08509658
2410	-1608.59	-1610.33	1.7422	0.1060716
2420	-1589.36	-1590.4	1.03835	0.1447268
2430	-1589.66	-1590.73	1.06614	0.1432454
2440	-1588.08	-1588.92	0.84674	0.1549248
2450	-1614.22	-1616.06	1.84225	0.1001146
2460	-1588.53	-1589.06	0.52818	0.1719026
2470	-1587.99	-1588.65	0.655862	0.1650857
2480	-1599.26	-1600.77	1.51708	0.1188466
2490	-1588.18	-1589.05	0.871992	0.1535817
2500	-1589.69	-1590.07	0.382763	0.1796993
2510	-1599.05	-1600.56	1.51075	0.119197
2520	-1637.55	-1639.66	2.1128	0.08203967
2530	-1614.35	-1616.2	1.84442	0.09998258
2540	-1596.14	-1596.09	-0.0463899	0.2030039
2550	-1625.38	-1627.37	1.99436	0.09046295
2560	-1588.37	-1589.28	0.911629	0.1514733
2570	-1588.6	-1589.12	0.516511	0.1725268
2580	-1588.71	-1589.67	0.963659	0.1487049
2590	-1621.85	-1623.8	1.95163	0.09327116
2600	-1607.32	-1609.04	1.71667	0.1075577
2610	-1592.05	-1592.24	0.189931	0.1901091
2620	-1600.45	-1602	1.55183	0.1169148
2630	-1616.69	-1618.57	1.88061	0.09776148
2640	-1595.46	-1596.85	1.38764	0.1259538
2650	-1591.19	-1591.45	0.251716	0.1867637
2660	-1597.73	-1599.2	1.46891	0.1215062
2670	-1601.41	-1602.98	1.57805	0.1154492
2680	-1590.01	-1591.11	1.09592	0.1416561
2690	-1609.48	-1611.24	1.75932	0.1050682
2700	-1588.22	-1588.81	0.589397	0.1686314
2710	-1589.73	-1590.81	1.07253	0.1429046
2720	-1589.96	-1591.06	1.09203	0.1418638
2730	-1603.08	-1604.7	1.62117	0.1130226
2740	-1595.24	-1596.62	1.3791	0.1264189
2750	-1635.58	-1637.67	2.09627	0.08329123
2760	-1607.77	-1609.5	1.72583	0.1070259
2770	-1594.6	-1595.96	1.35303	0.1278352
2780	-1588.26	-1589.15	0.891161	0.1525621
2790	-1590.34	-1591.46	1.12123	0.140304
2800	-1618.99	-1620.9	1.9136	0.09569942
2810	-1590.03	-1590.38	0.349421	0.1814929
2820	-1622.37	-1624.33	1.95829	0.09283909
2830	-1589.31	-1590.35	1.03331	0.1449959
2840	-1592.43	-1593.68	1.25122	0.1333355
2850	-1594.89	-1594.91	0.0182745	0.1994589
2860	-1611.24	-1613.03	1.79176	0.1031499
2870	-1588.24	-1588.83	0.583159	0.1689645
2880	-1647.3	-1649.48	2.1823	0.07634464
2890	-1596.12	-1597.53	1.41265	0.1245899
2900	-1594.32	-1595.66	1.3409	0.1284929
2910	-1600.2	-1601.74	1.54468	0.1173131
2920	-1600.05	-1599.82	-0.224964	0.2128649
2930	-1587.94	-1588.62	0.679676	0.1638165
2940	-1590.03	-1591.12	1.0971	0.1415934
2950	-1587.99	-1588.65	0.655426	0.1651089
2960	-1587.92	-1588.71	0.782398	0.1583475
2970	-1601.84	-1603.43	1.58953	0.1148053
2980	-1598.69	-1600.19	1.49985	0.1198003
2990	-1588.69	-1589.19	0.50346	0.1732253
3000	-1605.14	-1606.81	1.6696	0.1102679
3010	-1588.71	-1589.68	0.964226	0.1486747
3020	-1588.17	-1588.77	0.600617	0.1680325
3030	-1625	-1626.99	1.98999	0.09075447
3040	-1588.43	-1589.36	0.922513	0.1508943
3050	-1590.01	-1591.1	1.09562	0.1416724
3060	-1589.1	-1590.11	1.01094	0.1461874
3070	-1596.03	-1597.44	1.40926	0.1247749
3080	-1603.1	-1604.72	1.62148	0.1130049
3090	-1601.34	-1602.92	1.57641	0.1155413
3100	-1604.55	-1606.21	1.65618	0.1110349
3110	-1606.71	-1606.23	-0.477545	0.227007
3120	-1595.34	-1595.34	-0.00552519	0.2007621
3130	-1588.02	-1588.67	0.644265	0.1657039
3140	-1595.02	-1596.39	1.37008	0.1269092
3150	-1594.91	-1594.93	0.0175606	0.1994979
3160	-1587.93	-1588.72	0.789677	0.1579603
3170	-1588.83	-1589.31	0.483333	0.1743029
3180	-1598.29	-1599.78	1.48711	0.1205033
3190	-1609.86	-1611.62	1.76648	0.1046468
3200	-1615.14	-1617	1.85696	0.09921771
3210	-1589.28	-1590.31	1.02998	0.1451733
3220	-1593.2	-1594.49	1.29014	0.1312384
3230	-1593.84	-1595.16	1.31982	0.1296344
3240	-1594.72	-1594.75	0.0278095	0.1989372
3250	-1603.25	-1604.88	1.6253	0.112789
3260	-1590.96	-1591.23	0.270255	0.1857619
3270	-1619.65	-1621.57	1.9227	0.09512407
3280	-1590.71	-1591.86	1.14792	0.1388769
3290	-1608.3	-1610.03	1.73642	0.1064093
3300	-1589.98	-1590.33	0.354429	0.1812233
3310	-1660.1	-1662.34	2.24705	0.06989816
3320	-1616.77	-1618.65	1.88183	0.09768593
3330	-1591.66	-1591.87	0.21759	0.1886103
3340	-1588.07	-1588.92	0.844886	0.1550234
3350	-1588.28	-1588.86	0.574996	0.1694005
3360	-1588.26	-1588.84	0.580501	0.1691065
3370	-1603.96	-1605.61	1.6425	0.1118135
3380	-1600.05	-1599.83	-0.225195	0.2128777
3390	-1597.44	-1598.9	1.4592	0.1220398
3400	-1628.42	-1630.45	2.02791	0.08818679
3410	-1595.34	-1596.72	1.3828	0.1262171
3420	-1605.76	-1607.45	1.68355	0.1094683
3430	-1588.21	-1588.8	0.590817	0.1685556
3440	-1603.09	-1602.74	-0.346434	0.2196364
3450	-1588.18	-1588.78	0.597294	0.1682098
3460	-1620.4	-1622.33	1.93277	0.09448288
3470	-1592.09	-1592.28	0.186962	0.1902701
3480	-1595.31	-1595.3	-0.00367848	0.2006609
3490	-1609.53	-1611.29	1.76024	0.1050137
3500	-1589.65	-1590.72	1.06551	0.1432788
3510	-1616.61	-1618.49	1.87934	0.09784031
3520	-1593.62	-1594.93	1.30987	0.1301729
3530	-1590.24	-1590.57	0.329997	0.182539
3540	-1608.21	-1609.95	1.73475	0.1065066
3550	-1606.61	-1608.31	1.70172	0.1084224
3560	-1588.09	-1588.94	0.849981	0.1547524
3570	-1592.47	-1592.63	0.161975	0.1916261
3580	-1591.86	-1593.08	1.22027	0.1349996
3590	-1601.46	-1603.04	1.57945	0.1153709
3600	-1589.78	-1590.86	1.07644	0.1426958
3610	-1589.5	-1589.9	0.4029	0.1786171
3620	-1601.96	-1603.55	1.59256	0.1146353
3630	-1587.89	-1588.62	0.726043	0.1613469
3640	-1587.98	-1588.79	0.812438	0.1567494
3650	-1616.72	-1618.6	1.881	0.09773755
3660	-1598.42	-1599.91	1.49115	0.1202808
3670	-1635.24	-1637.33	2.09331	0.08351149
3680	-1588.6	-1589.12	0.51695	0.1725034
3690	-1590.86	-1591.14	0.277802	0.1853543
3700	-1587.9	-1588.65	0.754787	0.1598168
3710	-1618.53	-1620.44	1.90722	0.09610148
3720	-1594.78	-1596.14	1.36024	0.1274439
3730	-1588.13	-1588.99	0.859959	0.1542217
3740	-1588.27	-1588.84	0.578239	0.1692273
3750	-1594.7	-1594.73	0.028875	0.198879
3760	-1588.2	-1589.08	0.877313	0.1532986
3770	-1587.93	-1588.72	0.787577	0.158072
3780	-1598.99	-1600.5	1.509	0.1192942
3790	-1622.82	-1624.78	1.96383	0.09247845
3800	-1593.91	-1595.23	1.32293	0.1294662
3810	-1598.42	-1599.91	1.49124	0.1202759
3820	-1611.01	-1612.8	1.7877	0.1033909
3830	-1593.42	-1594.72	1.30064	0.1306716
3840	-1591.68	-1592.89	1.20952	0.1355764
3850	-1591.81	-1592.02	0.206438	0.1892143
3860	-1602.95	-1604.57	1.61781	0.1132126
3870	-1593.29	-1594.59	1.29452	0.1310018
3880	-1589.45	-1589.86	0.408103	0.1783376
3890	-1596.39	-1597.81	1.42249	0.1240521
3900	-1594.64	-1596	1.35481	0.1277389
3910	-1598.96	-1600.47	1.50814	0.1193418
3920	-1609.85	-1611.62	1.76636	0.1046534
3930	-1605.01	-1606.67	1.66662	0.1104388
3940	-1593.22	-1593.34	0.114205	0.1942233
3950	-1587.91	-1588.69	0.77427	0.15878
3960	-1589.71	-1590.78	1.07029	0.143024
3970	-1590.04	-1590.39	0.348729	0.1815302
3980	-1593.06	-1594.35	1.28346	0.1315987
3990	-1591.38	-1592.57	1.19151	0.1365425
4000	-1588.68	-1589.63	0.959006	0.1489525
4010	-1668.71	-1666.77	-1.94408	0.3146275
4020	-1588.05	-1588.88	0.837291	0.1554274
4030	-1590.61	-1591.76	1.14136	0.1392278
4040	-1616.14	-1618.01	1.87234	0.09827259
4050	-1619.23	-1621.15	1.91698	0.09548631
4060	-1625.49	-1627.49	1.99567	0.09037532
4070	-1618.06	-1619.96	1.90058	0.09651829
4080	-1593.32	-1594.61	1.29576	0.1309347
4090	-1607.79	-1609.51	1.72619	0.1070051
4100	-1603.95	-1605.59	1.64218	0.1118317
4110	-1589.18	-1589.62	0.438502	0.176706
4120	-1589.49	-1590.54	1.05062	0.1440731
4130	-1590.35	-1591.47	1.12225	0.1402497
4140	-1597.17	-1598.62	1.45023	0.1225326
4150	-1588.85	-1589.83	0.98196	0.1477307
4160	-1592.97	-1594.24	1.27866	0.1318577
4170	-1603.55	-1605.18	1.63248	0.1123823
4180	-1588.86	-1589.34	0.47947	0.1745098
4190	-1588.48	-1589.41	0.929783	0.1505075
4200	-1604.54	-1604.14	-0.400616	0.2226744
4210	-1666.67	-1668.94	2.27054	0.06694053
4220	-1618.74	-1620.65	1.91024	0.09591156
4230	-1589.11	-1590.12	1.01193	0.1461346
4240	-1596.74	-1598.18	1.43522	0.1233553
4250	-1596.08	-1597.49	1.41122	0.1246678
4260	-1594.33	-1594.38	0.0492082	0.1977676
4270	-1593.88	-1593.95	0.0751336	0.1963524
4280	-1589.14	-1590.16	1.0156	0.1459394
4290	-1595.49	-1596.88	1.38892	0.1258839
4300	-1599.62	-1601.15	1.52782	0.1182505
4310	-1587.91	-1588.68	0.772725	0.1588622
4320	-1592.51	-1593.77	1.25551	0.1331048
4330	-1587.9	-1588.61	0.715243	0.161922
4340	-1587.9	-1588.65	0.756203	0.1597414
4350	-1588.4	-1588.95	0.551862	0.1706365
4360	-1588.91	-1589.38	0.472357	0.1748909
4370	-1643.11	-1645.27	2.15482	0.07869624
4380	-1604.23	-1605.88	1.64872	0.1114598
4390	-1615.03	-1616.89	1.85523	0.09932334
4400	-1599.06	-1600.57	1.51114	0.1191756
4410	-1685.88	-1688.19	2.30735	0.05937677
4420	-1590.81	-1591.09	0.282244	0.1851144
4430	-1593.91	-1595.24	1.32329	0.1294469
4440	-1596.31	-1597.73	1.41969	0.1242051
4450	-1611.58	-1610.94	-0.637531	0.2360926
4460	-1591.59	-1591.81	0.222276	0.1883566
4470	-1619.65	-1621.57	1.92272	0.09512266
4480	-1601.21	-1602.78	1.57277	0.115745
4490	-1603.86	-1605.5	1.63998	0.1119563
4500	-1614.75	-1616.6	1.85072	0.09959875
4510	-1591.52	-1592.72	1.20023	0.1360751
4520	-1600.13	-1601.67	1.54269	0.1174241
4530	-1598.55	-1600.05	1.49543	0.1200445
4540	-1591.76	-1592.98	1.21445	0.135312
4550	-1646.2	-1648.37	2.17537	0.07695297
4560	-1589.18	-1590.2	1.0199	0.14571
4570	-1587.9	-1588.65	0.754098	0.1598535
4580	-1587.94	-1588.62	0.681077	0.1637418
4590	-1591.7	-1592.91	1.21057	0.1355202
4600	-1609	-1610.75	1.75017	0.1056049
4610	-1643.71	-1642.26	-1.45176	0.2840653
4620	-1589.92	-1591.01	1.08821	0.142068
4630	-1604.51	-1606.17	1.65533	0.1110829
4640	-1592.52	-1593.78	1.25604	0.1330763
4650	-1611.35	-1613.15	1.79377	0.10303
4660	-1588.23	-1588.81	0.586677	0.1687767
4670	-1589.45	-1590.5	1.04673	0.1442806
4680	-1622.27	-1624.22	1.95695	0.09292644
4690	-1596.65	-1598.08	1.43202	0.1235304
4700	-1592.29	-1593.53	1.24358	0.1337468
4710	-1589.36	-1589.78	0.417319	0.1778428
4720	-1590.44	-1590.76	0.312407	0.183487
4730	-1590.16	-1591.27	1.10759	0.141033
4740	-1589.1	-1590.11	1.01068	0.1462013
4750	-1606.12	-1605.66	-0.457153	0.2258563
4760	-1589.9	-1590.99	1.08691	0.142137
4770	-1588.69	-1589.19	0.504077	0.1731922
4780	-1587.9	-1588.66	0.760087	0.1595348
4790	-1629.16	-1631.19	2.03559	0.08765541
4800	-1610.4	-1612.18	1.77661	0.1040483
4810	-1589.72	-1590.79	1.07156	0.1429561
4820	-1592.43	-1592.59	0.16437	0.191496
4830	-1592.46	-1593.71	1.25275	0.1332533
4840	-1592.57	-1593.82	1.2584	0.132949
4850	-1615.68	-1617.55	1.86539	0.09870099
4860	-1610.81	-1612.59	1.78398	0.1036121
4870	-1588.84	-1589.82	0.980467	0.1478102
4880	-1588.74	-1589.24	0.495779	0.1736364
4890	-1588.04	-1588.68	0.637525	0.1660634
4900	-1597.29	-1597.19	-0.10247	0.2060892
4910	-1597.8	-1599.28	1.4714	0.1213693
4920	-1612.36	-1614.17	1.8113	0.1019829
4930	-1612.42	-1614.23	1.81237	0.1019187
4940	-1587.96	-1588.76	0.801404	0.1573363
4950	-1601.48	-1603.06	1.57996	0.1153426
4960	-1629.31	-1631.35	2.03715	0.08754663
4970	-1588.8	-1589.78	0.975998	0.1480481
4980	-1605.38	-1607.05	1.675	0.1099593
4990	-1594.32	-1595.66	1.34118	0.1284781
5000	-1587.89	-1588.62	0.725016	0.1614016
5010	-1600.5	-1600.26	-0.24402	0.2139237
5020	-1607.76	-1609.49	1.72571	0.1070327
5030	-1588.33	-1588.89	0.565027	0.169933
5040	-1602.19	-1603.79	1.59873	0.1142884
5050	-1614.44	-1613.72	-0.724712	0.2410877
5060	-1614.53	-1613.8	-0.727314	0.2412373
5070	-1593.86	-1593.93	0.0762692	0.1962904
5080	-1587.9	-1588.66	0.760249	0.1595261
5090	-1592.09	-1592.28	0.187101	0.1902626
5100	-1597.95	-1599.42	1.47605	0.1211134
5110	-1605.2	-1606.87	1.67097	0.11019
5120	-1587.97	-1588.77	0.806238	0.1570792
5130	-1605.08	-1604.66	-0.420336	0.2237828
5140	-1590.12	-1591.22	1.10437	0.1412048
5150	-1626.36	-1628.36	2.00548	0.08971584
5160	-1587.9	-1588.62	0.718426	0.1617525
5170	-1594.53	-1595.88	1.34997	0.1280013
5180	-1602.48	-1604.09	1.60616	0.1138697
5190	-1604.66	-1606.32	1.65872	0.1108896
5200	-1591.89	-1593.11	1.2216	0.134928
5210	-1595.23	-1596.6	1.37844	0.1264544
5220	-1587.92	-1588.61	0.695329	0.1629826
5230	-1592.33	-1592.5	0.171034	0.1911343
5240	-1596.71	-1598.15	1.43411	0.123416
5250	-1591.13	-1591.39	0.256409	0.1865101
5260	-1595.97	-1597.38	1.40708	0.1248937
5270	-1588.74	-1589.24	0.49614	0.1736171
5280	-1589.1	-1590.11	1.01036	0.1462186
5290	-1592.96	-1594.23	1.27817	0.1318841
5300	-1588.55	-1589.07	0.525774	0.1720313
5310	-1609.38	-1608.81	-0.567281	0.2320904
5320	-1587.89	-1588.65	0.751632	0.1599847
5330	-1588.09	-1588.94	0.84986	0.1547588
5340	-1642.12	-1644.27	2.14781	0.07927339
5350	-1606.45	-1608.15	1.69846	0.1086105
5360	-1588.07	-1588.92	0.845525	0.1549894
5370	-1592.9	-1594.18	1.27565	0.1320196
5380	-1591.04	-1591.3	0.263763	0.1861126
5390	-1588.76	-1589.25	0.493052	0.1737824
5400	-1587.92	-1588.71	0.783262	0.1583015
5410	-1597.61	-1599.08	1.46508	0.1217167
5420	-1653.23	-1655.44	2.21566	0.07323231
5430	-1594.05	-1595.38	1.32948	0.129112
5440	-1604.29	-1603.9	-0.391282	0.2221502
5450	-1618.26	-1617.43	-0.834905	0.2474474
5460	-1597.45	-1597.34	-0.109678	0.2064865
5470	-1613.58	-1615.41	1.83193	0.1007406
5480	-1593.92	-1593.99	0.0725946	0.1964909
5490	-1591.35	-1592.54	1.18952	0.1366493
5500	-1604.32	-1603.92	-0.39241	0.2222135
5510	-1592.73	-1593.99	1.26674	0.1325002
5520	-1601.79	-1603.38	1.58825	0.1148772
5530	-1588.42	-1588.96	0.548513	0.1708155
5540	-1600.75	-1602.31	1.5603	0.1164423
5550	-1587.9	-1588.66	0.761064	0.1594828
5560	-1588.14	-1588.75	0.607877	0.167645
5570	-1639.39	-1641.51	2.12743	0.08090454
5580	-1602.12	-1603.72	1.59695	0.1143883
5590	-1589.08	-1590.09	1.00885	0.146299
5600	-1596.34	-1597.76	1.42064	0.1241532
5610	-1592.82	-1594.09	1.27129	0.1322545
5620	-1588.1	-1588.72	0.61851	0.1670777
5630	-1634.4	-1636.49	2.08594	0.08405734
5640	-1620.91	-1622.85	1.93953	0.09405047
5650	-1591.35	-1592.54	1.18957	0.1366468
5660	-1589.32	-1590.36	1.03434	0.1449405
5670	-1590.79	-1591.07	0.283695	0.1850361
5680	-1633.85	-1635.93	2.08097	0.08442296
5690	-1613.26	-1615.09	1.82666	0.1010591
5700	-1588.3	-1589.19	0.897763	0.1522109
5710	-1639.61	-1641.74	2.12918	0.08076724
5720	-1589.25	-1589.68	0.430433	0.1771389
5730	-1588.06	-1588.9	0.839878	0.1552898
5740	-1611.34	-1613.13	1.79359	0.1030409
5750	-1593.23	-1594.52	1.29153	0.1311634
5760	-1588.17	-1588.77	0.601185	0.1680021
5770	-1592.39	-1593.64	1.24902	0.133454
5780	-1597.15	-1598.59	1.44927	0.1225854
5790	-1594.89	-1596.25	1.36483	0.1271945
5800	-1603.99	-1603.61	-0.380433	0.2215414
5810	-1592.99	-1594.27	1.27977	0.1317979
5820	-1593.91	-1595.24	1.32317	0.1294536
5830	-1587.95	-1588.75	0.798223	0.1575056
5840	-1588.71	-1589.21	0.500075	0.1734065
5850	-1596.18	-1597.59	1.41485	0.1244695
5860	-1593.98	-1595.3	1.32612	0.1292937
5870	-1632.66	-1634.73	2.07007	0.08521474
5880	-1630.95	-1633	2.05359	0.08639321
5890	-1613.57	-1615.4	1.83175	0.1007513
5900	-1604.83	-1606.49	1.66261	0.1106676
5910	-1587.91	-1588.61	0.706259	0.1624004
5920	-1602.5	-1604.11	1.60655	0.1138476
5930	-1593.86	-1595.18	1.32074	0.129585
5940	-1588.24	-1589.12	0.885779	0.1528483
5950	-1632.86	-1634.93	2.07189	0.08508379
5960	-1589.8	-1590.17	0.3716	0.1802995
5970	-1611.03	-1610.41	-0.620449	0.2351175
5980	-1588.92	-1589.91	0.989954	0.1473051
5990	-1588.45	-1589.38	0.925813	0.1507187
6000	-1594.46	-1595.8	1.34689	0.1281684
6010	-1631.19	-1633.25	2.056	0.08622254
6020	-1627.24	-1629.25	2.01521	0.0890568
6030	-1595.45	-1595.43	-0.0109723	0.2010606
6040	-1589.09	-1590.1	1.00985	0.1462458
6050	-1588.62	-1589.57	0.950908	0.1493835
6060	-1593.89	-1595.21	1.32198	0.1295175
6070	-1590.04	-1591.14	1.0982	0.1415344
6080	-1595.09	-1595.1	0.00756411	0.2000451
6090	-1614.35	-1616.2	1.84448	0.09997915
6100	-1590.99	-1591.26	0.267605	0.185905
6110	-1612.39	-1614.2	1.81185	0.1019499
6120	-1590.34	-1591.46	1.12122	0.1403049
6130	-1588.88	-1589.86	0.98525	0.1475556
6140	-1591.95	-1593.18	1.22521	0.1347339
6150	-1601.16	-1602.74	1.57155	0.1158135
6160	-1611.42	-1613.21	1.79495	0.1029599
6170	-1589.45	-1589.86	0.40774	0.1783571
6180	-1588.96	-1589.96	0.995433	0.1470134
6190	-1614.01	-1615.85	1.83896	0.1003143
6200	-1588.53	-1589.47	0.938447	0.1500465
6210	-1592.68	-1593.95	1.26447	0.1326224
6220	-1593.08	-1593.2	0.123024	0.1937433
6230	-1600.72	-1602.28	1.55947	0.1164889
6240	-1597.53	-1599	1.46242	0.1218633
6250	-1614.07	-1615.91	1.83982	0.1002621
6260	-1603.97	-1605.61	1.64255	0.1118107
6270	-1605.57	-1607.25	1.6792	0.1097184
6280	-1587.89	-1588.64	0.745244	0.1603248
6290	-1589.19	-1589.63	0.437588	0.176755
6300	-1614.96	-1616.82	1.85417	0.09938821
6310	-1596.41	-1597.83	1.42329	0.1240081
6320	-1596.2	-1596.15	-0.0496524	0.2031831
6330	-1601.78	-1603.36	1.58787	0.1148986
6340	-1612.46	-1614.28	1.81316	0.1018712
6350	-1622.6	-1624.57	1.96119	0.09265064
6360	-1596.88	-1598.32	1.4399	0.1230989
6370	-1601.04	-1602.61	1.56822	0.1159998
6380	-1646.57	-1648.75	2.17773	0.07674713
6390	-1596.06	-1597.47	1.4106	0.1247018
6400	-1588.11	-1588.73	0.616531	0.1671832
6410	-1588.48	-1589.01	0.537551	0.1714015
6420	-1606.08	-1607.77	1.69042	0.1090737
6430	-1587.9	-1588.61	0.711117	0.1621417
6440	-1622.53	-1624.49	1.9603	0.09270841
6450	-1608.3	-1610.04	1.73654	0.1064017
6460	-1614.34	-1616.18	1.8442	0.09999589
6470	-1587.92	-1588.61	0.692373	0.1631401
6480	-1608.02	-1609.75	1.73091	0.1067305
6490	-1614.79	-1616.64	1.85136	0.09955985
6500	-1609.04	-1610.79	1.75099	0.105557
6510	-1588.18	-1589.05	0.872934	0.1535316
6520	-1587.89	-1588.63	0.740767	0.1605631
6530	-1611.31	-1613.1	1.79302	0.1030747
6540	-1588.38	-1589.29	0.912469	0.1514287
6550	-1589.4	-1589.82	0.413032	0.178073
6560	-1591.46	-1592.66	1.19668	0.1362653
6570	-1597.37	-1597.26	-0.106145	0.2062917
6580	-1612.43	-1614.24	1.81254	0.1019085
6590	-1590.32	-1590.64	0.323215	0.1829044
6600	-1594.38	-1595.73	1.34377	0.1283377
6610	-1593.84	-1593.92	0.0773541	0.1962313
6620	-1600.58	-1602.14	1.55558	0.1167057
6630	-1629.9	-1631.95	2.04319	0.08712554
6640	-1619.29	-1621.21	1.91784	0.09543181
6650	-1588.2	-1588.8	0.592504	0.1684656
6660	-1599.52	-1601.05	1.52506	0.1184039
6670	-1610.38	-1612.16	1.77622	0.1040716
6680	-1588.2	-1589.08	0.877899	0.1532675
6690	-1593.13	-1594.42	1.28694	0.131411
6700	-1614.07	-1615.91	1.8399	0.1002577
6710	-1590.34	-1591.46	1.12139	0.1402957
6720	-1588.62	-1589.13	0.514847	0.1726159
6730	-1618.39	-1620.3	1.90532	0.09622081
6740	-1648.87	-1651.06	2.19171	0.07549973
6750	-1648.01	-1650.2	2.18662	0.07595988
6760	-1588.16	-1589.03	0.869295	0.1537251
6770	-1616.23	-1618.1	1.87363	0.09819295
6780	-1588.51	-1589.44	0.934143	0.1502756
6790	-1597.32	-1598.77	1.4551	0.122265
6800	-1588.77	-1589.26	0.491731	0.1738532
6810	-1609.96	-1611.73	1.76837	0.1045353
6820	-1598	-1599.47	1.47769	0.1210229
6830	-1588.47	-1589.01	0.539632	0.1712903
6840	-1587.89	-1588.63	0.736816	0.1607734
6850	-1587.9	-1588.65	0.753419	0.1598896
6860	-1588.36	-1588.92	0.559024	0.1702538
6870	-1589.31	-1589.73	0.423356	0.1775187
6880	-1589.05	-1590.06	1.0056	0.1464717
6890	-1599.61	-1601.14	1.52768	0.1182584
6900	-1596.46	-1597.89	1.4252	0.1239036
6910	-1588.08	-1588.92	0.846106	0.1549585
6920	-1603.85	-1603.47	-0.37511	0.2212429
6930	-1588.17	-1589.04	0.870765	0.153647
6940	-1597.36	-1598.81	1.45648	0.1221892
6950	-1599.32	-1600.83	1.51886	0.1187478
6960	-1655.35	-1657.58	2.22615	0.07217319
6970	-1588.33	-1588.89	0.565104	0.1699289
6980	-1615.99	-1617.86	1.8701	0.09841108
6990	-1597.46	-1597.35	-0.110268	0.206519
7000	-1589.26	-1590.29	1.02824	0.1452658
7010	-1596.57	-1596.5	-0.0676066	0.2041699
7020	-1589.34	-1590.38	1.03622	0.1448404
7030	-1593.49	-1594.79	1.30377	0.1305026
7040	-1599.08	-1600.59	1.51166	0.1191465
7050	-1589.75	-1590.13	0.37624	0.18005
7060	-1588.08	-1588.93	0.847293	0.1548954
7070	-1587.93	-1588.72	0.78913	0.1579893
7080	-1591.12	-1592.29	1.17505	0.1374247
7090	-1587.93	-1588.62	0.684572	0.1635556
7100	-1642.53	-1644.68	2.15077	0.07903066
7110	-1588.64	-1589.15	0.511157	0.1728134
7120	-1603.03	-1604.65	1.6199	0.113094
7130	-1604.4	-1606.06	1.65281	0.1112267
7140	-1605.73	-1607.41	1.68282	0.1095107
7150	-1601.21	-1602.78	1.57283	0.1157419
7160	-1588.88	-1589.87	0.985888	0.1475216
7170	-1613.35	-1612.66	-0.69192	0.2392051
7180	-1658.78	-1661.02	2.2416	0.07051568
7190	-1587.92	-1588.71	0.782867	0.1583226
7200	-1614.88	-1616.73	1.85278	0.09947317
7210	-1595.79	-1597.19	1.4005	0.1252531
7220	-1588.34	-1589.25	0.906077	0.1517687
7230	-1590.71	-1591	0.290395	0.1846744
7240	-1608.98	-1610.73	1.7498	0.1056267
7250	-1592.59	-1592.74	0.154226	0.192047
7260	-1591.62	-1592.82	1.20603	0.1357636
7270	-1633.49	-1635.56	2.07768	0.08466336
7280	-1590.38	-1591.5	1.12421	0.140145
7290	-1589.86	-1590.23	0.365468	0.1806294
7300	-1625.75	-1627.75	1.99864	0.09017604
7310	-1596.54	-1596.47	-0.0660479	0.2040842
7320	-1590.92	-1591.2	0.272803	0.1856242
7330	-1622.13	-1624.09	1.95523	0.09303767
7340	-1591.17	-1592.35	1.1784	0.1372452
7350	-1590.78	-1591.07	0.284158	0.1850111
7360	-1594.01	-1595.34	1.32761	0.129213
7370	-1590.44	-1591.57	1.1289	0.1398941
7380	-1593.95	-1594.02	0.0711153	0.1965716
7390	-1594.84	-1596.2	1.36278	0.127306
7400	-1591.86	-1593.08	1.22018	0.1350044
7410	-1600.38	-1601.93	1.54991	0.1170221
7420	-1587.98	-1588.64	0.662091	0.1647536
7430	-1600.32	-1600.08	-0.236223	0.2134903
7440	-1588.31	-1589.21	0.900537	0.1520634
7450	-1623.24	-1625.21	1.96908	0.09213533
7460	-1601.79	-1603.38	1.58832	0.1148733
7470	-1613.66	-1612.95	-0.701228	0.239739
7480	-1609.3	-1611.06	1.75597	0.1052647
7490	-1590.67	-1591.82	1.14561	0.1390008
7500	-1590.45	-1591.58	1.12938	0.1398687
7510	-1623.16	-1625.13	1.96809	0.09220026
7520	-1594.2	-1595.54	1.33605	0.1287559
7530	-1603.97	-1605.62	1.6427	0.1118018
7540	-1605.43	-1607.11	1.67617	0.109892
7550	-1615.95	-1617.82	1.86946	0.09845056
7560	-1620.71	-1622.65	1.93693	0.09421702
7570	-1593.64	-1594.95	1.31069	0.1301284
7580	-1600.36	-1601.91	1.54933	0.1170544
7590	-1590.43	-1590.74	0.313504	0.1834279
7600	-1605.39	-1607.06	1.67526	0.109944
7610	-1639.74	-1638.38	-1.36544	0.2788323
7620	-1588.13	-1588.74	0.610574	0.1675011
7630	-1597.1	-1598.55	1.44771	0.122671
7640	-1615.46	-1617.32	1.86188	0.09891647
7650	-1609.63	-1611.39	1.76224	0.1048964
7660	-1597.48	-1598.94	1.46074	0.1219552
7670	-1589.05	-1590.05	1.005	0.1465038
7680	-1589.01	-1590.01	1.00029	0.1467549
7690	-1624.16	-1626.14	1.9801	0.0914102
7700	-1613.19	-1615.01	1.82534	0.1011385
7710	-1592.46	-1593.72	1.25299	0.1332405
7720	-1619.79	-1621.72	1.92467	0.09499853
7730	-1603.48	-1605.11	1.63077	0.112479
7740	-1587.89	-1588.64	0.743929	0.1603947
7750	-1598.35	-1599.83	1.48891	0.1204043
7760	-1612.6	-1614.42	1.81553	0.101729
7770	-1616.27	-1618.14	1.87423	0.09815598
7780	-1588.42	-1588.97	0.547664	0.1708609
7790	-1595.74	-1597.14	1.39834	0.1253704
7800	-1600.55	-1602.1	1.55458	0.1167614
7810	-1599.61	-1601.14	1.52767	0.1182592
7820	-1615.95	-1617.82	1.8694	0.0984542
7830	-1610.37	-1612.14	1.77597	0.1040861
7840	-1592.14	-1593.37	1.23552	0.1341801
7850	-1588.64	-1589.15	0.510826	0.172831
7860	-1592.62	-1593.88	1.26127	0.1327946
7870	-1588.2	-1588.8	0.592231	0.1684802
7880	-1587.93	-1588.62	0.684193	0.1635758
7890	-1594.41	-1595.75	1.34481	0.1282813
7900	-1597.85	-1599.32	1.47295	0.1212841
7910	-1588.41	-1588.96	0.550387	0.1707153
7920	-1589.04	-1589.49	0.456006	0.1757673
7930	-1592.61	-1592.76	0.152618	0.1921343
7940	-1596.18	-1596.14	-0.0486326	0.2031271
7950	-1618.11	-1620.01	1.90122	0.09647822
7960	-1597.84	-1599.32	1.47267	0.121299
7970	-1608.16	-1609.89	1.73367	0.1065691
7980	-1609.09	-1610.85	1.75201	0.105497
7990	-1588.18	-1589.05	0.872955	0.1535304
8000	-1591.56	-1592.77	1.20268	0.1359433
8010	-1617.1	-1618.99	1.88666	0.09738639
8020	-1598.12	-1599.6	1.48155	0.1208103
8030	-1639.07	-1641.2	2.125	0.08109517
8040	-1588.21	-1588.8	0.591822	0.168502
8050	-1606.81	-1608.52	1.70612	0.1081681
8060	-1597.76	-1599.23	1.47003	0.1214443
8070	-1619.59	-1621.51	1.92186	0.09517711
8080	-1603.72	-1605.36	1.63674	0.1121406
8090	-1605.56	-1607.24	1.67914	0.1097215
8100	-1589.66	-1590.05	0.385355	0.1795599
8110	-1600.12	-1601.66	1.54245	0.1174373
8120	-1603.94	-1605.58	1.64181	0.1118524
8130	-1594.9	-1596.27	1.36554	0.127156
8140	-1589.48	-1590.53	1.04941	0.1441374
8150	-1592.27	-1593.52	1.24302	0.1337769
8160	-1598	-1597.86	-0.135192	0.2078942
8170	-1598.15	-1598.01	-0.142044	0.2082726
8180	-1588.81	-1589.29	0.486335	0.1741422
8190	-1589.47	-1590.52	1.04876	0.1441719
8200	-1591.73	-1592.95	1.21275	0.1354029
8210	-1588.78	-1589.27	0.489889	0.1739518
8220	-1589.93	-1591.02	1.08954	0.141997
8230	-1596.21	-1597.62	1.41593	0.1244106
8240	-1618.1	-1620.01	1.90121	0.09647849
8250	-1591.59	-1592.8	1.20445	0.1358484
8260	-1595.53	-1595.52	-0.0156054	0.2013146
8270	-1588.21	-1588.8	0.591714	0.1685077
8280	-1589.75	-1590.83	1.07406	0.1428229
8290	-1594.44	-1595.79	1.34619	0.128206
8300	-1596.85	-1596.76	-0.0811538	0.2049152
8310	-1588.48	-1589.41	0.93053	0.1504678
8320	-1588.88	-1589.86	0.984983	0.1475698
8330	-1625.1	-1627.09	1.99111	0.0906794
8340	-1594.55	-1595.9	1.35067	0.1279635
8350	-1591.37	-1592.56	1.19092	0.1365742
8360	-1591.07	-1592.24	1.17206	0.1375848
8370	-1670.14	-1672.42	2.28054	0.06546397
8380	-1599.4	-1600.93	1.5215	0.1186016
8390	-1622.43	-1624.39	1.95896	0.09279536
8400	-1634.28	-1636.37	2.08491	0.08413367
8410	-1608.97	-1610.72	1.74962	0.1056371
8420	-1588.02	-1588.84	0.827098	0.1559695
8430	-1588.23	-1588.82	0.585835	0.1688216
8440	-1587.89	-1588.62	0.729639	0.1611555
8450	-1588.39	-1589.3	0.914321	0.1513301
8460	-1587.95	-1588.63	0.672972	0.1641737
8470	-1597.77	-1599.24	1.47036	0.1214262
8480	-1593.01	-1594.29	1.28102	0.1317302
8490	-1610.97	-1612.75	1.78688	0.1034396
8500	-1603.99	-1605.63	1.64304	0.1117825
8510	-1598.62	-1598.46	-0.16329	0.209447
8520	-1616.78	-1618.67	1.88201	0.09767514
8530	-1593.43	-1594.73	1.30094	0.1306552
8540	-1608.66	-1610.4	1.74354	0.1059929
8550	-1599.43	-1600.95	1.5223	0.1185569
8560	-1588.09	-1588.71	0.621985	0.1668922
8570	-1609.22	-1608.66	-0.56215	0.2317989
8580	-1590.74	-1591.89	1.14997	0.1387676
8590	-1592.56	-1592.72	0.155675	0.1919682
8600	-1600.02	-1599.8	-0.224048	0.212814
8610	-1608.5	-1610.24	1.74046	0.1061732
8620	-1599.62	-1599.41	-0.206806	0.2118572
8630	-1588.51	-1589.04	0.532498	0.1716717
8640	-1607.32	-1609.04	1.71674	0.1075536
8650	-1588.74	-1589.71	0.967604	0.1484949
8660	-1588.51	-1589.45	0.935023	0.1502287
8670	-1607.63	-1607.12	-0.509246	0.2287992
8680	-1588.21	-1589.09	0.879334	0.1531912
8690	-1590.4	-1591.52	1.12569	0.1400659
8700	-1588.27	-1588.84	0.578347	0.1692215
8710	-1617.53	-1619.43	1.893	0.09699191
8720	-1633.58	-1635.65	2.0785	0.08460301
8730	-1627.92	-1629.94	2.0226	0.08855183
8740	-1591.07	-1592.25	1.1723	0.1375723
8750	-1591.21	-1592.39	1.18085	0.1371142
8760	-1591.02	-1592.19	1.16865	0.1377676
8770	-1588.89	-1589.87	0.986132	0.1475086
8780	-1598.46	-1599.95	1.49252	0.1202052
8790	-1588.04	-1588.88	0.835314	0.1555326
8800	-1605.67	-1605.23	-0.441328	0.2249644
8810	-1588.05	-1588.68	0.634854	0.1662058
8820	-1590.74	-1591.89	1.14987	0.1387729
8830	-1589.82	-1590.9	1.07962	0.1425263
8840	-1592.17	-1593.41	1.2374	0.1340789
8850	-1590.74	-1591.89	1.15031	0.1387492
8860	-1593.23	-1593.34	0.113884	0.1942407
8870	-1594.67	-1596.02	1.35569	0.1276907
8880	-1607.82	-1607.31	-0.515712	0.2291652
8890	-1601.76	-1603.35	1.58748	0.1149206
8900	-1605.1	-1606.77	1.66875	0.1103168
8910	-1598.75	-1600.25	1.50158	0.1197043
8920	-1600.84	-1602.4	1.56257	0.1163155
8930	-1646.28	-1648.45	2.17589	0.07690783
8940	-1588.31	-1589.21	0.899595	0.1521135
8950	-1595.33	-1596.71	1.38246	0.1262359
8960	-1590.5	-1590.81	0.307234	0.183766
8970	-1597.66	-1599.13	1.4666	0.1216332
8980	-1587.91	-1588.61	0.700337	0.1627158
8990	-1588.23	-1588.82	0.585164	0.1688575
9000	-1600.63	-1602.19	1.55687	0.1166338
9010	-1591.23	-1591.48	0.248854	0.1869185
9020	-1594.6	-1594.64	0.0342722	0.1985839
9030	-1590.33	-1591.45	1.12062	0.140337
9040	-1588.02	-1588.67	0.644326	0.1657007
9050	-1587.97	-1588.63	0.665943	0.1645483
9060	-1588.2	-1589.08	0.878618	0.1532293
9070	-1588.33	-1588.9	0.564871	0.1699413
9080	-1587.94	-1588.74	0.794907	0.157682
9090	-1601.28	-1601.01	-0.27578	0.2156912
9100	-1589.8	-1590.88	1.07858	0.1425819
9110	-1587.98	-1588.64	0.659995	0.1648654
9120	-1612.93	-1612.25	-0.67913	0.2384721
9130	-1592.36	-1593.61	1.24752	0.1335345
9140	-1589.77	-1590.15	0.374483	0.1801444
9150	-1597.64	-1597.52	-0.11852	0.2069741
9160	-1588.27	-1588.85	0.576747	0.1693069
9170	-1590.68	-1591.82	1.14566	0.138998
9180	-1623.72	-1625.69	1.97483	0.09175772
9190	-1599.61	-1601.13	1.52747	0.11827
9200	-1606.06	-1607.75	1.68997	0.1090994
9210	-1644.64	-1646.81	2.16527	0.0778205
9220	-1594.63	-1595.98	1.35415	0.1277742
9230	-1602.59	-1604.2	1.60892	0.1137139
9240	-1647.86	-1650.05	2.18572	0.07604004
9250	-1619.45	-1621.37	1.91998	0.09529638
9260	-1598.52	-1600.01	1.49439	0.120102
9270	-1599.95	-1601.49	1.53753	0.117711
9280	-1588.36	-1588.92	0.558141	0.1703009
9290	-1587.9	-1588.61	0.71116	0.1621394
9300	-1600.95	-1602.52	1.56574	0.1161385
9310	-1617.9	-1619.8	1.89829	0.09666118
9320	-1646.65	-1648.83	2.17824	0.07670278
9330	-1588.41	-1588.96	0.549206	0.1707784
9340	-1629.53	-1631.57	2.03942	0.08738875
9350	-1592	-1593.23	1.22811	0.1345784
9360	-1608.46	-1607.92	-0.53703	0.2303732
9370	-1589.18	-1589.62	0.438773	0.1766915
9380	-1619.62	-1621.55	1.92236	0.09514544
9390	-1596.08	-1597.5	1.41139	0.1246589
9400	-1590.13	-1591.24	1.10538	0.1411509
9410	-1588.28	-1588.86	0.574233	0.1694412
9420	-1595.84	-1597.24	1.40231	0.1251543
9430	-1596.99	-1598.43	1.44391	0.1228794
9440	-1629.06	-1631.09	2.03457	0.08772641
9450	-1594.08	-1595.41	1.3307	0.1290459
9460	-1595.03	-1596.4	1.37058	0.126882
9470	-1597.34	-1598.8	1.45604	0.1222134
9480	-1666.16	-1668.43	2.26893	0.06716228
9490	-1589.71	-1590.09	0.380373	0.1798277
9500	-1587.9	-1588.66	0.762143	0.1594254
9510	-1589.19	-1590.21	1.02009	0.1456999
9520	-1587.95	-1588.62	0.676452	0.1639883
9530	-1592.22	-1593.46	1.2402	0.1339282
9540	-1613.75	-1615.58	1.83468	0.1005739
9550	-1589.95	-1591.04	1.09103	0.1419171
9560	-1588.05	-1588.89	0.838211	0.1553785
9570	-1591.19	-1591.45	0.251724	0.1867633
9580	-1697.43	-1699.74	2.30968	0.05544435
9590	-1589.21	-1590.23	1.02215	0.1455905
9600	-1588.09	-1588.71	0.62094	0.166948
9610	-1599.53	-1601.06	1.52538	0.1183864
9620	-1594.4	-1594.44	0.0456495	0.197962
9630	-1617.94	-1619.83	1.89879	0.09663022
9640	-1588.16	-1588.76	0.60284	0.1679138
9650	-1591.02	-1591.28	0.265242	0.1860327
9660	-1603.13	-1604.75	1.62225	0.1129615
9670	-1597.2	-1598.65	1.45109	0.1224855
9680	-1609.31	-1608.74	-0.565037	0.2319629
9690	-1587.93	-1588.62	0.687543	0.1633973
9700	-1592.68	-1592.82	0.148358	0.1923658
9710	-1590.64	-1590.93	0.296025	0.1843706
9720	-1588.7	-1589.66	0.962279	0.1487783
9730	-1615.81	-1617.68	1.86729	0.09858388
9740	-1616.82	-1618.7	1.88254	0.0976421
9750	-1588.1	-1588.72	0.619155	0.1670432
9760	-1637.42	-1636.11	-1.31349	0.2757009
9770	-1588.04	-1588.88	0.836035	0.1554942
9780	-1593.61	-1594.92	1.30965	0.1301845
9790	-1591.3	-1592.48	1.18657	0.1368072
9800	-1592.41	-1592.58	0.165449	0.1914375
9810	-1598.71	-1600.21	1.50028	0.1197765
9820	-1590.59	-1591.73	1.13945	0.1393302
9830	-1594.41	-1595.75	1.34481	0.1282814
9840	-1589.72	-1590.1	0.379445	0.1798776
9850	-1588.35	-1589.25	0.907257	0.1517059
9860	-1590.98	-1592.15	1.16637	0.1378894
9870	-1612.64	-1614.46	1.81615	0.1016918
9880	-1588.71	-1589.68	0.964289	0.1486713
9890	-1606.92	-1608.63	1.70842	0.1080352
9900	-1588	-1588.65	0.650867	0.165352
9910	-1597.51	-1598.97	1.46151	0.1219129
9920	-1591.43	-1592.62	1.19469	0.136372
9930	-1590.86	-1592.02	1.15858	0.1383066
9940	-1614.3	-1616.14	1.8436	0.1000327
9950	-1593.3	-1594.6	1.29503	0.1309744
9960	-1622.26	-1624.22	1.9569	0.09292945
9970	-1589.1	-1590.11	1.0108	0.1461947
9980	-1590.41	-1591.54	1.12679	0.1400071
9990	-1591.88	-1593.1	1.22127	0.1349458
10000	-1609.08	-1610.83	1.75171	0.1055148
