Iteration	Posterior	Likelihood	Prior	birth_rate
0	-1646.9	-1649.08	2.17981	0.07656465
10	-1598.42	-1599.91	1.49129	0.120273
20	-1619.56	-1621.48	1.92154	0.09519746
30	-1614.5	-1616.35	1.84689	0.09983257
40	-1631.15	-1633.2	2.05558	0.08625248
50	-1638.39	-1640.51	2.11958	0.08151735
60	-1588.21	-1589.09	0.880341	0.1531376
70	-1588.12	-1588.98	0.858104	0.1543204
80	-1588.86	-1589.84	0.982557	0.1476989
90	-1599.09	-1598.9	-0.183777	0.2105809
100	-1592.7	-1593.96	1.26527	0.1325789
110	-1643.56	-1645.71	2.15791	0.07843964
120	-1588	-1588.65	0.652122	0.165285
130	-1629.32	-1631.36	2.03723	0.08754128
140	-1636	-1638.1	2.09987	0.08302118
150	-1599.51	-1601.04	1.52475	0.1184212
160	-1601.39	-1602.96	1.57752	0.1154793
170	-1588.45	-1589.37	0.924394	0.1507942
180	-1592.08	-1592.27	0.187937	0.1902172
190	-1605.31	-1606.99	1.67352	0.1100437
200	-1597.51	-1597.4	-0.112752	0.206656
210	-1587.93	-1588.72	0.787844	0.1580578
220	-1602.94	-1604.56	1.61762	0.1132234
230	-1593.41	-1593.52	0.102523	0.1948594
240	-1601.38	-1602.96	1.5774	0.1154858
250	-1588.51	-1589.05	0.531206	0.1717408
260	-1612.39	-1611.73	-0.662682	0.2375304
270	-1593.53	-1593.63	0.0953156	0.1952521
280	-1647.23	-1649.41	2.18187	0.07638307
290	-1626.12	-1628.12	2.00281	0.089896
300	-1593	-1594.28	1.28013	0.1317782
310	-1588.13	-1588.74	0.611172	0.1674692
320	-1593.55	-1594.85	1.30647	0.1303565
330	-1605.14	-1606.81	1.66964	0.1102657
340	-1589.39	-1589.8	0.414418	0.1779985
350	-1587.98	-1588.8	0.814935	0.1566166
360	-1682.02	-1684.32	2.30343	0.06078659
370	-1613.43	-1615.26	1.82935	0.1008962
380	-1709.35	-1711.65	2.29841	0.0517751
390	-1629.35	-1631.38	2.03751	0.08752164
400	-1606.36	-1608.06	1.69649	0.108724
410	-1636.12	-1638.22	2.10092	0.08294228
420	-1658.61	-1660.85	2.24087	0.0705974
430	-1589.54	-1590.6	1.05554	0.1438104
440	-1617.19	-1619.08	1.88799	0.09730385
450	-1598.78	-1600.28	1.50258	0.119649
460	-1609.28	-1611.03	1.75556	0.1052891
470	-1622.25	-1624.21	1.95678	0.09293714
480	-1642.47	-1644.62	2.15031	0.07906839
490	-1587.89	-1588.64	0.7503	0.1600557
500	-1589.61	-1590.68	1.06189	0.1434719
510	-1593.52	-1593.61	0.0962867	0.1951991
520	-1603.67	-1605.3	1.6354	0.1122164
530	-1614.55	-1616.4	1.8476	0.0997895
540	-1595.09	-1595.1	0.00771466	0.2000369
550	-1591.61	-1592.82	1.20549	0.1357927
560	-1593.13	-1594.41	1.28653	0.1314333
570	-1587.94	-1588.62	0.678879	0.163859
580	-1606.14	-1607.83	1.69179	0.1089948
590	-1626.43	-1628.43	2.00625	0.08966418
600	-1588.89	-1589.88	0.986906	0.1474674
610	-1599.11	-1600.62	1.51251	0.1190996
620	-1645.94	-1648.12	2.17375	0.07709356
630	-1588.6	-1589.12	0.517568	0.1724703
640	-1601.37	-1602.94	1.57698	0.1155095
650	-1587.89	-1588.62	0.730844	0.1610913
660	-1670.79	-1673.07	2.28223	0.06519453
670	-1613.14	-1614.97	1.82462	0.1011818
680	-1785.13	-1787.09	1.96101	0.0347047
690	-1745.33	-1747.52	2.19096	0.04255501
700	-1627.94	-1629.97	2.02282	0.08853638
710	-1587.98	-1588.64	0.65865	0.1649371
720	-1588.54	-1589.06	0.527632	0.171932
730	-1620.18	-1619.3	-0.887953	0.2505279
740	-1642.4	-1644.55	2.14986	0.0791059
750	-1591.83	-1593.04	1.21813	0.1351141
760	-1587.94	-1588.62	0.682259	0.1636789
770	-1599.16	-1600.67	1.51413	0.1190098
780	-1639.34	-1641.46	2.12705	0.08093503
790	-1659.68	-1661.92	2.24533	0.07009471
800	-1590.36	-1590.68	0.319337	0.1831134
810	-1641.28	-1643.42	2.14171	0.07976804
820	-1753.62	-1755.77	2.15211	0.04074738
830	-1616.84	-1618.73	1.88287	0.09762162
840	-1596.37	-1597.79	1.42194	0.1240824
850	-1599.27	-1600.78	1.51735	0.1188318
860	-1591.33	-1592.52	1.18838	0.1367105
870	-1626.83	-1628.84	2.01075	0.08935971
880	-1681.51	-1683.81	2.30279	0.06097611
890	-1613.2	-1615.02	1.82556	0.1011251
900	-1592.19	-1593.42	1.23816	0.134038
910	-1618.12	-1620.02	1.90138	0.09646801
920	-1601.64	-1603.22	1.5842	0.1151045
930	-1591.92	-1593.15	1.22353	0.1348245
940	-1591	-1592.17	1.16748	0.1378302
950	-1595.24	-1595.24	-0.000262085	0.2004737
960	-1593.37	-1594.67	1.29809	0.1308092
970	-1605.86	-1607.55	1.68565	0.109348
980	-1601.83	-1603.42	1.58931	0.1148179
990	-1683.72	-1686.03	2.30537	0.06015701
1000	-1596.3	-1597.72	1.41929	0.1242268
1010	-1619.68	-1621.61	1.92318	0.09509363
1020	-1590.33	-1591.45	1.12055	0.1403404
1030	-1611.53	-1613.33	1.79696	0.10284
1040	-1655.54	-1657.77	2.22707	0.07207794
1050	-1643.67	-1645.83	2.15867	0.07837628
1060	-1608.16	-1609.89	1.73361	0.1065728
1070	-1591.86	-1592.07	0.20292	0.189405
1080	-1611.2	-1612.99	1.79101	0.1031946
1090	-1592.5	-1593.75	1.25495	0.1331348
1100	-1659.76	-1662.01	2.24569	0.07005336
1110	-1596.2	-1597.61	1.41556	0.124431
1120	-1588.3	-1588.87	0.57118	0.1696043
1130	-1596.23	-1597.65	1.41679	0.1243635
1140	-1610.46	-1612.24	1.7777	0.1039838
1150	-1600.86	-1602.42	1.5631	0.1162856
1160	-1589.15	-1590.17	1.01633	0.1459002
1170	-1587.99	-1588.81	0.817221	0.156495
1180	-1597.93	-1599.4	1.47545	0.1211464
1190	-1597.65	-1597.53	-0.119344	0.2070195
1200	-1593.57	-1594.88	1.30781	0.1302842
1210	-1590.22	-1591.33	1.11235	0.1407786
1220	-1655.77	-1658	2.22814	0.07196678
1230	-1628.07	-1630.09	2.02416	0.08844484
1240	-1632.3	-1634.37	2.06665	0.08546138
1250	-1601.11	-1602.68	1.56998	0.1159014
1260	-1592.28	-1593.53	1.2434	0.1337562
1270	-1588.37	-1588.92	0.557835	0.1703173
1280	-1598.85	-1600.36	1.50471	0.1195312
1290	-1627.26	-1629.28	2.01549	0.08903747
1300	-1629.79	-1628.65	-1.13472	0.265023
1310	-1590.23	-1590.56	0.331168	0.1824759
1320	-1590.5	-1591.63	1.13313	0.1396681
1330	-1591.77	-1591.98	0.209159	0.1890669
1340	-1588.25	-1589.14	0.888773	0.1526891
1350	-1590.16	-1591.27	1.10804	0.1410088
1360	-1616.66	-1618.54	1.88018	0.09778816
1370	-1589.78	-1590.15	0.373859	0.180178
1380	-1595.88	-1595.84	-0.0331016	0.2022743
1390	-1608.7	-1610.45	1.74441	0.1059425
1400	-1604.61	-1606.27	1.65762	0.1109523
1410	-1600.45	-1602	1.55178	0.1169176
1420	-1624.51	-1623.5	-1.00251	0.2572225
1430	-1619.56	-1621.48	1.92152	0.09519885
1440	-1588.41	-1589.33	0.918756	0.1510942
1450	-1653.42	-1655.64	2.21663	0.07313608
1460	-1691.39	-1693.7	2.31017	0.0574491
1470	-1621.37	-1623.31	1.94549	0.09366698
1480	-1608.53	-1610.27	1.74107	0.1061373
1490	-1611.56	-1613.36	1.79752	0.1028066
1500	-1590.5	-1590.81	0.307484	0.1837525
1510	-1624.74	-1626.73	1.98701	0.09095251
1520	-1652.15	-1654.36	2.21005	0.07378088
1530	-1598.04	-1599.52	1.47922	0.1209384
1540	-1594.97	-1596.34	1.36823	0.1270098
1550	-1608.55	-1610.29	1.7414	0.1061184
1560	-1613.11	-1614.93	1.82405	0.101216
1570	-1589.26	-1590.29	1.02768	0.1452956
1580	-1603.91	-1605.55	1.64126	0.1118836
1590	-1651.16	-1653.36	2.2047	0.07429342
1600	-1622	-1623.95	1.95359	0.0931442
1610	-1615.63	-1617.49	1.8645	0.09875526
1620	-1593.58	-1593.67	0.092642	0.1953978
1630	-1588.17	-1588.77	0.600574	0.1680348
1640	-1595.11	-1596.48	1.37382	0.126706
1650	-1702.04	-1704.34	2.3069	0.05398405
1660	-1664.37	-1666.63	2.26299	0.06795351
1670	-1623	-1624.97	1.96612	0.09232878
1680	-1606.36	-1608.05	1.69637	0.1087312
1690	-1591.47	-1592.67	1.19735	0.1362297
1700	-1622.11	-1624.07	1.95501	0.09305176
1710	-1647.92	-1650.11	2.18607	0.07600914
1720	-1654.26	-1656.48	2.22085	0.07271396
1730	-1606.63	-1608.33	1.70214	0.108398
1740	-1592.92	-1594.2	1.27665	0.131966
1750	-1637.02	-1639.13	2.10845	0.08237208
1760	-1644.65	-1646.81	2.16529	0.07781844
1770	-1636.59	-1638.69	2.10485	0.08264591
1780	-1650.69	-1652.89	2.20213	0.07453642
1790	-1628.35	-1630.37	2.02711	0.08824154
1800	-1593.79	-1595.11	1.31783	0.1297421
1810	-1696.08	-1698.39	2.31011	0.0558848
1820	-1607.24	-1608.95	1.71492	0.1076589
1830	-1593.76	-1595.08	1.31645	0.1298171
1840	-1720.18	-1722.45	2.27716	0.04873653
1850	-1609.54	-1611.3	1.7606	0.1049926
1860	-1603.23	-1604.86	1.62489	0.1128122
1870	-1734.43	-1736.66	2.23437	0.04509818
1880	-1679.71	-1682.01	2.30028	0.06165394
1890	-1613.28	-1615.1	1.82687	0.1010461
1900	-1588.1	-1588.72	0.619301	0.1670354
1910	-1600.52	-1602.08	1.55383	0.1168032
1920	-1607.83	-1609.56	1.72709	0.1069524
1930	-1664.67	-1666.93	2.26401	0.06782093
1940	-1609.03	-1610.78	1.7508	0.1055684
1950	-1631.58	-1633.64	2.0598	0.08595173
1960	-1660.06	-1662.3	2.24689	0.06991657
1970	-1601.03	-1600.77	-0.265756	0.2151329
1980	-1610.92	-1612.7	1.78596	0.1034945
1990	-1621.78	-1620.85	-0.931017	0.2530377
2000	-1588.34	-1589.25	0.90628	0.1517579
2010	-1662.45	-1664.71	2.25616	0.06881513
2020	-1588.22	-1589.11	0.883053	0.1529933
2030	-1598.56	-1600.06	1.4958	0.1200239
2040	-1594.87	-1596.23	1.36393	0.1272433
2050	-1675.35	-1677.65	2.29268	0.06334277
2060	-1704.7	-1707.01	2.30438	0.05316381
2070	-1744.35	-1746.55	2.19523	0.04277624
2080	-1684.41	-1686.72	2.30606	0.05990518
2090	-1714.36	-1716.65	2.28984	0.05033726
2100	-1603.07	-1604.69	1.62078	0.1130443
2110	-1588.07	-1588.7	0.628503	0.1665445
2120	-1613.75	-1615.59	1.83474	0.1005705
2130	-1627	-1629.01	2.01257	0.08923609
2140	-1587.98	-1588.64	0.658683	0.1649353
2150	-1594.29	-1594.34	0.0516263	0.1976355
2160	-1590.5	-1591.64	1.13346	0.1396506
2170	-1593.72	-1593.8	0.0845663	0.195838
2180	-1593.54	-1594.85	1.30616	0.1303731
2190	-1594.58	-1594.62	0.0353042	0.1985274
2200	-1609.26	-1611.02	1.75527	0.1053057
2210	-1596.86	-1596.78	-0.0820203	0.2049629
2220	-1589.55	-1590.61	1.05609	0.1437813
2230	-1590.95	-1592.11	1.16401	0.1380157
2240	-1615.77	-1617.64	1.86675	0.09861686
2250	-1611	-1612.79	1.78756	0.1033993
2260	-1594.31	-1595.65	1.34057	0.1285111
2270	-1660.25	-1662.49	2.24765	0.06982816
2280	-1648.23	-1650.42	2.18793	0.07584223
2290	-1590.14	-1591.24	1.10592	0.141122
2300	-1633.12	-1635.2	2.07433	0.08490685
2310	-1592.23	-1592.41	0.177418	0.1907878
2320	-1625.56	-1627.56	1.99645	0.09032283
2330	-1613.55	-1615.38	1.83132	0.1007775
2340	-1589.45	-1590.49	1.04617	0.1443102
2350	-1589.64	-1590.71	1.06431	0.1433432
2360	-1679.26	-1681.55	2.2996	0.0618258
2370	-1667.42	-1669.7	2.27284	0.06661705
2380	-1703.7	-1706.01	2.3054	0.053469
2390	-1603.27	-1604.9	1.62582	0.1127596
2400	-1589.97	-1591.07	1.09274	0.1418261
2410	-1617.27	-1619.16	1.88919	0.09722919
2420	-1587.9	-1588.66	0.762743	0.1593934
2430	-1589.22	-1590.25	1.02406	0.1454886
2440	-1636.3	-1638.4	2.10241	0.08282996
2450	-1593.39	-1594.69	1.29911	0.1307538
2460	-1588.31	-1588.88	0.569361	0.1697014
2470	-1592.23	-1592.41	0.177878	0.1907629
2480	-1587.93	-1588.62	0.688071	0.1633692
2490	-1637.03	-1639.14	2.10852	0.08236663
2500	-1589.72	-1590.1	0.379297	0.1798856
2510	-1612.74	-1614.56	1.81785	0.1015893
2520	-1600.28	-1600.04	-0.23465	0.213403
2530	-1618.28	-1620.19	1.90377	0.09631841
2540	-1747.9	-1750.08	2.17947	0.04198489
2550	-1728.05	-1730.31	2.25551	0.04667773
2560	-1605.29	-1606.96	1.67304	0.1100713
2570	-1588.38	-1588.94	0.554962	0.1704708
2580	-1590.12	-1590.46	0.341568	0.1819157
2590	-1669.21	-1671.49	2.27801	0.06585506
2600	-1595.61	-1597	1.39338	0.1256412
2610	-1611.92	-1613.72	1.80374	0.1024353
2620	-1629.65	-1631.69	2.04061	0.08730599
2630	-1601.69	-1601.4	-0.292086	0.2166001
2640	-1592.99	-1594.27	1.27966	0.1318038
2650	-1730.62	-1732.87	2.24737	0.04603157
2660	-1682.84	-1685.14	2.3044	0.06048137
2670	-1619.23	-1621.15	1.91699	0.09548579
2680	-1689.52	-1691.83	2.30957	0.05809378
2690	-1589.4	-1590.44	1.04183	0.1445415
2700	-1608.59	-1610.33	1.74224	0.1060694
2710	-1589.97	-1591.06	1.09253	0.1418371
2720	-1589.88	-1590.96	1.08474	0.1422532
2730	-1610.57	-1612.35	1.77962	0.1038702
2740	-1588.05	-1588.68	0.634209	0.1662402
2750	-1598.45	-1599.94	1.49218	0.1202238
2760	-1588.21	-1589.09	0.880144	0.1531481
2770	-1616.03	-1617.9	1.87067	0.09837559
2780	-1588.22	-1589.1	0.881639	0.1530686
2790	-1618.27	-1620.17	1.90354	0.09633239
2800	-1589.25	-1589.68	0.430039	0.17716
2810	-1590.81	-1591.96	1.15483	0.1385073
2820	-1606.99	-1608.7	1.70986	0.1079522
2830	-1588.26	-1588.84	0.579078	0.1691824
2840	-1587.95	-1588.75	0.799513	0.157437
2850	-1588.1	-1588.95	0.852178	0.1546355
2860	-1599.88	-1599.66	-0.21772	0.2124628
2870	-1587.9	-1588.66	0.761296	0.1594704
2880	-1592.7	-1592.85	0.146804	0.1924502
2890	-1588.28	-1589.17	0.893714	0.1524263
2900	-1599.05	-1600.56	1.5109	0.1191891
2910	-1599.64	-1599.43	-0.207824	0.2119137
2920	-1615.55	-1617.41	1.86326	0.09883143
2930	-1591.44	-1592.64	1.1955	0.1363287
2940	-1614.56	-1616.41	1.84781	0.09977652
2950	-1709.05	-1711.35	2.29886	0.05186438
2960	-1590.71	-1591.86	1.14791	0.1388777
2970	-1610.1	-1611.87	1.77104	0.1043779
2980	-1588.3	-1589.19	0.897461	0.152227
2990	-1587.9	-1588.66	0.763073	0.1593758
3000	-1617.73	-1616.91	-0.819946	0.246581
3010	-1589.58	-1589.97	0.393946	0.1790982
3020	-1591.48	-1592.68	1.19773	0.1362091
3030	-1589.09	-1589.54	0.44961	0.1761102
3040	-1596.18	-1596.14	-0.0486417	0.2031276
3050	-1588.77	-1589.74	0.971314	0.1482974
3060	-1612.94	-1614.76	1.82117	0.1013898
3070	-1593.58	-1594.89	1.30824	0.130261
3080	-1589.77	-1590.15	0.374248	0.1801571
3090	-1589.5	-1590.56	1.05178	0.1440112
3100	-1587.92	-1588.61	0.695319	0.1629831
3110	-1591.63	-1592.84	1.2069	0.1357171
3120	-1588.09	-1588.71	0.622565	0.1668613
3130	-1588.2	-1588.79	0.592853	0.1684469
3140	-1587.89	-1588.62	0.723149	0.161501
3150	-1652.61	-1654.82	2.21247	0.07354582
3160	-1650.37	-1652.57	2.20036	0.07470241
3170	-1662.48	-1664.74	2.25628	0.06879965
3180	-1591.16	-1592.34	1.17797	0.1372685
3190	-1588.75	-1589.24	0.495205	0.1736672
3200	-1651.08	-1649.47	-1.60547	0.2934743
3210	-1597.58	-1599.04	1.46392	0.1217805
3220	-1618.18	-1617.35	-0.832557	0.2473114
3230	-1588.23	-1589.12	0.884919	0.1528941
3240	-1615.45	-1614.7	-0.754445	0.2427986
3250	-1598.44	-1598.29	-0.155396	0.2090105
3260	-1618.88	-1620.8	1.9122	0.09578811
3270	-1655.36	-1657.58	2.22618	0.07217025
3280	-1594.86	-1594.88	0.0200592	0.1993612
3290	-1614.01	-1615.85	1.83893	0.1003164
3300	-1603.26	-1602.91	-0.352952	0.2200012
3310	-1608.69	-1608.14	-0.544574	0.2308011
3320	-1589.33	-1590.37	1.03528	0.1448909
3330	-1673.59	-1675.88	2.28894	0.06404985
3340	-1826.73	-1828.34	1.61135	0.02831401
3350	-1674.21	-1676.5	2.29031	0.06379735
3360	-1645.82	-1648	2.173	0.07715889
3370	-1724.47	-1726.74	2.26598	0.04759898
3380	-1610.63	-1612.41	1.78086	0.103797
3390	-1632.48	-1634.55	2.06839	0.08533607
3400	-1598.63	-1600.13	1.498	0.1199025
3410	-1623.63	-1625.61	1.9738	0.09182567
3420	-1758.71	-1760.83	2.12582	0.03968639
3430	-1617.94	-1619.84	1.89891	0.09662235
3440	-1589.2	-1590.22	1.0213	0.1456354
3450	-1591.63	-1591.85	0.219373	0.1885137
3460	-1602.97	-1602.63	-0.341938	0.2193848
3470	-1596.75	-1596.68	-0.0766107	0.2046652
3480	-1588.16	-1588.76	0.602245	0.1679456
3490	-1588.11	-1588.73	0.614884	0.1672711
3500	-1623.54	-1622.56	-0.97747	0.2557543
3510	-1645.34	-1647.51	2.16986	0.0774286
3520	-1617.71	-1619.61	1.89556	0.09683192
3530	-1637.05	-1639.16	2.10871	0.08235209
3540	-1633.5	-1635.58	2.07781	0.08465341
3550	-1661.81	-1664.06	2.25376	0.06910636
3560	-1713.32	-1715.61	2.2918	0.05063131
3570	-1615.6	-1617.47	1.86413	0.09877824
3580	-1589	-1590	0.999532	0.1467951
3590	-1655.59	-1653.89	-1.69564	0.2990491
3600	-1588.49	-1589.42	0.931616	0.15041
3610	-1587.89	-1588.62	0.725932	0.1613528
3620	-1619.7	-1621.62	1.92335	0.0950828
3630	-1630.59	-1632.64	2.05012	0.08663877
3640	-1598.14	-1598	-0.141631	0.2082498
3650	-1588.45	-1588.99	0.542078	0.1711595
3660	-1598.14	-1598	-0.141834	0.208261
3670	-1605.7	-1607.38	1.68208	0.1095529
3680	-1588	-1588.82	0.821488	0.156268
3690	-1639.74	-1641.87	2.13017	0.08068884
3700	-1626.55	-1628.56	2.00761	0.08957208
3710	-1649.95	-1652.15	2.19797	0.07492439
3720	-1660.23	-1662.48	2.24759	0.06983504
3730	-1603.55	-1605.19	1.63263	0.1123737
3740	-1587.89	-1588.64	0.748896	0.1601304
3750	-1603.24	-1604.86	1.62491	0.1128109
3760	-1623.33	-1625.3	1.97006	0.0920706
3770	-1632.22	-1634.28	2.06586	0.08551841
3780	-1608.9	-1610.65	1.74833	0.1057131
3790	-1589.34	-1589.76	0.419747	0.1777125
3800	-1592.74	-1594.01	1.26727	0.1324716
3810	-1653.78	-1656	2.21844	0.07295594
3820	-1588.98	-1589.44	0.46338	0.175372
3830	-1595.05	-1596.42	1.37131	0.1268421
3840	-1632.48	-1634.54	2.06831	0.08534178
3850	-1594.52	-1595.87	1.34943	0.1280306
3860	-1608.06	-1609.79	1.73161	0.1066891
3870	-1590.15	-1591.25	1.10655	0.1410888
3880	-1621.59	-1623.54	1.94838	0.09348081
3890	-1634.92	-1637.01	2.0905	0.08372052
3900	-1644.72	-1646.89	2.16578	0.07777706
3910	-1594.65	-1596.01	1.35522	0.1277163
3920	-1606.95	-1608.66	1.70888	0.1080086
3930	-1597.96	-1597.83	-0.133608	0.2078067
3940	-1596.82	-1598.25	1.4378	0.1232143
3950	-1659.49	-1661.73	2.24457	0.07018197
3960	-1777.25	-1779.27	2.01498	0.03610365
3970	-1611.61	-1613.41	1.79838	0.1027554
3980	-1607.39	-1609.11	1.71813	0.1074727
3990	-1683.55	-1685.85	2.30518	0.06022097
4000	-1647.74	-1649.92	2.18497	0.0761075
4010	-1598.13	-1599.61	1.48194	0.1207887
4020	-1668.39	-1670.66	2.27568	0.06620402
4030	-1593.57	-1594.87	1.30742	0.1303053
4040	-1707.61	-1709.91	2.30088	0.05228875
4050	-1671.82	-1674.11	2.28482	0.0647682
4060	-1677.69	-1679.98	2.29703	0.06242913
4070	-1686.01	-1688.31	2.30745	0.05933106
4080	-1644.73	-1646.9	2.16587	0.07776938
4090	-1733.08	-1735.32	2.23911	0.04542606
4100	-1731.2	-1733.45	2.24547	0.04588819
4110	-1661.9	-1664.15	2.2541	0.06906527
4120	-1684.4	-1686.71	2.30605	0.05990951
4130	-1660.12	-1662.37	2.24715	0.0698864
4140	-1604.31	-1605.96	1.6506	0.1113526
4150	-1596.8	-1598.24	1.43736	0.1232383
4160	-1589.37	-1590.4	1.03849	0.1447195
4170	-1592.94	-1594.22	1.27764	0.1319124
4180	-1605.69	-1607.37	1.68189	0.1095641
4190	-1588.59	-1589.54	0.947369	0.1495718
4200	-1596.06	-1596.01	-0.0421772	0.2027726
4210	-1638.73	-1640.86	2.12233	0.08130404
4220	-1590.23	-1591.34	1.1128	0.1407545
4230	-1596.93	-1596.84	-0.0850669	0.2051306
4240	-1589.51	-1590.56	1.05229	0.1439839
4250	-1678.74	-1681.04	2.29879	0.06202278
4260	-1647.53	-1649.71	2.1837	0.07622033
4270	-1598.09	-1599.57	1.48058	0.1208635
4280	-1590.38	-1590.7	0.318167	0.1831765
4290	-1639.01	-1641.14	2.12453	0.08113223
4300	-1596.27	-1597.69	1.41816	0.1242885
4310	-1589.08	-1590.09	1.00847	0.1463191
4320	-1613.18	-1615.01	1.82527	0.1011427
4330	-1636.88	-1638.99	2.10732	0.08245811
4340	-1766.06	-1768.15	2.08465	0.03821418
4350	-1675.66	-1677.95	2.29328	0.06322323
4360	-1596.2	-1597.62	1.4158	0.1244177
4370	-1590.25	-1591.37	1.11478	0.1406489
4380	-1587.95	-1588.62	0.677621	0.163926
4390	-1599.84	-1601.37	1.53422	0.1178954
4400	-1605.24	-1606.91	1.67198	0.110132
4410	-1638.39	-1640.51	2.11963	0.08151347
4420	-1590.25	-1591.36	1.11458	0.1406597
4430	-1660.88	-1663.13	2.25016	0.06953508
4440	-1597.61	-1599.08	1.46512	0.1217147
4450	-1596.27	-1596.21	-0.0528154	0.2033569
4460	-1602.75	-1604.36	1.61278	0.1134965
4470	-1589.8	-1590.18	0.371215	0.1803202
4480	-1627.47	-1629.49	2.01778	0.0888813
4490	-1630.57	-1629.41	-1.15363	0.2661453
4500	-1605.24	-1606.91	1.67181	0.1101414
4510	-1608.52	-1610.26	1.74073	0.1061573
4520	-1589.69	-1590.08	0.382335	0.1797222
4530	-1588.76	-1589.73	0.970495	0.148341
4540	-1651.25	-1653.45	2.20518	0.07424707
4550	-1630.29	-1632.34	2.04712	0.0868495
4560	-1622.32	-1624.28	1.95767	0.09287906
4570	-1589.72	-1590.79	1.07144	0.1429626
4580	-1592.82	-1594.09	1.27142	0.1322479
4590	-1590.16	-1590.5	0.337431	0.1821385
4600	-1589.37	-1589.79	0.416593	0.1778818
4610	-1590.36	-1591.48	1.12264	0.1402289
4620	-1613.73	-1615.57	1.83438	0.100592
4630	-1633.85	-1635.93	2.08096	0.0844237
4640	-1598.85	-1600.35	1.50464	0.1195354
4650	-1623.53	-1625.5	1.97254	0.09190799
4660	-1707.81	-1710.11	2.30061	0.05223015
4670	-1725.23	-1727.49	2.26387	0.04740305
4680	-1634.38	-1636.47	2.08575	0.08407134
4690	-1588.27	-1588.85	0.577938	0.1692433
4700	-1601.52	-1603.1	1.58112	0.1152775
4710	-1589.73	-1590.11	0.378293	0.1799396
4720	-1589.26	-1590.29	1.02775	0.1452919
4730	-1588.19	-1588.79	0.595164	0.1683236
4740	-1589.69	-1590.76	1.06876	0.1431058
4750	-1632.86	-1634.94	2.07193	0.08508048
4760	-1602.61	-1602.28	-0.328121	0.2186121
4770	-1633.54	-1635.62	2.07816	0.0846279
4780	-1657.58	-1659.82	2.23641	0.07108767
4790	-1627.8	-1629.82	2.0213	0.08864061
4800	-1621.59	-1623.54	1.94838	0.09348087
4810	-1596.49	-1596.43	-0.0637758	0.2039593
4820	-1592.02	-1593.25	1.22893	0.1345341
4830	-1653.64	-1655.86	2.21774	0.07302575
4840	-1611.99	-1613.8	1.80503	0.1023581
4850	-1598.18	-1599.67	1.48369	0.1206921
4860	-1603.9	-1605.54	1.64088	0.1119052
4870	-1692.18	-1694.49	2.31032	0.05718203
4880	-1589.15	-1590.16	1.01609	0.1459134
4890	-1660.37	-1662.62	2.24815	0.06977092
4900	-1656.89	-1659.12	2.23332	0.07142032
4910	-1652.64	-1654.86	2.21263	0.07352942
4920	-1609.86	-1611.63	1.76654	0.1046433
4930	-1638.04	-1640.15	2.11677	0.08173456
4940	-1668.25	-1670.52	2.27528	0.06626354
4950	-1635.59	-1637.68	2.09635	0.08328506
4960	-1588.51	-1589.04	0.531342	0.1717335
4970	-1624.52	-1626.5	1.98437	0.09112764
4980	-1666.12	-1668.39	2.26879	0.06718234
4990	-1590.08	-1591.19	1.10172	0.1413466
5000	-1593.41	-1594.71	1.30011	0.1307001
5010	-1646.81	-1648.99	2.17925	0.07661421
5020	-1607.17	-1608.88	1.71357	0.1077373
5030	-1673.3	-1675.59	2.2883	0.06416488
5040	-1594.14	-1595.48	1.33339	0.1289
5050	-1600.74	-1602.3	1.55998	0.1164602
5060	-1641.49	-1643.63	2.14328	0.07964177
5070	-1681.83	-1684.13	2.30319	0.06085733
5080	-1648.24	-1650.43	2.18802	0.07583405
5090	-1587.9	-1588.67	0.76513	0.1592664
5100	-1587.98	-1588.64	0.659147	0.1649105
5110	-1643.23	-1645.39	2.15566	0.07862661
5120	-1706.89	-1709.2	2.30181	0.05250293
5130	-1616.7	-1618.58	1.88067	0.09775776
5140	-1588	-1588.65	0.650607	0.1653658
5150	-1588.37	-1589.29	0.91198	0.1514546
5160	-1590.29	-1591.41	1.11777	0.1404894
5170	-1598.26	-1598.11	-0.146982	0.2085454
5180	-1588.03	-1588.86	0.830557	0.1557856
5190	-1589.98	-1590.33	0.354317	0.1812294
5200	-1596.09	-1597.5	1.41157	0.1246488
5210	-1604.03	-1605.68	1.64409	0.1117228
5220	-1667.48	-1669.75	2.27299	0.06659477
5230	-1622.08	-1624.03	1.95459	0.09307952
5240	-1622.23	-1624.19	1.95653	0.09295312
5250	-1630.33	-1632.38	2.04752	0.08682192
5260	-1633.03	-1635.11	2.07351	0.08496603
5270	-1622.45	-1624.41	1.95926	0.09277616
5280	-1590.24	-1590.57	0.330157	0.1825304
5290	-1600.43	-1600.19	-0.240858	0.2137479
5300	-1606.31	-1608.01	1.69549	0.1087816
5310	-1638.41	-1640.52	2.11972	0.08150611
5320	-1601.5	-1603.08	1.58043	0.1153158
5330	-1588.15	-1588.76	0.604799	0.1678093
5340	-1590.21	-1591.33	1.11186	0.1408049
5350	-1601.69	-1603.27	1.58552	0.1150307
5360	-1641.78	-1643.93	2.14541	0.07946908
5370	-1598.22	-1599.7	1.48489	0.1206257
5380	-1589.97	-1591.06	1.09234	0.1418471
5390	-1589.3	-1589.72	0.424698	0.1774467
5400	-1637.89	-1640.01	2.11559	0.08182563
5410	-1602.45	-1604.05	1.60525	0.1139209
5420	-1618.94	-1618.09	-0.853838	0.2485455
5430	-1629.83	-1631.87	2.04248	0.08717522
5440	-1608.67	-1610.42	1.74383	0.1059763
5450	-1665.3	-1667.57	2.26613	0.0675412
5460	-1714.56	-1716.84	2.28946	0.05028277
5470	-1621.19	-1623.13	1.94313	0.09381879
5480	-1613.18	-1615.01	1.82529	0.1011413
5490	-1588.69	-1589.19	0.503875	0.1732031
5500	-1589.82	-1590.9	1.07982	0.1425156
5510	-1589.23	-1589.66	0.43237	0.1770349
5520	-1673.57	-1675.86	2.2889	0.06405725
5530	-1609.46	-1611.22	1.7591	0.1050812
5540	-1595.03	-1596.4	1.37067	0.126877
5550	-1678.75	-1681.05	2.2988	0.06201951
5560	-1592.84	-1594.11	1.27234	0.1321982
5570	-1588.03	-1588.86	0.832346	0.1556904
5580	-1591.45	-1591.68	0.232643	0.1877954
5590	-1599.81	-1601.34	1.53346	0.1179376
5600	-1597.2	-1597.1	-0.0979305	0.205839
5610	-1594.77	-1596.13	1.36002	0.1274556
5620	-1610.84	-1612.62	1.78457	0.1035771
5630	-1599.07	-1600.58	1.51138	0.1191624
5640	-1600.05	-1601.59	1.54033	0.1175552
5650	-1594	-1595.32	1.3269	0.1292514
5660	-1595.06	-1595.07	0.00938431	0.1999455
5670	-1603.65	-1603.28	-0.3675	0.2208163
5680	-1589.21	-1589.65	0.434607	0.176915
5690	-1614.19	-1616.03	1.84178	0.1001433
5700	-1589.86	-1590.95	1.08381	0.1423028
5710	-1588.15	-1589.02	0.866436	0.1538772
5720	-1588.98	-1589.44	0.463767	0.1753512
5730	-1587.92	-1588.61	0.697367	0.162874
5740	-1601.52	-1601.23	-0.285286	0.2162209
5750	-1590.59	-1590.89	0.299777	0.1841682
5760	-1590.23	-1591.35	1.11333	0.1407264
5770	-1588.15	-1588.76	0.605619	0.1677655
5780	-1588.99	-1589.98	0.998056	0.1468737
5790	-1587.9	-1588.65	0.754497	0.1598323
5800	-1596.36	-1597.78	1.42157	0.1241022
5810	-1613.78	-1613.08	-0.705071	0.2399596
5820	-1633.92	-1636	2.08161	0.08437558
5830	-1663.29	-1665.55	2.25923	0.06843381
5840	-1654.15	-1656.37	2.22032	0.07276689
5850	-1635.61	-1637.71	2.09656	0.08326906
5860	-1645.17	-1647.34	2.16875	0.07752421
5870	-1604.66	-1606.32	1.65878	0.1108861
5880	-1587.91	-1588.61	0.705058	0.1624644
5890	-1615.27	-1614.52	-0.749165	0.2424945
5900	-1610.95	-1612.73	1.78655	0.1034592
5910	-1591.61	-1591.83	0.221107	0.1884198
5920	-1608.47	-1610.21	1.73977	0.1062134
5930	-1615.05	-1616.91	1.85554	0.09930447
5940	-1681.57	-1683.88	2.30287	0.06095133
5950	-1674.63	-1676.92	2.2912	0.06363031
5960	-1597.57	-1599.03	1.4636	0.1217982
5970	-1601.07	-1602.64	1.569	0.1159561
5980	-1594.6	-1594.64	0.034155	0.1985903
5990	-1594.58	-1594.62	0.0353917	0.1985226
6000	-1612.41	-1611.75	-0.663391	0.2375709
6010	-1588.21	-1589.09	0.879258	0.1531952
6020	-1618.21	-1617.38	-0.833446	0.2473629
6030	-1641.04	-1639.64	-1.39391	0.2805544
6040	-1587.93	-1588.71	0.784593	0.1582307
6050	-1603.49	-1605.12	1.63119	0.1124551
6060	-1587.93	-1588.71	0.785766	0.1581683
6070	-1593.49	-1594.8	1.30407	0.130486
6080	-1592.4	-1592.56	0.166485	0.1913812
6090	-1666.01	-1668.28	2.26844	0.06722977
6100	-1612.35	-1614.16	1.81118	0.1019898
6110	-1619.48	-1621.4	1.92045	0.09526682
6120	-1589.99	-1590.34	0.353735	0.1812607
6130	-1616.41	-1615.63	-0.782292	0.2444044
6140	-1589.23	-1590.26	1.02513	0.1454315
6150	-1590.66	-1591.81	1.14464	0.1390524
6160	-1588.25	-1589.14	0.888165	0.1527214
6170	-1616.87	-1618.76	1.88333	0.09759343
6180	-1637.84	-1639.96	2.11519	0.08185605
6190	-1599.18	-1600.7	1.51479	0.1189732
6200	-1589.31	-1590.35	1.03325	0.1449988
6210	-1588.42	-1588.97	0.547711	0.1708584
6220	-1589.04	-1590.05	1.00465	0.1465226
6230	-1590.16	-1591.27	1.10805	0.1410084
6240	-1659.55	-1657.78	-1.77275	0.3038501
6250	-1617.79	-1619.68	1.89667	0.09676287
6260	-1596.84	-1598.28	1.4388	0.1231591
6270	-1599.26	-1600.78	1.51724	0.1188376
6280	-1684.14	-1686.45	2.30579	0.06000374
6290	-1747.74	-1749.92	2.18017	0.04201863
6300	-1681.09	-1683.39	2.30224	0.06113153
6310	-1650.4	-1652.6	2.20049	0.07468997
6320	-1653.71	-1655.93	2.21811	0.07298894
6330	-1700.36	-1702.67	2.30815	0.05450988
6340	-1597.78	-1599.26	1.47077	0.121404
6350	-1589.72	-1590.79	1.07124	0.1429733
6360	-1588.19	-1589.07	0.875278	0.1534069
6370	-1601.7	-1603.29	1.58586	0.1150115
6380	-1613.09	-1614.91	1.82371	0.1012369
6390	-1713.38	-1715.68	2.29168	0.05061351
6400	-1594.87	-1596.24	1.3642	0.1272286
6410	-1661.17	-1663.42	2.2513	0.06940046
6420	-1648.77	-1650.96	2.19115	0.07555102
6430	-1588.33	-1588.9	0.564596	0.169956
6440	-1590.82	-1591.1	0.280777	0.1851936
6450	-1616.06	-1617.93	1.87111	0.09834884
6460	-1607.06	-1608.77	1.7113	0.1078684
6470	-1594.73	-1596.09	1.35823	0.1275529
6480	-1616.64	-1618.52	1.87987	0.09780731
6490	-1599.29	-1600.81	1.51822	0.1187831
6500	-1600.62	-1602.17	1.55645	0.1166573
6510	-1594.69	-1596.05	1.35678	0.1276319
6520	-1597.85	-1599.33	1.47298	0.121282
6530	-1656.8	-1659.03	2.23291	0.07146419
6540	-1587.91	-1588.61	0.698107	0.1628346
6550	-1626.29	-1628.29	2.00468	0.08977007
6560	-1639.63	-1641.76	2.12935	0.08075355
6570	-1626.59	-1628.6	2.00806	0.08954186
6580	-1614.04	-1615.88	1.83939	0.1002884
6590	-1592.02	-1593.25	1.22931	0.1345139
6600	-1703.37	-1705.67	2.30573	0.05357224
6610	-1627.84	-1629.86	2.02172	0.08861227
6620	-1592.48	-1592.64	0.161399	0.1916574
6630	-1634.13	-1636.22	2.08355	0.08423319
6640	-1636.2	-1638.3	2.10158	0.08289215
6650	-1594.09	-1595.42	1.3311	0.1290239
6660	-1587.9	-1588.62	0.719961	0.1616707
6670	-1627.4	-1629.42	2.01696	0.08893694
6680	-1598.55	-1600.04	1.49532	0.1200505
6690	-1596.44	-1597.86	1.42426	0.1239555
6700	-1599.91	-1599.69	-0.219258	0.2125481
6710	-1598.21	-1599.7	1.48465	0.1206394
6720	-1587.96	-1588.77	0.805964	0.1570938
6730	-1591.99	-1593.22	1.22748	0.1346121
6740	-1619.91	-1621.83	1.92622	0.09490016
6750	-1619.74	-1621.66	1.92394	0.09504495
6760	-1634.33	-1636.42	2.08531	0.08410379
6770	-1602.54	-1604.14	1.60748	0.1137953
6780	-1589.01	-1590.01	1.00104	0.1467146
6790	-1603.76	-1605.4	1.63772	0.1120847
6800	-1588.31	-1588.88	0.56802	0.1697731
6810	-1589.38	-1590.42	1.0395	0.1446656
6820	-1690.68	-1692.99	2.30999	0.05769465
6830	-1603.86	-1605.5	1.64009	0.1119504
6840	-1619.52	-1621.44	1.92094	0.09523541
6850	-1598.51	-1600.01	1.49416	0.1201147
6860	-1595.39	-1595.38	-0.00812065	0.2009043
6870	-1619.96	-1619.08	-0.881921	0.250177
6880	-1604.47	-1606.13	1.65443	0.1111343
6890	-1609.39	-1611.15	1.75772	0.1051624
6900	-1632.38	-1634.45	2.06742	0.08540588
6910	-1595.34	-1595.33	-0.0053861	0.2007545
6920	-1596.15	-1596.1	-0.0467682	0.2030247
6930	-1619.24	-1621.16	1.91713	0.0954768
6940	-1597.21	-1598.66	1.45145	0.1224655
6950	-1603.96	-1603.58	-0.37937	0.2214818
6960	-1603.75	-1605.38	1.63729	0.112109
6970	-1595.38	-1596.76	1.38443	0.1261287
6980	-1589.22	-1589.65	0.4337	0.1769636
6990	-1591.76	-1592.97	1.21409	0.1353313
7000	-1588.67	-1589.63	0.957931	0.1490098
7010	-1610.33	-1612.11	1.77536	0.1041223
7020	-1592.42	-1593.67	1.25093	0.1333511
7030	-1611.38	-1610.75	-0.631311	0.2357374
7040	-1594.07	-1595.4	1.33018	0.129074
7050	-1625.53	-1627.53	1.99615	0.09034279
7060	-1617.16	-1619.05	1.88751	0.09733336
7070	-1593.36	-1594.66	1.29772	0.130829
7080	-1605.64	-1607.32	1.68087	0.1096225
7090	-1589.45	-1590.5	1.04708	0.1442617
7100	-1587.9	-1588.61	0.709394	0.1622334
7110	-1589.14	-1590.15	1.01478	0.1459831
7120	-1588.41	-1588.96	0.549127	0.1707827
7130	-1590.32	-1591.44	1.12005	0.1403673
7140	-1589.63	-1590.7	1.06355	0.1433834
7150	-1609.38	-1611.13	1.7574	0.1051811
7160	-1621.15	-1620.24	-0.914265	0.2520604
7170	-1591.66	-1592.86	1.20816	0.1356495
7180	-1597.17	-1598.62	1.44999	0.1225458
7190	-1686.63	-1688.94	2.30793	0.0591084
7200	-1618.39	-1620.29	1.9052	0.09622831
7210	-1644.85	-1647.02	2.16666	0.0777021
7220	-1591.95	-1592.15	0.19671	0.1897415
7230	-1587.93	-1588.62	0.688811	0.1633298
7240	-1621.34	-1623.29	1.94514	0.09368947
7250	-1600.76	-1600.51	-0.254586	0.2145113
7260	-1597.92	-1597.79	-0.131667	0.2076996
7270	-1592.01	-1593.23	1.22825	0.1345706
7280	-1589.63	-1590.69	1.06346	0.1433881
7290	-1608.88	-1610.63	1.7479	0.1057382
7300	-1650.39	-1652.59	2.20046	0.07469224
7310	-1609.9	-1611.67	1.76739	0.1045932
7320	-1621.76	-1623.71	1.95051	0.09334331
7330	-1652.84	-1655.05	2.21363	0.07343186
7340	-1621.17	-1623.12	1.94297	0.09382905
7350	-1606.16	-1607.85	1.69214	0.1089747
7360	-1621.33	-1623.27	1.94494	0.09370239
7370	-1606.94	-1608.65	1.70874	0.1080167
7380	-1682.01	-1684.31	2.30342	0.06078899
7390	-1635.86	-1637.96	2.09868	0.08311056
7400	-1733.92	-1736.15	2.23617	0.04522142
7410	-1788.92	-1790.86	1.93355	0.0340539
7420	-1614.97	-1616.83	1.85428	0.0993815
7430	-1587.93	-1588.62	0.688325	0.1633557
7440	-1588.83	-1589.81	0.979077	0.1478842
7450	-1638.28	-1640.4	2.11873	0.08158313
7460	-1627.19	-1629.2	2.01463	0.08909566
7470	-1589.33	-1590.36	1.03474	0.1449197
7480	-1605.74	-1607.43	1.68311	0.1094938
7490	-1602.97	-1604.59	1.61846	0.1131756
7500	-1727.41	-1729.66	2.25748	0.04684233
7510	-1588.81	-1589.29	0.486304	0.1741438
7520	-1592.87	-1594.14	1.27382	0.1321183
7530	-1589.49	-1589.89	0.403791	0.1785692
7540	-1632.69	-1634.76	2.07032	0.08519703
7550	-1609.41	-1611.16	1.75797	0.1051475
7560	-1594.95	-1596.32	1.3673	0.1270605
7570	-1624.55	-1626.53	1.98474	0.09110304
7580	-1591.26	-1591.51	0.246476	0.1870471
7590	-1607.65	-1609.37	1.72342	0.1071656
7600	-1682.52	-1684.83	2.30404	0.060599
7610	-1672.8	-1675.08	2.28714	0.06437015
7620	-1644.71	-1646.88	2.16572	0.07778244
7630	-1698.99	-1701.3	2.30897	0.05494262
7640	-1625.33	-1627.32	1.99379	0.09050101
7650	-1621.57	-1623.52	1.94808	0.09350041
7660	-1595.2	-1596.57	1.37733	0.1265148
7670	-1627.61	-1629.63	2.01925	0.08878076
7680	-1628.38	-1630.41	2.02751	0.08821413
7690	-1666.65	-1668.92	2.27046	0.06695189
7700	-1654.56	-1656.78	2.22232	0.07256466
7710	-1673.96	-1676.25	2.28975	0.06390073
7720	-1742.66	-1744.86	2.20242	0.0431606
7730	-1636.51	-1638.62	2.10424	0.08269172
7740	-1595.84	-1597.24	1.40211	0.1251651
7750	-1628.31	-1630.34	2.0267	0.08826984
7760	-1652.77	-1654.98	2.2133	0.07346452
7770	-1601.74	-1603.33	1.58692	0.1149519
7780	-1601.73	-1603.32	1.58671	0.1149635
7790	-1589.52	-1590.57	1.05311	0.1439401
7800	-1601.92	-1603.52	1.59173	0.1146818
7810	-1592.57	-1593.83	1.25873	0.1329313
7820	-1605.2	-1606.87	1.6711	0.1101823
7830	-1622.49	-1624.45	1.95981	0.09274048
7840	-1596.12	-1597.53	1.41263	0.1245906
7850	-1594.16	-1594.22	0.0588503	0.197241
7860	-1590.02	-1591.12	1.09686	0.1416059
7870	-1604.44	-1604.04	-0.396917	0.2224666
7880	-1589.29	-1590.32	1.03075	0.145132
7890	-1595.07	-1596.44	1.3721	0.1267992
7900	-1649.38	-1651.58	2.19472	0.07522512
7910	-1667.15	-1669.42	2.27201	0.06673481
7920	-1620.94	-1622.88	1.93993	0.09402431
7930	-1601.01	-1602.58	1.56729	0.1160518
7940	-1588.59	-1589.11	0.519433	0.1723705
7950	-1590.54	-1591.68	1.13624	0.1395021
7960	-1593.53	-1594.84	1.30575	0.1303953
7970	-1603.96	-1605.61	1.64245	0.1118161
7980	-1614.86	-1616.72	1.85259	0.09948472
7990	-1709.78	-1712.08	2.29777	0.05164978
8000	-1587.91	-1588.68	0.7708	0.1589647
8010	-1590.05	-1591.15	1.09896	0.1414939
8020	-1589.11	-1590.12	1.01208	0.146127
8030	-1656.3	-1658.53	2.23062	0.07170602
8040	-1649.42	-1651.62	2.19495	0.07520333
8050	-1599.06	-1600.57	1.51112	0.1191769
8060	-1588.33	-1589.24	0.904733	0.1518401
8070	-1589.72	-1590.1	0.379766	0.1798604
8080	-1590.15	-1591.26	1.10702	0.1410633
8090	-1588.76	-1589.73	0.970772	0.1483263
8100	-1587.94	-1588.73	0.791682	0.1578536
8110	-1608.03	-1609.76	1.73104	0.1067224
8120	-1591.32	-1592.51	1.18784	0.1367392
8130	-1587.91	-1588.69	0.7742	0.1587838
8140	-1615.93	-1617.8	1.8691	0.09847272
8150	-1590.56	-1591.7	1.13776	0.1394206
8160	-1649.84	-1652.04	2.19735	0.07498225
8170	-1589.41	-1589.82	0.412367	0.1781087
8180	-1675.06	-1677.36	2.29209	0.06345811
8190	-1609.05	-1610.8	1.75117	0.1055463
8200	-1680.3	-1682.6	2.30115	0.06142909
8210	-1622.46	-1624.42	1.95943	0.09276473
8220	-1620.1	-1622.03	1.92885	0.09473264
8230	-1596.89	-1596.81	-0.0834032	0.205039
8240	-1708.16	-1710.46	2.30014	0.05212764
8250	-1713.62	-1715.92	2.29124	0.05054555
8260	-1588.58	-1589.1	0.519928	0.172344
8270	-1589.93	-1591.02	1.08892	0.1420297
8280	-1594.39	-1595.73	1.344	0.1283248
8290	-1606.28	-1607.98	1.69482	0.1088205
8300	-1622.49	-1624.45	1.95981	0.09274005
8310	-1588.36	-1589.27	0.910134	0.1515528
8320	-1649.79	-1651.99	2.19708	0.07500737
8330	-1587.91	-1588.68	0.772917	0.158852
8340	-1618.3	-1620.2	1.90396	0.09630619
8350	-1598.49	-1599.99	1.49361	0.1201449
8360	-1594.2	-1594.25	0.0568647	0.1973494
8370	-1592.62	-1593.89	1.2614	0.1327876
8380	-1593.17	-1593.29	0.117099	0.1940657
8390	-1610.7	-1612.48	1.78204	0.1037271
8400	-1605.4	-1607.08	1.6756	0.1099247
8410	-1636.88	-1638.99	2.1073	0.08245992
8420	-1617.73	-1619.63	1.89583	0.09681484
8430	-1588.25	-1588.83	0.580932	0.1690835
8440	-1588.56	-1589.09	0.523009	0.1721792
8450	-1590.61	-1591.75	1.14119	0.1392371
8460	-1594.5	-1594.54	0.0399489	0.1982735
8470	-1596.87	-1596.79	-0.0824158	0.2049847
8480	-1603.58	-1603.22	-0.365187	0.2206866
8490	-1588.75	-1589.72	0.968718	0.1484356
8500	-1593.48	-1593.58	0.0986394	0.195071
8510	-1602.61	-1604.22	1.60929	0.1136932
8520	-1587.97	-1588.63	0.66547	0.1645735
8530	-1612.43	-1614.25	1.81266	0.1019011
8540	-1613.78	-1615.62	1.83523	0.1005408
8550	-1635.52	-1637.62	2.09581	0.08332533
8560	-1633.87	-1635.95	2.08114	0.08440995
8570	-1609.27	-1611.02	1.75533	0.1053025
8580	-1602.94	-1604.56	1.61758	0.1132252
8590	-1594.67	-1596.02	1.3558	0.1276848
8600	-1622.37	-1624.33	1.95827	0.09284057
8610	-1588.03	-1588.87	0.83305	0.155653
8620	-1641.57	-1643.71	2.14383	0.07959687
8630	-1603.45	-1603.09	-0.359984	0.2203951
8640	-1615.59	-1617.46	1.86397	0.09878784
8650	-1608.25	-1609.99	1.73551	0.1064618
8660	-1658.2	-1660.44	2.23912	0.07079101
8670	-1629.5	-1631.54	2.03912	0.08740951
8680	-1600.04	-1601.58	1.54011	0.1175679
8690	-1600.73	-1600.48	-0.2533	0.2144398
8700	-1618.57	-1617.73	-0.843533	0.2479476
8710	-1611.44	-1613.24	1.79539	0.1029337
8720	-1606.21	-1607.9	1.69327	0.1089093
8730	-1656.38	-1658.61	2.23098	0.07166815
8740	-1733.97	-1736.21	2.23597	0.04520763
8750	-1601.59	-1603.18	1.58303	0.11517
8760	-1646.1	-1648.28	2.17477	0.07700507
8770	-1628.02	-1630.05	2.02369	0.0884769
8780	-1707.44	-1709.74	2.3011	0.05233963
8790	-1692.65	-1694.96	2.31037	0.05702271
8800	-1588.68	-1589.64	0.959185	0.148943
8810	-1608.55	-1610.29	1.74139	0.1061191
8820	-1623.51	-1625.49	1.97237	0.0919194
8830	-1592.63	-1593.89	1.2617	0.1327714
8840	-1613.42	-1615.25	1.82922	0.1009045
8850	-1598.32	-1599.81	1.48822	0.1204425
8860	-1589.02	-1589.48	0.45839	0.1756395
8870	-1589.04	-1590.05	1.00434	0.146539
8880	-1591.72	-1592.93	1.2117	0.1354593
8890	-1597.3	-1598.76	1.45463	0.1222909
8900	-1609.46	-1611.22	1.75896	0.1050892
8910	-1661.35	-1663.6	2.25198	0.06931961
8920	-1606.83	-1608.54	1.70654	0.1081441
8930	-1588.6	-1589.55	0.948195	0.1495279
8940	-1608.96	-1608.41	-0.553674	0.2313175
8950	-1597.56	-1597.44	-0.114941	0.2067767
8960	-1651.95	-1654.16	2.20897	0.07388482
8970	-1658.83	-1661.07	2.24182	0.07049151
8980	-1720.76	-1723.03	2.27574	0.04858092
8990	-1673.25	-1675.54	2.28819	0.06418404
9000	-1594.89	-1596.25	1.36487	0.1271924
9010	-1587.91	-1588.68	0.773172	0.1588384
9020	-1619.78	-1621.7	1.92445	0.09501297
9030	-1668.46	-1670.73	2.27588	0.06617546
9040	-1634.17	-1636.25	2.08388	0.08420901
9050	-1603.71	-1605.35	1.63641	0.1121591
9060	-1663.47	-1665.73	2.25985	0.0683552
9070	-1606.62	-1608.32	1.70193	0.1084104
9080	-1589.89	-1590.97	1.08571	0.1422011
9090	-1599.85	-1601.38	1.53455	0.1178769
9100	-1588.19	-1588.78	0.596153	0.1682707
9110	-1590.04	-1590.39	0.348681	0.1815327
9120	-1647.45	-1645.92	-1.53093	0.2888962
9130	-1625.04	-1627.03	1.99048	0.09072178
9140	-1593.21	-1593.32	0.115125	0.1941732
9150	-1589.67	-1590.74	1.06685	0.1432076
9160	-1639.69	-1641.82	2.12978	0.08071953
9170	-1589.62	-1590.69	1.0628	0.1434237
9180	-1596.8	-1598.24	1.43737	0.1232379
9190	-1588.5	-1589.43	0.932601	0.1503576
9200	-1623.74	-1625.71	1.97509	0.09174081
9210	-1667.25	-1669.52	2.27231	0.06669117
9220	-1588.04	-1588.68	0.637822	0.1660475
9230	-1667.77	-1670.05	2.27389	0.06646609
9240	-1596.62	-1598.05	1.43075	0.1236002
9250	-1592.82	-1594.09	1.27116	0.1322619
9260	-1629.9	-1631.94	2.04313	0.08712934
9270	-1597.62	-1597.51	-0.118028	0.206947
9280	-1588.11	-1588.97	0.85557	0.1544551
9290	-1642.41	-1644.56	2.14986	0.07910533
9300	-1601.11	-1602.68	1.56993	0.1159038
9310	-1800.7	-1802.55	1.84256	0.03212737
9320	-1719.77	-1722.05	2.27814	0.04884562
9330	-1690.44	-1692.75	2.30991	0.05777713
9340	-1610.65	-1612.43	1.78108	0.1037838
9350	-1597.68	-1599.14	1.46716	0.1216022
9360	-1594.84	-1596.2	1.36277	0.1273063
9370	-1628.02	-1630.04	2.02365	0.08847964
9380	-1627.01	-1629.02	2.0127	0.08922738
9390	-1587.9	-1588.65	0.75647	0.1597273
9400	-1631.07	-1633.12	2.0548	0.08630727
9410	-1639.72	-1641.85	2.13002	0.08070122
9420	-1656.42	-1658.65	2.23116	0.07164934
9430	-1632.44	-1634.5	2.06792	0.08536987
9440	-1611.61	-1613.41	1.79834	0.1027578
9450	-1610.52	-1612.3	1.77877	0.1039204
9460	-1588.03	-1588.67	0.64002	0.1659303
9470	-1592.52	-1592.68	0.158582	0.1918104
9480	-1598.28	-1598.13	-0.147925	0.2085975
9490	-1597.83	-1597.7	-0.127401	0.2074641
9500	-1587.9	-1588.67	0.765411	0.1592514
9510	-1606.67	-1608.37	1.70298	0.1083497
9520	-1614.42	-1616.26	1.84548	0.09991841
9530	-1621.63	-1623.58	1.94882	0.09345236
9540	-1617.19	-1616.39	-0.804753	0.245702
9550	-1588.21	-1589.09	0.879726	0.1531703
9560	-1650.98	-1653.18	2.20369	0.07438843
9570	-1593.53	-1594.84	1.30572	0.1303972
9580	-1617.73	-1619.62	1.89581	0.09681615
9590	-1621.22	-1623.17	1.94363	0.09378684
9600	-1599.94	-1599.72	-0.220543	0.2126194
9610	-1601.15	-1600.88	-0.270637	0.2154047
9620	-1589.61	-1590.67	1.0612	0.1435087
9630	-1601.59	-1603.17	1.58286	0.11518
9640	-1607.69	-1609.41	1.7242	0.1071208
9650	-1613.37	-1612.67	-0.692456	0.2392358
9660	-1619.56	-1621.49	1.92155	0.09519673
9670	-1597.1	-1598.55	1.44786	0.1226625
9680	-1605.85	-1605.4	-0.447572	0.2253162
9690	-1587.9	-1588.65	0.756642	0.1597181
9700	-1621.92	-1623.87	1.95254	0.09321208
9710	-1593.04	-1594.32	1.28211	0.1316715
9720	-1605.42	-1607.1	1.67594	0.1099054
9730	-1591.37	-1592.56	1.19124	0.1365569
9740	-1603.21	-1604.84	1.6244	0.1128399
9750	-1596.97	-1596.88	-0.0869038	0.2052318
9760	-1598.59	-1600.09	1.49661	0.1199794
9770	-1587.89	-1588.63	0.733284	0.1609614
9780	-1593.39	-1594.69	1.29914	0.1307524
9790	-1595.57	-1596.96	1.39195	0.1257191
9800	-1636.79	-1638.9	2.10659	0.08251325
9810	-1589.93	-1590.28	0.359483	0.1809514
9820	-1603.96	-1605.6	1.64236	0.1118214
9830	-1620.71	-1622.65	1.93693	0.09421688
9840	-1625.27	-1627.26	1.99309	0.09054758
9850	-1739.18	-1741.4	2.21655	0.04396583
9860	-1605.52	-1607.2	1.67825	0.1097724
9870	-1692.4	-1694.71	2.31034	0.05710925
9880	-1727.77	-1730.03	2.25637	0.04674948
9890	-1634.8	-1636.89	2.08952	0.08379358
9900	-1588.5	-1589.03	0.534224	0.1715794
9910	-1598.21	-1599.69	1.48447	0.120649
9920	-1592.93	-1593.06	0.132413	0.1932326
9930	-1618.58	-1620.49	1.90796	0.09605483
9940	-1623.34	-1625.31	1.97022	0.09206021
9950	-1648.61	-1650.8	2.19018	0.075639
9960	-1603.66	-1603.29	-0.3681	0.2208499
9970	-1602.55	-1604.16	1.6079	0.1137716
9980	-1588.58	-1589.1	0.520043	0.1723379
9990	-1612.03	-1613.83	1.80563	0.1023221
10000	-1588.31	-1588.88	0.569131	0.1697137
