Iteration	Posterior	Likelihood	Prior	birth_rate
0	-1588.82	-1589.3	0.48512	0.1742072
10	-1592.56	-1593.82	1.25817	0.1329618
20	-1587.93	-1588.62	0.690317	0.1632496
30	-1604.57	-1604.17	-0.401748	0.222738
40	-1589.6	-1590.66	1.06021	0.1435615
50	-1589.71	-1590.09	0.381059	0.1797908
60	-1591.18	-1591.43	0.253019	0.1866933
70	-1588.12	-1588.98	0.85851	0.1542987
80	-1589.21	-1589.65	0.434852	0.1769018
90	-1590.73	-1591.88	1.14947	0.1387941
100	-1596.29	-1596.24	-0.0541452	0.20343
110	-1587.89	-1588.62	0.728964	0.1611914
120	-1606.29	-1607.99	1.69501	0.1088092
130	-1588.2	-1588.79	0.593981	0.1683867
140	-1590.16	-1590.5	0.337549	0.1821321
150	-1602.68	-1604.29	1.61099	0.1135974
160	-1589.6	-1589.99	0.392302	0.1791865
170	-1588.17	-1588.77	0.601212	0.1680007
180	-1587.92	-1588.71	0.782386	0.1583482
190	-1588.25	-1589.14	0.888618	0.1526974
200	-1588.98	-1589.98	0.997509	0.1469028
210	-1589.39	-1590.43	1.04095	0.1445885
220	-1591.54	-1592.74	1.20119	0.1360236
230	-1591.57	-1591.79	0.223797	0.1882742
240	-1592	-1593.23	1.2281	0.1345786
250	-1590.42	-1591.55	1.12726	0.139982
260	-1595.14	-1596.51	1.37502	0.1266406
270	-1611.45	-1613.25	1.79557	0.1029231
280	-1598.18	-1599.66	1.48363	0.1206952
290	-1587.93	-1588.72	0.788824	0.1580056
300	-1589.82	-1590.19	0.369461	0.1804145
310	-1588.25	-1589.14	0.888925	0.152681
320	-1594.09	-1594.16	0.0626839	0.1970317
330	-1602.19	-1603.78	1.59854	0.114299
340	-1587.93	-1588.62	0.686361	0.1634603
350	-1614.28	-1613.56	-0.720022	0.2408182
360	-1589.14	-1590.16	1.01531	0.1459546
370	-1593.14	-1594.43	1.28722	0.1313958
380	-1593.11	-1594.4	1.28581	0.1314719
390	-1588.11	-1588.96	0.85452	0.154511
400	-1588.77	-1589.26	0.491476	0.1738669
410	-1599.25	-1600.77	1.51701	0.1188504
420	-1587.89	-1588.63	0.738329	0.1606929
430	-1589.12	-1590.13	1.01321	0.1460664
440	-1587.9	-1588.61	0.716062	0.1618784
450	-1594.54	-1595.89	1.35043	0.1279761
460	-1601.99	-1603.58	1.59344	0.1145857
470	-1588.79	-1589.76	0.973561	0.1481779
480	-1600.78	-1602.34	1.56099	0.1164037
490	-1592.61	-1593.87	1.26083	0.1328183
500	-1592.95	-1593.08	0.130757	0.1933226
510	-1588.11	-1588.96	0.85434	0.1545205
520	-1597.3	-1598.76	1.45467	0.1222888
530	-1590.7	-1591.84	1.14712	0.1389198
540	-1587.93	-1588.72	0.787598	0.1580709
550	-1607.01	-1608.72	1.71014	0.107936
560	-1588.7	-1589.2	0.501731	0.1733178
570	-1588.15	-1589.02	0.866097	0.1538952
580	-1588.13	-1588.99	0.860994	0.1541666
590	-1592.61	-1593.87	1.2609	0.1328143
600	-1594.14	-1594.2	0.0598876	0.1971844
610	-1588.18	-1588.78	0.598666	0.1681366
620	-1596.54	-1597.97	1.428	0.1237506
630	-1589.63	-1590.69	1.06312	0.1434064
640	-1591.99	-1592.19	0.193863	0.1898959
650	-1611.7	-1613.5	1.79998	0.1026598
660	-1594.54	-1595.89	1.35041	0.1279771
670	-1587.89	-1588.62	0.728026	0.1612413
680	-1589.2	-1589.63	0.43633	0.1768225
690	-1596.77	-1598.21	1.43636	0.123293
700	-1588.73	-1589.22	0.498019	0.1735165
710	-1590.67	-1591.82	1.14549	0.1390073
720	-1587.89	-1588.63	0.737723	0.1607251
730	-1593.12	-1594.4	1.28602	0.1314607
740	-1591.71	-1592.92	1.21157	0.1354665
750	-1592.27	-1593.52	1.24301	0.1337772
760	-1593.99	-1594.05	0.0688796	0.1966936
770	-1588.21	-1589.09	0.879947	0.1531586
780	-1588.39	-1588.94	0.553487	0.1705496
790	-1588.7	-1589.66	0.962314	0.1487765
800	-1606.14	-1605.68	-0.457803	0.225893
810	-1591.27	-1592.45	1.18467	0.1369094
820	-1588.95	-1589.94	0.993477	0.1471175
830	-1589.05	-1589.51	0.454114	0.1758687
840	-1589.21	-1590.24	1.02313	0.1455381
850	-1593.6	-1594.91	1.30882	0.1302292
860	-1592.57	-1593.82	1.25842	0.1329478
870	-1587.92	-1588.69	0.776277	0.1586732
880	-1587.97	-1588.63	0.666629	0.1645118
890	-1588.04	-1588.68	0.637831	0.166047
900	-1593.79	-1593.87	0.0804471	0.1960626
910	-1601.18	-1600.91	-0.271739	0.2154661
920	-1588.03	-1588.86	0.831558	0.1557323
930	-1591.47	-1591.7	0.230854	0.1878922
940	-1607.36	-1609.08	1.71749	0.1075099
950	-1588.16	-1588.76	0.603282	0.1678902
960	-1591.68	-1592.89	1.20954	0.1355752
970	-1591.72	-1592.93	1.21203	0.1354417
980	-1587.9	-1588.62	0.720214	0.1616573
990	-1587.93	-1588.72	0.786764	0.1581152
1000	-1589.55	-1589.95	0.397274	0.1789194
1010	-1602.67	-1602.34	-0.330562	0.2187485
1020	-1593.8	-1595.11	1.31793	0.1297369
1030	-1593.35	-1594.64	1.29716	0.1308593
1040	-1591.15	-1592.33	1.17745	0.1372964
1050	-1588.01	-1588.66	0.648883	0.1654577
1060	-1593.13	-1594.42	1.28693	0.1314114
1070	-1589.01	-1590.01	1.00092	0.146721
1080	-1589.84	-1590.92	1.08189	0.1424051
1090	-1588.3	-1588.87	0.571456	0.1695895
1100	-1592.74	-1594.01	1.26735	0.132467
1110	-1588.45	-1588.99	0.541902	0.1711689
1120	-1589.22	-1589.65	0.434061	0.1769443
1130	-1588.55	-1589.08	0.524792	0.1720839
1140	-1587.9	-1588.62	0.717525	0.1618004
1150	-1588.59	-1589.53	0.946437	0.1496214
1160	-1589.71	-1590.78	1.07016	0.143031
1170	-1594.32	-1595.66	1.34115	0.1284798
1180	-1588.58	-1589.53	0.945707	0.1496603
1190	-1589.03	-1589.49	0.456347	0.175749
1200	-1588.06	-1588.69	0.629893	0.1664704
1210	-1588.08	-1588.93	0.848598	0.154826
1220	-1606.77	-1608.47	1.70511	0.1082266
1230	-1591.3	-1592.48	1.18649	0.1368118
1240	-1617.99	-1619.89	1.89959	0.09658002
1250	-1588.94	-1589.93	0.992776	0.1471549
1260	-1593.48	-1594.78	1.30326	0.1305299
1270	-1588.08	-1588.7	0.62573	0.1666925
1280	-1588.09	-1588.93	0.848746	0.1548181
1290	-1590.77	-1591.92	1.15202	0.1386579
1300	-1589.64	-1590.03	0.3876	0.1794392
1310	-1588.97	-1589.44	0.464179	0.1753291
1320	-1607.04	-1606.55	-0.489062	0.2276577
1330	-1589.64	-1590.71	1.06467	0.1433239
1340	-1587.98	-1588.64	0.662787	0.1647165
1350	-1588.96	-1589.42	0.466257	0.1752178
1360	-1588.78	-1589.27	0.490926	0.1738963
1370	-1588.39	-1589.31	0.915028	0.1512925
1380	-1594.84	-1596.2	1.36269	0.1273106
1390	-1587.89	-1588.62	0.725208	0.1613914
1400	-1587.97	-1588.63	0.665305	0.1645823
1410	-1589.53	-1589.93	0.399708	0.1787886
1420	-1589.53	-1590.58	1.0539	0.1438981
1430	-1587.92	-1588.61	0.698016	0.1628395
1440	-1588.25	-1589.14	0.887766	0.1527427
1450	-1589.96	-1591.06	1.09198	0.1418666
1460	-1589.38	-1589.8	0.41505	0.1779646
1470	-1594.68	-1596.03	1.35617	0.127665
1480	-1598.19	-1598.04	-0.143927	0.2083766
1490	-1589.41	-1589.83	0.411741	0.1781423
1500	-1588.31	-1589.21	0.900484	0.1520662
1510	-1590.15	-1591.26	1.10722	0.1410525
1520	-1588.28	-1588.86	0.575201	0.1693895
1530	-1589.27	-1590.3	1.02921	0.1452142
1540	-1614.37	-1613.65	-0.722736	0.2409741
1550	-1615.58	-1617.45	1.86382	0.09879723
1560	-1588.2	-1588.79	0.593454	0.1684148
1570	-1589.21	-1590.23	1.02272	0.1455598
1580	-1590.92	-1592.09	1.16254	0.1380947
1590	-1608.72	-1610.46	1.74468	0.1059263
1600	-1596.75	-1598.19	1.43566	0.1233312
1610	-1592.04	-1592.23	0.190814	0.1900612
1620	-1588.95	-1589.42	0.46666	0.1751962
1630	-1588.28	-1588.85	0.575332	0.1693825
1640	-1610.13	-1611.9	1.77163	0.1043428
1650	-1587.97	-1588.78	0.810135	0.1568719
1660	-1591.79	-1593.01	1.21606	0.1352255
1670	-1588.69	-1589.2	0.502891	0.1732557
1680	-1587.92	-1588.61	0.695032	0.1629984
1690	-1593.69	-1595.01	1.31324	0.1299903
1700	-1588.67	-1589.63	0.958445	0.1489824
1710	-1589.3	-1589.73	0.423999	0.1774842
1720	-1589.07	-1590.08	1.0078	0.1463545
1730	-1593.38	-1593.49	0.104317	0.1947617
1740	-1593.32	-1594.62	1.29601	0.1309212
1750	-1589.86	-1590.94	1.08308	0.1423418
1760	-1588.4	-1588.95	0.552355	0.1706101
1770	-1588.1	-1588.95	0.851553	0.1546688
1780	-1590.05	-1590.4	0.347782	0.1815811
1790	-1588	-1588.82	0.820316	0.1563303
1800	-1588.12	-1588.98	0.858692	0.1542891
1810	-1589.56	-1589.96	0.395842	0.1789963
1820	-1591.98	-1593.21	1.22683	0.1346469
1830	-1614.38	-1616.22	1.84488	0.0999548
1840	-1590.43	-1591.56	1.12839	0.1399214
1850	-1588.2	-1588.8	0.592333	0.1684747
1860	-1591.15	-1591.41	0.254981	0.1865873
1870	-1595.08	-1596.45	1.37263	0.1267708
1880	-1591.71	-1591.93	0.21353	0.1888301
1890	-1587.89	-1588.64	0.749017	0.1601239
1900	-1588.67	-1589.18	0.506124	0.1730827
1910	-1587.92	-1588.7	0.779282	0.1585133
1920	-1603.07	-1604.69	1.62088	0.1130387
1930	-1590.49	-1591.62	1.13222	0.1397166
1940	-1588.63	-1589.14	0.512624	0.1727348
1950	-1591.78	-1593	1.21558	0.135251
1960	-1589.22	-1590.24	1.0232	0.1455343
1970	-1588.26	-1589.15	0.889523	0.1526492
1980	-1597.82	-1599.29	1.4719	0.1213417
1990	-1594.13	-1595.46	1.33259	0.1289432
2000	-1593.16	-1594.44	1.28798	0.1313549
2010	-1588.96	-1589.96	0.995479	0.1470109
2020	-1588.7	-1589.66	0.961739	0.1488071
2030	-1591.38	-1592.57	1.19167	0.1365339
2040	-1587.91	-1588.61	0.699344	0.1627687
2050	-1594.4	-1595.74	1.34428	0.1283098
2060	-1592.84	-1594.11	1.27224	0.1322037
2070	-1590.65	-1590.95	0.294622	0.1844463
2080	-1610.64	-1610.03	-0.608006	0.2344081
2090	-1592.6	-1593.86	1.25995	0.1328658
2100	-1590.16	-1590.5	0.337498	0.1821349
2110	-1594.81	-1594.84	0.0227188	0.1992157
2120	-1592.95	-1594.23	1.2781	0.1318879
2130	-1590.65	-1591.79	1.14353	0.139112
2140	-1590	-1590.35	0.35212	0.1813476
2150	-1588.31	-1588.88	0.568618	0.1697411
2160	-1590.26	-1590.59	0.328733	0.1826071
2170	-1590.72	-1591.01	0.289251	0.1847362
2180	-1592.65	-1593.92	1.26287	0.1327082
2190	-1596.69	-1598.12	1.43338	0.123456
2200	-1588.32	-1589.22	0.902389	0.1519649
2210	-1597.06	-1596.97	-0.0914525	0.2054822
2220	-1601.22	-1602.79	1.57305	0.1157294
2230	-1608.65	-1610.39	1.74332	0.1060063
2240	-1590.14	-1591.24	1.1059	0.1411231
2250	-1593.31	-1594.6	1.29523	0.1309634
2260	-1594.47	-1595.82	1.34759	0.1281304
2270	-1590.28	-1590.6	0.327003	0.1827003
2280	-1588.97	-1589.96	0.99585	0.1469911
2290	-1587.96	-1588.63	0.671686	0.1642423
2300	-1591.74	-1591.95	0.211782	0.1889249
2310	-1588.41	-1588.96	0.549297	0.1707736
2320	-1589.29	-1589.71	0.42592	0.1773811
2330	-1588.92	-1589.91	0.989762	0.1473153
2340	-1587.92	-1588.7	0.78005	0.1584725
2350	-1595.06	-1596.43	1.3719	0.1268105
2360	-1588.87	-1589.85	0.983934	0.1476256
2370	-1590.5	-1591.63	1.13317	0.1396662
2380	-1592.86	-1593	0.136558	0.1930072
2390	-1587.93	-1588.71	0.786275	0.1581413
2400	-1592.15	-1592.33	0.183004	0.1904848
2410	-1607.62	-1609.35	1.72288	0.1071975
2420	-1600.75	-1602.31	1.5601	0.1164535
2430	-1588.76	-1589.73	0.970031	0.1483657
2440	-1608.55	-1610.29	1.7414	0.1061181
2450	-1589.46	-1590.51	1.04736	0.1442469
2460	-1588.46	-1589.38	0.926256	0.1506952
2470	-1587.99	-1588.81	0.818279	0.1564387
2480	-1588.76	-1589.73	0.970784	0.1483257
2490	-1590.1	-1591.2	1.10302	0.1412769
2500	-1588.87	-1589.35	0.477555	0.1746124
2510	-1600.91	-1600.65	-0.260703	0.2148517
2520	-1588.24	-1588.83	0.583235	0.1689605
2530	-1596.35	-1596.3	-0.0570372	0.2035889
2540	-1591.34	-1592.53	1.18901	0.1366767
2550	-1588.23	-1589.12	0.885185	0.15288
2560	-1589	-1590	0.999793	0.1467812
2570	-1592.87	-1594.15	1.27413	0.132102
2580	-1589.38	-1590.42	1.03991	0.1446439
2590	-1590.55	-1590.85	0.303741	0.1839544
2600	-1588.58	-1589.53	0.945533	0.1496695
2610	-1590.19	-1590.52	0.33488	0.1822759
2620	-1592.66	-1593.93	1.26346	0.1326764
2630	-1591.41	-1592.61	1.19375	0.1364225
2640	-1588.27	-1588.85	0.57779	0.1692512
2650	-1589.63	-1590.69	1.06337	0.1433929
2660	-1591.24	-1591.49	0.248321	0.1869473
2670	-1591.31	-1591.56	0.242607	0.1872563
2680	-1588	-1588.65	0.651777	0.1653035
2690	-1599.33	-1599.13	-0.194351	0.2111667
2700	-1588.06	-1588.69	0.632432	0.166335
2710	-1592.98	-1594.26	1.27956	0.1318089
2720	-1589.57	-1589.96	0.395495	0.179015
2730	-1590.04	-1591.13	1.09784	0.1415539
2740	-1588.08	-1588.7	0.625708	0.1666936
2750	-1603.12	-1602.77	-0.347539	0.2196982
2760	-1589.28	-1589.71	0.426898	0.1773286
2770	-1589.22	-1590.25	1.02418	0.1454821
2780	-1588.22	-1588.81	0.588125	0.1686994
2790	-1587.95	-1588.75	0.800896	0.1573634
2800	-1597.56	-1599.02	1.46336	0.1218113
2810	-1588.25	-1588.83	0.582028	0.1690249
2820	-1593.1	-1593.22	0.121691	0.1938158
2830	-1588.09	-1588.95	0.851218	0.1546866
2840	-1587.95	-1588.75	0.79971	0.1574265
2850	-1594.16	-1594.22	0.0591103	0.1972268
2860	-1588.08	-1588.93	0.847299	0.1548951
2870	-1588.64	-1589.59	0.95392	0.1492232
2880	-1588.94	-1589.93	0.992048	0.1471936
2890	-1587.97	-1588.77	0.806651	0.1570572
2900	-1589.4	-1590.44	1.04206	0.1445293
2910	-1587.89	-1588.63	0.73414	0.1609158
2920	-1592.36	-1593.6	1.24738	0.1335424
2930	-1590.27	-1591.39	1.11634	0.1405657
2940	-1591.99	-1593.22	1.22743	0.1346148
2950	-1588.84	-1589.32	0.482477	0.1743488
2960	-1593.18	-1593.3	0.116548	0.1940957
2970	-1588.48	-1589.41	0.930401	0.1504746
2980	-1588.01	-1588.66	0.649175	0.1654421
2990	-1588.57	-1589.52	0.944205	0.1497402
3000	-1588.27	-1588.85	0.577482	0.1692677
3010	-1588.23	-1588.82	0.58597	0.1688144
3020	-1593.32	-1594.62	1.29608	0.1309175
3030	-1588.89	-1589.37	0.474829	0.1747585
3040	-1597.52	-1598.98	1.46202	0.121885
3050	-1589.4	-1589.81	0.413181	0.1780649
3060	-1588.44	-1588.99	0.54359	0.1710787
3070	-1589.9	-1590.26	0.362319	0.1807988
3080	-1598.9	-1600.4	1.50609	0.1194552
3090	-1589.68	-1590.74	1.06742	0.1431772
3100	-1595.75	-1597.15	1.39871	0.1253506
3110	-1587.94	-1588.73	0.791338	0.1578718
3120	-1596.59	-1598.02	1.42998	0.1236424
3130	-1588.35	-1589.26	0.908082	0.151662
3140	-1589.97	-1590.32	0.355649	0.1811577
3150	-1587.94	-1588.62	0.680635	0.1637654
3160	-1590.23	-1591.35	1.11343	0.140721
3170	-1592.39	-1592.56	0.166723	0.1913683
3180	-1587.9	-1588.66	0.757251	0.1596857
3190	-1623.09	-1625.05	1.96714	0.09226196
3200	-1595.23	-1596.61	1.37865	0.126443
3210	-1602.81	-1604.42	1.61434	0.1134086
3220	-1590.88	-1592.04	1.1596	0.1382518
3230	-1589.22	-1590.24	1.0236	0.1455131
3240	-1587.95	-1588.62	0.6774	0.1639378
3250	-1588.18	-1588.78	0.597675	0.1681895
3260	-1589.95	-1590.31	0.35718	0.1810753
3270	-1587.93	-1588.72	0.786884	0.1581088
3280	-1588.2	-1589.08	0.878367	0.1532426
3290	-1594.91	-1596.28	1.36587	0.127138
3300	-1588.51	-1589.04	0.532203	0.1716875
3310	-1593.34	-1594.64	1.29675	0.1308815
3320	-1591.15	-1592.33	1.17732	0.1373029
3330	-1602	-1603.59	1.59362	0.1145758
3340	-1598.1	-1597.96	-0.140093	0.2081648
3350	-1590.5	-1590.81	0.307548	0.1837491
3360	-1591.27	-1591.52	0.245859	0.1870805
3370	-1588.09	-1588.94	0.849655	0.1547697
3380	-1589.55	-1589.95	0.397269	0.1789196
3390	-1590.38	-1591.5	1.12414	0.1401488
3400	-1588.07	-1588.92	0.845318	0.1550004
3410	-1588.35	-1588.91	0.560253	0.1701881
3420	-1587.92	-1588.61	0.691407	0.1631915
3430	-1589.97	-1591.07	1.09277	0.1418242
3440	-1592.1	-1593.34	1.23374	0.1342755
3450	-1588.09	-1588.95	0.851314	0.1546815
3460	-1589.55	-1590.61	1.05597	0.143788
3470	-1592.37	-1592.54	0.16839	0.1912778
3480	-1588.62	-1589.57	0.950709	0.1493941
3490	-1591	-1591.27	0.266504	0.1859645
3500	-1590.6	-1591.74	1.14003	0.1392993
3510	-1589	-1589.46	0.461224	0.1754875
3520	-1599.53	-1599.33	-0.203174	0.2116558
3530	-1590.33	-1591.45	1.12083	0.1403254
3540	-1588.34	-1589.25	0.906082	0.1517684
3550	-1597.76	-1599.23	1.47011	0.1214401
3560	-1590.14	-1591.25	1.10616	0.1411093
3570	-1597.06	-1598.51	1.44631	0.1227479
3580	-1599.79	-1601.32	1.53283	0.1179724
3590	-1587.96	-1588.63	0.67014	0.1643246
3600	-1588.8	-1589.29	0.486949	0.1741093
3610	-1589.44	-1589.85	0.409405	0.1782677
3620	-1605.54	-1605.1	-0.436582	0.2246971
3630	-1588.03	-1588.67	0.64055	0.165902
3640	-1589.41	-1590.45	1.04237	0.1445129
3650	-1588.3	-1588.87	0.571665	0.1695784
3660	-1590.5	-1591.63	1.13302	0.1396741
3670	-1595.39	-1595.38	-0.00807252	0.2009017
3680	-1588.52	-1589.05	0.529968	0.171807
3690	-1596.15	-1597.56	1.41386	0.1245236
3700	-1600.26	-1601.81	1.54639	0.1172181
3710	-1594.47	-1595.82	1.34741	0.1281403
3720	-1596.11	-1597.52	1.41225	0.1246117
3730	-1587.91	-1588.61	0.706365	0.1623948
3740	-1590.19	-1591.3	1.10967	0.1409217
3750	-1587.9	-1588.65	0.756645	0.1597179
3760	-1600.24	-1601.79	1.54593	0.1172435
3770	-1591.54	-1591.76	0.226091	0.18815
3780	-1648.94	-1651.13	2.19215	0.07546023
3790	-1591.27	-1592.46	1.18502	0.1368907
3800	-1588.4	-1588.95	0.551311	0.1706659
3810	-1589.64	-1590.03	0.387651	0.1794365
3820	-1588.1	-1588.95	0.853124	0.1545853
3830	-1587.94	-1588.73	0.793904	0.1577353
3840	-1590.45	-1591.58	1.12963	0.1398552
3850	-1595.17	-1596.54	1.37608	0.1265831
3860	-1588.48	-1589.02	0.537352	0.1714121
3870	-1589.2	-1590.23	1.02208	0.1455942
3880	-1596.17	-1596.12	-0.0480402	0.2030945
3890	-1611.98	-1613.79	1.8049	0.102366
3900	-1588.97	-1589.43	0.465088	0.1752804
3910	-1589.67	-1590.74	1.06707	0.1431957
3920	-1600.04	-1601.58	1.54001	0.1175733
3930	-1593.93	-1594	0.0719969	0.1965235
3940	-1590.27	-1590.6	0.327563	0.1826701
3950	-1588.29	-1589.18	0.895973	0.1523061
3960	-1596.81	-1598.25	1.43778	0.123215
3970	-1603.6	-1605.23	1.63365	0.1123156
3980	-1589.88	-1590.97	1.0854	0.1422175
3990	-1588.02	-1588.66	0.645071	0.165661
4000	-1595.04	-1596.42	1.37122	0.1268471
4010	-1588.23	-1588.82	0.585532	0.1688378
4020	-1591.27	-1592.46	1.18508	0.1368873
4030	-1588.45	-1589.38	0.925087	0.1507574
4040	-1588.11	-1588.97	0.856349	0.1544137
4050	-1604.92	-1606.58	1.66466	0.1105506
4060	-1588.14	-1589.01	0.864079	0.1540025
4070	-1587.9	-1588.67	0.764208	0.1593155
4080	-1594.5	-1595.84	1.34852	0.1280799
4090	-1590.37	-1591.5	1.12396	0.1401581
4100	-1590.81	-1591.97	1.15502	0.1384971
4110	-1595.43	-1596.81	1.38632	0.1260255
4120	-1598.05	-1599.53	1.47959	0.1209182
4130	-1592.49	-1592.65	0.160558	0.191703
4140	-1591.24	-1592.42	1.18274	0.1370125
4150	-1587.89	-1588.63	0.739629	0.1606236
4160	-1611.68	-1613.48	1.79956	0.102685
4170	-1588.44	-1589.36	0.923244	0.1508554
4180	-1590.22	-1591.34	1.11266	0.1407622
4190	-1589.98	-1590.34	0.353982	0.1812474
4200	-1588.14	-1589.01	0.863702	0.1540226
4210	-1588.49	-1589.43	0.932333	0.1503719
4220	-1590.02	-1591.11	1.09627	0.1416376
4230	-1594.23	-1595.57	1.33708	0.1287003
4240	-1587.91	-1588.61	0.706931	0.1623646
4250	-1588.03	-1588.86	0.831355	0.1557431
4260	-1591.44	-1591.68	0.233035	0.1877742
4270	-1591.8	-1593.02	1.21687	0.135182
4280	-1589.38	-1589.8	0.415306	0.1779509
4290	-1588.43	-1588.98	0.545061	0.171
4300	-1589.28	-1589.71	0.4267	0.1773392
4310	-1587.93	-1588.62	0.685135	0.1635257
4320	-1587.9	-1588.61	0.709735	0.1622153
4330	-1587.93	-1588.72	0.788177	0.15804
4340	-1591.13	-1591.39	0.256725	0.186493
4350	-1587.92	-1588.69	0.776482	0.1586623
4360	-1588.43	-1588.98	0.545044	0.1710009
4370	-1588.6	-1589.55	0.948656	0.1495033
4380	-1593.79	-1595.11	1.31782	0.1297428
4390	-1602.94	-1602.6	-0.34079	0.2193205
4400	-1590.9	-1591.18	0.274434	0.1855362
4410	-1591.82	-1592.03	0.205931	0.1892418
4420	-1590.01	-1591.11	1.09588	0.1416583
4430	-1613.39	-1615.22	1.82876	0.1009322
4440	-1587.94	-1588.62	0.679187	0.1638426
4450	-1604.74	-1606.4	1.66047	0.1107901
4460	-1590.77	-1591.05	0.285492	0.1849391
4470	-1591.42	-1591.66	0.23455	0.1876922
4480	-1588.22	-1588.81	0.589447	0.1686288
4490	-1590.24	-1591.36	1.11423	0.1406781
4500	-1589.33	-1590.36	1.03471	0.144921
4510	-1587.91	-1588.61	0.698823	0.1627965
4520	-1588.68	-1589.63	0.95893	0.1489566
4530	-1592.62	-1592.78	0.151684	0.192185
4540	-1587.93	-1588.72	0.789403	0.1579748
4550	-1588.42	-1588.96	0.548537	0.1708142
4560	-1588.07	-1588.92	0.844735	0.1550314
4570	-1588.04	-1588.88	0.83517	0.1555402
4580	-1590.07	-1590.42	0.345383	0.1817103
4590	-1588.42	-1589.34	0.919759	0.1510408
4600	-1587.94	-1588.62	0.678249	0.1638925
4610	-1587.9	-1588.62	0.720844	0.1616237
4620	-1588.29	-1589.19	0.896914	0.1522561
4630	-1595.76	-1597.16	1.39918	0.1253248
4640	-1588.34	-1588.91	0.561954	0.1700972
4650	-1589.6	-1590.66	1.06083	0.1435283
4660	-1587.9	-1588.62	0.721584	0.1615843
4670	-1588.49	-1589.03	0.535416	0.1715157
4680	-1589.75	-1590.82	1.07383	0.1428351
4690	-1616.09	-1615.31	-0.772976	0.2438668
4700	-1593.73	-1595.05	1.31516	0.1298868
4710	-1612.61	-1611.94	-0.669433	0.2379168
4720	-1598.55	-1600.04	1.49526	0.1200539
4730	-1589.21	-1589.64	0.435295	0.176878
4740	-1588.62	-1589.58	0.951637	0.1493447
4750	-1588.79	-1589.77	0.974652	0.1481198
4760	-1598.71	-1598.54	-0.167267	0.209667
4770	-1598.32	-1599.81	1.48808	0.1204498
4780	-1590.91	-1592.07	1.16132	0.1381602
4790	-1590.11	-1591.21	1.10359	0.1412468
4800	-1591.81	-1593.02	1.21695	0.1351777
4810	-1598.66	-1598.5	-0.165133	0.209549
4820	-1588.19	-1588.78	0.596419	0.1682566
4830	-1588.03	-1588.67	0.642354	0.1658059
4840	-1590.76	-1591.04	0.286165	0.1849027
4850	-1588.54	-1589.07	0.527134	0.1719586
4860	-1589.08	-1590.09	1.00884	0.1462993
4870	-1595.95	-1597.36	1.40645	0.1249284
4880	-1594.19	-1595.52	1.33537	0.1287928
4890	-1590.1	-1590.45	0.342764	0.1818513
4900	-1588.36	-1589.27	0.910063	0.1515566
4910	-1587.89	-1588.63	0.736533	0.1607885
4920	-1617.45	-1619.34	1.89175	0.0970698
4930	-1588.74	-1589.7	0.967198	0.1485165
4940	-1588.07	-1588.91	0.844475	0.1550452
4950	-1589.17	-1589.61	0.439443	0.1766555
4960	-1593.72	-1595.04	1.31471	0.1299109
4970	-1610.05	-1609.47	-0.589204	0.2333372
4980	-1591.8	-1592.01	0.206966	0.1891857
4990	-1588.66	-1589.62	0.956969	0.1490609
5000	-1594.2	-1594.26	0.0564961	0.1973696
5010	-1589.77	-1590.14	0.374975	0.180118
5020	-1588.02	-1588.67	0.644189	0.165708
5030	-1592.03	-1593.26	1.22976	0.1344898
5040	-1588.22	-1588.81	0.587759	0.1687189
5050	-1592.94	-1593.07	0.131507	0.1932819
5060	-1588.38	-1589.29	0.913123	0.1513938
5070	-1591.49	-1592.69	1.1984	0.1361729
5080	-1588.01	-1588.84	0.82601	0.1560274
5090	-1588.52	-1589.05	0.529869	0.1718123
5100	-1590.81	-1591.97	1.15505	0.1384954
5110	-1589.24	-1589.67	0.431874	0.1770616
5120	-1595.63	-1597.03	1.39441	0.1255848
5130	-1587.92	-1588.61	0.692325	0.1631426
5140	-1587.91	-1588.69	0.775339	0.1587231
5150	-1595.94	-1595.9	-0.0363054	0.2024502
5160	-1588.69	-1589.65	0.960738	0.1488604
5170	-1588.26	-1588.84	0.578517	0.1692124
5180	-1592.59	-1593.85	1.25947	0.1328914
5190	-1591.88	-1593.1	1.22129	0.1349447
5200	-1592.13	-1593.36	1.23505	0.134205
5210	-1591.43	-1592.62	1.19443	0.1363859
5220	-1592.48	-1593.73	1.25387	0.1331929
5230	-1594.8	-1594.82	0.0236593	0.1991643
5240	-1590.59	-1590.89	0.299737	0.1841703
5250	-1589.59	-1589.98	0.393274	0.1791343
5260	-1592.25	-1592.42	0.176544	0.1908353
5270	-1587.94	-1588.73	0.791679	0.1578537
5280	-1596.03	-1595.99	-0.0407774	0.2026957
5290	-1590.12	-1591.22	1.10438	0.1412043
5300	-1590.31	-1590.64	0.323695	0.1828786
5310	-1589.29	-1590.32	1.03108	0.1451145
5320	-1589.21	-1590.23	1.02227	0.145584
5330	-1590.6	-1591.74	1.14056	0.1392709
5340	-1588	-1588.82	0.819485	0.1563745
5350	-1591.12	-1591.37	0.257761	0.186437
5360	-1606.21	-1605.75	-0.460375	0.2260381
5370	-1588.13	-1588.99	0.860406	0.1541979
5380	-1587.98	-1588.64	0.660162	0.1648565
5390	-1593.54	-1594.85	1.30621	0.1303702
5400	-1599.66	-1601.19	1.52918	0.1181751
5410	-1602.3	-1603.9	1.60134	0.1141414
5420	-1590.17	-1590.5	0.336853	0.1821696
5430	-1588.19	-1589.06	0.874257	0.1534612
5440	-1589.37	-1590.4	1.03851	0.1447184
5450	-1589.52	-1589.92	0.399803	0.1787835
5460	-1588.06	-1588.69	0.631235	0.1663988
5470	-1594.16	-1595.49	1.33398	0.1288679
5480	-1595.56	-1596.95	1.39145	0.1257461
5490	-1606.13	-1607.82	1.69152	0.1090103
5500	-1590.72	-1591.87	1.14872	0.1388342
5510	-1592.47	-1593.73	1.25358	0.1332085
5520	-1596.1	-1597.51	1.41192	0.1246297
5530	-1588.07	-1588.91	0.843429	0.1551009
5540	-1593.4	-1593.5	0.103601	0.1948007
5550	-1588.54	-1589.07	0.526386	0.1719986
5560	-1587.98	-1588.8	0.814441	0.1566428
5570	-1588.68	-1589.64	0.960176	0.1488902
5580	-1591.48	-1591.71	0.230689	0.1879011
5590	-1588.87	-1589.85	0.983974	0.1476235
5600	-1589.73	-1590.81	1.0726	0.1429009
5610	-1598.18	-1598.04	-0.143575	0.2083572
5620	-1602.81	-1604.42	1.6143	0.1134104
5630	-1597.64	-1599.11	1.46605	0.1216635
5640	-1604.63	-1604.22	-0.403723	0.2228489
5650	-1588.91	-1589.38	0.472734	0.1748707
5660	-1607.35	-1609.07	1.71731	0.1075207
5670	-1587.9	-1588.61	0.711579	0.1621171
5680	-1588.03	-1588.67	0.642748	0.1657849
5690	-1600.87	-1602.44	1.56359	0.1162585
5700	-1589.71	-1590.78	1.07058	0.1430084
5710	-1589.03	-1590.03	1.00294	0.1466138
5720	-1590.58	-1590.88	0.300909	0.1841071
5730	-1588.08	-1588.7	0.625744	0.1666917
5740	-1587.89	-1588.63	0.735441	0.1608466
5750	-1590.15	-1591.25	1.10674	0.1410786
5760	-1593.35	-1593.46	0.106328	0.1946522
5770	-1588.53	-1589.06	0.527959	0.1719145
5780	-1591.59	-1592.8	1.20437	0.1358529
5790	-1587.97	-1588.63	0.666487	0.1645193
5800	-1599.69	-1601.22	1.53002	0.1181284
5810	-1590.24	-1591.35	1.1137	0.1407066
5820	-1592.19	-1592.37	0.180616	0.1906143
5830	-1592.52	-1593.78	1.25614	0.1330708
5840	-1588.27	-1588.85	0.576823	0.1693029
5850	-1593.63	-1593.72	0.089876	0.1955485
5860	-1617.07	-1618.95	1.88615	0.09741807
5870	-1588.09	-1588.95	0.851383	0.1546778
5880	-1596.72	-1598.15	1.4344	0.1234005
5890	-1588.05	-1588.69	0.632854	0.1663125
5900	-1612.27	-1614.08	1.80978	0.1020738
5910	-1592.15	-1593.39	1.23638	0.1341335
5920	-1594.37	-1594.41	0.0473136	0.1978711
5930	-1590.57	-1591.71	1.13856	0.1393779
5940	-1591.73	-1592.94	1.21257	0.1354129
5950	-1587.95	-1588.63	0.67495	0.1640683
5960	-1589.11	-1589.56	0.446866	0.1762574
5970	-1596.43	-1597.85	1.42395	0.1239723
5980	-1610.02	-1611.78	1.76946	0.1044706
5990	-1598.16	-1599.64	1.48286	0.120738
6000	-1588.12	-1588.98	0.857711	0.1543412
6010	-1588.77	-1589.26	0.491778	0.1738507
6020	-1604.38	-1606.04	1.65234	0.1112533
6030	-1588	-1588.83	0.822678	0.1562047
6040	-1587.97	-1588.78	0.808308	0.1569691
6050	-1607.86	-1609.59	1.72774	0.1069146
6060	-1588.02	-1588.66	0.646547	0.1655823
6070	-1588.12	-1588.98	0.859351	0.154254
6080	-1592.17	-1593.41	1.23737	0.1340806
6090	-1588.85	-1589.83	0.981562	0.1477519
6100	-1588.02	-1588.67	0.643473	0.1657462
6110	-1588.02	-1588.66	0.644837	0.1656735
6120	-1588.1	-1588.72	0.619077	0.1670474
6130	-1588.91	-1589.9	0.989194	0.1473456
6140	-1588.02	-1588.85	0.829331	0.1558508
6150	-1591.02	-1592.19	1.1691	0.1377434
6160	-1592.29	-1592.46	0.173617	0.1909941
6170	-1590.45	-1591.58	1.12934	0.1398706
6180	-1588.97	-1589.43	0.46492	0.1752895
6190	-1587.89	-1588.64	0.748137	0.1601707
6200	-1593.04	-1594.32	1.28217	0.1316682
6210	-1593.8	-1595.12	1.31809	0.1297283
6220	-1588.57	-1589.51	0.943328	0.1497869
6230	-1595.42	-1596.81	1.38609	0.126038
6240	-1588.31	-1589.21	0.900654	0.1520572
6250	-1593.66	-1594.98	1.31192	0.1300619
6260	-1601.56	-1603.15	1.58226	0.1152135
6270	-1588.55	-1589.49	0.940304	0.1499478
6280	-1588.24	-1588.82	0.583763	0.1689322
6290	-1588.14	-1589	0.862293	0.1540975
6300	-1589.18	-1589.62	0.438517	0.1767052
6310	-1588.17	-1588.77	0.599202	0.168108
6320	-1587.97	-1588.63	0.665761	0.164558
6330	-1597.44	-1597.33	-0.10957	0.2064805
6340	-1590.41	-1590.73	0.314955	0.1833497
6350	-1591	-1592.16	1.16732	0.1378389
6360	-1603.84	-1605.48	1.6396	0.1119783
6370	-1615.22	-1614.47	-0.747792	0.2424154
6380	-1588.93	-1589.4	0.469205	0.1750598
6390	-1588.16	-1589.02	0.867136	0.15384
6400	-1590.74	-1591.03	0.287659	0.1848221
6410	-1588.05	-1588.68	0.634521	0.1662236
6420	-1594.59	-1595.94	1.35241	0.1278687
6430	-1637.68	-1639.8	2.11391	0.081955
6440	-1603.75	-1605.39	1.63733	0.1121069
6450	-1588.26	-1588.84	0.580442	0.1691096
6460	-1591.01	-1592.18	1.16831	0.1377855
6470	-1588.03	-1588.87	0.832564	0.1556788
6480	-1589.03	-1590.03	1.0028	0.1466212
6490	-1590.13	-1591.23	1.10517	0.141162
6500	-1591.49	-1591.72	0.229307	0.1879759
6510	-1588.34	-1589.24	0.90537	0.1518063
6520	-1594.66	-1594.69	0.0311555	0.1987543
6530	-1589.06	-1589.51	0.453044	0.1759261
6540	-1608.31	-1607.78	-0.532041	0.2300903
6550	-1588.1	-1588.72	0.618747	0.167065
6560	-1587.89	-1588.62	0.723049	0.1615063
6570	-1589.1	-1589.55	0.447654	0.1762151
6580	-1604.41	-1606.07	1.653	0.1112157
6590	-1588.48	-1589.41	0.929886	0.150502
6600	-1597.82	-1597.69	-0.127057	0.2074451
6610	-1587.89	-1588.62	0.724284	0.1614406
6620	-1588.44	-1588.98	0.54433	0.1710391
6630	-1591.73	-1591.94	0.212365	0.1888933
6640	-1590.61	-1591.75	1.14077	0.1392595
6650	-1588.05	-1588.69	0.63326	0.1662908
6660	-1589.33	-1590.37	1.03534	0.1448872
6670	-1592.66	-1593.93	1.26342	0.132679
6680	-1587.9	-1588.66	0.76257	0.1594026
6690	-1591.69	-1591.9	0.21513	0.1887435
6700	-1588.58	-1589.53	0.945512	0.1496706
6710	-1588.58	-1589.1	0.521003	0.1722865
6720	-1587.92	-1588.7	0.779033	0.1585266
6730	-1588.09	-1588.71	0.621298	0.1669289
6740	-1592.26	-1592.44	0.175654	0.1908835
6750	-1602.22	-1603.82	1.59938	0.1142518
6760	-1591.18	-1592.35	1.17886	0.1372207
6770	-1619.2	-1621.12	1.91662	0.09550887
6780	-1596.81	-1598.25	1.43771	0.123219
6790	-1599.58	-1601.1	1.52659	0.1183189
6800	-1599.51	-1601.03	1.52454	0.1184329
6810	-1588.86	-1589.85	0.983444	0.1476517
6820	-1589.54	-1590.59	1.055	0.1438395
6830	-1610.12	-1611.89	1.77134	0.10436
6840	-1613.93	-1615.77	1.83761	0.1003967
6850	-1589.08	-1590.09	1.00835	0.1463254
6860	-1587.92	-1588.61	0.696505	0.16292
6870	-1595.99	-1597.4	1.40804	0.1248416
6880	-1587.91	-1588.69	0.774485	0.1587686
6890	-1589.26	-1589.69	0.428779	0.1772276
6900	-1599.7	-1601.24	1.53038	0.1181084
6910	-1588	-1588.82	0.820382	0.1563268
6920	-1589.5	-1590.55	1.05133	0.1440352
6930	-1604.36	-1606.02	1.65188	0.11128
6940	-1588.03	-1588.86	0.831492	0.1557358
6950	-1593.83	-1593.91	0.0777079	0.196212
6960	-1588.19	-1588.78	0.596158	0.1682705
6970	-1589.03	-1590.04	1.00343	0.1465877
6980	-1592.71	-1593.97	1.26567	0.1325578
6990	-1588.49	-1589.03	0.534839	0.1715465
7000	-1588.69	-1589.65	0.960655	0.1488648
7010	-1590.11	-1590.45	0.341915	0.181897
7020	-1588.13	-1588.99	0.860687	0.154183
7030	-1591.76	-1592.97	1.21408	0.135332
7040	-1588.84	-1589.82	0.980138	0.1478277
7050	-1588.46	-1589	0.541311	0.1712005
7060	-1616.28	-1615.5	-0.778449	0.2441826
7070	-1594.91	-1596.27	1.36566	0.1271495
7080	-1588.84	-1589.32	0.482543	0.1743453
7090	-1587.97	-1588.63	0.667452	0.1644679
7100	-1588.19	-1589.06	0.874553	0.1534455
7110	-1587.9	-1588.67	0.763456	0.1593554
7120	-1589.25	-1589.68	0.429735	0.1771764
7130	-1598.61	-1600.11	1.49722	0.1199456
7140	-1588.42	-1589.34	0.919707	0.1510436
7150	-1590.26	-1591.38	1.11572	0.1405986
7160	-1588.94	-1589.41	0.468088	0.1751197
7170	-1591.9	-1593.13	1.22257	0.1348756
7180	-1590.06	-1590.41	0.346833	0.1816323
7190	-1587.99	-1588.81	0.81895	0.156403
7200	-1588.87	-1589.35	0.477214	0.1746307
7210	-1590.19	-1591.3	1.10987	0.1409112
7220	-1587.96	-1588.63	0.671668	0.1642432
7230	-1587.95	-1588.75	0.797491	0.1575445
7240	-1613.76	-1613.06	-0.704452	0.239924
7250	-1588.53	-1589.47	0.937932	0.150074
7260	-1588.34	-1589.25	0.906734	0.1517337
7270	-1588.61	-1589.56	0.950261	0.1494179
7280	-1593.33	-1594.63	1.29654	0.1308928
7290	-1595.86	-1597.27	1.40317	0.1251072
7300	-1592.13	-1592.31	0.184557	0.1904006
7310	-1588.87	-1589.86	0.984445	0.1475984
7320	-1590.04	-1591.14	1.09822	0.1415335
7330	-1588.18	-1588.78	0.597617	0.1681926
7340	-1590.46	-1591.59	1.13035	0.139817
7350	-1596.47	-1596.41	-0.0630271	0.2039181
7360	-1587.98	-1588.64	0.662037	0.1647565
7370	-1589.66	-1590.72	1.06559	0.1432749
7380	-1588.54	-1589.48	0.939041	0.1500149
7390	-1595.71	-1595.69	-0.0247663	0.201817
7400	-1587.96	-1588.76	0.803593	0.1572199
7410	-1598.95	-1600.46	1.50774	0.119364
7420	-1590.37	-1591.49	1.12338	0.1401894
7430	-1589.18	-1590.19	1.01904	0.1457563
7440	-1601.07	-1602.64	1.56899	0.1159565
7450	-1590.22	-1591.33	1.1121	0.1407919
7460	-1588.67	-1589.63	0.958427	0.1489833
7470	-1593.85	-1595.17	1.32052	0.1295966
7480	-1588.43	-1589.35	0.922152	0.1509135
7490	-1588.24	-1588.82	0.584914	0.1688708
7500	-1587.93	-1588.62	0.688937	0.1633231
7510	-1588.03	-1588.67	0.64208	0.1658205
7520	-1588.92	-1589.91	0.989753	0.1473158
7530	-1590.96	-1591.23	0.269651	0.1857945
7540	-1588.22	-1588.81	0.58928	0.1686377
7550	-1587.95	-1588.63	0.6746	0.164087
7560	-1588.71	-1589.67	0.963095	0.1487349
7570	-1593.42	-1594.72	1.30069	0.1306689
7580	-1588.25	-1589.13	0.887636	0.1527496
7590	-1600.89	-1602.46	1.56413	0.1162283
7600	-1590.16	-1591.27	1.10754	0.1410358
7610	-1588.09	-1588.94	0.849061	0.1548013
7620	-1594.27	-1595.61	1.33904	0.1285938
7630	-1593.27	-1593.38	0.111378	0.1943772
7640	-1589.83	-1590.91	1.08083	0.1424618
7650	-1592.84	-1594.11	1.27239	0.1321955
7660	-1588.03	-1588.67	0.640422	0.1659089
7670	-1588.94	-1589.41	0.46808	0.1751201
7680	-1597.84	-1599.31	1.47255	0.121306
7690	-1594.56	-1595.91	1.35138	0.127925
7700	-1588.67	-1589.18	0.50612	0.1730829
7710	-1591.11	-1592.28	1.17445	0.1374571
7720	-1591	-1591.26	0.26708	0.1859334
7730	-1587.95	-1588.62	0.676298	0.1639965
7740	-1595.91	-1597.31	1.40485	0.1250154
7750	-1592.65	-1592.8	0.149965	0.1922784
7760	-1589.2	-1590.22	1.02135	0.1456329
7770	-1589.84	-1590.21	0.367483	0.1805209
7780	-1588.24	-1588.82	0.584294	0.1689039
7790	-1588.06	-1588.69	0.632509	0.1663309
7800	-1589.4	-1589.81	0.413558	0.1780447
7810	-1602.25	-1603.85	1.6003	0.1141998
7820	-1594.81	-1596.18	1.36184	0.1273571
7830	-1588.02	-1588.67	0.644436	0.1656948
7840	-1588.46	-1589	0.541145	0.1712093
7850	-1589.78	-1590.85	1.07633	0.1427018
7860	-1591.57	-1591.79	0.224079	0.1882589
7870	-1588.38	-1589.3	0.913913	0.1513518
7880	-1587.93	-1588.72	0.787608	0.1580703
7890	-1587.97	-1588.63	0.665434	0.1645755
7900	-1587.89	-1588.63	0.734429	0.1609005
7910	-1593.85	-1593.93	0.0765559	0.1962748
7920	-1587.94	-1588.73	0.792194	0.1578263
7930	-1590.58	-1590.88	0.300931	0.1841059
7940	-1593.2	-1594.49	1.28995	0.1312484
7950	-1599.46	-1600.99	1.52324	0.1185051
7960	-1589.07	-1589.52	0.451805	0.1759925
7970	-1588.76	-1589.73	0.970739	0.1483281
7980	-1589.4	-1590.45	1.04216	0.1445241
7990	-1599.25	-1599.06	-0.190949	0.2109782
8000	-1593.47	-1594.78	1.3031	0.1305383
8010	-1590.78	-1591.07	0.283926	0.1850236
8020	-1588.21	-1589.09	0.879926	0.1531597
8030	-1589.22	-1589.66	0.433347	0.1769825
8040	-1591.42	-1591.65	0.234962	0.1876699
8050	-1589.07	-1590.08	1.00738	0.1463773
8060	-1587.9	-1588.66	0.759632	0.159559
8070	-1590.34	-1591.46	1.12112	0.1403101
8080	-1602.6	-1604.21	1.60917	0.1136999
8090	-1609.88	-1609.29	-0.583423	0.2330083
8100	-1588.13	-1588.99	0.860041	0.1542173
8110	-1588.11	-1588.72	0.616798	0.167169
8120	-1589.44	-1590.48	1.04555	0.1443435
8130	-1588.93	-1589.92	0.991761	0.1472089
8140	-1594.36	-1595.7	1.34285	0.1283872
8150	-1589.74	-1590.12	0.377709	0.179971
8160	-1588.06	-1588.9	0.841846	0.1551851
8170	-1592.5	-1592.66	0.15968	0.1917507
8180	-1591.55	-1592.76	1.20222	0.1359682
8190	-1590.56	-1590.86	0.302914	0.1839989
8200	-1589.21	-1590.24	1.02312	0.1455384
8210	-1598.36	-1599.85	1.48924	0.1203861
8220	-1592.67	-1593.93	1.26368	0.1326646
8230	-1588.11	-1588.73	0.614879	0.1672714
8240	-1587.98	-1588.79	0.812559	0.156743
8250	-1599.39	-1599.19	-0.196925	0.2113094
8260	-1591.78	-1593	1.21547	0.1352569
8270	-1589.8	-1590.17	0.371664	0.1802961
8280	-1612.31	-1614.12	1.8105	0.1020305
8290	-1594.56	-1595.92	1.35144	0.1279216
8300	-1590.37	-1591.49	1.12351	0.1401822
8310	-1588.47	-1589.01	0.53875	0.1713374
8320	-1587.96	-1588.77	0.805561	0.1571152
8330	-1598.16	-1599.64	1.48285	0.1207386
8340	-1588.3	-1588.87	0.571688	0.1695771
8350	-1589.59	-1590.65	1.06012	0.1435666
8360	-1589	-1589.46	0.460163	0.1755444
8370	-1594.61	-1594.65	0.0336496	0.1986179
8380	-1589.72	-1590.8	1.07166	0.1429509
8390	-1588.07	-1588.92	0.844759	0.1550302
8400	-1588.99	-1589.99	0.998782	0.146835
8410	-1590.63	-1591.78	1.14271	0.1391557
8420	-1588.13	-1588.74	0.610646	0.1674973
8430	-1587.92	-1588.71	0.782438	0.1583454
8440	-1604.73	-1606.39	1.66023	0.1108036
8450	-1587.93	-1588.71	0.78437	0.1582426
8460	-1588.83	-1589.32	0.482751	0.1743341
8470	-1588.58	-1589.1	0.520988	0.1722874
8480	-1616.26	-1618.13	1.87415	0.0981612
8490	-1599.15	-1600.66	1.51379	0.1190286
8500	-1588.15	-1589.01	0.864819	0.1539632
8510	-1588.12	-1588.97	0.857182	0.1543694
8520	-1587.92	-1588.61	0.693513	0.1630793
8530	-1592.91	-1593.05	0.133345	0.1931819
8540	-1588.29	-1588.86	0.572847	0.1695153
8550	-1591.53	-1591.76	0.226435	0.1881314
8560	-1587.97	-1588.77	0.806347	0.1570734
8570	-1598.92	-1600.43	1.50692	0.1194091
8580	-1588	-1588.82	0.820605	0.1563149
8590	-1588.39	-1589.3	0.914364	0.1513278
8600	-1588.12	-1588.98	0.85899	0.1542732
8610	-1614.2	-1616.05	1.84207	0.1001255
8620	-1588.55	-1589.08	0.524791	0.1720839
8630	-1602.33	-1603.93	1.60214	0.1140965
8640	-1587.92	-1588.62	0.691223	0.1632013
8650	-1588.12	-1588.98	0.858312	0.1543093
8660	-1588	-1588.82	0.820409	0.1563254
8670	-1588.12	-1588.73	0.614064	0.1673148
8680	-1591.5	-1592.7	1.19894	0.1361443
8690	-1597.18	-1598.63	1.45037	0.122525
8700	-1606.15	-1607.84	1.69197	0.1089842
8710	-1588	-1588.65	0.653977	0.1651862
8720	-1588.87	-1589.35	0.477159	0.1746336
8730	-1588.73	-1589.7	0.966617	0.1485474
8740	-1589.35	-1590.39	1.037	0.1447992
8750	-1595.01	-1596.38	1.36969	0.1269302
8760	-1587.94	-1588.62	0.680054	0.1637963
8770	-1591.83	-1592.03	0.205525	0.1892638
8780	-1606.43	-1608.13	1.69798	0.1086381
8790	-1590.37	-1590.69	0.318832	0.1831406
8800	-1588.27	-1589.17	0.892975	0.1524656
8810	-1590.72	-1591.87	1.14906	0.1388163
8820	-1589.99	-1591.08	1.09382	0.1417682
8830	-1589.15	-1590.17	1.01659	0.1458866
8840	-1588.45	-1589.37	0.924574	0.1507847
8850	-1590.11	-1591.21	1.10343	0.1412551
8860	-1595.6	-1596.99	1.39317	0.1256527
8870	-1589.18	-1590.2	1.0199	0.1457101
8880	-1593.05	-1593.17	0.124927	0.1936398
8890	-1589.06	-1589.51	0.453298	0.1759124
8900	-1595.21	-1596.59	1.37789	0.1264844
8910	-1613.63	-1615.47	1.83278	0.1006892
8920	-1587.98	-1588.79	0.811043	0.1568236
8930	-1591.4	-1592.59	1.19298	0.136464
8940	-1592.69	-1592.84	0.147616	0.1924061
8950	-1597.34	-1598.8	1.45604	0.1222138
8960	-1592.04	-1593.27	1.23037	0.1344569
8970	-1587.91	-1588.68	0.770624	0.158974
8980	-1589.82	-1590.9	1.08017	0.142497
8990	-1588.08	-1588.7	0.625086	0.1667268
9000	-1589.49	-1590.54	1.0502	0.1440953
9010	-1589.72	-1590.79	1.07102	0.1429851
9020	-1588.77	-1589.74	0.971815	0.1482708
9030	-1589.59	-1590.65	1.06003	0.1435712
9040	-1593.29	-1594.59	1.29459	0.1309982
9050	-1589.4	-1589.82	0.412978	0.1780759
9060	-1588.38	-1589.29	0.912269	0.1514393
9070	-1588.08	-1588.92	0.84633	0.1549466
9080	-1588.94	-1589.41	0.468074	0.1751205
9090	-1589	-1590	0.999491	0.1467972
9100	-1587.89	-1588.62	0.725832	0.1613582
9110	-1587.9	-1588.67	0.764228	0.1593144
9120	-1591.75	-1592.96	1.21373	0.1353504
9130	-1587.96	-1588.76	0.801435	0.1573347
9140	-1591.1	-1591.36	0.259219	0.1863582
9150	-1590.85	-1591.12	0.279022	0.1852884
9160	-1588.33	-1588.9	0.5642	0.1699772
9170	-1588.19	-1589.07	0.875493	0.1533955
9180	-1588.36	-1589.27	0.909693	0.1515763
9190	-1588.37	-1589.28	0.911218	0.1514952
9200	-1588.16	-1588.76	0.602681	0.1679223
9210	-1591.16	-1592.34	1.17773	0.1372814
9220	-1588.1	-1588.72	0.620141	0.1669906
9230	-1587.95	-1588.75	0.797933	0.157521
9240	-1588	-1588.83	0.822166	0.1562319
9250	-1591.78	-1593	1.21567	0.1352463
9260	-1590.62	-1591.77	1.142	0.1391941
9270	-1590.02	-1591.12	1.09691	0.1416034
9280	-1588.27	-1589.16	0.892803	0.1524747
9290	-1588.53	-1589.06	0.528599	0.1718802
9300	-1592.71	-1593.97	1.26565	0.1325586
9310	-1597.12	-1597.02	-0.0940706	0.2056264
9320	-1589.76	-1590.84	1.07487	0.1427795
9330	-1590.05	-1591.15	1.09917	0.1414827
9340	-1587.95	-1588.62	0.675616	0.1640328
9350	-1588.35	-1589.26	0.908295	0.1516507
9360	-1590.18	-1591.29	1.10953	0.1409296
9370	-1590.1	-1591.2	1.10277	0.1412906
9380	-1589	-1590	0.99945	0.1467995
9390	-1590.31	-1591.43	1.11933	0.1404056
9400	-1589.84	-1590.92	1.08133	0.142435
9410	-1588.98	-1589.98	0.997406	0.1469083
9420	-1588.51	-1589.04	0.531547	0.1717226
9430	-1588.49	-1589.02	0.536131	0.1714774
9440	-1605.47	-1607.15	1.67715	0.1098358
9450	-1589.5	-1590.55	1.05144	0.1440293
9460	-1587.98	-1588.8	0.81387	0.1566732
9470	-1593.08	-1594.36	1.28419	0.1315593
9480	-1595.92	-1595.88	-0.0352538	0.2023925
9490	-1599.64	-1601.17	1.52843	0.1182169
9500	-1593.21	-1594.5	1.29073	0.1312064
9510	-1588.14	-1588.75	0.608712	0.1676005
9520	-1589.37	-1590.41	1.03881	0.1447027
9530	-1597.58	-1599.05	1.46406	0.1217731
9540	-1588.66	-1589.17	0.508171	0.1729731
9550	-1591.99	-1593.21	1.22717	0.1346285
9560	-1587.91	-1588.61	0.699214	0.1627756
9570	-1590.71	-1591	0.290172	0.1846865
9580	-1590.73	-1591.88	1.14973	0.1387803
9590	-1589.43	-1589.84	0.409482	0.1782636
9600	-1587.96	-1588.76	0.802757	0.1572644
9610	-1588.47	-1589.01	0.539251	0.1713106
9620	-1591.61	-1592.81	1.20533	0.1358012
9630	-1589.02	-1589.47	0.45867	0.1756245
9640	-1592.54	-1592.7	0.157138	0.1918888
9650	-1593.42	-1594.72	1.30078	0.1306638
9660	-1602.29	-1601.98	-0.315907	0.2179295
9670	-1589.49	-1589.89	0.403602	0.1785794
9680	-1602.25	-1603.85	1.60014	0.1142089
9690	-1588.57	-1589.51	0.943861	0.1497585
9700	-1587.9	-1588.61	0.711823	0.1621041
9710	-1588.39	-1588.95	0.552374	0.1706091
9720	-1591.82	-1593.03	1.21754	0.135146
9730	-1588.81	-1589.79	0.976707	0.1480104
9740	-1591.88	-1593.1	1.22116	0.1349516
9750	-1597.28	-1597.18	-0.101894	0.2060575
9760	-1588.13	-1588.74	0.610096	0.1675266
9770	-1587.93	-1588.62	0.690158	0.1632581
9780	-1587.89	-1588.64	0.748649	0.1601435
9790	-1587.89	-1588.64	0.74363	0.1604106
9800	-1612.05	-1613.86	1.80605	0.102297
9810	-1588.14	-1588.75	0.607165	0.167683
9820	-1592.06	-1593.29	1.23101	0.1344221
9830	-1608.47	-1610.21	1.73988	0.1062068
9840	-1588.77	-1589.75	0.972187	0.148251
9850	-1588.7	-1589.66	0.962243	0.1487802
9860	-1588.14	-1588.74	0.609202	0.1675743
9870	-1587.95	-1588.75	0.7989	0.1574695
9880	-1588.42	-1588.97	0.547223	0.1708844
9890	-1588.91	-1589.38	0.472438	0.1748866
9900	-1589.43	-1589.84	0.409477	0.1782638
9910	-1589.43	-1590.48	1.04479	0.1443836
9920	-1601.32	-1602.9	1.57587	0.1155715
9930	-1595.56	-1596.96	1.39173	0.125731
9940	-1590.21	-1591.32	1.11146	0.1408261
9950	-1587.91	-1588.69	0.774002	0.1587943
9960	-1591.92	-1593.14	1.22351	0.1348255
9970	-1588.02	-1588.66	0.646419	0.1655891
9980	-1587.93	-1588.62	0.687291	0.1634108
9990	-1589.06	-1589.51	0.453394	0.1759073
10000	-1592.79	-1594.06	1.26981	0.1323346
