Iteration	Posterior	Likelihood	Prior	event_rate	extinction_mean	rate_sd	speciation_mean
0	-1574.61	-1575.52	0.911897	0.001144014	0.1043913	1.262052	0.2087825
1	-1566.89	-1568.66	1.7708	0.001731678	0.1043913	0.7575258	0.2087825
2	-1566.23	-1568.03	1.79857	0.001731678	0.1043913	0.6815015	0.2311222
3	-1567.7	-1568.91	1.2073	0.001467105	0.1250525	1.075304	0.1782567
4	-1565.26	-1567.31	2.04976	0.001637985	0.1250525	0.5458857	0.1890572
5	-1565.33	-1567.47	2.1357	0.001185231	0.1250525	0.495403	0.1890572
6	-1565.26	-1567.68	2.41736	0.001785841	0.09435621	0.495403	0.1890572
7	-1565.75	-1567.88	2.12882	0.001785841	0.09435621	0.3775417	0.3083488
8	-1564.66	-1567.15	2.48704	0.002197122	0.09435621	0.356341	0.223431
9	-1566.12	-1568.27	2.15246	0.001444096	0.09435621	0.3894443	0.2951057
10	-1566.07	-1568.22	2.15246	0.001595168	0.09435621	0.3894443	0.2951057
11	-1565.61	-1567.93	2.31692	0.001334869	0.1003138	0.4949685	0.1967624
12	-1565.5	-1567.89	2.39203	0.001334869	0.1003138	0.4949685	0.1825246
13	-1565.25	-1567.64	2.38494	0.001334869	0.1003138	0.5220916	0.1755289
14	-1564.86	-1567.14	2.2782	0.001825956	0.1108525	0.5220916	0.1767343
15	-1564.9	-1567.24	2.34421	0.001825956	0.1054766	0.5125168	0.1767343
16	-1565.62	-1568.49	2.86672	0.001825956	0.06681642	0.5989575	0.1428115
17	-1566.2	-1568.69	2.48821	0.001825956	0.09355966	0.6235416	0.1428115
18	-1566.29	-1569.38	3.08982	0.001240785	0.05126426	0.6235416	0.1428115
19	-1567.89	-1571.03	3.14646	0.001345056	0.06121217	0.4860905	0.1428115
20	-1565.96	-1568.86	2.89265	0.001538081	0.06180957	0.5422903	0.1656631
21	-1565.21	-1568.55	3.33626	0.002861795	0.03966412	0.5422903	0.1656631
22	-1565.77	-1568.77	3.00321	0.001653174	0.06161995	0.4663577	0.169311
23	-1565.95	-1568.95	3.00321	0.001459865	0.06161995	0.4663577	0.169311
24	-1565.25	-1568.04	2.78762	0.002384317	0.0764452	0.4663577	0.169311
25	-1565	-1567.63	2.6248	0.002754606	0.0764452	0.561996	0.169311
26	-1563.05	-1566.28	3.23284	0.007917246	0.04917421	0.4640001	0.169311
27	-1562.79	-1566.08	3.29069	0.009208405	0.0454142	0.4767411	0.169311
28	-1564.19	-1566.84	2.64589	0.006974854	0.08949066	0.4767411	0.1637309
29	-1562.87	-1565.8	2.93059	0.01352581	0.06400829	0.5063603	0.1637309
30	-1562.64	-1565.74	3.09768	0.01352581	0.0540178	0.507894	0.1637309
31	-1562.84	-1566.01	3.16328	0.01218557	0.0540178	0.4693604	0.1637309
32	-1563.19	-1566.36	3.16854	0.02273602	0.0540178	0.4693604	0.1628716
33	-1563.48	-1566.7	3.22393	0.02176382	0.0540178	0.4284057	0.1652228
34	-1564.76	-1567.27	2.51472	0.02176382	0.07820265	0.5976533	0.1738843
35	-1564.47	-1566.79	2.3166	0.02551238	0.1079749	0.5976533	0.1535323
36	-1564.51	-1567.25	2.74414	0.03499789	0.07041206	0.5976533	0.1535323
37	-1564.14	-1567.17	3.02577	0.03499789	0.06024504	0.5976533	0.1353981
38	-1564.93	-1567.35	2.42597	0.03499789	0.09821645	0.5976533	0.1513008
39	-1566.45	-1568.38	1.9264	0.03072918	0.1436272	0.5976533	0.1705087
40	-1564.48	-1567.07	2.5879	0.02429495	0.07591251	0.5836418	0.1705087
41	-1565.47	-1567.97	2.50744	0.02536343	0.07638355	0.6272682	0.1705087
42	-1564.23	-1566.66	2.43227	0.01927935	0.08835436	0.5859073	0.1705087
43	-1563.65	-1566.28	2.63127	0.01927935	0.08835436	0.4950585	0.1631129
44	-1563.6	-1566.23	2.63458	0.0181634	0.08806224	0.4950585	0.1631129
45	-1563.41	-1566.43	3.01961	0.02578015	0.05992008	0.4950585	0.1631129
46	-1564.45	-1567.64	3.18785	0.03634468	0.04825736	0.5181247	0.1645803
47	-1562.74	-1566.03	3.28844	0.0197023	0.04363964	0.5181247	0.1645803
48	-1563.15	-1566.51	3.36434	0.02453409	0.04044967	0.5181247	0.1645803
49	-1564.46	-1568.26	3.79902	0.01297645	0.03237284	0.5954247	0.1167301
50	-1565.29	-1568.64	3.34211	0.009233395	0.0325613	0.8604052	0.1167301
51	-1565.92	-1569.15	3.22225	0.01533708	0.0325613	0.8604052	0.1315947
52	-1562.83	-1566.32	3.49483	0.01893204	0.0325613	0.8988132	0.09385562
53	-1563.91	-1567.53	3.62721	0.02325409	0.0325613	0.8210555	0.09385562
54	-1563.97	-1567.78	3.81273	0.03096748	0.02695418	0.8210555	0.09418113
55	-1565.44	-1568.64	3.1947	0.02689981	0.05000733	0.8210555	0.09418113
56	-1565.63	-1569.09	3.45473	0.03964275	0.038557	0.8210555	0.09418113
57	-1565.61	-1569.24	3.63833	0.0567164	0.03188585	0.7346424	0.1098049
58	-1563.71	-1568.02	4.31463	0.04168291	0.01472146	0.7240835	0.1231301
59	-1565.72	-1569.45	3.73508	0.02419128	0.01959005	0.7240835	0.165186
60	-1565.99	-1570.43	4.4437	0.02419128	0.01959005	0.4848477	0.1222084
61	-1562.97	-1567.27	4.29821	0.02925119	0.0180222	0.5372565	0.1405296
62	-1563.12	-1567.07	3.94793	0.02925119	0.0254021	0.5413956	0.1405296
63	-1562.67	-1567.15	4.48902	0.02925119	0.01432547	0.5600189	0.1405296
64	-1562.59	-1566.25	3.66059	0.01960869	0.03195252	0.6229322	0.1296111
65	-1562.99	-1567.01	4.02469	0.0254724	0.02408075	0.5751995	0.1296111
66	-1563.24	-1566.85	3.6119	0.0248203	0.02834401	0.7219237	0.1296111
67	-1563.25	-1565.85	2.59323	0.01515673	0.07849878	0.7219237	0.1296111
68	-1563.78	-1566.19	2.40469	0.01770664	0.09478591	0.7219237	0.1296111
69	-1564.34	-1566.77	2.4298	0.02706213	0.0924359	0.7219237	0.1296111
70	-1563.99	-1566.74	2.74532	0.0314027	0.06742384	0.7219237	0.1296111
71	-1564.17	-1566.97	2.80461	0.01597604	0.05818951	0.7219237	0.1415338
72	-1563.35	-1566.63	3.27322	0.02446761	0.03979992	0.7219237	0.1295117
73	-1563.28	-1566.95	3.67559	0.02621056	0.02540588	0.8554859	0.1080838
74	-1563.61	-1567.78	4.1749	0.04065359	0.0165581	0.8554859	0.1006549
75	-1563.72	-1567.74	4.01607	0.04065359	0.01940841	0.8554859	0.1006549
76	-1564.1	-1568.22	4.12105	0.04065359	0.01609231	0.9038798	0.1006549
77	-1562.94	-1567.09	4.14369	0.02812266	0.01609231	0.8905836	0.1006549
78	-1562.98	-1566.68	3.70184	0.02812266	0.0262197	0.8905836	0.09609821
79	-1564.46	-1567.13	2.66958	0.01660263	0.07360964	0.8905836	0.09609821
80	-1564.92	-1567.59	2.66958	0.02222304	0.07360964	0.8905836	0.09609821
81	-1565.43	-1567.84	2.41087	0.02351997	0.07623573	0.8905836	0.1201837
82	-1563.72	-1566.99	3.27437	0.02351997	0.04839889	0.6707522	0.1160612
83	-1563.69	-1567.24	3.54684	0.01578329	0.02772198	0.6707522	0.1543006
84	-1563.33	-1566.92	3.58655	0.01568478	0.03239493	0.4590917	0.1819528
85	-1562.73	-1566.77	4.04784	0.01394634	0.02093767	0.4956696	0.1667744
86	-1563.19	-1567.04	3.85134	0.02184573	0.02394414	0.5322776	0.1667744
87	-1564.1	-1567.44	3.33728	0.03123112	0.04003613	0.5322776	0.1667744
88	-1562.72	-1565.83	3.10528	0.01574569	0.05049051	0.5322776	0.1667744
89	-1562.99	-1565.99	2.99712	0.01574569	0.06296152	0.4818622	0.1623715
90	-1562.98	-1566.41	3.43307	0.02257975	0.04003009	0.4818622	0.1651464
91	-1565.39	-1568.29	2.89874	0.03226498	0.05399231	0.6199754	0.1651464
92	-1564.78	-1567.88	3.09845	0.03139973	0.05935422	0.6199754	0.1230308
93	-1564.35	-1567.56	3.21361	0.03139973	0.0557427	0.4538866	0.1549037
94	-1567.43	-1570.52	3.08977	0.03125512	0.07365314	0.3782273	0.1509319
95	-1563.18	-1566.2	3.01703	0.02340445	0.05948382	0.5464581	0.1509319
96	-1564.06	-1566.87	2.80685	0.0090322	0.05948382	0.6699226	0.1509319
97	-1563.12	-1566.21	3.09085	0.01098712	0.05339877	0.6699226	0.1265628
98	-1563.19	-1566.28	3.09085	0.02623152	0.05339877	0.6699226	0.1265628
99	-1565.24	-1567.56	2.32677	0.02623152	0.09310978	0.6699226	0.1558395
100	-1564.38	-1566.86	2.47231	0.01302848	0.09310978	0.7674269	0.1141254
101	-1564.37	-1566.64	2.2705	0.01107049	0.09168734	0.8950135	0.1141254
102	-1569.12	-1570.58	1.45256	0.01107049	0.06928069	1.467143	0.1292126
103	-1567.63	-1569.11	1.48729	0.005780698	0.06928069	1.446744	0.1292126
104	-1568.03	-1568.97	0.939005	0.002938418	0.1048769	1.525259	0.1292126
105	-1567.6	-1568.91	1.30413	0.00440336	0.07279607	1.525259	0.1292126
106	-1567.27	-1568.78	1.50763	0.004003396	0.07279607	1.40572	0.1292126
107	-1567.84	-1569.83	1.9908	0.003306896	0.05100005	1.330924	0.1292126
108	-1567.73	-1569.59	1.85641	0.003958596	0.05639069	1.330924	0.1336699
109	-1564.9	-1567.84	2.93922	0.003958596	0.05639069	0.7109887	0.1300534
110	-1566.97	-1569.66	2.68704	0.003958596	0.05853165	0.8372305	0.1300534
111	-1566.41	-1568.92	2.5136	0.005120695	0.06967588	0.8720084	0.1224739
112	-1565.33	-1568.5	3.17165	0.00595732	0.04039265	0.8057181	0.1224739
113	-1564.44	-1567.54	3.10566	0.02991208	0.04314813	0.8057181	0.1224739
114	-1564.12	-1567.67	3.54737	0.04166616	0.0309294	0.8057181	0.1098506
115	-1564.57	-1568.07	3.50544	0.04607323	0.03225391	0.8057181	0.1098506
116	-1564.93	-1567.9	2.96772	0.03151127	0.04632914	0.9088576	0.1098506
117	-1563.35	-1566.16	2.80927	0.01588087	0.05918167	0.9088576	0.1007592
118	-1563.24	-1566.14	2.89527	0.01678269	0.05430469	0.9088576	0.1007592
119	-1565.52	-1567.54	2.02463	0.01956991	0.108124	1.015752	0.1007592
120	-1565.23	-1567.46	2.23422	0.01932055	0.08767944	1.015752	0.1007592
121	-1564.69	-1566.91	2.22329	0.0145723	0.09608428	1.015752	0.09295537
122	-1565.77	-1567.85	2.07996	0.0145723	0.110892	1.015752	0.09295537
123	-1564.06	-1566.51	2.44736	0.01185681	0.07947319	0.9956299	0.09295537
124	-1564.46	-1566.81	2.35239	0.01555024	0.08739069	0.9956299	0.09295537
125	-1564.18	-1566.64	2.46581	0.01555024	0.07802022	0.9956299	0.09295537
126	-1563.64	-1566.68	3.03394	0.023923	0.04615306	0.9702943	0.09295537
127	-1564.91	-1568.26	3.35002	0.02825049	0.03825242	0.9702943	0.08176097
128	-1565.87	-1568.95	3.07643	0.02344522	0.03825242	0.9694738	0.1076388
129	-1564.63	-1567.4	2.77629	0.0216463	0.05414138	0.9417225	0.1076388
130	-1564.95	-1567.99	3.03937	0.01399069	0.04161715	0.9417225	0.1076388
131	-1563.43	-1567.01	3.57336	0.02312096	0.0272627	0.8813062	0.106766
132	-1563.66	-1566.91	3.24941	0.03094612	0.03865334	0.8813062	0.1041126
133	-1564.6	-1567.91	3.31164	0.04195659	0.03865334	0.7214522	0.1284293
134	-1564.01	-1567.68	3.66546	0.0280734	0.02850781	0.5292698	0.1695564
135	-1564.32	-1568.55	4.23463	0.04293369	0.0192627	0.5292698	0.142028
136	-1565.87	-1569.47	3.59772	0.04293369	0.0257042	0.7778354	0.1318017
137	-1564.69	-1567.79	3.10163	0.0434591	0.04926387	0.7774558	0.1130124
138	-1563.92	-1566.64	2.72891	0.02944645	0.06631303	0.7774558	0.1218771
139	-1563.46	-1566.49	3.03557	0.01630126	0.04800591	0.7774558	0.1238935
140	-1562.99	-1566.66	3.66642	0.01512137	0.03281035	0.4346942	0.1728925
141	-1563.58	-1567.21	3.63127	0.01095801	0.02753946	0.558208	0.1728925
142	-1562.99	-1566.8	3.81567	0.01206127	0.02753946	0.4498924	0.1728925
143	-1564.38	-1568.03	3.64385	0.01361486	0.03896766	0.3469253	0.1728925
144	-1565.77	-1569.04	3.27462	0.01238477	0.04408959	0.3469253	0.2210549
145	-1563.7	-1566.38	2.67652	0.007640953	0.08018334	0.3469253	0.2210549
146	-1566.12	-1568.27	2.15282	0.009132981	0.09471263	0.5567275	0.2210549
147	-1563.44	-1565.92	2.47693	0.00775874	0.09471263	0.4421179	0.194303
148	-1563.37	-1566.1	2.73159	0.006910604	0.0734189	0.4421179	0.194303
149	-1563.72	-1566.57	2.85103	0.008039027	0.06179188	0.4566193	0.1998785
150	-1563.84	-1566.3	2.45896	0.008039027	0.1052129	0.3742956	0.1998785
151	-1563.38	-1566.36	2.98363	0.008039027	0.05956332	0.4003018	0.1998785
152	-1563.69	-1566.88	3.19465	0.008039027	0.0482318	0.4003018	0.1998785
153	-1563.82	-1567.17	3.35467	0.007472003	0.0482318	0.4003018	0.1703224
154	-1564.71	-1567.49	2.77014	0.007472003	0.08600084	0.4076752	0.1692428
155	-1564.41	-1567.12	2.70942	0.009756403	0.08600084	0.5216217	0.1481273
156	-1563.13	-1566.02	2.88974	0.01098526	0.06728464	0.5216217	0.1580923
157	-1563.56	-1566.19	2.63554	0.01098526	0.08675831	0.5216217	0.1580923
158	-1563.28	-1566.09	2.81241	0.01034726	0.07269381	0.5216217	0.1580923
159	-1563.45	-1566.42	2.96176	0.007533937	0.06260871	0.5216217	0.1580923
160	-1562.69	-1566.09	3.39596	0.01661024	0.03819154	0.5216217	0.167884
161	-1562.69	-1566.19	3.50838	0.01478892	0.03819154	0.4555828	0.167884
162	-1562.76	-1566.23	3.47482	0.01202827	0.03819154	0.4555828	0.1736149
163	-1563.28	-1566.4	3.11869	0.02297256	0.05452928	0.4555828	0.1736149
164	-1563.46	-1567.14	3.68058	0.02565937	0.03269543	0.4555828	0.1650838
165	-1563.21	-1566.95	3.74391	0.02192583	0.03269543	0.4615158	0.1533972
166	-1562.62	-1566.54	3.92079	0.01356008	0.0213561	0.6077875	0.1533972
167	-1562.23	-1566.83	4.59662	0.01243074	0.01203578	0.5476501	0.1533972
168	-1562.05	-1566.99	4.93644	0.01425994	0.008756435	0.5348886	0.1533972
169	-1562.56	-1567.23	4.671	0.0228498	0.01036081	0.5919841	0.1533972
170	-1561.87	-1566.67	4.79845	0.02223486	0.01036081	0.5919841	0.1350412
171	-1562.12	-1566.81	4.68406	0.02543204	0.01161647	0.5919841	0.1350412
172	-1561.38	-1566.85	5.47911	0.02224836	0.00505854	0.5919841	0.1400324
173	-1561.3	-1566.77	5.47258	0.01423855	0.004919606	0.6121782	0.1400324
174	-1561.94	-1567.8	5.86485	0.03350929	0.003323318	0.6121782	0.1400324
175	-1560.42	-1567.3	6.87422	0.02639968	0.001211177	0.6121782	0.1400324
176	-1562.44	-1569.28	6.83865	0.04352482	0.001211177	0.6121782	0.1451023
177	-1563.33	-1570.17	6.83969	0.04352482	0.001267054	0.5418539	0.1561815
178	-1563.75	-1569.55	5.79537	0.03986593	0.003600291	0.5418539	0.1561815
179	-1561.95	-1568.28	6.32805	0.04109123	0.002209248	0.6251584	0.1296563
180	-1561.36	-1567.34	5.97506	0.03097188	0.002898248	0.6730528	0.1296563
181	-1561.42	-1567.77	6.35105	0.03097188	0.002274944	0.7355674	0.1019643
182	-1562.68	-1568.84	6.16188	0.04065148	0.002809481	0.7355674	0.09975818
183	-1563.7	-1569.22	5.51661	0.04065148	0.003927262	0.7355674	0.1360568
184	-1563.03	-1568.21	5.17777	0.04065148	0.006737507	0.6175515	0.1360568
185	-1565.92	-1571.18	5.26646	0.02020742	0.008987615	0.3961901	0.1360568
186	-1565.81	-1570.63	4.8174	0.01488975	0.01382784	0.406894	0.1360568
187	-1565.75	-1569.3	3.55185	0.01475108	0.02168266	0.8860571	0.1360568
188	-1565.64	-1569.6	3.95764	0.02452754	0.01490781	0.8860571	0.1318819
189	-1565.88	-1569.64	3.75645	0.02208095	0.01845541	1.109827	0.08900386
190	-1564.21	-1567.75	3.54449	0.01690362	0.0246967	1.109827	0.08221387
191	-1568.57	-1571.96	3.39803	0.03622341	0.035817	1.109827	0.06563028
192	-1564.54	-1568.92	4.37851	0.0316721	0.01288264	1.109827	0.06844939
193	-1564.54	-1568.92	4.37851	0.0316721	0.01288264	1.109827	0.06844939
194	-1562.18	-1567.96	5.77982	0.02102963	0.003172652	1.109827	0.06844939
195	-1562.46	-1568.4	5.94311	0.02878562	0.002694671	1.109827	0.06844939
