Iteration	Posterior	Likelihood	Prior	birth_rate
0	-1587.89	-1588.64	0.748572	0.1601476
10	-1687.33	-1689.64	2.30841	0.05886034
20	-1644.86	-1647.03	2.1667	0.07769898
30	-1798.22	-1800.08	1.8625	0.0325231
40	-1699.25	-1701.56	2.30883	0.05485993
50	-1669.67	-1671.94	2.27926	0.06566414
60	-1622.03	-1623.99	1.95398	0.0931188
70	-1737.33	-1739.56	2.22368	0.04440131
80	-1733.83	-1736.07	2.23647	0.04524155
90	-1593.33	-1594.63	1.29642	0.1308994
100	-1741.03	-1743.24	2.20915	0.04353478
110	-1726.68	-1728.94	2.25966	0.04702862
120	-1597.8	-1599.27	1.47136	0.1213716
130	-1609.61	-1611.37	1.7619	0.1049163
140	-1598.1	-1599.58	1.48103	0.1208387
150	-1588.38	-1589.29	0.912604	0.1514215
160	-1588.29	-1588.87	0.572149	0.1695525
170	-1606.51	-1606.04	-0.470818	0.2266273
180	-1612.13	-1611.47	-0.654602	0.2370682
190	-1588.79	-1589.28	0.488771	0.1740117
200	-1641.37	-1643.52	2.14242	0.07971112
210	-1620.59	-1622.52	1.93528	0.09432227
220	-1873.68	-1874.77	1.09422	0.02268703
230	-1818.91	-1820.6	1.6851	0.0294006
240	-1754	-1756.15	2.1502	0.04066662
250	-1588.44	-1589.36	0.923587	0.1508372
260	-1589.83	-1590.2	0.368716	0.1804546
270	-1602.99	-1602.64	-0.342552	0.2194191
280	-1587.98	-1588.64	0.660524	0.1648372
290	-1618.9	-1618.05	-0.852795	0.2484849
300	-1633.12	-1635.19	2.07429	0.08490992
310	-1588.18	-1588.78	0.597521	0.1681978
320	-1587.89	-1588.63	0.73487	0.160877
330	-1624.43	-1626.41	1.98333	0.09119637
340	-1702.86	-1705.17	2.30619	0.05372744
350	-1694	-1696.31	2.31041	0.05657148
360	-1660.77	-1663.02	2.24973	0.0695862
370	-1591.94	-1593.16	1.22442	0.1347764
380	-1619.75	-1621.67	1.92405	0.09503846
390	-1705.13	-1707.44	2.30391	0.05303307
400	-1656.41	-1658.65	2.23114	0.07165195
410	-1595.33	-1596.72	1.38277	0.126219
420	-1621.02	-1622.96	1.94096	0.0939583
430	-1653.29	-1655.5	2.21596	0.07320223
440	-1631.41	-1633.47	2.05813	0.08607122
450	-1592.55	-1592.71	0.156529	0.1919218
460	-1590.39	-1591.52	1.1254	0.1400813
470	-1613.14	-1614.96	1.82456	0.1011855
480	-1587.89	-1588.64	0.745988	0.1602851
490	-1662.18	-1664.44	2.25516	0.0689368
500	-1594.9	-1596.27	1.36535	0.1271663
510	-1637.22	-1639.33	2.11013	0.08224401
520	-1714.27	-1716.56	2.29002	0.0503644
530	-1705.31	-1707.61	2.30372	0.05298042
540	-1646.42	-1648.59	2.17678	0.07683035
550	-1653.56	-1655.78	2.21736	0.07306388
560	-1863.93	-1865.14	1.21191	0.02374206
570	-1665.47	-1667.74	2.2667	0.06746491
580	-1607.21	-1608.92	1.71433	0.1076934
590	-1595.9	-1597.31	1.40462	0.125028
600	-1631.92	-1633.98	2.06299	0.08572393
610	-1697.16	-1699.47	2.30978	0.05553337
620	-1663.26	-1665.52	2.25912	0.06844797
630	-1740.08	-1742.29	2.21299	0.04375559
640	-1902.84	-1903.56	0.710937	0.01983221
650	-1815.04	-1816.76	1.72026	0.02995656
660	-1627.88	-1629.9	2.02213	0.08858381
670	-1660.03	-1662.28	2.24677	0.06992942
680	-1663.77	-1666.03	2.26091	0.06822054
690	-1689.19	-1691.5	2.30943	0.05820831
700	-1623.67	-1625.64	1.97424	0.09179632
710	-1591.64	-1592.85	1.20727	0.135697
720	-1669.43	-1671.71	2.27862	0.06576259
730	-1632.69	-1634.76	2.07028	0.08519994
740	-1671.07	-1673.35	2.28296	0.06507745
750	-1627.91	-1629.93	2.02247	0.08856058
760	-1613.96	-1615.8	1.83819	0.1003614
770	-1663.26	-1665.52	2.2591	0.0684503
780	-1610.31	-1612.09	1.77494	0.1041471
790	-1587.9	-1588.62	0.718957	0.1617242
800	-1647.2	-1649.38	2.18165	0.07640199
810	-1677.55	-1679.85	2.2968	0.06248042
820	-1593.05	-1594.33	1.28265	0.1316422
830	-1588.75	-1589.25	0.493904	0.1737368
840	-1590.57	-1591.71	1.13845	0.1393834
850	-1602.11	-1603.7	1.59647	0.1144152
860	-1605.52	-1605.08	-0.435888	0.2246581
870	-1587.91	-1588.69	0.773413	0.1588256
880	-1649.8	-1652	2.19712	0.07500355
890	-1692.62	-1694.93	2.31037	0.05703427
900	-1591.54	-1591.77	0.226001	0.1881549
910	-1616.08	-1617.95	1.8714	0.09833104
920	-1704.16	-1706.47	2.30495	0.05332938
930	-1601.06	-1602.62	1.56857	0.1159802
940	-1598.33	-1598.18	-0.150084	0.2087168
950	-1589.32	-1589.75	0.421835	0.1776004
960	-1639.75	-1641.88	2.13024	0.08068342
970	-1589.66	-1590.04	0.386044	0.1795229
980	-1646.7	-1648.88	2.17858	0.07667239
990	-1720.46	-1722.74	2.27647	0.04866043
1000	-1739.61	-1741.83	2.21485	0.04386473
1010	-1827.73	-1829.33	1.60168	0.02817872
1020	-1759.58	-1761.7	2.12114	0.03950828
1030	-1814.01	-1815.74	1.72949	0.03010711
1040	-1887.29	-1888.21	0.92111	0.02130119
1050	-1682.86	-1685.17	2.30443	0.06047257
1060	-1669.44	-1671.72	2.27866	0.06575691
1070	-1623.02	-1624.99	1.96635	0.09231371
1080	-1609.51	-1611.27	1.75994	0.1050318
1090	-1755.09	-1757.23	2.14471	0.04043757
1100	-1632.3	-1634.37	2.06669	0.0854586
1110	-1646.21	-1648.39	2.17547	0.07694439
1120	-1601.37	-1602.95	1.57713	0.1155012
1130	-1609.58	-1611.34	1.76133	0.1049499
1140	-1592.19	-1593.43	1.23863	0.1340125
1150	-1638.37	-1640.49	2.11946	0.0815269
1160	-1638.28	-1640.4	2.1187	0.08158538
1170	-1706.21	-1708.51	2.30266	0.0527083
1180	-1756.73	-1758.86	2.13627	0.04009516
1190	-1769.09	-1771.16	2.06662	0.03762804
1200	-1639.64	-1641.77	2.1294	0.08074965
1210	-1663.42	-1665.68	2.25968	0.06837687
1220	-1653.63	-1655.85	2.2177	0.07302999
1230	-1735.35	-1737.58	2.23103	0.04487392
1240	-1770.86	-1772.92	2.05581	0.03729089
1250	-1752.33	-1754.49	2.15848	0.04102222
1260	-1689.95	-1692.26	2.30974	0.05794502
1270	-1606.89	-1608.59	1.70762	0.1080816
1280	-1605.56	-1607.24	1.67911	0.1097232
1290	-1601.12	-1602.69	1.57044	0.1158757
1300	-1624.96	-1626.95	1.98951	0.09078638
1310	-1708.14	-1710.44	2.30016	0.05213315
1320	-1716.75	-1719.04	2.28497	0.04967073
1330	-1664.08	-1666.34	2.262	0.06808193
1340	-1606.37	-1608.07	1.69669	0.1087124
1350	-1653.34	-1655.55	2.21621	0.07317768
1360	-1705.13	-1707.43	2.30392	0.05303512
1370	-1616.07	-1617.94	1.87126	0.09833937
1380	-1604.69	-1606.34	1.65932	0.1108557
1390	-1590.11	-1591.22	1.10403	0.1412233
1400	-1609.85	-1609.27	-0.582682	0.2329661
1410	-1598.91	-1598.73	-0.176114	0.2101566
1420	-1589.17	-1589.61	0.439661	0.1766438
1430	-1683.99	-1686.3	2.30564	0.06005843
1440	-1627.39	-1629.41	2.01685	0.08894446
1450	-1590.36	-1590.68	0.319513	0.183104
1460	-1634.4	-1636.48	2.0859	0.08406072
1470	-1655.98	-1658.21	2.22912	0.07186392
1480	-1705.17	-1707.47	2.30387	0.05302318
1490	-1773.32	-1775.36	2.04042	0.03682836
1500	-1815.92	-1817.63	1.71234	0.02982895
1510	-1717.7	-1719.98	2.28291	0.04940928
1520	-1710.96	-1713.26	2.2959	0.05130779
1530	-1587.93	-1588.71	0.786228	0.1581437
1540	-1701.35	-1703.66	2.30745	0.05419835
1550	-1819.46	-1821.14	1.68004	0.02932274
1560	-1797.69	-1799.56	1.86664	0.03260693
1570	-1817.21	-1818.91	1.70066	0.0296433
1580	-1601.49	-1603.07	1.58041	0.1153173
1590	-1643.94	-1646.1	2.16054	0.07821967
1600	-1598.81	-1600.31	1.50339	0.1196044
1610	-1605.44	-1607.11	1.67629	0.1098849
1620	-1774.15	-1776.19	2.03513	0.03667362
1630	-1796.68	-1798.55	1.87463	0.03277051
1640	-1694.43	-1696.75	2.31038	0.05642632
1650	-1617.63	-1619.53	1.89441	0.09690409
1660	-1631.98	-1634.04	2.06357	0.08568283
1670	-1615.57	-1617.43	1.86356	0.09881281
1680	-1621.59	-1623.54	1.94838	0.09348066
1690	-1643.14	-1645.3	2.15506	0.07867682
1700	-1633.43	-1635.5	2.07713	0.08470316
1710	-1606.74	-1608.44	1.70449	0.1082624
1720	-1614.74	-1616.59	1.8506	0.09960659
1730	-1824.06	-1825.69	1.63696	0.02867995
1740	-1736.97	-1739.2	2.22504	0.04448637
1750	-1800.95	-1802.79	1.84061	0.03208932
1760	-1656.51	-1658.74	2.23159	0.07160419
1770	-1601.16	-1602.73	1.5715	0.1158161
1780	-1673.32	-1675.61	2.28835	0.06415687
1790	-1647.88	-1650.07	2.18584	0.07602936
1800	-1590.14	-1591.25	1.10632	0.1411007
1810	-1604.69	-1604.29	-0.406118	0.2229835
1820	-1645.69	-1647.86	2.17214	0.07723281
1830	-1694.22	-1696.54	2.3104	0.05649614
1840	-1722.64	-1724.91	2.27093	0.04807932
1850	-1625.13	-1627.13	1.99157	0.09064925
1860	-1628.2	-1630.22	2.02553	0.08835048
1870	-1625.93	-1627.93	2.00065	0.09004134
1880	-1599.96	-1601.49	1.53774	0.1176998
1890	-1836.07	-1837.59	1.51851	0.02707664
1900	-1734.55	-1736.78	2.23394	0.04506906
1910	-1636.13	-1638.23	2.10102	0.08293483
1920	-1658.54	-1660.78	2.24055	0.07063234
1930	-1706.36	-1708.66	2.30248	0.05266271
1940	-1592.44	-1593.69	1.2517	0.1333095
1950	-1616.93	-1618.81	1.88415	0.09754255
1960	-1605.9	-1607.59	1.68663	0.1092917
1970	-1613.64	-1615.47	1.83285	0.1006845
1980	-1605.66	-1607.34	1.68117	0.1096052
1990	-1671.62	-1673.9	2.28432	0.06485229
2000	-1646.23	-1648.4	2.17558	0.07693488
2010	-1592.88	-1594.15	1.2742	0.1320982
2020	-1675.91	-1678.21	2.29378	0.06312131
2030	-1733.06	-1735.3	2.23917	0.04543032
2040	-1660.52	-1662.77	2.24874	0.06970189
2050	-1603.38	-1605.01	1.62845	0.1126104
2060	-1618.69	-1620.6	1.90952	0.09595688
2070	-1589.39	-1589.81	0.414145	0.1780132
2080	-1603.97	-1603.59	-0.379458	0.2214867
2090	-1608.76	-1610.5	1.7455	0.1058784
2100	-1673.73	-1676.02	2.28927	0.0639903
2110	-1641.59	-1643.73	2.14397	0.07958544
2120	-1618.9	-1620.81	1.91244	0.09577257
2130	-1614.61	-1616.46	1.84854	0.0997318
2140	-1639.23	-1641.36	2.12626	0.08099677
2150	-1681.5	-1683.81	2.30278	0.060977
2160	-1619.32	-1621.24	1.91818	0.09541024
2170	-1610.45	-1612.23	1.77748	0.1039968
2180	-1589.81	-1590.89	1.07897	0.1425609
2190	-1601.23	-1602.81	1.57337	0.1157117
2200	-1589.46	-1590.5	1.04735	0.1442471
2210	-1647.24	-1649.42	2.18191	0.07637912
2220	-1606.42	-1608.11	1.69765	0.1086574
2230	-1630.46	-1632.5	2.04874	0.08673569
2240	-1605.66	-1607.34	1.68116	0.1096056
2250	-1611.15	-1612.94	1.79017	0.1032442
2260	-1648.78	-1650.98	2.19122	0.07554426
2270	-1663.01	-1665.27	2.25821	0.06856138
2280	-1590.89	-1592.05	1.16019	0.1382205
2290	-1673.85	-1676.14	2.28952	0.06394435
2300	-1884.24	-1885.2	0.960836	0.02160368
2310	-1686.79	-1689.1	2.30804	0.05905187
2320	-1647.83	-1650.02	2.18554	0.07605662
2330	-1694.31	-1696.62	2.31039	0.0564687
2340	-1632.58	-1634.65	2.06928	0.08527217
2350	-1723.14	-1725.41	2.26961	0.04794763
2360	-1663.45	-1665.71	2.25978	0.06836492
2370	-1626.44	-1628.44	2.00637	0.0896562
2380	-1624.5	-1626.49	1.98421	0.09113837
2390	-1643.62	-1645.78	2.15837	0.07840125
2400	-1668.47	-1670.74	2.27591	0.06617016
2410	-1619.54	-1621.46	1.92125	0.09521553
2420	-1666.1	-1668.37	2.26875	0.06718817
2430	-1799.94	-1801.79	1.84871	0.03224805
2440	-1615.84	-1617.7	1.86772	0.09855732
2450	-1642.73	-1644.88	2.15215	0.07891752
2460	-1601.42	-1601.14	-0.281452	0.2160072
2470	-1602.98	-1602.64	-0.342314	0.2194058
2480	-1608.17	-1609.9	1.73389	0.1065568
2490	-1589.12	-1589.56	0.446099	0.1762985
2500	-1591.71	-1592.92	1.21143	0.1354739
2510	-1609.51	-1611.27	1.76003	0.1050266
2520	-1595.98	-1597.38	1.40735	0.1248789
2530	-1622.63	-1624.59	1.96146	0.09263276
2540	-1595	-1595.01	0.0125556	0.1997719
2550	-1609.92	-1611.69	1.76775	0.1045718
2560	-1587.9	-1588.65	0.755489	0.1597795
2570	-1634.2	-1636.29	2.08418	0.08418696
2580	-1642.32	-1644.47	2.14928	0.07915314
2590	-1676.89	-1679.19	2.29562	0.06273848
2600	-1599.31	-1600.82	1.51857	0.118764
2610	-1645.44	-1647.61	2.17051	0.0773735
2620	-1614.59	-1616.44	1.84826	0.09974879
2630	-1809.41	-1811.18	1.7698	0.03078794
2640	-1714.31	-1716.6	2.28994	0.05035278
2650	-1715.31	-1717.6	2.28796	0.05007045
2660	-1731.39	-1733.64	2.24484	0.04584137
2670	-1608.08	-1609.81	1.73202	0.1066655
2680	-1588.29	-1589.18	0.895875	0.1523113
2690	-1679.69	-1681.99	2.30026	0.06165913
2700	-1594.87	-1596.23	1.36415	0.1272317
2710	-1591.31	-1591.55	0.242812	0.1872452
2720	-1624.06	-1626.03	1.97888	0.09149096
2730	-1688.66	-1690.97	2.30917	0.05839361
2740	-1778.22	-1780.23	2.00857	0.03592816
2750	-1602.43	-1604.03	1.60469	0.1139525
2760	-1645.05	-1647.22	2.16795	0.07759263
2770	-1591.67	-1592.88	1.2091	0.1355991
2780	-1676.4	-1678.7	2.29472	0.06292883
2790	-1663	-1665.26	2.25819	0.06856426
2800	-1669.51	-1671.79	2.27884	0.06572854
2810	-1588.23	-1588.82	0.585861	0.1688203
2820	-1603.66	-1605.3	1.63524	0.1122256
2830	-1776.83	-1778.85	2.01777	0.03618069
2840	-1808.2	-1809.98	1.78013	0.03096897
2850	-1741.34	-1743.54	2.2079	0.04346422
2860	-1687.67	-1689.98	2.30862	0.0587402
2870	-1647.84	-1650.02	2.18558	0.07605287
2880	-1738.19	-1740.41	2.22041	0.04419848
2890	-1652.87	-1655.09	2.21383	0.07341269
2900	-1657.58	-1659.81	2.23638	0.07109047
2910	-1600.22	-1601.77	1.54532	0.1172776
2920	-1611.09	-1612.88	1.78906	0.1033102
2930	-1670.31	-1672.59	2.28098	0.06539425
2940	-1602.78	-1604.39	1.61355	0.113453
2950	-1611.1	-1612.89	1.78937	0.1032921
2960	-1588.01	-1588.83	0.824174	0.1561251
2970	-1590.11	-1591.22	1.10398	0.1412256
2980	-1589.44	-1589.85	0.40875	0.1783029
2990	-1594.7	-1594.73	0.0289862	0.1988729
3000	-1594.61	-1595.96	1.35319	0.1278266
3010	-1622.69	-1624.65	1.9622	0.09258487
3020	-1624	-1625.98	1.97825	0.09153242
3030	-1588.01	-1588.84	0.826147	0.1560202
3040	-1597.88	-1599.36	1.47404	0.121224
3050	-1609.61	-1611.37	1.76179	0.1049226
3060	-1631.58	-1633.63	2.05972	0.08595749
3070	-1722.84	-1725.11	2.2704	0.04802631
3080	-1900.18	-1900.93	0.747844	0.02007548
3090	-1813.82	-1815.55	1.73115	0.03013427
3100	-1675.47	-1677.76	2.29291	0.06329641
3110	-1588.07	-1588.92	0.844975	0.1550187
3120	-1588.73	-1589.69	0.9661	0.148575
3130	-1619.76	-1621.69	1.92424	0.09502592
3140	-1661.1	-1663.35	2.25102	0.06943396
3150	-1673.4	-1675.69	2.28852	0.06412505
3160	-1612.15	-1613.96	1.80777	0.1021946
3170	-1592.42	-1592.59	0.164943	0.1914649
3180	-1593.24	-1594.53	1.29208	0.1311335
3190	-1601.45	-1603.02	1.57909	0.1153909
3200	-1611.58	-1613.38	1.7978	0.1027902
3210	-1612.08	-1613.89	1.80654	0.1022678
3220	-1587.9	-1588.61	0.713717	0.1620032
3230	-1649.33	-1651.52	2.19439	0.075255
3240	-1626.95	-1628.96	2.01202	0.08927339
3250	-1882.94	-1883.92	0.977526	0.02173339
3260	-1867.05	-1868.23	1.17474	0.02339774
3270	-1886.17	-1887.11	0.935708	0.02141134
3280	-1819.59	-1821.27	1.67883	0.02930419
3290	-1874.54	-1875.62	1.0836	0.02259669
3300	-1884.55	-1885.51	0.956799	0.02157254
3310	-1709.99	-1712.29	2.29744	0.05158856
3320	-1636.44	-1638.55	2.10364	0.08273686
3330	-1822.06	-1823.71	1.65585	0.02895745
3340	-1687.94	-1690.25	2.30878	0.05864539
3350	-1638.53	-1640.66	2.12076	0.08142601
3360	-1605.2	-1606.88	1.67111	0.1101816
3370	-1646.33	-1648.51	2.17623	0.07687811
3380	-1662.45	-1664.7	2.25615	0.06881573
3390	-1743.63	-1745.83	2.19832	0.0429391
3400	-1625.45	-1627.44	1.99518	0.09040769
3410	-1751.08	-1753.24	2.16456	0.04129136
3420	-1851.62	-1852.97	1.35282	0.02515375
3430	-1858.71	-1859.98	1.27273	0.0243296
3440	-1867.22	-1868.39	1.17281	0.02338013
3450	-1685	-1687.3	2.3066	0.05969397
3460	-1700.29	-1702.6	2.30819	0.05453034
3470	-1588.19	-1589.07	0.876231	0.1533562
3480	-1600.98	-1602.54	1.56641	0.116101
3490	-1644.3	-1646.47	2.16298	0.07801413
3500	-1660.85	-1663.1	2.25006	0.06954727
3510	-1689.92	-1692.23	2.30973	0.05795566
3520	-1759.28	-1761.41	2.12273	0.03956831
3530	-1639.22	-1641.34	2.12612	0.08100796
3540	-1686.07	-1688.38	2.30751	0.05930747
3550	-1775.8	-1777.83	2.02447	0.03636857
3560	-1664.96	-1667.22	2.265	0.0676912
3570	-1751.14	-1753.3	2.16427	0.04127855
3580	-1670.35	-1672.63	2.28109	0.06537721
3590	-1598.67	-1600.16	1.49898	0.119848
3600	-1718.16	-1720.44	2.28188	0.0492835
3610	-1662.25	-1664.5	2.2554	0.0689077
3620	-1716.26	-1718.54	2.28602	0.04980769
3630	-1665.33	-1667.6	2.26624	0.0675268
3640	-1605.89	-1607.57	1.68627	0.1093123
3650	-1685.6	-1687.9	2.30712	0.05947803
3660	-1614.57	-1616.41	1.84787	0.09977267
3670	-1613.48	-1612.78	-0.695788	0.239427
3680	-1641.99	-1640.57	-1.41461	0.2818085
3690	-1654.23	-1656.46	2.22072	0.07272687
3700	-1656.91	-1659.14	2.23339	0.07141197
3710	-1618.28	-1620.18	1.9037	0.09632223
3720	-1626.66	-1628.67	2.00889	0.08948525
3730	-1609.38	-1611.14	1.75755	0.1051719
3740	-1648.92	-1651.12	2.19205	0.07546923
3750	-1716.72	-1719.01	2.28504	0.04967863
3760	-1642.44	-1644.59	2.15014	0.07908264
3770	-1633.04	-1635.11	2.07353	0.08496442
3780	-1696.63	-1698.94	2.30996	0.0557053
3790	-1588.33	-1588.89	0.565307	0.169918
3800	-1595.76	-1595.73	-0.0270119	0.2019402
3810	-1689.98	-1692.29	2.30975	0.05793352
3820	-1593.34	-1594.63	1.29658	0.1308904
3830	-1588.08	-1588.92	0.846191	0.154954
3840	-1630.12	-1632.17	2.0454	0.08697087
3850	-1662.43	-1664.68	2.25607	0.06882614
3860	-1590.97	-1592.14	1.16584	0.1379181
3870	-1725.42	-1727.68	2.26333	0.04735391
3880	-1750.4	-1752.57	2.16778	0.04143706
3890	-1694.47	-1696.78	2.31038	0.05641557
3900	-1669.6	-1671.88	2.27908	0.06569247
3910	-1599.68	-1601.2	1.52952	0.1181561
3920	-1613.65	-1615.48	1.83298	0.1006769
3930	-1622.3	-1624.26	1.95734	0.09290056
3940	-1680.56	-1682.86	2.30151	0.06133268
3950	-1588.57	-1589.09	0.52198	0.1722343
3960	-1587.91	-1588.61	0.705593	0.1624359
3970	-1588.63	-1589.15	0.511847	0.1727764
3980	-1599.4	-1600.93	1.52149	0.118602
3990	-1750.02	-1752.19	2.16961	0.04152095
4000	-1827.49	-1829.1	1.60396	0.02821045
4010	-1713.16	-1715.46	2.29209	0.05067624
4020	-1759.04	-1761.17	2.12403	0.03961771
4030	-1662.76	-1665.02	2.2573	0.06867474
4040	-1729.12	-1731.37	2.2522	0.0464087
4050	-1835.06	-1836.59	1.52878	0.02720715
4060	-1811.99	-1813.74	1.74733	0.03040342
4070	-1794.86	-1796.75	1.88875	0.03306541
4080	-1611.99	-1613.79	1.80493	0.1023645
4090	-1751.51	-1753.67	2.16246	0.04119769
4100	-1811.07	-1812.83	1.75534	0.03053914
4110	-1687.1	-1689.41	2.30825	0.05894225
4120	-1631	-1633.05	2.05409	0.08635764
4130	-1628.97	-1631	2.03359	0.08779426
4140	-1590.81	-1591.96	1.15483	0.1385074
4150	-1592.55	-1592.71	0.156503	0.1919233
4160	-1602.76	-1604.37	1.61308	0.1134794
4170	-1626.62	-1628.63	2.00844	0.08951565
4180	-1644.13	-1646.29	2.1618	0.07811345
4190	-1588.11	-1588.97	0.85554	0.1544568
4200	-1599.31	-1599.11	-0.193374	0.2111126
4210	-1611.09	-1612.87	1.78903	0.1033121
4220	-1594.97	-1596.34	1.36824	0.1270093
4230	-1720.13	-1722.41	2.27727	0.04874906
4240	-1749.39	-1751.56	2.17258	0.04165837
4250	-1808.04	-1809.83	1.78151	0.03099327
4260	-1734.64	-1736.87	2.23361	0.04504638
4270	-1608.49	-1610.23	1.74022	0.1061874
4280	-1589.98	-1591.07	1.09305	0.1418096
4290	-1598.4	-1598.24	-0.153318	0.2088956
4300	-1596.61	-1598.04	1.43047	0.1236153
4310	-1595.06	-1596.43	1.37177	0.1268175
4320	-1610.02	-1609.43	-0.587998	0.2332686
4330	-1634.83	-1636.92	2.08971	0.08377889
4340	-1797.59	-1799.45	1.86748	0.03262399
4350	-1819.44	-1821.12	1.68023	0.0293256
4360	-1680.65	-1682.95	2.30165	0.06129626
4370	-1590.03	-1591.12	1.09701	0.1415982
4380	-1599.5	-1601.02	1.52423	0.1184501
4390	-1662.12	-1664.37	2.25492	0.06896651
4400	-1683.3	-1685.61	2.30492	0.06031071
4410	-1724.23	-1726.5	2.26665	0.04766144
4420	-1589.2	-1589.63	0.43659	0.1768085
4430	-1588.04	-1588.88	0.835543	0.1555203
4440	-1619.15	-1621.07	1.91587	0.09555624
4450	-1642.63	-1644.78	2.15143	0.07897691
4460	-1646.54	-1648.72	2.17756	0.07676171
4470	-1755.96	-1758.1	2.14024	0.04025477
4480	-1653.99	-1656.21	2.2195	0.07284958
4490	-1612.42	-1614.23	1.81244	0.1019143
4500	-1655.04	-1657.27	2.22466	0.0723258
4510	-1748.72	-1750.9	2.17566	0.04180291
4520	-1707.71	-1710.01	2.30075	0.05225984
4530	-1623.58	-1625.55	1.97316	0.09186762
4540	-1696.77	-1699.08	2.30991	0.05565973
4550	-1588.51	-1589.44	0.934608	0.1502508
4560	-1588.21	-1589.09	0.880424	0.1531332
4570	-1628.43	-1630.46	2.02796	0.08818304
4580	-1627.78	-1629.8	2.02106	0.08865744
4590	-1593.2	-1593.31	0.115712	0.1941412
4600	-1617.25	-1619.14	1.88893	0.09724501
4610	-1592.42	-1593.67	1.2509	0.133353
4620	-1702.96	-1705.26	2.30611	0.05369923
4630	-1741.53	-1743.74	2.20711	0.04341992
4640	-1832.39	-1833.94	1.55576	0.02755735
4650	-1751.8	-1753.96	2.16105	0.04113514
4660	-1630.96	-1633.02	2.05378	0.08638007
4670	-1610.41	-1609.8	-0.60045	0.2339776
4680	-1589.96	-1591.05	1.09182	0.141875
4690	-1588.01	-1588.83	0.823591	0.1561561
4700	-1648.54	-1650.73	2.18979	0.07567414
4710	-1605.06	-1606.72	1.66778	0.1103721
4720	-1723.38	-1725.65	2.26896	0.04788394
4730	-1883.75	-1884.71	0.967179	0.02165279
4740	-1623.01	-1624.97	1.96618	0.09232477
4750	-1784.95	-1786.92	1.96224	0.03473486
4760	-1650.11	-1652.3	2.19885	0.07484329
4770	-1631.52	-1633.58	2.05919	0.08599527
4780	-1654.57	-1656.8	2.22239	0.07255808
4790	-1640.07	-1642.21	2.13271	0.08048822
4800	-1751.09	-1753.26	2.16448	0.04128791
4810	-1715.21	-1717.49	2.28817	0.0501003
4820	-1702.02	-1704.33	2.30692	0.05398969
4830	-1637.5	-1639.62	2.11245	0.08206688
4840	-1680.26	-1682.56	2.3011	0.06144313
4850	-1646.79	-1648.97	2.17913	0.07662486
4860	-1763.42	-1765.52	2.09988	0.03873536
4870	-1615.1	-1616.96	1.85633	0.09925595
4880	-1632.36	-1634.43	2.06721	0.08542108
4890	-1648.07	-1650.25	2.18695	0.07592996
4900	-1704.09	-1706.4	2.30502	0.05335077
4910	-1808.85	-1810.63	1.77456	0.03087102
4920	-1705.67	-1707.98	2.3033	0.05286993
4930	-1669.78	-1672.06	2.27957	0.06561644
4940	-1753.96	-1756.11	2.15043	0.04067623
4950	-1634.34	-1636.43	2.08543	0.08409543
4960	-1644.99	-1647.16	2.16759	0.07762323
4970	-1839.71	-1841.19	1.481	0.02661209
4980	-1859.53	-1860.8	1.2632	0.02423546
4990	-1693.22	-1695.53	2.31041	0.05683024
5000	-1588.52	-1589.46	0.936148	0.1501689
5010	-1637.24	-1639.35	2.11025	0.08223462
5020	-1591.25	-1592.43	1.18346	0.1369741
5030	-1692.07	-1689.73	-2.34576	0.3405125
5040	-1588.51	-1589.45	0.935277	0.1502152
5050	-1602.05	-1603.65	1.59507	0.1144939
5060	-1588.59	-1589.54	0.947145	0.1495837
5070	-1604.57	-1604.16	-0.401539	0.2227262
5080	-1589.35	-1589.77	0.418915	0.1777571
5090	-1605.51	-1607.19	1.67791	0.1097923
5100	-1617.86	-1619.76	1.89768	0.09669946
5110	-1773.92	-1770.41	-3.50522	0.4204151
5120	-1614.06	-1613.34	-0.713269	0.2404302
5130	-1589.23	-1589.66	0.432474	0.1770294
5140	-1587.99	-1588.81	0.81767	0.156471
5150	-1597.2	-1598.65	1.45121	0.1224789
5160	-1590.96	-1592.12	1.16489	0.1379688
5170	-1588.31	-1588.88	0.569738	0.1696813
5180	-1618.5	-1620.4	1.90677	0.09612954
5190	-1618.37	-1620.27	1.90497	0.09624258
5200	-1650.22	-1652.42	2.19949	0.07478369
5210	-1617.86	-1619.75	1.89765	0.09670136
5220	-1630.85	-1632.91	2.05269	0.08645673
5230	-1644	-1646.16	2.16094	0.07818596
5240	-1597.09	-1598.54	1.44747	0.122684
5250	-1617.72	-1619.62	1.89572	0.09682229
5260	-1651.94	-1654.15	2.20894	0.0738874
5270	-1675.4	-1677.69	2.29277	0.06332402
5280	-1626.67	-1628.68	2.00896	0.08948054
5290	-1588.81	-1589.3	0.48589	0.174166
5300	-1592.19	-1593.43	1.23855	0.1340171
5310	-1591.06	-1591.32	0.262254	0.1861942
5320	-1609.4	-1611.16	1.75791	0.105151
5330	-1668.59	-1670.87	2.27626	0.06611809
5340	-1601.35	-1602.93	1.57665	0.1155281
5350	-1693.87	-1696.18	2.31041	0.05661318
5360	-1682.25	-1684.55	2.30371	0.06069918
5370	-1724.98	-1727.24	2.26457	0.04746768
5380	-1705.55	-1707.85	2.30344	0.05290804
5390	-1644.59	-1646.75	2.16489	0.07785306
5400	-1670.23	-1672.51	2.28078	0.06542685
5410	-1722.56	-1724.83	2.27115	0.0481009
5420	-1588.31	-1589.21	0.900085	0.1520874
5430	-1623.24	-1625.21	1.96899	0.09214102
5440	-1623.04	-1625.01	1.96659	0.09229811
5450	-1670.44	-1672.72	2.28131	0.06534189
5460	-1793.9	-1795.8	1.89619	0.03322369
5470	-1715.65	-1717.94	2.28727	0.04997622
5480	-1759.52	-1761.65	2.12144	0.0395196
5490	-1679.89	-1682.19	2.30055	0.06158556
5500	-1701.64	-1699.15	-2.49858	0.350595
5510	-1603.08	-1602.74	-0.34627	0.2196272
5520	-1617.76	-1619.66	1.89628	0.09678709
5530	-1653.6	-1655.82	2.21756	0.07304379
5540	-1607.68	-1609.4	1.72392	0.1071368
5550	-1589.38	-1590.43	1.04031	0.1446226
5560	-1762.02	-1764.13	2.10774	0.03901434
5570	-1747.12	-1749.3	2.183	0.04215669
5580	-1718.74	-1721.03	2.28055	0.04912401
5590	-1646.21	-1648.39	2.17547	0.07694425
5600	-1699.38	-1701.69	2.30875	0.0548191
5610	-1709.94	-1712.24	2.29752	0.05160338
5620	-1865.18	-1866.38	1.19707	0.0236033
5630	-1653.58	-1655.8	2.21743	0.07305638
5640	-1594.64	-1595.99	1.35463	0.1277484
5650	-1596.97	-1596.89	-0.0873041	0.2052538
5660	-1604.46	-1606.11	1.65403	0.1111574
5670	-1597.22	-1598.67	1.45182	0.1224452
5680	-1589.96	-1590.32	0.356132	0.1811317
5690	-1588.31	-1589.2	0.899354	0.1521263
5700	-1598.12	-1597.98	-0.140655	0.2081959
5710	-1589.38	-1590.42	1.04003	0.1446377
5720	-1615.13	-1616.99	1.85676	0.09922977
5730	-1615.04	-1616.89	1.85531	0.09931863
5740	-1608.98	-1610.73	1.74982	0.1056256
5750	-1713.34	-1715.63	2.29177	0.05062696
5760	-1680.97	-1683.27	2.30208	0.0611777
5770	-1641.99	-1644.14	2.14691	0.07934645
5780	-1863.98	-1865.19	1.21133	0.02373661
5790	-1693.27	-1695.58	2.31041	0.05681623
5800	-1599.08	-1600.59	1.51166	0.1191466
5810	-1657.65	-1659.89	2.23672	0.07105353
5820	-1711.28	-1713.58	2.29537	0.0512145
5830	-1725.13	-1727.39	2.26415	0.0474291
5840	-1635.64	-1637.74	2.09685	0.083248
5850	-1622.97	-1624.94	1.96577	0.09235173
5860	-1682.87	-1685.18	2.30444	0.06046901
5870	-1726.16	-1728.42	2.26118	0.04716204
5880	-1687.31	-1689.62	2.30839	0.05886731
5890	-1668.55	-1670.83	2.27615	0.06613499
5900	-1707.55	-1709.85	2.30097	0.05230845
5910	-1627.61	-1629.63	2.01924	0.08878149
5920	-1606.67	-1608.38	1.70316	0.1083391
5930	-1633.97	-1636.05	2.08206	0.08434314
5940	-1590	-1591.09	1.09489	0.1417109
5950	-1676.57	-1678.86	2.29503	0.06286425
5960	-1777.86	-1779.87	2.01096	0.0359933
5970	-1680.6	-1682.91	2.30158	0.06131441
5980	-1624.26	-1626.24	1.98129	0.09133148
5990	-1606.24	-1607.93	1.69385	0.1088764
6000	-1611.1	-1612.89	1.78928	0.1032971
6010	-1633.68	-1635.76	2.07944	0.08453447
6020	-1799.14	-1800.99	1.85514	0.03237548
6030	-1761.58	-1763.69	2.1102	0.0391033
6040	-1636.75	-1638.85	2.1062	0.08254312
6050	-1603.98	-1605.63	1.64294	0.1117886
6060	-1732.49	-1734.73	2.24114	0.04557075
6070	-1676.81	-1679.11	2.29548	0.06276802
6080	-1696.29	-1698.6	2.31005	0.05581627
6090	-1670.34	-1672.62	2.28107	0.06538018
6100	-1618.95	-1620.86	1.91312	0.09572993
6110	-1658.34	-1660.58	2.23973	0.07072355
6120	-1616.14	-1618.01	1.87227	0.09827691
6130	-1603.89	-1605.53	1.64068	0.1119169
6140	-1590.29	-1590.61	0.326029	0.1827528
6150	-1602.32	-1602	-0.316882	0.217984
6160	-1587.9	-1588.67	0.765875	0.1592268
6170	-1612.5	-1614.31	1.81376	0.101835
6180	-1588.94	-1589.93	0.992095	0.1471911
6190	-1677.06	-1679.36	2.29593	0.06267139
6200	-1621.06	-1623.01	1.94156	0.09391961
6210	-1602.31	-1603.92	1.60183	0.1141139
6220	-1607.39	-1609.11	1.71804	0.1074783
6230	-1591.14	-1592.31	1.17634	0.1373557
6240	-1591.13	-1591.39	0.256405	0.1865103
6250	-1620.68	-1619.77	-0.901325	0.2513063
6260	-1745.1	-1747.29	2.19198	0.04260736
6270	-1732.75	-1734.99	2.24024	0.04550619
6280	-1587.97	-1588.64	0.663369	0.1646855
6290	-1658.2	-1656.45	-1.74666	0.3022224
6300	-1590.37	-1590.69	0.319134	0.1831243
6310	-1612.78	-1612.11	-0.674791	0.2382235
6320	-1663.37	-1661.52	-1.84523	0.3083905
6330	-1592.28	-1593.52	1.24338	0.1337572
6340	-1625.24	-1627.24	1.99283	0.09056522
6350	-1606.8	-1608.5	1.70575	0.1081899
6360	-1683.94	-1686.24	2.30558	0.06007958
6370	-1647.88	-1650.07	2.18582	0.07603099
6380	-1594.9	-1596.26	1.3653	0.127169
6390	-1740.29	-1742.5	2.21213	0.04370605
6400	-1748.79	-1750.96	2.17536	0.04178894
6410	-1588.62	-1589.14	0.513328	0.1726972
6420	-1598.49	-1598.33	-0.157452	0.2091241
6430	-1615.33	-1617.19	1.85986	0.09903986
6440	-1590.68	-1591.83	1.14618	0.13897
6450	-1596.56	-1597.99	1.42878	0.1237082
6460	-1629.96	-1632	2.04375	0.08708605
6470	-1649.48	-1651.68	2.1953	0.07517136
6480	-1696.43	-1698.74	2.31001	0.05577121
6490	-1610.79	-1612.57	1.78361	0.1036338
6500	-1614.52	-1616.37	1.84717	0.09981538
6510	-1592.54	-1592.7	0.157261	0.1918821
6520	-1628.11	-1627.01	-1.09346	0.26258
6530	-1711.79	-1714.09	2.29452	0.05106834
6540	-1700.29	-1702.6	2.3082	0.0545321
6550	-1600.99	-1602.56	1.56677	0.1160809
6560	-1656.67	-1658.9	2.23231	0.07152797
6570	-1622.93	-1624.89	1.96521	0.09238813
6580	-1626.08	-1628.08	2.00237	0.08992559
6590	-1588.36	-1589.27	0.910269	0.1515457
6600	-1650.36	-1652.56	2.20028	0.07470905
6610	-1725.3	-1727.56	2.26366	0.04738399
6620	-1793.01	-1794.91	1.903	0.03337074
6630	-1646.5	-1648.67	2.17728	0.07678684
6640	-1648.04	-1650.23	2.18679	0.07594453
6650	-1602.03	-1603.62	1.59446	0.1145285
6660	-1587.92	-1588.7	0.781513	0.1583946
6670	-1588.12	-1588.73	0.613169	0.1673626
6680	-1741.84	-1744.05	2.20583	0.04334831
6690	-1720.96	-1723.23	2.27524	0.048527
6700	-1792.86	-1794.76	1.90414	0.03339561
6710	-1753.32	-1755.47	2.15361	0.04081174
6720	-1882.83	-1883.81	0.978973	0.0217447
6730	-1808.88	-1810.66	1.77432	0.03086669
6740	-1901.3	-1902.04	0.732337	0.01997256
6750	-1800.58	-1802.43	1.84353	0.03214633
6760	-1702.21	-1704.52	2.30676	0.05392907
6770	-1646.2	-1648.37	2.17539	0.0769512
6780	-1628.91	-1630.94	2.03302	0.08783363
6790	-1661.78	-1664.04	2.25366	0.06911878
6800	-1633.55	-1632.33	-1.22446	0.2703642
6810	-1655.26	-1653.57	-1.68922	0.298651
6820	-1823.5	-1819.41	-4.09374	0.46413
6830	-1823.59	-1819.49	-4.0947	0.4642034
6840	-1610.64	-1610.04	-0.60807	0.2344117
6850	-1717.97	-1715.23	-2.74664	0.3672437
6860	-1591.79	-1591.99	0.208298	0.1891136
6870	-1670.11	-1672.39	2.28045	0.06547788
6880	-1728.96	-1731.21	2.25271	0.04644898
6890	-1603.32	-1604.95	1.62706	0.1126894
6900	-1636.64	-1638.74	2.1053	0.08261177
6910	-1647.94	-1650.12	2.18617	0.07599999
6920	-1641.88	-1644.02	2.14606	0.07941571
6930	-1588.07	-1588.91	0.844023	0.1550693
6940	-1665.9	-1668.17	2.26808	0.06727897
6950	-1647.64	-1649.82	2.18435	0.07616246
6960	-1671.94	-1674.22	2.2851	0.06472141
6970	-1623.48	-1625.46	1.972	0.09194384
6980	-1794.25	-1796.14	1.89352	0.03316664
6990	-1596.32	-1597.74	1.42007	0.1241845
7000	-1645.09	-1647.26	2.16825	0.07756653
7010	-1621.25	-1623.19	1.94392	0.0937682
7020	-1587.9	-1588.65	0.753225	0.1599
7030	-1738.01	-1734.98	-3.03276	0.386892
7040	-1660.85	-1663.1	2.25005	0.06954865
7050	-1598.72	-1600.22	1.50074	0.1197511
7060	-1595.31	-1596.69	1.38177	0.1262734
7070	-1732.19	-1734.44	2.24214	0.04564287
7080	-1647.91	-1650.1	2.18601	0.07601455
7090	-1651.4	-1653.6	2.20599	0.07417056
7100	-1672.15	-1674.44	2.28563	0.06463211
7110	-1634.08	-1636.16	2.08307	0.08426905
7120	-1592.49	-1593.74	1.25424	0.1331732
7130	-1744.47	-1746.66	2.19474	0.04275043
7140	-1880.19	-1881.2	1.01271	0.02201213
7150	-1594.71	-1596.07	1.35771	0.1275814
7160	-1593.49	-1594.8	1.30395	0.1304928
7170	-1588.16	-1589.03	0.867937	0.1537973
7180	-1630.08	-1632.13	2.04502	0.08699747
7190	-1595.72	-1597.12	1.39764	0.1254088
7200	-1607.79	-1607.28	-0.514644	0.2291047
7210	-1591.54	-1592.74	1.20141	0.1360119
7220	-1587.9	-1588.67	0.765008	0.1592729
7230	-1606.08	-1605.62	-0.455583	0.2257678
7240	-1590.18	-1591.29	1.10915	0.1409497
7250	-1730.23	-1732.48	2.24864	0.04612912
7260	-1693.11	-1695.42	2.3104	0.05686868
7270	-1680.35	-1682.65	2.30122	0.06141064
7280	-1617.42	-1619.31	1.89136	0.09709411
7290	-1604.81	-1606.48	1.66225	0.1106885
7300	-1598.07	-1599.55	1.4802	0.1208846
7310	-1647.86	-1650.05	2.18571	0.07604106
7320	-1587.99	-1588.81	0.816985	0.1565075
7330	-1590.04	-1590.39	0.348503	0.1815423
7340	-1686.45	-1688.76	2.30779	0.05917274
7350	-1588.18	-1589.05	0.871918	0.1535856
7360	-1643.2	-1645.36	2.15547	0.07864293
7370	-1686.67	-1688.97	2.30795	0.05909588
7380	-1833.41	-1834.96	1.54548	0.02742259
7390	-1590.46	-1591.59	1.13026	0.1398218
7400	-1614.35	-1616.2	1.84445	0.09998077
7410	-1701.85	-1704.16	2.30705	0.05404144
7420	-1608.88	-1610.62	1.74777	0.1057459
7430	-1618.37	-1620.27	1.90497	0.09624285
7440	-1589.43	-1589.84	0.409844	0.1782441
7450	-1591.74	-1592.95	1.21289	0.1353958
7460	-1590.26	-1591.37	1.11518	0.1406277
7470	-1612.03	-1613.84	1.80576	0.1023146
7480	-1741.57	-1743.78	2.20694	0.04341022
7490	-1766.6	-1768.68	2.08151	0.03810986
7500	-1693.48	-1695.79	2.31042	0.05674421
7510	-1736.47	-1738.7	2.22693	0.04460686
7520	-1659.37	-1661.61	2.24407	0.07023776
7530	-1606.49	-1608.18	1.69915	0.108571
7540	-1643.63	-1645.79	2.15844	0.07839545
7550	-1618.94	-1620.85	1.91291	0.09574315
7560	-1700.73	-1703.04	2.3079	0.05439221
7570	-1605.75	-1607.43	1.68323	0.1094866
7580	-1659.21	-1661.45	2.24341	0.07031275
7590	-1858.11	-1859.39	1.27963	0.02439826
7600	-1710.11	-1712.41	2.29726	0.05155442
7610	-1658.61	-1660.85	2.24088	0.07059641
7620	-1811.04	-1812.79	1.75565	0.03054432
7630	-1647.61	-1649.8	2.1842	0.07617593
7640	-1619.58	-1621.5	1.92181	0.0951806
7650	-1588.18	-1588.78	0.598412	0.1681502
7660	-1633.54	-1635.62	2.07816	0.08462826
7670	-1689.77	-1692.08	2.30967	0.05800796
7680	-1715.35	-1717.64	2.28788	0.05005914
7690	-1691.38	-1693.69	2.31017	0.0574527
7700	-1619.91	-1621.84	1.92627	0.09489677
7710	-1729.88	-1732.13	2.24978	0.04621781
7720	-1606.95	-1608.66	1.70902	0.1080004
7730	-1646.55	-1648.73	2.17761	0.0767573
7740	-1820.35	-1822.02	1.67183	0.02919747
7750	-1644.33	-1646.49	2.16315	0.0779998
7760	-1609.72	-1611.48	1.76385	0.1048017
7770	-1635.21	-1637.3	2.09307	0.08352958
7780	-1619.94	-1621.86	1.92662	0.09487451
7790	-1692.97	-1695.28	2.3104	0.05691449
7800	-1660.57	-1662.82	2.24893	0.06967924
7810	-1702.7	-1705.01	2.30634	0.05377789
7820	-1613.14	-1614.96	1.82456	0.1011856
7830	-1608.48	-1610.22	1.74007	0.106196
7840	-1632.89	-1634.96	2.07219	0.08506194
7850	-1635.08	-1637.17	2.09195	0.0836128
7860	-1699.41	-1701.72	2.30874	0.05480993
7870	-1619.06	-1620.97	1.91457	0.09563822
7880	-1654.04	-1656.26	2.21978	0.07282172
7890	-1683.52	-1685.83	2.30516	0.06022975
7900	-1704.13	-1706.43	2.30498	0.05333951
7910	-1674.11	-1676.4	2.29009	0.06383801
7920	-1590.87	-1591.15	0.277114	0.1853914
7930	-1599.92	-1601.46	1.53671	0.1177567
7940	-1619.91	-1621.84	1.92624	0.09489899
7950	-1698.04	-1700.35	2.30943	0.05524867
7960	-1732.25	-1734.49	2.24195	0.04562937
7970	-1820.54	-1822.21	1.67002	0.02916993
7980	-1958.03	-1957.89	-0.139284	0.01545174
7990	-1972.4	-1972.01	-0.387005	0.01449153
8000	-1787.24	-1789.19	1.94583	0.03434035
8010	-1828.62	-1830.21	1.59299	0.02805855
8020	-1750.38	-1752.55	2.16788	0.04144192
8030	-1692.1	-1694.41	2.3103	0.05720962
8040	-1702.11	-1704.42	2.30685	0.0539618
8050	-1675.62	-1677.92	2.29321	0.0632364
8060	-1706.21	-1708.52	2.30266	0.05270705
8070	-1709.66	-1711.96	2.29795	0.0516844
8080	-1605.88	-1607.56	1.68599	0.1093285
8090	-1607.92	-1609.65	1.72894	0.1068448
8100	-1594.67	-1596.03	1.35602	0.1276729
8110	-1593.37	-1594.67	1.29832	0.1307969
8120	-1599.4	-1600.92	1.52137	0.1186085
8130	-1718.77	-1721.05	2.28049	0.04911671
8140	-1614.27	-1616.11	1.84305	0.1000661
8150	-1684.71	-1687.02	2.30634	0.05979723
8160	-1643.91	-1646.07	2.16031	0.07823887
8170	-1682.07	-1684.37	2.30349	0.06076748
8180	-1787.92	-1789.86	1.94093	0.03422517
8190	-1693.02	-1695.34	2.3104	0.05689721
8200	-1737.59	-1739.81	2.2227	0.04434024
8210	-1674.86	-1677.15	2.29166	0.06354067
8220	-1798.36	-1800.22	1.86134	0.03249967
8230	-1744.81	-1747.01	2.19323	0.04267186
8240	-1677.99	-1680.28	2.29754	0.06231295
8250	-1763.53	-1765.63	2.09926	0.03871369
8260	-1959.33	-1959.17	-0.161379	0.01536161
8270	-1700.08	-1702.39	2.30833	0.05459648
8280	-1720.68	-1722.95	2.27594	0.04860206
8290	-1598.59	-1600.08	1.49653	0.1199836
8300	-1687.43	-1689.74	2.30847	0.05882583
8310	-1662.18	-1664.44	2.25517	0.06893541
8320	-1599.58	-1601.11	1.52681	0.1183067
8330	-1672.02	-1674.31	2.2853	0.06468693
8340	-1645.08	-1647.24	2.16813	0.07757679
8350	-1663.51	-1665.77	2.26002	0.06833432
8360	-1592.29	-1593.54	1.244	0.1337239
8370	-1654.31	-1656.53	2.22108	0.0726904
8380	-1685.85	-1688.16	2.30733	0.05938593
8390	-1748.52	-1750.7	2.17661	0.04184798
8400	-1716.58	-1718.87	2.28533	0.04971749
8410	-1598.53	-1600.02	1.4946	0.1200904
8420	-1592.37	-1592.54	0.168362	0.1912793
8430	-1589.11	-1590.13	1.01225	0.1461176
8440	-1737.5	-1739.72	2.22305	0.04436167
8450	-1667.6	-1669.87	2.27336	0.06654165
8460	-1651.41	-1653.62	2.20609	0.07416132
8470	-1611.57	-1613.36	1.79758	0.1028034
8480	-1669.73	-1672.01	2.27944	0.06563536
8490	-1722.95	-1725.22	2.27012	0.04799843
8500	-1755.37	-1757.52	2.14326	0.04037782
8510	-1740.96	-1743.17	2.20942	0.04355052
8520	-1683.68	-1685.99	2.30532	0.06017177
8530	-1690.2	-1692.51	2.30983	0.05785878
8540	-1619.26	-1621.17	1.91733	0.09546401
8550	-1711.77	-1714.07	2.29454	0.05107296
8560	-1608.73	-1610.47	1.74492	0.1059125
8570	-1737.23	-1739.45	2.22406	0.04442523
8580	-1623.74	-1625.72	1.97512	0.09173876
8590	-1679.1	-1681.4	2.29936	0.06188553
8600	-1631.84	-1633.9	2.06222	0.08577894
8610	-1658.34	-1660.58	2.2397	0.07072688
8620	-1748.11	-1750.29	2.17847	0.04193707
8630	-1676.47	-1678.76	2.29484	0.06290331
8640	-1743.47	-1745.67	2.19901	0.04297638
8650	-1717.03	-1719.31	2.28437	0.04959362
8660	-1722.67	-1724.94	2.27086	0.04807171
8670	-1678.7	-1681	2.29872	0.06203945
8680	-1685.92	-1688.23	2.30739	0.059362
8690	-1838.58	-1840.07	1.49276	0.02675578
8700	-1730.14	-1732.39	2.24893	0.04615179
8710	-1751.07	-1753.23	2.16461	0.04129366
8720	-1662.2	-1664.45	2.25522	0.06892986
8730	-1666.88	-1669.15	2.27119	0.06685011
8740	-1621.58	-1623.53	1.94827	0.093488
8750	-1823.84	-1825.48	1.63899	0.02870935
8760	-1655.76	-1657.99	2.22808	0.07197305
8770	-1688.81	-1691.12	2.30925	0.05833874
8780	-1801.31	-1803.15	1.83765	0.03203201
8790	-1780.68	-1782.67	1.992	0.03548683
8800	-1617.04	-1618.92	1.88571	0.09744511
8810	-1609.56	-1611.32	1.76093	0.1049736
8820	-1624.19	-1623.19	-0.994272	0.2567393
8830	-1591.87	-1592.07	0.202217	0.1894431
8840	-1608.17	-1609.9	1.73389	0.1065567
8850	-1588.11	-1588.73	0.616036	0.1672096
8860	-1666.67	-1664.76	-1.90659	0.312256
8870	-1606.98	-1606.5	-0.487168	0.2275507
8880	-1660.12	-1662.37	2.24716	0.06988505
8890	-1629.62	-1631.66	2.0403	0.08732752
8900	-1606.42	-1608.11	1.69766	0.1086565
8910	-1611	-1612.78	1.7874	0.1034089
8920	-1612.04	-1613.85	1.80592	0.1023053
8930	-1599.23	-1600.74	1.51622	0.1188944
8940	-1707.78	-1710.08	2.30065	0.05223944
8950	-1648.07	-1650.26	2.18697	0.0759286
8960	-1649.7	-1651.9	2.19654	0.07505696
8970	-1604.93	-1606.59	1.6649	0.1105367
8980	-1620.43	-1622.36	1.93317	0.09445738
8990	-1587.99	-1588.81	0.818663	0.1564183
9000	-1588.84	-1589.82	0.98091	0.1477866
9010	-1593.05	-1593.17	0.125046	0.1936333
9020	-1615.73	-1617.6	1.86615	0.09865399
9030	-1612.13	-1613.94	1.80747	0.1022123
9040	-1588.01	-1588.83	0.822988	0.1561882
9050	-1603.62	-1603.25	-0.36638	0.2207535
9060	-1592.89	-1593.02	0.134879	0.1930985
9070	-1607.76	-1607.24	-0.513449	0.2290371
9080	-1658.81	-1661.05	2.24174	0.0705009
9090	-1765.54	-1767.63	2.08771	0.03831668
9100	-1627.97	-1629.99	2.02306	0.08851976
9110	-1656.97	-1659.21	2.23369	0.07138044
9120	-1787.31	-1789.26	1.94531	0.03432829
9130	-1758.77	-1760.9	2.12548	0.03967303
9140	-1684.48	-1686.79	2.30612	0.0598798
9150	-1608.19	-1609.93	1.73436	0.1065294
9160	-1647.91	-1646.37	-1.54048	0.2894815
9170	-1875.56	-1870.91	-4.65256	0.5077387
9180	-1618.73	-1617.88	-0.847986	0.2482059
9190	-1597.93	-1599.4	1.4755	0.1211436
9200	-1728.9	-1725.99	-2.90489	0.3780509
9210	-1710.71	-1713	2.29632	0.05138137
9220	-1762.21	-1764.32	2.10666	0.03897562
9230	-1715.82	-1718.11	2.28693	0.04992949
9240	-1642.73	-1644.89	2.15219	0.07891412
9250	-1647.1	-1649.28	2.18106	0.0764544
9260	-1704.3	-1706.6	2.3048	0.05328665
9270	-1735.7	-1737.93	2.22976	0.04479035
9280	-1669.59	-1671.87	2.27907	0.06569375
9290	-1714.27	-1716.56	2.29001	0.05036309
9300	-1588.56	-1589.5	0.942552	0.1498282
9310	-1650.72	-1652.93	2.20231	0.0745192
9320	-1589.39	-1590.43	1.04075	0.1445993
9330	-1637.15	-1639.26	2.10951	0.08229127
9340	-1679.55	-1681.85	2.30005	0.06171225
9350	-1812.15	-1813.9	1.74589	0.0303792
9360	-1669.95	-1672.23	2.28003	0.06554481
9370	-1599.83	-1601.36	1.53392	0.1179119
9380	-1726.18	-1728.44	2.26113	0.04715765
9390	-1705.49	-1707.79	2.30351	0.05292526
9400	-1682.95	-1685.26	2.30453	0.06043948
9410	-1709.18	-1711.48	2.29867	0.05182503
9420	-1704.99	-1707.29	2.30407	0.05307663
9430	-1676.66	-1678.95	2.29519	0.06283008
9440	-1720.37	-1722.65	2.27669	0.0486842
9450	-1674.61	-1676.9	2.29115	0.06363847
9460	-1629.08	-1631.12	2.0348	0.08770994
9470	-1594.68	-1594.71	0.0299473	0.1988203
9480	-1589.66	-1590.05	0.38557	0.1795484
9490	-1661.03	-1659.23	-1.80098	0.3056152
9500	-1592.62	-1593.88	1.26105	0.1328062
9510	-1617.5	-1619.4	1.89257	0.09701837
9520	-1650.2	-1652.4	2.19936	0.07479558
9530	-1645.82	-1647.99	2.17297	0.07716097
9540	-1641.53	-1643.68	2.14357	0.07961791
9550	-1634.04	-1636.12	2.0827	0.08429604
9560	-1649.91	-1652.11	2.19775	0.07494487
9570	-1681.35	-1683.65	2.30258	0.06103568
9580	-1596.01	-1597.42	1.40864	0.1248088
9590	-1589.07	-1589.52	0.451901	0.1759874
9600	-1629.12	-1631.15	2.03517	0.08768435
9610	-1665.57	-1667.83	2.26701	0.06742355
9620	-1604.52	-1606.18	1.65556	0.1110699
9630	-1665.7	-1667.97	2.26746	0.0673634
9640	-1654.4	-1656.62	2.22152	0.07264575
9650	-1604.49	-1606.14	1.6547	0.1111192
9660	-1601.3	-1601.02	-0.276404	0.215726
9670	-1608.93	-1608.38	-0.552737	0.2312643
9680	-1638.56	-1640.68	2.12098	0.08140834
9690	-1587.93	-1588.71	0.784593	0.1582307
9700	-1587.96	-1588.76	0.803541	0.1572227
9710	-1642.62	-1644.77	2.15136	0.07898272
9720	-1594.49	-1595.83	1.34814	0.1281003
9730	-1590.59	-1590.89	0.300024	0.1841549
9740	-1660.55	-1662.8	2.24886	0.06968822
9750	-1590.79	-1591.07	0.283756	0.1850328
9760	-1593.65	-1594.96	1.31128	0.1300964
9770	-1599.26	-1599.06	-0.191195	0.2109918
9780	-1591.63	-1592.83	1.20646	0.1357406
9790	-1588.17	-1588.77	0.600813	0.168022
9800	-1593.06	-1593.19	0.123963	0.1936922
9810	-1675.47	-1677.76	2.29291	0.06329707
9820	-1738.07	-1740.29	2.22086	0.04422602
9830	-1666.1	-1668.37	2.26872	0.0671916
9840	-1659.82	-1662.06	2.24592	0.0700276
9850	-1603.35	-1604.98	1.62771	0.1126524
9860	-1627.18	-1629.2	2.01463	0.08909627
9870	-1587.94	-1588.73	0.79148	0.1578643
9880	-1598.92	-1600.43	1.50693	0.1194085
9890	-1600.17	-1601.72	1.544	0.1173513
9900	-1590.83	-1591.11	0.280104	0.18523
9910	-1592.13	-1593.37	1.23541	0.1341857
9920	-1606.3	-1608	1.69526	0.1087948
9930	-1606.91	-1608.61	1.70804	0.1080575
9940	-1612.6	-1614.41	1.81546	0.1017331
9950	-1674.23	-1676.52	2.29034	0.06379216
9960	-1736.76	-1738.99	2.22583	0.04453674
9970	-1599.64	-1599.43	-0.207582	0.2119003
9980	-1638.47	-1640.59	2.12027	0.08146355
9990	-1589.84	-1590.21	0.367852	0.1805011
10000	-1667.4	-1669.68	2.27278	0.06662495
