Iteration	Posterior	Likelihood	Prior	birth_rate
0	-1592.79	-1594.06	1.26981	0.1323346
10	-1589.31	-1589.73	0.423626	0.1775042
20	-1588.55	-1589.49	0.940831	0.1499197
30	-1593.87	-1593.94	0.0758148	0.1963152
40	-1599.06	-1600.57	1.51103	0.1191815
50	-1589.16	-1590.17	1.01691	0.1458695
60	-1598.43	-1599.93	1.49172	0.120249
70	-1596.57	-1598	1.42922	0.1236837
80	-1587.93	-1588.62	0.68821	0.1633618
90	-1591.39	-1592.58	1.19199	0.136517
100	-1587.89	-1588.63	0.738477	0.160685
110	-1587.9	-1588.62	0.717948	0.1617779
120	-1587.9	-1588.62	0.722029	0.1615606
130	-1588.03	-1588.86	0.832436	0.1556856
140	-1587.9	-1588.65	0.752548	0.159936
150	-1588.13	-1588.74	0.610209	0.1675206
160	-1588.02	-1588.85	0.828253	0.1559081
170	-1591.34	-1592.53	1.18924	0.1366642
180	-1588.64	-1589.59	0.953713	0.1492342
190	-1598.62	-1600.12	1.49759	0.119925
200	-1587.89	-1588.64	0.748092	0.1601732
210	-1601.54	-1603.12	1.58169	0.1152456
220	-1593.38	-1593.48	0.104794	0.1947357
230	-1588.55	-1589.49	0.94072	0.1499256
240	-1590.94	-1591.21	0.271581	0.1856902
250	-1588.53	-1589.46	0.937066	0.15012
260	-1589.64	-1590.71	1.06444	0.1433362
270	-1588.8	-1589.78	0.976067	0.1480445
280	-1590.18	-1591.29	1.10942	0.1409351
290	-1587.95	-1588.75	0.799106	0.1574586
300	-1588.15	-1589.01	0.865333	0.1539359
310	-1588.58	-1589.53	0.94542	0.1496755
320	-1588.37	-1588.93	0.556642	0.170381
330	-1603.66	-1605.29	1.63515	0.1122306
340	-1588.01	-1588.83	0.822982	0.1561885
350	-1590.04	-1590.39	0.348323	0.181552
360	-1595.97	-1595.94	-0.0380964	0.2025485
370	-1591.99	-1592.18	0.194289	0.1898728
380	-1588.03	-1588.67	0.640633	0.1658976
390	-1589.94	-1590.3	0.358005	0.1810309
400	-1588.27	-1589.16	0.891642	0.1525365
410	-1588.12	-1588.97	0.857059	0.154376
420	-1616.11	-1617.99	1.87195	0.09829687
430	-1589.95	-1591.04	1.09052	0.1419446
440	-1587.95	-1588.62	0.677719	0.1639208
450	-1587.93	-1588.72	0.789804	0.1579535
460	-1592.39	-1593.64	1.24944	0.1334315
470	-1589.88	-1590.25	0.363539	0.1807331
480	-1587.91	-1588.68	0.768626	0.1590803
490	-1588	-1588.82	0.820689	0.1563105
500	-1590.28	-1590.61	0.326674	0.182718
510	-1589.24	-1590.27	1.02619	0.145375
520	-1587.99	-1588.8	0.816018	0.1565589
530	-1590.09	-1590.43	0.344391	0.1817637
540	-1587.91	-1588.61	0.705215	0.162456
550	-1588.19	-1589.06	0.874312	0.1534583
560	-1588.51	-1589.04	0.531818	0.1717081
570	-1588.18	-1588.78	0.597531	0.1681972
580	-1599.54	-1601.06	1.52547	0.1183812
590	-1589.17	-1589.61	0.439319	0.1766622
600	-1587.98	-1588.64	0.659542	0.1648895
610	-1598.4	-1599.89	1.49066	0.1203077
620	-1588.05	-1588.68	0.634731	0.1662124
630	-1590.08	-1590.42	0.345351	0.181712
640	-1589.75	-1590.82	1.07397	0.1428276
650	-1587.98	-1588.79	0.812447	0.1567489
660	-1589.24	-1590.27	1.02572	0.1454002
670	-1589.69	-1590.08	0.382281	0.1797251
680	-1590.66	-1591.8	1.14448	0.1390609
690	-1588.5	-1589.03	0.533578	0.171614
700	-1588.12	-1588.98	0.859495	0.1542464
710	-1593.28	-1594.57	1.29393	0.1310337
720	-1589.64	-1590.03	0.38752	0.1794435
730	-1588.05	-1588.68	0.635091	0.1661932
740	-1587.94	-1588.62	0.680518	0.1637716
750	-1599.03	-1600.54	1.51013	0.1192316
760	-1598.61	-1600.11	1.49733	0.1199393
770	-1588.11	-1588.97	0.856033	0.1544305
780	-1588.68	-1589.64	0.959886	0.1489057
790	-1588.72	-1589.22	0.499075	0.17346
800	-1588.79	-1589.28	0.488675	0.1740168
810	-1593.69	-1595	1.3131	0.1299978
820	-1587.96	-1588.63	0.669564	0.1643553
830	-1587.97	-1588.64	0.664465	0.1646271
840	-1614.78	-1616.63	1.85124	0.09956729
850	-1596	-1595.96	-0.0395777	0.2026298
860	-1588.54	-1589.48	0.93914	0.1500097
870	-1587.9	-1588.61	0.707744	0.1623213
880	-1597.15	-1597.06	-0.0957899	0.2057211
890	-1590.57	-1590.87	0.301396	0.1840808
900	-1590.15	-1591.26	1.10683	0.1410738
910	-1597.64	-1599.11	1.46596	0.1216684
920	-1605.94	-1607.62	1.68729	0.1092539
930	-1589.19	-1589.62	0.437786	0.1767444
940	-1588.41	-1588.96	0.550235	0.1707235
950	-1590.18	-1591.29	1.10907	0.1409539
960	-1596.93	-1598.38	1.44195	0.1229864
970	-1592.74	-1592.88	0.144313	0.1925856
980	-1588.11	-1588.97	0.855822	0.1544417
990	-1588.21	-1589.08	0.878751	0.1532222
1000	-1623.83	-1625.8	1.97616	0.09166983
1010	-1595.34	-1596.72	1.38302	0.1262051
1020	-1589.58	-1590.64	1.05924	0.1436134
1030	-1615.41	-1614.66	-0.753354	0.2427357
1040	-1590.7	-1591	0.290492	0.1846692
1050	-1588.85	-1589.83	0.981963	0.1477305
1060	-1591.62	-1592.83	1.20604	0.1357633
1070	-1587.94	-1588.62	0.679561	0.1638226
1080	-1601.84	-1603.43	1.58949	0.1148078
1090	-1589.42	-1589.83	0.410775	0.1781942
1100	-1590.12	-1590.46	0.341312	0.1819295
1110	-1597.22	-1598.67	1.45173	0.12245
1120	-1587.95	-1588.74	0.796463	0.1575992
1130	-1588.67	-1589.63	0.958648	0.1489716
1140	-1587.9	-1588.66	0.760002	0.1595393
1150	-1601.89	-1603.48	1.59073	0.1147381
1160	-1598.35	-1599.84	1.48907	0.1203953
1170	-1591.63	-1592.84	1.20694	0.135715
1180	-1587.9	-1588.61	0.71085	0.1621559
1190	-1595.98	-1597.39	1.40758	0.1248664
1200	-1594.86	-1596.22	1.36362	0.1272603
1210	-1594.01	-1595.34	1.32748	0.1292201
1220	-1590.03	-1591.13	1.09743	0.1415756
1230	-1592.95	-1594.23	1.27785	0.1319014
1240	-1587.91	-1588.61	0.703476	0.1625486
1250	-1588.83	-1589.8	0.978703	0.1479041
1260	-1592.2	-1593.44	1.23909	0.133988
1270	-1594.86	-1594.88	0.0201619	0.1993556
1280	-1592.62	-1593.88	1.2613	0.132793
1290	-1608.14	-1609.88	1.73339	0.106586
1300	-1589.2	-1590.22	1.0216	0.1456196
1310	-1592.95	-1594.22	1.27767	0.1319111
1320	-1587.96	-1588.77	0.80437	0.1571786
1330	-1589.93	-1591.02	1.08898	0.1420266
1340	-1588.74	-1589.71	0.968171	0.1484647
1350	-1588.25	-1589.14	0.887923	0.1527343
1360	-1588.13	-1588.99	0.860457	0.1541952
1370	-1587.93	-1588.72	0.787389	0.158082
1380	-1588.74	-1589.71	0.967953	0.1484763
1390	-1599.03	-1598.85	-0.18135	0.2104465
1400	-1596.54	-1597.97	1.42807	0.1237471
1410	-1603.51	-1605.14	1.63152	0.1124367
1420	-1588.02	-1588.85	0.828705	0.1558841
1430	-1588.05	-1588.89	0.839146	0.1553287
1440	-1614.3	-1616.14	1.84353	0.1000371
1450	-1588.2	-1589.08	0.877422	0.1532929
1460	-1590.27	-1590.6	0.327227	0.1826882
1470	-1591.37	-1591.61	0.238615	0.1874723
1480	-1598.83	-1600.33	1.50407	0.1195668
1490	-1591.64	-1591.86	0.218631	0.1885539
1500	-1590.81	-1591.97	1.15507	0.1384945
1510	-1589.31	-1590.35	1.0333	0.1449961
1520	-1587.93	-1588.62	0.689566	0.1632896
1530	-1588.21	-1589.09	0.879213	0.1531976
1540	-1588.99	-1589.99	0.998695	0.1468397
1550	-1588.14	-1588.74	0.609222	0.1675732
1560	-1588.52	-1589.45	0.935641	0.1501958
1570	-1588.77	-1589.74	0.971148	0.1483063
1580	-1590.42	-1590.74	0.314245	0.1833879
1590	-1619.06	-1620.98	1.91467	0.09563219
1600	-1606.62	-1606.15	-0.47472	0.2268476
1610	-1594.24	-1595.58	1.33758	0.1286733
1620	-1589.91	-1591	1.08761	0.1420996
1630	-1589.56	-1590.62	1.05681	0.1437427
1640	-1598.39	-1599.88	1.49019	0.1203336
1650	-1592.36	-1592.53	0.169089	0.1912399
1660	-1590.24	-1591.36	1.11416	0.1406818
1670	-1589.88	-1590.25	0.363616	0.180729
1680	-1588.09	-1588.93	0.848962	0.1548066
1690	-1589.24	-1589.67	0.431762	0.1770676
1700	-1592.31	-1593.55	1.24467	0.1336881
1710	-1594.96	-1594.97	0.0148745	0.1996449
1720	-1600.77	-1602.33	1.56078	0.1164157
1730	-1588.07	-1588.91	0.844442	0.155047
1740	-1590.02	-1591.11	1.09641	0.1416302
1750	-1599.68	-1601.21	1.52961	0.1181511
1760	-1589.26	-1590.29	1.02775	0.1452918
1770	-1598.21	-1599.7	1.48463	0.1206403
1780	-1587.9	-1588.62	0.717065	0.1618249
1790	-1591.48	-1591.71	0.230366	0.1879186
1800	-1620.47	-1622.41	1.9338	0.09441691
1810	-1593.82	-1595.14	1.3189	0.1296841
1820	-1588.93	-1589.92	0.991176	0.1472401
1830	-1591.87	-1593.09	1.22051	0.1349862
1840	-1590.49	-1590.8	0.308209	0.1837134
1850	-1599.27	-1600.78	1.51735	0.1188314
1860	-1589.83	-1590.91	1.08076	0.1424652
1870	-1588.32	-1589.23	0.902875	0.151939
1880	-1595.64	-1595.62	-0.0211838	0.2016205
1890	-1588.11	-1588.97	0.856589	0.1544009
1900	-1588.44	-1588.99	0.543574	0.1710795
1910	-1597.35	-1597.25	-0.105226	0.206241
1920	-1594.05	-1594.12	0.0649835	0.1969062
1930	-1588.62	-1589.13	0.514148	0.1726533
1940	-1588.01	-1588.66	0.649363	0.1654321
1950	-1590.95	-1592.12	1.16457	0.1379861
1960	-1588.56	-1589.5	0.94225	0.1498442
1970	-1591.34	-1591.58	0.24079	0.1873546
1980	-1605.28	-1606.95	1.67274	0.1100886
1990	-1589.58	-1589.98	0.393575	0.1791181
2000	-1589.09	-1590.1	1.00971	0.1462528
2010	-1590.7	-1591.85	1.14756	0.1388962
2020	-1594.62	-1595.97	1.35377	0.1277949
2030	-1590.16	-1590.5	0.337339	0.1821435
2040	-1590.38	-1590.69	0.318306	0.183169
2050	-1591.1	-1592.28	1.17427	0.1374664
2060	-1588.17	-1588.77	0.599529	0.1680905
2070	-1591.45	-1591.68	0.232525	0.1878018
2080	-1588.21	-1589.09	0.87904	0.1532068
2090	-1597.61	-1599.08	1.46511	0.1217152
2100	-1590.05	-1590.4	0.347716	0.1815847
2110	-1588.55	-1589.49	0.940084	0.1499595
2120	-1588.42	-1588.97	0.547555	0.1708667
2130	-1588.59	-1589.54	0.946904	0.1495965
2140	-1587.89	-1588.63	0.734682	0.160887
2150	-1587.92	-1588.69	0.777513	0.1586074
2160	-1588.43	-1589.35	0.921617	0.150942
2170	-1591.04	-1591.31	0.263444	0.1861298
2180	-1588.03	-1588.67	0.640799	0.1658888
2190	-1588.77	-1589.74	0.971845	0.1482692
2200	-1588.08	-1588.7	0.625498	0.1667048
2210	-1589.57	-1589.96	0.395299	0.1790255
2220	-1600.7	-1602.26	1.55875	0.1165287
2230	-1594.51	-1594.55	0.0393383	0.1983069
2240	-1589.44	-1590.48	1.04539	0.1443516
2250	-1594.45	-1594.49	0.0428562	0.1981147
2260	-1588.72	-1589.22	0.498572	0.1734869
2270	-1587.95	-1588.75	0.797869	0.1575244
2280	-1611.28	-1610.65	-0.628103	0.2355543
2290	-1589.68	-1590.75	1.06817	0.1431371
2300	-1587.95	-1588.63	0.673193	0.164162
2310	-1592.98	-1594.26	1.27959	0.1318074
2320	-1587.9	-1588.65	0.75398	0.1598598
2330	-1589.06	-1590.07	1.00645	0.1464265
2340	-1608.88	-1610.63	1.74792	0.1057369
2350	-1597.52	-1598.98	1.46183	0.1218958
2360	-1590.4	-1591.53	1.12589	0.1400549
2370	-1587.91	-1588.68	0.768734	0.1590746
2380	-1611.54	-1613.34	1.79718	0.1028268
2390	-1588.16	-1589.03	0.86933	0.1537233
2400	-1589.28	-1590.31	1.03007	0.1451684
2410	-1590.54	-1590.84	0.304561	0.1839101
2420	-1610.8	-1610.19	-0.612983	0.2346918
2430	-1590.91	-1591.18	0.273901	0.1855649
2440	-1587.95	-1588.74	0.797234	0.1575582
2450	-1601.04	-1602.61	1.56817	0.1160024
2460	-1599.62	-1601.14	1.52778	0.1182529
2470	-1593.94	-1595.27	1.32457	0.1293777
2480	-1598	-1597.87	-0.135504	0.2079114
2490	-1589.56	-1590.61	1.05663	0.1437524
2500	-1587.9	-1588.67	0.765291	0.1592578
2510	-1587.89	-1588.64	0.744691	0.1603542
2520	-1589.9	-1590.99	1.08678	0.1421442
2530	-1587.94	-1588.73	0.791618	0.157857
2540	-1595.15	-1595.15	0.00464112	0.2002052
2550	-1594.31	-1595.65	1.34046	0.1285169
2560	-1589.95	-1591.04	1.09057	0.1419417
2570	-1594.52	-1595.87	1.3495	0.1280267
2580	-1588.56	-1589.5	0.941724	0.1498722
2590	-1591.08	-1592.25	1.17259	0.1375567
2600	-1588.27	-1589.16	0.891423	0.1525481
2610	-1588.46	-1589.39	0.927472	0.1506305
2620	-1590.81	-1591.96	1.15484	0.138507
2630	-1589.3	-1589.72	0.424632	0.1774502
2640	-1589.38	-1589.79	0.415903	0.1779188
2650	-1589.07	-1589.52	0.45152	0.1760078
2660	-1589.24	-1590.27	1.02617	0.1453759
2670	-1588.08	-1588.7	0.625992	0.1666785
2680	-1587.95	-1588.74	0.796184	0.157614
2690	-1596.26	-1597.68	1.41792	0.1243021
2700	-1617.16	-1619.05	1.88759	0.09732883
2710	-1590.29	-1591.4	1.1174	0.1405087
2720	-1596.38	-1597.8	1.42229	0.1240631
2730	-1599.58	-1601.11	1.52684	0.118305
2740	-1597.37	-1597.27	-0.106354	0.2063032
2750	-1589.61	-1590	0.391298	0.1792405
2760	-1588.45	-1588.99	0.542845	0.1711185
2770	-1589.54	-1589.94	0.398306	0.1788639
2780	-1588.73	-1589.23	0.497489	0.1735449
2790	-1587.9	-1588.66	0.760539	0.1595107
2800	-1589.01	-1589.47	0.459443	0.175583
2810	-1588.82	-1589.8	0.977922	0.1479457
2820	-1588.05	-1588.69	0.633644	0.1662703
2830	-1598.53	-1600.02	1.49459	0.1200907
2840	-1597.11	-1597.01	-0.0936763	0.2056047
2850	-1594.07	-1595.4	1.33032	0.1290662
2860	-1589.98	-1591.08	1.09371	0.1417742
2870	-1594.09	-1595.42	1.33085	0.1290377
2880	-1588.83	-1589.32	0.482638	0.1743402
2890	-1588.04	-1588.88	0.835872	0.1555029
2900	-1588.67	-1589.18	0.506173	0.1730801
2910	-1588.05	-1588.68	0.634888	0.166204
2920	-1587.95	-1588.75	0.798579	0.1574866
2930	-1591.86	-1592.07	0.202883	0.189407
2940	-1588.35	-1589.25	0.90711	0.1517137
2950	-1593.43	-1594.73	1.30088	0.1306582
2960	-1592.5	-1592.66	0.159842	0.1917419
2970	-1588.4	-1588.95	0.551204	0.1706716
2980	-1596.64	-1596.56	-0.0709405	0.2043533
2990	-1590.36	-1590.68	0.320053	0.1830748
3000	-1600.41	-1601.96	1.55076	0.1169745
3010	-1588	-1588.65	0.653783	0.1651965
3020	-1587.9	-1588.61	0.711725	0.1621093
3030	-1588.84	-1589.82	0.980154	0.1478269
3040	-1602.73	-1604.35	1.61249	0.1135127
3050	-1598.14	-1599.62	1.48226	0.1207712
3060	-1588.28	-1589.18	0.894928	0.1523617
3070	-1589.9	-1590.26	0.361603	0.1808373
3080	-1604.78	-1606.44	1.6615	0.1107311
3090	-1590.98	-1591.25	0.268066	0.1858801
3100	-1605.82	-1607.51	1.68479	0.1093973
3110	-1590.52	-1590.83	0.305962	0.1838345
3120	-1589.01	-1590.02	1.00132	0.1466999
3130	-1588.71	-1589.21	0.500348	0.1733918
3140	-1588.04	-1588.87	0.83449	0.1555764
3150	-1588.14	-1588.75	0.607701	0.1676544
3160	-1590.38	-1591.51	1.12466	0.1401207
3170	-1587.93	-1588.72	0.786506	0.158129
3180	-1588.63	-1589.14	0.512446	0.1727444
3190	-1589.85	-1590.93	1.08251	0.142372
3200	-1610.09	-1611.86	1.77085	0.104389
3210	-1605.44	-1607.11	1.6763	0.1098843
3220	-1590.28	-1591.4	1.11696	0.1405326
3230	-1588.18	-1588.78	0.598108	0.1681664
3240	-1597.94	-1597.81	-0.132667	0.2077548
3250	-1612.04	-1613.85	1.80592	0.102305
3260	-1587.93	-1588.71	0.784874	0.1582158
3270	-1588.39	-1589.31	0.914914	0.1512986
3280	-1597.54	-1599	1.46264	0.1218508
3290	-1588.53	-1589.47	0.93817	0.1500613
3300	-1596.15	-1597.56	1.41368	0.1245335
3310	-1587.91	-1588.69	0.773429	0.1588248
3320	-1596.37	-1597.79	1.42189	0.1240851
3330	-1594.02	-1594.09	0.0669851	0.196797
3340	-1600.36	-1601.91	1.54932	0.1170548
3350	-1595.06	-1596.43	1.37171	0.1268206
3360	-1588.11	-1588.97	0.855554	0.154456
3370	-1587.9	-1588.61	0.714199	0.1619776
3380	-1588.73	-1589.7	0.966584	0.1485492
3390	-1587.95	-1588.75	0.79932	0.1574472
3400	-1601.33	-1602.91	1.576	0.1155643
3410	-1591.97	-1592.17	0.195444	0.1898102
3420	-1588.92	-1589.39	0.470864	0.1749709
3430	-1588.82	-1589.31	0.484472	0.1742419
3440	-1593.28	-1594.58	1.29406	0.1310269
3450	-1589.49	-1590.54	1.05051	0.144079
3460	-1588.05	-1588.69	0.633731	0.1662657
3470	-1590.94	-1591.21	0.271615	0.1856884
3480	-1587.95	-1588.74	0.797482	0.157545
3490	-1589.05	-1590.05	1.00504	0.1465017
3500	-1592.24	-1593.48	1.24114	0.1338776
3510	-1589.63	-1590.02	0.389151	0.1793558
3520	-1598.2	-1599.68	1.48424	0.1206617
3530	-1597.22	-1598.67	1.45178	0.1224475
3540	-1587.92	-1588.61	0.695	0.1630001
3550	-1588.99	-1589.45	0.462442	0.1754223
3560	-1590.9	-1592.07	1.16125	0.1381638
3570	-1601.24	-1602.81	1.57349	0.1157046
3580	-1604.76	-1606.42	1.66108	0.1107551
3590	-1591.86	-1593.08	1.22005	0.1350114
3600	-1587.89	-1588.64	0.748619	0.1601451
3610	-1589.82	-1590.19	0.369193	0.180429
3620	-1595.54	-1596.93	1.39094	0.1257741
3630	-1587.89	-1588.63	0.736381	0.1607965
3640	-1587.93	-1588.71	0.78405	0.1582596
3650	-1589.12	-1590.13	1.01322	0.1460663
3660	-1590.39	-1590.71	0.317156	0.183231
3670	-1590.08	-1590.42	0.345231	0.1817185
3680	-1593.68	-1595	1.31288	0.13001
3690	-1587.89	-1588.63	0.735376	0.16085
3700	-1587.95	-1588.74	0.796972	0.1575722
3710	-1591.17	-1592.35	1.17882	0.1372227
3720	-1608.64	-1608.1	-0.543133	0.2307193
3730	-1588.02	-1588.67	0.644152	0.16571
3740	-1588.48	-1589.02	0.53703	0.1714293
3750	-1589.62	-1590.01	0.389372	0.179344
3760	-1588.01	-1588.83	0.824145	0.1561266
3770	-1588.04	-1588.87	0.833722	0.1556172
3780	-1591.52	-1592.72	1.20036	0.1360679
3790	-1593.13	-1594.42	1.28694	0.131411
3800	-1593.65	-1594.96	1.31116	0.1301031
3810	-1588.35	-1588.91	0.561762	0.1701074
3820	-1589.5	-1589.9	0.402256	0.1786517
3830	-1597.35	-1598.8	1.4561	0.1222101
3840	-1589.97	-1590.32	0.355257	0.1811788
3850	-1595.88	-1597.28	1.40373	0.125077
3860	-1587.98	-1588.79	0.811442	0.1568024
3870	-1588	-1588.82	0.819844	0.1563554
3880	-1595.61	-1597	1.39351	0.1256342
3890	-1588.19	-1588.78	0.596304	0.1682627
3900	-1607.69	-1609.41	1.72412	0.1071249
3910	-1588.27	-1589.16	0.891841	0.1525259
3920	-1591.61	-1591.83	0.221142	0.188418
3930	-1590	-1590.35	0.352416	0.1813317
3940	-1588.85	-1589.83	0.981474	0.1477566
3950	-1590.15	-1590.49	0.33837	0.182088
3960	-1595.73	-1595.7	-0.0255792	0.2018616
3970	-1589.52	-1589.92	0.40022	0.1787611
3980	-1590.6	-1590.9	0.299483	0.184184
3990	-1588.01	-1588.83	0.823584	0.1561565
4000	-1592.92	-1594.2	1.27652	0.1319729
4010	-1587.9	-1588.62	0.719959	0.1616708
4020	-1588.67	-1589.62	0.957632	0.1490256
4030	-1588.72	-1589.22	0.499547	0.1734347
4040	-1588.53	-1589.46	0.937409	0.1501018
4050	-1589.22	-1589.65	0.434326	0.17693
4060	-1607.38	-1609.1	1.71794	0.1074839
4070	-1603.7	-1603.33	-0.369608	0.2209344
4080	-1588.41	-1589.33	0.918796	0.151092
4090	-1593.16	-1594.45	1.28825	0.1313401
4100	-1592.11	-1593.35	1.23423	0.1342491
4110	-1589.02	-1589.48	0.457867	0.1756675
4120	-1587.9	-1588.62	0.717671	0.1617927
4130	-1593.94	-1595.27	1.32458	0.1293773
4140	-1588.32	-1589.23	0.902798	0.1519431
4150	-1587.9	-1588.67	0.763411	0.1593578
4160	-1590.62	-1590.92	0.29764	0.1842835
4170	-1588.43	-1589.35	0.922132	0.1509146
4180	-1587.91	-1588.69	0.773922	0.1587985
4190	-1607.75	-1609.48	1.7255	0.107045
4200	-1592.36	-1593.61	1.24779	0.1335201
4210	-1588.29	-1588.87	0.57254	0.1695316
4220	-1595.09	-1595.1	0.00794296	0.2000244
4230	-1587.91	-1588.61	0.703402	0.1625526
4240	-1591.17	-1592.35	1.17843	0.1372438
4250	-1595.57	-1596.97	1.39213	0.1257091
4260	-1588.05	-1588.89	0.838846	0.1553447
4270	-1591.23	-1592.42	1.18257	0.1370219
4280	-1592.7	-1593.97	1.26546	0.132569
4290	-1591.35	-1591.59	0.239855	0.1874052
4300	-1647.43	-1645.9	-1.53045	0.2888674
4310	-1589.88	-1590.24	0.364282	0.1806931
4320	-1591.34	-1592.53	1.18896	0.1366792
4330	-1587.98	-1588.79	0.812097	0.1567675
4340	-1589.75	-1590.13	0.376481	0.180037
4350	-1588.3	-1589.2	0.898474	0.1521731
4360	-1591.95	-1593.18	1.22528	0.1347301
4370	-1591.96	-1592.15	0.196216	0.1897683
4380	-1611.4	-1613.19	1.79457	0.1029826
4390	-1594.86	-1596.23	1.36387	0.1272467
4400	-1588.01	-1588.84	0.825704	0.1560437
4410	-1588.27	-1588.85	0.57718	0.1692838
4420	-1604.26	-1605.91	1.64939	0.1114217
4430	-1592.56	-1593.82	1.25816	0.1329618
4440	-1588.18	-1589.05	0.872065	0.1535778
4450	-1588.7	-1589.2	0.502616	0.1732704
4460	-1603.67	-1603.3	-0.368316	0.220862
4470	-1592.31	-1593.56	1.24509	0.1336655
4480	-1587.95	-1588.63	0.674448	0.1640951
4490	-1587.9	-1588.66	0.760532	0.1595111
4500	-1590.01	-1591.11	1.09576	0.1416649
4510	-1592.4	-1593.65	1.24988	0.1334075
4520	-1592.5	-1593.76	1.25504	0.1331297
4530	-1588.4	-1588.95	0.550812	0.1706926
4540	-1587.9	-1588.61	0.709136	0.1622472
4550	-1611.88	-1611.23	-0.64695	0.2366307
4560	-1588.83	-1589.31	0.483292	0.1743051
4570	-1587.92	-1588.61	0.696155	0.1629386
4580	-1587.98	-1588.8	0.81492	0.1566174
4590	-1592.93	-1593.07	0.132045	0.1932526
4600	-1590.65	-1591.79	1.14361	0.1391077
4610	-1591.36	-1592.55	1.19059	0.1365922
4620	-1588.07	-1588.7	0.628515	0.1665439
4630	-1588.5	-1589.43	0.933021	0.1503352
4640	-1589.22	-1590.25	1.0239	0.1454972
4650	-1590.09	-1591.19	1.10219	0.1413213
4660	-1589.98	-1590.34	0.353993	0.1812468
4670	-1587.97	-1588.64	0.663485	0.1646794
4680	-1588.4	-1589.31	0.915848	0.1512489
4690	-1588.23	-1588.82	0.586012	0.1688121
4700	-1590.27	-1591.38	1.11599	0.1405844
4710	-1588.33	-1588.89	0.565635	0.1699005
4720	-1592.23	-1592.4	0.177905	0.1907614
4730	-1587.99	-1588.65	0.654331	0.1651673
4740	-1602.14	-1603.74	1.59733	0.1143668
4750	-1589.94	-1591.03	1.0897	0.1419881
4760	-1596.02	-1595.98	-0.040619	0.202687
4770	-1590.16	-1590.5	0.337572	0.1821309
4780	-1597.48	-1598.94	1.46051	0.1219682
4790	-1596.39	-1597.81	1.42266	0.1240428
4800	-1588.44	-1588.99	0.543413	0.1710881
4810	-1596.79	-1598.23	1.43686	0.1232654
4820	-1588.51	-1589.44	0.934442	0.1502597
4830	-1588.04	-1588.68	0.638734	0.1659989
4840	-1589.44	-1590.48	1.04536	0.1443532
4850	-1589.65	-1590.04	0.386305	0.1795088
4860	-1588.87	-1589.34	0.478339	0.1745705
4870	-1589.72	-1590.79	1.07148	0.1429606
4880	-1591.48	-1592.68	1.19802	0.1361934
4890	-1590.48	-1591.61	1.13182	0.1397382
4900	-1589.98	-1591.07	1.0931	0.1418067
4910	-1604.39	-1606.04	1.6524	0.1112501
4920	-1593.38	-1594.68	1.29885	0.1307683
4930	-1588.97	-1589.96	0.995746	0.1469967
4940	-1589.33	-1589.76	0.420568	0.1776684
4950	-1589.3	-1590.33	1.03213	0.1450585
4960	-1591.93	-1592.13	0.198373	0.1896514
4970	-1592.96	-1594.24	1.27855	0.1318633
4980	-1588.47	-1589.01	0.538432	0.1713544
4990	-1604.71	-1606.37	1.6598	0.110828
5000	-1587.89	-1588.64	0.748869	0.1601318
5010	-1588.56	-1589.5	0.942306	0.1498412
5020	-1590.21	-1590.55	0.332747	0.1823908
5030	-1588.42	-1589.34	0.91934	0.1510631
5040	-1601.32	-1602.9	1.57583	0.1155739
5050	-1594.64	-1595.99	1.35455	0.127753
5060	-1588.44	-1589.37	0.924148	0.1508073
5070	-1596.67	-1598.1	1.43261	0.1234981
5080	-1590.08	-1590.43	0.344459	0.1817601
5090	-1589.72	-1590.79	1.07101	0.1429855
5100	-1588.08	-1588.7	0.626235	0.1666655
5110	-1590.6	-1590.9	0.299009	0.1842096
5120	-1593.34	-1594.64	1.29695	0.1308708
5130	-1595.87	-1597.27	1.40327	0.1251017
5140	-1596.25	-1597.67	1.41746	0.1243269
5150	-1595	-1596.37	1.3694	0.1269464
5160	-1587.91	-1588.69	0.773634	0.1588139
5170	-1593.3	-1593.41	0.109313	0.1944896
5180	-1609.68	-1609.11	-0.577252	0.2326572
5190	-1590.43	-1591.56	1.12827	0.1399281
5200	-1590.83	-1591.98	1.156	0.1384445
5210	-1598.75	-1600.25	1.50164	0.119701
5220	-1587.9	-1588.67	0.763565	0.1593497
5230	-1588.05	-1588.69	0.633763	0.166264
5240	-1591.86	-1593.08	1.21977	0.1350261
5250	-1595.38	-1596.76	1.38445	0.1261275
5260	-1599.61	-1599.4	-0.206439	0.2118369
5270	-1590.37	-1591.5	1.12401	0.1401556
5280	-1595.23	-1596.61	1.37883	0.1264335
5290	-1589.04	-1589.49	0.455989	0.1757682
5300	-1592.42	-1593.67	1.25062	0.1333679
5310	-1590.05	-1590.4	0.347751	0.1815828
5320	-1589.07	-1590.07	1.00714	0.1463899
5330	-1589.36	-1589.78	0.418084	0.1778017
5340	-1587.92	-1588.71	0.782637	0.1583348
5350	-1588.82	-1589.8	0.978391	0.1479207
5360	-1588.6	-1589.11	0.517827	0.1724565
5370	-1626.16	-1628.17	2.00329	0.08986339
5380	-1589.32	-1589.74	0.422154	0.1775832
5390	-1595.58	-1596.97	1.39216	0.1257073
5400	-1596.66	-1596.59	-0.0723561	0.2044312
5410	-1592.97	-1593.1	0.129447	0.1933939
5420	-1589.05	-1589.5	0.454824	0.1758306
5430	-1588.69	-1589.19	0.503302	0.1732337
5440	-1589.88	-1590.96	1.08486	0.1422463
5450	-1588.84	-1589.32	0.482369	0.1743546
5460	-1605.66	-1607.34	1.68126	0.1095999
5470	-1588.06	-1588.69	0.630395	0.1664436
5480	-1589.86	-1590.95	1.0836	0.1423139
5490	-1588.27	-1589.16	0.892125	0.1525108
5500	-1590.21	-1590.55	0.332814	0.1823872
5510	-1587.98	-1588.79	0.811062	0.1568225
5520	-1605.08	-1606.74	1.6682	0.1103482
5530	-1590.26	-1590.59	0.328674	0.1826102
5540	-1589.21	-1590.23	1.02224	0.1455854
5550	-1603.19	-1604.81	1.62377	0.1128753
5560	-1589.65	-1590.04	0.386236	0.1795125
5570	-1610.14	-1611.91	1.77184	0.1043306
5580	-1588.32	-1589.22	0.902363	0.1519662
5590	-1588.19	-1588.78	0.596043	0.1682766
5600	-1598.95	-1600.46	1.50774	0.1193639
5610	-1591.25	-1592.43	1.1834	0.1369773
5620	-1589.03	-1590.03	1.00286	0.1466177
5630	-1587.9	-1588.66	0.758223	0.159634
5640	-1587.89	-1588.64	0.74751	0.1602042
5650	-1589.46	-1590.51	1.04796	0.1442146
5660	-1588.22	-1589.1	0.881868	0.1530564
5670	-1587.91	-1588.69	0.773777	0.1588062
5680	-1592.21	-1593.45	1.23963	0.1339588
5690	-1588.42	-1589.34	0.920429	0.1510052
5700	-1588	-1588.82	0.819646	0.1563659
5710	-1590.64	-1590.93	0.295972	0.1843734
5720	-1599.6	-1601.13	1.52728	0.118281
5730	-1596.33	-1596.28	-0.0561049	0.2035376
5740	-1589.57	-1589.97	0.394793	0.1790527
5750	-1591.43	-1591.67	0.233762	0.1877348
5760	-1590.79	-1591.95	1.15379	0.1385632
5770	-1588.27	-1589.16	0.891551	0.1525413
5780	-1589.79	-1590.87	1.07737	0.1426465
5790	-1593.19	-1594.48	1.28969	0.1312625
5800	-1589.57	-1590.63	1.05778	0.1436911
5810	-1590.24	-1591.35	1.11391	0.1406955
5820	-1587.98	-1588.64	0.660706	0.1648275
5830	-1587.9	-1588.67	0.766521	0.1591924
5840	-1589.56	-1590.62	1.05741	0.143711
5850	-1587.9	-1588.65	0.756801	0.1597096
5860	-1588.91	-1589.38	0.472234	0.1748975
5870	-1603.3	-1604.92	1.62643	0.1127249
5880	-1595.58	-1596.97	1.39239	0.1256953
5890	-1590.04	-1590.39	0.348779	0.1815275
5900	-1618.37	-1620.27	1.90494	0.09624458
5910	-1592.69	-1593.95	1.26467	0.1326112
5920	-1589.27	-1590.29	1.02839	0.1452579
5930	-1588.17	-1588.77	0.600289	0.16805
5940	-1587.9	-1588.61	0.713249	0.1620282
5950	-1593.54	-1593.63	0.0949607	0.1952714
5960	-1602.34	-1602.02	-0.317673	0.2180282
5970	-1587.89	-1588.62	0.726094	0.1613442
5980	-1600.84	-1600.59	-0.258028	0.2147028
5990	-1592.87	-1594.15	1.27411	0.1321025
6000	-1588.55	-1589.49	0.940916	0.1499152
6010	-1592.58	-1592.74	0.154361	0.1920396
6020	-1604.82	-1606.48	1.66239	0.1106802
6030	-1596.33	-1597.75	1.42028	0.124173
6040	-1596.51	-1597.94	1.42707	0.1238015
6050	-1588.53	-1589.06	0.529187	0.1718488
6060	-1588.58	-1589.52	0.944884	0.149704
6070	-1588.55	-1589.49	0.940553	0.1499345
6080	-1588.87	-1589.85	0.983926	0.147626
6090	-1588.05	-1588.89	0.837571	0.1554125
6100	-1595.12	-1596.49	1.37406	0.1266928
6110	-1588.5	-1589.43	0.933155	0.1503281
6120	-1588.91	-1589.39	0.471813	0.1749201
6130	-1588.61	-1589.13	0.514977	0.1726089
6140	-1588.32	-1589.23	0.903097	0.1519272
6150	-1589.23	-1590.25	1.02465	0.1454573
6160	-1589.72	-1590.79	1.0715	0.1429596
6170	-1590.05	-1590.4	0.347231	0.1816108
6180	-1591.48	-1592.68	1.1979	0.1362
6190	-1588.6	-1589.12	0.516981	0.1725017
6200	-1588.06	-1588.91	0.842192	0.1551667
6210	-1590.59	-1591.72	1.13932	0.1393371
6220	-1602.28	-1603.88	1.60104	0.1141581
6230	-1588.94	-1589.41	0.468714	0.1750862
6240	-1601.63	-1603.21	1.58389	0.115122
6250	-1588.45	-1588.99	0.54186	0.1711711
6260	-1587.9	-1588.61	0.708612	0.1622751
6270	-1591.15	-1592.33	1.17725	0.137307
6280	-1587.91	-1588.68	0.773217	0.158836
6290	-1587.94	-1588.73	0.790924	0.1578939
6300	-1593.83	-1595.14	1.31928	0.1296641
6310	-1590.81	-1591.97	1.15508	0.1384939
6320	-1600.82	-1602.38	1.56215	0.1163392
6330	-1592.08	-1592.27	0.188036	0.1902119
6340	-1606	-1607.69	1.68869	0.1091731
6350	-1592.53	-1592.69	0.157522	0.1918679
6360	-1590.07	-1591.17	1.10064	0.1414043
6370	-1593.67	-1593.75	0.0874556	0.1956804
6380	-1587.96	-1588.63	0.669712	0.1643475
6390	-1588.78	-1589.76	0.973324	0.1481905
6400	-1603.76	-1605.4	1.63761	0.112091
6410	-1589.47	-1590.52	1.04841	0.1441907
6420	-1596.51	-1597.94	1.427	0.1238052
6430	-1599.53	-1601.06	1.52535	0.1183878
6440	-1619.42	-1621.33	1.91952	0.09532546
6450	-1591.74	-1592.95	1.21314	0.1353821
6460	-1604.38	-1603.98	-0.394685	0.2223413
6470	-1587.99	-1588.65	0.654328	0.1651674
6480	-1588.67	-1589.63	0.957853	0.1490139
6490	-1592.13	-1592.31	0.184774	0.1903888
6500	-1591.64	-1592.85	1.20736	0.1356922
6510	-1588.03	-1588.67	0.642413	0.1658027
6520	-1588.72	-1589.69	0.965584	0.1486025
6530	-1590.19	-1590.53	0.334659	0.1822878
6540	-1592.92	-1594.19	1.27619	0.1319907
6550	-1588.69	-1589.19	0.503988	0.173197
6560	-1593.46	-1594.76	1.30233	0.1305801
6570	-1603.95	-1605.6	1.64225	0.1118278
6580	-1588.82	-1589.31	0.48403	0.1742656
6590	-1602.81	-1604.42	1.61438	0.1134058
6600	-1600.15	-1601.7	1.54339	0.1173851
6610	-1595.05	-1596.42	1.37131	0.1268424
6620	-1588.76	-1589.26	0.492643	0.1738043
6630	-1588.32	-1589.23	0.902841	0.1519408
6640	-1591.62	-1592.83	1.2062	0.1357548
6650	-1594.21	-1595.55	1.33637	0.1287387
6660	-1588.37	-1589.28	0.910693	0.1515231
6670	-1591.68	-1592.89	1.20976	0.1355637
6680	-1587.9	-1588.67	0.763493	0.1593535
6690	-1597.31	-1598.76	1.45483	0.1222803
6700	-1597.98	-1599.45	1.47703	0.1210591
6710	-1597.26	-1597.16	-0.101021	0.2060093
6720	-1593.82	-1595.14	1.31889	0.1296849
6730	-1590.51	-1590.82	0.306598	0.1838003
6740	-1595.2	-1596.58	1.37756	0.1265026
6750	-1610.97	-1612.76	1.78696	0.103435
6760	-1588.03	-1588.86	0.830702	0.1557779
6770	-1587.93	-1588.71	0.786171	0.1581468
6780	-1592.61	-1592.76	0.152733	0.1921281
6790	-1590.18	-1590.52	0.335296	0.1822535
6800	-1595.94	-1597.34	1.40596	0.1249548
6810	-1594.97	-1594.98	0.0144217	0.1996697
6820	-1588.59	-1589.54	0.947342	0.1495733
6830	-1589.44	-1589.85	0.408853	0.1782974
6840	-1591.68	-1591.89	0.215939	0.1886997
6850	-1592.47	-1593.72	1.25331	0.1332231
6860	-1589.61	-1590	0.391012	0.1792559
6870	-1595.14	-1596.52	1.37508	0.1266372
6880	-1601.19	-1602.76	1.57212	0.1157812
6890	-1588.4	-1588.95	0.550788	0.1706939
6900	-1588.06	-1588.89	0.839825	0.1552926
6910	-1598.96	-1600.47	1.50818	0.1193393
6920	-1587.89	-1588.62	0.73142	0.1610606
6930	-1593.42	-1594.72	1.3006	0.1306736
6940	-1594.18	-1594.24	0.0579339	0.1972911
6950	-1587.89	-1588.63	0.736361	0.1607976
6960	-1594.16	-1595.49	1.334	0.1288668
6970	-1590.05	-1590.4	0.347444	0.1815993
6980	-1588.27	-1589.16	0.89145	0.1525467
6990	-1593.33	-1594.63	1.29656	0.1308918
7000	-1603.02	-1604.64	1.61956	0.1131132
7010	-1588.05	-1588.88	0.837045	0.1554404
7020	-1588.43	-1588.98	0.54523	0.170991
7030	-1588.88	-1589.87	0.985594	0.1475372
7040	-1587.9	-1588.65	0.755399	0.1597842
7050	-1594.54	-1594.58	0.0377126	0.1983958
7060	-1597.02	-1598.46	1.44479	0.1228307
7070	-1607.49	-1609.21	1.72016	0.1073553
7080	-1594.71	-1594.73	0.0285472	0.1988969
7090	-1590.35	-1590.67	0.320949	0.1830265
7100	-1598.73	-1600.23	1.50097	0.1197383
7110	-1593.77	-1595.09	1.31689	0.1297929
7120	-1589.75	-1590.83	1.07407	0.1428223
7130	-1589.89	-1590.25	0.362832	0.1807712
7140	-1603.25	-1604.88	1.62537	0.1127847
7150	-1591.72	-1592.94	1.21223	0.135431
7160	-1590.19	-1590.52	0.335176	0.18226
7170	-1587.92	-1588.62	0.690547	0.1632373
7180	-1598.97	-1600.48	1.50846	0.1193237
7190	-1589.82	-1590.9	1.07989	0.1425115
7200	-1606.32	-1608.01	1.69554	0.1087791
7210	-1587.9	-1588.66	0.761056	0.1594832
7220	-1595.42	-1595.41	-0.00961582	0.2009863
7230	-1589.95	-1590.3	0.357369	0.1810651
7240	-1588.13	-1588.99	0.860252	0.1542061
7250	-1590.16	-1591.27	1.10772	0.1410259
7260	-1592.28	-1592.45	0.174503	0.190946
7270	-1591.97	-1592.16	0.195693	0.1897967
7280	-1587.96	-1588.63	0.672148	0.1642176
7290	-1602.06	-1603.66	1.59538	0.1144768
7300	-1594.99	-1595	0.0133892	0.1997262
7310	-1603.2	-1604.82	1.62401	0.112862
7320	-1592.37	-1593.62	1.24821	0.1334975
7330	-1587.96	-1588.63	0.668523	0.1644108
7340	-1587.98	-1588.64	0.658932	0.164922
7350	-1594.5	-1594.54	0.0397473	0.1982846
7360	-1590.13	-1591.24	1.10571	0.1411332
7370	-1587.9	-1588.67	0.765298	0.1592575
7380	-1590.74	-1591.89	1.15024	0.138753
7390	-1593.07	-1594.35	1.28364	0.1315892
7400	-1590.29	-1591.41	1.11751	0.1405033
7410	-1591.44	-1591.67	0.23323	0.1877636
7420	-1597.03	-1598.48	1.4454	0.1227973
7430	-1590.7	-1591	0.290475	0.1846701
7440	-1588.74	-1589.7	0.967128	0.1485203
7450	-1592.77	-1594.04	1.2691	0.1323731
7460	-1588.29	-1588.86	0.574124	0.169447
7470	-1599.69	-1599.48	-0.209787	0.2120226
7480	-1589.79	-1590.87	1.0773	0.1426497
7490	-1588.77	-1589.26	0.491406	0.1738706
7500	-1588.29	-1589.18	0.895517	0.1523304
7510	-1589.21	-1590.23	1.02264	0.145564
7520	-1590.09	-1591.19	1.10237	0.1413118
7530	-1591.12	-1592.29	1.17518	0.1374177
7540	-1590.66	-1591.81	1.14483	0.1390424
7550	-1595.51	-1595.49	-0.0142194	0.2012386
7560	-1589.02	-1590.02	1.00213	0.1466567
7570	-1588.33	-1588.9	0.56406	0.1699846
7580	-1589.83	-1590.91	1.08103	0.1424507
7590	-1589.88	-1590.24	0.363752	0.1807217
7600	-1589.83	-1590.91	1.08098	0.1424535
7610	-1593.5	-1594.81	1.30442	0.1304672
7620	-1613.21	-1615.03	1.82569	0.1011173
7630	-1590.34	-1591.46	1.12154	0.1402878
7640	-1589.98	-1590.34	0.354157	0.181238
7650	-1589.23	-1590.26	1.0251	0.145433
7660	-1588.79	-1589.28	0.489155	0.1739911
7670	-1590.04	-1591.13	1.09793	0.1415487
7680	-1587.89	-1588.64	0.749666	0.1600894
7690	-1588.68	-1589.64	0.959198	0.1489423
7700	-1589.08	-1589.53	0.450869	0.1760427
7710	-1653.34	-1655.55	2.2162	0.07317829
7720	-1592.9	-1594.17	1.27533	0.1320369
7730	-1589.16	-1589.6	0.441208	0.1765608
7740	-1591.07	-1591.33	0.261235	0.1862492
7750	-1588.34	-1589.25	0.906619	0.1517398
7760	-1588.18	-1589.05	0.872849	0.1535361
7770	-1590.57	-1591.71	1.13847	0.1393827
7780	-1589.58	-1590.64	1.05902	0.143625
7790	-1611.53	-1610.9	-0.636121	0.2360121
7800	-1590.6	-1591.74	1.14	0.1393006
7810	-1592.1	-1592.29	0.186253	0.1903085
7820	-1588.37	-1588.93	0.556274	0.1704007
7830	-1590.42	-1591.54	1.12714	0.1399883
7840	-1588	-1588.65	0.653255	0.1652246
7850	-1588.63	-1589.59	0.953021	0.149271
7860	-1588.19	-1589.06	0.874738	0.1534356
7870	-1587.9	-1588.61	0.707815	0.1623175
7880	-1598.43	-1599.92	1.49165	0.1202532
7890	-1588.3	-1588.87	0.571624	0.1695806
7900	-1588.14	-1588.75	0.607313	0.1676751
7910	-1589.17	-1589.61	0.439604	0.1766469
7920	-1588.15	-1588.76	0.604798	0.1678093
7930	-1596.14	-1597.55	1.4135	0.1245432
7940	-1587.93	-1588.71	0.785039	0.158207
7950	-1588.86	-1589.84	0.982613	0.147696
7960	-1588.53	-1589.06	0.528197	0.1719017
7970	-1588.95	-1589.95	0.994316	0.1470729
7980	-1588.12	-1588.97	0.857062	0.1543758
7990	-1593.96	-1595.28	1.32524	0.1293414
8000	-1592.57	-1593.83	1.25858	0.1329396
8010	-1587.96	-1588.63	0.669351	0.1643667
8020	-1590.79	-1591.94	1.1536	0.138573
8030	-1587.94	-1588.73	0.792702	0.1577993
8040	-1589.72	-1590.1	0.379932	0.1798514
8050	-1588.44	-1589.36	0.922601	0.1508896
8060	-1590.34	-1591.46	1.12158	0.1402854
8070	-1595.88	-1597.29	1.4039	0.1250676
8080	-1587.96	-1588.76	0.801901	0.1573099
8090	-1587.98	-1588.64	0.659078	0.1649143
8100	-1593.47	-1594.77	1.30289	0.1305498
8110	-1594.37	-1595.72	1.34335	0.1283604
8120	-1589.22	-1590.24	1.02327	0.1455306
8130	-1589.12	-1589.56	0.445973	0.1763053
8140	-1590.44	-1591.56	1.12856	0.1399124
8150	-1588.68	-1589.18	0.505405	0.1731211
8160	-1589.05	-1590.06	1.00576	0.1464637
8170	-1588.07	-1588.92	0.844609	0.1550382
8180	-1589.14	-1590.15	1.01485	0.1459792
8190	-1587.97	-1588.64	0.663524	0.1646773
8200	-1588.03	-1588.86	0.83209	0.155704
8210	-1588.89	-1589.37	0.474441	0.1747793
8220	-1604.33	-1605.98	1.65108	0.1113255
8230	-1603.86	-1603.49	-0.37555	0.2212676
8240	-1587.92	-1588.7	0.779149	0.1585204
8250	-1595.96	-1597.37	1.40688	0.1249049
8260	-1588.87	-1589.85	0.983935	0.1476256
8270	-1603.86	-1603.48	-0.375448	0.2212618
8280	-1592.63	-1592.79	0.15108	0.1922179
8290	-1588.71	-1589.21	0.500045	0.173408
8300	-1588	-1588.65	0.651606	0.1653126
8310	-1588.96	-1589.96	0.995232	0.1470241
8320	-1591.34	-1592.52	1.18891	0.1366821
8330	-1589	-1590.01	1.00019	0.14676
8340	-1591.53	-1592.73	1.20062	0.1360541
8350	-1613.12	-1614.95	1.8243	0.1012012
8360	-1596.05	-1597.46	1.41027	0.1247195
8370	-1589.89	-1590.98	1.08617	0.1421766
8380	-1589.17	-1590.18	1.01799	0.145812
8390	-1588.04	-1588.68	0.638635	0.1660042
8400	-1590.23	-1590.56	0.330886	0.1824911
8410	-1588.59	-1589.54	0.947178	0.149582
8420	-1589.73	-1590.11	0.378199	0.1799446
8430	-1610.2	-1611.98	1.77298	0.104263
8440	-1590.32	-1591.45	1.12031	0.1403536
8450	-1593.14	-1593.26	0.119039	0.1939601
8460	-1590.73	-1591.88	1.14955	0.1387901
8470	-1607.52	-1609.24	1.72078	0.1073191
8480	-1588.17	-1588.77	0.600138	0.1680581
8490	-1592.25	-1593.49	1.24144	0.1338619
8500	-1593.13	-1594.41	1.28658	0.1314306
8510	-1588.43	-1589.36	0.92228	0.1509067
8520	-1594.68	-1596.03	1.35614	0.1276667
8530	-1600.55	-1602.1	1.55459	0.1167609
8540	-1587.9	-1588.61	0.713518	0.1620138
8550	-1587.89	-1588.63	0.738155	0.1607021
8560	-1592.06	-1593.29	1.23107	0.134419
8570	-1588.02	-1588.66	0.645356	0.1656458
8580	-1603.41	-1605.04	1.62927	0.112564
8590	-1587.91	-1588.61	0.70028	0.1627189
8600	-1588.02	-1588.66	0.645772	0.1656236
8610	-1591.99	-1593.21	1.22713	0.1346308
8620	-1590.52	-1591.65	1.13456	0.1395916
8630	-1604.28	-1603.89	-0.391217	0.2221466
8640	-1592.72	-1593.98	1.26622	0.1325277
8650	-1606.74	-1606.26	-0.478788	0.2270773
8660	-1601.52	-1603.1	1.58115	0.1152758
8670	-1593.09	-1593.22	0.122083	0.1937945
8680	-1587.99	-1588.8	0.815075	0.1566091
8690	-1591.07	-1591.33	0.261159	0.1862533
8700	-1587.9	-1588.65	0.754816	0.1598153
8710	-1590.51	-1590.82	0.306575	0.1838015
8720	-1593.16	-1594.45	1.28841	0.1313315
8730	-1589.82	-1590.9	1.07986	0.1425135
8740	-1598.79	-1600.3	1.50298	0.1196272
8750	-1588.19	-1588.79	0.594382	0.1683653
8760	-1601.58	-1603.17	1.58278	0.1151842
8770	-1597.91	-1599.38	1.47478	0.1211832
8780	-1588.04	-1588.88	0.835883	0.1555022
8790	-1588.99	-1589.99	0.998255	0.1468631
8800	-1589.7	-1590.77	1.06925	0.1430793
8810	-1587.89	-1588.62	0.729083	0.1611851
8820	-1595.17	-1596.55	1.37627	0.1265725
8830	-1589.37	-1590.41	1.03868	0.1447092
8840	-1593.53	-1593.62	0.0957515	0.1952283
8850	-1600.42	-1601.97	1.55103	0.1169592
8860	-1591.06	-1592.23	1.17148	0.1376162
8870	-1601.01	-1602.58	1.56743	0.1160436
8880	-1593.72	-1595.04	1.31465	0.1299143
8890	-1587.9	-1588.62	0.71856	0.1617454
8900	-1587.91	-1588.61	0.70202	0.1626262
8910	-1595.41	-1596.8	1.38583	0.1260523
8920	-1589.25	-1590.28	1.02721	0.1453207
8930	-1587.9	-1588.65	0.755845	0.1597605
8940	-1590.27	-1591.38	1.11602	0.1405825
8950	-1595.59	-1596.98	1.3928	0.1256727
8960	-1587.92	-1588.62	0.690744	0.1632268
8970	-1593.84	-1593.92	0.0774305	0.1962271
8980	-1588.74	-1589.71	0.96798	0.1484749
8990	-1588.88	-1589.36	0.476421	0.1746732
9000	-1598.63	-1600.12	1.49775	0.1199164
9010	-1591.99	-1592.18	0.194086	0.1898838
9020	-1589.74	-1590.81	1.07272	0.1428942
9030	-1590.12	-1591.23	1.10482	0.1411811
9040	-1587.94	-1588.62	0.680251	0.1637859
9050	-1589.99	-1590.34	0.353649	0.1812653
9060	-1593.18	-1594.47	1.28905	0.131297
9070	-1595.37	-1596.75	1.38399	0.1261524
9080	-1588.92	-1589.4	0.470471	0.174992
9090	-1590.53	-1591.66	1.13523	0.1395557
9100	-1587.92	-1588.7	0.781956	0.158371
9110	-1588.06	-1588.69	0.632204	0.1663471
9120	-1598.94	-1600.45	1.50748	0.1193783
9130	-1588.56	-1589.51	0.942917	0.1498087
9140	-1603.47	-1603.11	-0.361077	0.2204563
9150	-1600.28	-1601.82	1.54693	0.117188
9160	-1588.56	-1589.09	0.52298	0.1721808
9170	-1589.17	-1589.61	0.439457	0.1766548
9180	-1594.07	-1595.4	1.33002	0.1290824
9190	-1591.64	-1592.85	1.20749	0.1356856
9200	-1595.79	-1597.19	1.40036	0.1252607
9210	-1596.99	-1596.9	-0.0880778	0.2052964
9220	-1594.3	-1595.64	1.33998	0.1285429
9230	-1596.65	-1598.09	1.4321	0.1235262
9240	-1589.78	-1590.15	0.373916	0.180175
9250	-1589.36	-1590.4	1.03799	0.1447465
9260	-1590.64	-1590.94	0.295438	0.1844023
9270	-1591.06	-1592.23	1.17165	0.1376071
9280	-1588.33	-1589.23	0.903735	0.1518932
9290	-1590.86	-1592.02	1.15849	0.1383116
9300	-1599.99	-1599.77	-0.222508	0.2127285
9310	-1587.89	-1588.64	0.745049	0.1603351
9320	-1588.76	-1589.73	0.970012	0.1483668
9330	-1589.61	-1590	0.390667	0.1792744
9340	-1595.39	-1596.77	1.38485	0.1261059
9350	-1588.01	-1588.66	0.648094	0.1654998
9360	-1612.36	-1614.17	1.8114	0.1019767
9370	-1593.98	-1594.05	0.0692442	0.1966737
9380	-1593.52	-1594.83	1.30538	0.1304152
9390	-1589.74	-1590.12	0.377732	0.1799697
9400	-1594.46	-1595.8	1.34684	0.1281713
9410	-1596.48	-1597.9	1.42582	0.12387
9420	-1591.89	-1592.09	0.201159	0.1895004
9430	-1590.61	-1590.91	0.29807	0.1842603
9440	-1588.19	-1588.79	0.594321	0.1683686
9450	-1589.09	-1589.54	0.449669	0.176107
9460	-1591.5	-1591.73	0.22917	0.1879833
9470	-1587.95	-1588.76	0.800994	0.1573582
9480	-1589.24	-1589.67	0.431973	0.1770562
9490	-1587.92	-1588.61	0.69678	0.1629053
9500	-1596.52	-1597.95	1.42743	0.1237817
9510	-1593.76	-1595.08	1.31642	0.1298186
9520	-1588.67	-1589.63	0.958567	0.1489759
9530	-1589.17	-1589.61	0.439129	0.1766723
9540	-1588.07	-1588.7	0.627585	0.1665935
9550	-1593.72	-1593.8	0.0844927	0.195842
9560	-1593.21	-1594.5	1.29061	0.1312131
9570	-1595.25	-1596.63	1.37938	0.1264035
9580	-1588.96	-1589.42	0.466312	0.1752149
9590	-1589.98	-1591.07	1.09321	0.1418009
9600	-1588.03	-1588.87	0.83324	0.1556428
9610	-1590.71	-1591.86	1.14796	0.1388752
9620	-1591.79	-1592	0.208121	0.1891232
9630	-1588.59	-1589.54	0.947224	0.1495796
9640	-1589.69	-1590.76	1.06861	0.1431137
9650	-1589.14	-1590.16	1.01523	0.1459588
9660	-1594.09	-1595.42	1.33103	0.1290277
9670	-1596.97	-1598.41	1.44304	0.122927
9680	-1604.75	-1606.41	1.6608	0.1107711
9690	-1598.47	-1599.96	1.49289	0.1201845
9700	-1589.51	-1589.91	0.401024	0.1787179
9710	-1587.98	-1588.79	0.812899	0.1567248
9720	-1590.95	-1592.11	1.16404	0.1380143
9730	-1588.3	-1588.87	0.570362	0.169648
9740	-1589.01	-1590.02	1.00133	0.1466995
9750	-1588.17	-1589.04	0.870249	0.1536744
9760	-1600.89	-1600.63	-0.260055	0.2148156
9770	-1590.81	-1591.96	1.15469	0.138515
9780	-1587.95	-1588.62	0.677317	0.1639422
9790	-1589.29	-1590.32	1.03052	0.1451445
9800	-1610.02	-1611.79	1.76955	0.1044658
9810	-1588.53	-1589.05	0.529344	0.1718404
9820	-1590.32	-1591.44	1.11976	0.1403827
9830	-1597.32	-1598.78	1.45526	0.1222564
9840	-1587.9	-1588.62	0.717422	0.161806
9850	-1592.19	-1593.43	1.23848	0.1340208
9860	-1587.91	-1588.68	0.770149	0.1589993
9870	-1588.2	-1589.08	0.878195	0.1532517
9880	-1590.75	-1591.9	1.15097	0.138714
9890	-1588.2	-1589.08	0.87745	0.1532914
9900	-1597.17	-1598.62	1.45019	0.1225348
9910	-1588.92	-1589.91	0.990032	0.147301
9920	-1588.14	-1589	0.863377	0.1540399
9930	-1590.04	-1591.13	1.09794	0.1415485
9940	-1605.59	-1607.27	1.67971	0.1096888
9950	-1601.61	-1603.19	1.58335	0.115152
9960	-1591.9	-1593.12	1.22218	0.1348969
9970	-1589.88	-1590.97	1.08527	0.1422247
9980	-1590.9	-1592.06	1.16067	0.138195
9990	-1603.03	-1604.65	1.61984	0.1130974
10000	-1589.16	-1590.18	1.01773	0.1458256
