Iteration	Posterior	Likelihood	Prior	birth_rate
0	-1597.45	-1598.91	1.45961	0.1220177
10	-1603.66	-1605.3	1.63529	0.1122225
20	-1612.33	-1614.14	1.81087	0.1020088
30	-1587.9	-1588.61	0.716228	0.1618695
40	-1587.94	-1588.74	0.794754	0.1576901
50	-1587.89	-1588.62	0.727613	0.1612633
60	-1593.1	-1593.22	0.121941	0.1938022
70	-1607.63	-1609.35	1.7229	0.107196
80	-1597.15	-1597.05	-0.0957125	0.2057169
90	-1594.29	-1595.63	1.3397	0.1285584
100	-1616.33	-1618.2	1.87518	0.09809766
110	-1593.42	-1593.52	0.10199	0.1948884
120	-1590.64	-1590.94	0.295792	0.1843832
130	-1587.89	-1588.65	0.751249	0.1600051
140	-1589.48	-1590.53	1.04973	0.1441206
150	-1589.92	-1591.01	1.08823	0.1420666
160	-1607.62	-1609.35	1.72289	0.1071966
170	-1588.24	-1588.82	0.584112	0.1689136
180	-1587.89	-1588.62	0.725145	0.1613948
190	-1591.73	-1592.94	1.21266	0.1354078
200	-1596.58	-1598.01	1.42963	0.1236616
210	-1591.17	-1592.34	1.17826	0.1372525
220	-1594.15	-1595.49	1.33384	0.1288757
230	-1593.26	-1594.55	1.29281	0.1310942
240	-1601.16	-1602.73	1.57128	0.1158284
250	-1588.38	-1589.29	0.913373	0.1513806
260	-1588.05	-1588.89	0.838023	0.1553884
270	-1591.74	-1592.96	1.21328	0.1353748
280	-1593.56	-1593.65	0.0937017	0.19534
290	-1589.07	-1589.52	0.451466	0.1760107
300	-1590.05	-1591.14	1.09867	0.1415092
310	-1587.93	-1588.62	0.685505	0.1635059
320	-1588.76	-1589.73	0.970802	0.1483247
330	-1587.95	-1588.75	0.799641	0.1574302
340	-1606.69	-1608.39	1.7034	0.1083255
350	-1587.91	-1588.61	0.701431	0.1626575
360	-1588.19	-1589.07	0.876189	0.1533584
370	-1588.56	-1589.51	0.942843	0.1498126
380	-1588.16	-1588.76	0.602492	0.1679324
390	-1588.76	-1589.74	0.970885	0.1483203
400	-1588.46	-1589.39	0.926871	0.1506625
410	-1590.55	-1591.69	1.13676	0.1394741
420	-1589.18	-1589.62	0.43811	0.176727
430	-1653.07	-1655.29	2.21486	0.07331115
440	-1588.72	-1589.69	0.96553	0.1486053
450	-1589.24	-1589.67	0.431911	0.1770596
460	-1590.59	-1590.89	0.3	0.1841562
470	-1595.59	-1596.98	1.39268	0.125679
480	-1588.79	-1589.77	0.974409	0.1481327
490	-1590.61	-1591.75	1.14079	0.1392584
500	-1592.93	-1594.2	1.27667	0.131965
510	-1595.33	-1596.71	1.38247	0.1262352
520	-1623.79	-1625.77	1.97571	0.09170006
530	-1587.89	-1588.62	0.731835	0.1610385
540	-1595.59	-1595.57	-0.0182549	0.2014599
550	-1590.19	-1590.52	0.334948	0.1822723
560	-1591.91	-1592.11	0.199434	0.1895939
570	-1602.63	-1604.24	1.60986	0.1136611
580	-1592.16	-1592.34	0.182495	0.1905124
590	-1590.56	-1591.7	1.13749	0.1394348
600	-1590.83	-1591.98	1.15601	0.1384442
610	-1591.15	-1591.41	0.255023	0.186585
620	-1588.78	-1589.27	0.489665	0.1739638
630	-1604.95	-1604.54	-0.415562	0.2235143
640	-1588.36	-1589.27	0.909156	0.1516049
650	-1587.91	-1588.61	0.704979	0.1624686
660	-1587.99	-1588.81	0.818331	0.1564359
670	-1589.55	-1589.95	0.396937	0.1789375
680	-1588.38	-1589.29	0.91248	0.1514281
690	-1592.09	-1593.32	1.23295	0.1343183
700	-1589.25	-1589.68	0.430613	0.1771292
710	-1603.86	-1603.49	-0.375682	0.221275
720	-1589.64	-1590.03	0.387833	0.1794267
730	-1613.84	-1615.67	1.83613	0.1004864
740	-1589.97	-1590.33	0.35507	0.1811888
750	-1603.12	-1604.74	1.62208	0.1129711
760	-1589.87	-1590.95	1.0842	0.1422815
770	-1592.72	-1593.98	1.2662	0.1325288
780	-1593.63	-1594.94	1.31034	0.1301472
790	-1588.97	-1589.43	0.464728	0.1752997
800	-1588.27	-1588.85	0.576427	0.169324
810	-1589.34	-1589.76	0.420072	0.177695
820	-1590.4	-1590.72	0.316218	0.1832816
830	-1592.14	-1593.37	1.23542	0.1341851
840	-1593.59	-1594.9	1.30865	0.1302385
850	-1590.3	-1590.62	0.325271	0.1827936
860	-1589.65	-1590.71	1.06512	0.1432997
870	-1591.01	-1592.18	1.16832	0.1377852
880	-1629.09	-1631.13	2.03488	0.08770435
890	-1589.48	-1590.52	1.04902	0.1441582
900	-1588.52	-1589.46	0.936428	0.150154
910	-1591.83	-1593.05	1.21822	0.1351094
920	-1587.91	-1588.61	0.700505	0.1627069
930	-1593.13	-1593.25	0.119793	0.1939191
940	-1587.99	-1588.81	0.81708	0.1565024
950	-1594.35	-1595.7	1.34245	0.128409
960	-1590.22	-1590.55	0.332393	0.1824099
970	-1587.91	-1588.61	0.705888	0.1624202
980	-1598.27	-1599.75	1.48642	0.1205418
990	-1588.73	-1589.22	0.498001	0.1735175
1000	-1615.68	-1617.55	1.86535	0.09870306
1010	-1587.94	-1588.74	0.795366	0.1576576
1020	-1590.48	-1590.79	0.308991	0.1836712
1030	-1592.29	-1592.46	0.173815	0.1909834
1040	-1591.78	-1593	1.21548	0.1352566
1050	-1591.88	-1593.1	1.22092	0.1349647
1060	-1596.96	-1598.4	1.44293	0.1229332
1070	-1588.29	-1588.86	0.573938	0.169457
1080	-1591.81	-1592.02	0.20647	0.1892126
1090	-1590.8	-1591.95	1.15418	0.1385424
1100	-1588.43	-1589.35	0.921832	0.1509306
1110	-1588.92	-1589.91	0.990469	0.1472777
1120	-1590.06	-1590.41	0.346465	0.1816521
1130	-1587.95	-1588.63	0.674995	0.1640659
1140	-1593.08	-1593.21	0.122698	0.1937611
1150	-1587.9	-1588.62	0.722511	0.161535
1160	-1590.62	-1590.92	0.297339	0.1842997
1170	-1588.19	-1588.78	0.596421	0.1682565
1180	-1595.64	-1597.03	1.39456	0.1255767
1190	-1588.28	-1588.86	0.574661	0.1694183
1200	-1591.58	-1592.79	1.2039	0.1358783
1210	-1590.05	-1591.15	1.09904	0.1414894
1220	-1588.43	-1589.35	0.922085	0.1509171
1230	-1588.36	-1588.92	0.559891	0.1702074
1240	-1588.22	-1588.81	0.587563	0.1687294
1250	-1591.74	-1591.95	0.21156	0.1889369
1260	-1589	-1589.46	0.460324	0.1755358
1270	-1602.43	-1604.03	1.60478	0.1139476
1280	-1589.07	-1589.52	0.452333	0.1759642
1290	-1588.61	-1589.56	0.949522	0.1494572
1300	-1605.16	-1606.83	1.67009	0.1102401
1310	-1588.2	-1588.79	0.593322	0.1684219
1320	-1595.16	-1596.54	1.37591	0.1265922
1330	-1590.51	-1591.65	1.13427	0.1396071
1340	-1594.22	-1594.28	0.0554798	0.1974251
1350	-1588.39	-1589.31	0.915048	0.1512914
1360	-1589.72	-1590.1	0.379845	0.1798561
1370	-1588.16	-1588.76	0.602935	0.1679088
1380	-1598.42	-1599.91	1.49114	0.1202809
1390	-1589.18	-1589.62	0.438072	0.1767291
1400	-1588.41	-1589.33	0.918038	0.1511324
1410	-1588.13	-1588.74	0.610427	0.1675089
1420	-1589.7	-1590.77	1.06931	0.1430763
1430	-1606.11	-1605.65	-0.456711	0.2258314
1440	-1588.29	-1589.19	0.896242	0.1522918
1450	-1588.35	-1588.91	0.560565	0.1701714
1460	-1589.64	-1590.03	0.387564	0.1794412
1470	-1588.8	-1589.29	0.487557	0.1740767
1480	-1588.59	-1589.54	0.946648	0.1496102
1490	-1598.38	-1598.23	-0.15266	0.2088592
1500	-1602.85	-1604.46	1.61536	0.1133506
1510	-1588.06	-1588.9	0.839847	0.1552914
1520	-1589.16	-1590.17	1.01687	0.1458715
1530	-1611.23	-1613.02	1.79166	0.103156
1540	-1590.12	-1590.46	0.341487	0.1819201
1550	-1587.92	-1588.61	0.697768	0.1628527
1560	-1588.51	-1589.05	0.531302	0.1717357
1570	-1588.98	-1589.44	0.463593	0.1753606
1580	-1589.74	-1590.81	1.07282	0.1428891
1590	-1590.47	-1590.78	0.310056	0.1836138
1600	-1597.7	-1599.17	1.4679	0.1215616
1610	-1589.88	-1590.24	0.364107	0.1807026
1620	-1591.88	-1592.08	0.201935	0.1894583
1630	-1608.74	-1610.48	1.74507	0.1059035
1640	-1592.46	-1593.71	1.25292	0.1332443
1650	-1588.74	-1589.71	0.968037	0.1484719
1660	-1606.9	-1608.61	1.70789	0.1080657
1670	-1588.47	-1589.4	0.928517	0.1505749
1680	-1587.94	-1588.73	0.793826	0.1577395
1690	-1588.82	-1589.79	0.977585	0.1479636
1700	-1589.75	-1590.82	1.07377	0.1428384
1710	-1596.63	-1598.06	1.43109	0.1235813
1720	-1587.94	-1588.73	0.79171	0.1578521
1730	-1588.77	-1589.26	0.49206	0.1738356
1740	-1594.48	-1595.83	1.34797	0.1281096
1750	-1605.76	-1607.44	1.68345	0.1094744
1760	-1610.31	-1609.71	-0.597458	0.2338071
1770	-1589.09	-1589.54	0.449631	0.1761091
1780	-1589.83	-1590.2	0.368439	0.1804695
1790	-1588.42	-1589.34	0.91958	0.1510504
1800	-1588.04	-1588.68	0.63693	0.1660951
1810	-1587.9	-1588.62	0.719271	0.1617075
1820	-1603.88	-1605.52	1.64056	0.1119234
1830	-1595.3	-1596.68	1.38148	0.1262891
1840	-1597.82	-1599.29	1.4718	0.1213473
1850	-1589.94	-1590.3	0.358165	0.1810223
1860	-1609.98	-1611.75	1.76877	0.1045114
1870	-1590.82	-1591.1	0.281035	0.1851797
1880	-1604.98	-1606.65	1.66608	0.1104694
1890	-1629.47	-1628.35	-1.1271	0.2645712
1900	-1588.49	-1589.02	0.535782	0.1714961
1910	-1587.94	-1588.73	0.791342	0.1578717
1920	-1606.75	-1608.46	1.70479	0.1082453
1930	-1587.9	-1588.65	0.752522	0.1599374
1940	-1588.23	-1588.81	0.587224	0.1687475
1950	-1594.56	-1594.6	0.0365808	0.1984576
1960	-1593.75	-1595.07	1.31596	0.1298431
1970	-1596.75	-1598.18	1.43547	0.1233418
1980	-1603.28	-1602.93	-0.353818	0.2200497
1990	-1606.85	-1608.56	1.70687	0.1081251
2000	-1588.01	-1588.66	0.649612	0.1654189
2010	-1590.08	-1591.18	1.10101	0.1413845
2020	-1592.14	-1593.38	1.23581	0.1341644
2030	-1601.29	-1601.02	-0.27624	0.2157168
2040	-1591.27	-1592.45	1.18454	0.1369164
2050	-1608.72	-1610.46	1.7447	0.1059252
2060	-1604.1	-1605.74	1.64558	0.1116385
2070	-1588.81	-1589.78	0.976344	0.1480297
2080	-1603.93	-1605.57	1.64156	0.1118667
2090	-1596.44	-1596.38	-0.061309	0.2038237
2100	-1588.51	-1589.45	0.93531	0.1502135
2110	-1597.06	-1598.5	1.44624	0.1227513
2120	-1588.01	-1588.84	0.826184	0.1560182
2130	-1588.31	-1588.88	0.569851	0.1696753
2140	-1597.48	-1598.94	1.46055	0.1219661
2150	-1597.83	-1599.3	1.47227	0.1213213
2160	-1588.06	-1588.69	0.630953	0.1664139
2170	-1589.14	-1589.59	0.442881	0.1764711
2180	-1588.09	-1588.71	0.621913	0.1668961
2190	-1596.24	-1597.66	1.41722	0.1243401
2200	-1601.65	-1601.36	-0.290558	0.2165148
2210	-1596.15	-1597.56	1.41371	0.1245317
2220	-1588.38	-1589.29	0.912561	0.1514238
2230	-1588.44	-1588.99	0.543639	0.171076
2240	-1587.9	-1588.61	0.710197	0.1621907
2250	-1587.89	-1588.63	0.733038	0.1609745
2260	-1593.74	-1595.06	1.31554	0.1298663
2270	-1589.09	-1590.1	1.00956	0.1462611
2280	-1591.81	-1593.02	1.2169	0.1351805
2290	-1602.97	-1602.63	-0.342096	0.2193936
2300	-1588.55	-1589.49	0.941318	0.1498938
2310	-1588.52	-1589.46	0.936202	0.150166
2320	-1590.01	-1590.36	0.351285	0.1813926
2330	-1597.69	-1599.16	1.46758	0.1215792
2340	-1588.44	-1588.98	0.545009	0.1710028
2350	-1613.38	-1615.21	1.82861	0.1009409
2360	-1587.97	-1588.64	0.663437	0.1646819
2370	-1593.12	-1593.24	0.120669	0.1938714
2380	-1587.95	-1588.76	0.800948	0.1573606
2390	-1620.25	-1622.18	1.93078	0.09460984
2400	-1596.78	-1598.21	1.43647	0.1232869
2410	-1592.26	-1592.43	0.175908	0.1908698
2420	-1640.11	-1642.25	2.13301	0.0804646
2430	-1595.22	-1595.22	0.000877867	0.2004113
2440	-1589.86	-1590.94	1.08317	0.1423368
2450	-1608.93	-1610.68	1.74887	0.1056811
2460	-1587.9	-1588.62	0.721128	0.1616086
2470	-1589.55	-1590.61	1.05618	0.1437765
2480	-1591.31	-1592.5	1.18733	0.1367665
2490	-1588.67	-1589.17	0.506798	0.1730466
2500	-1595.35	-1596.74	1.38345	0.1261819
2510	-1597.1	-1597.01	-0.093346	0.2055865
2520	-1588.14	-1588.75	0.608909	0.16759
2530	-1587.91	-1588.68	0.771863	0.1589081
2540	-1587.91	-1588.61	0.702394	0.1626063
2550	-1592.09	-1593.32	1.23282	0.1343253
2560	-1587.89	-1588.62	0.731898	0.1610352
2570	-1596.52	-1597.95	1.42736	0.1237858
2580	-1590.64	-1590.93	0.296053	0.1843691
2590	-1595.72	-1597.12	1.39787	0.1253965
2600	-1589.63	-1590.02	0.388826	0.1793734
2610	-1601.83	-1603.42	1.58923	0.1148223
2620	-1590.97	-1591.24	0.268934	0.1858332
2630	-1591.3	-1591.55	0.243415	0.1872126
2640	-1588.36	-1588.92	0.559876	0.1702082
2650	-1588.59	-1589.54	0.947399	0.1495702
2660	-1588.02	-1588.85	0.827802	0.1559321
2670	-1598.05	-1599.53	1.47932	0.1209331
2680	-1588.1	-1588.72	0.620442	0.1669746
2690	-1587.9	-1588.62	0.721813	0.1615721
2700	-1587.89	-1588.64	0.750116	0.1600654
2710	-1597.3	-1598.75	1.45456	0.1222947
2720	-1597.33	-1598.79	1.45558	0.1222391
2730	-1588.02	-1588.84	0.826544	0.155999
2740	-1587.93	-1588.62	0.688033	0.1633712
2750	-1593.55	-1594.86	1.30659	0.1303499
2760	-1589.18	-1590.2	1.01943	0.1457352
2770	-1598.55	-1600.04	1.49534	0.1200495
2780	-1590.94	-1592.1	1.16358	0.1380389
2790	-1587.97	-1588.63	0.666923	0.1644961
2800	-1590.27	-1591.39	1.11619	0.1405737
2810	-1587.99	-1588.81	0.817785	0.1564649
2820	-1590.49	-1591.62	1.1322	0.1397177
2830	-1622.16	-1621.22	-0.941062	0.2536243
2840	-1588.18	-1589.06	0.873958	0.1534771
2850	-1610.16	-1611.93	1.77217	0.104311
2860	-1636.14	-1634.86	-1.28447	0.2739572
2870	-1592	-1593.22	1.22775	0.1345976
2880	-1590.81	-1591.96	1.15456	0.1385216
2890	-1587.89	-1588.62	0.728894	0.1611951
2900	-1598.96	-1600.47	1.50802	0.1193484
2910	-1588.36	-1589.27	0.909865	0.1515671
2920	-1592.97	-1594.25	1.27893	0.1318429
2930	-1600.26	-1601.81	1.54652	0.1172107
2940	-1588.79	-1589.28	0.488867	0.1740065
2950	-1589.22	-1590.25	1.02413	0.145485
2960	-1588.48	-1589.41	0.929664	0.1505138
2970	-1595.05	-1595.06	0.00997498	0.1999131
2980	-1588.15	-1588.76	0.604477	0.1678264
2990	-1591.57	-1592.78	1.20339	0.1359054
3000	-1592.11	-1593.35	1.23412	0.134255
3010	-1604.57	-1606.23	1.65677	0.1110013
3020	-1589.73	-1590.8	1.07185	0.1429407
3030	-1593.38	-1594.68	1.2989	0.1307654
3040	-1588.07	-1588.7	0.62746	0.1666002
3050	-1588.65	-1589.61	0.955723	0.1491273
3060	-1600.93	-1600.67	-0.261501	0.2148961
3070	-1592.26	-1592.44	0.175543	0.1908896
3080	-1590.73	-1591.88	1.14971	0.1387811
3090	-1595.79	-1597.19	1.40023	0.1252674
3100	-1589.88	-1590.97	1.08543	0.1422162
3110	-1592.33	-1592.5	0.171121	0.1911295
3120	-1588.98	-1589.98	0.997447	0.1469061
3130	-1598	-1599.48	1.4778	0.1210167
3140	-1616.44	-1615.65	-0.783085	0.2444502
3150	-1593.01	-1594.29	1.28094	0.1317346
3160	-1588.88	-1589.36	0.476237	0.174683
3170	-1587.94	-1588.73	0.790401	0.1579217
3180	-1588.97	-1589.96	0.995618	0.1470035
3190	-1589.7	-1590.77	1.06995	0.1430421
3200	-1595.21	-1596.59	1.378	0.1264783
3210	-1595.41	-1596.79	1.38568	0.1260607
3220	-1588.35	-1588.91	0.560625	0.1701682
3230	-1589.72	-1590.79	1.07163	0.1429525
3240	-1589.36	-1590.39	1.03761	0.1447665
3250	-1592.61	-1592.76	0.152653	0.1921324
3260	-1591.91	-1592.11	0.199486	0.1895911
3270	-1594.06	-1594.12	0.0646751	0.1969231
3280	-1590.67	-1590.96	0.293578	0.1845026
3290	-1589.99	-1591.09	1.09434	0.1417404
3300	-1589.66	-1590.73	1.0664	0.1432313
3310	-1588.04	-1588.88	0.836554	0.1554666
3320	-1588.58	-1589.53	0.94576	0.1496574
3330	-1589.15	-1590.17	1.01647	0.1458928
3340	-1592	-1593.22	1.22774	0.1345981
3350	-1593.15	-1594.44	1.28762	0.1313742
3360	-1588.64	-1589.15	0.510888	0.1728278
3370	-1588.5	-1589.44	0.933825	0.1502925
3380	-1588.55	-1589.49	0.941328	0.1498932
3390	-1590.99	-1592.16	1.1672	0.1378452
3400	-1598.67	-1598.5	-0.165487	0.2095685
3410	-1588.31	-1588.88	0.569037	0.1697188
3420	-1588.65	-1589.6	0.955331	0.1491481
3430	-1607.82	-1609.55	1.72687	0.1069651
3440	-1590.43	-1591.56	1.12825	0.1399289
3450	-1609.73	-1611.5	1.76421	0.1047806
3460	-1591.35	-1592.54	1.18952	0.1366491
3470	-1588.27	-1589.16	0.892043	0.1525152
3480	-1589.89	-1590.26	0.362604	0.1807834
3490	-1588.71	-1589.68	0.964183	0.148677
3500	-1618.47	-1620.37	1.90636	0.09615544
3510	-1587.89	-1588.62	0.725366	0.161383
3520	-1588.29	-1588.86	0.573562	0.169477
3530	-1589.45	-1590.49	1.04621	0.1443082
3540	-1588.02	-1588.67	0.643416	0.1657492
3550	-1589.02	-1589.48	0.458515	0.1756328
3560	-1589.23	-1590.25	1.02449	0.1454656
3570	-1588.12	-1588.97	0.857354	0.1543602
3580	-1588.14	-1589	0.862578	0.1540824
3590	-1592.21	-1593.45	1.23931	0.133976
3600	-1588.9	-1589.88	0.987327	0.147445
3610	-1614.6	-1616.45	1.84836	0.0997431
3620	-1595.07	-1596.44	1.37233	0.1267871
3630	-1591.62	-1592.83	1.20622	0.1357537
3640	-1589.14	-1590.16	1.01553	0.145943
3650	-1593.54	-1593.63	0.095203	0.1952582
3660	-1602.05	-1603.65	1.59506	0.1144946
3670	-1591.75	-1592.96	1.21349	0.1353632
3680	-1593.54	-1594.84	1.30598	0.1303829
3690	-1595.77	-1597.16	1.39943	0.1253112
3700	-1587.91	-1588.68	0.772425	0.1588782
3710	-1588.48	-1589.41	0.930346	0.1504776
3720	-1590.56	-1590.86	0.302779	0.1840062
3730	-1587.89	-1588.64	0.749315	0.1601081
3740	-1593.63	-1594.94	1.31053	0.1301372
3750	-1611.79	-1613.59	1.80147	0.1025712
3760	-1594.95	-1596.32	1.3673	0.1270602
3770	-1588.31	-1589.21	0.900542	0.1520631
3780	-1589.09	-1590.1	1.01024	0.1462249
3790	-1594.21	-1595.55	1.33626	0.1287444
3800	-1588.47	-1589.4	0.928154	0.1505942
3810	-1587.89	-1588.63	0.742727	0.1604587
3820	-1596.44	-1597.87	1.42454	0.1239397
3830	-1588.08	-1588.71	0.623971	0.1667863
3840	-1588.36	-1588.92	0.559194	0.1702447
3850	-1588.27	-1588.85	0.577525	0.1692654
3860	-1598.18	-1598.04	-0.143644	0.208361
3870	-1591.59	-1592.79	1.20414	0.1358654
3880	-1588.08	-1588.93	0.847738	0.1548717
3890	-1593.03	-1594.31	1.28164	0.1316968
3900	-1599.62	-1601.15	1.52788	0.1182477
3910	-1587.91	-1588.68	0.772942	0.1588507
3920	-1587.99	-1588.8	0.815753	0.156573
3930	-1588.6	-1589.12	0.51654	0.1725253
3940	-1589.78	-1590.86	1.07662	0.1426861
3950	-1588.14	-1589	0.863315	0.1540432
3960	-1590.69	-1590.98	0.291501	0.1846147
3970	-1593.74	-1595.05	1.3152	0.1298846
3980	-1588.13	-1588.99	0.860809	0.1541765
3990	-1621.79	-1623.74	1.95095	0.09331466
4000	-1592.4	-1593.65	1.24954	0.1334258
4010	-1591.83	-1592.04	0.205032	0.1892905
4020	-1589.36	-1590.4	1.03828	0.1447306
4030	-1615.48	-1617.34	1.86221	0.0988958
4040	-1589.21	-1589.64	0.435506	0.1768667
4050	-1588.5	-1589.03	0.534383	0.1715709
4060	-1588.91	-1589.9	0.989118	0.1473496
4070	-1590.98	-1592.14	1.16605	0.1379067
4080	-1588.09	-1588.71	0.623216	0.1668266
4090	-1603.58	-1605.21	1.63331	0.1123353
4100	-1598.52	-1598.36	-0.158731	0.2091949
4110	-1591.91	-1593.14	1.22313	0.1348458
4120	-1597.71	-1597.59	-0.122075	0.2071702
4130	-1588.14	-1589.01	0.864134	0.1539996
4140	-1587.91	-1588.68	0.769394	0.1590395
4150	-1587.92	-1588.61	0.692244	0.1631469
4160	-1597.89	-1599.36	1.47413	0.1212188
4170	-1597.45	-1598.91	1.45967	0.1220139
4180	-1594.57	-1595.92	1.35149	0.127919
4190	-1590.81	-1591.1	0.281548	0.185152
4200	-1589.38	-1590.42	1.03964	0.1446585
4210	-1592.23	-1592.41	0.177852	0.1907643
4220	-1589.53	-1590.58	1.05384	0.1439015
4230	-1590.16	-1591.27	1.10779	0.1410221
4240	-1587.92	-1588.71	0.783257	0.1583018
4250	-1597.97	-1597.83	-0.133776	0.207816
4260	-1588.02	-1588.67	0.643483	0.1657457
4270	-1596.43	-1597.86	1.42421	0.1239578
4280	-1590.45	-1590.76	0.311936	0.1835124
4290	-1604.68	-1604.28	-0.405762	0.2229635
4300	-1590.2	-1590.53	0.334251	0.1823098
4310	-1588.06	-1588.91	0.842507	0.1551499
4320	-1588.53	-1589.47	0.937954	0.1500728
4330	-1599.45	-1599.25	-0.199783	0.2114678
4340	-1595.43	-1596.82	1.38652	0.1260149
4350	-1587.92	-1588.7	0.778107	0.1585758
4360	-1588.26	-1589.15	0.889589	0.1526457
4370	-1590.02	-1590.37	0.350808	0.1814183
4380	-1637.01	-1639.11	2.10834	0.08238029
4390	-1595.79	-1595.76	-0.0288207	0.2020394
4400	-1607.51	-1609.23	1.72057	0.1073313
4410	-1594.48	-1595.82	1.34775	0.1281219
4420	-1587.92	-1588.7	0.780248	0.1584619
4430	-1588.28	-1588.86	0.574859	0.1694078
4440	-1589.69	-1590.07	0.383061	0.1796832
4450	-1609.29	-1611.05	1.75583	0.1052729
4460	-1587.94	-1588.73	0.792117	0.1578304
4470	-1612.1	-1613.91	1.80697	0.1022423
4480	-1592.9	-1594.17	1.27521	0.1320436
4490	-1595.52	-1596.92	1.3902	0.1258145
4500	-1588.42	-1589.34	0.919889	0.1510339
4510	-1617.84	-1617.01	-0.822935	0.2467541
4520	-1588.11	-1588.97	0.856566	0.1544022
4530	-1590.64	-1591.78	1.14312	0.1391339
4540	-1602.35	-1603.95	1.6027	0.1140649
4550	-1618.07	-1617.24	-0.829446	0.2471311
4560	-1589.3	-1589.72	0.424943	0.1774336
4570	-1588.55	-1589.49	0.940695	0.1499269
4580	-1588.27	-1588.84	0.578366	0.1692205
4590	-1589.49	-1589.89	0.404013	0.1785574
4600	-1587.9	-1588.61	0.717012	0.1618278
4610	-1587.91	-1588.61	0.706496	0.1623878
4620	-1588	-1588.82	0.819968	0.1563488
4630	-1588.11	-1588.96	0.855067	0.1544819
4640	-1588.25	-1589.14	0.887836	0.1527389
4650	-1593.97	-1595.3	1.32579	0.1293115
4660	-1589.35	-1590.39	1.03718	0.1447895
4670	-1590.92	-1592.09	1.16256	0.1380938
4680	-1588.81	-1589.79	0.976603	0.1480159
4690	-1589.63	-1590.69	1.06293	0.1434167
4700	-1611.57	-1613.37	1.79769	0.1027967
4710	-1592.97	-1594.24	1.27865	0.1318582
4720	-1587.94	-1588.62	0.681351	0.1637273
4730	-1588.82	-1589.8	0.9783	0.1479256
4740	-1587.91	-1588.61	0.703701	0.1625367
4750	-1588.1	-1588.95	0.852428	0.1546223
4760	-1587.9	-1588.61	0.711586	0.1621167
4770	-1588.52	-1589.05	0.530679	0.171769
4780	-1590.64	-1591.78	1.14282	0.1391499
4790	-1604.86	-1606.52	1.66332	0.1106271
4800	-1588.34	-1589.24	0.90525	0.1518127
4810	-1588.91	-1589.9	0.988628	0.1473757
4820	-1594.52	-1595.87	1.34963	0.1280195
4830	-1588.54	-1589.48	0.939526	0.1499892
4840	-1587.89	-1588.63	0.738976	0.1606584
4850	-1589.2	-1590.22	1.02167	0.1456159
4860	-1602.61	-1604.22	1.60944	0.113685
4870	-1594.74	-1596.1	1.35895	0.1275142
4880	-1590.86	-1591.14	0.278089	0.1853388
4890	-1588.57	-1589.51	0.94384	0.1497596
4900	-1587.98	-1588.64	0.659877	0.1648717
4910	-1603.71	-1605.35	1.6365	0.1121543
4920	-1605.13	-1606.8	1.66955	0.1102712
4930	-1598.28	-1599.76	1.48669	0.120527
4940	-1615.54	-1617.41	1.86319	0.09883573
4950	-1588.12	-1588.98	0.858618	0.154293
4960	-1592.43	-1593.68	1.25115	0.1333394
4970	-1624.09	-1626.07	1.9793	0.09146307
4980	-1588.78	-1589.76	0.973389	0.148187
4990	-1595.6	-1595.58	-0.0191701	0.2015101
5000	-1601.86	-1601.56	-0.298778	0.2169733
5010	-1595.39	-1596.78	1.38501	0.1260972
5020	-1593.22	-1593.34	0.114192	0.194224
5030	-1588.13	-1589	0.861997	0.1541133
5040	-1591.22	-1592.4	1.18175	0.1370655
5050	-1609.11	-1610.86	1.75234	0.1054777
5060	-1593.04	-1593.17	0.125235	0.193623
5070	-1591.55	-1591.77	0.225446	0.1881849
5080	-1590.99	-1591.26	0.267761	0.1858966
5090	-1589.91	-1591	1.08759	0.1421009
5100	-1591.26	-1592.44	1.18404	0.1369431
5110	-1621.19	-1623.14	1.94323	0.09381254
5120	-1589.64	-1590.71	1.06444	0.1433363
5130	-1588.5	-1589.03	0.533425	0.1716221
5140	-1588.56	-1589.09	0.523355	0.1721607
5150	-1616.88	-1618.77	1.88345	0.09758538
5160	-1605.21	-1606.88	1.67124	0.1101745
5170	-1587.9	-1588.62	0.720515	0.1616412
5180	-1589.75	-1590.13	0.376204	0.1800519
5190	-1590.02	-1590.37	0.350909	0.1814128
5200	-1609.3	-1611.06	1.75604	0.1052605
5210	-1587.91	-1588.61	0.704188	0.1625107
5220	-1587.91	-1588.61	0.705424	0.1624449
5230	-1588.29	-1589.19	0.897075	0.1522475
5240	-1588.18	-1589.05	0.87316	0.1535196
5250	-1587.92	-1588.61	0.696634	0.1629131
5260	-1601.91	-1603.5	1.59125	0.1147086
5270	-1588.78	-1589.27	0.490561	0.1739158
5280	-1588.72	-1589.69	0.965586	0.1486023
5290	-1588.08	-1588.7	0.625223	0.1667195
5300	-1595.78	-1597.18	1.40005	0.1252773
5310	-1607.53	-1609.25	1.7209	0.1073121
5320	-1589.56	-1590.62	1.05729	0.1437171
5330	-1590.42	-1590.73	0.314853	0.1833551
5340	-1587.9	-1588.66	0.760265	0.1595253
5350	-1613.71	-1615.54	1.83402	0.1006141
5360	-1587.98	-1588.79	0.813226	0.1567074
5370	-1600.17	-1601.71	1.54378	0.1173634
5380	-1587.98	-1588.79	0.812594	0.1567411
5390	-1591.57	-1591.8	0.223475	0.1882916
5400	-1587.89	-1588.64	0.743817	0.1604007
5410	-1589.08	-1590.09	1.00831	0.1463278
5420	-1591.92	-1593.14	1.22324	0.1348397
5430	-1587.89	-1588.62	0.725251	0.1613891
5440	-1588.84	-1589.82	0.980323	0.1478179
5450	-1590.67	-1591.81	1.14504	0.1390311
5460	-1596.41	-1597.84	1.42351	0.1239964
5470	-1588.77	-1589.75	0.97207	0.1482572
5480	-1596.47	-1597.9	1.42549	0.1238879
5490	-1588.19	-1589.06	0.874444	0.1534513
5500	-1601.12	-1602.69	1.57021	0.1158885
5510	-1591.41	-1592.6	1.19344	0.1364393
5520	-1589.81	-1590.89	1.07938	0.1425392
5530	-1590.47	-1590.78	0.309858	0.1836245
5540	-1590.07	-1591.18	1.10099	0.1413855
5550	-1596.63	-1598.06	1.43114	0.1235791
5560	-1594.21	-1595.55	1.33638	0.1287383
5570	-1593.4	-1594.7	1.29985	0.1307139
5580	-1593.88	-1595.2	1.32158	0.1295392
5590	-1587.9	-1588.61	0.713011	0.1620408
5600	-1597.37	-1597.26	-0.106084	0.2062883
5610	-1590.98	-1591.25	0.268154	0.1858754
5620	-1590.43	-1591.55	1.12775	0.1399558
5630	-1588.76	-1589.73	0.969711	0.1483828
5640	-1591.05	-1592.23	1.1711	0.1376361
5650	-1588.05	-1588.69	0.634056	0.1662484
5660	-1591.76	-1592.97	1.21428	0.1353211
5670	-1594.57	-1595.92	1.35162	0.1279117
5680	-1588.73	-1589.23	0.497379	0.1735508
5690	-1587.92	-1588.61	0.692936	0.16311
5700	-1588.68	-1589.64	0.959324	0.1489356
5710	-1587.99	-1588.81	0.817358	0.1564876
5720	-1590.87	-1591.15	0.27705	0.1853948
5730	-1593.31	-1594.61	1.29547	0.1309504
5740	-1612.93	-1614.75	1.82109	0.1013949
5750	-1592.59	-1593.85	1.25946	0.1328919
5760	-1593.13	-1594.42	1.28696	0.1314101
5770	-1592.47	-1592.63	0.162074	0.1916207
5780	-1638.94	-1641.06	2.12393	0.08117889
5790	-1610.43	-1612.21	1.77712	0.1040183
5800	-1608.14	-1609.87	1.73321	0.1065961
5810	-1593.54	-1594.85	1.30615	0.1303737
5820	-1588.05	-1588.69	0.633805	0.1662618
5830	-1588	-1588.65	0.651494	0.1653185
5840	-1590.17	-1590.51	0.336448	0.1821914
5850	-1588.21	-1589.09	0.87981	0.1531658
5860	-1588.26	-1589.15	0.890705	0.1525863
5870	-1605.25	-1606.92	1.67219	0.1101199
5880	-1588.57	-1589.09	0.521709	0.1722488
5890	-1591.94	-1593.16	1.22435	0.13478
5900	-1588.02	-1588.85	0.829156	0.1558601
5910	-1591.18	-1592.36	1.17914	0.1372055
5920	-1591.99	-1592.19	0.193895	0.1898942
5930	-1591.72	-1592.93	1.21208	0.1354392
5940	-1596.41	-1597.83	1.42329	0.1240083
5950	-1590.48	-1590.79	0.309347	0.183652
5960	-1593.52	-1594.82	1.30508	0.1304315
5970	-1590.44	-1590.75	0.313051	0.1834523
5980	-1589.91	-1590.27	0.360972	0.1808712
5990	-1592.1	-1593.33	1.23322	0.1343038
6000	-1594.5	-1595.84	1.34856	0.1280776
6010	-1588.58	-1589.1	0.520455	0.1723159
6020	-1601.6	-1603.18	1.58325	0.1151579
6030	-1590.65	-1590.95	0.294974	0.1844273
6040	-1588.74	-1589.23	0.496678	0.1735883
6050	-1590.94	-1592.1	1.1633	0.1380538
6060	-1590.25	-1591.36	1.11457	0.14066
6070	-1592.35	-1593.6	1.24706	0.1335591
6080	-1589.42	-1590.46	1.04334	0.144461
6090	-1592.62	-1593.88	1.26105	0.1328063
6100	-1587.95	-1588.74	0.796779	0.1575824
6110	-1590.75	-1591.04	0.286414	0.1848893
6120	-1593.6	-1594.91	1.30907	0.1302158
6130	-1588.82	-1589.8	0.978612	0.147909
6140	-1594.6	-1594.64	0.0342248	0.1985864
6150	-1588.89	-1589.88	0.986624	0.1474824
6160	-1588.72	-1589.22	0.498326	0.1735001
6170	-1592.88	-1593.02	0.135102	0.1930864
6180	-1591.46	-1592.66	1.19646	0.1362774
6190	-1591.72	-1592.94	1.21216	0.1354348
6200	-1605.6	-1607.28	1.67989	0.1096789
6210	-1588.25	-1588.83	0.581301	0.1690637
6220	-1596.42	-1596.36	-0.0604559	0.2037768
6230	-1599.07	-1598.88	-0.182942	0.2105347
6240	-1588.06	-1588.91	0.842246	0.1551638
6250	-1587.97	-1588.78	0.809813	0.156889
6260	-1589.91	-1591	1.08771	0.1420944
6270	-1588.54	-1589.48	0.939535	0.1499886
6280	-1587.96	-1588.76	0.802765	0.1572639
6290	-1587.89	-1588.63	0.735295	0.1608544
6300	-1587.98	-1588.8	0.814135	0.1566591
6310	-1589.26	-1590.28	1.0274	0.1453106
6320	-1588.16	-1589.03	0.868742	0.1537545
6330	-1589.31	-1590.34	1.03279	0.1450233
6340	-1589.56	-1590.61	1.05664	0.1437519
6350	-1589.06	-1590.07	1.00671	0.1464126
6360	-1588.69	-1589.65	0.961172	0.1488372
6370	-1587.91	-1588.69	0.774161	0.1587858
6380	-1602.3	-1601.98	-0.316089	0.2179397
6390	-1588.01	-1588.83	0.823221	0.1561758
6400	-1588.45	-1589.37	0.924961	0.1507641
6410	-1587.98	-1588.64	0.661783	0.1647701
6420	-1606.3	-1607.99	1.6951	0.1088041
6430	-1595.82	-1597.22	1.40141	0.1252034
6440	-1593.84	-1593.91	0.0775318	0.1962216
6450	-1588.55	-1589.49	0.940392	0.1499431
6460	-1587.93	-1588.62	0.687526	0.1633982
6470	-1598.07	-1599.55	1.47992	0.1209
6480	-1632.37	-1634.43	2.06729	0.08541577
6490	-1588.55	-1589.07	0.525503	0.1720458
6500	-1590.44	-1591.57	1.12907	0.1398853
6510	-1589.39	-1589.8	0.414479	0.1779953
6520	-1589.25	-1590.28	1.02725	0.1453184
6530	-1604.15	-1605.79	1.64682	0.1115677
6540	-1588.06	-1588.89	0.839832	0.1552922
6550	-1599.57	-1599.37	-0.204854	0.211749
6560	-1593.53	-1594.84	1.3059	0.1303872
6570	-1588.86	-1589.84	0.982971	0.1476769
6580	-1597.83	-1597.71	-0.127671	0.207479
6590	-1597.26	-1598.72	1.45327	0.1223659
6600	-1587.89	-1588.64	0.747437	0.160208
6610	-1591.06	-1591.32	0.262006	0.1862076
6620	-1588.83	-1589.81	0.978871	0.1478952
6630	-1591.99	-1593.22	1.22726	0.134624
6640	-1587.97	-1588.78	0.808982	0.1569332
6650	-1587.95	-1588.63	0.673906	0.164124
6660	-1596.48	-1597.91	1.42602	0.123859
6670	-1596.26	-1597.68	1.41786	0.1243051
6680	-1587.89	-1588.64	0.74589	0.1602904
6690	-1592.96	-1594.24	1.27843	0.1318697
6700	-1591.75	-1592.96	1.21349	0.1353633
6710	-1593.99	-1595.32	1.32677	0.1292587
6720	-1593.88	-1595.2	1.32158	0.1295392
6730	-1598.17	-1599.65	1.48318	0.1207204
6740	-1588.8	-1589.78	0.976024	0.1480467
6750	-1598.24	-1599.73	1.48566	0.1205836
6760	-1591.14	-1592.32	1.17669	0.1373367
6770	-1597.55	-1599.01	1.46293	0.1218351
6780	-1588.1	-1588.72	0.617839	0.1671134
6790	-1595.4	-1596.78	1.3853	0.1260814
6800	-1590.29	-1591.41	1.11761	0.1404979
6810	-1592.94	-1594.22	1.27762	0.1319138
6820	-1600.26	-1601.8	1.54631	0.1172224
6830	-1588.71	-1589.21	0.501066	0.1733534
6840	-1588.23	-1588.82	0.58558	0.1688353
6850	-1592.17	-1593.41	1.23749	0.134074
6860	-1613.52	-1615.35	1.83095	0.1007999
6870	-1598.24	-1599.73	1.48559	0.1205876
6880	-1587.99	-1588.8	0.815919	0.1565642
6890	-1592.14	-1592.33	0.183445	0.1904609
6900	-1589.2	-1589.63	0.436627	0.1768066
6910	-1588.07	-1588.7	0.629255	0.1665044
6920	-1597.2	-1598.66	1.4513	0.122474
6930	-1592.68	-1593.94	1.26421	0.132636
6940	-1595.03	-1596.4	1.37043	0.1268902
6950	-1607.7	-1609.42	1.72433	0.107113
6960	-1615.85	-1617.72	1.86797	0.09854178
6970	-1588.38	-1589.29	0.912787	0.1514117
6980	-1588.39	-1589.31	0.915454	0.1512698
6990	-1589.48	-1590.53	1.04944	0.1441356
7000	-1591.23	-1591.48	0.248745	0.1869244
7010	-1587.92	-1588.7	0.780042	0.1584729
7020	-1593.54	-1593.63	0.0951045	0.1952636
7030	-1596.56	-1597.99	1.42874	0.1237104
7040	-1600.69	-1602.25	1.55858	0.1165385
7050	-1598.46	-1598.31	-0.15621	0.2090555
7060	-1591.72	-1592.93	1.21209	0.1354384
7070	-1588.04	-1588.68	0.63767	0.1660556
7080	-1615.56	-1617.42	1.8634	0.09882284
7090	-1591.75	-1591.96	0.211079	0.1889629
7100	-1589.42	-1589.83	0.411507	0.1781549
7110	-1591.75	-1592.96	1.21353	0.1353613
7120	-1588.09	-1588.72	0.620601	0.1669661
7130	-1600.1	-1599.88	-0.227363	0.2129982
7140	-1589.2	-1589.64	0.435997	0.1768404
7150	-1588.8	-1589.29	0.487794	0.174064
7160	-1587.95	-1588.63	0.674886	0.1640717
7170	-1588.34	-1588.9	0.563	0.1700413
7180	-1587.91	-1588.69	0.773923	0.1587985
7190	-1596.61	-1596.54	-0.0697529	0.204288
7200	-1593.88	-1595.2	1.32152	0.1295426
7210	-1588.21	-1589.09	0.879732	0.15317
7220	-1598.14	-1599.63	1.4825	0.120758
7230	-1588.04	-1588.68	0.638779	0.1659965
7240	-1588.54	-1589.48	0.938888	0.1500231
7250	-1590.7	-1591.85	1.14733	0.1389087
7260	-1599.86	-1599.64	-0.21712	0.2124295
7270	-1588.78	-1589.27	0.490569	0.1739154
7280	-1588.25	-1588.83	0.581485	0.1690539
7290	-1588.83	-1589.81	0.979579	0.1478575
7300	-1589.88	-1590.96	1.08483	0.1422483
7310	-1613.43	-1612.74	-0.694424	0.2393487
7320	-1590.24	-1591.36	1.11413	0.1406834
7330	-1604.9	-1604.49	-0.413635	0.223406
7340	-1588.35	-1588.91	0.56135	0.1701295
7350	-1588.04	-1588.88	0.83656	0.1554662
7360	-1597.2	-1597.11	-0.0982904	0.2058589
7370	-1592.9	-1594.17	1.27527	0.1320401
7380	-1592.38	-1593.63	1.24868	0.1334721
7390	-1595.49	-1596.88	1.38881	0.1258898
7400	-1588.72	-1589.69	0.965281	0.1486186
7410	-1588.94	-1589.93	0.992869	0.1471499
7420	-1591.27	-1592.46	1.18489	0.1368976
7430	-1591.37	-1592.56	1.19116	0.1365616
7440	-1591.11	-1592.28	1.17453	0.1374526
7450	-1588.36	-1588.92	0.558745	0.1702686
7460	-1599.29	-1600.81	1.51818	0.1187856
7470	-1588.02	-1588.85	0.828198	0.155911
7480	-1588.04	-1588.68	0.637864	0.1660453
7490	-1604.8	-1606.46	1.66192	0.1107072
7500	-1588.86	-1589.85	0.983493	0.1476491
7510	-1597.97	-1599.44	1.47673	0.1210759
7520	-1588.77	-1589.74	0.971657	0.1482792
7530	-1589.5	-1589.9	0.402412	0.1786434
7540	-1588.01	-1588.84	0.826214	0.1560166
7550	-1588.12	-1588.74	0.612582	0.1673939
7560	-1589.58	-1590.64	1.05857	0.1436493
7570	-1587.93	-1588.62	0.684673	0.1635503
7580	-1587.89	-1588.63	0.741514	0.1605233
7590	-1588.22	-1589.11	0.882529	0.1530212
7600	-1587.93	-1588.62	0.686282	0.1634645
7610	-1595.97	-1595.93	-0.0379927	0.2025428
7620	-1587.89	-1588.62	0.729341	0.1611713
7630	-1587.92	-1588.7	0.779317	0.1585115
7640	-1591.94	-1593.17	1.22477	0.1347577
7650	-1596.62	-1598.05	1.43072	0.1236016
7660	-1587.97	-1588.64	0.663461	0.1646806
7670	-1588.35	-1588.91	0.561516	0.1701206
7680	-1594.89	-1596.25	1.36482	0.1271952
7690	-1611.58	-1613.37	1.79774	0.1027935
7700	-1587.89	-1588.62	0.730066	0.1611327
7710	-1589.13	-1590.14	1.01394	0.1460276
7720	-1587.95	-1588.63	0.675078	0.1640615
7730	-1591.15	-1592.32	1.17704	0.1373181
7740	-1588.56	-1589.5	0.942484	0.1498317
7750	-1591.07	-1592.24	1.17185	0.1375963
7760	-1588.75	-1589.71	0.968441	0.1484504
7770	-1594.73	-1594.76	0.0271682	0.1989723
7780	-1603.98	-1603.6	-0.379923	0.2215128
7790	-1594.47	-1594.51	0.041407	0.1981939
7800	-1618.93	-1620.84	1.91284	0.0957479
7810	-1589.85	-1590.22	0.366901	0.1805523
7820	-1587.99	-1588.64	0.658436	0.1649484
7830	-1590.44	-1590.76	0.312542	0.1834797
7840	-1598.69	-1600.19	1.49985	0.1198004
7850	-1599.43	-1600.95	1.52228	0.1185583
7860	-1631.53	-1633.59	2.05929	0.08598829
7870	-1589.04	-1590.05	1.00463	0.1465235
7880	-1592.77	-1594.04	1.26913	0.1323714
7890	-1590.16	-1590.5	0.337396	0.1821404
7900	-1589.52	-1589.92	0.400147	0.178765
7910	-1589.01	-1589.47	0.459303	0.1755905
7920	-1588.37	-1588.93	0.556825	0.1703713
7930	-1590.23	-1591.35	1.11337	0.1407244
7940	-1590.22	-1591.33	1.11215	0.1407896
7950	-1588.21	-1589.09	0.879967	0.1531575
7960	-1609.77	-1611.53	1.76478	0.1047469
7970	-1606.01	-1607.69	1.68883	0.1091652
7980	-1588.26	-1589.15	0.889813	0.1526338
7990	-1590.06	-1590.41	0.346352	0.1816581
8000	-1593.66	-1594.97	1.31174	0.1300716
8010	-1592.67	-1593.93	1.26353	0.1326731
8020	-1588.59	-1589.54	0.947458	0.1495671
8030	-1594.22	-1595.56	1.33672	0.1287194
8040	-1605.46	-1607.14	1.67692	0.1098492
8050	-1600.24	-1601.78	1.54579	0.1172515
8060	-1590.11	-1590.45	0.341973	0.1818939
8070	-1600.49	-1602.04	1.55298	0.1168509
8080	-1590.95	-1591.22	0.270449	0.1857514
8090	-1591.93	-1592.13	0.198176	0.1896621
8100	-1596.96	-1598.41	1.44302	0.122928
8110	-1587.93	-1588.72	0.788113	0.1580434
8120	-1591.81	-1592.02	0.206578	0.1892068
8130	-1596.18	-1597.59	1.41485	0.1244695
8140	-1587.89	-1588.63	0.734579	0.1608925
8150	-1588.09	-1588.71	0.623229	0.1668259
8160	-1599.38	-1600.9	1.52066	0.1186479
8170	-1595.55	-1596.94	1.39124	0.1257574
8180	-1592.5	-1592.66	0.159939	0.1917367
8190	-1592.19	-1592.37	0.18043	0.1906244
8200	-1589.39	-1589.81	0.414126	0.1780143
8210	-1595.36	-1596.74	1.38372	0.1261674
8220	-1588.48	-1589.02	0.536497	0.1714579
8230	-1587.97	-1588.77	0.807398	0.1570175
8240	-1591.45	-1591.69	0.232221	0.1878183
8250	-1594.69	-1596.05	1.35689	0.1276258
8260	-1589.63	-1590.02	0.388735	0.1793782
8270	-1626.59	-1628.6	2.0081	0.08953914
8280	-1589.3	-1590.33	1.03155	0.1450897
8290	-1591.15	-1592.33	1.17725	0.1373067
8300	-1588	-1588.82	0.820211	0.1563359
8310	-1594.68	-1596.04	1.35639	0.1276529
8320	-1603.54	-1605.18	1.63243	0.1123851
8330	-1589.82	-1590.9	1.07961	0.1425268
8340	-1617.25	-1619.13	1.8888	0.09725324
8350	-1602.08	-1603.68	1.5958	0.114453
8360	-1590.66	-1590.96	0.293962	0.1844819
8370	-1597.15	-1597.06	-0.0958456	0.2057242
8380	-1590.39	-1591.51	1.12492	0.1401068
8390	-1597.25	-1598.7	1.45277	0.1223929
8400	-1591.95	-1593.18	1.22528	0.1347305
8410	-1588.68	-1589.64	0.959601	0.1489208
8420	-1588.01	-1588.66	0.646625	0.1655781
8430	-1601.63	-1603.21	1.58402	0.1151149
8440	-1594.85	-1594.87	0.0206308	0.1993299
8450	-1596.73	-1598.17	1.43491	0.1233724
8460	-1588.14	-1589.01	0.86394	0.15401
8470	-1587.92	-1588.61	0.692485	0.1631341
8480	-1590.04	-1591.13	1.09781	0.1415552
8490	-1589.37	-1590.41	1.03899	0.1446929
8500	-1588.77	-1589.74	0.971624	0.1482809
8510	-1590.27	-1591.39	1.11611	0.140578
8520	-1588.06	-1588.69	0.632485	0.1663322
8530	-1599.64	-1599.43	-0.20754	0.2118979
8540	-1590.37	-1591.49	1.12356	0.14018
8550	-1607.89	-1609.61	1.72819	0.1068888
8560	-1588.72	-1589.68	0.964953	0.148636
8570	-1588.05	-1588.89	0.838967	0.1553382
8580	-1593.8	-1595.12	1.31829	0.1297172
8590	-1595.95	-1597.36	1.40641	0.1249303
8600	-1588.99	-1589.98	0.998085	0.1468722
8610	-1594.96	-1596.33	1.36783	0.1270316
8620	-1595.17	-1596.54	1.37609	0.1265822
8630	-1591.54	-1592.74	1.2011	0.1360284
8640	-1591.59	-1592.8	1.20438	0.1358522
8650	-1589.74	-1590.11	0.378077	0.1799512
8660	-1588	-1588.82	0.819624	0.1563671
8670	-1604.38	-1606.03	1.6522	0.1112616
8680	-1591.05	-1592.22	1.17087	0.1376485
8690	-1603.73	-1605.37	1.63686	0.1121334
8700	-1587.95	-1588.63	0.674786	0.1640771
8710	-1594.92	-1594.94	0.016726	0.1995436
8720	-1593.67	-1594.98	1.31202	0.1300565
8730	-1588.03	-1588.86	0.83071	0.1557775
8740	-1589.6	-1590.66	1.06063	0.1435391
8750	-1594.33	-1595.68	1.34166	0.1284521
8760	-1587.93	-1588.62	0.686083	0.1634751
8770	-1588.8	-1589.78	0.975508	0.1480742
8780	-1589.14	-1590.16	1.01552	0.1459433
8790	-1612.62	-1611.95	-0.669664	0.2379299
8800	-1587.92	-1588.7	0.781769	0.158381
8810	-1596.13	-1596.09	-0.0461387	0.2029901
8820	-1595.19	-1595.19	0.00268746	0.2003122
8830	-1597.98	-1599.45	1.47707	0.121057
8840	-1590.29	-1591.41	1.11773	0.1404912
8850	-1589.29	-1589.71	0.425774	0.1773889
8860	-1591.15	-1592.32	1.17697	0.1373217
8870	-1592.51	-1593.76	1.25526	0.133118
8880	-1594.23	-1594.28	0.0551248	0.1974445
8890	-1592.94	-1594.22	1.27735	0.131928
8900	-1594.46	-1595.81	1.34695	0.1281649
8910	-1594.95	-1594.97	0.0151749	0.1996285
8920	-1596.33	-1596.28	-0.0561268	0.2035389
8930	-1590.44	-1591.57	1.12898	0.1398902
8940	-1588.14	-1588.75	0.607581	0.1676608
8950	-1596.61	-1598.04	1.43065	0.1236059
8960	-1597.16	-1598.61	1.44962	0.1225662
8970	-1588.18	-1589.06	0.873704	0.1534906
8980	-1591.61	-1591.83	0.221021	0.1884245
8990	-1592.21	-1593.44	1.23927	0.1339782
9000	-1588.23	-1588.82	0.585661	0.1688309
9010	-1588.47	-1589.01	0.538625	0.1713441
9020	-1587.9	-1588.65	0.757055	0.1596961
9030	-1597.15	-1598.6	1.4494	0.1225783
9040	-1602.67	-1604.28	1.61092	0.1136015
9050	-1588.93	-1589.92	0.991108	0.1472437
9060	-1592.21	-1593.45	1.23951	0.1339657
9070	-1592.9	-1594.18	1.27562	0.1320212
9080	-1587.93	-1588.62	0.685264	0.1635188
9090	-1615.96	-1617.83	1.86958	0.09844276
9100	-1588.5	-1589.44	0.933526	0.1503084
9110	-1594.6	-1595.95	1.35299	0.1278376
9120	-1587.98	-1588.64	0.661177	0.1648023
9130	-1588.7	-1589.66	0.962573	0.1487627
9140	-1590.16	-1591.26	1.10746	0.1410397
9150	-1588.6	-1589.55	0.948837	0.1494937
9160	-1610.45	-1612.23	1.77752	0.1039947
9170	-1591.9	-1592.1	0.200257	0.1895493
9180	-1593.86	-1595.18	1.32061	0.1295919
9190	-1598.83	-1598.66	-0.172582	0.2099611
9200	-1587.94	-1588.73	0.791023	0.1578886
9210	-1588.45	-1589	0.541771	0.1711759
9220	-1592.57	-1593.83	1.25855	0.1329408
9230	-1599.84	-1601.38	1.53439	0.1178858
9240	-1590.83	-1591.11	0.280674	0.1851992
9250	-1589.31	-1589.73	0.423629	0.177504
9260	-1602.98	-1604.6	1.61862	0.1131663
9270	-1594.6	-1595.95	1.35302	0.1278356
9280	-1588.32	-1588.89	0.566215	0.1698695
9290	-1611.2	-1612.99	1.79103	0.1031931
9300	-1594.42	-1594.47	0.0440277	0.1980506
9310	-1589.17	-1589.61	0.440157	0.1766172
9320	-1593.53	-1593.63	0.0953636	0.1952494
9330	-1590.17	-1590.51	0.336585	0.1821841
9340	-1598.12	-1599.6	1.48178	0.1207977
9350	-1606.87	-1608.58	1.70726	0.1081022
9360	-1595.82	-1597.22	1.4016	0.1251928
9370	-1587.89	-1588.64	0.749097	0.1601197
9380	-1591.23	-1592.41	1.18242	0.1370299
9390	-1588.92	-1589.91	0.9901	0.1472974
9400	-1605.62	-1607.3	1.68043	0.1096474
9410	-1598.8	-1598.62	-0.171044	0.209876
9420	-1589.23	-1589.67	0.43213	0.1770479
9430	-1588.39	-1589.3	0.914685	0.1513107
9440	-1590.16	-1590.5	0.337324	0.1821443
9450	-1591.76	-1592.98	1.21438	0.1353156
9460	-1587.9	-1588.62	0.717138	0.1618211
9470	-1588.22	-1588.81	0.588388	0.1686853
9480	-1643.74	-1645.89	2.15914	0.07833736
9490	-1591.42	-1591.65	0.234923	0.187672
9500	-1589.51	-1589.91	0.400953	0.1787217
9510	-1599.48	-1601.01	1.52381	0.1184731
9520	-1590.59	-1591.73	1.13961	0.1393219
9530	-1591.14	-1592.32	1.17658	0.137343
9540	-1588.2	-1588.79	0.592984	0.16844
9550	-1590.54	-1590.84	0.304201	0.1839295
9560	-1589.25	-1590.28	1.02711	0.145326
9570	-1588.56	-1589.51	0.94291	0.1498091
9580	-1632.02	-1634.08	2.06396	0.08565452
9590	-1588.26	-1589.15	0.889863	0.1526311
9600	-1587.9	-1588.65	0.753969	0.1598604
9610	-1611.55	-1613.34	1.79722	0.1028245
9620	-1588.12	-1588.97	0.857168	0.1543702
9630	-1587.91	-1588.68	0.772998	0.1588477
9640	-1588.01	-1588.66	0.648691	0.165468
9650	-1601.93	-1601.63	-0.301695	0.2171361
9660	-1590.06	-1590.4	0.347184	0.1816133
9670	-1588.66	-1589.17	0.508298	0.1729663
9680	-1587.91	-1588.61	0.706224	0.1624023
9690	-1591.29	-1592.48	1.18607	0.1368342
9700	-1589.85	-1590.94	1.08286	0.1423531
9710	-1590.52	-1591.66	1.13472	0.139583
9720	-1589.53	-1590.59	1.05439	0.143872
9730	-1588.18	-1589.05	0.872882	0.1535344
9740	-1587.93	-1588.72	0.787287	0.1580874
9750	-1588.63	-1589.58	0.951892	0.1493311
9760	-1595.42	-1596.81	1.38625	0.1260296
9770	-1597.81	-1599.28	1.47158	0.1213594
9780	-1593	-1593.12	0.12806	0.1934693
9790	-1590.56	-1591.7	1.13773	0.1394224
9800	-1589.17	-1590.19	1.01876	0.145771
9810	-1588.78	-1589.27	0.489823	0.1739554
9820	-1587.89	-1588.65	0.751383	0.159998
9830	-1587.99	-1588.81	0.817897	0.156459
9840	-1591.03	-1591.29	0.264725	0.1860606
9850	-1596.3	-1596.24	-0.054261	0.2034363
9860	-1603.85	-1605.49	1.63972	0.1119715
9870	-1595.14	-1596.52	1.37521	0.12663
9880	-1587.9	-1588.66	0.757361	0.1596798
9890	-1602.78	-1604.4	1.61374	0.1134424
9900	-1622.44	-1624.4	1.95919	0.09278074
9910	-1589.11	-1589.56	0.446493	0.1762773
9920	-1597.13	-1597.04	-0.0948009	0.2056666
9930	-1602.54	-1604.15	1.60762	0.1137872
9940	-1588.05	-1588.89	0.83873	0.1553508
9950	-1588.16	-1588.76	0.602937	0.1679087
9960	-1588.01	-1588.66	0.649231	0.1654392
9970	-1587.9	-1588.61	0.714822	0.1619444
9980	-1588.43	-1588.98	0.54596	0.170952
9990	-1603.31	-1604.93	1.62664	0.1127129
10000	-1588.16	-1588.76	0.603537	0.1678766
