Iteration	Posterior	Likelihood	Prior	birth_rate
0	-1591.32	-1592.51	1.18779	0.1367421
10	-1592.01	-1592.2	0.192979	0.1899438
20	-1587.95	-1588.75	0.79904	0.1574621
30	-1587.93	-1588.62	0.688135	0.1633658
40	-1587.92	-1588.61	0.697624	0.1628603
50	-1590.9	-1592.06	1.16071	0.1381926
60	-1587.91	-1588.68	0.772178	0.1588913
70	-1588.75	-1589.24	0.495103	0.1736726
80	-1587.92	-1588.71	0.782711	0.1583309
90	-1594.16	-1595.49	1.33398	0.1288682
100	-1588	-1588.65	0.65188	0.1652979
110	-1589.14	-1590.16	1.01571	0.1459334
120	-1589.92	-1591.01	1.08818	0.1420694
130	-1588.51	-1589.04	0.532721	0.1716598
140	-1588.68	-1589.18	0.505414	0.1731207
150	-1588.14	-1589.01	0.863909	0.1540116
160	-1588.24	-1588.83	0.582815	0.1689829
170	-1587.94	-1588.73	0.792635	0.1578029
180	-1592.34	-1593.58	1.24629	0.1336006
190	-1591.54	-1592.74	1.20107	0.1360299
200	-1589.16	-1589.6	0.441391	0.176551
210	-1587.99	-1588.65	0.654811	0.1651417
220	-1588.22	-1589.11	0.882532	0.1530211
230	-1588.97	-1589.43	0.465135	0.1752779
240	-1594.38	-1595.73	1.34372	0.1283403
250	-1592.38	-1592.55	0.167644	0.1913183
260	-1587.91	-1588.61	0.70355	0.1625447
270	-1588.23	-1589.11	0.884015	0.1529422
280	-1591.49	-1592.69	1.19838	0.1361741
290	-1590.64	-1590.94	0.295688	0.1843888
300	-1587.89	-1588.63	0.736807	0.1607739
310	-1588.86	-1589.84	0.982474	0.1477033
320	-1588.09	-1588.71	0.621257	0.1669311
330	-1591.27	-1592.45	1.18453	0.1369167
340	-1588.12	-1588.97	0.857053	0.1543763
350	-1587.98	-1588.64	0.660968	0.1648135
360	-1589.41	-1590.46	1.04298	0.1444804
370	-1588.53	-1589.46	0.937211	0.1501123
380	-1588.86	-1589.34	0.479635	0.174501
390	-1590.04	-1591.14	1.09813	0.1415384
400	-1587.91	-1588.68	0.768469	0.1590887
410	-1587.89	-1588.65	0.750694	0.1600347
420	-1589.96	-1591.05	1.09194	0.1418687
430	-1589.43	-1590.47	1.04427	0.1444115
440	-1588.85	-1589.84	0.982198	0.1477181
450	-1590.78	-1591.94	1.15319	0.1385952
460	-1598.62	-1598.46	-0.163226	0.2094435
470	-1588.29	-1589.19	0.896682	0.1522684
480	-1589.01	-1589.47	0.459245	0.1755936
490	-1590.92	-1592.08	1.16228	0.1381085
500	-1588.18	-1589.05	0.872501	0.1535546
510	-1589.2	-1589.63	0.436696	0.1768029
520	-1589.8	-1590.17	0.371914	0.1802826
530	-1589.08	-1589.53	0.450063	0.1760859
540	-1590.06	-1590.41	0.346354	0.181658
550	-1590.11	-1591.22	1.10388	0.1412314
560	-1592.28	-1593.52	1.24315	0.1337695
570	-1588.09	-1588.94	0.851052	0.1546954
580	-1588.04	-1588.87	0.833617	0.1556228
590	-1587.92	-1588.7	0.780797	0.1584327
600	-1587.89	-1588.63	0.737183	0.1607538
610	-1587.89	-1588.63	0.7424	0.1604761
620	-1588.04	-1588.88	0.836317	0.1554792
630	-1597.4	-1598.86	1.4579	0.1221116
640	-1590.32	-1591.44	1.12003	0.1403686
650	-1596.46	-1596.4	-0.0624317	0.2038854
660	-1588.54	-1589.48	0.939594	0.1499856
670	-1588.74	-1589.71	0.967512	0.1484998
680	-1588.74	-1589.24	0.495863	0.173632
690	-1588.29	-1589.18	0.895918	0.1523091
700	-1588.08	-1588.93	0.84801	0.1548573
710	-1595.87	-1597.27	1.40338	0.1250958
720	-1588.48	-1589.41	0.929836	0.1505047
730	-1588.53	-1589.06	0.529051	0.1718561
740	-1588.59	-1589.53	0.946262	0.1496307
750	-1587.93	-1588.72	0.787348	0.1580842
760	-1588.91	-1589.9	0.988696	0.1473721
770	-1587.9	-1588.61	0.708915	0.162259
780	-1588.14	-1589.01	0.863703	0.1540225
790	-1587.96	-1588.76	0.802848	0.1572595
800	-1595.7	-1595.67	-0.0239147	0.2017703
810	-1589.25	-1589.68	0.429892	0.1771679
820	-1588.39	-1589.3	0.914144	0.1513395
830	-1588.68	-1589.64	0.959042	0.1489506
840	-1592.45	-1593.7	1.25243	0.1332705
850	-1588.34	-1588.9	0.562605	0.1700624
860	-1600.6	-1602.16	1.556	0.1166824
870	-1590.38	-1591.51	1.12468	0.1401198
880	-1589.36	-1590.4	1.03825	0.1447324
890	-1588.7	-1589.2	0.502082	0.173299
900	-1587.89	-1588.62	0.725434	0.1613793
910	-1591.53	-1592.73	1.20073	0.1360483
920	-1588.07	-1588.91	0.843545	0.1550947
930	-1588.51	-1589.44	0.934055	0.1502803
940	-1590.73	-1591.88	1.14945	0.1387955
950	-1587.89	-1588.63	0.740546	0.1605748
960	-1588.62	-1589.13	0.514366	0.1726416
970	-1588.03	-1588.87	0.833028	0.1556541
980	-1588	-1588.65	0.65139	0.1653241
990	-1590.15	-1591.25	1.10668	0.1410817
1000	-1588.97	-1589.96	0.995692	0.1469996
1010	-1587.9	-1588.65	0.753291	0.1598965
1020	-1592.93	-1593.07	0.132002	0.1932549
1030	-1591.97	-1593.19	1.22602	0.1346907
1040	-1588.5	-1589.44	0.933396	0.1503153
1050	-1596.62	-1596.55	-0.0700529	0.2043045
1060	-1588.3	-1589.19	0.897685	0.1522151
1070	-1593.2	-1594.49	1.29017	0.1312364
1080	-1592.15	-1592.33	0.183076	0.1904809
1090	-1587.92	-1588.61	0.695897	0.1629523
1100	-1588.66	-1589.17	0.507381	0.1730154
1110	-1588.74	-1589.71	0.968144	0.1484661
1120	-1599.24	-1599.05	-0.190569	0.2109571
1130	-1588.59	-1589.54	0.946851	0.1495994
1140	-1588.53	-1589.47	0.938097	0.1500652
1150	-1592.7	-1592.84	0.147054	0.1924367
1160	-1588.09	-1588.94	0.850776	0.1547101
1170	-1588.26	-1589.16	0.89133	0.1525531
1180	-1588.36	-1588.92	0.558458	0.170284
1190	-1588.85	-1589.84	0.982322	0.1477115
1200	-1595.19	-1595.2	0.00230497	0.2003331
1210	-1587.95	-1588.62	0.67583	0.1640214
1220	-1590.71	-1591.86	1.14792	0.138877
1230	-1598.69	-1600.19	1.49975	0.1198058
1240	-1589.36	-1590.4	1.03833	0.144728
1250	-1587.91	-1588.68	0.769508	0.1590334
1260	-1587.91	-1588.69	0.775066	0.1587377
1270	-1589.57	-1590.63	1.05811	0.1436735
1280	-1588.27	-1589.16	0.892545	0.1524885
1290	-1588.57	-1589.52	0.944258	0.1497374
1300	-1587.92	-1588.69	0.77667	0.1586523
1310	-1604.57	-1606.23	1.65674	0.1110028
1320	-1588.22	-1589.1	0.881146	0.1530948
1330	-1588.91	-1589.89	0.98856	0.1473793
1340	-1588.3	-1589.2	0.8982	0.1521877
1350	-1589.28	-1590.31	1.0297	0.1451881
1360	-1588.54	-1589.48	0.939478	0.1499917
1370	-1588.43	-1589.35	0.922026	0.1509202
1380	-1590.09	-1591.19	1.10211	0.1413255
1390	-1589.71	-1590.79	1.07088	0.1429925
1400	-1590.47	-1591.6	1.13071	0.1397978
1410	-1587.9	-1588.61	0.708326	0.1622903
1420	-1587.9	-1588.61	0.709974	0.1622026
1430	-1587.96	-1588.77	0.805625	0.1571118
1440	-1589.71	-1590.78	1.07043	0.1430163
1450	-1587.92	-1588.61	0.691351	0.1631945
1460	-1588.75	-1589.72	0.968561	0.148444
1470	-1587.9	-1588.66	0.762631	0.1593994
1480	-1588.02	-1588.85	0.829748	0.1558286
1490	-1588.18	-1589.06	0.874031	0.1534732
1500	-1598.61	-1600.11	1.49734	0.1199388
1510	-1588.1	-1588.96	0.853924	0.1545427
1520	-1594.4	-1595.74	1.34443	0.1283019
1530	-1591.74	-1592.95	1.21301	0.1353893
1540	-1588.58	-1589.53	0.946046	0.1496422
1550	-1596.63	-1596.56	-0.0706534	0.2043375
1560	-1591.91	-1593.14	1.22308	0.1348483
1570	-1589.26	-1589.69	0.428866	0.177223
1580	-1588.23	-1588.82	0.585105	0.1688606
1590	-1588.31	-1588.88	0.569923	0.1696714
1600	-1587.89	-1588.64	0.747491	0.1602051
1610	-1591.81	-1593.03	1.21717	0.1351656
1620	-1589.12	-1590.13	1.01269	0.1460941
1630	-1587.94	-1588.73	0.790477	0.1579177
1640	-1589.58	-1590.64	1.05924	0.1436133
1650	-1589.9	-1590.99	1.08712	0.1421259
1660	-1590.16	-1590.5	0.337482	0.1821358
1670	-1587.93	-1588.71	0.785517	0.1581816
1680	-1589.85	-1590.94	1.08284	0.1423545
1690	-1593.05	-1593.18	0.124473	0.1936645
1700	-1589.17	-1590.19	1.01824	0.1457987
1710	-1587.93	-1588.62	0.684152	0.163578
1720	-1588.82	-1589.8	0.978017	0.1479406
1730	-1591.49	-1592.68	1.19808	0.1361902
1740	-1590.11	-1591.21	1.10349	0.1412521
1750	-1591.71	-1592.93	1.21167	0.1354613
1760	-1587.89	-1588.62	0.727742	0.1612564
1770	-1588.51	-1589.44	0.934592	0.1502517
1780	-1588.09	-1588.71	0.623437	0.1668148
1790	-1589.15	-1590.16	1.01583	0.1459271
1800	-1589.07	-1590.08	1.00742	0.1463751
1810	-1591.26	-1592.45	1.18451	0.1369179
1820	-1588.23	-1588.82	0.585247	0.168853
1830	-1590.47	-1591.6	1.13114	0.1397745
1840	-1589.84	-1590.93	1.08207	0.1423952
1850	-1591.42	-1591.65	0.235081	0.1876635
1860	-1588.04	-1588.68	0.638343	0.1660198
1870	-1593.43	-1594.73	1.30094	0.130655
1880	-1593.46	-1593.56	0.0997692	0.1950094
1890	-1589.11	-1590.12	1.01152	0.1461564
1900	-1587.93	-1588.72	0.788844	0.1580046
1910	-1591.62	-1591.84	0.220408	0.1884577
1920	-1589.01	-1589.47	0.458775	0.1756188
1930	-1588.6	-1589.54	0.947582	0.1495605
1940	-1588.4	-1589.32	0.916813	0.1511975
1950	-1588.68	-1589.64	0.959575	0.1489222
1960	-1588.66	-1589.17	0.507808	0.1729926
1970	-1590.05	-1591.15	1.09923	0.1414797
1980	-1589.74	-1590.11	0.377972	0.1799568
1990	-1589.54	-1589.94	0.397714	0.1788957
2000	-1591.06	-1592.24	1.17179	0.1375994
2010	-1587.97	-1588.78	0.807606	0.1570064
2020	-1587.91	-1588.69	0.774862	0.1587485
2030	-1590.21	-1590.54	0.3331	0.1823718
2040	-1588.14	-1588.75	0.608574	0.1676078
2050	-1587.89	-1588.64	0.750439	0.1600482
2060	-1588.48	-1589.41	0.930069	0.1504923
2070	-1587.91	-1588.68	0.773153	0.1588395
2080	-1588.24	-1588.82	0.584441	0.1688961
2090	-1589.18	-1589.62	0.438242	0.1767199
2100	-1591.74	-1591.95	0.211629	0.1889331
2110	-1587.92	-1588.61	0.692571	0.1631295
2120	-1587.91	-1588.68	0.770367	0.1589877
2130	-1587.92	-1588.61	0.692852	0.1631145
2140	-1588.14	-1589.01	0.864229	0.1539946
2150	-1590.45	-1590.76	0.311834	0.1835179
2160	-1593.17	-1593.28	0.117617	0.1940376
2170	-1594.81	-1596.17	1.36159	0.1273705
2180	-1588.76	-1589.73	0.97013	0.1483605
2190	-1590.09	-1591.19	1.10182	0.1413413
2200	-1596.99	-1596.9	-0.0879706	0.2052905
2210	-1588.77	-1589.75	0.972219	0.1482493
2220	-1589.61	-1590.67	1.06128	0.1435044
2230	-1590.78	-1591.93	1.15287	0.1386122
2240	-1587.98	-1588.64	0.659208	0.1649073
2250	-1588.06	-1588.9	0.840219	0.1552716
2260	-1589.11	-1590.13	1.01231	0.1461143
2270	-1588.78	-1589.27	0.49044	0.1739223
2280	-1589.31	-1589.73	0.42339	0.1775169
2290	-1590.66	-1591.8	1.14424	0.1390743
2300	-1588.75	-1589.72	0.968674	0.1484379
2310	-1603.06	-1604.68	1.62062	0.1130534
2320	-1588.32	-1589.23	0.902738	0.1519463
2330	-1587.97	-1588.63	0.666749	0.1645054
2340	-1588.59	-1589.11	0.518146	0.1724394
2350	-1592.19	-1593.43	1.23835	0.1340276
2360	-1589.18	-1590.2	1.0192	0.1457474
2370	-1601.08	-1602.65	1.56924	0.1159429
2380	-1590.55	-1590.85	0.303422	0.1839716
2390	-1588.25	-1588.83	0.581011	0.1690792
2400	-1590.48	-1591.61	1.1318	0.1397395
2410	-1595.7	-1597.1	1.39689	0.1254498
2420	-1590.35	-1591.47	1.1221	0.1402577
2430	-1588.57	-1589.51	0.943205	0.1497934
2440	-1587.98	-1588.79	0.810748	0.1568393
2450	-1587.96	-1588.76	0.80317	0.1572424
2460	-1588.16	-1588.76	0.603282	0.1678902
2470	-1588.02	-1588.67	0.644307	0.1657017
2480	-1588.87	-1589.85	0.984143	0.1476145
2490	-1587.92	-1588.7	0.781606	0.1583897
2500	-1588.48	-1589.41	0.92986	0.1505034
2510	-1593.11	-1594.4	1.28587	0.1314686
2520	-1589.95	-1591.04	1.09113	0.141912
2530	-1587.89	-1588.64	0.744282	0.160376
2540	-1591.91	-1593.13	1.22277	0.1348648
2550	-1592.68	-1593.94	1.26427	0.1326328
2560	-1587.89	-1588.63	0.733241	0.1609637
2570	-1589.61	-1590.68	1.06182	0.1434758
2580	-1590.93	-1592.1	1.16323	0.1380576
2590	-1595.14	-1596.52	1.37511	0.1266357
2600	-1595.14	-1595.14	0.00515771	0.2001769
2610	-1591.67	-1592.87	1.2088	0.1356151
2620	-1587.94	-1588.73	0.792432	0.1578137
2630	-1587.9	-1588.61	0.714225	0.1619762
2640	-1590.49	-1591.62	1.13223	0.139716
2650	-1588.44	-1588.98	0.544598	0.1710248
2660	-1590.03	-1590.38	0.349649	0.1814806
2670	-1588.2	-1589.07	0.876803	0.1533258
2680	-1587.89	-1588.64	0.744405	0.1603694
2690	-1589.24	-1589.67	0.431464	0.1770836
2700	-1592.56	-1593.81	1.25786	0.1329781
2710	-1587.9	-1588.62	0.717052	0.1618256
2720	-1591.5	-1592.7	1.19888	0.1361472
2730	-1588.9	-1589.88	0.987374	0.1474425
2740	-1591.12	-1592.29	1.17506	0.1374242
2750	-1592.05	-1592.24	0.189937	0.1901088
2760	-1590.85	-1591.13	0.278859	0.1852972
2770	-1588.77	-1589.75	0.972135	0.1482537
2780	-1589.01	-1590.01	1.00025	0.146757
2790	-1591.85	-1593.07	1.21959	0.1350361
2800	-1588.3	-1589.2	0.898943	0.1521481
2810	-1589.27	-1590.3	1.02848	0.1452528
2820	-1589.39	-1590.43	1.04078	0.1445976
2830	-1588.8	-1589.28	0.487969	0.1740546
2840	-1587.89	-1588.62	0.727956	0.1612451
2850	-1587.98	-1588.64	0.659789	0.1648763
2860	-1587.94	-1588.74	0.795325	0.1576598
2870	-1588.2	-1588.79	0.59421	0.1683745
2880	-1589.14	-1590.16	1.01543	0.1459482
2890	-1588.01	-1588.84	0.824805	0.1560915
2900	-1587.93	-1588.72	0.786503	0.1581291
2910	-1590.14	-1590.48	0.339408	0.182032
2920	-1588.96	-1589.43	0.465936	0.175235
2930	-1587.89	-1588.63	0.736673	0.160781
2940	-1587.96	-1588.76	0.80409	0.1571934
2950	-1592.08	-1593.31	1.23247	0.134344
2960	-1587.98	-1588.64	0.662552	0.1647291
2970	-1589.54	-1589.94	0.397806	0.1788908
2980	-1589.97	-1590.32	0.355285	0.1811773
2990	-1588.1	-1588.96	0.853359	0.1545727
3000	-1587.89	-1588.62	0.731536	0.1610545
3010	-1587.92	-1588.61	0.692819	0.1631163
3020	-1589.06	-1589.51	0.453203	0.1759175
3030	-1591.89	-1593.11	1.2218	0.1349171
3040	-1588.96	-1589.95	0.994457	0.1470653
3050	-1588.67	-1589.17	0.507099	0.1730305
3060	-1588.88	-1589.87	0.985592	0.1475374
3070	-1588.85	-1589.33	0.480831	0.1744369
3080	-1589.14	-1589.58	0.443846	0.1764193
3090	-1589.29	-1589.71	0.425777	0.1773888
3100	-1593.53	-1593.62	0.0956108	0.195236
3110	-1588.53	-1589.47	0.937991	0.1500708
3120	-1588.21	-1588.8	0.59172	0.1685074
3130	-1588.34	-1589.25	0.906584	0.1517417
3140	-1588.43	-1588.98	0.545782	0.1709615
3150	-1587.93	-1588.72	0.789044	0.1579939
3160	-1590.68	-1591.83	1.1463	0.138964
3170	-1587.9	-1588.62	0.721653	0.1615807
3180	-1597.77	-1599.24	1.47024	0.1214328
3190	-1589.38	-1590.42	1.03987	0.1446463
3200	-1590.13	-1590.47	0.340683	0.1819634
3210	-1588.06	-1588.69	0.631669	0.1663757
3220	-1588.48	-1589.41	0.930504	0.1504692
3230	-1587.94	-1588.74	0.795985	0.1576246
3240	-1588.02	-1588.85	0.82763	0.1559412
3250	-1590.8	-1591.95	1.15405	0.1385491
3260	-1590.57	-1590.87	0.301771	0.1840606
3270	-1591.72	-1592.93	1.21207	0.1354396
3280	-1589.16	-1589.6	0.441201	0.1765612
3290	-1592.73	-1592.88	0.144841	0.1925569
3300	-1588.17	-1588.77	0.599967	0.1680672
3310	-1588.75	-1589.72	0.969333	0.1484029
3320	-1590.29	-1591.41	1.11804	0.140475
3330	-1587.9	-1588.61	0.711738	0.1621086
3340	-1587.9	-1588.62	0.717354	0.1618096
3350	-1589.94	-1591.03	1.09024	0.1419592
3360	-1588.09	-1588.95	0.851312	0.1546816
3370	-1587.89	-1588.63	0.733774	0.1609354
3380	-1591.51	-1592.71	1.19955	0.1361116
3390	-1588.03	-1588.87	0.833265	0.1556415
3400	-1589.39	-1590.43	1.04051	0.144612
3410	-1590.67	-1591.81	1.14519	0.1390231
3420	-1594.62	-1595.98	1.35396	0.1277846
3430	-1588.11	-1588.96	0.855233	0.1544731
3440	-1592.66	-1593.92	1.26325	0.1326877
3450	-1588.16	-1588.77	0.601876	0.1679653
3460	-1588.27	-1588.85	0.577635	0.1692595
3470	-1587.91	-1588.61	0.705946	0.1624171
3480	-1588.36	-1589.27	0.90973	0.1515743
3490	-1588.72	-1589.22	0.498929	0.1734678
3500	-1587.9	-1588.61	0.715843	0.16189
3510	-1588.63	-1589.14	0.512589	0.1727367
3520	-1588.01	-1588.66	0.649223	0.1654396
3530	-1592.5	-1593.75	1.25494	0.1331356
3540	-1587.91	-1588.61	0.700577	0.162703
3550	-1588.08	-1588.7	0.625905	0.1666831
3560	-1589.47	-1590.52	1.04849	0.1441867
3570	-1595.17	-1596.55	1.37633	0.1265696
3580	-1589.15	-1589.59	0.442596	0.1764864
3590	-1589.14	-1589.58	0.443392	0.1764437
3600	-1587.99	-1588.8	0.815834	0.1565687
3610	-1590.45	-1591.58	1.12958	0.1398581
3620	-1588.98	-1589.44	0.463369	0.1753726
3630	-1588.01	-1588.66	0.649472	0.1654264
3640	-1588.01	-1588.84	0.82573	0.1560423
3650	-1589.45	-1590.5	1.04691	0.144271
3660	-1592.34	-1593.58	1.24631	0.1335996
3670	-1588.8	-1589.78	0.975902	0.1480532
3680	-1589.12	-1590.13	1.0128	0.1460882
3690	-1590.64	-1591.78	1.14309	0.1391358
3700	-1587.98	-1588.8	0.814726	0.1566276
3710	-1589.49	-1590.54	1.0501	0.1441005
3720	-1591.02	-1591.28	0.265503	0.1860186
3730	-1592.41	-1592.58	0.165676	0.1914251
3740	-1588.18	-1588.78	0.597723	0.1681869
3750	-1587.9	-1588.62	0.718765	0.1617344
3760	-1590.83	-1591.11	0.280195	0.185225
3770	-1589.9	-1590.26	0.362009	0.1808154
3780	-1589.23	-1590.26	1.02496	0.1454404
3790	-1595.7	-1595.68	-0.0242813	0.2017904
3800	-1589.85	-1590.94	1.0828	0.1423566
3810	-1589.65	-1590.71	1.06475	0.1433192
3820	-1587.91	-1588.67	0.767996	0.1591139
3830	-1592.79	-1592.94	0.140791	0.1927771
3840	-1587.92	-1588.61	0.697273	0.162879
3850	-1591.66	-1592.87	1.20861	0.1356252
3860	-1593.04	-1594.32	1.28242	0.131655
3870	-1587.94	-1588.73	0.7933	0.1577675
3880	-1588.01	-1588.66	0.647109	0.1655523
3890	-1592.35	-1593.6	1.24696	0.1335649
3900	-1590.18	-1590.51	0.336116	0.1822093
3910	-1589.52	-1589.92	0.400466	0.1787479
3920	-1589.48	-1590.53	1.04925	0.144146
3930	-1593.21	-1593.32	0.115002	0.1941799
3940	-1588.66	-1589.17	0.508172	0.1729731
3950	-1589.06	-1590.07	1.00694	0.1464007
3960	-1587.94	-1588.73	0.79197	0.1578382
3970	-1588.02	-1588.85	0.827416	0.1559526
3980	-1589.04	-1589.5	0.455395	0.1758
3990	-1588.39	-1589.31	0.915417	0.1512718
4000	-1589.92	-1591.01	1.0882	0.1420684
4010	-1588.37	-1588.93	0.556838	0.1703705
4020	-1588.19	-1588.79	0.59461	0.1683532
4030	-1588.4	-1589.31	0.916095	0.1512357
4040	-1588.82	-1589.31	0.484114	0.1742611
4050	-1588.91	-1589.38	0.472162	0.1749013
4060	-1599.19	-1600.7	1.51506	0.1189587
4070	-1591.41	-1592.61	1.19365	0.1364277
4080	-1591.34	-1592.53	1.18948	0.1366512
4090	-1588.7	-1589.2	0.501878	0.1733099
4100	-1588.39	-1589.3	0.914511	0.15132
4110	-1588.06	-1588.91	0.842325	0.1551596
4120	-1588.68	-1589.64	0.95939	0.1489321
4130	-1587.9	-1588.66	0.762549	0.1594037
4140	-1588.11	-1588.73	0.6157	0.1672276
4150	-1588.27	-1589.17	0.893414	0.1524422
4160	-1587.95	-1588.76	0.801282	0.1573428
4170	-1590.46	-1591.59	1.13016	0.1398268
4180	-1588.44	-1588.98	0.544996	0.1710035
4190	-1588.66	-1589.61	0.956248	0.1490993
4200	-1592.9	-1593.03	0.134385	0.1931253
4210	-1587.96	-1588.63	0.669353	0.1643666
4220	-1593.19	-1593.31	0.11615	0.1941174
4230	-1590.22	-1590.55	0.332205	0.18242
4240	-1589.46	-1590.51	1.04781	0.1442229
4250	-1588.36	-1589.27	0.909814	0.1515699
4260	-1590.23	-1591.34	1.11301	0.1407434
4270	-1590.25	-1591.36	1.11434	0.1406726
4280	-1587.95	-1588.76	0.801125	0.1573512
4290	-1603.34	-1602.98	-0.355947	0.220169
4300	-1587.91	-1588.68	0.770253	0.1589938
4310	-1588.29	-1589.19	0.896801	0.1522621
4320	-1587.9	-1588.61	0.712661	0.1620595
4330	-1588.31	-1589.21	0.900637	0.152058
4340	-1594	-1595.32	1.32691	0.1292511
4350	-1591.39	-1592.58	1.1924	0.1364948
4360	-1590.92	-1591.19	0.273181	0.1856038
4370	-1587.94	-1588.73	0.791632	0.1578563
4380	-1587.97	-1588.77	0.806366	0.1570724
4390	-1595.43	-1596.82	1.38649	0.1260162
4400	-1588.24	-1588.82	0.584787	0.1688776
4410	-1589.6	-1590.66	1.06089	0.1435251
4420	-1587.9	-1588.66	0.759249	0.1595794
4430	-1587.9	-1588.62	0.717264	0.1618144
4440	-1589.48	-1590.53	1.04974	0.1441199
4450	-1588.93	-1589.4	0.469752	0.1750305
4460	-1590.55	-1590.86	0.303072	0.1839905
4470	-1588.05	-1588.89	0.837733	0.1554039
4480	-1589.64	-1590.7	1.06427	0.1433449
4490	-1589.18	-1589.61	0.439047	0.1766768
4500	-1592.59	-1593.85	1.25958	0.1328854
4510	-1588.27	-1589.16	0.891771	0.1525296
4520	-1588.62	-1589.13	0.514216	0.1726496
4530	-1594.9	-1594.92	0.017753	0.1994874
4540	-1588.15	-1589.02	0.865812	0.1539104
4550	-1588.65	-1589.16	0.509528	0.1729005
4560	-1591.9	-1592.1	0.200461	0.1895383
4570	-1588.62	-1589.57	0.95086	0.1493861
4580	-1587.95	-1588.75	0.799201	0.1574536
4590	-1590.97	-1591.24	0.269309	0.185813
4600	-1588.52	-1589.45	0.935524	0.1502021
4610	-1588.06	-1588.69	0.631193	0.1664011
4620	-1587.9	-1588.66	0.758954	0.159595
4630	-1591.13	-1592.3	1.17591	0.1373789
4640	-1591.23	-1592.41	1.18228	0.1370372
4650	-1596.93	-1598.37	1.44177	0.1229968
4660	-1588.97	-1589.44	0.464059	0.1753356
4670	-1587.93	-1588.71	0.784733	0.1582233
4680	-1588.08	-1588.93	0.847436	0.1548878
4690	-1593.47	-1594.77	1.30287	0.1305507
4700	-1594.54	-1595.89	1.35039	0.1279785
4710	-1587.98	-1588.64	0.659925	0.1648691
4720	-1588.21	-1589.09	0.879561	0.1531791
4730	-1591.98	-1593.21	1.2269	0.1346434
4740	-1593.2	-1594.49	1.28995	0.1312485
4750	-1598.96	-1600.47	1.50806	0.1193461
4760	-1588.09	-1588.94	0.849668	0.154769
4770	-1592.36	-1592.53	0.169	0.1912447
4780	-1588.23	-1588.82	0.585126	0.1688595
4790	-1588.2	-1588.79	0.593144	0.1684314
4800	-1592.21	-1593.45	1.23964	0.1339586
4810	-1590.37	-1590.69	0.318785	0.1831432
4820	-1592.08	-1593.31	1.23217	0.1343598
4830	-1587.9	-1588.61	0.715273	0.1619204
4840	-1587.89	-1588.62	0.722683	0.1615258
4850	-1594.84	-1594.86	0.0211706	0.1993004
4860	-1588.23	-1589.12	0.884498	0.1529165
4870	-1587.9	-1588.67	0.765428	0.1592505
4880	-1592.56	-1593.82	1.25803	0.1329692
4890	-1608.02	-1607.5	-0.522454	0.2295471
4900	-1588.14	-1589	0.86367	0.1540243
4910	-1594.55	-1595.9	1.35078	0.1279573
4920	-1587.92	-1588.61	0.696684	0.1629104
4930	-1591	-1592.16	1.16737	0.1378362
4940	-1587.95	-1588.62	0.677497	0.1639326
4950	-1588.24	-1589.13	0.886516	0.1528091
4960	-1589.41	-1590.45	1.04236	0.1445134
4970	-1587.93	-1588.62	0.68662	0.1634465
4980	-1587.95	-1588.74	0.796155	0.1576156
4990	-1588.38	-1589.29	0.913156	0.1513921
5000	-1588.78	-1589.75	0.973099	0.1482024
5010	-1587.89	-1588.63	0.736506	0.1607899
5020	-1589.25	-1590.27	1.02647	0.1453602
5030	-1590.15	-1591.26	1.10689	0.1410702
5040	-1588.25	-1589.14	0.888868	0.1526841
5050	-1595.14	-1596.52	1.37523	0.1266294
5060	-1593.03	-1593.15	0.126193	0.1935709
5070	-1591.52	-1591.75	0.227137	0.1880934
5080	-1590.76	-1591.92	1.1518	0.1386698
5090	-1588.69	-1589.65	0.960583	0.1488686
5100	-1588.72	-1589.22	0.499252	0.1734505
5110	-1591.75	-1592.97	1.21383	0.1353451
5120	-1588.11	-1588.73	0.615452	0.1672408
5130	-1587.91	-1588.68	0.771005	0.1589538
5140	-1591.09	-1591.35	0.259374	0.1863498
5150	-1588.92	-1589.91	0.989727	0.1473172
5160	-1588.18	-1588.78	0.598645	0.1681378
5170	-1588.47	-1589.01	0.539577	0.1712932
5180	-1587.9	-1588.62	0.718845	0.1617302
5190	-1589.63	-1590.02	0.388621	0.1793843
5200	-1587.91	-1588.61	0.704132	0.1625137
5210	-1597.06	-1598.5	1.44621	0.1227533
5220	-1588	-1588.82	0.821799	0.1562514
5230	-1587.9	-1588.65	0.752073	0.1599612
5240	-1589.26	-1590.29	1.02774	0.1452926
5250	-1591.31	-1592.49	1.18715	0.1367762
5260	-1588.61	-1589.12	0.516224	0.1725422
5270	-1589.84	-1590.92	1.08151	0.1424253
5280	-1589.79	-1590.17	0.372219	0.1802662
5290	-1587.9	-1588.65	0.752094	0.1599601
5300	-1590.46	-1590.77	0.311137	0.1835555
5310	-1592.16	-1592.34	0.182595	0.190507
5320	-1591.82	-1593.04	1.2177	0.1351375
5330	-1596.32	-1597.74	1.42003	0.1241863
5340	-1587.9	-1588.61	0.710553	0.1621718
5350	-1591.64	-1592.85	1.20737	0.135692
5360	-1588.05	-1588.89	0.839487	0.1553106
5370	-1588.97	-1589.96	0.995838	0.1469918
5380	-1589.83	-1590.91	1.08078	0.1424643
5390	-1587.89	-1588.63	0.737476	0.1607383
5400	-1591.99	-1593.21	1.22722	0.1346261
5410	-1588.1	-1588.72	0.618029	0.1671033
5420	-1587.89	-1588.64	0.750432	0.1600486
5430	-1590.15	-1590.49	0.338091	0.182103
5440	-1591.55	-1592.75	1.20187	0.135987
5450	-1588.71	-1589.67	0.963511	0.1487128
5460	-1588.01	-1588.84	0.826412	0.156006
5470	-1588.36	-1588.92	0.55868	0.1702721
5480	-1588.99	-1589.99	0.998208	0.1468656
5490	-1590.83	-1591.11	0.279896	0.1852412
5500	-1588.11	-1588.97	0.856593	0.1544007
5510	-1587.89	-1588.62	0.727104	0.1612904
5520	-1591.92	-1593.14	1.22328	0.1348374
5530	-1588.78	-1589.75	0.972806	0.148218
5540	-1591.43	-1592.62	1.19449	0.1363831
5550	-1588.01	-1588.66	0.649128	0.1654447
5560	-1590.22	-1590.55	0.33214	0.1824235
5570	-1588.93	-1589.92	0.991552	0.14722
5580	-1588.18	-1589.05	0.871931	0.1535849
5590	-1592.98	-1593.11	0.129081	0.1934138
5600	-1607.37	-1609.09	1.7177	0.107498
5610	-1595.98	-1597.38	1.40741	0.1248758
5620	-1588.15	-1589.02	0.866823	0.1538566
5630	-1592.83	-1592.97	0.138444	0.1929047
5640	-1587.97	-1588.63	0.666299	0.1645294
5650	-1587.98	-1588.64	0.660555	0.1648355
5660	-1589.82	-1590.19	0.369824	0.180395
5670	-1587.91	-1588.61	0.704332	0.1625031
5680	-1588.57	-1589.09	0.521899	0.1722386
5690	-1589.37	-1589.78	0.41708	0.1778556
5700	-1592.13	-1593.36	1.23501	0.1342074
5710	-1588.19	-1589.07	0.8757	0.1533844
5720	-1596.44	-1597.87	1.42447	0.1239438
5730	-1588.65	-1589.16	0.508893	0.1729345
5740	-1588.1	-1588.72	0.61985	0.1670061
5750	-1591.9	-1593.12	1.22212	0.1348998
5760	-1590.41	-1590.72	0.315399	0.1833257
5770	-1590.6	-1590.9	0.299125	0.1842033
5780	-1587.97	-1588.63	0.665823	0.1645547
5790	-1592.39	-1593.64	1.24922	0.1334434
5800	-1588.59	-1589.11	0.519097	0.1723885
5810	-1590.76	-1591.05	0.285736	0.1849259
5820	-1588.13	-1588.74	0.609587	0.1675538
5830	-1589.75	-1590.82	1.07359	0.1428478
5840	-1602.44	-1604.04	1.60501	0.1139347
5850	-1596.61	-1598.04	1.43055	0.123611
5860	-1588.01	-1588.66	0.648153	0.1654967
5870	-1592.83	-1594.1	1.27172	0.1322318
5880	-1588.51	-1589.04	0.531879	0.1717048
5890	-1592.05	-1592.24	0.189891	0.1901113
5900	-1588.56	-1589.5	0.94181	0.1498676
5910	-1588.58	-1589.1	0.520647	0.1723056
5920	-1587.9	-1588.66	0.760252	0.159526
5930	-1591.45	-1592.64	1.19561	0.1363226
5940	-1587.98	-1588.79	0.811936	0.1567761
5950	-1595.45	-1595.44	-0.011299	0.2010785
5960	-1588.14	-1588.75	0.60704	0.1676897
5970	-1595.52	-1596.91	1.39017	0.1258161
5980	-1591.5	-1592.7	1.19889	0.136147
5990	-1591.1	-1592.27	1.17405	0.1374783
6000	-1588.33	-1588.89	0.565858	0.1698886
6010	-1589.15	-1589.59	0.442033	0.1765166
6020	-1588.23	-1589.11	0.883388	0.1529755
6030	-1587.97	-1588.78	0.808234	0.156973
6040	-1588.27	-1588.84	0.577994	0.1692403
6050	-1588.91	-1589.9	0.989049	0.1473533
6060	-1593.97	-1595.29	1.32556	0.129324
6070	-1587.95	-1588.63	0.674533	0.1640906
6080	-1588.1	-1588.95	0.852852	0.1545997
6090	-1587.89	-1588.63	0.741005	0.1605504
6100	-1588.19	-1589.07	0.875619	0.1533887
6110	-1587.96	-1588.63	0.668255	0.1644251
6120	-1597.5	-1598.96	1.46127	0.1219261
6130	-1587.97	-1588.78	0.80895	0.1569349
6140	-1588.24	-1588.83	0.583249	0.1689597
6150	-1588.29	-1589.19	0.896493	0.1522785
6160	-1587.95	-1588.75	0.799565	0.1574342
6170	-1588.41	-1589.33	0.917987	0.1511351
6180	-1588.05	-1588.68	0.634381	0.166231
6190	-1592.42	-1593.67	1.25075	0.133361
6200	-1590.07	-1591.17	1.10038	0.141418
6210	-1589.54	-1590.59	1.05467	0.1438568
6220	-1589.43	-1590.47	1.04432	0.1444088
6230	-1592.58	-1592.73	0.154656	0.1920236
6240	-1588.79	-1589.28	0.488964	0.1740014
6250	-1590.19	-1590.52	0.334974	0.1822709
6260	-1588.78	-1589.27	0.490533	0.1739174
6270	-1589.34	-1590.38	1.03599	0.1448528
6280	-1590.91	-1591.18	0.274095	0.1855544
6290	-1588.6	-1589.11	0.517726	0.1724618
6300	-1588.99	-1589.45	0.461837	0.1754547
6310	-1593.74	-1595.05	1.31534	0.129877
6320	-1588.17	-1589.04	0.869842	0.1536961
6330	-1588.58	-1589.52	0.945106	0.1496922
6340	-1589.57	-1590.63	1.05813	0.1436727
6350	-1588.19	-1589.06	0.874366	0.1534554
6360	-1589.48	-1590.53	1.04941	0.1441376
6370	-1591.35	-1591.59	0.240079	0.1873931
6380	-1589.05	-1590.05	1.00483	0.1465132
6390	-1592.04	-1593.27	1.23006	0.1344736
6400	-1588.25	-1589.13	0.88765	0.1527488
6410	-1587.96	-1588.63	0.668374	0.1644188
6420	-1588.24	-1588.82	0.583817	0.1689294
6430	-1588.21	-1589.08	0.878857	0.1532165
6440	-1588.11	-1588.73	0.615152	0.1672568
6450	-1588.15	-1588.76	0.605039	0.1677965
6460	-1589.49	-1590.54	1.05046	0.1440813
6470	-1592.54	-1592.7	0.156871	0.1919033
6480	-1588.65	-1589.6	0.955074	0.1491618
6490	-1587.9	-1588.66	0.762978	0.1593809
6500	-1590.12	-1590.46	0.34129	0.1819307
6510	-1587.97	-1588.63	0.667413	0.16447
6520	-1591.88	-1593.1	1.22103	0.1349585
6530	-1587.94	-1588.73	0.793558	0.1577538
6540	-1587.9	-1588.61	0.709882	0.1622074
6550	-1600.02	-1599.8	-0.224046	0.212814
6560	-1587.9	-1588.61	0.712633	0.1620609
6570	-1587.95	-1588.63	0.673748	0.1641324
6580	-1593.94	-1594.01	0.0716248	0.1965438
6590	-1591.18	-1591.43	0.252954	0.1866968
6600	-1589.8	-1590.88	1.07812	0.1426064
6610	-1587.95	-1588.75	0.800501	0.1573844
6620	-1588.14	-1588.75	0.60799	0.167639
6630	-1588.64	-1589.15	0.510512	0.1728479
6640	-1587.99	-1588.65	0.656679	0.1650421
6650	-1593.26	-1593.37	0.112039	0.1943412
6660	-1588.24	-1588.82	0.583789	0.1689309
6670	-1588.49	-1589.43	0.93226	0.1503757
6680	-1588.02	-1588.66	0.644889	0.1656707
6690	-1587.96	-1588.63	0.669381	0.1643651
6700	-1589.42	-1589.83	0.411568	0.1781516
6710	-1587.92	-1588.61	0.695752	0.1629601
6720	-1588.15	-1588.75	0.605924	0.1677492
6730	-1587.91	-1588.68	0.770005	0.159007
6740	-1591.37	-1592.56	1.19088	0.1365764
6750	-1588.84	-1589.32	0.481896	0.1743799
6760	-1591.5	-1592.7	1.1992	0.1361301
6770	-1587.92	-1588.61	0.693784	0.1630649
6780	-1588.17	-1589.04	0.869984	0.1536885
6790	-1589.46	-1589.86	0.407193	0.1783866
6800	-1590.83	-1591.11	0.280072	0.1852317
6810	-1588.04	-1588.68	0.637308	0.166075
6820	-1587.89	-1588.63	0.73849	0.1606842
6830	-1588	-1588.82	0.821658	0.1562589
6840	-1587.95	-1588.75	0.800084	0.1574066
6850	-1588.15	-1588.76	0.605202	0.1677877
6860	-1590.12	-1590.46	0.341035	0.1819444
6870	-1590.93	-1592.09	1.16284	0.1380784
6880	-1588.5	-1589.44	0.933889	0.1502891
6890	-1588.44	-1588.99	0.543597	0.1710783
6900	-1588.91	-1589.9	0.989412	0.147334
6910	-1589.9	-1590.99	1.08684	0.1421408
6920	-1588.56	-1589.5	0.941706	0.1498731
6930	-1587.92	-1588.7	0.778213	0.1585702
6940	-1588.46	-1589.38	0.926156	0.1507005
6950	-1588.56	-1589.5	0.942592	0.149826
6960	-1588.71	-1589.68	0.964313	0.1486701
6970	-1587.9	-1588.65	0.75243	0.1599423
6980	-1593.27	-1594.56	1.29344	0.1310603
6990	-1588.27	-1589.16	0.891961	0.1525195
7000	-1587.89	-1588.64	0.744538	0.1603623
7010	-1603.44	-1605.07	1.6299	0.1125284
7020	-1589.11	-1589.55	0.447341	0.1762319
7030	-1588.57	-1589.51	0.943273	0.1497897
7040	-1587.99	-1588.81	0.816884	0.1565129
7050	-1588.51	-1589.04	0.531348	0.1717332
7060	-1592.53	-1592.68	0.158054	0.191839
7070	-1589.21	-1589.65	0.434514	0.1769199
7080	-1587.92	-1588.61	0.695199	0.1629895
7090	-1589.09	-1590.1	1.00983	0.1462465
7100	-1590.12	-1590.46	0.341059	0.1819431
7110	-1588.04	-1588.88	0.836485	0.1554703
7120	-1593.04	-1594.32	1.28242	0.1316545
7130	-1588.06	-1588.9	0.840909	0.155235
7140	-1588.9	-1589.88	0.987266	0.1474483
7150	-1588.58	-1589.1	0.520182	0.1723305
7160	-1587.91	-1588.67	0.767931	0.1591174
7170	-1588.13	-1588.99	0.860907	0.1541713
7180	-1587.89	-1588.62	0.731693	0.1610461
7190	-1591.12	-1591.38	0.257602	0.1864456
7200	-1601.4	-1602.98	1.57787	0.1154596
7210	-1588.78	-1589.27	0.490581	0.1739148
7220	-1588.08	-1588.7	0.626113	0.166672
7230	-1587.91	-1588.61	0.70704	0.1623588
7240	-1590.94	-1591.21	0.271296	0.1857057
7250	-1589.11	-1589.56	0.446499	0.1762771
7260	-1588.17	-1588.77	0.599921	0.1680696
7270	-1588.93	-1589.92	0.991368	0.1472298
7280	-1587.91	-1588.61	0.699327	0.1627696
7290	-1588.02	-1588.67	0.643273	0.1657568
7300	-1587.93	-1588.72	0.789755	0.1579561
7310	-1588.52	-1589.45	0.935495	0.1502036
7320	-1588.03	-1588.87	0.832619	0.1556759
7330	-1587.91	-1588.61	0.704992	0.1624679
7340	-1591.48	-1592.67	1.19755	0.1362189
7350	-1588.41	-1588.96	0.549225	0.1707774
7360	-1588.74	-1589.7	0.967089	0.1485223
7370	-1588.11	-1588.96	0.85499	0.154486
7380	-1587.93	-1588.62	0.687633	0.1633925
7390	-1601.62	-1603.21	1.5838	0.115127
7400	-1588.64	-1589.15	0.511208	0.1728106
7410	-1587.96	-1588.77	0.804616	0.1571655
7420	-1591.15	-1591.4	0.255424	0.1865633
7430	-1589.91	-1590.27	0.360539	0.1808945
7440	-1588.86	-1589.85	0.983323	0.1476582
7450	-1588.24	-1589.13	0.886071	0.1528328
7460	-1587.9	-1588.67	0.763226	0.1593677
7470	-1588.38	-1588.93	0.55578	0.1704271
7480	-1589.49	-1590.54	1.05064	0.144072
7490	-1588.65	-1589.61	0.955792	0.1491236
7500	-1589.4	-1590.45	1.04225	0.1445191
7510	-1588.79	-1589.77	0.974547	0.1481253
7520	-1589.11	-1589.56	0.446639	0.1762695
7530	-1592.53	-1593.78	1.25634	0.13306
7540	-1588.35	-1588.91	0.56135	0.1701295
7550	-1590.38	-1590.7	0.317597	0.1832072
7560	-1588.15	-1588.76	0.604778	0.1678104
7570	-1590.34	-1591.46	1.12127	0.140302
7580	-1587.92	-1588.71	0.782506	0.1583418
7590	-1589.69	-1590.76	1.06911	0.1430867
7600	-1590.69	-1591.83	1.14631	0.1389631
7610	-1588.33	-1588.9	0.564374	0.1699679
7620	-1590.12	-1591.22	1.10419	0.1412146
7630	-1620.76	-1622.7	1.93759	0.0941743
7640	-1589.96	-1590.32	0.35569	0.1811555
7650	-1588.3	-1589.2	0.898397	0.1521772
7660	-1590.08	-1590.42	0.344988	0.1817316
7670	-1592.3	-1592.48	0.172823	0.1910372
7680	-1587.9	-1588.66	0.761009	0.1594857
7690	-1588.76	-1589.74	0.970869	0.1483211
7700	-1589.74	-1590.82	1.0734	0.1428583
7710	-1588.89	-1589.37	0.475037	0.1747473
7720	-1588.31	-1589.21	0.90007	0.1520882
7730	-1592.15	-1593.39	1.23632	0.1341372
7740	-1587.92	-1588.61	0.693441	0.1630831
7750	-1587.91	-1588.68	0.773189	0.1588375
7760	-1589.01	-1590.01	1.00115	0.1467087
7770	-1594.43	-1595.78	1.34579	0.1282281
7780	-1588.42	-1588.97	0.546887	0.1709024
7790	-1591.27	-1591.52	0.245983	0.1870737
7800	-1588.13	-1588.99	0.860163	0.1542109
7810	-1588.18	-1588.77	0.59896	0.1681209
7820	-1598.07	-1599.55	1.47997	0.1208974
7830	-1588.11	-1588.96	0.854284	0.1545235
7840	-1591.45	-1591.69	0.232289	0.1878146
7850	-1588.21	-1589.09	0.879806	0.153166
7860	-1596.12	-1597.54	1.41289	0.1245766
7870	-1588.91	-1589.9	0.98875	0.1473692
7880	-1608.88	-1610.63	1.74792	0.1057368
7890	-1588.36	-1588.92	0.558752	0.1702683
7900	-1587.97	-1588.64	0.663058	0.1647021
7910	-1587.9	-1588.65	0.752921	0.1599161
7920	-1587.91	-1588.61	0.698375	0.1628203
7930	-1589.59	-1589.98	0.393389	0.1791281
7940	-1589.16	-1589.6	0.441313	0.1765552
7950	-1588.17	-1588.77	0.599233	0.1681063
7960	-1590.41	-1591.53	1.12644	0.1400259
7970	-1588.14	-1588.75	0.609149	0.1675771
7980	-1589.49	-1590.54	1.05015	0.1440982
7990	-1590.69	-1590.98	0.291876	0.1845945
8000	-1590.89	-1591.17	0.275371	0.1854855
8010	-1588.8	-1589.77	0.974989	0.1481018
8020	-1589.58	-1590.64	1.05868	0.1436431
8030	-1590.49	-1590.8	0.308319	0.1837075
8040	-1589.55	-1589.94	0.397429	0.178911
8050	-1588.61	-1589.13	0.515548	0.1725784
8060	-1589.62	-1590.68	1.0624	0.1434448
8070	-1589.15	-1590.17	1.01654	0.1458894
8080	-1591.25	-1592.43	1.18352	0.1369711
8090	-1589.27	-1590.29	1.02835	0.1452597
8100	-1588.39	-1589.3	0.914261	0.1513333
8110	-1589.87	-1590.95	1.08416	0.142284
8120	-1588.82	-1589.31	0.483988	0.1742679
8130	-1588.36	-1589.27	0.909415	0.1515911
8140	-1596.01	-1595.97	-0.0398289	0.2026436
8150	-1591.93	-1593.15	1.22378	0.134811
8160	-1592.46	-1592.62	0.162648	0.1915895
8170	-1590.25	-1591.36	1.11465	0.1406558
8180	-1589.82	-1590.9	1.08019	0.1424957
8190	-1588.67	-1589.62	0.957587	0.1490281
8200	-1588.63	-1589.58	0.952696	0.1492883
8210	-1588.13	-1588.74	0.610085	0.1675272
8220	-1588.52	-1589.05	0.530735	0.171766
8230	-1589.03	-1590.03	1.00313	0.1466037
8240	-1588.06	-1588.69	0.630615	0.1664319
8250	-1592.36	-1593.6	1.24742	0.1335402
8260	-1589.47	-1590.51	1.04818	0.1442033
8270	-1588.08	-1588.92	0.846453	0.1549401
8280	-1588.84	-1589.82	0.980756	0.1477948
8290	-1591.06	-1592.23	1.17132	0.1376248
8300	-1587.91	-1588.69	0.776246	0.1586749
8310	-1588.17	-1589.04	0.869985	0.1536884
8320	-1589.86	-1590.22	0.365932	0.1806044
8330	-1591.57	-1592.77	1.20306	0.1359233
8340	-1588.48	-1589.41	0.929373	0.1505294
8350	-1591.74	-1591.95	0.211405	0.1889453
8360	-1587.89	-1588.63	0.736787	0.1607749
8370	-1591.68	-1591.9	0.215856	0.1887042
8380	-1607.12	-1606.63	-0.491738	0.227809
8390	-1592.42	-1593.67	1.25072	0.1333627
8400	-1588.68	-1589.18	0.504875	0.1731496
8410	-1588.06	-1588.9	0.840339	0.1552653
8420	-1588.08	-1588.71	0.624204	0.1667739
8430	-1587.98	-1588.79	0.812018	0.1567717
8440	-1589.22	-1589.65	0.43379	0.1769588
8450	-1591.68	-1592.89	1.20973	0.1355652
8460	-1587.89	-1588.62	0.731969	0.1610314
8470	-1589.42	-1590.47	1.04413	0.1444191
8480	-1588.9	-1589.89	0.988338	0.1473911
8490	-1588.4	-1589.32	0.916964	0.1511895
8500	-1587.91	-1588.68	0.770285	0.158992
8510	-1589.89	-1590.97	1.08556	0.1422089
8520	-1588.25	-1589.13	0.887696	0.1527464
8530	-1596.94	-1598.38	1.44208	0.1229796
8540	-1588.29	-1589.18	0.895502	0.1523312
8550	-1600.75	-1602.31	1.56022	0.1164465
8560	-1588.42	-1589.34	0.9197	0.1510439
8570	-1588.69	-1589.2	0.502884	0.1732561
8580	-1588.97	-1589.97	0.996343	0.1469649
8590	-1589.02	-1589.48	0.457927	0.1756643
8600	-1587.94	-1588.74	0.79557	0.1576467
8610	-1588.01	-1588.66	0.649528	0.1654233
8620	-1587.9	-1588.67	0.764319	0.1593095
8630	-1597.21	-1598.67	1.45162	0.1224562
8640	-1590.6	-1591.74	1.14007	0.1392971
8650	-1590.84	-1591.12	0.279377	0.1852692
8660	-1588.72	-1589.69	0.965065	0.14863
8670	-1588.37	-1588.93	0.556357	0.1703963
8680	-1588.13	-1588.99	0.860276	0.1542048
8690	-1588.12	-1588.97	0.85702	0.154378
8700	-1588.01	-1588.66	0.647926	0.1655088
8710	-1588.88	-1589.86	0.985121	0.1475624
8720	-1592.01	-1593.24	1.22868	0.1345475
8730	-1589.86	-1590.95	1.0838	0.1423032
8740	-1589.29	-1590.32	1.03043	0.1451493
8750	-1587.9	-1588.65	0.75533	0.1597879
8760	-1590.24	-1591.35	1.11365	0.1407091
8770	-1587.9	-1588.62	0.718175	0.1617659
8780	-1593.79	-1595.11	1.31787	0.1297402
8790	-1595.59	-1595.58	-0.0186621	0.2014822
8800	-1588.67	-1589.63	0.958723	0.1489676
8810	-1590.89	-1592.05	1.16038	0.1382104
8820	-1589.71	-1590.09	0.380835	0.1798029
8830	-1587.89	-1588.63	0.741773	0.1605095
8840	-1595.7	-1597.09	1.39676	0.1254569
8850	-1590.6	-1590.9	0.299213	0.1841986
8860	-1599.55	-1601.08	1.52589	0.1183578
8870	-1587.95	-1588.63	0.6745	0.1640923
8880	-1590.97	-1591.24	0.26926	0.1858156
8890	-1588.95	-1589.94	0.993546	0.1471139
8900	-1592.3	-1592.47	0.173127	0.1910207
8910	-1590.38	-1590.69	0.318383	0.1831649
8920	-1587.97	-1588.78	0.808194	0.1569751
8930	-1590.12	-1590.46	0.341318	0.1819292
8940	-1587.89	-1588.64	0.750294	0.160056
8950	-1588.69	-1589.19	0.504085	0.1731918
8960	-1588.13	-1588.74	0.611786	0.1674364
8970	-1592.8	-1594.08	1.27062	0.1322909
8980	-1588.95	-1589.42	0.466841	0.1751865
8990	-1588.82	-1589.31	0.483963	0.1742692
9000	-1588.44	-1588.99	0.54363	0.1710765
9010	-1590.15	-1590.49	0.338276	0.182093
9020	-1588.06	-1588.9	0.841613	0.1551975
9030	-1587.95	-1588.63	0.673864	0.1641262
9040	-1591.31	-1591.55	0.242938	0.1872385
9050	-1589.62	-1590.68	1.06237	0.1434463
9060	-1588.23	-1588.82	0.585687	0.1688295
9070	-1587.93	-1588.62	0.685084	0.1635284
9080	-1589.12	-1589.57	0.445431	0.1763343
9090	-1587.99	-1588.81	0.816523	0.1565321
9100	-1587.96	-1588.63	0.671375	0.1642589
9110	-1590.52	-1591.66	1.13479	0.1395795
9120	-1589.52	-1590.57	1.05336	0.1439269
9130	-1587.9	-1588.66	0.757784	0.1596573
9140	-1588.01	-1588.83	0.824607	0.1561021
9150	-1588.61	-1589.56	0.95024	0.149419
9160	-1589.2	-1590.22	1.02135	0.1456332
9170	-1588.62	-1589.58	0.951819	0.149335
9180	-1588.07	-1588.92	0.84471	0.1550328
9190	-1591.52	-1592.72	1.19998	0.1360883
9200	-1592.32	-1593.57	1.24568	0.1336334
9210	-1587.97	-1588.78	0.810064	0.1568757
9220	-1590.73	-1591.02	0.288343	0.1847852
9230	-1587.89	-1588.63	0.73346	0.160952
9240	-1587.92	-1588.61	0.696465	0.1629221
9250	-1590.87	-1591.15	0.277073	0.1853936
9260	-1588.02	-1588.84	0.826749	0.1559881
9270	-1595.1	-1596.47	1.37348	0.1267243
9280	-1588.21	-1588.8	0.590686	0.1685626
9290	-1588.44	-1588.98	0.544385	0.1710361
9300	-1588.38	-1588.93	0.555441	0.1704452
9310	-1588.09	-1588.71	0.621614	0.1669121
9320	-1592.02	-1593.25	1.229	0.1345305
9330	-1588.04	-1588.88	0.835456	0.155525
9340	-1588.92	-1589.91	0.990599	0.1472708
9350	-1593.03	-1594.31	1.28178	0.1316893
9360	-1587.89	-1588.63	0.73786	0.1607178
9370	-1591.28	-1592.47	1.18545	0.1368677
9380	-1588.21	-1588.8	0.590377	0.1685791
9390	-1588.05	-1588.69	0.633726	0.1662659
9400	-1588.21	-1589.09	0.880035	0.1531539
9410	-1588.6	-1589.54	0.947792	0.1495493
9420	-1590.64	-1591.78	1.14282	0.1391497
9430	-1587.98	-1588.64	0.662739	0.1647191
9440	-1588.04	-1588.68	0.638145	0.1660303
9450	-1590.83	-1591.99	1.15618	0.1384352
9460	-1588.91	-1589.39	0.471818	0.1749198
9470	-1589.16	-1589.6	0.441283	0.1765568
9480	-1588.9	-1589.88	0.987419	0.1474401
9490	-1587.89	-1588.63	0.74113	0.1605437
9500	-1589.89	-1590.98	1.08593	0.1421893
9510	-1587.89	-1588.64	0.743368	0.1604246
9520	-1588.21	-1589.09	0.879149	0.153201
9530	-1587.92	-1588.61	0.696275	0.1629322
9540	-1591.34	-1592.53	1.18924	0.1366645
9550	-1589	-1590	0.99931	0.1468069
9560	-1587.95	-1588.63	0.67502	0.1640646
9570	-1589.3	-1590.34	1.03217	0.1450564
9580	-1588	-1588.82	0.821289	0.1562785
9590	-1588.16	-1589.03	0.867843	0.1538024
9600	-1589.34	-1589.76	0.420082	0.1776945
9610	-1588.26	-1589.15	0.890974	0.1525721
9620	-1587.98	-1588.64	0.659146	0.1649106
9630	-1593.36	-1593.46	0.105884	0.1946763
9640	-1588.64	-1589.59	0.953707	0.1492345
9650	-1590.83	-1591.11	0.280354	0.1852164
9660	-1593.1	-1594.39	1.28532	0.1314982
9670	-1587.91	-1588.61	0.700098	0.1627286
9680	-1589.94	-1591.03	1.09005	0.1419696
9690	-1590.65	-1591.79	1.14391	0.1390919
9700	-1588.41	-1588.96	0.550286	0.1707207
9710	-1588.2	-1589.08	0.8786	0.1532302
9720	-1591.73	-1592.95	1.21279	0.1354009
9730	-1588.18	-1589.05	0.873277	0.1535133
9740	-1592.57	-1593.83	1.25864	0.1329362
9750	-1588.15	-1588.75	0.606045	0.1677428
9760	-1588.05	-1588.68	0.634169	0.1662424
9770	-1600.51	-1602.06	1.5534	0.1168273
9780	-1587.97	-1588.63	0.666748	0.1645054
9790	-1588.41	-1588.96	0.550054	0.1707331
9800	-1588.16	-1589.03	0.86806	0.1537908
9810	-1589.65	-1590.04	0.386383	0.1795047
9820	-1587.9	-1588.66	0.760822	0.1594957
9830	-1588.88	-1589.86	0.984864	0.1475761
9840	-1589.86	-1590.22	0.366224	0.1805887
9850	-1593.62	-1594.93	1.30974	0.1301795
9860	-1590.44	-1591.57	1.12874	0.1399026
9870	-1589.34	-1590.37	1.03573	0.1448666
9880	-1597.57	-1599.03	1.46363	0.1217966
9890	-1587.89	-1588.63	0.736788	0.1607749
9900	-1587.89	-1588.64	0.749909	0.1600765
9910	-1589.04	-1589.5	0.455273	0.1758066
9920	-1603.7	-1603.33	-0.369538	0.2209305
9930	-1588.43	-1588.98	0.545194	0.1709929
9940	-1588.2	-1588.8	0.592075	0.1684884
9950	-1588.43	-1589.35	0.921347	0.1509563
9960	-1595.95	-1597.36	1.40658	0.1249214
9970	-1590.25	-1591.36	1.11456	0.1406608
9980	-1587.93	-1588.71	0.78514	0.1582017
9990	-1587.96	-1588.63	0.671263	0.1642648
10000	-1588.17	-1588.77	0.600508	0.1680383
