Iteration	Posterior	Likelihood	Prior	birth_rate
0	-1649.43	-1651.62	2.19496	0.07520234
10	-1789.95	-1791.87	1.92598	0.03388095
20	-1648.86	-1651.05	2.19167	0.07550388
30	-1604.5	-1606.15	1.65498	0.1111031
40	-1621.58	-1623.53	1.94821	0.09349167
50	-1602.03	-1603.62	1.59437	0.1145332
60	-1629.17	-1631.2	2.03569	0.0876487
70	-1628.81	-1630.85	2.03201	0.0879035
80	-1597.49	-1598.95	1.46086	0.1219487
90	-1591.55	-1592.76	1.20215	0.1359718
100	-1628.88	-1630.92	2.03273	0.08785376
110	-1623.55	-1625.53	1.97283	0.09188928
120	-1604.91	-1606.57	1.66435	0.1105681
130	-1589.04	-1590.04	1.00402	0.1465559
140	-1588.94	-1589.94	0.993089	0.1471382
150	-1619.13	-1621.04	1.91556	0.09557619
160	-1613.25	-1615.07	1.82638	0.1010758
170	-1617.94	-1619.84	1.89884	0.09662719
180	-1609.53	-1611.29	1.76029	0.105011
190	-1692.05	-1694.36	2.3103	0.05722611
200	-1598.61	-1600.11	1.49722	0.1199456
210	-1588.12	-1588.98	0.858316	0.1543091
220	-1642.77	-1644.93	2.15246	0.0788917
230	-1707.12	-1709.42	2.30153	0.05243621
240	-1700.5	-1702.81	2.30806	0.05446574
250	-1604.42	-1606.08	1.65323	0.1112026
260	-1590.98	-1592.15	1.16644	0.1378861
270	-1588.87	-1589.86	0.98456	0.1475923
280	-1628.73	-1630.76	2.03112	0.08796484
290	-1610.22	-1611.99	1.77322	0.104249
300	-1591.69	-1591.9	0.215255	0.1887367
310	-1587.89	-1588.64	0.748985	0.1601256
320	-1588.94	-1589.93	0.992411	0.1471743
330	-1588.45	-1588.99	0.542818	0.1711199
340	-1592.52	-1593.77	1.25578	0.1330904
350	-1590.95	-1592.11	1.16427	0.1380021
360	-1693.75	-1696.06	2.31042	0.05665462
370	-1600.13	-1601.67	1.54263	0.1174275
380	-1648.97	-1651.17	2.19233	0.0754433
390	-1657.97	-1660.21	2.2381	0.07090269
400	-1589.34	-1590.38	1.03599	0.1448529
410	-1587.91	-1588.61	0.705357	0.1624485
420	-1626.14	-1628.14	2.003	0.08988291
430	-1589.03	-1590.03	1.00289	0.1466164
440	-1587.91	-1588.68	0.773102	0.1588421
450	-1588.15	-1588.76	0.604694	0.1678149
460	-1619.36	-1621.27	1.91871	0.0953766
470	-1587.99	-1588.65	0.655536	0.1651031
480	-1620.98	-1620.07	-0.90947	0.2517809
490	-1590.16	-1591.27	1.10782	0.1410204
500	-1636.6	-1638.7	2.10493	0.08263938
510	-1668.58	-1670.86	2.27624	0.06612172
520	-1707.71	-1710.01	2.30075	0.05226099
530	-1680.23	-1682.53	2.30104	0.061457
540	-1680.18	-1682.48	2.30097	0.06147637
550	-1708.7	-1711	2.29937	0.05196763
560	-1608.89	-1610.64	1.74808	0.1057274
570	-1595.76	-1595.73	-0.0271876	0.2019498
580	-1591.67	-1592.87	1.20877	0.1356166
590	-1589.42	-1590.47	1.04422	0.1444144
600	-1589.45	-1590.5	1.0468	0.1442769
610	-1597.44	-1597.33	-0.109494	0.2064763
620	-1589.29	-1590.32	1.03093	0.1451227
630	-1678.39	-1680.69	2.29822	0.0621575
640	-1603.71	-1605.35	1.63652	0.1121531
650	-1606.26	-1607.95	1.69427	0.1088521
660	-1609.56	-1611.32	1.76085	0.1049782
670	-1623.94	-1625.92	1.97749	0.09158232
680	-1723.18	-1725.45	2.26952	0.04793826
690	-1695.83	-1698.14	2.31016	0.0559648
700	-1591.9	-1593.13	1.22251	0.1348789
710	-1598.19	-1599.67	1.48382	0.1206848
720	-1612.85	-1614.67	1.81971	0.1014775
730	-1647.8	-1649.98	2.18532	0.07607646
740	-1593.76	-1593.84	0.0818488	0.1959861
750	-1596.03	-1595.99	-0.040793	0.2026965
760	-1597.56	-1599.03	1.46343	0.1218076
770	-1587.97	-1588.64	0.663933	0.1646554
780	-1591.55	-1592.75	1.20183	0.1359891
790	-1587.93	-1588.72	0.787916	0.1580539
800	-1628.34	-1630.37	2.02702	0.08824773
810	-1676.09	-1678.38	2.29411	0.06305405
820	-1764.84	-1766.93	2.09176	0.03845434
830	-1743.61	-1745.81	2.19841	0.04294394
840	-1766.3	-1768.38	2.08328	0.03816837
850	-1630.56	-1632.61	2.04982	0.08665942
860	-1704.88	-1707.19	2.30419	0.05310951
870	-1646.93	-1649.11	2.17998	0.07654983
880	-1618.95	-1620.86	1.91309	0.09573162
890	-1759.24	-1761.37	2.12296	0.03957697
900	-1711.04	-1713.34	2.29577	0.05128343
910	-1618.83	-1620.74	1.91142	0.09583736
920	-1633.06	-1635.14	2.07378	0.08494676
930	-1589.91	-1591	1.08783	0.142088
940	-1589.98	-1590.34	0.354005	0.1812461
950	-1592.34	-1593.58	1.24639	0.1335955
960	-1588.6	-1589.11	0.517941	0.1724504
970	-1627.19	-1629.21	2.01473	0.08908887
980	-1676.29	-1678.58	2.2945	0.06297432
990	-1652.82	-1655.04	2.21356	0.07343839
1000	-1604.74	-1606.4	1.66058	0.1107836
1010	-1692.6	-1694.91	2.31037	0.05703944
1020	-1802.83	-1804.66	1.82522	0.03179386
1030	-1790.88	-1792.8	1.91901	0.03372379
1040	-1707.99	-1710.29	2.30037	0.05217857
1050	-1714.44	-1716.73	2.28968	0.05031497
1060	-1709.29	-1711.59	2.29851	0.05179364
1070	-1652.99	-1655.21	2.21446	0.07335088
1080	-1667.77	-1670.05	2.27388	0.06646712
1090	-1692.73	-1695.04	2.31038	0.05699782
1100	-1642.33	-1644.48	2.14933	0.0791486
1110	-1692.32	-1694.63	2.31033	0.05713562
1120	-1602.55	-1604.16	1.60782	0.1137762
1130	-1644.02	-1646.18	2.16108	0.07817414
1140	-1842.78	-1844.23	1.44875	0.02622727
1150	-1772.9	-1774.95	2.04305	0.03690605
1160	-1740.11	-1742.32	2.21288	0.04374924
1170	-1709.61	-1711.9	2.29804	0.05170156
1180	-1608.73	-1610.48	1.74498	0.1059089
1190	-1597.58	-1599.04	1.46383	0.1217855
1200	-1733.59	-1735.82	2.23734	0.04530229
1210	-1718.95	-1721.23	2.28007	0.04906751
1220	-1657.87	-1660.11	2.23767	0.07095007
1230	-1712.71	-1715.01	2.2929	0.05080438
1240	-1699.97	-1702.28	2.3084	0.0546314
1250	-1689.19	-1691.5	2.30943	0.05820951
1260	-1647.12	-1649.3	2.18118	0.07644407
1270	-1596.99	-1598.44	1.44406	0.1228709
1280	-1601.43	-1603.01	1.57872	0.1154121
1290	-1673.37	-1675.66	2.28847	0.06413514
1300	-1595.2	-1596.58	1.3774	0.1265111
1310	-1588.66	-1589.17	0.50746	0.1730112
1320	-1593.74	-1595.05	1.3153	0.129879
1330	-1632.27	-1634.34	2.06638	0.08548104
1340	-1719.98	-1722.25	2.27765	0.04879071
1350	-1627.2	-1629.22	2.01485	0.08908134
1360	-1651.24	-1653.45	2.20515	0.07425014
1370	-1611.99	-1613.79	1.80494	0.1023635
1380	-1632.63	-1634.7	2.06977	0.08523682
1390	-1878.22	-1879.25	1.03766	0.02221425
1400	-1763.96	-1766.06	2.0968	0.03862771
1410	-1653.32	-1655.54	2.21612	0.07318625
1420	-1656.66	-1658.89	2.23225	0.07153347
1430	-1708.37	-1710.67	2.29984	0.05206542
1440	-1588.26	-1589.15	0.89062	0.1525909
1450	-1589.42	-1590.46	1.04358	0.1444482
1460	-1602.18	-1601.87	-0.311322	0.2176735
1470	-1588.38	-1588.93	0.555816	0.1704252
1480	-1641.21	-1643.36	2.14124	0.07980616
1490	-1652.99	-1655.21	2.21445	0.07335118
1500	-1712.79	-1715.08	2.29276	0.05078187
1510	-1591.37	-1592.56	1.19111	0.1365639
1520	-1604.63	-1606.29	1.65799	0.1109316
1530	-1596.33	-1597.75	1.42035	0.1241691
1540	-1608.76	-1610.5	1.74545	0.1058815
1550	-1589.35	-1589.77	0.419296	0.1777367
1560	-1599.04	-1600.55	1.51049	0.1192114
1570	-1626.15	-1628.15	2.00318	0.08987135
1580	-1676.29	-1678.58	2.2945	0.06297478
1590	-1612.83	-1614.65	1.81942	0.1014949
1600	-1650.58	-1652.78	2.2015	0.07459484
1610	-1608.74	-1610.48	1.74512	0.1059007
1620	-1646.69	-1648.87	2.17848	0.07668153
1630	-1695.44	-1697.75	2.31024	0.05609277
1640	-1649.68	-1651.88	2.19644	0.07506669
1650	-1734.02	-1736.26	2.2358	0.04519585
1660	-1676.05	-1678.34	2.29404	0.06306944
1670	-1720.86	-1723.13	2.27549	0.0485541
1680	-1713.7	-1716	2.29109	0.05052268
1690	-1610.82	-1612.6	1.78417	0.1036007
1700	-1681.02	-1683.32	2.30214	0.06115871
1710	-1639.48	-1641.61	2.12818	0.08084609
1720	-1602.82	-1604.44	1.61464	0.1133915
1730	-1663.18	-1665.44	2.25881	0.06848592
1740	-1615.21	-1617.07	1.85798	0.09915516
1750	-1659.16	-1661.4	2.24318	0.07033922
1760	-1598.52	-1600.01	1.49441	0.1201004
1770	-1608.91	-1610.66	1.74851	0.1057023
1780	-1598.04	-1599.52	1.47901	0.1209502
1790	-1641.84	-1643.99	2.14581	0.07943652
1800	-1647.39	-1649.58	2.18286	0.07629524
1810	-1640.93	-1643.07	2.13913	0.07997596
1820	-1587.95	-1588.63	0.673067	0.1641686
1830	-1597.47	-1598.93	1.46036	0.1219761
1840	-1622.68	-1624.64	1.96214	0.09258835
1850	-1590.8	-1591.95	1.15417	0.1385428
1860	-1635.64	-1637.74	2.09683	0.08324939
1870	-1610.5	-1612.28	1.77842	0.1039414
1880	-1646.04	-1644.54	-1.50141	0.2870915
1890	-1632.28	-1634.35	2.06645	0.08547569
1900	-1651.87	-1654.07	2.20852	0.07392794
1910	-1699.06	-1701.37	2.30893	0.05492237
1920	-1728.57	-1730.82	2.25392	0.0465474
1930	-1642.49	-1644.64	2.15047	0.07905557
1940	-1709.72	-1712.02	2.29786	0.05166718
1950	-1602.97	-1604.59	1.61841	0.1131785
1960	-1627.51	-1629.53	2.01819	0.08885335
1970	-1756.03	-1758.17	2.13988	0.0402401
1980	-1634.37	-1636.45	2.08565	0.08407889
1990	-1663.28	-1665.54	2.25918	0.06844019
2000	-1712.08	-1714.38	2.29401	0.0509848
2010	-1683.42	-1685.72	2.30504	0.06026987
2020	-1605.84	-1607.52	1.6852	0.1093739
2030	-1666.71	-1668.98	2.27064	0.06692658
2040	-1788.74	-1790.67	1.9349	0.03408513
2050	-1654.54	-1656.76	2.22224	0.0725734
2060	-1687.01	-1689.32	2.3082	0.05897198
2070	-1643.97	-1646.13	2.16074	0.07820257
2080	-1732.75	-1734.99	2.24024	0.0455063
2090	-1658.9	-1661.14	2.24209	0.07046161
2100	-1587.95	-1588.75	0.798064	0.157514
2110	-1625.94	-1627.94	2.00076	0.09003359
2120	-1616.05	-1617.92	1.87101	0.09835476
2130	-1652.6	-1654.82	2.21243	0.07354925
2140	-1736.72	-1738.95	2.22597	0.04454579
2150	-1721.39	-1723.67	2.27415	0.04841032
2160	-1751.64	-1753.8	2.16184	0.04117024
2170	-1709.31	-1711.61	2.29848	0.05178714
2180	-1623.89	-1625.87	1.97693	0.09161925
2190	-1587.91	-1588.69	0.773735	0.1588085
2200	-1589.45	-1589.86	0.407562	0.1783667
2210	-1589.84	-1590.92	1.08181	0.1424092
2220	-1741.1	-1743.31	2.20886	0.04351839
2230	-1821.42	-1823.08	1.66181	0.02904638
2240	-1724.08	-1726.34	2.26707	0.04770205
2250	-1747.99	-1750.17	2.17903	0.04196385
2260	-1701.77	-1704.08	2.30712	0.05406597
2270	-1730.94	-1733.19	2.24633	0.04595311
2280	-1640.89	-1643.03	2.13885	0.07999874
2290	-1630.82	-1632.87	2.05231	0.08648364
2300	-1650.87	-1653.07	2.20309	0.07444531
2310	-1598.96	-1600.47	1.50818	0.1193396
2320	-1588.56	-1589.09	0.523028	0.1721782
2330	-1609.05	-1608.5	-0.556633	0.2314856
2340	-1623.63	-1625.6	1.97378	0.09182684
2350	-1688.96	-1691.27	2.30932	0.05828879
2360	-1674.37	-1676.67	2.29065	0.06373285
2370	-1608.89	-1610.64	1.74812	0.1057253
2380	-1633.02	-1635.1	2.07342	0.08497306
2390	-1612.18	-1613.99	1.80834	0.1021601
2400	-1750.98	-1753.14	2.16503	0.04131283
2410	-1775.58	-1777.6	2.02593	0.0364099
2420	-1652.28	-1654.49	2.21071	0.07371639
2430	-1747.28	-1749.46	2.18228	0.04212117
2440	-1698.24	-1700.55	2.30934	0.05518438
2450	-1607.86	-1609.59	1.72775	0.1069143
2460	-1588.16	-1588.77	0.601756	0.1679717
2470	-1623.68	-1625.65	1.97437	0.09178764
2480	-1594.59	-1595.94	1.35252	0.1278627
2490	-1590.37	-1591.5	1.12387	0.140163
2500	-1724.56	-1726.82	2.26574	0.04757615
2510	-1735.16	-1737.39	2.23175	0.04492156
2520	-1674.6	-1676.89	2.29112	0.06364465
2530	-1714.66	-1716.95	2.28926	0.05025433
2540	-1606.45	-1608.15	1.69833	0.108618
2550	-1589.02	-1590.02	1.00135	0.1466985
2560	-1592.85	-1594.12	1.27284	0.1321712
2570	-1610.9	-1612.69	1.78568	0.1035112
2580	-1673.08	-1675.37	2.2878	0.06425502
2590	-1706.55	-1708.85	2.30225	0.0526074
2600	-1610.35	-1609.75	-0.598713	0.2338786
2610	-1593.48	-1593.58	0.0985249	0.1950772
2620	-1589.45	-1590.49	1.04631	0.1443025
2630	-1597.55	-1599.01	1.46286	0.1218388
2640	-1640.91	-1643.05	2.13898	0.0799881
2650	-1603.65	-1605.28	1.63489	0.1122454
2660	-1741.29	-1743.5	2.20808	0.0434744
2670	-1720.75	-1723.02	2.27576	0.04858273
2680	-1654.37	-1656.59	2.22137	0.07266093
2690	-1706.16	-1708.46	2.30272	0.05272265
2700	-1683.92	-1686.22	2.30557	0.06008579
2710	-1673.12	-1675.41	2.28789	0.06423822
2720	-1619.57	-1621.49	1.92168	0.0951887
2730	-1592.89	-1594.17	1.27493	0.1320588
2740	-1625.42	-1627.41	1.99482	0.09043214
2750	-1591.49	-1592.69	1.19851	0.1361674
2760	-1613.41	-1615.24	1.82913	0.10091
2770	-1662.31	-1664.57	2.25565	0.06887767
2780	-1649.94	-1652.13	2.19788	0.07493294
2790	-1687.5	-1689.81	2.30851	0.0588007
2800	-1622.71	-1624.67	1.9625	0.09256509
2810	-1626.52	-1628.53	2.00729	0.08959394
2820	-1640.09	-1642.22	2.1328	0.08048088
2830	-1593.22	-1594.51	1.29105	0.131189
2840	-1593.45	-1593.55	0.100262	0.1949825
2850	-1670.44	-1672.72	2.28133	0.06533974
2860	-1693.43	-1695.74	2.31042	0.05676103
2870	-1611.57	-1613.37	1.79761	0.1028011
2880	-1599.85	-1601.38	1.53452	0.1178786
2890	-1594.94	-1596.3	1.3669	0.1270823
2900	-1594.05	-1594.11	0.0652174	0.1968935
2910	-1607.17	-1608.89	1.71362	0.1077345
2920	-1599.02	-1600.53	1.50995	0.1192416
2930	-1602.93	-1602.59	-0.340574	0.2193084
2940	-1670.29	-1672.57	2.28094	0.06540098
2950	-1624.84	-1626.83	1.98818	0.09087466
2960	-1773.11	-1775.15	2.04177	0.03686832
2970	-1836	-1837.52	1.51925	0.02708599
2980	-1742.46	-1744.66	2.20326	0.04320608
2990	-1593.97	-1595.3	1.32578	0.1293122
3000	-1588.52	-1589.05	0.530242	0.1717923
3010	-1600.29	-1601.84	1.54729	0.1171677
3020	-1588.17	-1588.77	0.601512	0.1679847
3030	-1604.99	-1606.66	1.66636	0.1104538
3040	-1797.66	-1799.52	1.86693	0.03261273
3050	-1602.5	-1604.1	1.6065	0.1138505
3060	-1686.05	-1683.81	-2.24642	0.3340287
3070	-1587.95	-1588.76	0.801267	0.1573437
3080	-1590.35	-1591.47	1.12218	0.1402534
3090	-1631.15	-1633.21	2.05559	0.08625124
3100	-1637.1	-1639.21	2.10913	0.08232037
3110	-1725.11	-1727.38	2.26419	0.04743257
3120	-1612.47	-1614.29	1.81332	0.1018616
3130	-1687.02	-1689.33	2.3082	0.05896826
3140	-1745.19	-1747.38	2.19158	0.04258686
3150	-1674.37	-1676.66	2.29065	0.06373396
3160	-1774.42	-1776.46	2.03338	0.03662317
3170	-1595.93	-1597.33	1.40558	0.1249756
3180	-1626.9	-1628.92	2.01155	0.08930553
3190	-1634.68	-1636.77	2.08846	0.08387153
3200	-1657.78	-1660.02	2.23729	0.070992
3210	-1714.88	-1717.17	2.28883	0.05019213
3220	-1681.22	-1683.52	2.30241	0.06108294
3230	-1628.95	-1630.99	2.03347	0.08780265
3240	-1693.42	-1695.73	2.31042	0.05676488
3250	-1587.9	-1588.65	0.757204	0.1596882
3260	-1600.38	-1601.93	1.54974	0.1170314
3270	-1637.16	-1639.27	2.10959	0.08228538
3280	-1670.83	-1673.11	2.28233	0.06517836
3290	-1654.33	-1656.55	2.22119	0.07267984
3300	-1679.07	-1681.36	2.2993	0.06189818
3310	-1679.51	-1681.81	2.29999	0.06172812
3320	-1893.21	-1894.05	0.842682	0.02072841
3330	-1698.76	-1701.07	2.30909	0.05501578
3340	-1681.21	-1683.51	2.3024	0.06108635
3350	-1609.98	-1611.75	1.76886	0.1045064
3360	-1645.77	-1647.94	2.17266	0.07718762
3370	-1595.84	-1595.81	-0.031407	0.2021813
3380	-1599.36	-1599.17	-0.195913	0.2112533
3390	-1620.28	-1622.21	1.93115	0.09458647
3400	-1593.5	-1593.59	0.0974964	0.1951332
3410	-1647.32	-1649.5	2.18242	0.07633402
3420	-1758.38	-1760.51	2.12755	0.03975299
3430	-1634.74	-1636.83	2.08892	0.08383758
3440	-1832.51	-1834.07	1.55447	0.02754038
3450	-1709.98	-1712.27	2.29747	0.0515933
3460	-1673.1	-1675.39	2.28785	0.06424538
3470	-1743.11	-1745.31	2.20055	0.04305888
3480	-1679.47	-1681.77	2.29993	0.06174249
3490	-1598.78	-1600.28	1.50249	0.1196542
3500	-1590.11	-1591.22	1.10405	0.1412218
3510	-1615.62	-1617.49	1.86443	0.09875955
3520	-1654.76	-1656.98	2.22331	0.07246482
3530	-1678.62	-1680.92	2.29859	0.06206874
3540	-1598.01	-1599.49	1.47808	0.1210011
3550	-1587.95	-1588.75	0.79906	0.157461
3560	-1605.17	-1606.84	1.67026	0.1102306
3570	-1642.94	-1645.09	2.1536	0.07879787
3580	-1647.96	-1650.15	2.18632	0.07598681
3590	-1618.86	-1620.77	1.91182	0.09581222
3600	-1695.65	-1697.96	2.3102	0.05602504
3610	-1602.54	-1604.14	1.60748	0.1137951
3620	-1589.97	-1591.06	1.09228	0.1418503
3630	-1596.7	-1598.13	1.43372	0.1234378
3640	-1600.47	-1602.02	1.55239	0.1168838
3650	-1609.1	-1610.85	1.75207	0.1054936
3660	-1600.26	-1601.81	1.54656	0.1172087
3670	-1593.04	-1593.16	0.125445	0.1936116
3680	-1588.81	-1589.79	0.976821	0.1480043
3690	-1615.6	-1617.46	1.86402	0.09878511
3700	-1603.16	-1604.78	1.623	0.112919
3710	-1690.91	-1693.22	2.31005	0.05761482
3720	-1632.04	-1634.11	2.06422	0.08563603
3730	-1622.93	-1624.9	1.96522	0.09238754
3740	-1595.12	-1596.49	1.37422	0.126684
3750	-1602.23	-1603.82	1.59954	0.1142426
3760	-1627.63	-1629.65	2.01946	0.08876663
3770	-1609.07	-1610.82	1.75153	0.1055253
3780	-1597.05	-1596.96	-0.0909977	0.2054572
3790	-1602.69	-1604.3	1.61131	0.1135794
3800	-1667.31	-1669.59	2.2725	0.06666436
3810	-1639.03	-1641.16	2.12469	0.0811199
3820	-1759.57	-1761.7	2.12117	0.03950919
3830	-1643.78	-1645.94	2.15943	0.07831312
3840	-1633.16	-1635.23	2.07466	0.08488261
3850	-1590.89	-1592.06	1.16061	0.1381978
3860	-1595.61	-1597	1.39337	0.1256415
3870	-1589.91	-1591	1.08751	0.1421049
3880	-1589.11	-1590.12	1.01187	0.1461377
3890	-1597.4	-1598.86	1.45798	0.1221069
3900	-1609.27	-1611.02	1.7553	0.1053043
3910	-1596.43	-1597.85	1.42401	0.1239689
3920	-1588.88	-1589.36	0.476465	0.1746708
3930	-1616.66	-1615.87	-0.789464	0.2448185
3940	-1623.82	-1622.83	-0.984704	0.2561782
3950	-1587.91	-1588.61	0.699589	0.1627557
3960	-1599.66	-1599.46	-0.208787	0.2119671
3970	-1655.88	-1658.11	2.22865	0.07191307
3980	-1717.07	-1719.36	2.28428	0.04958154
3990	-1736.61	-1738.84	2.22639	0.04457263
4000	-1776.48	-1778.5	2.02006	0.0362447
4010	-1717.47	-1719.75	2.28341	0.04947228
4020	-1602.79	-1604.4	1.61388	0.1134345
4030	-1644.27	-1646.43	2.16278	0.07803147
4040	-1618.66	-1620.57	1.90906	0.09598593
4050	-1592.42	-1592.59	0.164926	0.1914659
4060	-1677.47	-1679.76	2.29665	0.06251353
4070	-1782.61	-1784.59	1.97871	0.03514474
4080	-1678.53	-1680.83	2.29844	0.06210441
4090	-1678.63	-1680.92	2.2986	0.06206645
4100	-1749.25	-1751.42	2.17321	0.04168762
4110	-1689.95	-1692.26	2.30974	0.05794339
4120	-1608.29	-1610.03	1.73626	0.1064182
4130	-1670.1	-1668.13	-1.96922	0.3162222
4140	-1587.89	-1588.63	0.735094	0.1608651
4150	-1813.31	-1815.04	1.73571	0.03020956
4160	-1745.93	-1748.11	2.18835	0.04242251
4170	-1631.74	-1633.8	2.06133	0.08584243
4180	-1615.81	-1617.68	1.86737	0.09857872
4190	-1657.2	-1659.43	2.2347	0.07127202
4200	-1599.28	-1600.79	1.51765	0.1188148
4210	-1589.3	-1589.72	0.424996	0.1774307
4220	-1716.4	-1718.69	2.28572	0.04976726
4230	-1741.62	-1743.83	2.20674	0.04339913
4240	-1633.81	-1635.89	2.08062	0.08444857
4250	-1588.95	-1589.42	0.467405	0.1751563
4260	-1615.69	-1614.93	-0.761586	0.2432101
4270	-1592.24	-1592.42	0.176993	0.1908109
4280	-1588.41	-1589.32	0.917564	0.1511576
4290	-1646.29	-1648.46	2.17597	0.07690112
4300	-1643.89	-1646.05	2.16021	0.07824727
4310	-1679.74	-1682.04	2.30034	0.06164
4320	-1699.7	-1702.01	2.30857	0.05471834
4330	-1707.65	-1709.95	2.30083	0.05227843
4340	-1644.96	-1647.13	2.16736	0.0776432
4350	-1627.41	-1629.42	2.01703	0.08893272
4360	-1608.19	-1609.93	1.73438	0.1065281
4370	-1630.78	-1632.83	2.05194	0.08651
4380	-1663.82	-1666.08	2.26108	0.06819883
4390	-1679.55	-1681.85	2.30005	0.06171309
4400	-1713.22	-1715.52	2.29198	0.05065868
4410	-1758.55	-1760.68	2.12666	0.0397186
4420	-1661.46	-1663.71	2.25242	0.06926711
4430	-1597.37	-1598.83	1.45695	0.1221636
4440	-1604.52	-1604.12	-0.399684	0.222622
4450	-1619.1	-1621.01	1.91512	0.09560392
4460	-1743.22	-1745.42	2.20005	0.04303206
4470	-1597.99	-1599.47	1.47758	0.121029
4480	-1629.53	-1631.57	2.0394	0.08739023
4490	-1651.66	-1653.87	2.20742	0.07403384
4500	-1601.07	-1602.64	1.56903	0.1159546
4510	-1674.4	-1676.69	2.29071	0.06372317
4520	-1590.05	-1590.4	0.347568	0.1815927
4530	-1620.62	-1622.55	1.93571	0.09429498
4540	-1700.42	-1702.72	2.30811	0.05449163
4550	-1589.77	-1590.85	1.0758	0.1427301
4560	-1588.17	-1589.03	0.869521	0.1537131
4570	-1600.89	-1602.46	1.56411	0.1162293
4580	-1591.37	-1592.56	1.19101	0.1365692
4590	-1722.74	-1725.01	2.27068	0.04805345
4600	-1666.49	-1668.76	2.26997	0.06701946
4610	-1708.12	-1710.42	2.30018	0.0521373
4620	-1592.51	-1593.77	1.25574	0.1330923
4630	-1663.71	-1665.98	2.26072	0.06824463
4640	-1600.89	-1602.45	1.56392	0.1162401
4650	-1588.13	-1588.74	0.60993	0.1675354
4660	-1665.85	-1668.11	2.26791	0.0673016
4670	-1729.26	-1731.52	2.25174	0.0463722
4680	-1835.31	-1836.84	1.52627	0.0271752
4690	-1713.71	-1716	2.29108	0.05052198
4700	-1820.55	-1822.22	1.66998	0.02916937
4710	-1683.05	-1685.35	2.30464	0.0604045
4720	-1602.8	-1604.41	1.61401	0.1134269
4730	-1656.88	-1659.11	2.23326	0.07142596
4740	-1591.36	-1591.6	0.239013	0.1874508
4750	-1699.3	-1701.61	2.3088	0.05484441
4760	-1645.18	-1647.35	2.16883	0.07751762
4770	-1681.18	-1683.49	2.30236	0.06109678
4780	-1588.31	-1589.21	0.900075	0.152088
4790	-1601.85	-1603.44	1.58989	0.1147849
4800	-1661.32	-1663.58	2.2519	0.06932943
4810	-1758.15	-1760.28	2.12877	0.0398
4820	-1806.31	-1808.1	1.79624	0.03125705
4830	-1726.85	-1729.11	2.25915	0.04698451
4840	-1786.91	-1788.85	1.94826	0.03439793
4850	-1643.25	-1645.4	2.15577	0.07861776
4860	-1665.38	-1667.65	2.2664	0.06750526
4870	-1605.51	-1607.19	1.67804	0.1097848
4880	-1692.19	-1694.5	2.31032	0.0571792
4890	-1589.44	-1590.48	1.0452	0.1443619
4900	-1745.03	-1747.22	2.19228	0.04262294
4910	-1598.51	-1600.01	1.49415	0.120115
4920	-1588.81	-1589.78	0.976435	0.1480248
4930	-1587.92	-1588.69	0.777318	0.1586178
4940	-1616	-1617.88	1.87028	0.09839989
4950	-1685.12	-1687.43	2.30671	0.05964945
4960	-1714.91	-1717.2	2.28876	0.05018193
4970	-1716.39	-1718.67	2.28575	0.04977139
4980	-1695.65	-1697.96	2.3102	0.05602453
4990	-1706.31	-1708.61	2.30255	0.05267948
5000	-1627.9	-1629.93	2.02241	0.08856481
5010	-1623.44	-1625.41	1.97147	0.09197875
5020	-1607.26	-1608.98	1.71543	0.1076294
5030	-1631.47	-1633.53	2.0587	0.08603067
5040	-1715.42	-1717.71	2.28775	0.05004087
5050	-1666.55	-1668.82	2.27017	0.06699245
5060	-1616.3	-1618.18	1.87482	0.09811956
5070	-1626.86	-1628.87	2.01103	0.08934069
5080	-1601.56	-1603.14	1.58214	0.1152202
5090	-1700.04	-1702.35	2.30836	0.0546106
5100	-1613.68	-1615.51	1.83351	0.1006446
5110	-1587.9	-1588.61	0.713001	0.1620414
5120	-1593.86	-1593.94	0.0759272	0.1963091
5130	-1622.77	-1624.73	1.96323	0.09251729
5140	-1594.23	-1595.57	1.33726	0.1286905
5150	-1701.97	-1704.28	2.30696	0.05400327
5160	-1675.56	-1677.86	2.29309	0.06326012
5170	-1714.7	-1716.99	2.28918	0.05024306
5180	-1724.68	-1726.95	2.26539	0.04754385
5190	-1641.57	-1643.72	2.14386	0.07959467
5200	-1807.54	-1809.33	1.78578	0.03106925
5210	-1832.32	-1833.87	1.55644	0.02756622
5220	-1668.9	-1671.18	2.27714	0.06598767
5230	-1590.05	-1591.15	1.09914	0.1414844
5240	-1715.5	-1717.79	2.28759	0.05001875
5250	-1720.49	-1722.77	2.27639	0.04865181
5260	-1877.88	-1878.92	1.04187	0.02224871
5270	-1788.29	-1790.23	1.93821	0.0341619
5280	-1643.66	-1645.82	2.15865	0.07837766
5290	-1588.43	-1588.98	0.545116	0.1709971
5300	-1594.9	-1596.27	1.36539	0.1271639
5310	-1644.69	-1646.86	2.16557	0.07779469
5320	-1685.73	-1688.03	2.30723	0.05943137
5330	-1680.51	-1682.81	2.30145	0.06134896
5340	-1682.12	-1684.42	2.30356	0.0607474
5350	-1589.63	-1590.69	1.06291	0.1434178
5360	-1599.36	-1599.17	-0.195815	0.2112479
5370	-1632.97	-1631.76	-1.21092	0.269556
5380	-1588.98	-1589.44	0.463778	0.1753506
5390	-1647.64	-1649.83	2.18438	0.07615972
5400	-1755.99	-1758.13	2.1401	0.04024889
5410	-1605.24	-1606.92	1.67201	0.1101305
5420	-1636.69	-1638.79	2.10568	0.08258266
5430	-1610.56	-1612.34	1.77959	0.1038723
5440	-1600.7	-1600.45	-0.252227	0.2143801
5450	-1587.91	-1588.68	0.769908	0.1590121
5460	-1610.43	-1609.83	-0.601316	0.2340269
5470	-1601.11	-1600.84	-0.26871	0.2152974
5480	-1650.54	-1652.74	2.2013	0.0746141
5490	-1811.77	-1813.52	1.74928	0.03043631
5500	-1633.54	-1635.62	2.07822	0.08462384
5510	-1678.11	-1680.41	2.29776	0.06226428
5520	-1673.29	-1675.57	2.28826	0.06417139
5530	-1658.65	-1660.89	2.24104	0.07057827
5540	-1587.94	-1588.74	0.794494	0.157704
5550	-1651.63	-1653.83	2.20724	0.07405144
5560	-1648.45	-1650.64	2.18927	0.07572127
5570	-1637.52	-1639.63	2.11257	0.08205774
5580	-1625.82	-1627.82	1.99938	0.09012628
5590	-1624.5	-1626.49	1.98419	0.09113964
5600	-1625.74	-1627.74	1.99854	0.09018302
5610	-1617.29	-1619.18	1.88945	0.09721301
5620	-1639.95	-1642.08	2.13175	0.08056379
5630	-1869.37	-1870.52	1.14685	0.02314628
5640	-1855.76	-1857.06	1.30641	0.02466884
5650	-1786.09	-1788.04	1.95416	0.03453883
5660	-1721.3	-1723.57	2.27439	0.04843643
5670	-1783.18	-1785.15	1.97475	0.03504479
5680	-1739.19	-1741.41	2.21649	0.04396221
5690	-1802.7	-1804.52	1.82632	0.03181472
5700	-1663.11	-1665.36	2.25856	0.06851794
5710	-1711.93	-1714.22	2.29428	0.05102898
5720	-1705.43	-1707.73	2.30358	0.05294345
5730	-1662.79	-1665.05	2.2574	0.06866132
5740	-1652.45	-1654.66	2.21162	0.07362826
5750	-1665.7	-1667.97	2.26745	0.06736451
5760	-1611.33	-1613.12	1.79341	0.1030517
5770	-1588.21	-1589.09	0.879514	0.1531816
5780	-1589.22	-1589.65	0.43421	0.1769362
5790	-1589.52	-1589.92	0.400131	0.1787659
5800	-1616.29	-1615.51	-0.778753	0.2442001
5810	-1613.52	-1615.35	1.83085	0.1008059
5820	-1587.9	-1588.66	0.762805	0.1593901
5830	-1588.29	-1589.19	0.896456	0.1522804
5840	-1587.96	-1588.63	0.669446	0.1643617
5850	-1594.22	-1594.27	0.0555645	0.1974204
5860	-1587.99	-1588.8	0.816023	0.1565587
5870	-1588.89	-1589.88	0.986834	0.1474713
5880	-1650.32	-1648.73	-1.59007	0.292526
5890	-1588.84	-1589.82	0.980104	0.1478295
5900	-1629.01	-1627.89	-1.11569	0.2638953
5910	-1587.94	-1588.62	0.682561	0.1636628
5920	-1609.31	-1611.07	1.75622	0.1052503
5930	-1685.4	-1687.71	2.30695	0.05954904
5940	-1759.21	-1761.33	2.12313	0.03958337
5950	-1720.03	-1722.31	2.27752	0.04877628
5960	-1705.99	-1708.29	2.30293	0.05277568
5970	-1918.75	-1919.23	0.4825	0.01844488
5980	-1936.46	-1936.67	0.212188	0.01702366
5990	-1781.72	-1783.7	1.98485	0.03530157
6000	-1758.7	-1760.82	2.12589	0.03968905
6010	-1684.54	-1686.85	2.30618	0.05985892
6020	-1616.41	-1618.29	1.87648	0.09801745
6030	-1588.54	-1589.07	0.526569	0.1719888
6040	-1610.41	-1612.19	1.77677	0.1040387
6050	-1596.08	-1597.49	1.41123	0.1246674
6060	-1610.02	-1611.79	1.76947	0.1044706
6070	-1636.75	-1638.85	2.10619	0.08254431
6080	-1642.13	-1644.28	2.14788	0.07926755
6090	-1642.78	-1644.93	2.15251	0.07888763
6100	-1591.23	-1592.41	1.18225	0.1370392
6110	-1588.96	-1589.43	0.465828	0.1752408
6120	-1688.83	-1691.14	2.30926	0.05833297
6130	-1671.51	-1673.79	2.28405	0.06489775
6140	-1617.06	-1618.94	1.88603	0.09742566
6150	-1619.08	-1621	1.91497	0.09561297
6160	-1612.92	-1614.74	1.82085	0.1014093
6170	-1592.89	-1594.16	1.27485	0.1320632
6180	-1680.49	-1682.79	2.30142	0.06135667
6190	-1679.1	-1681.4	2.29935	0.06188615
6200	-1736.07	-1738.29	2.22842	0.04470316
6210	-1750.42	-1752.59	2.16768	0.04143274
6220	-1763.68	-1765.78	2.09841	0.03868372
6230	-1740.79	-1743	2.21012	0.04359009
6240	-1720.21	-1722.48	2.27709	0.04872818
6250	-1806.88	-1808.67	1.79142	0.03117005
6260	-1749.3	-1751.48	2.17297	0.04167649
6270	-1617.09	-1618.98	1.88651	0.09739601
6280	-1688.64	-1690.95	2.30917	0.05839845
6290	-1588.46	-1589.38	0.926462	0.1506842
6300	-1714.17	-1716.46	2.29021	0.05039153
6310	-1695.56	-1697.87	2.31022	0.05605497
6320	-1735.87	-1738.1	2.22912	0.04474886
6330	-1590.87	-1592.03	1.15922	0.1382722
6340	-1603.06	-1604.68	1.62049	0.113061
6350	-1651.34	-1653.55	2.20569	0.07419911
6360	-1630.22	-1632.26	2.04635	0.08690368
6370	-1614.65	-1616.49	1.84913	0.09969614
6380	-1601.03	-1602.59	1.56775	0.1160261
6390	-1596.2	-1597.61	1.41556	0.1244306
6400	-1595.33	-1595.32	-0.00485054	0.2007251
6410	-1597.42	-1598.88	1.45869	0.1220683
6420	-1661.18	-1663.43	2.25134	0.06939555
6430	-1674.56	-1676.85	2.29105	0.06365743
6440	-1649.24	-1651.43	2.19387	0.07530243
6450	-1733.35	-1735.59	2.23817	0.04535994
6460	-1629.26	-1631.3	2.03666	0.08758068
6470	-1636.79	-1638.89	2.10654	0.08251763
6480	-1600.57	-1602.13	1.55524	0.116725
6490	-1637.51	-1639.62	2.11249	0.08206341
6500	-1682.92	-1685.23	2.3045	0.06045087
6510	-1727.68	-1729.93	2.25667	0.04677408
6520	-1627.23	-1629.25	2.01516	0.08905961
6530	-1605.88	-1607.57	1.68617	0.1093182
6540	-1645.2	-1647.37	2.16896	0.07750617
6550	-1645.04	-1647.21	2.16791	0.0775961
6560	-1654.92	-1657.14	2.22407	0.07238629
6570	-1653.19	-1655.4	2.21545	0.07325244
6580	-1676.27	-1678.56	2.29446	0.06298205
6590	-1588.53	-1589.06	0.529235	0.1718462
6600	-1614.4	-1616.24	1.84521	0.09993491
6610	-1590.36	-1590.68	0.319566	0.1831011
6620	-1587.89	-1588.63	0.73678	0.1607753
6630	-1588.88	-1589.36	0.476098	0.1746905
6640	-1591.01	-1592.18	1.16825	0.1377891
6650	-1654.19	-1656.41	2.22051	0.07274803
6660	-1592.16	-1593.4	1.23699	0.1341008
6670	-1659.48	-1661.73	2.24454	0.07018515
6680	-1591.2	-1592.38	1.18043	0.1371364
6690	-1603.07	-1604.69	1.62085	0.1130407
6700	-1588.16	-1589.03	0.86941	0.153719
6710	-1641.48	-1643.62	2.14319	0.07964867
6720	-1748.29	-1750.47	2.17765	0.04189775
6730	-1641.23	-1643.37	2.14137	0.07979561
6740	-1637.12	-1639.23	2.10929	0.08230814
6750	-1644.95	-1647.11	2.16727	0.07765062
6760	-1589.95	-1591.04	1.09107	0.1419152
6770	-1606.22	-1605.76	-0.460564	0.2260487
6780	-1589.02	-1590.02	1.0018	0.1466745
6790	-1594.31	-1595.65	1.34057	0.1285108
6800	-1624.99	-1626.98	1.9899	0.09076032
6810	-1630.8	-1632.85	2.05213	0.08649629
6820	-1671.53	-1673.81	2.2841	0.0648899
6830	-1668.24	-1670.51	2.27524	0.06626856
6840	-1603.19	-1604.81	1.62368	0.1128803
6850	-1608.58	-1610.32	1.74192	0.1060881
6860	-1588.99	-1589.99	0.998983	0.1468243
6870	-1590.18	-1591.29	1.10926	0.1409436
6880	-1690.4	-1692.71	2.3099	0.05778999
6890	-1670.6	-1672.88	2.28175	0.06527208
6900	-1682.64	-1684.94	2.30417	0.06055577
6910	-1673.38	-1675.67	2.28848	0.06413282
6920	-1676.34	-1678.64	2.2946	0.06295251
6930	-1645.55	-1647.72	2.1712	0.0773135
6940	-1659.68	-1661.93	2.24537	0.07009052
6950	-1797.15	-1799.02	1.87095	0.03269484
6960	-1811.34	-1813.1	1.75299	0.03049913
6970	-1594.55	-1595.9	1.35091	0.1279503
6980	-1602.47	-1604.07	1.6057	0.1138959
6990	-1625.55	-1627.55	1.99639	0.09032712
7000	-1587.93	-1588.71	0.785937	0.1581592
7010	-1593.72	-1595.04	1.31467	0.1299134
7020	-1612.33	-1614.14	1.8109	0.1020069
7030	-1619.47	-1621.39	1.92022	0.09528102
7040	-1589.89	-1590.25	0.363152	0.1807539
7050	-1646.87	-1649.05	2.17965	0.07657902
7060	-1601.37	-1602.95	1.57717	0.1154985
7070	-1642.62	-1641.19	-1.42826	0.2826366
7080	-1592.72	-1592.86	0.14579	0.1925053
7090	-1630.85	-1632.91	2.0527	0.08645647
7100	-1588.07	-1588.7	0.628597	0.1665395
7110	-1596.23	-1596.18	-0.0510086	0.2032576
7120	-1588.77	-1589.26	0.492076	0.1738347
7130	-1619.52	-1621.44	1.92093	0.09523596
7140	-1719.9	-1722.18	2.27782	0.04880999
7150	-1640.34	-1642.48	2.13474	0.08032678
7160	-1614.43	-1616.28	1.84575	0.09990213
7170	-1595.88	-1597.29	1.40393	0.1250656
7180	-1722.22	-1724.49	2.27203	0.04819021
7190	-1654.22	-1656.44	2.22065	0.07273407
7200	-1648.42	-1650.6	2.18904	0.07574195
7210	-1597.19	-1598.64	1.45066	0.1225091
7220	-1588.05	-1588.89	0.838632	0.155356
7230	-1589.21	-1589.65	0.434535	0.1769188
7240	-1611.15	-1612.94	1.79023	0.1032408
7250	-1791.81	-1793.72	1.91209	0.03356993
7260	-1741.73	-1743.94	2.20628	0.04337317
7270	-1673.7	-1675.99	2.28919	0.06400493
7280	-1646	-1648.18	2.17415	0.07705904
7290	-1608.75	-1610.49	1.74527	0.1058919
7300	-1681.64	-1683.95	2.30296	0.06092508
7310	-1648.09	-1650.27	2.18708	0.07591842
7320	-1660.95	-1663.2	2.25043	0.06950305
7330	-1602.31	-1603.91	1.60173	0.1141195
7340	-1621.3	-1620.38	-0.918141	0.2522864
7350	-1607.99	-1609.72	1.7303	0.1067657
7360	-1667.67	-1669.95	2.27358	0.06651042
7370	-1680.65	-1682.95	2.30165	0.06129613
7380	-1597.37	-1598.82	1.45686	0.1221684
7390	-1721.36	-1723.63	2.27423	0.04841941
7400	-1611.51	-1613.31	1.79662	0.1028603
7410	-1588.13	-1588.99	0.860636	0.1541857
7420	-1632.5	-1634.57	2.06851	0.08532731
7430	-1747.14	-1749.33	2.1829	0.0421516
7440	-1654.95	-1657.18	2.22424	0.07236893
7450	-1654.42	-1656.64	2.22163	0.07263464
7460	-1646.97	-1649.15	2.18024	0.07652673
7470	-1661.33	-1663.59	2.25194	0.06932484
7480	-1589.36	-1590.39	1.03753	0.1447708
7490	-1603.88	-1605.52	1.64039	0.1119333
7500	-1594.57	-1595.92	1.35168	0.1279086
7510	-1588.31	-1589.2	0.899332	0.1521275
7520	-1631.11	-1633.17	2.05524	0.08627659
7530	-1644.78	-1646.94	2.16616	0.07774478
7540	-1659.2	-1661.44	2.24335	0.07031907
7550	-1710.67	-1712.97	2.29637	0.05139051
7560	-1738.71	-1740.92	2.2184	0.04407678
7570	-1709.92	-1712.22	2.29755	0.05160854
7580	-1621.79	-1623.74	1.95085	0.09332108
7590	-1594.45	-1595.79	1.34651	0.1281889
7600	-1603.44	-1605.07	1.6299	0.1125281
7610	-1657.15	-1659.39	2.2345	0.07129379
7620	-1590.09	-1590.44	0.343637	0.1818043
7630	-1591.24	-1592.43	1.18315	0.1369907
7640	-1588.8	-1589.28	0.487851	0.174061
7650	-1592.81	-1592.95	0.139685	0.1928372
7660	-1637.85	-1639.96	2.11525	0.08185201
7670	-1591.72	-1592.93	1.21195	0.135446
7680	-1605.14	-1604.72	-0.422454	0.223902
7690	-1604.38	-1603.98	-0.394564	0.2223345
7700	-1601.31	-1602.88	1.57545	0.1155952
7710	-1657.7	-1659.93	2.23691	0.07103308
7720	-1660.35	-1662.6	2.24807	0.06977985
7730	-1616.04	-1617.91	1.87082	0.09836626
7740	-1589.01	-1590.01	1.00041	0.1467486
7750	-1664.78	-1667.05	2.2644	0.06776933
7760	-1595.89	-1597.3	1.40429	0.1250462
7770	-1680.75	-1683.05	2.30178	0.06125984
7780	-1598.37	-1599.86	1.48983	0.1203534
7790	-1599.05	-1600.56	1.5107	0.1191997
7800	-1610.84	-1612.62	1.78456	0.1035777
7810	-1670.86	-1673.15	2.28242	0.06516375
7820	-1639.29	-1641.42	2.12668	0.08096362
7830	-1595.14	-1596.52	1.37514	0.1266343
7840	-1601.19	-1602.76	1.57223	0.1157754
7850	-1615.92	-1617.79	1.86896	0.09848125
7860	-1726.86	-1729.12	2.25911	0.04698125
7870	-1658.62	-1660.86	2.2409	0.07059391
7880	-1676.71	-1679.01	2.2953	0.06280702
7890	-1757.45	-1759.59	2.13248	0.03994482
7900	-1734.39	-1736.63	2.23449	0.04510611
7910	-1693.88	-1696.19	2.31041	0.05661108
7920	-1671.1	-1673.39	2.28304	0.06506414
7930	-1668.96	-1671.24	2.27731	0.06596126
7940	-1594.72	-1594.74	0.0279773	0.1989281
7950	-1592.72	-1592.86	0.145635	0.1925137
7960	-1612.99	-1614.81	1.82201	0.1013393
7970	-1663.8	-1661.94	-1.8533	0.3088976
7980	-1598.36	-1598.21	-0.151511	0.2087957
7990	-1698.02	-1700.33	2.30944	0.05525374
8000	-1598.43	-1599.92	1.4915	0.1202611
8010	-1598.52	-1600.01	1.49441	0.1201006
8020	-1624.14	-1626.12	1.97984	0.09142774
8030	-1754.21	-1756.36	2.14917	0.04062321
8040	-1734.85	-1737.08	2.23287	0.04499649
8050	-1595	-1596.37	1.36946	0.1269429
8060	-1608.92	-1610.66	1.74857	0.1056991
8070	-1708.12	-1710.42	2.30019	0.05213986
8080	-1660.86	-1663.11	2.25009	0.06954393
8090	-1660.32	-1662.57	2.24794	0.06979497
8100	-1728.84	-1731.09	2.25308	0.04647887
8110	-1644.15	-1646.31	2.16197	0.07809967
8120	-1690.23	-1692.54	2.30984	0.05784694
8130	-1698.54	-1700.85	2.3092	0.05508881
8140	-1591.79	-1593.01	1.21607	0.1352248
8150	-1598.3	-1599.79	1.48758	0.1204778
8160	-1590.99	-1591.26	0.267705	0.1858996
8170	-1627.81	-1626.73	-1.08619	0.2621507
8180	-1598.46	-1598.3	-0.156123	0.2090507
8190	-1616.62	-1618.5	1.87951	0.09783001
8200	-1604.2	-1605.85	1.64808	0.1114958
8210	-1660.84	-1663.09	2.25002	0.0695519
8220	-1691.27	-1693.58	2.31014	0.05749051
8230	-1589.89	-1590.98	1.08618	0.1421762
8240	-1599.92	-1601.45	1.53655	0.1177655
8250	-1682.14	-1684.44	2.30358	0.06074036
8260	-1629.97	-1632.01	2.04388	0.08707714
8270	-1611	-1612.79	1.78749	0.1034037
8280	-1621.47	-1623.42	1.94686	0.0935789
8290	-1625.33	-1627.33	1.99386	0.09049596
8300	-1589.45	-1590.49	1.04639	0.1442985
8310	-1722.35	-1724.63	2.27168	0.04815508
8320	-1588.2	-1589.08	0.878532	0.1532338
8330	-1609.21	-1610.97	1.75431	0.1053621
8340	-1685.12	-1687.42	2.30671	0.05965089
8350	-1649.72	-1651.92	2.19665	0.07504737
8360	-1606.76	-1608.46	1.70492	0.1082375
8370	-1588.22	-1589.11	0.882583	0.1530184
8380	-1592.22	-1592.4	0.178046	0.1907537
8390	-1617.47	-1616.66	-0.812534	0.2461521
8400	-1587.9	-1588.61	0.713186	0.1620315
8410	-1750.84	-1753	2.1657	0.04134295
8420	-1848.33	-1849.71	1.3891	0.02554786
8430	-1764.8	-1766.89	2.09198	0.03846172
8440	-1637.08	-1639.19	2.10896	0.08233363
8450	-1588.59	-1589.54	0.946963	0.1495934
8460	-1609.96	-1611.73	1.76848	0.1045284
8470	-1648.55	-1650.74	2.18981	0.0756721
8480	-1587.95	-1588.75	0.799849	0.1574191
8490	-1677.76	-1680.06	2.29716	0.06240069
8500	-1633.83	-1635.91	2.08084	0.08443237
8510	-1634.84	-1636.93	2.08988	0.08376661
8520	-1628.98	-1631.01	2.03374	0.08778343
8530	-1720.22	-1722.5	2.27705	0.04872396
8540	-1617.65	-1619.55	1.89471	0.09688518
8550	-1593.51	-1594.81	1.30478	0.1304478
8560	-1588.65	-1589.16	0.510075	0.1728712
8570	-1627.09	-1629.1	2.0136	0.089166
8580	-1672.7	-1674.99	2.28693	0.06440739
8590	-1612.35	-1614.16	1.81126	0.1019852
8600	-1606.11	-1607.8	1.69106	0.1090367
8610	-1650.23	-1652.43	2.19956	0.07477674
8620	-1672.89	-1675.18	2.28736	0.06433223
8630	-1663.67	-1665.93	2.26056	0.06826573
8640	-1725.24	-1727.51	2.26382	0.04739864
8650	-1661.49	-1659.68	-1.80979	0.3061666
8660	-1590.72	-1591.01	0.289518	0.1847218
8670	-1614.46	-1616.31	1.84616	0.09987692
8680	-1680.44	-1682.74	2.30134	0.0613782
8690	-1826.65	-1828.27	1.61209	0.02832432
8700	-1739.77	-1741.98	2.21422	0.04382782
8710	-1617.99	-1619.89	1.89954	0.09658338
8720	-1654.39	-1656.61	2.22148	0.07265012
8730	-1685.57	-1687.88	2.3071	0.0594869
8740	-1732	-1734.24	2.24281	0.0456918
8750	-1649.61	-1651.8	2.196	0.07510697
8760	-1671.02	-1673.31	2.28283	0.06509779
8770	-1588.02	-1588.67	0.644297	0.1657023
8780	-1589.82	-1590.19	0.369458	0.1804147
8790	-1607.01	-1608.72	1.71015	0.1079351
8800	-1687.25	-1689.55	2.30835	0.05888991
8810	-1685.54	-1687.85	2.30707	0.05949857
8820	-1681.48	-1683.78	2.30275	0.06098691
8830	-1652.9	-1655.12	2.21398	0.07339799
8840	-1677.49	-1679.79	2.29669	0.06250427
8850	-1708.27	-1710.57	2.29998	0.05209455
8860	-1660.53	-1662.78	2.24879	0.06969619
8870	-1672.95	-1675.24	2.28751	0.06430573
8880	-1587.93	-1588.71	0.784572	0.1582318
8890	-1588.13	-1588.99	0.861561	0.1541365
8900	-1597.49	-1598.96	1.4611	0.1219354
8910	-1617.37	-1619.26	1.89064	0.09713852
8920	-1616.4	-1615.61	-0.781878	0.2443805
8930	-1589.72	-1590.1	0.379172	0.1798923
8940	-1592.54	-1593.8	1.25715	0.1330163
8950	-1639.05	-1641.17	2.1248	0.08111125
8960	-1626.53	-1628.54	2.00739	0.08958713
8970	-1670.08	-1672.36	2.28039	0.06548875
8980	-1607.47	-1609.19	1.71971	0.1073814
8990	-1623.66	-1625.63	1.97413	0.0918039
9000	-1664.76	-1667.03	2.26434	0.06777803
9010	-1591.67	-1592.88	1.2089	0.1356099
9020	-1829.8	-1831.38	1.58144	0.02790076
9030	-1723.16	-1725.43	2.26956	0.04794233
9040	-1615.59	-1617.45	1.86386	0.09879461
9050	-1722.24	-1724.51	2.27198	0.04818541
9060	-1669.9	-1672.18	2.27989	0.06556675
9070	-1593.48	-1594.78	1.30328	0.1305287
9080	-1591.09	-1592.27	1.17351	0.1375075
9090	-1656.68	-1658.91	2.23235	0.07152286
9100	-1663.62	-1665.88	2.26041	0.06828523
9110	-1648.09	-1650.28	2.18712	0.07591527
9120	-1749.6	-1751.77	2.17156	0.04161122
9130	-1808.07	-1809.85	1.78126	0.03098893
9140	-1756.64	-1758.78	2.13671	0.04011265
9150	-1745.49	-1747.68	2.19027	0.04251984
9160	-1722.28	-1724.56	2.27186	0.04817347
9170	-1786.5	-1788.45	1.95117	0.03446739
9180	-1687.4	-1689.71	2.30845	0.05883624
9190	-1679.71	-1682.01	2.30029	0.06165299
9200	-1602.15	-1603.75	1.59765	0.1143489
9210	-1642.54	-1644.69	2.15084	0.079025
9220	-1587.9	-1588.67	0.763799	0.1593372
9230	-1637.62	-1639.73	2.11337	0.08199597
9240	-1705.4	-1707.71	2.30361	0.05295126
9250	-1671.58	-1673.87	2.28423	0.06486698
9260	-1587.92	-1588.71	0.782257	0.158355
9270	-1589.45	-1590.5	1.04687	0.1442729
9280	-1698.27	-1700.58	2.30933	0.0551754
9290	-1622.92	-1624.89	1.96515	0.09239202
9300	-1759.6	-1761.72	2.12103	0.03950392
9310	-1785.17	-1787.13	1.96072	0.03469778
9320	-1715.18	-1717.47	2.28822	0.05010709
9330	-1682.61	-1684.91	2.30414	0.06056624
9340	-1599.37	-1600.89	1.52041	0.1186617
9350	-1636.01	-1638.11	2.1	0.0830116
9360	-1594.23	-1595.57	1.33731	0.1286878
9370	-1593.97	-1595.3	1.32575	0.1293138
9380	-1624.31	-1623.31	-0.997412	0.2569235
9390	-1592.88	-1593.02	0.135333	0.1930738
9400	-1598.63	-1600.13	1.49784	0.1199114
9410	-1599.76	-1601.29	1.5319	0.1180243
9420	-1656.03	-1658.26	2.22937	0.07183814
9430	-1675.06	-1677.35	2.29208	0.06346005
9440	-1755.24	-1757.38	2.14394	0.04040564
9450	-1694.13	-1696.44	2.3104	0.05652883
9460	-1593.52	-1594.82	1.30522	0.1304239
9470	-1658.14	-1660.38	2.23886	0.07081991
9480	-1673.12	-1675.4	2.28788	0.06424031
9490	-1634.54	-1636.63	2.08718	0.08396642
9500	-1724.4	-1726.67	2.26618	0.04761715
9510	-1652.45	-1654.67	2.21165	0.07362575
9520	-1720.48	-1722.76	2.27641	0.04865396
9530	-1588.28	-1588.85	0.575792	0.169358
9540	-1613.42	-1615.24	1.82917	0.1009072
9550	-1714.76	-1717.05	2.28905	0.05022432
9560	-1686.33	-1688.64	2.30771	0.0592146
9570	-1651.46	-1653.67	2.20635	0.07413576
9580	-1595.07	-1596.44	1.37212	0.1267982
9590	-1621.22	-1623.17	1.94363	0.09378661
9600	-1711.68	-1713.98	2.2947	0.05109885
9610	-1711.39	-1713.69	2.29519	0.05118315
9620	-1621.72	-1623.67	1.95003	0.09337456
9630	-1654.06	-1656.28	2.21985	0.07281461
9640	-1720.39	-1722.67	2.27664	0.04867887
9650	-1679.11	-1681.41	2.29938	0.06187928
9660	-1660.63	-1662.88	2.2492	0.06964779
9670	-1630.69	-1632.74	2.05109	0.08657019
9680	-1769.77	-1771.84	2.06247	0.03749743
9690	-1674.79	-1677.08	2.29153	0.0635669
9700	-1697	-1699.31	2.30983	0.05558334
9710	-1621.41	-1623.36	1.94607	0.09362946
9720	-1668.39	-1670.67	2.2757	0.06620149
9730	-1599.27	-1600.79	1.51754	0.1188211
9740	-1664.25	-1666.51	2.26258	0.06800634
9750	-1628.05	-1630.08	2.02399	0.08845638
9760	-1605.98	-1607.67	1.68834	0.1091933
9770	-1649.44	-1651.64	2.19505	0.07519397
9780	-1628.01	-1630.03	2.02351	0.08848909
9790	-1622.8	-1624.76	1.96356	0.09249621
9800	-1590.32	-1590.64	0.323511	0.1828884
9810	-1588.15	-1589.01	0.865554	0.1539241
9820	-1635.21	-1637.31	2.09311	0.08352642
9830	-1659.79	-1662.03	2.24578	0.07004304
9840	-1605.82	-1607.5	1.68475	0.1093998
9850	-1646.29	-1648.47	2.17598	0.07689987
9860	-1684.11	-1686.41	2.30575	0.06001765
9870	-1605.99	-1607.67	1.6884	0.1091899
9880	-1591.02	-1592.19	1.16878	0.1377605
9890	-1587.99	-1588.65	0.654497	0.1651584
9900	-1588.15	-1588.76	0.605234	0.167786
9910	-1680.59	-1682.89	2.30155	0.06132146
9920	-1588.35	-1589.26	0.90767	0.1516839
9930	-1600.72	-1602.28	1.55942	0.1164917
9940	-1618.68	-1620.59	1.90928	0.09597197
9950	-1610.83	-1612.62	1.78446	0.1035837
9960	-1590.12	-1591.23	1.10463	0.1411913
9970	-1621.21	-1623.15	1.94345	0.09379849
9980	-1669.18	-1671.46	2.27793	0.0658677
9990	-1640.13	-1642.26	2.13315	0.08045332
10000	-1723.13	-1725.4	2.26964	0.0479504
