Iteration	Posterior	Likelihood	Prior	birth_rate
0	-1601.71	-1601.42	-0.292982	0.2166501
10	-1610.53	-1612.31	1.77895	0.1039097
20	-1622.66	-1624.62	1.9619	0.09260404
30	-1632.51	-1634.58	2.06865	0.08531739
40	-1591.75	-1592.97	1.2138	0.1353465
50	-1592.26	-1593.5	1.24229	0.1338162
60	-1636.11	-1638.21	2.10085	0.08294737
70	-1607.12	-1606.63	-0.491797	0.2278123
80	-1588.67	-1589.17	0.507067	0.1730322
90	-1613.57	-1615.4	1.83166	0.1007566
100	-1602.65	-1602.32	-0.329717	0.2187012
110	-1593.13	-1594.41	1.28652	0.1314335
120	-1616.25	-1615.47	-0.777726	0.2441409
130	-1603.56	-1605.19	1.63281	0.1123634
140	-1609.27	-1608.71	-0.563825	0.231894
150	-1588.27	-1588.84	0.578083	0.1692356
160	-1612.6	-1614.42	1.81552	0.1017294
170	-1700.15	-1702.46	2.30829	0.05457595
180	-1589.69	-1590.08	0.382146	0.1797324
190	-1587.89	-1588.62	0.723717	0.1614708
200	-1591.06	-1592.23	1.17147	0.1376167
210	-1589.18	-1590.19	1.01897	0.1457598
220	-1630.77	-1632.82	2.05182	0.08651855
230	-1623.45	-1625.42	1.97158	0.09197146
240	-1611.6	-1613.4	1.79814	0.1027697
250	-1629.51	-1631.55	2.03921	0.08740363
260	-1595.84	-1597.25	1.40239	0.1251498
270	-1591.01	-1592.18	1.1685	0.1377754
280	-1598.23	-1599.72	1.48528	0.1206042
290	-1595.75	-1597.15	1.39874	0.1253488
300	-1594.41	-1595.75	1.3448	0.1282818
310	-1605.66	-1607.34	1.68127	0.1095993
320	-1590.9	-1591.18	0.274417	0.185537
330	-1618.66	-1617.81	-0.845885	0.248084
340	-1605.16	-1606.84	1.67023	0.1102324
350	-1607.07	-1608.79	1.71155	0.1078542
360	-1591.16	-1592.33	1.17758	0.1372892
370	-1598.38	-1599.87	1.48995	0.1203469
380	-1610.11	-1611.89	1.77129	0.1043628
390	-1594.05	-1595.38	1.3294	0.129116
400	-1588.07	-1588.92	0.84533	0.1549998
410	-1590.15	-1590.49	0.338161	0.1820992
420	-1594.04	-1594.11	0.0655597	0.1968748
430	-1595.88	-1597.28	1.40358	0.1250848
440	-1595.8	-1595.77	-0.029199	0.2020602
450	-1589.57	-1590.63	1.058	0.1436796
460	-1588.11	-1588.73	0.614906	0.1672699
470	-1613.83	-1615.67	1.83603	0.1004924
480	-1591.58	-1592.78	1.20363	0.1358926
490	-1602.31	-1603.92	1.60184	0.1141131
500	-1588.45	-1589.38	0.925232	0.1507496
510	-1593.85	-1595.17	1.32036	0.1296053
520	-1588.1	-1588.72	0.61847	0.1670797
530	-1590.99	-1591.26	0.267366	0.1859179
540	-1588.08	-1588.93	0.846925	0.154915
550	-1593.42	-1593.52	0.102187	0.1948777
560	-1602.82	-1604.44	1.61472	0.1133867
570	-1632.21	-1634.28	2.06581	0.08552184
580	-1627.59	-1629.61	2.01901	0.08879756
590	-1588.41	-1589.32	0.917554	0.1511581
600	-1592.39	-1592.56	0.166879	0.1913598
610	-1596.63	-1596.56	-0.0706812	0.204339
620	-1587.96	-1588.76	0.804004	0.1571981
630	-1604.87	-1606.54	1.66361	0.1106109
640	-1588.3	-1588.87	0.570185	0.1696574
650	-1600.94	-1602.5	1.56532	0.116162
660	-1591.37	-1592.56	1.19082	0.1365796
670	-1647.99	-1650.18	2.1865	0.07597054
680	-1684.79	-1687.09	2.30641	0.05976969
690	-1596.81	-1598.25	1.43754	0.1232283
700	-1608.22	-1609.96	1.73493	0.106496
710	-1588.58	-1589.1	0.520136	0.1723329
720	-1628.33	-1630.36	2.02694	0.08825339
730	-1617.79	-1619.69	1.89674	0.096758
740	-1629.5	-1631.54	2.03915	0.08740762
750	-1591.62	-1591.84	0.220348	0.1884609
760	-1613.17	-1615	1.82513	0.1011515
770	-1636.95	-1639.06	2.10787	0.08241664
780	-1588.36	-1588.92	0.558353	0.1702896
790	-1592.28	-1593.52	1.24309	0.1337729
800	-1592.22	-1592.4	0.178458	0.1907314
810	-1600.94	-1602.5	1.5653	0.1161631
820	-1600.27	-1600.03	-0.234139	0.2133746
830	-1598.93	-1598.76	-0.177076	0.2102099
840	-1611.09	-1612.88	1.78905	0.1033108
850	-1594.43	-1595.77	1.34569	0.1282334
860	-1588.15	-1589.02	0.866816	0.153857
870	-1608.38	-1610.11	1.73798	0.1063179
880	-1634.83	-1633.58	-1.25437	0.2721526
890	-1594.86	-1596.22	1.36373	0.1272544
900	-1600.52	-1600.28	-0.24469	0.2139609
910	-1588.59	-1589.11	0.518707	0.1724093
920	-1588.54	-1589.48	0.939492	0.149991
930	-1602.55	-1604.16	1.6078	0.1137774
940	-1608.47	-1610.21	1.73987	0.1062079
950	-1589.04	-1589.49	0.456112	0.1757616
960	-1588.15	-1589.01	0.865056	0.1539506
970	-1601.28	-1602.85	1.5746	0.1156428
980	-1603.95	-1603.57	-0.378846	0.2214524
990	-1606.01	-1607.7	1.68893	0.1091595
1000	-1720.55	-1722.83	2.27624	0.04863518
1010	-1587.93	-1588.62	0.687221	0.1634145
1020	-1588.29	-1589.19	0.896563	0.1522747
1030	-1593.88	-1593.95	0.0750631	0.1963562
1040	-1590.82	-1591.97	1.15534	0.1384798
1050	-1587.89	-1588.64	0.745742	0.1602982
1060	-1590.96	-1592.13	1.1652	0.1379524
1070	-1703.32	-1705.63	2.30577	0.05358682
1080	-1601.71	-1603.29	1.58603	0.1150018
1090	-1588.1	-1588.72	0.61811	0.167099
1100	-1592.79	-1594.06	1.26969	0.1323411
1110	-1619.72	-1621.64	1.92367	0.09506246
1120	-1602.87	-1604.49	1.61597	0.1133161
1130	-1614.05	-1615.89	1.83954	0.1002793
1140	-1609.75	-1611.51	1.76446	0.1047658
1150	-1669.63	-1671.91	2.27917	0.06567797
1160	-1607.4	-1609.11	1.71819	0.1074695
1170	-1588.59	-1589.54	0.947379	0.1495713
1180	-1596.55	-1596.48	-0.0666521	0.2041175
1190	-1589.94	-1591.03	1.09031	0.1419559
1200	-1588.61	-1589.56	0.949422	0.1494626
1210	-1589.5	-1589.91	0.40202	0.1786644
1220	-1620.25	-1622.18	1.93082	0.09460698
1230	-1597.63	-1599.09	1.46561	0.1216877
1240	-1610.59	-1612.37	1.77998	0.103849
1250	-1599.1	-1600.61	1.51227	0.1191129
1260	-1588.2	-1588.79	0.592887	0.1684451
1270	-1600.34	-1601.88	1.54859	0.1170956
1280	-1588.67	-1589.63	0.958714	0.1489681
1290	-1620.59	-1619.69	-0.898993	0.2511705
1300	-1588.94	-1589.41	0.468759	0.1750837
1310	-1588.04	-1588.87	0.834719	0.1555642
1320	-1592.76	-1594.03	1.2685	0.132405
1330	-1591.26	-1592.45	1.18452	0.1369175
1340	-1593.99	-1595.32	1.32671	0.1292617
1350	-1603.02	-1604.64	1.6197	0.1131056
1360	-1665.31	-1667.57	2.26615	0.06753849
1370	-1593.72	-1593.8	0.0842859	0.1958533
1380	-1598.86	-1600.36	1.50495	0.1195183
1390	-1596.72	-1598.16	1.43456	0.1233917
1400	-1595.07	-1595.08	0.00865607	0.1999853
1410	-1593.54	-1593.64	0.0949549	0.1952717
1420	-1605.13	-1606.8	1.66935	0.1102823
1430	-1633.51	-1635.58	2.07787	0.08464922
1440	-1622	-1623.95	1.95359	0.0931437
1450	-1588.05	-1588.68	0.635204	0.1661871
1460	-1589.63	-1590.02	0.388908	0.1793689
1470	-1593.57	-1594.87	1.30743	0.1303047
1480	-1616.24	-1618.12	1.87389	0.09817707
1490	-1590.08	-1591.18	1.10149	0.1413588
1500	-1587.9	-1588.65	0.753493	0.1598857
1510	-1588.92	-1589.39	0.471433	0.1749404
1520	-1593.55	-1594.86	1.30671	0.1303432
1530	-1706.6	-1708.91	2.30218	0.05258972
1540	-1636.59	-1638.69	2.10486	0.08264467
1550	-1604.22	-1605.87	1.64851	0.1114714
1560	-1607.7	-1609.43	1.72446	0.1071056
1570	-1594.15	-1595.49	1.33375	0.1288804
1580	-1599.79	-1601.32	1.53292	0.1179675
1590	-1589.1	-1590.11	1.01088	0.1461908
1600	-1594.07	-1595.4	1.33016	0.1290748
1610	-1642.62	-1644.77	2.15139	0.07897995
1620	-1587.99	-1588.65	0.654432	0.1651619
1630	-1588.03	-1588.86	0.83057	0.1557849
1640	-1597.53	-1599	1.46248	0.12186
1650	-1590.46	-1591.59	1.13012	0.1398292
1660	-1637.09	-1639.2	2.10905	0.08232653
1670	-1651.76	-1653.97	2.20797	0.07398055
1680	-1629.83	-1631.87	2.04244	0.08717778
1690	-1589.81	-1590.88	1.07881	0.1425693
1700	-1588.44	-1588.99	0.543884	0.1710629
1710	-1623.17	-1625.14	1.96819	0.09219331
1720	-1606.09	-1607.78	1.6906	0.1090633
1730	-1636.79	-1638.9	2.10659	0.08251358
1740	-1632.58	-1634.65	2.06932	0.08526932
1750	-1590.15	-1591.25	1.10663	0.1410843
1760	-1588.02	-1588.66	0.644907	0.1656697
1770	-1588.39	-1589.3	0.914911	0.1512987
1780	-1620.87	-1622.81	1.939	0.0940841
1790	-1588.13	-1588.99	0.860242	0.1542067
1800	-1593.88	-1595.2	1.32184	0.1295251
1810	-1589.98	-1590.34	0.353908	0.1812514
1820	-1617.21	-1619.1	1.88835	0.09728147
1830	-1622.01	-1623.96	1.9537	0.09313662
1840	-1590.42	-1591.55	1.12753	0.1399676
1850	-1608.63	-1610.37	1.74302	0.1060236
1860	-1633.54	-1635.61	2.07813	0.08463024
1870	-1712.51	-1714.81	2.29326	0.05086101
1880	-1606.88	-1608.59	1.70748	0.10809
1890	-1601.39	-1602.97	1.57769	0.1154696
1900	-1590.08	-1591.18	1.10165	0.1413502
1910	-1602.15	-1603.75	1.59773	0.1143444
1920	-1598.55	-1600.04	1.49528	0.1200524
1930	-1628.67	-1630.7	2.03047	0.08800984
1940	-1588.14	-1588.75	0.607981	0.1676394
1950	-1616.8	-1618.68	1.88226	0.09765962
1960	-1588.86	-1589.34	0.478696	0.1745513
1970	-1587.92	-1588.61	0.6918	0.1631706
1980	-1651.11	-1653.31	2.20444	0.07431804
1990	-1680.94	-1683.24	2.30204	0.06118794
2000	-1587.98	-1588.79	0.812658	0.1567377
2010	-1595.63	-1597.02	1.39407	0.1256033
2020	-1591.06	-1592.23	1.17119	0.1376313
2030	-1632.04	-1630.85	-1.18875	0.2682342
2040	-1623.66	-1625.64	1.97415	0.09180251
2050	-1589.82	-1590.9	1.08036	0.1424864
2060	-1600.04	-1599.81	-0.224547	0.2128418
2070	-1593.76	-1595.07	1.31614	0.1298337
2080	-1598.68	-1600.18	1.49955	0.1198165
2090	-1610.89	-1610.28	-0.615937	0.2348602
2100	-1589.13	-1590.15	1.01457	0.1459939
2110	-1609	-1610.75	1.75023	0.1056018
2120	-1604.67	-1606.33	1.65888	0.1108807
2130	-1588.47	-1589.39	0.927663	0.1506203
2140	-1607.11	-1608.82	1.71228	0.1078117
2150	-1605.18	-1606.85	1.67061	0.1102106
2160	-1605.02	-1606.68	1.6669	0.1104225
2170	-1589.09	-1589.54	0.449324	0.1761255
2180	-1610.91	-1612.7	1.7859	0.1034983
2190	-1614.72	-1616.57	1.85038	0.09961995
2200	-1609.2	-1610.95	1.75395	0.1053835
2210	-1595.65	-1597.04	1.39488	0.1255591
2220	-1594.35	-1595.69	1.34242	0.1284105
2230	-1631.17	-1630	-1.16801	0.2670001
2240	-1622.12	-1624.08	1.95511	0.0930457
2250	-1593.8	-1595.11	1.31797	0.1297349
2260	-1592.69	-1592.84	0.147553	0.1924095
2270	-1602.72	-1604.34	1.61222	0.1135282
2280	-1634.05	-1636.13	2.08279	0.08428931
2290	-1653.98	-1656.2	2.21946	0.07285419
2300	-1590.88	-1592.04	1.15958	0.1382529
2310	-1592.05	-1593.28	1.23093	0.1344267
2320	-1599.43	-1599.23	-0.198537	0.2113987
2330	-1587.92	-1588.7	0.779027	0.1585269
2340	-1594.09	-1595.42	1.33097	0.1290311
2350	-1647.12	-1649.31	2.1812	0.07644188
2360	-1588.29	-1588.86	0.573983	0.1694546
2370	-1625	-1626.99	1.98996	0.0907564
2380	-1631.43	-1633.49	2.05837	0.08605413
2390	-1607.11	-1606.62	-0.491571	0.2277995
2400	-1595.57	-1596.97	1.39211	0.12571
2410	-1592.51	-1592.67	0.159288	0.191772
2420	-1597.42	-1597.31	-0.108503	0.2064217
2430	-1637.55	-1639.67	2.11285	0.08203578
2440	-1587.91	-1588.61	0.70489	0.1624733
2450	-1630.81	-1632.86	2.05226	0.08648767
2460	-1611.74	-1613.54	1.80066	0.1026193
2470	-1596.34	-1597.76	1.42084	0.124142
2480	-1632.21	-1631.02	-1.19291	0.2684822
2490	-1591.74	-1592.95	1.21298	0.1353909
2500	-1587.97	-1588.78	0.809668	0.1568967
2510	-1719.94	-1722.22	2.27772	0.04879934
2520	-1670.78	-1673.06	2.28221	0.06519919
2530	-1588.97	-1589.43	0.46479	0.1752964
2540	-1588.59	-1589.54	0.946906	0.1495964
2550	-1588.77	-1589.26	0.491423	0.1738697
2560	-1608.23	-1609.96	1.735	0.1064921
2570	-1588.87	-1589.34	0.478297	0.1745727
2580	-1594.47	-1595.81	1.34735	0.1281435
2590	-1614.12	-1615.96	1.84066	0.1002115
2600	-1592.83	-1594.1	1.27173	0.1322309
2610	-1595.95	-1595.91	-0.0368902	0.2024823
2620	-1588.16	-1588.76	0.603635	0.1678714
2630	-1589.44	-1589.85	0.40876	0.1783024
2640	-1590.47	-1591.6	1.1311	0.1397769
2650	-1589.46	-1590.51	1.04745	0.1442417
2660	-1592.57	-1592.72	0.155497	0.1919779
2670	-1588	-1588.66	0.65045	0.1653742
2680	-1588.4	-1589.32	0.917272	0.1511732
2690	-1607.43	-1609.15	1.71891	0.1074274
2700	-1598.97	-1600.48	1.50853	0.1193201
2710	-1588.57	-1589.52	0.944338	0.1497331
2720	-1602.59	-1604.2	1.60877	0.1137228
2730	-1593.9	-1593.97	0.0739949	0.1964145
2740	-1590.58	-1591.72	1.13908	0.13935
2750	-1657.68	-1659.92	2.23684	0.07104008
2760	-1652.49	-1654.7	2.21183	0.07360757
2770	-1592.94	-1593.07	0.131575	0.1932781
2780	-1607.17	-1608.88	1.71346	0.1077436
2790	-1603.3	-1604.92	1.62641	0.1127259
2800	-1590.22	-1590.56	0.331779	0.182443
2810	-1594.94	-1596.31	1.36718	0.1270667
2820	-1611.18	-1612.97	1.79069	0.1032132
2830	-1598.6	-1600.09	1.49684	0.1199664
2840	-1604.03	-1605.68	1.64416	0.1117192
2850	-1594	-1595.33	1.32718	0.1292366
2860	-1608.54	-1610.28	1.74114	0.1061337
2870	-1588.76	-1589.25	0.492909	0.1737901
2880	-1590.15	-1590.48	0.338844	0.1820624
2890	-1588.9	-1589.89	0.9883	0.1473932
2900	-1588.75	-1589.72	0.969229	0.1484084
2910	-1612.27	-1614.08	1.80979	0.1020733
2920	-1592.33	-1592.5	0.170748	0.1911498
2930	-1595.95	-1597.35	1.40631	0.1249362
2940	-1589.88	-1590.24	0.363945	0.1807113
2950	-1608.67	-1610.41	1.74367	0.1059856
2960	-1603.31	-1604.94	1.62682	0.1127029
2970	-1590.75	-1591.9	1.15096	0.1387146
2980	-1590.1	-1591.2	1.10306	0.1412748
2990	-1602.34	-1602.02	-0.317703	0.2180299
3000	-1587.97	-1588.77	0.806525	0.1570639
3010	-1600.67	-1600.42	-0.250935	0.2143082
3020	-1588.02	-1588.84	0.827166	0.155966
3030	-1610.63	-1612.41	1.78084	0.1037981
3040	-1645.81	-1647.98	2.17289	0.07716772
3050	-1592.22	-1593.46	1.24005	0.1339362
3060	-1599.46	-1600.98	1.52317	0.1185087
3070	-1622.83	-1624.79	1.96392	0.09247229
3080	-1592.97	-1593.1	0.129557	0.1933879
3090	-1587.91	-1588.61	0.70525	0.1624541
3100	-1606.34	-1608.04	1.6961	0.1087466
3110	-1594.46	-1595.81	1.34705	0.1281598
3120	-1617.15	-1619.04	1.88745	0.09733703
3130	-1639.42	-1641.55	2.12768	0.08088532
3140	-1609.04	-1610.79	1.75087	0.1055639
3150	-1590.36	-1591.49	1.12319	0.1401994
3160	-1602.99	-1604.61	1.61893	0.113149
3170	-1613.72	-1615.55	1.83413	0.1006073
3180	-1615.78	-1617.65	1.86692	0.09860691
3190	-1590.86	-1591.14	0.277812	0.1853537
3200	-1588.13	-1588.74	0.610279	0.1675168
3210	-1590.46	-1590.77	0.310983	0.1835638
3220	-1612.11	-1611.46	-0.654197	0.237045
3230	-1598.53	-1600.02	1.49467	0.1200864
3240	-1593.63	-1593.72	0.0894557	0.1955714
3250	-1588.07	-1588.7	0.627526	0.1665967
3260	-1656.67	-1658.9	2.23231	0.0715278
3270	-1588.81	-1589.79	0.977135	0.1479876
3280	-1589.89	-1590.98	1.0863	0.1421695
3290	-1609.23	-1610.98	1.75458	0.1053462
3300	-1594.99	-1596.36	1.36887	0.126975
3310	-1604.65	-1606.31	1.65846	0.1109045
3320	-1589.56	-1590.62	1.05685	0.1437408
3330	-1587.95	-1588.62	0.677486	0.1639332
3340	-1609.73	-1611.5	1.76421	0.1047804
3350	-1590.27	-1591.38	1.11601	0.1405831
3360	-1588.54	-1589.47	0.938734	0.1500313
3370	-1612.11	-1613.92	1.8071	0.1022344
3380	-1622.51	-1624.47	1.95995	0.09273124
3390	-1594.94	-1596.31	1.36694	0.12708
3400	-1589.83	-1590.91	1.08109	0.1424477
3410	-1595.12	-1595.13	0.00617114	0.2001214
3420	-1589.32	-1590.35	1.03391	0.1449639
3430	-1592.34	-1593.59	1.24665	0.1335815
3440	-1593	-1594.28	1.28056	0.1317549
3450	-1587.89	-1588.62	0.727556	0.1612664
3460	-1635.2	-1637.3	2.09301	0.08353405
3470	-1587.93	-1588.62	0.686639	0.1634455
3480	-1607.42	-1609.14	1.71864	0.1074432
3490	-1642.57	-1644.72	2.15102	0.07901002
3500	-1630.32	-1632.36	2.04737	0.08683245
3510	-1634.68	-1633.43	-1.2507	0.2719331
3520	-1589.15	-1589.59	0.441909	0.1765232
3530	-1591.72	-1591.93	0.212938	0.1888622
3540	-1588.29	-1589.18	0.895814	0.1523146
3550	-1593.35	-1594.64	1.29717	0.130859
3560	-1613.22	-1615.05	1.82592	0.1011038
3570	-1668.99	-1671.26	2.27738	0.0659501
3580	-1603.48	-1605.12	1.63099	0.1124665
3590	-1596.75	-1598.18	1.43537	0.1233474
3600	-1626.06	-1628.06	2.00211	0.08994334
3610	-1587.89	-1588.64	0.748364	0.1601587
3620	-1587.9	-1588.61	0.716914	0.161833
3630	-1592.47	-1593.72	1.25317	0.1332306
3640	-1589.08	-1589.53	0.450098	0.176084
3650	-1594.99	-1596.36	1.36914	0.1269605
3660	-1614.03	-1615.87	1.83931	0.1002933
3670	-1591.42	-1592.61	1.19393	0.1364127
3680	-1588.09	-1588.94	0.84931	0.1547881
3690	-1594.3	-1595.64	1.34015	0.1285339
3700	-1587.9	-1588.66	0.761923	0.1594371
3710	-1595.45	-1596.84	1.38739	0.1259675
3720	-1605.89	-1605.44	-0.449012	0.2253974
3730	-1607.83	-1609.56	1.72715	0.1069493
3740	-1588.59	-1589.11	0.518831	0.1724027
3750	-1590.88	-1592.03	1.1593	0.1382679
3760	-1595.78	-1597.18	1.40007	0.1252765
3770	-1820	-1821.67	1.67505	0.02924639
3780	-1643.75	-1645.91	2.15927	0.07832643
3790	-1600.39	-1600.15	-0.239104	0.2136504
3800	-1588.54	-1589.48	0.939695	0.1499801
3810	-1588.06	-1588.69	0.630763	0.166424
3820	-1588.43	-1589.35	0.920944	0.1509778
3830	-1600.43	-1601.99	1.55135	0.1169419
3840	-1589.72	-1590.1	0.379244	0.1798884
3850	-1596.26	-1596.21	-0.0524677	0.2033378
3860	-1588.46	-1589	0.540153	0.1712624
3870	-1591.34	-1592.53	1.18903	0.1366755
3880	-1592.7	-1593.96	1.26524	0.1325807
3890	-1618.06	-1619.96	1.90063	0.09651487
3900	-1631.79	-1633.85	2.06181	0.08580849
3910	-1588.04	-1588.88	0.83573	0.1555104
3920	-1588.48	-1589.41	0.929466	0.1505244
3930	-1608.46	-1610.2	1.73967	0.1062192
3940	-1588.09	-1588.94	0.85117	0.1546892
3950	-1587.89	-1588.62	0.728122	0.1612362
3960	-1628.88	-1627.77	-1.11263	0.2637144
3970	-1591.35	-1591.59	0.239709	0.1874131
3980	-1599.28	-1600.8	1.51786	0.1188031
3990	-1600.81	-1600.55	-0.256626	0.2146248
4000	-1595.54	-1596.93	1.39094	0.1257742
4010	-1591.22	-1592.4	1.18152	0.137078
4020	-1588.19	-1589.07	0.876353	0.1533497
4030	-1600.87	-1600.61	-0.258924	0.2147527
4040	-1607.1	-1608.82	1.71218	0.1078175
4050	-1605.7	-1607.38	1.68211	0.1095514
4060	-1655.61	-1657.84	2.22739	0.07204466
4070	-1631.23	-1633.29	2.0564	0.0861939
4080	-1608.29	-1610.02	1.73621	0.1064212
4090	-1628.23	-1630.26	2.02589	0.08832592
4100	-1589.33	-1589.75	0.421114	0.1776391
4110	-1593.49	-1594.8	1.30394	0.1304931
4120	-1587.9	-1588.67	0.765494	0.159247
4130	-1587.93	-1588.71	0.785766	0.1581683
4140	-1601.99	-1601.69	-0.304078	0.2172691
4150	-1598.51	-1600	1.49402	0.120122
4160	-1590.07	-1591.17	1.10054	0.1414097
4170	-1587.91	-1588.61	0.703559	0.1625442
4180	-1587.9	-1588.67	0.764101	0.1593211
4190	-1589.97	-1591.07	1.09292	0.1418163
4200	-1591.11	-1591.37	0.258209	0.1864128
4210	-1592.75	-1592.89	0.143673	0.1926204
4220	-1622.34	-1624.3	1.95792	0.09286331
4230	-1589.98	-1591.08	1.09373	0.1417733
4240	-1657.24	-1655.51	-1.72796	0.3010576
4250	-1593.48	-1594.78	1.30338	0.1305235
4260	-1587.89	-1588.65	0.75096	0.1600205
4270	-1588.88	-1589.35	0.476793	0.1746532
4280	-1591.78	-1591.99	0.208412	0.1891074
4290	-1589.45	-1589.86	0.40731	0.1783803
4300	-1591.7	-1592.92	1.21104	0.135495
4310	-1588.76	-1589.25	0.49365	0.1737504
4320	-1589.71	-1590.78	1.0704	0.1430183
4330	-1599.21	-1599.02	-0.189151	0.2108786
4340	-1597.49	-1598.95	1.46093	0.121945
4350	-1612.4	-1614.22	1.81214	0.1019324
4360	-1588.21	-1588.8	0.590726	0.1685605
4370	-1588.63	-1589.14	0.512304	0.172752
4380	-1588.38	-1589.3	0.913993	0.1513475
4390	-1587.94	-1588.62	0.679327	0.1638351
4400	-1618.83	-1620.74	1.91146	0.09583453
4410	-1591.25	-1591.5	0.247564	0.1869882
4420	-1610.97	-1612.76	1.78701	0.1034322
4430	-1620.12	-1622.05	1.92913	0.094715
4440	-1590.47	-1591.6	1.13127	0.1397674
4450	-1588.15	-1588.75	0.606533	0.1677167
4460	-1595.78	-1595.76	-0.0284148	0.2020172
4470	-1597.68	-1599.15	1.46735	0.1215922
4480	-1590.69	-1591.84	1.14681	0.1389365
4490	-1590.65	-1591.8	1.1441	0.1390814
4500	-1609.1	-1610.86	1.75219	0.1054864
4510	-1594.63	-1595.98	1.35417	0.1277734
4520	-1593.27	-1593.38	0.111509	0.1943701
4530	-1593.69	-1595.01	1.3132	0.1299927
4540	-1588.4	-1589.32	0.917101	0.1511822
4550	-1620.6	-1622.53	1.93543	0.09431302
4560	-1588.28	-1589.17	0.893437	0.152441
4570	-1592.64	-1593.9	1.26232	0.132738
4580	-1593.07	-1594.36	1.28388	0.131576
4590	-1593.42	-1594.72	1.30048	0.1306802
4600	-1639.62	-1641.75	2.12922	0.08076401
4610	-1588.27	-1589.16	0.891693	0.1525338
4620	-1606.81	-1606.33	-0.481122	0.2272091
4630	-1588.04	-1588.87	0.834086	0.1555979
4640	-1588.94	-1589.41	0.468938	0.1750741
4650	-1599.17	-1600.68	1.5144	0.118995
4660	-1589.2	-1589.64	0.436095	0.1768351
4670	-1632.92	-1635	2.07249	0.0850398
4680	-1591.76	-1592.97	1.21407	0.1353321
4690	-1588.17	-1589.04	0.870934	0.1536379
4700	-1607.15	-1608.86	1.71303	0.1077686
4710	-1602.74	-1602.41	-0.333178	0.2188948
4720	-1593.19	-1594.48	1.28964	0.1312651
4730	-1588.46	-1589.39	0.926639	0.1506748
4740	-1596.94	-1598.38	1.44217	0.1229746
4750	-1589.96	-1591.05	1.09135	0.1419
4760	-1589.49	-1590.54	1.0503	0.1440901
4770	-1616.62	-1615.83	-0.78828	0.2447501
4780	-1613	-1614.83	1.82232	0.1013205
4790	-1589.9	-1590.99	1.08665	0.142151
4800	-1595.36	-1596.74	1.38364	0.1261716
4810	-1598.67	-1600.17	1.49912	0.1198402
4820	-1599.07	-1600.59	1.51155	0.1191531
4830	-1598.27	-1599.75	1.48644	0.1205405
4840	-1670.93	-1673.21	2.28259	0.06513623
4850	-1599.11	-1600.62	1.51261	0.1190942
4860	-1589.77	-1590.85	1.07571	0.1427349
4870	-1588.34	-1589.25	0.905834	0.1517816
4880	-1588.67	-1589.63	0.958625	0.1489728
4890	-1630.51	-1632.56	2.04931	0.08669576
4900	-1588.87	-1589.85	0.983949	0.1476249
4910	-1603.85	-1605.49	1.63974	0.1119699
4920	-1591.15	-1592.32	1.17694	0.1373232
4930	-1587.89	-1588.62	0.731765	0.1610423
4940	-1617.94	-1619.84	1.89889	0.09662375
4950	-1624.89	-1626.88	1.98878	0.09083465
4960	-1588.11	-1588.73	0.615282	0.1672498
4970	-1618.57	-1620.48	1.90777	0.09606698
4980	-1593.92	-1595.24	1.32349	0.1294359
4990	-1598.38	-1599.87	1.49	0.1203441
5000	-1652.26	-1654.47	2.21061	0.07372632
5010	-1641.92	-1644.07	2.14639	0.07938942
5020	-1605.09	-1604.66	-0.420356	0.223784
5030	-1602.21	-1603.81	1.59906	0.1142694
5040	-1591.41	-1591.65	0.235392	0.1876466
5050	-1587.99	-1588.81	0.816821	0.1565162
5060	-1587.9	-1588.66	0.758696	0.1596088
5070	-1589.15	-1590.17	1.01652	0.1458903
5080	-1629.51	-1631.55	2.03919	0.08740477
5090	-1588.24	-1589.13	0.886387	0.152816
5100	-1605.79	-1607.47	1.6841	0.109437
5110	-1618.51	-1620.42	1.90693	0.09611995
5120	-1588.39	-1589.3	0.914168	0.1513382
5130	-1591.74	-1592.95	1.21291	0.1353944
5140	-1588.09	-1588.71	0.620815	0.1669547
5150	-1588.59	-1589.53	0.946327	0.1496273
5160	-1612.78	-1612.1	-0.674545	0.2382095
5170	-1627.57	-1629.59	2.01883	0.08880956
5180	-1599.55	-1601.08	1.52591	0.118357
5190	-1603.54	-1605.18	1.63243	0.1123852
5200	-1610.4	-1612.18	1.77657	0.104051
5210	-1590.7	-1591.84	1.14707	0.1389228
5220	-1605.71	-1607.39	1.68238	0.1095355
5230	-1662.61	-1664.87	2.25676	0.06874126
5240	-1589.54	-1590.6	1.05518	0.1438297
5250	-1588.84	-1589.32	0.481494	0.1744014
5260	-1591.31	-1592.5	1.18728	0.1367692
5270	-1616	-1615.23	-0.770427	0.2437198
5280	-1588.95	-1589.42	0.467242	0.175165
5290	-1608.08	-1609.81	1.73214	0.1066587
5300	-1677.35	-1679.65	2.29645	0.06255843
5310	-1589.31	-1590.34	1.03244	0.1450423
5320	-1590.74	-1591.89	1.15025	0.1387524
5330	-1608.21	-1609.95	1.73473	0.1065073
5340	-1588.06	-1588.69	0.631042	0.1664091
5350	-1590.25	-1591.37	1.11491	0.1406421
5360	-1612.06	-1613.87	1.80623	0.1022867
5370	-1589.48	-1590.53	1.04976	0.1441189
5380	-1630.59	-1632.64	2.0501	0.08664003
5390	-1631.98	-1634.04	2.06356	0.08568295
5400	-1594.12	-1594.18	0.0612173	0.1971118
5410	-1589.46	-1589.87	0.406491	0.1784242
5420	-1594.51	-1594.55	0.0392793	0.1983101
5430	-1588.01	-1588.83	0.824688	0.1560978
5440	-1593.52	-1593.62	0.0960192	0.1952137
5450	-1595.09	-1596.46	1.37309	0.1267454
5460	-1622.97	-1624.94	1.96575	0.09235298
5470	-1646.86	-1649.04	2.17956	0.0765864
5480	-1664.72	-1666.98	2.26419	0.06779757
5490	-1588.88	-1589.87	0.985821	0.1475252
5500	-1647.17	-1649.35	2.1815	0.07641596
5510	-1603.03	-1604.65	1.61997	0.1130904
5520	-1615.89	-1617.76	1.86859	0.09850391
5530	-1598.76	-1600.26	1.50188	0.1196881
5540	-1600.9	-1600.64	-0.260343	0.2148316
5550	-1592.77	-1592.91	0.142332	0.1926933
5560	-1588.99	-1589.99	0.998663	0.1468413
5570	-1602.46	-1604.07	1.60558	0.1139025
5580	-1588.43	-1589.35	0.920927	0.1509787
5590	-1588.48	-1589.41	0.930195	0.1504856
5600	-1589.11	-1589.56	0.446446	0.1762799
5610	-1588.95	-1589.95	0.994344	0.1470714
5620	-1600.66	-1600.41	-0.250398	0.2142784
5630	-1598.24	-1599.73	1.48564	0.1205847
5640	-1591.03	-1591.29	0.264726	0.1860606
5650	-1588.29	-1588.86	0.57317	0.169498
5660	-1636.49	-1638.6	2.10408	0.08270395
5670	-1589.89	-1590.97	1.08571	0.142201
5680	-1588.85	-1589.83	0.981466	0.147757
5690	-1612.34	-1614.16	1.81111	0.1019945
5700	-1591.34	-1591.58	0.240855	0.1873511
5710	-1591.84	-1592.05	0.204285	0.189331
5720	-1588.14	-1588.75	0.606789	0.1677031
5730	-1593.12	-1594.41	1.28637	0.1314418
5740	-1589.62	-1590.01	0.38977	0.1793226
5750	-1588.57	-1589.51	0.943526	0.1497763
5760	-1615.72	-1617.58	1.86587	0.09867133
5770	-1593.43	-1594.73	1.30105	0.130649
5780	-1623.03	-1625	1.9665	0.09230373
5790	-1646.4	-1648.58	2.17669	0.07683811
5800	-1720.07	-1722.35	2.27742	0.04876563
5810	-1702.73	-1705.03	2.30631	0.05377006
5820	-1588.61	-1589.56	0.949849	0.1494398
5830	-1589.94	-1590.3	0.358063	0.1810278
5840	-1587.89	-1588.62	0.731486	0.1610571
5850	-1588.75	-1589.24	0.494906	0.1736832
5860	-1587.91	-1588.61	0.704911	0.1624722
5870	-1593.14	-1594.43	1.28719	0.1313975
5880	-1595.74	-1597.14	1.39854	0.1253601
5890	-1600.83	-1602.39	1.56237	0.1163266
5900	-1686.81	-1689.12	2.30806	0.05904322
5910	-1591.95	-1593.17	1.22494	0.1347483
5920	-1591.32	-1592.51	1.18794	0.1367343
5930	-1609.31	-1611.07	1.75614	0.1052551
5940	-1613.93	-1615.77	1.83762	0.1003961
5950	-1589.23	-1590.25	1.02472	0.1454535
5960	-1674.61	-1676.9	2.29114	0.06364029
5970	-1602.6	-1604.21	1.60905	0.113707
5980	-1593.73	-1593.81	0.0839696	0.1958705
5990	-1588.65	-1589.61	0.95605	0.1491098
6000	-1609.41	-1608.84	-0.568392	0.2321535
6010	-1599.38	-1600.9	1.52065	0.1186487
6020	-1589.3	-1589.73	0.424011	0.1774836
6030	-1602.81	-1604.43	1.6144	0.113405
6040	-1588.41	-1588.96	0.550311	0.1707194
6050	-1610.79	-1612.58	1.78377	0.1036245
6060	-1601.1	-1602.67	1.56971	0.1159162
6070	-1588.12	-1588.73	0.614509	0.1672911
6080	-1654.21	-1656.43	2.22061	0.07273802
6090	-1613.12	-1614.94	1.82421	0.1012069
6100	-1587.98	-1588.79	0.812918	0.1567238
6110	-1622.29	-1624.25	1.95728	0.09290488
6120	-1592.06	-1593.29	1.23136	0.1344037
6130	-1587.93	-1588.71	0.785759	0.1581687
6140	-1587.96	-1588.63	0.668154	0.1644305
6150	-1595.23	-1596.61	1.37866	0.1264427
6160	-1596.1	-1597.51	1.41196	0.1246276
6170	-1623.67	-1625.64	1.97424	0.09179637
6180	-1593.38	-1594.68	1.29862	0.1307804
6190	-1587.95	-1588.75	0.799597	0.1574325
6200	-1599.5	-1601.03	1.52449	0.1184358
6210	-1593.17	-1593.29	0.117452	0.1940466
6220	-1594.97	-1594.98	0.0143191	0.1996753
6230	-1621.87	-1623.82	1.95192	0.093252
6240	-1600.66	-1602.22	1.55775	0.1165846
6250	-1597.99	-1597.86	-0.134867	0.2078763
6260	-1590.82	-1591.97	1.15551	0.1384709
6270	-1588.81	-1589.78	0.976433	0.148025
6280	-1635.76	-1637.86	2.09786	0.08317169
6290	-1627.58	-1629.59	2.01887	0.08880693
6300	-1627.45	-1629.47	2.01754	0.08889745
6310	-1588.44	-1589.37	0.923761	0.1508279
6320	-1600.84	-1602.41	1.56273	0.1163067
6330	-1588.7	-1589.66	0.962542	0.1487644
6340	-1590.75	-1591.04	0.286826	0.1848671
6350	-1650.32	-1652.52	2.20005	0.07473131
6360	-1588.66	-1589.61	0.95649	0.1490864
6370	-1587.91	-1588.68	0.770022	0.159006
6380	-1593.77	-1593.85	0.0814012	0.1960105
6390	-1598.12	-1599.6	1.4817	0.1208021
6400	-1615.09	-1616.95	1.85622	0.09926271
6410	-1593.04	-1594.32	1.28217	0.131668
6420	-1597.95	-1599.42	1.47603	0.1211144
6430	-1588.29	-1589.19	0.896486	0.1522788
6440	-1589.39	-1590.43	1.04083	0.1445951
6450	-1628.77	-1630.81	2.0316	0.08793168
6460	-1613.64	-1615.48	1.83292	0.1006808
6470	-1619.2	-1621.12	1.9166	0.09551012
6480	-1589.79	-1590.87	1.07735	0.1426473
6490	-1590.42	-1591.55	1.12725	0.1399822
6500	-1612.06	-1613.86	1.80614	0.1022921
6510	-1589.95	-1591.05	1.09124	0.1419061
6520	-1587.95	-1588.75	0.798122	0.157511
6530	-1595.81	-1597.21	1.40125	0.125212
6540	-1613.59	-1615.42	1.83203	0.1007347
6550	-1609.22	-1610.97	1.75438	0.1053584
6560	-1594.29	-1595.63	1.33961	0.128563
6570	-1602.03	-1601.72	-0.305553	0.2173514
6580	-1587.9	-1588.65	0.756941	0.1597022
6590	-1589.18	-1590.2	1.01971	0.1457204
6600	-1589.66	-1590.72	1.06573	0.1432671
6610	-1620.9	-1622.84	1.93935	0.09406162
6620	-1588.85	-1589.84	0.982305	0.1477124
6630	-1599.2	-1599.01	-0.188888	0.210864
6640	-1592.73	-1594	1.26689	0.1324918
6650	-1599.05	-1600.56	1.51093	0.1191874
6660	-1625.64	-1627.63	1.99733	0.09026383
6670	-1636.54	-1638.64	2.10444	0.08267622
6680	-1590.63	-1591.77	1.14234	0.1391758
6690	-1603.34	-1604.96	1.6274	0.11267
6700	-1623	-1624.96	1.96605	0.09233344
6710	-1606.83	-1608.54	1.70648	0.1081473
6720	-1597.33	-1598.79	1.45566	0.1222342
6730	-1592.99	-1594.27	1.27967	0.131803
6740	-1630.78	-1632.83	2.05195	0.08650921
6750	-1588	-1588.82	0.820792	0.156305
6760	-1591.75	-1592.96	1.21376	0.1353491
6770	-1644.12	-1646.29	2.16178	0.07811559
6780	-1587.89	-1588.62	0.727816	0.1612525
6790	-1656.73	-1658.97	2.23261	0.07149618
6800	-1594.42	-1595.76	1.3453	0.1282544
6810	-1592.43	-1593.68	1.25134	0.1333292
6820	-1630.56	-1632.61	2.04979	0.08666205
6830	-1591.36	-1592.55	1.19062	0.1365904
6840	-1588.17	-1588.77	0.601171	0.1680029
6850	-1602.93	-1604.55	1.61739	0.1132363
6860	-1596.69	-1598.12	1.43325	0.1234632
6870	-1587.92	-1588.62	0.690557	0.1632368
6880	-1589.07	-1590.07	1.00722	0.1463855
6890	-1599.73	-1601.26	1.53109	0.1180689
6900	-1589.41	-1590.45	1.04277	0.1444912
6910	-1602.86	-1604.48	1.6157	0.1133317
6920	-1592.79	-1594.06	1.26997	0.1323262
6930	-1590.55	-1591.69	1.13691	0.1394661
6940	-1635.56	-1637.66	2.09613	0.08330122
6950	-1598.79	-1600.29	1.50281	0.1196367
6960	-1587.96	-1588.77	0.804218	0.1571866
6970	-1587.9	-1588.62	0.718355	0.1617563
6980	-1588.43	-1589.35	0.922109	0.1509158
6990	-1595.33	-1596.71	1.38254	0.1262312
7000	-1625.34	-1627.34	1.99399	0.09048759
7010	-1600.33	-1600.09	-0.236649	0.213514
7020	-1598.89	-1600.39	1.50577	0.1194726
7030	-1589.92	-1590.28	0.360223	0.1809115
7040	-1600.78	-1600.52	-0.255329	0.2145526
7050	-1590.47	-1590.78	0.309869	0.1836239
7060	-1600.16	-1599.93	-0.229643	0.2131248
7070	-1588.18	-1588.78	0.597558	0.1681958
7080	-1587.92	-1588.61	0.693557	0.163077
7090	-1590.53	-1591.66	1.13513	0.1395611
7100	-1616.06	-1617.93	1.87111	0.09834866
7110	-1593.51	-1594.81	1.30468	0.1304532
7120	-1617.98	-1617.15	-0.82685	0.2469808
7130	-1607.67	-1607.16	-0.510526	0.2288716
7140	-1594.16	-1595.49	1.33413	0.1288598
7150	-1596.82	-1598.26	1.43792	0.1232077
7160	-1599.94	-1599.72	-0.220416	0.2126124
7170	-1590.35	-1591.47	1.12206	0.1402598
7180	-1588.04	-1588.87	0.834469	0.1555775
7190	-1590.33	-1591.45	1.12052	0.1403421
7200	-1625.24	-1627.23	1.9928	0.09056665
7210	-1587.92	-1588.61	0.694444	0.1630297
7220	-1588.11	-1588.73	0.615288	0.1672495
7230	-1618.28	-1620.19	1.90377	0.09631824
7240	-1592.81	-1594.08	1.27067	0.1322881
7250	-1592.96	-1593.09	0.130227	0.1933514
7260	-1588.81	-1589.3	0.485769	0.1741725
7270	-1591.37	-1591.61	0.238488	0.1874792
7280	-1588.68	-1589.63	0.958974	0.1489542
7290	-1588.98	-1589.44	0.463456	0.1753679
7300	-1594.55	-1595.9	1.35085	0.1279535
7310	-1632.33	-1634.4	2.06695	0.08543986
7320	-1615.83	-1617.69	1.86754	0.09856821
7330	-1591.07	-1591.33	0.261237	0.1862491
7340	-1588.55	-1589.49	0.94113	0.1499038
7350	-1595.6	-1595.58	-0.0190392	0.2015029
7360	-1616.85	-1618.73	1.88297	0.09761562
7370	-1602.25	-1603.85	1.60029	0.1142003
7380	-1587.91	-1588.61	0.705433	0.1624444
7390	-1621.27	-1623.21	1.94417	0.09375236
7400	-1594.42	-1595.77	1.34541	0.1282484
7410	-1612.81	-1614.63	1.819	0.1015203
7420	-1706.16	-1708.47	2.30272	0.05272212
7430	-1613.02	-1614.84	1.82254	0.1013073
7440	-1588.4	-1589.32	0.917335	0.1511698
7450	-1597.36	-1598.82	1.45663	0.122181
7460	-1598.67	-1600.16	1.49897	0.119849
7470	-1594.23	-1595.56	1.33697	0.1287058
7480	-1589.75	-1590.13	0.376306	0.1800464
7490	-1600.15	-1601.69	1.54317	0.1173976
7500	-1622.55	-1624.51	1.9605	0.09269517
7510	-1599.72	-1601.25	1.53078	0.1180863
7520	-1670.84	-1673.12	2.28235	0.06517533
7530	-1593.36	-1593.47	0.10552	0.1946962
7540	-1588.11	-1588.96	0.854638	0.1545047
7550	-1594.03	-1595.35	1.32821	0.1291806
7560	-1588.31	-1588.88	0.568066	0.1697706
7570	-1638.77	-1640.89	2.12263	0.0812805
7580	-1616.35	-1618.23	1.87554	0.09807546
7590	-1588.08	-1588.92	0.846031	0.1549625
7600	-1595.41	-1596.79	1.38566	0.1260618
7610	-1588.88	-1589.86	0.985076	0.1475648
7620	-1587.95	-1588.76	0.800912	0.1573625
7630	-1599.11	-1600.62	1.51263	0.119093
7640	-1593.6	-1594.91	1.30888	0.1302263
7650	-1591.09	-1592.26	1.17316	0.1375258
7660	-1650.81	-1653.01	2.20277	0.07447614
7670	-1622.62	-1624.58	1.96137	0.09263886
7680	-1609.51	-1611.28	1.76005	0.105025
7690	-1620.25	-1622.18	1.93077	0.09461027
7700	-1589.06	-1589.51	0.453702	0.1758908
7710	-1603.86	-1605.5	1.64001	0.111955
7720	-1592.5	-1593.75	1.25493	0.1331358
7730	-1641.91	-1644.05	2.14628	0.07939793
7740	-1712.07	-1714.36	2.29404	0.05098907
7750	-1660.99	-1663.24	2.2506	0.06948409
7760	-1591.67	-1592.87	1.2088	0.135615
7770	-1614.95	-1616.81	1.85398	0.09940013
7780	-1593.41	-1593.51	0.102779	0.1948455
7790	-1589.23	-1589.66	0.43279	0.1770125
7800	-1587.91	-1588.61	0.704862	0.1624748
7810	-1598.52	-1600.02	1.49456	0.1200923
7820	-1592.43	-1593.68	1.25133	0.1333294
7830	-1587.9	-1588.61	0.712696	0.1620576
7840	-1597.05	-1598.5	1.44595	0.1227671
7850	-1641.72	-1643.87	2.14497	0.07950423
7860	-1588.33	-1589.23	0.904038	0.1518771
7870	-1588.3	-1588.87	0.570483	0.1696415
7880	-1588.45	-1589.37	0.924575	0.1507846
7890	-1590.91	-1591.18	0.274035	0.1855577
7900	-1599.49	-1601.01	1.52393	0.1184665
7910	-1610.52	-1612.3	1.77871	0.1039239
7920	-1589.42	-1590.46	1.04362	0.1444459
7930	-1603.41	-1603.05	-0.358688	0.2203225
7940	-1604.32	-1605.97	1.6508	0.1113414
7950	-1661.27	-1663.52	2.2517	0.06935328
7960	-1616.2	-1618.07	1.8732	0.09821962
7970	-1603.12	-1604.74	1.622	0.1129756
7980	-1589.52	-1590.57	1.0528	0.1439567
7990	-1588.05	-1588.89	0.837949	0.1553924
8000	-1594.9	-1594.92	0.0179632	0.1994759
8010	-1606.46	-1608.16	1.69864	0.1086002
8020	-1609.4	-1611.16	1.75791	0.1051512
8030	-1592.84	-1594.11	1.27217	0.1322073
8040	-1638.31	-1640.43	2.11896	0.08156526
8050	-1590.17	-1590.5	0.337083	0.1821572
8060	-1588.69	-1589.65	0.960979	0.1488475
8070	-1620.2	-1619.32	-0.888509	0.2505603
8080	-1603.54	-1605.17	1.63228	0.1123935
8090	-1618.64	-1620.55	1.90884	0.09599969
8100	-1593.85	-1595.17	1.32017	0.1296157
8110	-1587.89	-1588.62	0.727536	0.1612674
8120	-1588.27	-1589.17	0.892941	0.1524674
8130	-1596.06	-1597.47	1.41047	0.1247088
8140	-1610.23	-1609.64	-0.594852	0.2336588
8150	-1613.9	-1613.19	-0.708441	0.240153
8160	-1598.46	-1598.3	-0.156166	0.209053
8170	-1589.22	-1589.66	0.433418	0.1769788
8180	-1597.14	-1598.59	1.44915	0.1225916
8190	-1601.84	-1603.43	1.5895	0.1148069
8200	-1625.08	-1627.07	1.99098	0.09068842
8210	-1595.32	-1596.7	1.38226	0.1262466
8220	-1598.56	-1600.05	1.49563	0.1200333
8230	-1587.9	-1588.61	0.714553	0.1619587
8240	-1660.22	-1658.43	-1.78555	0.3046496
8250	-1606.61	-1608.31	1.70186	0.1084143
8260	-1588	-1588.65	0.653954	0.1651874
8270	-1587.93	-1588.62	0.688017	0.1633721
8280	-1631.61	-1633.67	2.06005	0.08593402
8290	-1598.19	-1599.67	1.48379	0.1206867
8300	-1591.52	-1592.72	1.2004	0.136066
8310	-1598.59	-1598.43	-0.162129	0.2093828
8320	-1588.05	-1588.69	0.633982	0.1662523
8330	-1602.22	-1603.82	1.59939	0.1142513
8340	-1598.07	-1599.55	1.48015	0.1208871
8350	-1588.42	-1589.35	0.920776	0.1509867
8360	-1604.06	-1605.7	1.64475	0.1116852
8370	-1613.7	-1615.53	1.83382	0.1006262
8380	-1594.42	-1594.47	0.0441739	0.1980427
8390	-1617.26	-1619.15	1.88907	0.09723677
8400	-1588.03	-1588.86	0.831817	0.1557185
8410	-1590.88	-1592.04	1.15951	0.1382568
8420	-1588.55	-1589.08	0.525196	0.1720622
8430	-1587.89	-1588.62	0.724198	0.1614451
8440	-1588.21	-1588.8	0.590925	0.1685499
8450	-1592.21	-1593.45	1.23934	0.1339746
8460	-1593.26	-1594.55	1.29306	0.1310808
8470	-1603.4	-1605.03	1.62884	0.1125884
8480	-1589.77	-1590.85	1.07579	0.1427306
8490	-1587.94	-1588.73	0.792949	0.1577862
8500	-1592.61	-1593.88	1.26092	0.1328133
8510	-1606.7	-1608.4	1.70366	0.1083106
8520	-1587.99	-1588.81	0.816463	0.1565352
8530	-1588.04	-1588.68	0.638813	0.1659947
8540	-1611.73	-1613.53	1.80051	0.1026286
8550	-1607.45	-1609.16	1.71922	0.1074097
8560	-1601.32	-1602.9	1.57582	0.1155744
8570	-1647.33	-1649.51	2.18245	0.07633189
8580	-1591.57	-1592.78	1.20341	0.1359046
8590	-1590.11	-1590.45	0.341844	0.1819009
8600	-1616.01	-1617.88	1.87037	0.09839402
8610	-1589.55	-1590.6	1.05576	0.1437987
8620	-1588.46	-1589	0.541231	0.1712047
8630	-1594.35	-1595.7	1.34255	0.1284039
8640	-1651.08	-1653.28	2.20427	0.07433427
8650	-1617.42	-1619.31	1.89137	0.09709312
8660	-1692.68	-1694.99	2.31037	0.05701385
8670	-1651.24	-1653.45	2.20517	0.07424854
8680	-1596.64	-1598.07	1.43158	0.1235546
8690	-1594.26	-1595.6	1.3385	0.1286232
8700	-1588.58	-1589.1	0.519947	0.172343
8710	-1588.31	-1588.88	0.569548	0.1696915
8720	-1604.85	-1606.51	1.66304	0.1106431
8730	-1588.02	-1588.66	0.645527	0.1656367
8740	-1592.13	-1593.37	1.23529	0.1341921
8750	-1587.96	-1588.63	0.6676	0.16446
8760	-1590.99	-1591.26	0.267177	0.1859282
8770	-1591.78	-1592.99	1.21522	0.1352704
8780	-1591.52	-1592.72	1.20035	0.1360685
8790	-1598.42	-1599.91	1.49137	0.1202686
8800	-1593.39	-1594.69	1.2994	0.1307385
8810	-1588.68	-1589.64	0.960082	0.1488953
8820	-1587.89	-1588.63	0.733241	0.1609637
8830	-1616.58	-1618.46	1.87893	0.09786567
8840	-1588.99	-1589.99	0.999005	0.1468231
8850	-1587.93	-1588.72	0.787292	0.1580871
8860	-1590.1	-1591.2	1.10297	0.1412798
8870	-1590.94	-1591.21	0.271269	0.1857071
8880	-1588.26	-1589.15	0.889928	0.1526277
8890	-1590.37	-1591.49	1.12355	0.1401801
8900	-1596.84	-1596.76	-0.0808877	0.2049006
8910	-1587.92	-1588.7	0.780927	0.1584258
8920	-1590.53	-1590.83	0.305389	0.1838655
8930	-1591.31	-1591.55	0.243243	0.1872219
8940	-1606.98	-1608.69	1.70967	0.107963
8950	-1612.16	-1613.96	1.80788	0.1021876
8960	-1594.36	-1595.71	1.34294	0.1283827
8970	-1589.72	-1590.8	1.07166	0.1429509
8980	-1595.78	-1597.18	1.40011	0.1252739
8990	-1589.14	-1590.16	1.01536	0.1459521
9000	-1589.26	-1590.29	1.02807	0.145275
9010	-1591.19	-1591.44	0.252396	0.186727
9020	-1602.19	-1601.88	-0.311881	0.2177047
9030	-1631.06	-1633.12	2.05474	0.08631178
9040	-1601.53	-1603.11	1.58143	0.11526
9050	-1595.17	-1596.55	1.37621	0.1265757
9060	-1587.9	-1588.67	0.763717	0.1593416
9070	-1590.08	-1590.43	0.344788	0.1817423
9080	-1593.28	-1594.58	1.29414	0.1310225
9090	-1596.45	-1597.87	1.42477	0.1239272
9100	-1606.17	-1607.86	1.69233	0.1089638
9110	-1597.94	-1599.42	1.476	0.1211158
9120	-1588.67	-1589.62	0.957502	0.1490326
9130	-1598.82	-1600.32	1.50378	0.1195828
9140	-1592.77	-1592.91	0.142457	0.1926865
9150	-1590.55	-1591.69	1.13676	0.1394743
9160	-1604.75	-1606.41	1.66078	0.110772
9170	-1599.63	-1599.42	-0.207124	0.2118749
9180	-1589.97	-1590.32	0.355322	0.1811753
9190	-1589.49	-1589.89	0.403585	0.1785803
9200	-1601.91	-1603.5	1.59132	0.1147051
9210	-1591.66	-1592.87	1.20849	0.1356318
9220	-1624.14	-1626.12	1.97985	0.09142663
9230	-1614.21	-1616.05	1.8421	0.100124
9240	-1588.67	-1589.63	0.958054	0.1490032
9250	-1587.95	-1588.62	0.67625	0.163999
9260	-1588.15	-1589.02	0.865954	0.1539028
9270	-1597.6	-1597.49	-0.117088	0.2068951
9280	-1589.91	-1590.27	0.361233	0.1808572
9290	-1590.56	-1590.87	0.302284	0.1840329
9300	-1591.77	-1591.98	0.209697	0.1890378
9310	-1607.06	-1608.77	1.71126	0.1078707
9320	-1610.66	-1612.44	1.78139	0.1037654
9330	-1594.07	-1595.4	1.3302	0.1290729
9340	-1590.56	-1591.7	1.13776	0.1394208
9350	-1618.99	-1620.9	1.91366	0.09569567
9360	-1596.69	-1598.12	1.43342	0.1234538
9370	-1591.69	-1592.9	1.21028	0.1355356
9380	-1588.4	-1589.32	0.916485	0.151215
9390	-1590.51	-1590.82	0.306665	0.1837967
9400	-1672.49	-1674.78	2.28643	0.06449369
9410	-1620.82	-1622.76	1.93835	0.0941256
9420	-1598.96	-1600.47	1.50801	0.119349
9430	-1605.15	-1606.82	1.66993	0.1102492
9440	-1589.02	-1589.48	0.458022	0.1756592
9450	-1588.41	-1589.33	0.919029	0.1510797
9460	-1607.42	-1609.14	1.71866	0.1074421
9470	-1587.93	-1588.71	0.78469	0.1582256
9480	-1587.93	-1588.72	0.786884	0.1581088
9490	-1588.05	-1588.89	0.838419	0.1553674
9500	-1611.77	-1613.57	1.80108	0.1025945
9510	-1601.31	-1601.03	-0.27697	0.2157575
9520	-1597.13	-1598.58	1.44866	0.1226186
9530	-1623.98	-1625.96	1.97798	0.09155037
9540	-1588.2	-1589.07	0.876449	0.1533446
9550	-1591.39	-1592.59	1.19246	0.1364915
9560	-1627.74	-1629.76	2.02065	0.08868492
9570	-1602.54	-1604.15	1.60768	0.1137842
9580	-1587.94	-1588.62	0.679811	0.1638093
9590	-1589.37	-1590.41	1.03874	0.1447061
9600	-1594.05	-1595.37	1.32908	0.1291337
9610	-1609.8	-1611.56	1.76541	0.1047099
9620	-1596.54	-1597.97	1.42814	0.123743
9630	-1596.61	-1598.04	1.43066	0.123605
9640	-1674.24	-1676.53	2.29036	0.06378776
9650	-1640.48	-1642.62	2.13581	0.08024126
9660	-1594.05	-1595.38	1.32945	0.1291132
9670	-1592.97	-1594.25	1.27876	0.1318523
9680	-1599.12	-1600.64	1.5131	0.1190673
9690	-1618.36	-1620.26	1.90483	0.09625193
9700	-1608.55	-1608.01	-0.540188	0.2305523
9710	-1587.9	-1588.62	0.719937	0.161672
9720	-1596.31	-1596.25	-0.0547014	0.2034605
9730	-1588.16	-1589.03	0.869419	0.1537185
9740	-1599.1	-1600.61	1.5123	0.1191115
9750	-1612.9	-1612.22	-0.67842	0.2384314
9760	-1622.14	-1624.09	1.95532	0.09303214
9770	-1609.68	-1611.44	1.76308	0.1048466
9780	-1602.37	-1603.97	1.60329	0.1140315
9790	-1593.74	-1595.06	1.3156	0.1298629
9800	-1598.26	-1599.75	1.48629	0.120549
9810	-1629.03	-1631.06	2.03426	0.0877473
9820	-1592.02	-1593.25	1.22904	0.1345283
9830	-1590.79	-1591.94	1.15329	0.13859
9840	-1604.03	-1605.67	1.64404	0.111726
9850	-1587.99	-1588.65	0.656182	0.1650686
9860	-1608.65	-1610.4	1.74342	0.106
9870	-1660.09	-1662.34	2.24702	0.06990135
9880	-1601.14	-1602.71	1.57077	0.1158573
9890	-1592.83	-1594.1	1.27185	0.1322245
9900	-1591.32	-1592.51	1.18822	0.1367191
9910	-1588.33	-1588.9	0.564438	0.1699645
9920	-1601.39	-1602.97	1.57766	0.1154713
9930	-1587.98	-1588.79	0.81351	0.1566923
9940	-1633.97	-1636.05	2.0821	0.08433959
9950	-1648.63	-1650.83	2.19034	0.07562412
9960	-1636.14	-1638.24	2.10109	0.0829294
9970	-1589.53	-1590.59	1.05454	0.143864
9980	-1644.61	-1646.77	2.16504	0.07784041
9990	-1608.64	-1610.38	1.74311	0.1060185
10000	-1592.64	-1593.91	1.26245	0.1327309
