Iteration	Posterior	Likelihood	Prior	birth_rate
0	-1590	-1590.35	0.352169	0.181345
10	-1597.89	-1599.37	1.47426	0.1212118
20	-1608.34	-1610.07	1.73721	0.1063631
30	-1668.08	-1670.35	2.27479	0.06633556
40	-1771.98	-1774.03	2.04883	0.03707875
50	-1674.96	-1677.25	2.29187	0.06350065
60	-1718.46	-1720.74	2.28119	0.04920056
70	-1662.77	-1665.03	2.25735	0.06866842
80	-1609.4	-1611.15	1.75779	0.1051579
90	-1672.73	-1675.01	2.28698	0.06439826
100	-1764.48	-1766.57	2.09382	0.03852499
110	-1645.61	-1647.79	2.17164	0.077276
120	-1866.54	-1867.72	1.18086	0.02345371
130	-1794.02	-1795.92	1.89523	0.03320314
140	-1629.39	-1631.43	2.03795	0.08749096
150	-1726.48	-1728.74	2.26025	0.04708019
160	-1619.21	-1621.12	1.91665	0.09550721
170	-1651.04	-1653.25	2.20407	0.07435295
180	-1730	-1732.24	2.24941	0.04618866
190	-1591.03	-1592.2	1.16982	0.1377049
200	-1621.84	-1623.79	1.95154	0.09327671
210	-1590.65	-1591.79	1.14352	0.1391126
220	-1591.27	-1592.46	1.18491	0.1368963
230	-1669.52	-1671.79	2.27885	0.06572675
240	-1589.04	-1590.04	1.00375	0.1465703
250	-1811.33	-1813.09	1.75306	0.03050038
260	-1635.26	-1637.36	2.09355	0.08349423
270	-1742.62	-1744.83	2.20257	0.04316855
280	-1638.61	-1640.73	2.12135	0.08138001
290	-1599.83	-1601.37	1.53417	0.1178979
300	-1601.51	-1603.09	1.5807	0.1153009
310	-1682.44	-1684.74	2.30394	0.06063001
320	-1599.86	-1601.39	1.53481	0.1178626
330	-1587.95	-1588.74	0.797483	0.1575449
340	-1592.73	-1593.99	1.26667	0.1325037
350	-1729.06	-1731.31	2.2524	0.04642464
360	-1651.03	-1653.24	2.20401	0.07435899
370	-1658.9	-1661.14	2.2421	0.07046021
380	-1677.91	-1680.21	2.29741	0.0623432
390	-1634.79	-1636.88	2.08937	0.0838043
400	-1715.91	-1718.19	2.28675	0.0499045
410	-1650.92	-1653.12	2.20339	0.07441733
420	-1595.1	-1596.48	1.37362	0.1267165
430	-1622	-1623.95	1.95358	0.09314491
440	-1644.49	-1646.65	2.16421	0.07791027
450	-1618.55	-1620.45	1.90746	0.09608654
460	-1623.66	-1625.63	1.97408	0.09180685
470	-1643.44	-1645.59	2.15708	0.07850875
480	-1615.03	-1616.88	1.85514	0.09932902
490	-1680.56	-1682.86	2.30151	0.06133285
500	-1732.22	-1734.46	2.24205	0.0456366
510	-1657.81	-1660.05	2.23741	0.0709788
520	-1622.79	-1624.75	1.96345	0.09250294
530	-1632.33	-1634.4	2.06697	0.08543819
540	-1686.91	-1689.21	2.30812	0.05901042
550	-1610.37	-1612.15	1.77609	0.1040791
560	-1747.01	-1749.19	2.1835	0.042181
570	-1636.68	-1638.78	2.10561	0.08258828
580	-1595.85	-1597.25	1.40266	0.1251353
590	-1656.46	-1658.69	2.23134	0.07163029
600	-1691.67	-1693.98	2.31023	0.0573543
610	-1758.19	-1760.32	2.12856	0.03979183
620	-1754.08	-1756.23	2.14981	0.04065018
630	-1817.77	-1819.47	1.69555	0.02956303
640	-1806.35	-1808.14	1.79592	0.03125122
650	-1754.37	-1756.52	2.14836	0.04058917
660	-1759.6	-1761.72	2.12101	0.03950331
670	-1793.45	-1795.35	1.89959	0.03329685
680	-1673.67	-1675.96	2.28912	0.06401755
690	-1695.25	-1697.56	2.31028	0.05615718
700	-1650.78	-1652.98	2.20259	0.07449246
710	-1595.76	-1597.16	1.39929	0.1253187
720	-1595.63	-1597.02	1.39412	0.1256006
730	-1726.82	-1729.08	2.25923	0.04699189
740	-1594.93	-1596.3	1.36676	0.1270898
750	-1647.23	-1649.41	2.18184	0.07638538
760	-1678.2	-1680.49	2.2979	0.06223206
770	-1669.31	-1671.59	2.2783	0.06581173
780	-1742.2	-1744.4	2.20436	0.04326674
790	-1649.12	-1651.32	2.19321	0.07536303
800	-1798.06	-1799.92	1.86373	0.03254799
810	-1708.89	-1711.19	2.2991	0.05191142
820	-1602.86	-1604.48	1.61573	0.1133299
830	-1677.07	-1679.36	2.29594	0.06266876
840	-1645.59	-1647.76	2.17149	0.07728859
850	-1688.97	-1691.28	2.30933	0.05828288
860	-1656.3	-1658.53	2.23061	0.07170769
870	-1685.46	-1687.76	2.307	0.05952849
880	-1701.29	-1703.6	2.30749	0.05421681
890	-1641.06	-1643.2	2.14009	0.07989861
900	-1685.4	-1687.71	2.30696	0.0595476
910	-1593.58	-1594.88	1.30783	0.1302832
920	-1609.66	-1609.09	-0.576562	0.232618
930	-1702.29	-1704.6	2.30669	0.05390554
940	-1617.04	-1618.92	1.88575	0.09744262
950	-1588.08	-1588.93	0.847797	0.1548686
960	-1652.88	-1655.09	2.21386	0.07340935
970	-1644.67	-1646.84	2.16546	0.07780475
980	-1588.16	-1588.76	0.603715	0.1678671
990	-1594.64	-1595.99	1.35442	0.12776
1000	-1599.67	-1601.2	1.52948	0.1181585
1010	-1593.05	-1593.17	0.124788	0.1936473
1020	-1590.6	-1590.9	0.299473	0.1841846
1030	-1612.8	-1614.62	1.81895	0.1015235
1040	-1601.25	-1602.82	1.57372	0.1156919
1050	-1677.41	-1679.71	2.29655	0.06253503
1060	-1895.25	-1896.07	0.815184	0.02053481
1070	-1786.66	-1788.61	1.95001	0.03443957
1080	-1722.63	-1724.9	2.27096	0.04808185
1090	-1646.88	-1649.06	2.17967	0.07657699
1100	-1738.45	-1740.66	2.21942	0.04413808
1110	-1612.17	-1613.98	1.80818	0.1021699
1120	-1732.24	-1734.49	2.24197	0.0456309
1130	-1715.87	-1718.16	2.28682	0.04991421
1140	-1714.8	-1717.09	2.28898	0.05021357
1150	-1588.13	-1588.99	0.861598	0.1541345
1160	-1602.89	-1604.5	1.61628	0.1132989
1170	-1680.64	-1678.48	-2.15473	0.3280928
1180	-1587.9	-1588.66	0.762327	0.1594155
1190	-1591.5	-1592.7	1.19872	0.1361562
1200	-1641.44	-1643.58	2.14289	0.07967308
1210	-1772.55	-1774.59	2.0453	0.03697304
1220	-1718.49	-1720.77	2.28113	0.04919319
1230	-1587.95	-1588.62	0.677656	0.1639241
1240	-1614.59	-1613.86	-0.729257	0.241349
1250	-1651.39	-1653.6	2.20598	0.07417171
1260	-1593	-1594.28	1.28015	0.1317774
1270	-1607.89	-1609.61	1.7282	0.1068881
1280	-1696.41	-1698.72	2.31002	0.05577703
1290	-1616.91	-1616.11	-0.79654	0.2452273
1300	-1587.93	-1588.72	0.788946	0.1579991
1310	-1595.2	-1595.2	0.00180571	0.2003605
1320	-1641.4	-1643.54	2.14258	0.07969794
1330	-1643.3	-1645.46	2.15617	0.07858457
1340	-1721.02	-1723.3	2.27508	0.04850915
1350	-1595.14	-1596.51	1.37497	0.1266434
1360	-1588.28	-1588.86	0.574636	0.1694197
1370	-1683.05	-1680.86	-2.19591	0.3307533
1380	-1588.01	-1588.66	0.650093	0.1653932
1390	-1606.26	-1605.8	-0.462048	0.2261324
1400	-1703.97	-1701.43	-2.5348	0.353004
1410	-1920.45	-1915.35	-5.09708	0.5439485
1420	-1590.1	-1590.44	0.343306	0.1818222
1430	-1589.66	-1590.04	0.385806	0.1795357
1440	-1587.96	-1588.77	0.804721	0.1571599
1450	-1606.83	-1608.54	1.70646	0.1081486
1460	-1589.72	-1590.79	1.07145	0.1429619
1470	-1616.31	-1615.53	-0.77944	0.2442398
1480	-1593.77	-1595.09	1.3167	0.1298034
1490	-1587.9	-1588.61	0.710883	0.1621541
1500	-1792.35	-1788.62	-3.73153	0.4369637
1510	-1689.65	-1687.34	-2.30609	0.3379167
1520	-1649.3	-1651.5	2.19425	0.07526754
1530	-1845.77	-1847.19	1.41679	0.02585824
1540	-1767.29	-1769.36	2.07745	0.0379761
1550	-1626.34	-1628.35	2.00533	0.08972602
1560	-1607.3	-1609.01	1.71621	0.1075845
1570	-1590.73	-1591.02	0.288329	0.1847859
1580	-1704.7	-1707	2.30439	0.05316575
1590	-1728.26	-1730.51	2.25488	0.04662584
1600	-1738.83	-1741.05	2.21792	0.0440477
1610	-1730.68	-1732.92	2.2472	0.04601875
1620	-1762.89	-1765	2.10285	0.03884003
1630	-1700.99	-1703.3	2.30771	0.05431108
1640	-1776.19	-1778.21	2.02197	0.03629819
1650	-1723.48	-1725.75	2.2687	0.04785858
1660	-1649.66	-1651.86	2.19634	0.07507587
1670	-1723.62	-1725.89	2.26831	0.04782043
1680	-1753.77	-1755.92	2.15136	0.04071562
1690	-1669.64	-1671.92	2.27919	0.06567503
1700	-1590.63	-1590.93	0.29638	0.1843515
1710	-1591.5	-1592.7	1.19923	0.1361284
1720	-1591.06	-1592.24	1.17177	0.1376002
1730	-1589.71	-1590.78	1.07039	0.1430184
1740	-1670.28	-1672.56	2.2809	0.06540753
1750	-1589.91	-1590.99	1.08727	0.1421178
1760	-1661.2	-1663.45	2.25141	0.06938802
1770	-1632.54	-1634.61	2.06893	0.08529754
1780	-1635.29	-1637.38	2.09374	0.08347995
1790	-1602.24	-1603.83	1.5998	0.1142282
1800	-1749.86	-1752.03	2.17033	0.04155417
1810	-1594.62	-1595.97	1.35358	0.1278055
1820	-1590.69	-1590.98	0.291623	0.1846081
1830	-1589.02	-1590.02	1.00149	0.1466906
1840	-1588.82	-1589.3	0.485307	0.1741972
1850	-1630.72	-1632.77	2.05135	0.08655157
1860	-1646.42	-1648.6	2.17683	0.07682589
1870	-1739.81	-1742.02	2.21407	0.04381889
1880	-1591.07	-1592.24	1.17221	0.1375769
1890	-1604.86	-1606.52	1.6633	0.1106285
1900	-1751.17	-1753.33	2.16411	0.04127125
1910	-1662.83	-1665.08	2.25754	0.06864474
1920	-1676.67	-1678.96	2.29521	0.06282525
1930	-1656.27	-1658.5	2.23048	0.07172139
1940	-1673.15	-1675.44	2.28797	0.06422426
1950	-1598.13	-1599.61	1.48188	0.1207919
1960	-1666.47	-1668.74	2.26991	0.06702826
1970	-1592.06	-1592.25	0.189312	0.1901427
1980	-1616.65	-1615.86	-0.789131	0.2447993
1990	-1589.1	-1590.11	1.01039	0.146217
2000	-1599.03	-1600.54	1.51026	0.1192241
2010	-1671	-1673.29	2.28278	0.06510593
2020	-1671.71	-1673.99	2.28455	0.06481477
2030	-1778.07	-1780.08	2.00959	0.03595568
2040	-1723.01	-1725.28	2.26997	0.04798278
2050	-1627.05	-1629.07	2.01318	0.08919451
2060	-1644.16	-1646.32	2.16203	0.07809479
2070	-1714.01	-1716.31	2.2905	0.05043495
2080	-1658.74	-1660.98	2.24143	0.07053519
2090	-1688.78	-1691.09	2.30923	0.05835224
2100	-1654.14	-1656.36	2.22027	0.07277267
2110	-1706.21	-1708.51	2.30266	0.05270825
2120	-1587.96	-1588.77	0.805431	0.1571221
2130	-1588.96	-1589.42	0.466377	0.1752114
2140	-1635.2	-1637.29	2.09297	0.08353699
2150	-1688.41	-1690.72	2.30904	0.05848035
2160	-1782.61	-1784.58	1.97873	0.03514522
2170	-1657.42	-1659.66	2.23569	0.07116552
2180	-1724.33	-1726.6	2.26637	0.04763484
2190	-1598.01	-1599.48	1.47803	0.1210041
2200	-1711.17	-1708.52	-2.64509	0.3603847
2210	-1598.19	-1598.05	-0.144069	0.2083845
2220	-1637.24	-1639.35	2.1103	0.08223142
2230	-1674.39	-1676.68	2.29069	0.06372521
2240	-1865.86	-1867.04	1.18906	0.02352909
2250	-1855.32	-1856.63	1.31133	0.02471926
2260	-1678.55	-1680.85	2.29849	0.06209411
2270	-1602.3	-1603.9	1.60149	0.1141327
2280	-1611.96	-1613.77	1.80453	0.102388
2290	-1620.67	-1622.61	1.93644	0.09424797
2300	-1611.46	-1613.25	1.79565	0.1029183
2310	-1607.49	-1609.21	1.72008	0.1073598
2320	-1713.07	-1715.36	2.29225	0.05070199
2330	-1701.81	-1704.12	2.30709	0.05405341
2340	-1602.48	-1604.08	1.60596	0.1138811
2350	-1638.96	-1641.08	2.12407	0.08116771
2360	-1669.64	-1671.92	2.27919	0.06567434
2370	-1743.7	-1745.89	2.19804	0.04292442
2380	-1853.71	-1855.04	1.32947	0.02490719
2390	-1607.37	-1609.08	1.71758	0.1075048
2400	-1600.51	-1602.06	1.55343	0.1168259
2410	-1588.81	-1589.3	0.486196	0.1741496
2420	-1588.26	-1588.84	0.578438	0.1692167
2430	-1589.4	-1590.44	1.04192	0.1445368
2440	-1589.85	-1590.22	0.366304	0.1805844
2450	-1678.11	-1676	-2.11121	0.325291
2460	-1589.96	-1591.05	1.09192	0.1418697
2470	-1622.83	-1624.8	1.96402	0.09246573
2480	-1749.01	-1751.19	2.17432	0.04173974
2490	-1777.29	-1779.31	2.01471	0.03609614
2500	-1598.7	-1600.2	1.4999	0.1197973
2510	-1655.33	-1657.56	2.22605	0.07218324
2520	-1597.68	-1599.14	1.46719	0.1216005
2530	-1595.9	-1597.31	1.4046	0.1250291
2540	-1728.45	-1730.71	2.25429	0.04657708
2550	-1788.43	-1790.36	1.93719	0.03413819
2560	-1837.37	-1838.88	1.50523	0.02690998
2570	-1664.04	-1666.3	2.26187	0.06809875
2580	-1744.99	-1747.18	2.19246	0.04263215
2590	-1605.25	-1606.92	1.67217	0.1101212
2600	-1678.35	-1680.65	2.29816	0.06217128
2610	-1608.59	-1608.05	-0.541328	0.2306169
2620	-1591.93	-1592.13	0.19809	0.1896668
2630	-1589.67	-1590.74	1.0671	0.1431941
2640	-1606.69	-1606.21	-0.476872	0.2269691
2650	-1589.84	-1590.92	1.08132	0.1424352
2660	-1602.61	-1604.22	1.60946	0.1136837
2670	-1616.9	-1618.79	1.88377	0.09756567
2680	-1607.04	-1608.75	1.71082	0.1078962
2690	-1718.92	-1721.2	2.28014	0.04907642
2700	-1779.96	-1781.95	1.9969	0.03561546
2710	-1587.91	-1588.68	0.768983	0.1590613
2720	-1784.06	-1786.03	1.96857	0.03489065
2730	-1672.67	-1674.96	2.28685	0.06442052
2740	-1635.97	-1638.07	2.09961	0.08304071
2750	-1714.83	-1717.11	2.28893	0.05020688
2760	-1778.57	-1780.57	2.00625	0.03586515
2770	-1669.01	-1671.29	2.27746	0.06593861
2780	-1705.99	-1708.29	2.30293	0.05277544
2790	-1591.32	-1592.51	1.1879	0.1367363
2800	-1702	-1704.31	2.30693	0.05399444
2810	-1589.26	-1589.69	0.42882	0.1772254
2820	-1603.64	-1605.27	1.63471	0.1122559
2830	-1608.85	-1610.6	1.74735	0.1057701
2840	-1592.56	-1593.81	1.25788	0.1329772
2850	-1593.29	-1594.58	1.29433	0.1310123
2860	-1668.04	-1670.32	2.27468	0.06635101
2870	-1609.87	-1611.64	1.76673	0.1046318
2880	-1700.15	-1702.46	2.30829	0.0545756
2890	-1741.42	-1743.63	2.20756	0.04344497
2900	-1625.03	-1627.02	1.99034	0.09073087
2910	-1651.73	-1653.94	2.20778	0.07399883
2920	-1642.88	-1645.04	2.15323	0.0788285
2930	-1749.35	-1751.52	2.17275	0.04166623
2940	-1588.27	-1589.16	0.891859	0.152525
2950	-1669.73	-1672.01	2.27943	0.06563724
2960	-1614.75	-1616.6	1.85079	0.09959459
2970	-1696.97	-1699.28	2.30985	0.05559526
2980	-1628.94	-1630.98	2.03335	0.08781057
2990	-1588.67	-1589.18	0.506527	0.1730611
3000	-1671.58	-1673.86	2.28423	0.0648677
3010	-1860.17	-1861.42	1.25587	0.02416357
3020	-1882.09	-1883.08	0.988479	0.02181937
3030	-1672.57	-1674.86	2.28662	0.06446213
3040	-1779.32	-1781.32	2.00121	0.03573003
3050	-1845.3	-1846.72	1.42184	0.02591577
3060	-1726.24	-1728.5	2.26094	0.04714056
3070	-1715.39	-1717.68	2.28781	0.05004958
3080	-1663.69	-1665.95	2.26063	0.06825616
3090	-1736.43	-1738.66	2.22706	0.04461557
3100	-1868.1	-1869.26	1.16223	0.02328424
3110	-1897.89	-1898.67	0.779376	0.02028802
3120	-1899.29	-1900.05	0.760192	0.02015819
3130	-1877.63	-1878.68	1.04501	0.02227455
3140	-1705.72	-1708.02	2.30325	0.05285695
3150	-1703.13	-1705.43	2.30595	0.05364594
3160	-1867.26	-1868.44	1.17224	0.023375
3170	-1785.62	-1787.58	1.95746	0.03461855
3180	-1754.83	-1756.98	2.14601	0.04049141
3190	-1717.68	-1719.97	2.28295	0.04941405
3200	-1722.97	-1725.24	2.27007	0.04799314
3210	-1749.6	-1751.77	2.17158	0.04161176
3220	-1670.57	-1672.85	2.28167	0.06528568
3230	-1588.45	-1588.99	0.543143	0.1711026
3240	-1642.47	-1644.62	2.15034	0.07906637
3250	-1743.7	-1745.9	2.19804	0.04292417
3260	-1724.9	-1727.16	2.2648	0.0474887
3270	-1811.55	-1813.3	1.7512	0.03046878
3280	-1744.47	-1746.67	2.19471	0.04274878
3290	-1795.59	-1797.47	1.88317	0.03294786
3300	-2004.58	-2003.6	-0.980611	0.01256482
3310	-1714.34	-1716.62	2.28989	0.05034472
3320	-1625.32	-1627.31	1.9937	0.09050692
3330	-1592.34	-1593.58	1.2464	0.133595
3340	-1660.36	-1662.6	2.24809	0.06977685
3350	-1637.98	-1640.1	2.11632	0.08176932
3360	-1612.5	-1614.31	1.8137	0.1018389
3370	-1595.71	-1597.11	1.39746	0.1254185
3380	-1776.15	-1778.17	2.02222	0.03630505
3390	-1702.93	-1705.24	2.30613	0.0537063
3400	-1805.11	-1806.92	1.80629	0.03144042
3410	-1660.82	-1663.07	2.24994	0.06956115
3420	-1636.35	-1638.45	2.10287	0.08279508
3430	-1772.96	-1775	2.0427	0.03689571
3440	-1757.57	-1759.7	2.13185	0.03992002
3450	-1803.9	-1805.72	1.81636	0.03162707
3460	-1679.53	-1681.83	2.30002	0.06172039
3470	-1708.4	-1710.7	2.2998	0.05205597
3480	-1644.85	-1647.02	2.16663	0.07770478
3490	-1690.33	-1692.64	2.30988	0.0578141
3500	-1622.97	-1624.94	1.96572	0.09235517
3510	-1588.29	-1589.19	0.897377	0.1522314
3520	-1654.29	-1656.51	2.22101	0.07269727
3530	-1613.46	-1615.29	1.82993	0.1008617
3540	-1611.01	-1612.79	1.7876	0.1033971
3550	-1590.66	-1590.95	0.2943	0.1844637
3560	-1604.28	-1603.89	-0.391193	0.2221452
3570	-1633.03	-1635.11	2.07351	0.084966
3580	-1720.57	-1722.85	2.27619	0.04862941
3590	-1672.99	-1675.27	2.28759	0.0642923
3600	-1652.16	-1654.37	2.21007	0.07377858
3610	-1838.38	-1839.88	1.4948	0.02678088
3620	-1712.45	-1714.74	2.29338	0.05088038
3630	-1673.25	-1675.54	2.28819	0.06418507
3640	-1745.65	-1747.84	2.18957	0.04248464
3650	-1618.59	-1620.5	1.90808	0.09604727
3660	-1593.68	-1593.77	0.0867357	0.1957197
3670	-1615.37	-1617.23	1.8605	0.09900054
3680	-1641.22	-1643.36	2.14127	0.07980345
3690	-1601.13	-1602.7	1.57062	0.1158654
3700	-1639.63	-1641.76	2.12935	0.0807537
3710	-1629.67	-1631.71	2.04081	0.08729197
3720	-1638.19	-1640.31	2.118	0.08163953
3730	-1597.93	-1599.41	1.47565	0.1211352
3740	-1588.06	-1588.69	0.63074	0.1664253
3750	-1589.07	-1590.08	1.0079	0.1463495
3760	-1622.67	-1621.72	-0.954627	0.2544172
3770	-1612.03	-1613.83	1.80567	0.1023202
3780	-1679.9	-1682.2	2.30057	0.06158057
3790	-1676.46	-1678.75	2.29482	0.06290741
3800	-1759.47	-1761.59	2.12174	0.03953087
3810	-1623.69	-1625.67	1.97451	0.09177847
3820	-1656.86	-1659.09	2.23315	0.07143802
3830	-1589.47	-1590.52	1.04868	0.1441761
3840	-1630.01	-1632.05	2.04426	0.08705078
3850	-1631.69	-1633.76	2.06087	0.08587551
3860	-1657.47	-1659.7	2.23591	0.0711419
3870	-1675.54	-1677.83	2.29304	0.06327023
3880	-1669.86	-1672.14	2.27977	0.06558428
3890	-1632.86	-1634.93	2.0719	0.08508305
3900	-1615.16	-1617.02	1.85729	0.09919763
3910	-1647.1	-1649.28	2.18106	0.0764547
3920	-1683.08	-1685.39	2.30468	0.06039177
3930	-1690.78	-1693.09	2.31002	0.05765805
3940	-1729.76	-1732.01	2.25015	0.04624648
3950	-1723.78	-1726.05	2.26789	0.04777999
3960	-1604.61	-1606.26	1.65751	0.1109591
3970	-1649.08	-1651.27	2.19295	0.07538695
3980	-1709.58	-1711.88	2.29807	0.05170878
3990	-1819.09	-1820.77	1.68345	0.02937509
4000	-1696.82	-1699.13	2.3099	0.0556443
4010	-1621.92	-1623.88	1.9526	0.09320788
4020	-1590.33	-1591.45	1.12098	0.1403175
4030	-1681.53	-1683.84	2.30282	0.06096613
4040	-1796.62	-1798.5	1.87507	0.03277954
4050	-1714.53	-1716.82	2.28951	0.05029006
4060	-1696.44	-1698.75	2.31001	0.05576531
4070	-1668.3	-1670.58	2.27544	0.06624021
4080	-1930.1	-1930.41	0.311197	0.01751991
4090	-1791.16	-1793.08	1.91693	0.03367726
4100	-1797.25	-1799.12	1.87014	0.03267827
4110	-1590.61	-1591.75	1.14122	0.1392356
4120	-1614.56	-1616.41	1.8478	0.0997771
4130	-1621.92	-1623.88	1.9526	0.09320795
4140	-1641.39	-1643.53	2.14255	0.07970045
4150	-1587.93	-1588.62	0.685908	0.1634845
4160	-1703.49	-1705.8	2.30561	0.05353427
4170	-1812.9	-1814.64	1.73928	0.03026877
4180	-1679.26	-1681.56	2.29961	0.06182364
4190	-1591.24	-1591.49	0.248371	0.1869446
4200	-1591.98	-1593.21	1.22707	0.1346342
4210	-1772.49	-1774.54	2.04564	0.03698308
4220	-1617	-1618.89	1.88519	0.09747766
4230	-1671.32	-1673.61	2.28359	0.06497326
4240	-1696.08	-1698.39	2.31011	0.0558841
4250	-1587.95	-1588.62	0.67607	0.1640086
4260	-1620.37	-1622.3	1.93237	0.09450848
4270	-1615.3	-1617.16	1.85938	0.0990695
4280	-1589.22	-1590.25	1.02399	0.1454925
4290	-1590.28	-1590.6	0.327204	0.1826895
4300	-1587.94	-1588.62	0.681657	0.1637109
4310	-1589.21	-1590.23	1.02221	0.1455873
4320	-1588.88	-1589.87	0.985907	0.1475206
4330	-1589.83	-1590.91	1.08064	0.1424715
4340	-1637.2	-1639.31	2.10994	0.08225836
4350	-1670.77	-1673.06	2.28219	0.06520131
4360	-1652.92	-1655.13	2.21407	0.07338884
4370	-1692.13	-1694.44	2.31031	0.05719917
4380	-1611.29	-1613.08	1.7927	0.1030941
4390	-1624.87	-1626.85	1.98844	0.09085731
4400	-1645.67	-1647.84	2.17202	0.07724341
4410	-1660.71	-1662.96	2.24949	0.06961388
4420	-1667.81	-1670.09	2.274	0.06644909
4430	-1670.81	-1673.09	2.28228	0.06518744
4440	-1661.12	-1663.37	2.25111	0.06942364
4450	-1588.15	-1588.76	0.605004	0.1677983
4460	-1641.6	-1643.74	2.14406	0.07957796
4470	-1588.74	-1589.71	0.968277	0.1484591
4480	-1637.36	-1639.47	2.11123	0.08215999
4490	-1729.29	-1731.54	2.25166	0.04636553
4500	-1654.63	-1656.85	2.22265	0.07253186
4510	-1723.12	-1725.39	2.26967	0.04795382
4520	-1615.87	-1617.74	1.86827	0.09852367
4530	-1656.66	-1658.89	2.23227	0.07153152
4540	-1611.95	-1613.75	1.80428	0.1024032
4550	-1599.6	-1601.13	1.5273	0.1182795
4560	-1589.5	-1589.9	0.402492	0.1786391
4570	-1634.42	-1636.5	2.08608	0.08404735
4580	-1743.46	-1745.65	2.19907	0.04297922
4590	-1658.04	-1660.28	2.23842	0.07086812
4600	-1723.68	-1725.95	2.26816	0.04780593
4610	-1699.79	-1702.09	2.30852	0.05469097
4620	-1590.96	-1592.12	1.16488	0.1379694
4630	-1794.27	-1796.17	1.89332	0.03316247
4640	-1787.65	-1789.59	1.94286	0.03427049
4650	-1658.89	-1661.13	2.24207	0.07046339
4660	-1631.3	-1633.36	2.05709	0.08614474
4670	-1644.89	-1647.05	2.16689	0.07768316
4680	-1683.13	-1685.43	2.30472	0.06037624
4690	-1670.11	-1672.39	2.28045	0.06547855
4700	-1751.71	-1753.87	2.16151	0.04115569
4710	-1676.79	-1679.08	2.29543	0.06277942
4720	-1637.93	-1640.04	2.11588	0.08180344
4730	-1728.16	-1730.42	2.25518	0.04665041
4740	-1623.55	-1625.52	1.9728	0.09189108
4750	-1660.45	-1662.7	2.24847	0.06973274
4760	-1613.02	-1614.84	1.82259	0.1013043
4770	-1642.9	-1645.06	2.15337	0.07881697
4780	-1795.75	-1791.98	-3.77231	0.4399802
4790	-1596.62	-1596.55	-0.0700953	0.2043068
4800	-1592.02	-1593.25	1.22919	0.1345203
4810	-1631.63	-1633.69	2.06029	0.08591734
4820	-1651.76	-1653.97	2.20798	0.0739802
4830	-1593.97	-1595.29	1.32571	0.129316
4840	-1650.09	-1652.29	2.19874	0.07485272
4850	-1627.2	-1629.21	2.01478	0.08908608
4860	-1593.24	-1594.54	1.29225	0.1311246
4870	-1816.54	-1818.24	1.70678	0.0297402
4880	-1714.02	-1716.31	2.29049	0.05043357
4890	-1644.42	-1646.59	2.16379	0.07794631
4900	-1735.23	-1737.46	2.23149	0.04490471
4910	-1757.38	-1759.52	2.13283	0.03995884
4920	-1772.19	-1774.24	2.04753	0.03703964
4930	-1843.57	-1845.01	1.44035	0.02612908
4940	-1793.3	-1795.2	1.90076	0.03332228
4950	-1754.79	-1756.94	2.14623	0.04050036
4960	-1753.43	-1755.58	2.15306	0.04078814
4970	-1618.89	-1620.8	1.91223	0.09578589
4980	-1656.49	-1658.72	2.23147	0.07161702
4990	-1736.48	-1738.71	2.22688	0.04460386
5000	-1777.53	-1779.54	2.01318	0.03605391
5010	-1752.81	-1754.97	2.1561	0.04091859
5020	-1693.41	-1695.72	2.31041	0.05676831
5030	-1588.27	-1589.16	0.891646	0.1525363
5040	-1605.1	-1606.77	1.66868	0.1103207
5050	-1588.23	-1589.11	0.88344	0.1529727
5060	-1593.84	-1595.16	1.31982	0.1296345
5070	-1631.33	-1633.39	2.05734	0.08612697
5080	-1613.12	-1612.43	-0.684979	0.2388072
5090	-1605.48	-1605.05	-0.434535	0.2245819
5100	-1618.69	-1620.6	1.9095	0.09595793
5110	-1608.78	-1610.52	1.74588	0.1058562
5120	-1634.52	-1636.6	2.08697	0.08398164
5130	-1589.21	-1589.65	0.434506	0.1769204
5140	-1595.36	-1596.74	1.38361	0.126173
5150	-1592.89	-1594.17	1.27505	0.1320523
5160	-1590.01	-1591.11	1.09611	0.1416459
5170	-1588.13	-1588.99	0.860722	0.1541811
5180	-1612.39	-1614.2	1.81184	0.1019503
5190	-1690.81	-1693.12	2.31003	0.05764756
5200	-1713.33	-1715.62	2.29179	0.05062923
5210	-1612.13	-1613.94	1.80744	0.1022138
5220	-1590.29	-1591.41	1.11759	0.1404988
5230	-1589.64	-1590.7	1.06407	0.1433557
5240	-1588.13	-1588.74	0.609488	0.167559
5250	-1590.17	-1591.28	1.10874	0.1409716
5260	-1588.66	-1589.62	0.95679	0.1490705
5270	-1705.41	-1707.72	2.3036	0.0529483
5280	-1622.3	-1624.25	1.95733	0.09290155
5290	-1730.65	-1732.9	2.24727	0.04602416
5300	-1594.83	-1596.2	1.36267	0.1273116
5310	-1628.25	-1630.27	2.02607	0.08831314
5320	-1795.13	-1797.01	1.88674	0.03302287
5330	-1771.02	-1773.07	2.05483	0.0372608
5340	-1642.68	-1644.83	2.15181	0.07894516
5350	-1611.09	-1612.88	1.78918	0.1033032
5360	-1696.76	-1699.07	2.30991	0.05566146
5370	-1718.54	-1720.83	2.28101	0.04917845
5380	-1704.55	-1706.85	2.30455	0.0532118
5390	-1636.42	-1638.53	2.10348	0.08274902
5400	-1752.49	-1754.65	2.1577	0.04098832
5410	-1686.24	-1688.55	2.30763	0.05924843
5420	-1660.22	-1662.47	2.24754	0.06984106
5430	-1738.8	-1741.02	2.21805	0.04405537
5440	-1704.25	-1706.56	2.30485	0.05330139
5450	-1700.65	-1702.95	2.30796	0.05441926
5460	-1700.51	-1702.81	2.30805	0.05446348
5470	-1607.28	-1609	1.71583	0.1076064
5480	-1667.58	-1669.86	2.27332	0.06654808
5490	-1587.96	-1588.76	0.802658	0.1572696
5500	-1644.05	-1646.21	2.16125	0.07815984
5510	-1657.5	-1659.74	2.23605	0.07112656
5520	-1665.09	-1667.35	2.26543	0.06763368
5530	-1632.63	-1634.7	2.06978	0.08523588
5540	-1799.29	-1801.14	1.85393	0.03235142
5550	-1777.67	-1779.68	2.01225	0.03602845
5560	-1713.71	-1716	2.29108	0.05052133
5570	-1588.2	-1588.79	0.59345	0.1684151
5580	-1612.4	-1611.74	-0.66311	0.2375549
5590	-1622.64	-1624.6	1.96159	0.09262419
5600	-1676.35	-1678.65	2.29462	0.06294888
5610	-1686.5	-1688.81	2.30783	0.05915581
5620	-1622.51	-1624.47	1.96003	0.09272614
5630	-1597.29	-1598.75	1.45434	0.122307
5640	-1613.28	-1615.11	1.82699	0.1010388
5650	-1588.29	-1589.18	0.895579	0.1523271
5660	-1666.11	-1668.38	2.26877	0.06718488
5670	-1654.66	-1656.88	2.22281	0.07251527
5680	-1731.27	-1733.52	2.24523	0.04587074
5690	-1706.15	-1708.45	2.30274	0.05272709
5700	-1627.72	-1629.74	2.0204	0.08870255
5710	-1605.05	-1606.72	1.66771	0.1103765
5720	-1652.64	-1654.86	2.21264	0.07352907
5730	-1796.03	-1797.91	1.87969	0.03287523
5740	-1668.35	-1670.62	2.27557	0.06622071
5750	-1660.33	-1662.58	2.24799	0.06978927
5760	-1602.91	-1604.53	1.61695	0.1132612
5770	-1627.57	-1629.59	2.01882	0.08880996
5780	-1603.43	-1605.06	1.62973	0.112538
5790	-1590.35	-1591.48	1.12252	0.1402355
5800	-1656.02	-1654.31	-1.70414	0.2995771
5810	-1596.01	-1597.42	1.40872	0.1248042
5820	-1673.05	-1675.34	2.28773	0.06426664
5830	-1652.12	-1654.33	2.20986	0.07379922
5840	-1592.04	-1592.23	0.190368	0.1900854
5850	-1627.58	-1629.6	2.0189	0.0888048
5860	-1681.54	-1683.85	2.30283	0.0609622
5870	-1788.59	-1790.52	1.93602	0.03411109
5880	-1691.51	-1693.82	2.3102	0.05740873
5890	-1696.03	-1698.34	2.31012	0.0559022
5900	-1684.49	-1686.79	2.30613	0.05987952
5910	-1693.55	-1695.86	2.31042	0.05671979
5920	-1650.41	-1652.61	2.20056	0.07468321
5930	-1674.94	-1677.23	2.29184	0.06350691
5940	-1741.51	-1743.72	2.20718	0.04342382
5950	-1633.82	-1635.9	2.08073	0.08443995
5960	-1631.36	-1633.42	2.05761	0.0861076
5970	-1675.41	-1677.71	2.2928	0.06331888
5980	-1594.96	-1596.32	1.36768	0.1270397
5990	-1615.26	-1617.12	1.85879	0.09910571
6000	-1725.42	-1727.69	2.2633	0.04735151
6010	-1635.52	-1637.61	2.09575	0.08332959
6020	-1662.5	-1664.75	2.25633	0.06879397
6030	-1591.06	-1592.23	1.17114	0.137634
6040	-1589.48	-1589.89	0.404126	0.1785513
6050	-1590.29	-1591.4	1.11743	0.140507
6060	-1589.19	-1590.22	1.02097	0.1456531
6070	-1656.15	-1658.38	2.22993	0.0717792
6080	-1588.89	-1589.88	0.986649	0.1474811
6090	-1624.09	-1626.07	1.9793	0.09146332
6100	-1702.38	-1704.69	2.30661	0.05387635
6110	-1594.91	-1596.27	1.36556	0.1271547
6120	-1657.36	-1659.6	2.23543	0.07119294
6130	-1707.63	-1709.93	2.30085	0.05228335
6140	-1644.61	-1646.78	2.16505	0.07783901
6150	-1664.14	-1666.4	2.2622	0.06805606
6160	-1626.65	-1628.66	2.00879	0.08949227
6170	-1611.7	-1613.5	1.79991	0.1026643
6180	-1614.3	-1616.14	1.84358	0.100034
6190	-1593.51	-1594.82	1.30487	0.1304429
6200	-1627.88	-1629.91	2.02217	0.08858084
6210	-1604.23	-1605.88	1.64876	0.1114571
6220	-1606.08	-1607.77	1.69048	0.1090705
6230	-1634.86	-1636.95	2.08999	0.08375845
6240	-1644.58	-1646.75	2.16486	0.07785522
6250	-1763.04	-1765.14	2.10205	0.03881167
6260	-1646.27	-1648.44	2.17582	0.07691405
6270	-1818.01	-1819.7	1.69338	0.02952915
6280	-1634.97	-1637.06	2.09097	0.08368596
6290	-1626.59	-1628.6	2.00809	0.08953958
6300	-1710.69	-1712.99	2.29634	0.05138511
6310	-1692.53	-1694.84	2.31036	0.05706305
6320	-1728.73	-1730.98	2.25342	0.04650665
6330	-1636.37	-1638.47	2.10304	0.08278206
6340	-1705.61	-1707.92	2.30337	0.05288756
6350	-1664.89	-1667.15	2.26476	0.06772308
6360	-1659.99	-1662.24	2.24662	0.06994768
6370	-1746.13	-1748.32	2.18743	0.04237656
6380	-1599.12	-1600.63	1.51287	0.1190797
6390	-1605.17	-1606.84	1.67031	0.1102274
6400	-1597.99	-1599.47	1.47764	0.1210257
6410	-1612.13	-1613.94	1.80743	0.1022144
6420	-1597.38	-1598.84	1.45722	0.1221487
6430	-1602.51	-1604.12	1.60684	0.1138314
6440	-1641.88	-1644.02	2.14607	0.07941506
6450	-1631.65	-1633.71	2.06047	0.08590406
6460	-1628.91	-1630.94	2.03298	0.08783643
6470	-1611.01	-1612.79	1.78759	0.1033978
6480	-1589.33	-1589.75	0.421148	0.1776372
6490	-1588.89	-1589.37	0.474612	0.1747701
6500	-1678.6	-1676.48	-2.11969	0.3258363
6510	-1588.85	-1589.33	0.480715	0.1744432
6520	-1590.32	-1591.44	1.11976	0.1403826
6530	-1591.38	-1591.62	0.237943	0.1875087
6540	-1606.84	-1608.54	1.70661	0.1081401
6550	-1680.03	-1682.33	2.30076	0.06153214
6560	-1766.04	-1768.12	2.08479	0.03821881
6570	-1610.65	-1612.43	1.78109	0.1037835
6580	-1588.81	-1589.79	0.977147	0.1479869
6590	-1627.55	-1629.57	2.01856	0.08882815
6600	-1655.15	-1657.37	2.22518	0.07227326
6610	-1601.75	-1603.34	1.58715	0.1149388
6620	-1590	-1591.09	1.09473	0.1417197
6630	-1645.79	-1647.97	2.1728	0.07717589
6640	-1935.05	-1935.29	0.234301	0.01713224
6650	-1925.69	-1926.07	0.378542	0.01787299
6660	-1954.07	-1954	-0.0729942	0.01572787
6670	-1741.03	-1743.24	2.20913	0.04353399
6680	-1643.07	-1645.22	2.15451	0.07872249
6690	-1650.51	-1652.71	2.20114	0.07462935
6700	-1720.9	-1723.17	2.27539	0.04854275
6710	-1721.16	-1723.44	2.27473	0.04847267
6720	-1610.88	-1612.66	1.78531	0.1035329
6730	-1590.52	-1591.65	1.13466	0.1395862
6740	-1627.86	-1626.77	-1.08734	0.2622182
6750	-1722.46	-1724.73	2.27141	0.0481277
6760	-1663.22	-1665.48	2.25896	0.06846726
6770	-1716.06	-1718.35	2.28643	0.04986205
6780	-1683.56	-1685.86	2.30519	0.06021732
6790	-1603.12	-1602.77	-0.347684	0.2197063
6800	-1626.59	-1628.6	2.00806	0.08954172
6810	-1588.76	-1589.73	0.970253	0.1483539
6820	-1622.79	-1624.75	1.96348	0.09250089
6830	-1660.77	-1663.02	2.24975	0.06958313
6840	-1615.12	-1616.98	1.85663	0.09923776
6850	-1654.03	-1656.25	2.21971	0.072829
6860	-1698.17	-1700.47	2.30937	0.05520804
6870	-1660.45	-1662.7	2.24849	0.06973129
6880	-1708.13	-1710.43	2.30017	0.0521346
6890	-1645.97	-1648.15	2.17395	0.07707655
6900	-1613.14	-1614.96	1.82451	0.1011887
6910	-1727.11	-1729.37	2.25836	0.04691711
6920	-1789.47	-1791.4	1.92955	0.03396227
6930	-1614	-1615.84	1.83874	0.1003282
6940	-1641.42	-1643.56	2.14274	0.07968508
6950	-1603.17	-1604.8	1.62336	0.1128987
6960	-1620.68	-1622.62	1.93653	0.09424232
6970	-1662.76	-1665.02	2.25729	0.06867534
6980	-1681.84	-1684.14	2.30321	0.06085269
6990	-1603.52	-1605.15	1.63176	0.1124227
7000	-1651.1	-1649.49	-1.60589	0.2934999
7010	-1589.34	-1590.38	1.03617	0.1448433
7020	-1689.64	-1691.95	2.30962	0.05805177
7030	-1588.75	-1589.24	0.495278	0.1736633
7040	-1588.74	-1589.7	0.967142	0.1485195
7050	-1594.05	-1595.38	1.32926	0.1291236
7060	-1589.79	-1590.16	0.372533	0.1802493
7070	-1591.3	-1591.54	0.243827	0.1871904
7080	-1604.52	-1604.12	-0.399708	0.2226234
7090	-1592.93	-1594.21	1.27697	0.1319486
7100	-1588.02	-1588.85	0.828229	0.1559094
7110	-1609.71	-1609.14	-0.578239	0.2327134
7120	-1629.26	-1631.3	2.03668	0.08757952
7130	-1588.59	-1589.54	0.947096	0.1495864
7140	-1590.77	-1591.05	0.285226	0.1849534
7150	-1621.09	-1623.03	1.94184	0.09390186
7160	-1654.58	-1652.91	-1.67582	0.2978203
7170	-1655.28	-1657.51	2.22583	0.07220564
7180	-1671.42	-1673.71	2.28384	0.06493222
7190	-1651.13	-1653.33	2.20454	0.07430862
7200	-1591.59	-1592.8	1.20449	0.1358463
7210	-1588.23	-1588.82	0.586315	0.168796
7220	-1594.88	-1594.89	0.0192894	0.1994033
7230	-1588.08	-1588.93	0.848507	0.1548308
7240	-1588.02	-1588.66	0.644629	0.1656845
7250	-1613.53	-1612.83	-0.697486	0.2395243
7260	-1592.57	-1593.83	1.25879	0.1329282
7270	-1727.61	-1729.86	2.25687	0.0467912
7280	-1799.12	-1800.98	1.85527	0.03237812
7290	-1672.72	-1675.01	2.28698	0.06439925
7300	-1679.73	-1682.03	2.30032	0.06164609
7310	-1656.16	-1658.39	2.22994	0.07177766
7320	-1603.05	-1604.67	1.62026	0.1130737
7330	-1647.41	-1649.6	2.18299	0.07628399
7340	-1645.1	-1647.27	2.16827	0.07756523
7350	-1674.87	-1677.16	2.29169	0.06353578
7360	-1730.8	-1733.04	2.2468	0.04598878
7370	-1618.69	-1620.6	1.90949	0.0959587
7380	-1625.52	-1627.52	1.99605	0.09034985
7390	-1720.97	-1723.24	2.27521	0.04852363
7400	-1696.55	-1698.86	2.30998	0.0557322
7410	-1672.78	-1675.07	2.28712	0.0643748
7420	-1747.93	-1750.11	2.17933	0.04197843
7430	-1651.76	-1653.97	2.20795	0.07398331
7440	-1640.73	-1642.86	2.13763	0.08009577
7450	-1731.69	-1733.94	2.24383	0.04576706
7460	-1850.09	-1851.46	1.36971	0.02533549
7470	-1832	-1833.56	1.55959	0.02760787
7480	-1696.76	-1699.07	2.30991	0.05566119
7490	-1770	-1772.06	2.0611	0.03745458
7500	-1694.39	-1696.7	2.31038	0.0564418
7510	-1618.68	-1620.59	1.9094	0.09596455
7520	-1614.33	-1613.61	-0.721323	0.2408929
7530	-1613.43	-1612.74	-0.694552	0.2393561
7540	-1591	-1591.27	0.266557	0.1859616
7550	-1686.14	-1688.45	2.30756	0.05928391
7560	-1767.73	-1769.81	2.07479	0.0378897
7570	-1792.69	-1794.59	1.90542	0.03342337
7580	-1794.27	-1796.16	1.89335	0.03316295
7590	-1765.8	-1767.89	2.08618	0.03826519
7600	-1669.02	-1671.3	2.27748	0.06593557
7610	-1588.44	-1589.36	0.923074	0.1508645
7620	-1591.55	-1592.75	1.202	0.13598
7630	-1601.62	-1603.21	1.58383	0.1151252
7640	-1602.17	-1603.77	1.59817	0.1143197
7650	-1704.75	-1707.06	2.30433	0.05314827
7660	-1708.47	-1710.77	2.2997	0.05203547
7670	-1605.04	-1606.71	1.66743	0.1103922
7680	-1738.14	-1740.36	2.2206	0.04421039
7690	-1802.6	-1804.43	1.82712	0.0318299
7700	-1587.99	-1588.8	0.815733	0.1565741
7710	-1598.52	-1600.02	1.49451	0.1200954
7720	-1634.37	-1636.46	2.08571	0.08407494
7730	-1710.37	-1712.66	2.29686	0.05148009
7740	-1716.27	-1718.56	2.28599	0.04980399
7750	-1718.39	-1720.67	2.28136	0.04922122
7760	-1624.02	-1626	1.97848	0.09151738
7770	-1631.74	-1633.8	2.06133	0.08584309
7780	-1659.69	-1661.93	2.24537	0.07009012
7790	-1599.57	-1601.1	1.52644	0.1183276
7800	-1601.03	-1602.6	1.56798	0.1160132
7810	-1591.88	-1593.1	1.22116	0.1349516
7820	-1591.53	-1592.73	1.20083	0.1360426
7830	-1589.11	-1589.56	0.446331	0.1762861
7840	-1592.01	-1593.24	1.2287	0.1345465
7850	-1589.59	-1590.65	1.05996	0.1435748
7860	-1637.6	-1636.28	-1.31756	0.275946
7870	-1626.1	-1625.06	-1.04331	0.2596216
7880	-1645.46	-1647.63	2.17065	0.07736079
7890	-1721.76	-1724.04	2.2732	0.04831153
7900	-1798.63	-1800.49	1.85919	0.03245647
7910	-1766.75	-1768.84	2.08059	0.03807921
7920	-1707.89	-1710.19	2.3005	0.05220654
7930	-1589.15	-1590.16	1.01606	0.1459147
7940	-1592.01	-1593.24	1.22834	0.1345661
7950	-1630.65	-1632.7	2.05071	0.08659682
7960	-1653.84	-1656.05	2.21873	0.07292694
7970	-1625.4	-1627.39	1.99458	0.09044802
7980	-1589.1	-1590.11	1.01081	0.1461945
7990	-1657.81	-1660.05	2.23742	0.07097755
8000	-1589.58	-1589.98	0.393675	0.1791128
8010	-1631.36	-1633.42	2.05765	0.08610479
8020	-1640.28	-1642.41	2.13428	0.08036374
8030	-1588.99	-1589.99	0.99894	0.1468266
8040	-1723.99	-1726.26	2.26731	0.04772494
8050	-1750.28	-1752.44	2.16838	0.0414645
8060	-1611.98	-1613.79	1.80487	0.1023679
8070	-1599.93	-1601.46	1.53688	0.1177471
8080	-1630.57	-1632.62	2.04986	0.08665697
8090	-1606.35	-1608.04	1.69621	0.1087404
8100	-1588.34	-1589.25	0.906537	0.1517442
8110	-1603.67	-1605.31	1.63552	0.1122099
8120	-1802.3	-1804.13	1.82957	0.0318767
8130	-1606.45	-1608.15	1.69838	0.1086151
8140	-1623.14	-1625.11	1.96781	0.09221817
8150	-1704.31	-1706.62	2.30479	0.05328238
8160	-1664.02	-1666.28	2.26179	0.06810803
8170	-1685.01	-1687.31	2.30661	0.05969005
8180	-1647.94	-1650.13	2.1862	0.07599742
8190	-1824.89	-1826.52	1.62902	0.02856517
8200	-1700.87	-1703.17	2.3078	0.05434988
8210	-1616.34	-1615.56	-0.780192	0.2442832
8220	-1605.26	-1606.93	1.67238	0.1101093
8230	-1600.27	-1600.04	-0.23445	0.2133918
8240	-1600.69	-1602.25	1.55846	0.1165449
8250	-1755.49	-1757.63	2.14266	0.04035325
8260	-1706.08	-1708.39	2.30281	0.05274589
8270	-1593.13	-1594.41	1.28653	0.131433
8280	-1649.94	-1652.14	2.1979	0.07493073
8290	-1636.52	-1638.63	2.10431	0.08268672
8300	-1665.11	-1667.37	2.26549	0.06762614
8310	-1588.03	-1588.86	0.831552	0.1557326
8320	-1661.56	-1663.82	2.25282	0.06921908
8330	-1639.56	-1641.69	2.12879	0.08079786
8340	-1641.43	-1643.58	2.14285	0.07967604
8350	-1588.05	-1588.68	0.635392	0.1661771
8360	-1602.57	-1604.18	1.60832	0.1137481
8370	-1593.1	-1594.39	1.28534	0.1314974
8380	-1793.99	-1795.89	1.89547	0.03320831
8390	-1740.59	-1742.8	2.21094	0.04363755
8400	-1660.29	-1662.54	2.24783	0.06980696
8410	-1591.5	-1591.73	0.228793	0.1880038
8420	-1588.67	-1589.63	0.957919	0.1490104
8430	-1615.24	-1614.49	-0.748377	0.2424491
8440	-1591.01	-1592.18	1.16818	0.1377927
8450	-1639.86	-1642	2.13112	0.08061434
8460	-1691.82	-1694.13	2.31026	0.05730574
8470	-1813.27	-1815.01	1.736	0.03021435
8480	-1771.85	-1773.9	2.04969	0.03710458
8490	-1620.05	-1621.98	1.92814	0.09477796
8500	-1617.17	-1619.06	1.88772	0.09732041
8510	-1719.7	-1721.97	2.27832	0.04886596
8520	-1654.66	-1656.88	2.22282	0.07251431
8530	-1591.42	-1592.61	1.19396	0.1364113
8540	-1610.69	-1612.47	1.78189	0.1037361
8550	-1625.42	-1627.41	1.99483	0.09043113
8560	-1589.2	-1590.23	1.022	0.1455982
8570	-1600.26	-1600.03	-0.234098	0.2133722
8580	-1682.56	-1684.87	2.30408	0.06058381
8590	-1721.9	-1724.18	2.27285	0.04827442
8600	-1668.06	-1670.33	2.27473	0.06634399
8610	-1729.27	-1731.52	2.25173	0.04637137
8620	-1768.32	-1770.39	2.07128	0.03777634
8630	-1758.55	-1760.67	2.12669	0.03971965
8640	-1737.77	-1739.99	2.22202	0.04429752
8650	-1759.97	-1762.09	2.11903	0.03942877
8660	-1779.7	-1781.69	1.99867	0.03566228
8670	-2075.45	-2072.97	-2.47442	0.009214592
8680	-1865.43	-1866.62	1.19412	0.02357595
8690	-1829.25	-1830.83	1.58685	0.02797433
8700	-1791.66	-1793.57	1.91323	0.03359508
8710	-2014.74	-2013.56	-1.17907	0.01201466
8720	-2078.79	-2076.23	-2.55102	0.00908205
8730	-1833.9	-1835.44	1.54056	0.02735878
8740	-1778.65	-1780.65	2.00572	0.035851
8750	-1696.72	-1699.03	2.30993	0.05567436
8760	-1722.78	-1725.05	2.27057	0.04804312
8770	-1811.02	-1812.77	1.75583	0.0305474
8780	-1747.06	-1749.25	2.18326	0.04216934
8790	-1664.39	-1666.66	2.26309	0.06794151
8800	-1660.97	-1663.22	2.25053	0.06949188
8810	-1874.38	-1875.46	1.0856	0.02261361
8820	-1799.23	-1801.08	1.85442	0.03236113
8830	-1720.21	-1722.49	2.27707	0.04872617
8840	-1679.38	-1681.68	2.29979	0.06177919
8850	-1591.54	-1592.74	1.20128	0.1360187
8860	-1600.66	-1602.22	1.55766	0.1165897
8870	-1673.17	-1675.45	2.28799	0.06422009
8880	-1602.5	-1602.18	-0.323894	0.2183758
8890	-1709.46	-1706.84	-2.61916	0.3586434
8900	-1628.66	-1630.7	2.03045	0.08801116
8910	-1628.4	-1630.43	2.02768	0.08820219
8920	-1621.79	-1623.75	1.95097	0.09331373
8930	-1611.95	-1613.76	1.80431	0.1024011
8940	-1614.18	-1616.02	1.84165	0.1001511
8950	-1628.84	-1630.88	2.03232	0.08788208
8960	-1735.76	-1737.99	2.22954	0.04477574
8970	-1829.29	-1830.87	1.58645	0.02796892
8980	-1669.22	-1671.5	2.27805	0.06584988
8990	-1655.53	-1657.76	2.227	0.0720849
9000	-1663.25	-1665.51	2.25908	0.06845268
9010	-1702.56	-1704.87	2.30646	0.05382086
9020	-1621.63	-1623.58	1.94889	0.09344792
9030	-1604.49	-1606.14	1.65475	0.111116
9040	-1660.28	-1662.52	2.24777	0.06981456
9050	-1632.04	-1634.11	2.0642	0.08563727
9060	-1631.06	-1633.12	2.05474	0.08631204
9070	-1588.25	-1589.14	0.888269	0.1527159
9080	-1588.2	-1588.79	0.593984	0.1683865
9090	-1588.09	-1588.94	0.849221	0.1547928
9100	-1614.3	-1616.15	1.84364	0.1000305
9110	-1618.02	-1619.92	1.89997	0.09655601
9120	-1728.51	-1730.76	2.25412	0.04656304
9130	-1727.75	-1730	2.25645	0.04675557
9140	-1784	-1785.97	1.96896	0.03490042
9150	-1736.84	-1739.07	2.22552	0.04451724
9160	-1637.21	-1639.32	2.11002	0.08225248
9170	-1589.68	-1590.75	1.06812	0.1431395
9180	-1727.82	-1724.93	-2.88955	0.3769966
9190	-1639.68	-1641.81	2.12972	0.08072453
9200	-1594.88	-1596.24	1.36446	0.1272147
9210	-1590.24	-1590.57	0.330695	0.1825014
9220	-1588.03	-1588.87	0.833213	0.1556443
9230	-1595.96	-1597.36	1.40665	0.1249174
9240	-1698.81	-1701.12	2.30906	0.05500039
9250	-1747.06	-1749.25	2.18325	0.04216889
9260	-1791.35	-1793.26	1.91553	0.03364617
9270	-1675.7	-1677.99	2.29336	0.06320742
9280	-1609.63	-1611.39	1.76215	0.1049018
9290	-1595.78	-1597.18	1.39983	0.1252896
9300	-1607.08	-1608.79	1.71168	0.1078468
9310	-1737.53	-1739.75	2.22294	0.04435512
9320	-1703.52	-1705.83	2.30558	0.05352554
9330	-1787.87	-1789.81	1.94125	0.03423287
9340	-1731.47	-1733.71	2.24458	0.04582207
9350	-1628.03	-1630.06	2.02378	0.0884709
9360	-1601.22	-1602.79	1.57294	0.1157353
9370	-1588.05	-1588.89	0.839645	0.1553022
9380	-1618.31	-1620.22	1.90418	0.09629266
9390	-1624.17	-1626.15	1.98027	0.0913993
9400	-1590.48	-1591.62	1.13206	0.1397252
9410	-1609.24	-1610.99	1.75474	0.1053371
9420	-1835.02	-1836.55	1.52923	0.02721295
9430	-1760.08	-1762.2	2.11844	0.03940675
9440	-1681.61	-1683.91	2.30292	0.0609386
9450	-1591.98	-1593.2	1.22671	0.1346534
9460	-1605.78	-1607.47	1.684	0.1094425
9470	-1684.42	-1686.72	2.30606	0.05990383
9480	-1645.02	-1647.19	2.16776	0.07760841
9490	-1809.2	-1810.98	1.77156	0.03081847
9500	-1644.07	-1646.23	2.16141	0.07814691
9510	-1703.61	-1705.91	2.3055	0.05349884
9520	-1801.97	-1803.81	1.83224	0.0319277
9530	-1849.57	-1850.95	1.37543	0.02539774
9540	-1745.58	-1747.77	2.18989	0.04250051
9550	-1624.1	-1626.08	1.97937	0.09145833
9560	-1643.46	-1645.62	2.15724	0.0784958
9570	-1591.35	-1591.59	0.240234	0.1873847
9580	-1668.02	-1670.29	2.27461	0.06636177
9590	-1588.03	-1588.86	0.831629	0.1557285
9600	-1632.75	-1634.83	2.07092	0.08515387
9610	-1703.23	-1705.54	2.30585	0.05361372
9620	-1623.6	-1625.57	1.97339	0.09185234
9630	-1708.97	-1711.26	2.29899	0.05188941
9640	-1616.1	-1617.97	1.87177	0.09830821
9650	-1639.54	-1641.67	2.12863	0.08081078
9660	-1592.87	-1594.14	1.2738	0.1321195
9670	-1600.01	-1599.79	-0.223557	0.2127868
9680	-1597.31	-1598.76	1.45488	0.1222773
9690	-1601.67	-1603.26	1.58517	0.11505
9700	-1598.88	-1598.7	-0.174725	0.2100797
9710	-1621.62	-1620.7	-0.926864	0.2527953
9720	-1641.65	-1640.25	-1.40741	0.2813722
9730	-1592.53	-1593.79	1.25664	0.1330438
9740	-1599.15	-1598.96	-0.186628	0.2107388
9750	-1599.32	-1599.12	-0.193772	0.2111346
9760	-1588.66	-1589.62	0.957117	0.1490531
9770	-1707.41	-1709.71	2.30114	0.05234841
9780	-1688.95	-1691.26	2.30932	0.05829179
9790	-1691.76	-1694.07	2.31025	0.057324
9800	-1699.6	-1701.91	2.30862	0.05474825
9810	-1764.16	-1766.26	2.09564	0.0385875
9820	-1739.28	-1741.49	2.21616	0.04394247
9830	-1645.85	-1648.02	2.17316	0.07714439
9840	-1624.68	-1626.66	1.98622	0.0910051
9850	-1596.69	-1598.12	1.4333	0.1234607
9860	-1587.89	-1588.63	0.734184	0.1609135
9870	-1592.33	-1592.5	0.170762	0.1911491
9880	-1594.19	-1594.25	0.0570894	0.1973372
9890	-1613.39	-1615.22	1.82881	0.1009291
9900	-1621.47	-1623.42	1.94687	0.09357831
9910	-1628.36	-1630.38	2.02721	0.08823466
9920	-1629.66	-1631.7	2.04074	0.08729675
9930	-1587.91	-1588.67	0.767001	0.1591668
9940	-1588.87	-1589.34	0.478438	0.1745651
9950	-1588.87	-1589.86	0.984523	0.1475943
9960	-1600.6	-1602.16	1.55609	0.1166774
9970	-1676.04	-1678.34	2.29403	0.06307108
9980	-1676.67	-1678.96	2.29521	0.06282612
9990	-1761.51	-1763.62	2.1106	0.0391181
10000	-1699.48	-1701.79	2.30869	0.05478671
