Iteration	Posterior	Likelihood	Prior	birth_rate
0	-1678.57	-1680.87	2.29851	0.06208903
10	-1695.38	-1697.69	2.31026	0.05611345
20	-1601.1	-1602.67	1.56971	0.1159161
30	-1617	-1616.2	-0.79924	0.2453834
40	-1660	-1662.25	2.24666	0.0699431
50	-1594.02	-1595.35	1.32805	0.1291893
60	-1686.47	-1688.78	2.30781	0.05916375
70	-1588.81	-1589.3	0.485379	0.1741934
80	-1599.56	-1601.09	1.52617	0.1183424
90	-1592.44	-1593.7	1.25203	0.1332919
100	-1649.42	-1651.61	2.19492	0.07520661
110	-1687.24	-1689.55	2.30835	0.05889185
120	-1670.12	-1672.4	2.28048	0.06547449
130	-1624.99	-1626.98	1.98992	0.09075905
140	-1681.43	-1683.73	2.30268	0.06100588
150	-1653.67	-1655.89	2.21792	0.07300757
160	-1630.04	-1632.08	2.04457	0.08702847
170	-1634.54	-1636.62	2.08716	0.08396759
180	-1729.35	-1731.61	2.25146	0.04634926
190	-1713.24	-1715.53	2.29196	0.05065551
200	-1719.56	-1721.84	2.27863	0.0489019
210	-1757.06	-1759.2	2.13453	0.04002587
220	-1671.12	-1673.4	2.28307	0.06505891
230	-1835.3	-1836.82	1.52642	0.02717702
240	-1840.03	-1841.51	1.47763	0.02657123
250	-1828.53	-1830.13	1.59382	0.02807003
260	-1785.84	-1787.8	1.95591	0.03458108
270	-1633.62	-1635.7	2.07888	0.08457532
280	-1645.72	-1647.89	2.17232	0.07721691
290	-1725.24	-1727.5	2.26383	0.04739938
300	-1698.16	-1700.47	2.30938	0.05520949
310	-1597.74	-1599.21	1.46918	0.1214914
320	-1605.86	-1607.54	1.68554	0.1093544
330	-1588.33	-1589.23	0.903865	0.1518863
340	-1641.14	-1643.28	2.14069	0.07985027
350	-1660.64	-1662.89	2.24923	0.06964489
360	-1615.3	-1617.16	1.85939	0.0990688
370	-1612.08	-1613.89	1.80663	0.1022627
380	-1627.64	-1629.66	2.01962	0.08875581
390	-1701.65	-1703.96	2.30722	0.05410488
400	-1686.76	-1689.07	2.30802	0.05906298
410	-1709.93	-1712.23	2.29754	0.05160605
420	-1765.44	-1767.53	2.08828	0.0383359
430	-1866.47	-1867.65	1.18173	0.02346165
440	-1790.33	-1792.26	1.92312	0.03381612
450	-1757.37	-1759.5	2.13293	0.03996272
460	-1684.23	-1686.53	2.30588	0.0599731
470	-1725.62	-1727.89	2.26273	0.04729973
480	-1703.98	-1706.28	2.30513	0.05338546
490	-1657.03	-1659.27	2.23395	0.07135212
500	-1636.35	-1638.46	2.1029	0.08279327
510	-1624.64	-1626.63	1.98582	0.09103147
520	-1593.71	-1595.03	1.31418	0.1299398
530	-1698.57	-1700.88	2.30918	0.05507846
540	-1645.79	-1647.96	2.17275	0.07717987
550	-1588.94	-1589.41	0.468385	0.1751038
560	-1602.87	-1602.54	-0.338254	0.2191787
570	-1590.92	-1592.08	1.16202	0.1381225
580	-1588.07	-1588.7	0.629305	0.1665018
590	-1616.28	-1615.5	-0.778459	0.2441832
600	-1588.2	-1588.79	0.593812	0.1683957
610	-1588.4	-1589.32	0.916654	0.151206
620	-1599.21	-1600.72	1.51553	0.1189325
630	-1699.5	-1701.81	2.30869	0.05478145
640	-1589.22	-1590.25	1.02408	0.1454874
650	-1589.92	-1591.01	1.08831	0.1420623
660	-1590.99	-1592.16	1.16721	0.1378446
670	-1617.53	-1619.42	1.89289	0.0969989
680	-1826.03	-1827.65	1.61806	0.02840878
690	-1788.29	-1790.23	1.9382	0.03416165
700	-1634.8	-1636.88	2.08944	0.083799
710	-1603.44	-1605.07	1.62993	0.1125268
720	-1771.88	-1773.93	2.04949	0.03709875
730	-1869.54	-1870.68	1.14487	0.02312868
740	-1803.26	-1805.08	1.82167	0.03172675
750	-1892.35	-1893.21	0.854192	0.02081053
760	-1790.78	-1792.7	1.91981	0.03374169
770	-1736.83	-1739.06	2.22556	0.04451991
780	-1736.3	-1738.53	2.22754	0.04464652
790	-1635.07	-1637.16	2.09187	0.0836191
800	-1590.34	-1591.46	1.12146	0.1402921
810	-1596.15	-1597.56	1.41378	0.1245282
820	-1634.01	-1636.09	2.08242	0.08431664
830	-1769.7	-1771.77	2.06291	0.03751106
840	-1635.77	-1637.87	2.09795	0.08316537
850	-1643.56	-1645.72	2.15795	0.07843629
860	-1646.34	-1648.52	2.17629	0.07687269
870	-1642.22	-1644.37	2.14853	0.07921422
880	-1754.52	-1756.67	2.1476	0.04055738
890	-1604.02	-1605.66	1.64373	0.1117435
900	-1636.48	-1638.58	2.10393	0.08271548
910	-1610.46	-1609.86	-0.602237	0.2340793
920	-1591.92	-1593.14	1.22339	0.1348318
930	-1628.38	-1630.41	2.02748	0.08821635
940	-1621.89	-1623.84	1.95217	0.09323595
950	-1625.6	-1627.6	1.99692	0.09029165
960	-1662.51	-1664.77	2.25638	0.06878789
970	-1728.04	-1730.3	2.25555	0.04668056
980	-1766.71	-1768.79	2.08084	0.03808758
990	-1708.22	-1710.52	2.30005	0.05210876
1000	-1616.86	-1618.74	1.88308	0.09760851
1010	-1691.54	-1693.85	2.3102	0.05739854
1020	-1673.95	-1676.24	2.28975	0.06390192
1030	-1647.26	-1649.44	2.18203	0.07636852
1040	-1648.05	-1650.24	2.18687	0.07593766
1050	-1656	-1658.23	2.22922	0.07185403
1060	-1588.32	-1589.22	0.901297	0.1520229
1070	-1602.59	-1604.2	1.6089	0.1137153
1080	-1589.74	-1590.81	1.07275	0.1428927
1090	-1629.57	-1631.61	2.03984	0.08735921
1100	-1609.67	-1611.43	1.76301	0.1048512
1110	-1655.05	-1657.28	2.22472	0.07231986
1120	-1641.91	-1644.06	2.14634	0.07939347
1130	-1632.73	-1634.8	2.07073	0.08516748
1140	-1592.31	-1593.55	1.24469	0.1336871
1150	-1722.15	-1724.42	2.27221	0.04820928
1160	-1678.84	-1681.14	2.29894	0.06198514
1170	-1642.01	-1644.16	2.14706	0.07933438
1180	-1770.58	-1772.63	2.05756	0.03734472
1190	-1870.02	-1871.16	1.13894	0.02307608
1200	-1781.28	-1783.26	1.9879	0.0353802
1210	-1648.98	-1651.17	2.19237	0.07543976
1220	-1695.91	-1698.22	2.31015	0.0559409
1230	-1660.86	-1663.11	2.25008	0.0695449
1240	-1648.07	-1650.26	2.18697	0.07592854
1250	-1588.66	-1589.62	0.95745	0.1490353
1260	-1684.26	-1686.57	2.30591	0.05996079
1270	-1770.98	-1773.03	2.05507	0.03726835
1280	-1788.93	-1790.86	1.93351	0.03405305
1290	-1607.27	-1608.98	1.71555	0.1076228
1300	-1593.4	-1594.7	1.29973	0.1307207
1310	-1683.54	-1685.85	2.30518	0.06022275
1320	-1650.63	-1652.83	2.20179	0.07456749
1330	-1588.96	-1589.95	0.994905	0.1470415
1340	-1594.74	-1594.77	0.0265873	0.1990041
1350	-1617.34	-1619.23	1.89011	0.0971718
1360	-1588.26	-1589.14	0.889475	0.1526518
1370	-1597	-1598.45	1.4444	0.1228524
1380	-1688.79	-1686.5	-2.29196	0.3369943
1390	-1588.41	-1589.32	0.917583	0.1511566
1400	-1600.08	-1599.85	-0.226223	0.2129348
1410	-1594.16	-1595.5	1.33427	0.1288523
1420	-1629.61	-1631.65	2.04022	0.08733312
1430	-1614.78	-1616.64	1.85132	0.09956208
1440	-1592.24	-1593.48	1.24101	0.1338849
1450	-1587.98	-1588.79	0.813321	0.1567024
1460	-1607.12	-1606.63	-0.491716	0.2278077
1470	-1615.01	-1616.87	1.8549	0.09934373
1480	-1591.94	-1593.16	1.22452	0.1347711
1490	-1618.61	-1620.52	1.9084	0.09602705
1500	-1728.15	-1730.4	2.25523	0.04665449
1510	-1803.73	-1805.55	1.81779	0.03165393
1520	-1700.05	-1702.35	2.30835	0.05460836
1530	-1675.59	-1677.88	2.29315	0.0632493
1540	-1699.8	-1702.11	2.30851	0.05468686
1550	-1633.5	-1635.57	2.07778	0.08465601
1560	-1644.06	-1646.22	2.16137	0.07814988
1570	-1618.97	-1620.89	1.91345	0.09570904
1580	-1636.78	-1638.88	2.10643	0.08252561
1590	-1623.43	-1625.4	1.97132	0.09198797
1600	-1626.38	-1628.39	2.00578	0.08969542
1610	-1588.94	-1589.94	0.993134	0.1471358
1620	-1776.15	-1778.17	2.02221	0.03630473
1630	-1696.81	-1699.12	2.3099	0.05564569
1640	-1750.32	-1752.49	2.16818	0.04145568
1650	-1611.31	-1613.1	1.79303	0.1030742
1660	-1610.1	-1611.87	1.77103	0.1043779
1670	-1603.98	-1605.63	1.64292	0.1117898
1680	-1609.16	-1610.91	1.7533	0.1054216
1690	-1599.3	-1600.82	1.51839	0.1187737
1700	-1606.79	-1608.5	1.7056	0.1081982
1710	-1623.32	-1625.29	1.97001	0.09207389
1720	-1665.22	-1667.49	2.26587	0.0675752
1730	-1590.51	-1591.64	1.13376	0.1396347
1740	-1619.99	-1621.92	1.92732	0.09483037
1750	-1625.33	-1627.33	1.99385	0.0904971
1760	-1592.35	-1593.6	1.24713	0.1335557
1770	-1607.19	-1608.91	1.71403	0.1077103
1780	-1626	-1628.01	2.00152	0.08998299
1790	-1593.89	-1595.21	1.32197	0.1295181
1800	-1597.28	-1597.18	-0.101882	0.2060568
1810	-1608.21	-1609.94	1.73464	0.106513
1820	-1653.31	-1655.53	2.21607	0.07319135
1830	-1631.3	-1633.36	2.0571	0.08614389
1840	-1679.06	-1681.36	2.29929	0.06190176
1850	-1672.67	-1674.96	2.28685	0.06442175
1860	-1596.62	-1598.05	1.43086	0.1235939
1870	-1653.04	-1655.25	2.21468	0.07332923
1880	-1635.07	-1637.16	2.09186	0.08361996
1890	-1672.29	-1674.58	2.28596	0.06457484
1900	-1658.56	-1660.8	2.24065	0.07062144
1910	-1637.37	-1639.48	2.11137	0.08214949
1920	-1742.98	-1745.18	2.20109	0.04308824
1930	-1687.97	-1690.28	2.3088	0.05863446
1940	-1629.61	-1631.65	2.04024	0.08733196
1950	-1673.7	-1675.99	2.2892	0.06400326
1960	-1707.97	-1710.28	2.30039	0.05218162
1970	-1621.66	-1623.61	1.9492	0.09342765
1980	-1629.83	-1631.87	2.04244	0.08717822
1990	-1763.53	-1765.63	2.09927	0.03871397
2000	-1720.7	-1722.98	2.27588	0.04859532
2010	-1671.27	-1673.55	2.28345	0.06499691
2020	-1717.02	-1719.3	2.28441	0.04959755
2030	-1664.97	-1667.23	2.26503	0.06768761
2040	-1594.35	-1594.4	0.0483143	0.1978164
2050	-1702.17	-1704.47	2.3068	0.05394414
2060	-1633.06	-1635.14	2.07379	0.08494577
2070	-1613.44	-1615.27	1.82965	0.1008781
2080	-1615.4	-1617.27	1.86105	0.09896689
2090	-1623.8	-1625.78	1.97585	0.09169062
2100	-1703.79	-1706.1	2.30532	0.05344226
2110	-1605.88	-1607.57	1.68608	0.1093231
2120	-1605.83	-1607.52	1.68507	0.109381
2130	-1697.72	-1700.03	2.30957	0.05535012
2140	-1711.43	-1713.72	2.29513	0.05117358
2150	-1599.1	-1600.61	1.51225	0.1191139
2160	-1633.07	-1635.14	2.07386	0.08494078
2170	-1607.18	-1608.89	1.71375	0.1077268
2180	-1589.46	-1590.51	1.04751	0.1442386
2190	-1593.99	-1594.06	0.0685425	0.196712
2200	-1600.68	-1602.24	1.55822	0.1165587
2210	-1753.21	-1755.37	2.15413	0.04083363
2220	-1668.84	-1671.11	2.27696	0.06601382
2230	-1589.54	-1590.6	1.05546	0.1438147
2240	-1636.13	-1638.23	2.101	0.08293641
2250	-1665.43	-1667.7	2.26657	0.06748291
2260	-1708.08	-1710.38	2.30025	0.05215118
2270	-1718.42	-1720.7	2.28129	0.04921264
2280	-1628.23	-1630.25	2.02582	0.08833048
2290	-1591.02	-1592.19	1.16873	0.1377633
2300	-1668.05	-1670.32	2.27469	0.06634961
2310	-1743.22	-1745.42	2.20005	0.04303169
2320	-1609.58	-1611.34	1.76135	0.1049487
2330	-1634.26	-1636.34	2.08467	0.08415121
2340	-1593.44	-1593.54	0.100706	0.1949584
2350	-1588.72	-1589.22	0.499528	0.1734357
2360	-1603.32	-1604.95	1.62707	0.1126886
2370	-1645.16	-1647.33	2.16869	0.07752935
2380	-1702.55	-1704.85	2.30647	0.05382543
2390	-1602.03	-1603.62	1.5945	0.1145259
2400	-1646.52	-1648.7	2.17745	0.07677154
2410	-1589.01	-1590.01	1.001	0.1467167
2420	-1590.92	-1592.08	1.16196	0.1381259
2430	-1638.02	-1640.13	2.11662	0.0817464
2440	-1684.18	-1686.48	2.30583	0.05999117
2450	-1756.65	-1758.78	2.1367	0.04011223
2460	-1659.36	-1661.6	2.24403	0.07024251
2470	-1751.69	-1753.85	2.1616	0.04115971
2480	-1784.04	-1786.01	1.96866	0.03489292
2490	-1640.15	-1642.28	2.13328	0.08044268
2500	-1601.81	-1603.39	1.58865	0.1148545
2510	-1614.49	-1616.33	1.84662	0.09984904
2520	-1600.14	-1601.68	1.54292	0.1174112
2530	-1588.46	-1589.39	0.926975	0.1506569
2540	-1692.97	-1695.28	2.3104	0.05691636
2550	-1705.31	-1707.61	2.30371	0.05297966
2560	-1649.98	-1652.18	2.19812	0.07491049
2570	-1647.93	-1650.11	2.1861	0.07600609
2580	-1617.09	-1618.98	1.88659	0.09739081
2590	-1928.76	-1929.09	0.33176	0.01762633
2600	-1837.73	-1839.23	1.50153	0.02686409
2610	-1644.89	-1647.06	2.16691	0.07768144
2620	-1680.22	-1682.52	2.30104	0.06145866
2630	-1837.86	-1839.36	1.50013	0.02684673
2640	-1636.83	-1638.93	2.10686	0.08249336
2650	-1736.04	-1738.27	2.22852	0.04470971
2660	-1700.32	-1702.63	2.30817	0.0545209
2670	-1783.36	-1785.34	1.97344	0.03501205
2680	-1634.76	-1636.85	2.0891	0.08382432
2690	-1650.11	-1652.31	2.19888	0.07483975
2700	-1590.44	-1591.57	1.12863	0.1399088
2710	-1662.87	-1665.13	2.25769	0.0686256
2720	-1649.82	-1652.02	2.19722	0.07499461
2730	-1609.17	-1610.92	1.75341	0.1054151
2740	-1656.98	-1659.22	2.23373	0.07137652
2750	-1647.07	-1649.25	2.18087	0.07647137
2760	-1587.93	-1588.62	0.689322	0.1633026
2770	-1599.93	-1599.71	-0.220056	0.2125924
2780	-1588.02	-1588.85	0.829019	0.1558674
2790	-1598.13	-1599.61	1.48196	0.1207873
2800	-1645.31	-1647.48	2.16967	0.0774453
2810	-1727.17	-1729.43	2.25818	0.04690181
2820	-1826.17	-1827.79	1.61673	0.02838996
2830	-1636.85	-1638.96	2.10706	0.08247807
2840	-1667.58	-1669.85	2.27329	0.06655159
2850	-1755.17	-1757.32	2.14429	0.04042007
2860	-1761.13	-1763.24	2.11267	0.03919329
2870	-1636.55	-1638.65	2.10452	0.0826704
2880	-1690.5	-1692.81	2.30993	0.05775395
2890	-1710.76	-1713.06	2.29622	0.05136447
2900	-1676.06	-1678.35	2.29406	0.06306451
2910	-1616.44	-1618.31	1.87681	0.09799685
2920	-1623.59	-1625.57	1.97334	0.09185551
2930	-1745.31	-1747.5	2.19105	0.04255958
2940	-1766.21	-1768.29	2.0838	0.03818573
2950	-1745.25	-1747.44	2.19132	0.04257386
2960	-1708.49	-1710.79	2.29968	0.05203042
2970	-1609.11	-1610.86	1.7523	0.1054804
2980	-1756.2	-1758.34	2.13898	0.04020392
2990	-1628.97	-1631	2.03363	0.08779111
3000	-1611.15	-1612.94	1.79024	0.1032403
3010	-1592.9	-1593.03	0.134213	0.1931347
3020	-1692.53	-1694.84	2.31036	0.05706416
3030	-1760.22	-1762.34	2.11767	0.03937797
3040	-1629.08	-1631.12	2.03483	0.08770828
3050	-1641.25	-1643.39	2.1415	0.07978493
3060	-1588.95	-1589.94	0.99372	0.1471046
3070	-1589.04	-1590.04	1.00364	0.1465765
3080	-1604.12	-1605.76	1.64607	0.1116104
3090	-1665.33	-1667.6	2.26623	0.06752812
3100	-1729.87	-1732.12	2.24982	0.04622032
3110	-1589.96	-1591.06	1.09205	0.1418627
3120	-1598.7	-1598.53	-0.166807	0.2096416
3130	-1604.38	-1603.98	-0.394663	0.22234
3140	-1608.37	-1610.11	1.73782	0.1063275
3150	-1637.85	-1639.96	2.11524	0.08185268
3160	-1594.37	-1594.42	0.0471813	0.1978783
3170	-1619.7	-1621.62	1.92337	0.09508128
3180	-1701.02	-1703.33	2.30769	0.05430096
3190	-1716.51	-1718.8	2.28548	0.04973658
3200	-1734.16	-1736.4	2.23531	0.04516168
3210	-1721.83	-1724.11	2.27303	0.04829323
3220	-1666.81	-1669.08	2.27095	0.06688272
3230	-1698.54	-1700.85	2.3092	0.05508672
3240	-1595.92	-1597.32	1.40517	0.1249984
3250	-1691.86	-1694.17	2.31026	0.05729133
3260	-1649.71	-1651.91	2.19659	0.0750524
3270	-1588.55	-1589.49	0.94129	0.1498953
3280	-1588.59	-1589.11	0.51901	0.1723931
3290	-1607.07	-1608.78	1.71149	0.1078579
3300	-1633.37	-1635.45	2.07663	0.08473966
3310	-1668.44	-1670.71	2.27582	0.06618399
3320	-1704.23	-1706.53	2.30488	0.05330933
3330	-1700.2	-1702.51	2.30825	0.05455955
3340	-1590.05	-1591.15	1.09882	0.1415015
3350	-1619.96	-1621.89	1.92696	0.09485305
3360	-1726.12	-1728.38	2.26128	0.04717116
3370	-1740.18	-1742.39	2.2126	0.04373291
3380	-1748.41	-1750.58	2.17713	0.04187266
3390	-1746.94	-1749.13	2.1838	0.04219603
3400	-1667.63	-1669.9	2.27346	0.06652782
3410	-1654.15	-1656.37	2.22028	0.07277146
3420	-1628.66	-1630.69	2.03041	0.08801411
3430	-1758.36	-1755.05	-3.30604	0.4061156
3440	-1700.15	-1702.46	2.30829	0.05457589
3450	-1690.99	-1693.3	2.31007	0.05758625
3460	-1592.47	-1593.72	1.25326	0.1332257
3470	-1625.7	-1627.7	1.99806	0.09021479
3480	-1592.85	-1594.13	1.27303	0.132161
3490	-1628.83	-1630.86	2.03216	0.08789321
3500	-1587.96	-1588.63	0.669429	0.1643625
3510	-1591.54	-1592.74	1.20106	0.1360306
3520	-1602.91	-1604.53	1.61683	0.1132679
3530	-1595.25	-1596.63	1.37946	0.1263989
3540	-1713.4	-1715.7	2.29165	0.05060792
3550	-1761.24	-1763.35	2.11207	0.03917138
3560	-1676.3	-1678.59	2.29452	0.06297029
3570	-1602.38	-1603.98	1.60348	0.114021
3580	-1587.89	-1588.65	0.75064	0.1600375
3590	-1612.71	-1614.53	1.81734	0.1016205
3600	-1645.12	-1647.29	2.1684	0.0775537
3610	-1688.51	-1690.82	2.3091	0.05844608
3620	-1697.57	-1699.88	2.30963	0.0554003
3630	-1778.34	-1780.35	2.00775	0.0359057
3640	-1829.11	-1830.7	1.5882	0.02799285
3650	-1609.75	-1611.52	1.76455	0.1047603
3660	-1672.44	-1674.73	2.28632	0.06451376
3670	-1687.93	-1690.23	2.30877	0.0586503
3680	-1700.83	-1703.14	2.30783	0.05436202
3690	-1659.96	-1662.21	2.24651	0.06995957
3700	-1632.48	-1634.55	2.06836	0.08533845
3710	-1588.01	-1588.84	0.825309	0.1560647
3720	-1590.37	-1591.5	1.12386	0.1401639
3730	-1644.86	-1647.02	2.16668	0.0777011
3740	-1635.35	-1634.09	-1.26634	0.2728699
3750	-1628.86	-1627.74	-1.11196	0.2636749
3760	-1615.04	-1616.9	1.8554	0.09931306
3770	-1588.38	-1588.93	0.55593	0.1704191
3780	-1650.2	-1652.4	2.19939	0.07479254
3790	-1661.95	-1664.2	2.25428	0.06904437
3800	-1743.27	-1745.47	2.19984	0.04302041
3810	-1705.98	-1708.29	2.30293	0.05277615
3820	-1604.11	-1605.76	1.64599	0.111615
3830	-1609.7	-1611.47	1.76359	0.1048169
3840	-1703.28	-1705.59	2.30581	0.05359798
3850	-1756.67	-1758.81	2.13657	0.0401072
3860	-1610.02	-1611.79	1.76958	0.1044639
3870	-1593.51	-1593.6	0.0969065	0.1951654
3880	-1590.85	-1591.13	0.278853	0.1852975
3890	-1596.06	-1597.47	1.41041	0.1247119
3900	-1588.06	-1588.69	0.632465	0.1663332
3910	-1619.64	-1621.57	1.92265	0.09512694
3920	-1645.09	-1647.26	2.16823	0.07756829
3930	-1619.14	-1618.28	-0.859248	0.2488595
3940	-1588.28	-1589.18	0.895185	0.152348
3950	-1606.33	-1608.03	1.69593	0.1087566
3960	-1600.43	-1601.98	1.5513	0.1169444
3970	-1636.08	-1638.18	2.10059	0.08296666
3980	-1706.55	-1708.85	2.30225	0.05260713
3990	-1708.24	-1710.54	2.30002	0.05210185
4000	-1670.14	-1672.42	2.28054	0.06546441
4010	-1686.39	-1688.69	2.30775	0.05919515
4020	-1710.82	-1713.12	2.29613	0.05134796
4030	-1620.35	-1622.28	1.93213	0.09452365
4040	-1590.24	-1591.36	1.11411	0.1406848
4050	-1610.04	-1611.81	1.76987	0.1044466
4060	-1593.74	-1595.05	1.31533	0.1298776
4070	-1590.16	-1591.27	1.10751	0.1410373
4080	-1606.88	-1608.59	1.70746	0.1080909
4090	-1650.67	-1652.87	2.20202	0.07454616
4100	-1606.99	-1608.7	1.70977	0.1079572
4110	-1718.99	-1721.27	2.27997	0.04905656
4120	-1651.5	-1653.71	2.20657	0.07411553
4130	-1726.62	-1728.88	2.25983	0.04704391
4140	-1825.48	-1827.11	1.62334	0.02848386
4150	-1751.9	-1754.06	2.16059	0.04111483
4160	-1682.92	-1685.22	2.30449	0.06045262
4170	-1662.75	-1665	2.25724	0.06868104
4180	-1694.9	-1697.21	2.31033	0.05627345
4190	-1629.2	-1631.24	2.03606	0.08762245
4200	-1649.2	-1651.39	2.19366	0.07532203
4210	-1597.11	-1598.56	1.4481	0.1226496
4220	-1592.27	-1592.44	0.175307	0.1909024
4230	-1588.01	-1588.83	0.824417	0.1561121
4240	-1589.15	-1590.17	1.0162	0.1459074
4250	-1596.92	-1598.37	1.4416	0.1230057
4260	-1603.54	-1605.17	1.63239	0.1123874
4270	-1588.09	-1588.71	0.620843	0.1669532
4280	-1609.69	-1609.11	-0.577467	0.2326695
4290	-1622.33	-1624.29	1.95777	0.09287265
4300	-1601.71	-1603.3	1.58619	0.1149929
4310	-1647.46	-1645.93	-1.53115	0.2889097
4320	-1587.96	-1588.77	0.804681	0.157162
4330	-1670.1	-1668.13	-1.96926	0.3162244
4340	-1592.01	-1592.2	0.192508	0.1899694
4350	-1619.74	-1618.87	-0.875903	0.2498271
4360	-1626.95	-1628.97	2.01209	0.08926888
4370	-1710.91	-1713.2	2.29599	0.05132292
4380	-1784.68	-1786.64	1.9642	0.03478279
4390	-1676.11	-1678.4	2.29415	0.06304521
4400	-1679.43	-1681.73	2.29986	0.06176086
4410	-1612.97	-1614.79	1.82167	0.1013598
4420	-1752.3	-1754.45	2.15865	0.04102945
4430	-1647.41	-1649.59	2.18296	0.07628665
4440	-1672.36	-1674.65	2.28612	0.06454724
4450	-1646.58	-1648.76	2.17781	0.07673994
4460	-1590.66	-1591.8	1.14424	0.1390738
4470	-1594.43	-1595.78	1.34579	0.1282278
4480	-1658.73	-1660.97	2.24137	0.0705417
4490	-1645.82	-1647.99	2.17294	0.07716352
4500	-1608.21	-1609.95	1.7347	0.1065091
4510	-1762.66	-1764.77	2.10416	0.03888629
4520	-1611.25	-1613.05	1.79205	0.1031326
4530	-1597.69	-1599.16	1.46777	0.1215688
4540	-1591.65	-1591.87	0.217891	0.188594
4550	-1654.39	-1656.62	2.22151	0.0726473
4560	-1708.07	-1710.37	2.30026	0.05215394
4570	-1655.3	-1657.52	2.2259	0.07219869
4580	-1653.32	-1655.54	2.21613	0.07318559
4590	-1593.32	-1594.61	1.29572	0.1309373
4600	-1670.37	-1672.65	2.28114	0.06536918
4610	-1613.9	-1613.19	-0.708497	0.2401562
4620	-1606.17	-1605.71	-0.458915	0.2259557
4630	-1650.8	-1649.2	-1.59987	0.2931292
4640	-1588.8	-1589.28	0.488114	0.1740468
4650	-1626.44	-1628.44	2.00637	0.08965567
4660	-1722.03	-1724.3	2.27253	0.0482415
4670	-1745.47	-1747.66	2.19037	0.04252491
4680	-1662.26	-1664.52	2.25546	0.06890015
4690	-1627.92	-1629.94	2.02256	0.08855428
4700	-1646.39	-1648.57	2.17661	0.07684518
4710	-1662.02	-1664.27	2.25455	0.06901118
4720	-1607.96	-1609.69	1.72972	0.1067996
4730	-1755.52	-1757.66	2.14251	0.040347
4740	-1615.39	-1617.25	1.86086	0.09897856
4750	-1630.49	-1632.54	2.0491	0.08671062
4760	-1617.42	-1616.61	-0.811273	0.2460791
4770	-1639.89	-1642.02	2.13131	0.08059929
4780	-1597.32	-1598.78	1.45527	0.1222556
4790	-1602.39	-1603.99	1.60364	0.1140119
4800	-1759.12	-1761.24	2.12361	0.03960189
4810	-1600.03	-1601.57	1.53973	0.1175888
4820	-1602.87	-1604.49	1.61599	0.1133154
4830	-1592.54	-1593.8	1.25712	0.1330179
4840	-1629.75	-1631.8	2.04168	0.08723091
4850	-1587.9	-1588.66	0.762726	0.1593943
4860	-1595.31	-1596.7	1.38196	0.1262631
4870	-1597.7	-1597.58	-0.12174	0.2071517
4880	-1635.47	-1634.2	-1.26904	0.2730314
4890	-1601.65	-1601.36	-0.290365	0.2165041
4900	-1717.13	-1714.4	-2.73421	0.3664005
4910	-1610.05	-1609.46	-0.589163	0.2333349
4920	-1611.02	-1612.8	1.78776	0.1033873
4930	-1614.41	-1616.25	1.84536	0.09992575
4940	-1617.46	-1619.35	1.89192	0.09705885
4950	-1626.25	-1628.25	2.00427	0.08979748
4960	-1629.48	-1631.52	2.03891	0.08742467
4970	-1588.04	-1588.88	0.835584	0.1555182
4980	-1587.9	-1588.66	0.760476	0.159514
4990	-1674.17	-1676.46	2.29021	0.06381678
5000	-1700.48	-1702.79	2.30807	0.05447095
5010	-1695.2	-1697.51	2.31029	0.05617443
5020	-1630.42	-1632.47	2.04842	0.08675819
5030	-1589.16	-1590.18	1.0175	0.1458381
5040	-1590.62	-1590.92	0.297234	0.1843054
5050	-1713.3	-1715.59	2.29184	0.05063745
5060	-1843.83	-1845.27	1.4376	0.02609714
5070	-1594.8	-1596.16	1.36139	0.1273812
5080	-1623.11	-1625.07	1.96738	0.09224669
5090	-1728.62	-1730.87	2.25376	0.04653432
5100	-1593.95	-1595.28	1.32498	0.1293553
5110	-1587.95	-1588.74	0.797166	0.1575618
5120	-1588.12	-1588.98	0.857628	0.1543457
5130	-1593.48	-1594.78	1.30322	0.1305323
5140	-1793.56	-1795.46	1.89881	0.03328004
5150	-1732.39	-1734.63	2.24147	0.04559453
5160	-1814.88	-1816.6	1.72172	0.02998029
5170	-1600.93	-1602.5	1.56515	0.1161712
5180	-1591.1	-1592.27	1.17386	0.1374885
5190	-1603.85	-1605.49	1.63969	0.1119728
5200	-1644.07	-1646.23	2.16142	0.07814598
5210	-1655.2	-1653.52	-1.68809	0.2985806
5220	-1686.08	-1683.83	-2.24684	0.3340563
5230	-1660.85	-1663.1	2.25003	0.06955021
5240	-1671.71	-1674	2.28456	0.0648121
5250	-1615.44	-1617.3	1.86163	0.09893175
5260	-1644.91	-1647.08	2.16705	0.07766919
5270	-1776.35	-1778.37	2.02089	0.03626779
5280	-1602.36	-1603.96	1.60295	0.1140505
5290	-1596.92	-1596.84	-0.0847459	0.205113
5300	-1754.01	-1756.16	2.15018	0.04066566
5310	-1768.23	-1770.3	2.0718	0.03779305
5320	-1653.35	-1655.57	2.21629	0.07317011
5330	-1718.12	-1720.4	2.28197	0.04929418
5340	-1597.68	-1599.14	1.46715	0.1216029
5350	-1719.09	-1721.37	2.27976	0.04903133
5360	-1839.04	-1840.53	1.48797	0.02669708
5370	-1696.48	-1698.79	2.31	0.05575331
5380	-1600.62	-1600.37	-0.24868	0.2141828
5390	-1600.3	-1601.84	1.54746	0.1171586
5400	-1677.09	-1679.38	2.29597	0.06266173
5410	-1661.97	-1664.22	2.25436	0.06903427
5420	-1745.43	-1747.62	2.19052	0.04253254
5430	-1604	-1605.65	1.64338	0.1117634
5440	-1606.35	-1608.05	1.69636	0.1087317
5450	-1718.96	-1721.24	2.28006	0.04906648
5460	-1658.34	-1660.58	2.23973	0.07072414
5470	-1636.34	-1638.45	2.10281	0.08279999
5480	-1650.4	-1652.6	2.20051	0.07468769
5490	-1637.09	-1639.2	2.10905	0.08232653
5500	-1624.62	-1626.61	1.98558	0.09104771
5510	-1627.35	-1629.37	2.01642	0.08897392
5520	-1743.73	-1745.93	2.19789	0.04291656
5530	-1731.81	-1734.05	2.24343	0.04573764
5540	-1778.24	-1780.25	2.00845	0.03592484
5550	-1694.72	-1697.04	2.31035	0.05633017
5560	-1678.72	-1681.02	2.29876	0.06202989
5570	-1604.29	-1605.94	1.65009	0.1113814
5580	-1591.14	-1591.4	0.255661	0.1865505
5590	-1611.28	-1610.65	-0.628089	0.2355535
5600	-1664.9	-1667.16	2.26479	0.06771931
5610	-1710.59	-1712.89	2.2965	0.05141517
5620	-1626.32	-1628.32	2.00504	0.08974546
5630	-1761	-1763.11	2.11342	0.03922088
5640	-1639.73	-1641.86	2.13005	0.08069839
5650	-1621.06	-1623	1.94153	0.09392164
5660	-1595.97	-1597.38	1.4072	0.1248871
5670	-1588.01	-1588.83	0.824021	0.1561333
5680	-1587.89	-1588.64	0.743912	0.1603956
5690	-1633.7	-1635.78	2.07961	0.08452201
5700	-1648.01	-1650.2	2.18663	0.07595902
5710	-1643.48	-1645.64	2.15738	0.0784839
5720	-1648.19	-1650.38	2.18772	0.07586097
5730	-1624.02	-1626	1.97845	0.09151937
5740	-1645.92	-1648.09	2.17362	0.07710537
5750	-1652.92	-1655.13	2.21404	0.07339137
5760	-1591.16	-1592.34	1.17797	0.1372683
5770	-1603.07	-1604.69	1.62075	0.1130464
5780	-1602.79	-1604.4	1.61376	0.1134412
5790	-1604.66	-1606.31	1.65863	0.110895
5800	-1626.6	-1628.61	2.00816	0.08953505
5810	-1613.58	-1615.42	1.83197	0.1007383
5820	-1587.94	-1588.62	0.678326	0.1638885
5830	-1593.36	-1593.47	0.10577	0.1946825
5840	-1591.52	-1592.72	1.20029	0.1360716
5850	-1589.46	-1589.86	0.407121	0.1783904
5860	-1599.86	-1601.4	1.53493	0.1178556
5870	-1673.64	-1675.93	2.28905	0.06402942
5880	-1605.89	-1607.58	1.68634	0.109308
5890	-1645.51	-1644.02	-1.49008	0.2863996
5900	-1596.9	-1596.82	-0.0838873	0.2050657
5910	-1592.69	-1593.96	1.26501	0.1325933
5920	-1623.5	-1625.47	1.97221	0.09192972
5930	-1709.75	-1712.05	2.29782	0.05166019
5940	-1805.44	-1807.24	1.80356	0.03139033
5950	-1651.83	-1654.04	2.20834	0.07394508
5960	-1669.14	-1671.42	2.27781	0.06588557
5970	-1593.53	-1594.84	1.30579	0.1303934
5980	-1589.64	-1590.7	1.06393	0.1433632
5990	-1609.99	-1611.76	1.76901	0.1044976
6000	-1591.12	-1591.37	0.257754	0.1864374
6010	-1596.61	-1598.04	1.4304	0.1236192
6020	-1589.28	-1589.71	0.426846	0.1773314
6030	-1593.57	-1594.88	1.30771	0.1302894
6040	-1620.06	-1621.99	1.92829	0.09476825
6050	-1636.49	-1638.59	2.10401	0.08270872
6060	-1612.36	-1614.18	1.81145	0.1019739
6070	-1588.07	-1588.7	0.628585	0.1665401
6080	-1613.15	-1614.98	1.82481	0.1011702
6090	-1589.5	-1590.55	1.05159	0.1440213
6100	-1732.28	-1734.52	2.24186	0.04562267
6110	-1740.16	-1742.37	2.21267	0.0437375
6120	-1618.98	-1620.9	1.91357	0.09570175
6130	-1768.22	-1770.29	2.07186	0.03779508
6140	-1820.24	-1821.92	1.67278	0.02921178
6150	-1588.17	-1588.77	0.600239	0.1680527
6160	-1703.82	-1706.12	2.30529	0.0534349
6170	-1711.38	-1713.67	2.29521	0.05118693
6180	-1795.97	-1797.85	1.8802	0.03288594
6190	-1639.6	-1641.73	2.12912	0.08077149
6200	-1630	-1632.04	2.04413	0.08705945
6210	-1616.09	-1617.96	1.8715	0.09832465
6220	-1615.98	-1617.85	1.86984	0.09842677
6230	-1635.42	-1637.51	2.09487	0.08339566
6240	-1614.37	-1616.21	1.84471	0.09996497
6250	-1588.02	-1588.85	0.828781	0.15588
6260	-1833.27	-1834.82	1.5469	0.02744111
6270	-1837.62	-1839.12	1.50269	0.0268784
6280	-1675.04	-1677.33	2.29204	0.06346855
6290	-1613.92	-1615.76	1.83747	0.1004049
6300	-1696.5	-1698.81	2.30999	0.05574805
6310	-1650.13	-1652.33	2.199	0.07482899
6320	-1604.5	-1606.16	1.65509	0.1110966
6330	-1592.21	-1593.45	1.23945	0.1339686
6340	-1635.29	-1637.38	2.09378	0.08347691
6350	-1624.95	-1626.94	1.98946	0.0907893
6360	-1675.66	-1677.95	2.29329	0.06322111
6370	-1589.89	-1590.98	1.08586	0.142193
6380	-1597.14	-1597.05	-0.0953723	0.2056981
6390	-1591.56	-1592.76	1.20233	0.1359624
6400	-1587.89	-1588.62	0.729782	0.1611478
6410	-1589.38	-1590.42	1.04022	0.1446272
6420	-1592.17	-1593.41	1.23722	0.1340887
6430	-1684.62	-1686.92	2.30625	0.05983193
6440	-1611.64	-1613.44	1.79891	0.1027236
6450	-1662.83	-1665.09	2.25756	0.06864193
6460	-1598.92	-1600.42	1.50673	0.1194196
6470	-1638.17	-1640.29	2.11787	0.08164998
6480	-1588.56	-1589.5	0.941593	0.1498791
6490	-1657.9	-1660.13	2.23779	0.0709365
6500	-1637.02	-1639.13	2.10845	0.08237238
6510	-1788.8	-1790.73	1.93449	0.03407559
6520	-1689.01	-1691.32	2.30935	0.05827009
6530	-1665.24	-1667.5	2.26592	0.0675693
6540	-1629.44	-1631.48	2.03846	0.08745606
6550	-1590.02	-1591.12	1.09691	0.1416034
6560	-1626.13	-1628.14	2.00296	0.08988598
6570	-1620.82	-1622.75	1.93831	0.09412867
6580	-1593.02	-1594.31	1.28153	0.1317025
6590	-1602.27	-1601.95	-0.31475	0.2178649
6600	-1653.99	-1656.21	2.2195	0.07284987
6610	-1740.67	-1742.88	2.21061	0.04361852
6620	-1817.38	-1819.08	1.69913	0.02961924
6630	-1775.93	-1777.96	2.02364	0.03634495
6640	-1694.58	-1696.89	2.31037	0.05637926
6650	-1634.1	-1636.19	2.08327	0.08425373
6660	-1595.9	-1597.31	1.40467	0.1250254
6670	-1607.89	-1609.62	1.72825	0.1068853
6680	-1595.49	-1596.88	1.38886	0.1258876
6690	-1674.69	-1676.99	2.29133	0.06360521
6700	-1588.91	-1589.38	0.472977	0.1748577
6710	-1588.13	-1588.99	0.86069	0.1541828
6720	-1588.29	-1588.86	0.572627	0.169527
6730	-1590.04	-1591.14	1.09822	0.1415334
6740	-1587.93	-1588.62	0.68989	0.1632723
6750	-1657.58	-1659.82	2.23641	0.07108772
6760	-1588.82	-1589.8	0.978346	0.1479231
6770	-1588.54	-1589.07	0.526895	0.1719714
6780	-1686.84	-1689.15	2.30807	0.05903495
6790	-1709.16	-1711.46	2.2987	0.05183144
6800	-1600.88	-1602.44	1.56377	0.1162485
6810	-1612.1	-1613.91	1.80688	0.1022478
6820	-1622.53	-1624.49	1.96025	0.09271131
6830	-1613.73	-1615.57	1.83442	0.1005897
6840	-1613.09	-1614.91	1.82371	0.1012366
6850	-1616.78	-1615.98	-0.792778	0.2450099
6860	-1606	-1607.69	1.68879	0.1091673
6870	-1618.29	-1620.19	1.90382	0.09631482
6880	-1675.86	-1678.15	2.29367	0.06314332
6890	-1627.33	-1629.34	2.01619	0.08898991
6900	-1655.83	-1658.06	2.22842	0.07193719
6910	-1758.23	-1760.36	2.12837	0.03978438
6920	-1689.31	-1691.62	2.30948	0.05816715
6930	-1825.11	-1826.74	1.62692	0.02853513
6940	-1776.09	-1778.11	2.0226	0.03631575
6950	-1650.93	-1653.14	2.20347	0.07440952
6960	-1771.27	-1773.32	2.0533	0.03721408
6970	-1587.9	-1588.62	0.718731	0.1617363
6980	-1764.29	-1766.39	2.09489	0.03856166
6990	-1637.66	-1639.77	2.11369	0.08197162
7000	-1716.22	-1718.51	2.28609	0.04981663
7010	-1738.75	-1740.97	2.21822	0.04406566
7020	-1952.92	-1952.87	-0.0538765	0.01580914
7030	-1794.31	-1796.2	1.89304	0.03315644
7040	-1602.05	-1603.64	1.59496	0.1145003
7050	-1638.48	-1640.6	2.12032	0.08145963
7060	-1592.96	-1593.09	0.130596	0.1933314
7070	-1663.23	-1661.39	-1.84266	0.3082291
7080	-1596.63	-1596.56	-0.0705556	0.2043321
7090	-1605.06	-1606.72	1.66775	0.1103739
7100	-1627.24	-1629.25	2.01519	0.08905789
7110	-1606.57	-1608.27	1.70099	0.1084644
7120	-1635.15	-1637.24	2.09257	0.0835667
7130	-1720.62	-1722.9	2.27608	0.04861745
7140	-1708.62	-1710.92	2.29949	0.05199096
7150	-1679.82	-1682.12	2.30046	0.06160958
7160	-1674.54	-1676.83	2.29101	0.06366534
7170	-1713.47	-1715.76	2.29153	0.05058962
7180	-1637.29	-1639.4	2.11066	0.08220399
7190	-1653	-1655.21	2.21447	0.07334972
7200	-1607.04	-1608.75	1.71081	0.1078969
7210	-1690.15	-1692.46	2.30981	0.05787598
7220	-1606.83	-1606.35	-0.481952	0.227256
7230	-1588.48	-1589.4	0.929219	0.1505375
7240	-1588.08	-1588.71	0.623834	0.1667936
7250	-1606.35	-1605.89	-0.465259	0.2263136
7260	-1656.14	-1654.43	-1.70652	0.2997249
7270	-1592.55	-1593.8	1.25733	0.133007
7280	-1726.7	-1728.96	2.25958	0.04702228
7290	-1765.41	-1767.49	2.08848	0.03834273
7300	-1676.56	-1678.86	2.29502	0.06286592
7310	-1628.38	-1630.41	2.02745	0.0882186
7320	-1651.96	-1654.17	2.20903	0.07387893
7330	-1627.66	-1629.68	2.01976	0.08874622
7340	-1615.36	-1617.22	1.86037	0.09900855
7350	-1588.02	-1588.84	0.826696	0.1559909
7360	-1601.83	-1601.53	-0.29754	0.2169043
7370	-1660.69	-1658.89	-1.7945	0.3052095
7380	-1601.41	-1602.99	1.57812	0.1154457
7390	-1588.64	-1589.6	0.954513	0.1491917
7400	-1613.39	-1615.22	1.82872	0.1009343
7410	-1629.79	-1631.84	2.04209	0.08720205
7420	-1614.1	-1615.94	1.84042	0.1002257
7430	-1660.38	-1662.63	2.2482	0.06976466
7440	-1618.2	-1620.11	1.90261	0.09639082
7450	-1717.18	-1719.47	2.28405	0.04955179
7460	-1643.22	-1645.37	2.15556	0.07863489
7470	-1704.54	-1706.85	2.30455	0.05321307
7480	-1795.32	-1797.21	1.88521	0.03299064
7490	-1656.5	-1658.73	2.23155	0.07160874
7500	-1674.37	-1676.66	2.29064	0.06373599
7510	-1704.94	-1707.24	2.30413	0.05309277
7520	-1660.06	-1662.31	2.24692	0.06991303
7530	-1599.25	-1600.77	1.51686	0.1188588
7540	-1684.63	-1686.94	2.30626	0.05982687
7550	-1641.38	-1643.52	2.14246	0.07970797
7560	-1703.18	-1705.49	2.3059	0.0536293
7570	-1800.91	-1802.75	1.84088	0.03209466
7580	-1670.4	-1672.68	2.28123	0.06535606
7590	-1711.95	-1714.25	2.29423	0.0510213
7600	-1637.53	-1639.65	2.11269	0.08204836
7610	-1598.62	-1598.45	-0.163079	0.2094353
7620	-1661.68	-1659.87	-1.8134	0.306393
7630	-1599.46	-1600.98	1.5231	0.1185125
7640	-1676.23	-1678.52	2.29438	0.06299818
7650	-1622.52	-1624.48	1.96015	0.09271796
7660	-1627.62	-1629.64	2.01932	0.08877607
7670	-1591.7	-1592.92	1.21103	0.1354952
7680	-1659.28	-1661.52	2.2437	0.07028043
7690	-1609.3	-1611.05	1.7559	0.1052692
7700	-1709.78	-1712.08	2.29777	0.0516513
7710	-1760.04	-1762.16	2.11864	0.03941433
7720	-1634.34	-1636.42	2.08539	0.08409841
7730	-1664.83	-1667.09	2.26457	0.06774824
7740	-1702.39	-1704.69	2.30661	0.05387493
7750	-1598.57	-1600.06	1.49595	0.1200154
7760	-1588.2	-1589.08	0.878478	0.1532367
7770	-1600.28	-1601.83	1.54706	0.117181
7780	-1598.02	-1597.88	-0.136136	0.2079463
7790	-1595.14	-1595.14	0.00519953	0.2001746
7800	-1665.97	-1668.24	2.2683	0.06724836
7810	-1626.56	-1628.56	2.00769	0.08956681
7820	-1682.68	-1684.99	2.30422	0.06053943
7830	-1654.98	-1657.2	2.22436	0.07235741
7840	-1898.6	-1899.37	0.769579	0.02022151
7850	-1769.05	-1771.11	2.06689	0.03763646
7860	-1618.53	-1620.43	1.90717	0.09610459
7870	-1648.01	-1650.2	2.18663	0.07595879
7880	-1647.39	-1649.57	2.18284	0.07629731
7890	-1606.16	-1607.85	1.69219	0.1089719
7900	-1723.04	-1725.31	2.26988	0.04797433
7910	-1614.84	-1616.69	1.85215	0.09951191
7920	-1602.67	-1604.28	1.61084	0.1136057
7930	-1696.56	-1698.87	2.30997	0.05572595
7940	-1605.27	-1606.94	1.6726	0.1100963
7950	-1658.88	-1661.12	2.242	0.07047081
7960	-1648.68	-1650.87	2.19062	0.07559928
7970	-1733.3	-1735.54	2.23835	0.0453726
7980	-1657.75	-1659.98	2.23713	0.07100843
7990	-1591.7	-1592.91	1.21094	0.1355005
8000	-1607.04	-1608.75	1.71077	0.1078996
8010	-1684.59	-1686.9	2.30622	0.05984168
8020	-1590.31	-1591.43	1.11896	0.1404256
8030	-1588.17	-1588.77	0.600077	0.1680613
8040	-1588.59	-1589.54	0.946605	0.1496124
8050	-1588.58	-1589.1	0.519876	0.1723468
8060	-1663.43	-1665.69	2.2597	0.06837402
8070	-1637.74	-1639.85	2.11435	0.0819208
8080	-1597.37	-1598.82	1.4568	0.1221719
8090	-1599.08	-1600.59	1.51161	0.1191493
8100	-1588.27	-1589.16	0.892272	0.152503
8110	-1589.31	-1589.74	0.422997	0.177538
8120	-1719.72	-1722	2.27825	0.04885887
8130	-1740.87	-1743.08	2.20978	0.04357108
8140	-1682.66	-1684.96	2.30419	0.06054863
8150	-1675.44	-1677.73	2.29285	0.0633093
8160	-1676.13	-1678.43	2.29421	0.06303472
8170	-1620.6	-1619.7	-0.899168	0.2511807
8180	-1587.89	-1588.62	0.731717	0.1610448
8190	-1590.99	-1591.26	0.267639	0.1859032
8200	-1592.32	-1592.49	0.171557	0.1911059
8210	-1612.99	-1612.3	-0.680923	0.2385748
8220	-1610.27	-1609.67	-0.596037	0.2337262
8230	-1635.14	-1637.24	2.09249	0.08357262
8240	-1604.54	-1606.2	1.65604	0.1110427
8250	-1590.93	-1591.21	0.271956	0.18567
8260	-1653.92	-1656.14	2.21916	0.07288412
8270	-1612.06	-1613.86	1.80615	0.1022913
8280	-1640.46	-1642.59	2.1356	0.08025801
8290	-1680.92	-1683.22	2.30201	0.0611974
8300	-1790.18	-1792.11	1.92425	0.03384166
8310	-1597.35	-1598.81	1.45631	0.1221987
8320	-1591.21	-1592.39	1.18089	0.137112
8330	-1588.11	-1588.97	0.856926	0.154383
8340	-1589.93	-1590.29	0.358987	0.1809781
8350	-1618.58	-1620.48	1.90788	0.09606012
8360	-1717.7	-1719.98	2.28292	0.04941047
8370	-1685.86	-1688.17	2.30734	0.05938184
8380	-1656.32	-1658.55	2.2307	0.07169761
8390	-1654.04	-1656.26	2.21976	0.07282354
8400	-1659.3	-1661.54	2.24378	0.07027162
8410	-1595.49	-1596.87	1.38868	0.125897
8420	-1642.9	-1645.05	2.15335	0.07881809
8430	-1876.67	-1877.73	1.05701	0.02237364
8440	-1882.03	-1883.02	0.989194	0.02182501
8450	-1793.15	-1795.05	1.90193	0.03334751
8460	-1714.16	-1716.45	2.29021	0.0503927
8470	-1703.15	-1705.45	2.30593	0.0536403
8480	-1688.83	-1691.14	2.30926	0.05833386
8490	-1673.4	-1675.68	2.28851	0.06412664
8500	-1703.58	-1705.89	2.30552	0.05350713
8510	-1739.88	-1742.1	2.21377	0.04380135
8520	-1600.16	-1601.71	1.54362	0.1173726
8530	-1699.75	-1702.05	2.30854	0.05470373
8540	-1703.15	-1705.46	2.30593	0.05363893
8550	-1720.56	-1722.84	2.27622	0.04863256
8560	-1628.71	-1630.74	2.03089	0.08798125
8570	-1681.68	-1683.98	2.30301	0.06091078
8580	-1640.72	-1642.85	2.13755	0.08010278
8590	-1600.29	-1601.84	1.54721	0.1171722
8600	-1634.88	-1636.97	2.09022	0.08374131
8610	-1674.52	-1676.81	2.29095	0.06367661
8620	-1872.8	-1873.9	1.10506	0.02278003
8630	-1837.27	-1838.78	1.50622	0.02692241
8640	-1757.68	-1759.81	2.13128	0.03989787
8650	-1595.24	-1596.62	1.37889	0.1264303
8660	-1624.61	-1626.6	1.98545	0.09105614
8670	-1635.78	-1637.88	2.09804	0.08315837
8680	-1604.48	-1604.08	-0.398268	0.2225425
8690	-1629.1	-1631.13	2.03498	0.08769756
8700	-1620.75	-1622.69	1.93746	0.09418283
8710	-1642.9	-1645.06	2.15338	0.07881613
8720	-1689.04	-1691.35	2.30936	0.05826088
8730	-1711.79	-1714.08	2.29452	0.05106978
8740	-1717.2	-1719.48	2.28401	0.04954772
8750	-1614.91	-1616.76	1.85332	0.09944051
8760	-1743.59	-1745.79	2.1985	0.04294902
8770	-1653.4	-1655.62	2.21652	0.07314654
8780	-1700.37	-1702.68	2.30814	0.05450652
8790	-1709.31	-1711.61	2.29848	0.05178871
8800	-1603.41	-1605.04	1.62919	0.1125684
8810	-1609.14	-1610.89	1.75289	0.1054455
8820	-1590.08	-1591.18	1.10126	0.1413709
8830	-1588.16	-1588.76	0.602712	0.1679206
8840	-1594.92	-1594.94	0.016716	0.1995442
8850	-1623.04	-1625	1.96655	0.09230063
8860	-1588.64	-1589.6	0.954458	0.1491946
8870	-1611.82	-1613.62	1.80203	0.1025374
8880	-1662.56	-1664.82	2.25657	0.06876456
8890	-1614.48	-1616.33	1.84652	0.09985479
8900	-1617.64	-1619.53	1.89447	0.09689985
8910	-1666.09	-1668.36	2.26869	0.06719596
8920	-1629.42	-1631.46	2.03828	0.08746853
8930	-1631.83	-1633.9	2.0622	0.08578057
8940	-1622.67	-1624.63	1.96198	0.09259889
8950	-1638.27	-1640.39	2.11866	0.08158832
8960	-1707.84	-1710.14	2.30057	0.05222095
8970	-1674.59	-1676.88	2.29111	0.06364618
8980	-1726.73	-1728.99	2.2595	0.04701549
8990	-1737.93	-1740.16	2.22138	0.04425849
9000	-1648.91	-1651.11	2.19199	0.07547488
9010	-1601.08	-1600.81	-0.267648	0.2152383
9020	-1630.04	-1628.9	-1.14076	0.2653818
9030	-1654.07	-1656.29	2.21991	0.07280846
9040	-1679.62	-1681.92	2.30015	0.06168747
9050	-1677.02	-1679.32	2.29586	0.06268709
9060	-1686.71	-1689.02	2.30798	0.05907977
9070	-1634.56	-1636.65	2.08736	0.08395284
9080	-1773.9	-1775.93	2.03674	0.03672064
9090	-1874.16	-1875.25	1.08824	0.02263609
9100	-1786.35	-1788.3	1.95226	0.03449341
9110	-1753.83	-1755.98	2.15105	0.04070268
9120	-1707.72	-1710.02	2.30074	0.05225857
9130	-1761.44	-1763.55	2.11098	0.03913174
9140	-1836.86	-1838.38	1.51042	0.0269748
9150	-1712.95	-1715.24	2.29248	0.05073778
9160	-1706.49	-1708.79	2.30232	0.0526242
9170	-1640.78	-1642.92	2.13801	0.08006565
9180	-1640.54	-1642.68	2.13626	0.08020537
9190	-1602.58	-1602.26	-0.327135	0.2185569
9200	-1596.34	-1597.76	1.42064	0.124153
9210	-1650.31	-1652.51	2.19999	0.07473612
9220	-1607.69	-1609.41	1.72414	0.1071241
9230	-1637.01	-1639.12	2.10841	0.08237555
9240	-1731.68	-1733.93	2.24386	0.04576891
9250	-1726.83	-1729.09	2.2592	0.04698914
9260	-1606.46	-1608.16	1.69871	0.1085962
9270	-1705.38	-1707.69	2.30363	0.05295714
9280	-1711.8	-1714.1	2.2945	0.05106526
9290	-1665.76	-1668.02	2.26762	0.06734064
9300	-1723.87	-1726.14	2.26765	0.04775665
9310	-1661.4	-1663.65	2.25219	0.06929459
9320	-1629.38	-1631.42	2.03788	0.08749625
9330	-1589.36	-1589.78	0.41723	0.1778476
9340	-1602.46	-1602.14	-0.322366	0.2182904
9350	-1588.75	-1589.72	0.968749	0.148434
9360	-1590.15	-1590.49	0.338584	0.1820764
9370	-1627.16	-1629.17	2.01432	0.0891168
9380	-1641.76	-1643.9	2.14522	0.07948381
9390	-1753.73	-1755.88	2.15155	0.04072358
9400	-1606.22	-1607.91	1.69348	0.1088976
9410	-1745.88	-1748.07	2.18855	0.04243256
9420	-1705.68	-1707.98	2.30329	0.0528676
9430	-1611.2	-1612.99	1.79112	0.1031876
9440	-1690.83	-1693.14	2.31003	0.05764202
9450	-1628.41	-1630.44	2.02777	0.08819632
9460	-1681.95	-1684.25	2.30334	0.0608116
9470	-1605.66	-1607.34	1.68126	0.1095999
9480	-1587.91	-1588.68	0.772923	0.1588517
9490	-1599.28	-1600.79	1.51763	0.1188159
9500	-1608.88	-1610.63	1.74792	0.1057367
9510	-1777.88	-1779.89	2.01082	0.03598927
9520	-1634.01	-1636.09	2.08245	0.08431429
9530	-1598.94	-1600.45	1.50746	0.1193793
9540	-1654.92	-1657.14	2.22407	0.07238656
9550	-1672.14	-1674.43	2.28559	0.06463786
9560	-1595.47	-1596.86	1.38815	0.1259258
9570	-1595.92	-1595.89	-0.0355099	0.2024065
9580	-1654.04	-1656.26	2.21976	0.07282317
9590	-1618.76	-1620.67	1.91041	0.09590076
9600	-1590.76	-1591.05	0.285884	0.1849179
9610	-1604.13	-1605.78	1.6464	0.1115914
9620	-1593.26	-1593.38	0.111594	0.1943654
9630	-1603.27	-1604.9	1.62577	0.1127624
9640	-1719.17	-1721.45	2.27957	0.04900931
9650	-1635.4	-1637.49	2.09472	0.08340701
9660	-1598.7	-1600.2	1.4999	0.1197973
9670	-1627.75	-1629.77	2.02078	0.08867623
9680	-1659.78	-1662.02	2.24576	0.07004629
9690	-1747.46	-1749.64	2.18147	0.04208202
9700	-1654.8	-1657.02	2.22348	0.07244703
9710	-1596.38	-1597.8	1.42208	0.1240744
9720	-1587.95	-1588.75	0.799356	0.1574453
9730	-1600.37	-1601.91	1.54941	0.1170499
9740	-1597.97	-1599.45	1.47681	0.1210715
9750	-1592.81	-1594.08	1.27096	0.1322724
9760	-1594.31	-1595.65	1.34044	0.1285182
9770	-1616.31	-1618.18	1.87488	0.09811579
9780	-1595.3	-1596.68	1.38143	0.1262918
9790	-1593.44	-1593.54	0.101024	0.194941
9800	-1596.58	-1598.01	1.42935	0.1236768
9810	-1771.78	-1773.83	2.05012	0.0371178
9820	-1606.66	-1608.37	1.70296	0.1083509
9830	-1663.82	-1666.09	2.26111	0.06819523
9840	-1589.16	-1590.18	1.01752	0.1458371
9850	-1609.39	-1608.83	-0.567779	0.2321187
9860	-1594.4	-1595.75	1.34459	0.1282931
9870	-1664.93	-1667.19	2.26489	0.06770526
9880	-1606.48	-1608.18	1.69901	0.1085786
9890	-1628.09	-1630.12	2.02443	0.08842596
9900	-1656.16	-1658.39	2.22995	0.07177692
9910	-1664.55	-1666.81	2.2636	0.06787442
9920	-1619.63	-1621.55	1.92245	0.09513961
9930	-1597.55	-1599.01	1.46283	0.1218407
9940	-1730.89	-1733.14	2.24649	0.04596491
9950	-1705.8	-1708.11	2.30315	0.05283101
9960	-1703.74	-1706.04	2.30537	0.05345886
9970	-1645.31	-1647.48	2.16969	0.07744392
9980	-1596.05	-1597.46	1.41003	0.124733
9990	-1680.74	-1683.04	2.30176	0.06126474
10000	-1680.7	-1683	2.3017	0.0612801
