Iteration	Posterior	Likelihood	Prior	birth_rate
0	-1823.54	-1819.45	-4.09421	0.4641662
10	-1588.83	-1589.31	0.483824	0.1742766
20	-1590.94	-1592.1	1.16366	0.1380346
30	-1617.89	-1619.78	1.89807	0.09667513
40	-1594.2	-1595.54	1.33599	0.1287594
50	-1644.53	-1646.7	2.16452	0.07788408
60	-1725.34	-1727.61	2.26353	0.0473728
70	-1654.89	-1657.11	2.22393	0.07240102
80	-1600.66	-1602.22	1.55781	0.1165812
90	-1694.01	-1696.32	2.31041	0.05656719
100	-1652.8	-1655.01	2.21342	0.07345218
110	-1735.92	-1738.15	2.22895	0.04473754
120	-1696.63	-1698.94	2.30996	0.05570522
130	-1766.85	-1768.93	2.08002	0.03806044
140	-1759.78	-1761.9	2.12006	0.03946751
150	-1683.49	-1685.8	2.30512	0.06024086
160	-1626.39	-1628.4	2.00589	0.08968841
170	-1667.35	-1669.62	2.2726	0.06665007
180	-1602.6	-1604.21	1.60917	0.1137003
190	-1624.44	-1626.43	1.98348	0.09118648
200	-1633.9	-1635.98	2.08145	0.08438739
210	-1639.59	-1641.72	2.12905	0.08077776
220	-1623.2	-1625.17	1.96857	0.09216881
230	-1641.57	-1643.72	2.14387	0.07959372
240	-1668.71	-1670.98	2.27659	0.06606857
250	-1656.72	-1658.96	2.23256	0.07150124
260	-1749.91	-1752.08	2.17009	0.04154311
270	-1628.63	-1630.67	2.03014	0.08803272
280	-1771.23	-1773.28	2.05354	0.03722139
290	-1607.57	-1609.29	1.72183	0.1072579
300	-1608.31	-1610.05	1.73671	0.1063919
310	-1592.07	-1592.26	0.188354	0.1901946
320	-1619.78	-1621.71	1.92451	0.09500878
330	-1640.35	-1642.49	2.13481	0.08032112
340	-1721.05	-1723.33	2.275	0.04850097
350	-1686.37	-1688.68	2.30774	0.0591996
360	-1657.94	-1660.18	2.23797	0.07091714
370	-1615.34	-1617.2	1.86009	0.09902605
380	-1595.51	-1595.5	-0.0144358	0.2012505
390	-1592.6	-1592.75	0.153459	0.1920886
400	-1610.87	-1612.65	1.7851	0.1035456
410	-1610.14	-1611.91	1.77172	0.1043377
420	-1697.01	-1699.32	2.30983	0.05558126
430	-1588.09	-1588.72	0.620683	0.1669617
440	-1590.07	-1591.17	1.10052	0.1414103
450	-1650.5	-1648.9	-1.59369	0.2927488
460	-1595.04	-1596.41	1.37099	0.1268599
470	-1698.25	-1700.56	2.30934	0.05518046
480	-1785.45	-1787.41	1.95869	0.03464824
490	-1699.85	-1702.16	2.30847	0.05466911
500	-1605.95	-1607.64	1.68762	0.1092345
510	-1671.96	-1674.24	2.28515	0.06471296
520	-1706.04	-1708.34	2.30287	0.05276078
530	-1671.95	-1674.23	2.28513	0.06471698
540	-1827.17	-1828.78	1.60707	0.02825394
550	-1698.99	-1701.3	2.30897	0.05494479
560	-1588.58	-1589.52	0.944742	0.1497116
570	-1644.42	-1646.58	2.16375	0.07794902
580	-1811.93	-1813.68	1.74781	0.03041162
590	-1710.13	-1712.42	2.29724	0.05154979
600	-1683.06	-1685.36	2.30465	0.06040054
610	-1662.84	-1665.1	2.25758	0.06863914
620	-1619.61	-1621.54	1.92225	0.09515259
630	-1589.99	-1590.34	0.353225	0.1812881
640	-1678.79	-1681.09	2.29887	0.06200259
650	-1617.24	-1619.13	1.8887	0.09725958
660	-1694.63	-1696.94	2.31036	0.05636163
670	-1665.81	-1668.08	2.26779	0.0673176
680	-1699.45	-1701.76	2.30871	0.05479675
690	-1665.15	-1667.41	2.26563	0.06760832
700	-1625.81	-1627.81	1.99929	0.09013271
710	-1660.05	-1662.3	2.24687	0.06991809
720	-1608.2	-1609.94	1.73455	0.1065178
730	-1701.36	-1703.67	2.30744	0.0541946
740	-1589.01	-1589.47	0.459716	0.1755684
750	-1590.05	-1591.15	1.09913	0.1414848
760	-1720.51	-1722.78	2.27635	0.04864731
770	-1710.84	-1713.13	2.29611	0.05134393
780	-1651.51	-1653.71	2.20659	0.07411344
790	-1672.8	-1675.09	2.28715	0.06436916
800	-1797.39	-1799.26	1.86905	0.03265594
810	-1670.68	-1672.96	2.28195	0.0652407
820	-1641.87	-1644.01	2.146	0.07942078
830	-1707.58	-1709.88	2.30093	0.05229972
840	-1677.91	-1680.21	2.29741	0.06234236
850	-1772.57	-1774.62	2.04513	0.03696798
860	-1756.52	-1758.66	2.13734	0.04013769
870	-1665.19	-1667.46	2.26577	0.06758846
880	-1814.75	-1816.47	1.72283	0.02999835
890	-1848.33	-1849.72	1.38902	0.02554703
900	-1634.64	-1636.73	2.08806	0.08390104
910	-1837.63	-1839.13	1.50258	0.02687701
920	-1600.19	-1601.73	1.54434	0.1173324
930	-1639.95	-1642.08	2.13177	0.08056293
940	-1634.7	-1636.79	2.08863	0.08385907
950	-1592.55	-1593.8	1.25742	0.1330018
960	-1648.42	-1650.61	2.18909	0.07573783
970	-1617.59	-1619.48	1.89376	0.09694459
980	-1589.52	-1590.57	1.05322	0.1439346
990	-1587.94	-1588.62	0.682681	0.1636564
1000	-1638.99	-1641.11	2.12432	0.08114817
1010	-1599.12	-1600.63	1.51282	0.1190823
1020	-1598.38	-1599.87	1.49006	0.1203409
1030	-1635.75	-1637.85	2.09776	0.08317951
1040	-1594.54	-1595.89	1.3505	0.1279725
1050	-1627.65	-1629.67	2.01964	0.08875429
1060	-1590.5	-1590.81	0.307395	0.1837573
1070	-1589.24	-1589.67	0.431103	0.177103
1080	-1587.99	-1588.81	0.818382	0.1564332
1090	-1591.77	-1592.99	1.21511	0.1352767
1100	-1619.93	-1621.85	1.92647	0.09488429
1110	-1630.16	-1632.21	2.04579	0.08694328
1120	-1647.15	-1649.33	2.18135	0.07642918
1130	-1645.86	-1648.03	2.1732	0.07714094
1140	-1650.49	-1652.69	2.20098	0.07464356
1150	-1713.88	-1716.17	2.29076	0.05047371
1160	-1742.72	-1744.92	2.20216	0.04314615
1170	-1593.29	-1594.58	1.29443	0.1310069
1180	-1599.47	-1600.99	1.52345	0.1184931
1190	-1622.36	-1624.32	1.95815	0.09284818
1200	-1628.56	-1630.59	2.0294	0.08808397
1210	-1639.55	-1641.68	2.12874	0.08080202
1220	-1617.76	-1619.66	1.89634	0.09678338
1230	-1600.61	-1602.17	1.55625	0.1166682
1240	-1599.15	-1600.67	1.51398	0.1190184
1250	-1597.95	-1599.43	1.47622	0.1211039
1260	-1616.3	-1618.18	1.87476	0.09812372
1270	-1638.15	-1640.27	2.11766	0.08166562
1280	-1589.83	-1590.19	0.36913	0.1804323
1290	-1590.02	-1590.37	0.350368	0.1814419
1300	-1605.27	-1604.84	-0.427068	0.2241616
1310	-1615.77	-1615	-0.763667	0.24333
1320	-1623.9	-1625.88	1.97701	0.0916141
1330	-1702.37	-1704.68	2.30662	0.05387989
1340	-1601.53	-1603.11	1.58125	0.1152701
1350	-1589.23	-1590.26	1.0252	0.1454276
1360	-1587.89	-1588.62	0.723712	0.161471
1370	-1605.4	-1604.97	-0.431553	0.224414
1380	-1627.28	-1629.29	2.01565	0.08902666
1390	-1596.91	-1598.36	1.44127	0.1230239
1400	-1726.11	-1728.37	2.26132	0.04717414
1410	-1589.32	-1590.35	1.03345	0.144988
1420	-1601.67	-1603.26	1.58517	0.1150502
1430	-1620.82	-1622.75	1.9383	0.09412896
1440	-1630.07	-1632.12	2.04489	0.08700646
1450	-1634.62	-1636.71	2.08793	0.08391121
1460	-1736.32	-1738.55	2.22747	0.04464151
1470	-1732.99	-1735.23	2.23941	0.04544753
1480	-1759.58	-1761.7	2.12116	0.03950913
1490	-1697.88	-1700.19	2.3095	0.05529911
1500	-1688.18	-1690.49	2.30892	0.05856094
1510	-1657.96	-1660.2	2.23809	0.07090412
1520	-1714.86	-1717.15	2.28886	0.05019633
1530	-1652.5	-1654.71	2.21186	0.07360514
1540	-1603.1	-1604.72	1.62159	0.1129986
1550	-1662.99	-1665.25	2.25815	0.06856822
1560	-1647.1	-1649.28	2.18107	0.07645362
1570	-1664.29	-1666.55	2.26271	0.06798964
1580	-1665.33	-1667.6	2.26623	0.0675276
1590	-1608.78	-1610.53	1.74601	0.1058485
1600	-1587.91	-1588.68	0.769049	0.1590579
1610	-1637.18	-1639.29	2.10982	0.08226799
1620	-1662.99	-1665.25	2.25813	0.06857089
1630	-1694.87	-1697.18	2.31033	0.0562807
1640	-1643.9	-1646.06	2.16024	0.07824459
1650	-1614.61	-1616.46	1.84852	0.09973305
1660	-1630.65	-1632.7	2.05065	0.08660102
1670	-1627.69	-1629.71	2.02014	0.08872016
1680	-1623.88	-1625.85	1.97672	0.09163312
1690	-1715.34	-1717.63	2.2879	0.05006207
1700	-1657.63	-1659.87	2.23662	0.07106473
1710	-1709.18	-1711.48	2.29868	0.0518269
1720	-1656.73	-1658.97	2.2326	0.07149623
1730	-1782.34	-1784.32	1.9806	0.03519274
1740	-1629.68	-1631.72	2.04093	0.08728319
1750	-1589.38	-1589.79	0.416052	0.1779108
1760	-1680.4	-1682.7	2.3013	0.06139037
1770	-1803.78	-1805.6	1.81735	0.03164572
1780	-1756.73	-1758.86	2.13627	0.04009499
1790	-1764.9	-1766.99	2.09141	0.03844238
1800	-1655.45	-1657.68	2.22663	0.07212336
1810	-1705.89	-1708.2	2.30304	0.0528032
1820	-1763.35	-1765.45	2.10027	0.03874901
1830	-1731.05	-1733.3	2.24597	0.04592595
1840	-1670.77	-1673.05	2.28219	0.06520246
1850	-1605.52	-1607.19	1.67809	0.1097821
1860	-1594.13	-1595.46	1.33274	0.1289351
1870	-1608.38	-1610.12	1.73815	0.1063082
1880	-1668.59	-1670.87	2.27627	0.06611697
1890	-1662.87	-1665.13	2.25769	0.0686256
1900	-1588.01	-1588.83	0.824473	0.1561092
1910	-1617.2	-1619.09	1.88811	0.09729612
1920	-1609.62	-1611.38	1.76195	0.1049133
1930	-1621	-1622.94	1.9407	0.09397523
1940	-1595.94	-1597.35	1.40617	0.1249435
1950	-1595.01	-1596.38	1.36978	0.1269257
1960	-1602.34	-1603.94	1.60242	0.1140805
1970	-1668.08	-1670.36	2.27479	0.06633442
1980	-1587.98	-1588.8	0.814914	0.1566176
1990	-1661.95	-1664.2	2.25429	0.06904251
2000	-1595.42	-1596.81	1.38621	0.1260315
2010	-1628.37	-1630.39	2.02731	0.0882283
2020	-1661.35	-1663.6	2.252	0.06931745
2030	-1589.31	-1589.74	0.422849	0.1775459
2040	-1628.02	-1630.04	2.02361	0.08848256
2050	-1635.98	-1638.08	2.09976	0.08302976
2060	-1590.89	-1591.17	0.275314	0.1854886
2070	-1603.79	-1603.42	-0.372926	0.2211204
2080	-1601.33	-1602.9	1.5759	0.1155698
2090	-1594.68	-1596.04	1.35636	0.1276545
2100	-1651.77	-1653.97	2.20799	0.07397935
2110	-1684.39	-1686.69	2.30603	0.05991481
2120	-1629.83	-1631.87	2.04245	0.08717755
2130	-1761.75	-1763.86	2.10923	0.03906811
2140	-1594.4	-1595.75	1.3445	0.1282977
2150	-1593.17	-1594.46	1.28865	0.1313187
2160	-1601.28	-1602.85	1.57453	0.1156465
2170	-1597.18	-1597.08	-0.0971952	0.2057985
2180	-1601.9	-1603.49	1.591	0.1147228
2190	-1609.27	-1611.02	1.75537	0.1053001
2200	-1676.79	-1679.08	2.29543	0.06277907
2210	-1611.98	-1613.79	1.80486	0.1023686
2220	-1603.84	-1605.48	1.63961	0.1119778
2230	-1608.76	-1610.5	1.74543	0.1058824
2240	-1649.21	-1651.41	2.19374	0.07531503
2250	-1667.62	-1669.89	2.27343	0.06653219
2260	-1684.66	-1686.97	2.30629	0.05981477
2270	-1719.41	-1721.69	2.27899	0.04894236
2280	-1721.11	-1723.39	2.27485	0.0484849
2290	-1588.41	-1589.32	0.917511	0.1511604
2300	-1596.36	-1597.79	1.42168	0.1240965
2310	-1592.72	-1593.98	1.26611	0.132534
2320	-1609.51	-1611.27	1.76001	0.1050274
2330	-1612.74	-1614.56	1.81789	0.1015872
2340	-1620.78	-1622.71	1.93779	0.09416179
2350	-1592.89	-1594.17	1.27507	0.1320511
2360	-1593.5	-1594.8	1.3042	0.1304788
2370	-1679.44	-1681.74	2.29988	0.06175583
2380	-1622.35	-1624.31	1.95798	0.09285922
2390	-1630.77	-1632.83	2.0519	0.08651253
2400	-1597.44	-1598.89	1.45915	0.122043
2410	-1644.11	-1646.27	2.1617	0.07812235
2420	-1685.16	-1687.47	2.30675	0.0596337
2430	-1742.99	-1745.19	2.20105	0.04308616
2440	-1614.33	-1616.18	1.84413	0.1000007
2450	-1752.16	-1754.32	2.15932	0.04105898
2460	-1869.96	-1871.1	1.13971	0.02308283
2470	-1720.14	-1722.42	2.27724	0.04874517
2480	-1603.91	-1605.55	1.64126	0.1118839
2490	-1738.16	-1740.38	2.22053	0.04420574
2500	-1776.1	-1778.13	2.02252	0.03631351
2510	-1635.53	-1637.62	2.09582	0.08332435
2520	-1684.53	-1686.83	2.30617	0.05986394
2530	-1636.81	-1638.91	2.10669	0.08250584
2540	-1659.32	-1661.56	2.24385	0.07026313
2550	-1634.58	-1636.67	2.08755	0.08393889
2560	-1664.12	-1666.38	2.26215	0.06806274
2570	-1622.92	-1624.89	1.96512	0.09239446
2580	-1644.46	-1646.62	2.16402	0.07792677
2590	-1691.57	-1693.88	2.31021	0.05738813
2600	-1667.1	-1669.38	2.27187	0.06675424
2610	-1615.73	-1617.6	1.86607	0.09865868
2620	-1588.21	-1588.8	0.589766	0.1686117
2630	-1640.22	-1638.84	-1.37589	0.2794639
2640	-1685.11	-1682.88	-2.23061	0.3330021
2650	-1885.42	-1880.67	-4.75283	0.5157868
2660	-1588.06	-1588.9	0.841691	0.1551933
2670	-1619.6	-1618.73	-0.871938	0.2495966
2680	-1643.38	-1641.94	-1.44485	0.2836451
2690	-1589.94	-1590.3	0.358265	0.1810169
2700	-1621.08	-1620.17	-0.912207	0.2519404
2710	-1602.58	-1604.18	1.60847	0.1137397
2720	-1592.61	-1593.87	1.26058	0.1328315
2730	-1604.24	-1605.89	1.64892	0.1114482
2740	-1590.06	-1591.16	1.09953	0.1414633
2750	-1766.11	-1768.19	2.08438	0.03820512
2760	-1720.85	-1723.13	2.27551	0.04855533
2770	-1725.76	-1728.03	2.26233	0.04726388
2780	-1728.82	-1731.08	2.25313	0.04648341
2790	-1678.02	-1680.31	2.29759	0.06230152
2800	-1610.25	-1612.02	1.77379	0.1042153
2810	-1660.3	-1662.54	2.24785	0.06980495
2820	-1727.01	-1729.26	2.25868	0.04694472
2830	-1811.01	-1812.76	1.75593	0.03054903
2840	-1721.12	-1723.39	2.27484	0.04848408
2850	-1721.59	-1723.87	2.27365	0.04835761
2860	-1816.38	-1818.09	1.70817	0.02976242
2870	-1867.25	-1868.43	1.17235	0.02337598
2880	-1817.68	-1819.37	1.6964	0.02957632
2890	-1791.06	-1792.98	1.91767	0.03369387
2900	-1680.08	-1682.38	2.30083	0.06151391
2910	-1757.16	-1759.29	2.13402	0.04000556
2920	-1804.86	-1806.67	1.80841	0.03147949
2930	-1669.37	-1671.64	2.27844	0.06578999
2940	-1587.93	-1588.62	0.68426	0.1635723
2950	-1629.9	-1631.94	2.04314	0.08712896
2960	-1642.35	-1644.5	2.14949	0.07913576
2970	-1728.75	-1731	2.25335	0.04650125
2980	-1625.44	-1627.43	1.99507	0.09041554
2990	-1611.61	-1613.41	1.79834	0.1027576
3000	-1662.49	-1664.75	2.2563	0.06879713
3010	-1705.15	-1707.45	2.3039	0.05302882
3020	-1697.61	-1699.92	2.30961	0.05538736
3030	-1636.96	-1639.06	2.10793	0.08241174
3040	-1624.11	-1626.09	1.97955	0.09144658
3050	-1726.13	-1728.39	2.26126	0.04716943
3060	-1763.51	-1765.61	2.09938	0.03871782
3070	-1622.5	-1624.46	1.95983	0.09273892
3080	-1613.82	-1615.65	1.83575	0.1005092
3090	-1668.3	-1670.58	2.27543	0.06624175
3100	-1638.85	-1640.97	2.12326	0.08123147
3110	-1697.51	-1699.82	2.30965	0.05541996
3120	-1743.36	-1745.55	2.19949	0.04300194
3130	-1734.49	-1736.72	2.23415	0.04508278
3140	-1611.18	-1612.97	1.79071	0.1032123
3150	-1593	-1594.28	1.28051	0.1317575
3160	-1630.54	-1632.59	2.04956	0.08667799
3170	-1641.59	-1643.73	2.14396	0.07958656
3180	-1667.54	-1669.82	2.2732	0.06656537
3190	-1588.93	-1589.92	0.991786	0.1472076
3200	-1618.86	-1620.77	1.91183	0.09581155
3210	-1634.06	-1636.14	2.08285	0.08428503
3220	-1675.85	-1678.14	2.29365	0.06314746
3230	-1759.83	-1761.95	2.11979	0.03945755
3240	-1648.79	-1650.98	2.19127	0.0755397
3250	-1601.98	-1603.57	1.59319	0.1146
3260	-1667.22	-1669.49	2.27221	0.06670591
3270	-1606.77	-1608.48	1.7052	0.1082212
3280	-1643.95	-1646.11	2.16058	0.07821591
3290	-1679.74	-1682.04	2.30033	0.06164207
3300	-1682.19	-1684.5	2.30364	0.06072109
3310	-1595.19	-1596.57	1.37703	0.1265315
3320	-1607.4	-1606.9	-0.501493	0.2283606
3330	-1609.37	-1611.13	1.75734	0.1051843
3340	-1592.91	-1594.19	1.27587	0.1320078
3350	-1594.28	-1595.62	1.33929	0.1285803
3360	-1613.35	-1615.17	1.82802	0.1009766
3370	-1712.42	-1714.71	2.29342	0.05088832
3380	-1630.66	-1632.71	2.0508	0.08659034
3390	-1632	-1634.06	2.06379	0.08566692
3400	-1612.47	-1614.28	1.8132	0.101869
3410	-1655.87	-1658.1	2.2286	0.07191839
3420	-1693.97	-1696.28	2.31041	0.05658249
3430	-1600.56	-1602.12	1.5549	0.1167439
3440	-1594.55	-1595.9	1.35079	0.1279566
3450	-1614.91	-1616.77	1.85335	0.09943861
3460	-1693.91	-1696.22	2.31041	0.05659971
3470	-1640.11	-1642.24	2.13296	0.08046815
3480	-1715.24	-1717.53	2.2881	0.05008997
3490	-1717.66	-1719.94	2.283	0.04942083
3500	-1602.73	-1604.34	1.6124	0.1135178
3510	-1647.83	-1650.01	2.18552	0.07605838
3520	-1927.01	-1921.85	-5.1596	0.5491524
3530	-1714.48	-1711.78	-2.69476	0.3637322
3540	-1639.09	-1637.74	-1.35095	0.2779575
3550	-1596.38	-1597.8	1.42208	0.1240746
3560	-1640.03	-1642.16	2.13237	0.08051518
3570	-1756.2	-1758.34	2.13902	0.04020557
3580	-1592.43	-1593.69	1.25155	0.133318
3590	-1640.01	-1642.14	2.13223	0.08052581
3600	-1756.2	-1758.34	2.13903	0.04020568
3610	-1653.09	-1655.3	2.21494	0.07330359
3620	-1607.48	-1609.2	1.7199	0.1073705
3630	-1657.51	-1659.74	2.23608	0.07112316
3640	-1612.12	-1613.93	1.8073	0.1022224
3650	-1624.49	-1626.47	1.98401	0.09115121
3660	-1681.25	-1683.55	2.30245	0.06107264
3670	-1694.51	-1696.82	2.31037	0.05640241
3680	-1814.28	-1816.01	1.72707	0.03006738
3690	-1641.88	-1644.02	2.14608	0.07941451
3700	-1619.81	-1621.73	1.92485	0.09498761
3710	-1648.82	-1651.01	2.19141	0.07552697
3720	-1651.78	-1653.99	2.20806	0.0739719
3730	-1619.76	-1621.68	1.92418	0.09502977
3740	-1587.91	-1588.68	0.772468	0.1588759
3750	-1648.22	-1650.41	2.18789	0.07584597
3760	-1751.55	-1753.71	2.16229	0.04119028
3770	-1722.15	-1724.42	2.27222	0.04820972
3780	-1674.46	-1676.75	2.29084	0.06369822
3790	-1738.03	-1740.25	2.22103	0.04423648
3800	-1702.61	-1704.92	2.30642	0.05380628
3810	-1780.97	-1782.96	1.99003	0.03543545
3820	-1735.14	-1737.37	2.2318	0.0449248
3830	-1749.83	-1752.01	2.17047	0.04156053
3840	-1677.39	-1679.69	2.29652	0.06254212
3850	-1718.13	-1720.41	2.28195	0.0492917
3860	-1623.95	-1625.93	1.97761	0.09157489
3870	-1619.76	-1621.69	1.92427	0.09502414
3880	-1693.49	-1695.81	2.31042	0.05673965
3890	-1650.47	-1652.67	2.20092	0.07465003
3900	-1601.55	-1603.13	1.58181	0.1152387
3910	-1594.39	-1594.43	0.0461821	0.1979329
3920	-1645.24	-1647.41	2.16923	0.07748314
3930	-1900.46	-1901.2	0.744063	0.0200503
3940	-1790.83	-1792.75	1.91939	0.03373235
3950	-1627.11	-1629.13	2.01386	0.0891483
3960	-1606.03	-1607.72	1.68944	0.1091299
3970	-1632.79	-1634.86	2.07126	0.08512942
3980	-1587.9	-1588.61	0.711521	0.1621202
3990	-1591.65	-1591.87	0.217814	0.1885982
4000	-1638.26	-1640.38	2.11859	0.08159362
4010	-1625.47	-1627.47	1.99548	0.09038769
4020	-1663.71	-1665.97	2.26072	0.06824515
4030	-1612.88	-1614.7	1.82024	0.1014456
4040	-1602.61	-1604.22	1.60934	0.1136904
4050	-1646.98	-1649.16	2.18031	0.0765205
4060	-1588.52	-1589.46	0.936564	0.1501468
4070	-1665.64	-1667.91	2.26725	0.06739101
4080	-1829.13	-1830.72	1.588	0.02799004
4090	-1606.28	-1607.97	1.69466	0.1088297
4100	-1595.02	-1595.03	0.0117871	0.1998139
4110	-1744.28	-1746.48	2.19554	0.04279217
4120	-1638.11	-1640.23	2.11738	0.08168788
4130	-1710.28	-1712.58	2.29699	0.05150391
4140	-1808.42	-1810.2	1.77831	0.03093675
4150	-1871.13	-1872.26	1.12544	0.02295716
4160	-1884.3	-1885.26	0.960037	0.02159751
4170	-1839.36	-1840.84	1.48466	0.02665664
4180	-1780.38	-1782.37	1.99406	0.03554057
4190	-1732.09	-1734.34	2.24248	0.04566756
4200	-1650.09	-1652.29	2.19874	0.07485314
4210	-1733.3	-1735.53	2.23835	0.04537307
4220	-1806.47	-1808.26	1.79492	0.03123309
4230	-1700.69	-1703	2.30793	0.05440559
4240	-1605.75	-1607.43	1.6832	0.1094885
4250	-1604.05	-1605.7	1.64463	0.1116924
4260	-1601.99	-1603.58	1.59334	0.1145911
4270	-1607.35	-1609.07	1.71734	0.1075187
4280	-1610.72	-1612.5	1.78235	0.1037089
4290	-1786.44	-1788.39	1.95163	0.0344782
4300	-1688.71	-1691.02	2.3092	0.05837579
4310	-1704.37	-1706.68	2.30473	0.05326516
4320	-1711.34	-1713.63	2.29528	0.05119949
4330	-1675.96	-1678.25	2.29386	0.06310499
4340	-1747.55	-1749.73	2.18107	0.04206238
4350	-1704.03	-1706.33	2.30508	0.05337036
4360	-1607.55	-1609.27	1.72141	0.1072826
4370	-1635.51	-1637.6	2.09565	0.08333747
4380	-1600.96	-1602.53	1.56597	0.1161256
4390	-1641.12	-1643.26	2.14057	0.0798601
4400	-1652.5	-1654.71	2.21186	0.07360484
4410	-1609.12	-1610.88	1.7526	0.1054629
4420	-1699.39	-1701.7	2.30875	0.05481658
4430	-1710.54	-1712.84	2.29658	0.05142888
4440	-1640.28	-1642.41	2.13427	0.08036406
4450	-1717.64	-1719.92	2.28305	0.04942642
4460	-1657.26	-1659.5	2.23499	0.07124063
4470	-1598.77	-1600.28	1.50237	0.1196608
4480	-1618.94	-1620.85	1.91292	0.09574226
4490	-1613.74	-1615.57	1.83445	0.1005877
4500	-1626.02	-1628.02	2.00169	0.08997147
4510	-1587.89	-1588.63	0.733927	0.1609272
4520	-1603.06	-1604.68	1.62068	0.1130502
4530	-1638.88	-1641	2.12348	0.08121436
4540	-1834.99	-1836.52	1.52957	0.02721726
4550	-1676.44	-1678.73	2.29478	0.06291523
4560	-1626.35	-1628.36	2.00542	0.08971994
4570	-1588	-1588.82	0.820327	0.1563297
4580	-1690.75	-1693.06	2.31001	0.05767025
4590	-1756.24	-1758.38	2.13878	0.04019564
4600	-1782.85	-1784.83	1.97703	0.03510216
4610	-1738.06	-1740.28	2.22092	0.04423005
4620	-1686.83	-1689.14	2.30807	0.05903658
4630	-1652.66	-1654.87	2.21272	0.07352117
4640	-1587.91	-1588.61	0.701987	0.1626279
4650	-1591.87	-1592.07	0.20256	0.1894245
4660	-1625.46	-1627.46	1.99534	0.09039689
4670	-1613.51	-1615.34	1.83078	0.1008103
4680	-1753.71	-1755.86	2.15167	0.04072872
4690	-1628.23	-1630.26	2.02592	0.08832378
4700	-1645.57	-1647.74	2.17133	0.07730276
4710	-1793.05	-1794.96	1.90264	0.03336293
4720	-1605.53	-1607.21	1.67842	0.1097628
4730	-1646.24	-1648.42	2.17566	0.07692772
4740	-1605.27	-1606.94	1.67258	0.1100975
4750	-1789.56	-1791.49	1.92884	0.03394605
4760	-1589.74	-1590.81	1.07303	0.1428779
4770	-1600.36	-1601.91	1.54933	0.1170545
4780	-1606.86	-1608.57	1.7071	0.1081118
4790	-1598.24	-1599.72	1.48543	0.1205964
4800	-1638.7	-1640.82	2.12203	0.08132669
4810	-1686.48	-1688.79	2.30781	0.05916289
4820	-1633.45	-1635.53	2.07737	0.08468536
4830	-1687.89	-1690.19	2.30875	0.05866407
4840	-1616.24	-1618.11	1.87381	0.09818242
4850	-1730.37	-1732.62	2.2482	0.0460953
4860	-1641.02	-1643.16	2.13982	0.07992015
4870	-1670.45	-1672.73	2.28136	0.06533426
4880	-1673.82	-1676.11	2.28946	0.06395387
4890	-1602.45	-1604.06	1.60535	0.1139153
4900	-1634.58	-1636.67	2.08755	0.08393882
4910	-1715.97	-1718.26	2.28662	0.04988754
4920	-1604	-1605.64	1.64328	0.1117691
4930	-1626.32	-1628.33	2.00508	0.08974288
4940	-1604.68	-1606.34	1.65918	0.1108636
4950	-1643.43	-1645.58	2.15701	0.07851458
4960	-1651.9	-1654.1	2.20869	0.07391205
4970	-1670.76	-1673.04	2.28216	0.06520663
4980	-1687.01	-1689.32	2.30819	0.0589732
4990	-1593.51	-1594.82	1.30489	0.130442
5000	-1590.28	-1591.4	1.11685	0.1405384
5010	-1650.89	-1653.1	2.20325	0.0744304
5020	-1630.77	-1632.82	2.05183	0.08651747
5030	-1767.49	-1769.56	2.07626	0.03793729
5040	-1866.05	-1867.24	1.18669	0.02350731
5050	-1772.22	-1774.26	2.04738	0.03703516
5060	-1711.11	-1713.41	2.29565	0.05126318
5070	-1699.69	-1702	2.30857	0.05472095
5080	-1619.06	-1620.97	1.91462	0.0956351
5090	-1690.18	-1692.49	2.30982	0.05786621
5100	-1588.14	-1588.75	0.60738	0.1676715
5110	-1607.76	-1609.49	1.72563	0.1070372
5120	-1618.47	-1620.38	1.90644	0.09615058
5130	-1742.86	-1745.07	2.20157	0.04311396
5140	-1755.33	-1757.47	2.14349	0.04038713
5150	-1918.34	-1918.83	0.488502	0.01847894
5160	-1861.45	-1862.69	1.24098	0.02401905
5170	-1722.29	-1724.56	2.27185	0.04817236
5180	-1606.58	-1608.28	1.70124	0.1084502
5190	-1643.5	-1645.66	2.15753	0.07847132
5200	-1778.58	-1780.59	2.00616	0.03586285
5210	-1646.18	-1648.36	2.17528	0.0769605
5220	-1638.2	-1640.32	2.11807	0.08163434
5230	-1767.01	-1769.08	2.07911	0.03803047
5240	-1611.61	-1613.41	1.79842	0.102753
5250	-1633.56	-1635.64	2.07835	0.08461391
5260	-1669.69	-1671.97	2.27932	0.06565411
5270	-1640.66	-1642.79	2.1371	0.08013835
5280	-1778.57	-1780.58	2.00623	0.03586455
5290	-1729.72	-1731.97	2.25029	0.04625756
5300	-1704.33	-1706.64	2.30477	0.05327632
5310	-1620.55	-1622.48	1.93475	0.09435603
5320	-1637.75	-1639.86	2.11444	0.08191438
5330	-1599.62	-1601.15	1.52784	0.1182497
5340	-1689.59	-1691.9	2.3096	0.05806776
5350	-1830.24	-1831.81	1.57712	0.02784221
5360	-1644.42	-1646.58	2.16374	0.07794997
5370	-1593.89	-1595.21	1.32227	0.1295021
5380	-1641.46	-1643.61	2.14307	0.07965805
5390	-1613.32	-1615.15	1.82762	0.1010007
5400	-1587.89	-1588.64	0.747222	0.1602195
5410	-1667.54	-1669.81	2.27319	0.066567
5420	-1683.95	-1686.25	2.3056	0.06007495
5430	-1633.17	-1635.25	2.07479	0.08487326
5440	-1641.99	-1644.13	2.14686	0.07935079
5450	-1632.07	-1634.13	2.06442	0.0856214
5460	-1590.41	-1590.72	0.315753	0.1833066
5470	-1605.79	-1607.48	1.68415	0.1094343
5480	-1639.58	-1638.22	-1.36186	0.2786165
5490	-1598.05	-1599.53	1.47933	0.1209325
5500	-1634.63	-1636.71	2.08794	0.08390986
5510	-1626.54	-1628.54	2.00746	0.08958196
5520	-1590.32	-1590.64	0.323643	0.1828813
5530	-1596.48	-1596.41	-0.0631416	0.2039244
5540	-1607.2	-1608.91	1.71409	0.1077074
5550	-1667.82	-1670.09	2.27401	0.06644792
5560	-1593.8	-1595.12	1.31806	0.1297296
5570	-1653.35	-1655.56	2.21626	0.07317324
5580	-1758.16	-1760.29	2.12874	0.03979899
5590	-1635.95	-1638.05	2.0995	0.08304898
5600	-1614.76	-1616.61	1.85092	0.09958697
5610	-1679.54	-1681.84	2.30003	0.06171777
5620	-1720.32	-1722.6	2.27681	0.04869726
5630	-1719.63	-1721.91	2.27847	0.04888371
5640	-1721.3	-1723.58	2.27438	0.04843477
5650	-1775.85	-1777.87	2.02419	0.03636068
5660	-1757.43	-1759.56	2.13262	0.03995031
5670	-1643.03	-1645.19	2.15429	0.07874028
5680	-1738.32	-1740.54	2.2199	0.04416743
5690	-1666.95	-1669.22	2.27139	0.0668212
5700	-1633.51	-1635.58	2.07786	0.08465018
5710	-1599.77	-1601.3	1.53217	0.118009
5720	-1647.49	-1649.67	2.18345	0.07624273
5730	-1744.32	-1746.51	2.19538	0.04278389
5740	-1711.32	-1713.62	2.2953	0.05120271
5750	-1643.28	-1645.44	2.156	0.07859849
5760	-1725.76	-1728.02	2.26235	0.0472657
5770	-1816.68	-1818.39	1.70545	0.02971921
5780	-1842.73	-1844.18	1.44924	0.02623298
5790	-1838.95	-1840.44	1.48894	0.02670888
5800	-1706.71	-1709.01	2.30205	0.05255829
5810	-1621.68	-1623.63	1.94952	0.09340692
5820	-1687.19	-1689.5	2.30831	0.05890966
5830	-1597.75	-1599.22	1.46948	0.1214747
5840	-1648.29	-1650.48	2.18828	0.07581057
5850	-1587.92	-1588.71	0.782539	0.15834
5860	-1696.11	-1698.42	2.3101	0.05587388
5870	-1657.69	-1659.92	2.23686	0.07103795
5880	-1589.61	-1590.67	1.06179	0.1434775
5890	-1588.03	-1588.67	0.641449	0.1658541
5900	-1603.35	-1604.98	1.6278	0.1126472
5910	-1596.17	-1596.12	-0.0479786	0.2030912
5920	-1587.89	-1588.62	0.727871	0.1612496
5930	-1589.31	-1589.73	0.423551	0.1775082
5940	-1676.4	-1678.69	2.29471	0.06293128
5950	-1685.24	-1687.55	2.30682	0.0596066
5960	-1593.59	-1594.89	1.3083	0.1302577
5970	-1627.52	-1629.54	2.01826	0.08884845
5980	-1796.86	-1798.73	1.8732	0.03274098
5990	-1591.82	-1593.04	1.21787	0.1351282
6000	-1588.79	-1589.28	0.488718	0.1740145
6010	-1594.39	-1595.74	1.34419	0.1283145
6020	-1597.25	-1597.15	-0.100485	0.2059798
6030	-1633.99	-1636.07	2.08223	0.08433057
6040	-1594.41	-1594.46	0.0448336	0.1980066
6050	-1650.18	-1648.59	-1.58711	0.2923438
6060	-1667.87	-1665.94	-1.92873	0.3136555
6070	-1598.98	-1598.8	-0.179262	0.2103309
6080	-1589.79	-1590.87	1.07742	0.1426436
6090	-1630.37	-1629.22	-1.1488	0.2658588
6100	-1605.44	-1605.01	-0.433198	0.2245066
6110	-1645	-1643.52	-1.47939	0.2857479
6120	-1774.21	-1770.7	-3.50894	0.4206846
6130	-1648.64	-1647.08	-1.55556	0.2904057
6140	-1623.28	-1622.31	-0.970617	0.2553529
6150	-1591.65	-1592.85	1.20768	0.1356753
6160	-1668.66	-1670.94	2.27646	0.06608904
6170	-1803.8	-1805.62	1.8172	0.03164277
6180	-1590.95	-1591.22	0.270679	0.185739
6190	-1587.91	-1588.61	0.704762	0.1624801
6200	-1588.76	-1589.73	0.970808	0.1483244
6210	-1690.21	-1687.9	-2.31537	0.3385232
6220	-1620.05	-1619.16	-0.8842	0.2503095
6230	-1661.32	-1663.58	2.2519	0.06932901
6240	-1662.65	-1664.91	2.25691	0.06872282
6250	-1624.2	-1626.18	1.98059	0.09137797
6260	-1636.16	-1638.26	2.10126	0.08291637
6270	-1655.93	-1658.16	2.2289	0.07188748
6280	-1777.62	-1779.63	2.01258	0.0360374
6290	-1722.86	-1725.13	2.27037	0.04802258
6300	-1762.11	-1764.21	2.10727	0.03899758
6310	-1689.69	-1692	2.30964	0.05803283
6320	-1723.12	-1725.39	2.26966	0.04795282
6330	-1680.05	-1682.35	2.30078	0.06152535
6340	-1726.45	-1728.71	2.26032	0.04708637
6350	-1687.7	-1690.01	2.30864	0.05872982
6360	-1590.11	-1591.22	1.10393	0.1412282
6370	-1608.22	-1609.95	1.73482	0.1065023
6380	-1605.17	-1606.84	1.67024	0.1102315
6390	-1596.53	-1597.96	1.42776	0.123764
6400	-1620.56	-1622.5	1.93494	0.0943444
6410	-1662.9	-1665.16	2.25781	0.06861048
6420	-1587.91	-1588.61	0.703929	0.1625245
6430	-1694.9	-1697.21	2.31033	0.0562738
6440	-1764.8	-1766.89	2.09197	0.03846149
6450	-1662.87	-1665.13	2.25771	0.06862355
6460	-1655.66	-1657.88	2.2276	0.07202233
6470	-1599.93	-1601.47	1.53693	0.1177448
6480	-1647.12	-1649.3	2.18115	0.07644609
6490	-1620.27	-1622.2	1.9311	0.09458966
6500	-1628.63	-1630.66	2.03006	0.08803841
6510	-1797.49	-1799.36	1.86823	0.03263918
6520	-1648.85	-1651.04	2.19159	0.07551061
6530	-1589.71	-1590.09	0.381007	0.1797937
6540	-1604.26	-1605.91	1.64936	0.1114232
6550	-1602.49	-1604.1	1.60636	0.1138585
6560	-1649.5	-1651.69	2.19538	0.07516443
6570	-1591.16	-1592.33	1.17769	0.1372833
6580	-1683.03	-1685.34	2.30462	0.06041089
6590	-1692.16	-1694.47	2.31031	0.0571885
6600	-1705.11	-1707.41	2.30394	0.05304085
6610	-1807.43	-1809.22	1.78675	0.03108643
6620	-1720.38	-1722.65	2.27668	0.04868282
6630	-1597.89	-1599.37	1.47436	0.1212061
6640	-1617.79	-1619.68	1.89668	0.09676216
6650	-1635.9	-1638	2.09902	0.08308521
6660	-1774.6	-1776.63	2.03225	0.03659053
6670	-1639.79	-1641.92	2.13058	0.08065669
6680	-1698.94	-1701.25	2.30899	0.05495919
6690	-1768.02	-1770.09	2.07308	0.03783438
6700	-1638.08	-1640.2	2.11713	0.08170717
6710	-1632.21	-1634.28	2.06583	0.08552025
6720	-1600.88	-1602.45	1.56387	0.1162431
6730	-1606.01	-1607.7	1.68889	0.1091616
6740	-1625.48	-1627.47	1.99551	0.09038557
6750	-1677.81	-1680.11	2.29725	0.06237961
6760	-1798.26	-1800.13	1.86212	0.03251528
6770	-1630.61	-1632.66	2.05032	0.0866246
6780	-1625.14	-1624.13	-1.01892	0.2581863
6790	-1588	-1588.82	0.820058	0.156344
6800	-1594	-1595.33	1.32701	0.1292455
6810	-1615.85	-1615.08	-0.76607	0.2434685
6820	-1658.56	-1656.81	-1.75369	0.3026605
6830	-1601.66	-1603.24	1.58469	0.1150773
6840	-1651.04	-1653.24	2.20403	0.07435631
6850	-1696.54	-1698.85	2.30998	0.05573296
6860	-1596.86	-1598.3	1.43927	0.1231336
6870	-1718.02	-1720.3	2.28219	0.04932141
6880	-1606.18	-1607.88	1.6927	0.1089423
6890	-1747.81	-1749.99	2.17984	0.04200296
6900	-1629.83	-1631.87	2.04247	0.08717572
6910	-1821.91	-1823.57	1.65721	0.02897763
6920	-1805.12	-1806.93	1.8062	0.03143884
6930	-1721.74	-1724.02	2.27326	0.04831765
6940	-1700.78	-1703.09	2.30786	0.0543768
6950	-1661.54	-1663.79	2.25273	0.06923078
6960	-1665.31	-1667.58	2.26618	0.06753448
6970	-1721.27	-1723.55	2.27446	0.04844309
6980	-1680.86	-1683.16	2.30193	0.0612181
6990	-1653.73	-1655.95	2.2182	0.07297991
7000	-1630.7	-1632.75	2.0512	0.08656235
7010	-1609.11	-1610.86	1.75233	0.1054786
7020	-1652.03	-1654.23	2.20938	0.07384567
7030	-1587.89	-1588.62	0.728254	0.1612292
7040	-1616.58	-1618.46	1.87894	0.0978648
7050	-1644.8	-1646.97	2.16634	0.07772966
7060	-1593.71	-1595.02	1.31399	0.1299499
7070	-1590.29	-1591.41	1.11779	0.140488
7080	-1593.38	-1593.49	0.104264	0.1947646
7090	-1625.75	-1627.75	1.99862	0.09017779
7100	-1637.44	-1639.55	2.11193	0.08210673
7110	-1804.06	-1805.88	1.81506	0.03160277
7120	-1773.67	-1775.71	2.03817	0.03676229
7130	-1621.91	-1623.86	1.95246	0.09321719
7140	-1616.02	-1617.89	1.87044	0.09839009
7150	-1641.62	-1643.76	2.14421	0.07956595
7160	-1617.51	-1619.4	1.89265	0.09701332
7170	-1597.23	-1598.68	1.4522	0.1224243
7180	-1630.89	-1632.94	2.05305	0.08643151
7190	-1700.7	-1703.01	2.30792	0.05440142
7200	-1703.6	-1705.9	2.30551	0.05350153
7210	-1709.07	-1711.36	2.29884	0.05186008
7220	-1747.92	-1750.1	2.17935	0.04197901
7230	-1629.85	-1631.9	2.0427	0.08715999
7240	-1608.22	-1609.96	1.73493	0.1064959
7250	-1596.37	-1596.31	-0.0576683	0.2036236
7260	-1712.9	-1710.23	-2.67112	0.3621376
7270	-1639.74	-1641.87	2.13013	0.08069227
7280	-1593.87	-1593.94	0.0757571	0.1963184
7290	-1594.08	-1595.41	1.33056	0.1290531
7300	-1593.2	-1594.49	1.29027	0.1312312
7310	-1604.07	-1605.72	1.64509	0.1116664
7320	-1625.6	-1627.6	1.99691	0.09029227
7330	-1757.31	-1759.44	2.13324	0.0399748
7340	-1666.64	-1668.91	2.27042	0.06695682
7350	-1675.13	-1677.42	2.29222	0.06343326
7360	-1592.13	-1593.36	1.23506	0.1342046
7370	-1588.23	-1589.11	0.884115	0.1529369
7380	-1684.56	-1686.87	2.3062	0.0598508
7390	-1655.08	-1657.3	2.22484	0.07230824
7400	-1717.81	-1720.09	2.28267	0.04938029
7410	-1640.52	-1642.65	2.13605	0.08022252
7420	-1590.55	-1591.68	1.13663	0.1394808
7430	-1588.44	-1589.36	0.922801	0.150879
7440	-1598.94	-1600.45	1.50743	0.119381
7450	-1588.16	-1589.03	0.869335	0.153723
7460	-1652.2	-1654.41	2.2103	0.07375589
7470	-1706.73	-1709.03	2.30202	0.05255228
7480	-1836.22	-1837.74	1.51698	0.02705727
7490	-1706.28	-1708.59	2.30257	0.05268596
7500	-1773.02	-1775.06	2.04231	0.03688407
7510	-1680.18	-1682.49	2.30098	0.06147296
7520	-1605.81	-1607.5	1.68459	0.1094086
7530	-1817.07	-1818.77	1.70197	0.02966396
7540	-1763.74	-1765.83	2.09808	0.03867219
7550	-1898.27	-1899.04	0.774114	0.02025224
7560	-1682.87	-1685.17	2.30444	0.06047036
7570	-1719.43	-1721.71	2.27895	0.04893772
7580	-1638.46	-1640.58	2.12014	0.08147427
7590	-1602.13	-1603.73	1.59713	0.1143781
7600	-1646.18	-1648.35	2.17527	0.07696166
7610	-1798.5	-1800.36	1.86022	0.03247705
7620	-1600.11	-1601.65	1.54209	0.1174576
7630	-1650.55	-1648.95	-1.59472	0.2928122
7640	-1625.81	-1627.81	1.99937	0.09012706
7650	-1600.94	-1602.51	1.56542	0.1161564
7660	-1791.54	-1793.46	1.91409	0.03361409
7670	-1622.1	-1624.05	1.9548	0.09306585
7680	-1653.14	-1655.36	2.21522	0.07327578
7690	-1590	-1590.35	0.352631	0.1813201
7700	-1649.08	-1651.27	2.19296	0.07538624
7710	-1750.38	-1752.54	2.1679	0.04144274
7720	-1719.15	-1721.43	2.27961	0.04901405
7730	-1613.07	-1614.89	1.82343	0.1012534
7740	-1756.81	-1758.95	2.13585	0.04007815
7750	-1690.96	-1693.27	2.31006	0.05759888
7760	-1732.68	-1734.92	2.24049	0.04552467
7770	-1643.19	-1645.35	2.1554	0.07864848
7780	-1596.97	-1598.42	1.44335	0.1229099
7790	-1731.69	-1733.93	2.24384	0.04576762
7800	-1593.15	-1594.44	1.28786	0.1313615
7810	-1594.54	-1595.9	1.35061	0.1279668
7820	-1622.58	-1621.63	-0.952232	0.2542772
7830	-1702.69	-1705	2.30634	0.05377996
7840	-1617.52	-1619.41	1.8928	0.09700444
7850	-1698.81	-1701.12	2.30906	0.05500152
7860	-1637.27	-1639.38	2.11054	0.08221263
7870	-1812.29	-1814.04	1.74468	0.03035895
7880	-1913.32	-1913.88	0.562076	0.0189065
7890	-1756.58	-1758.71	2.13705	0.04012638
7900	-1742.59	-1744.8	2.2027	0.04317537
7910	-1708.41	-1710.71	2.29978	0.05205183
7920	-1647.87	-1650.05	2.18574	0.07603856
7930	-1750.16	-1752.33	2.16893	0.04148995
7940	-1641.87	-1644.01	2.14599	0.07942125
7950	-1696.3	-1698.61	2.31005	0.05581216
7960	-1804.8	-1806.61	1.80891	0.03148869
7970	-1752.95	-1755.1	2.15544	0.04089004
7980	-1664.54	-1666.81	2.2636	0.06787498
7990	-1638.83	-1640.96	2.12313	0.08124143
8000	-1607.58	-1609.3	1.72197	0.1072501
8010	-1700.95	-1703.26	2.30774	0.05432215
8020	-1749.48	-1751.65	2.17214	0.04163812
8030	-1737.86	-1740.08	2.22168	0.04427648
8040	-1590.83	-1591.98	1.15608	0.1384407
8050	-1641.59	-1643.74	2.14402	0.07958124
8060	-1926.54	-1926.91	0.365596	0.01780409
8070	-1878.46	-1879.5	1.03456	0.02218894
8080	-1850.64	-1852	1.36371	0.02527054
8090	-1762.05	-1764.15	2.1076	0.03900947
8100	-1675.75	-1678.04	2.29346	0.06318685
8110	-1595.79	-1595.76	-0.028882	0.2020428
8120	-1596.3	-1597.72	1.41927	0.124228
8130	-1607.8	-1609.53	1.72648	0.1069882
8140	-1748.81	-1750.99	2.17525	0.04178379
8150	-1677.47	-1679.77	2.29666	0.06251267
8160	-1733.98	-1736.21	2.23596	0.04520684
8170	-1849.41	-1850.78	1.37726	0.02541773
8180	-1711.79	-1714.09	2.29452	0.05106845
8190	-1753.13	-1755.29	2.15453	0.04085106
8200	-1746.18	-1748.37	2.1872	0.04236461
8210	-1849.21	-1850.59	1.37944	0.02544157
8220	-1834.59	-1836.12	1.53362	0.02726922
8230	-1891.58	-1892.44	0.864499	0.02088462
8240	-1731.08	-1733.32	2.24588	0.04591896
8250	-1729.08	-1731.33	2.25233	0.04641884
8260	-1740.51	-1742.72	2.21126	0.0436554
8270	-1620.21	-1622.14	1.93034	0.09463805
8280	-1605.68	-1607.36	1.6817	0.109575
8290	-1628.11	-1630.14	2.02464	0.08841134
8300	-1644.19	-1646.35	2.16219	0.07808062
8310	-1629.91	-1631.95	2.04324	0.08712194
8320	-1626.6	-1628.6	2.00814	0.08953628
8330	-1618.1	-1620	1.90109	0.09648603
8340	-1631.88	-1633.95	2.06268	0.08574636
8350	-1738.46	-1735.42	-3.03888	0.3873174
8360	-1609.22	-1610.97	1.75436	0.1053593
8370	-1627.97	-1629.99	2.02307	0.08851909
8380	-1587.95	-1588.75	0.799769	0.1574233
8390	-1589.34	-1589.76	0.420037	0.1776969
8400	-1609.22	-1610.98	1.75448	0.105352
8410	-1691.18	-1693.49	2.31012	0.0575222
8420	-1647.67	-1649.85	2.18455	0.07614493
8430	-1707.88	-1710.18	2.30052	0.05221099
8440	-1643.18	-1645.34	2.15531	0.07865634
8450	-1731.9	-1734.15	2.24312	0.04571453
8460	-1653.51	-1655.72	2.21707	0.07309245
8470	-1762.81	-1764.91	2.10334	0.03885741
8480	-1686.91	-1689.22	2.30813	0.0590087
8490	-1602.66	-1604.27	1.6105	0.113625
8500	-1807.99	-1809.77	1.782	0.03100208
8510	-1687.81	-1690.11	2.3087	0.05869225
8520	-1693.17	-1695.49	2.31041	0.05684686
8530	-1617.71	-1619.61	1.89558	0.09683056
8540	-1654.92	-1657.14	2.22407	0.07238665
8550	-1723.68	-1725.95	2.26816	0.04780646
8560	-1695.54	-1697.85	2.31023	0.05606045
8570	-1834.42	-1835.96	1.53528	0.02729056
8580	-1758.64	-1760.77	2.12617	0.03969968
8590	-1847.82	-1849.21	1.39462	0.02560909
8600	-1757.13	-1759.26	2.13418	0.040012
8610	-1726.88	-1729.14	2.25906	0.04697715
8620	-1770.19	-1772.25	2.05994	0.03741846
8630	-1715.69	-1717.98	2.28719	0.04996418
8640	-1885.6	-1886.55	0.943157	0.021468
8650	-1733.67	-1735.91	2.23704	0.0452813
8660	-1659.23	-1661.48	2.2435	0.07030229
8670	-1634.32	-1636.41	2.08524	0.08410903
8680	-1606.3	-1607.99	1.69508	0.1088054
8690	-1592.61	-1592.76	0.152757	0.1921268
8700	-1591.14	-1591.39	0.256073	0.1865282
8710	-1661.94	-1664.19	2.25425	0.0690479
8720	-1651.23	-1653.43	2.20507	0.07425768
8730	-1634.56	-1636.65	2.08739	0.08395102
8740	-1671.63	-1673.92	2.28436	0.06484579
8750	-1639.38	-1641.51	2.12742	0.08090564
8760	-1658.25	-1660.49	2.23934	0.07076647
8770	-1649.89	-1652.08	2.1976	0.07495942
8780	-1590.45	-1591.58	1.12954	0.1398601
8790	-1593.86	-1595.18	1.32078	0.1295825
8800	-1617.44	-1619.33	1.89159	0.0970796
8810	-1781.19	-1783.17	1.98853	0.03539637
8820	-1598.32	-1599.81	1.4882	0.1204435
8830	-1601.24	-1602.82	1.57365	0.1156959
8840	-1600.32	-1601.86	1.54799	0.1171291
8850	-1676.29	-1678.59	2.29451	0.06297259
8860	-1630.45	-1632.5	2.04873	0.08673617
8870	-1789.63	-1791.56	1.92833	0.03393428
8880	-1723.55	-1725.82	2.2685	0.0478387
8890	-1736.15	-1738.38	2.2281	0.0446823
8900	-1732.03	-1734.27	2.24271	0.04568436
8910	-1862.55	-1863.78	1.22813	0.02389572
8920	-1674.27	-1676.57	2.29044	0.06377295
8930	-1874.36	-1875.45	1.08579	0.02261525
8940	-1680.04	-1682.34	2.30078	0.06152622
8950	-1662.93	-1665.19	2.25792	0.06859764
8960	-1688.64	-1690.95	2.30917	0.05839843
8970	-1667.36	-1669.63	2.27264	0.06664488
8980	-1668.68	-1670.96	2.27652	0.06608002
8990	-1658.93	-1661.17	2.24223	0.07044602
9000	-1741.99	-1744.19	2.20522	0.04331417
9010	-1587.91	-1588.61	0.706755	0.162374
9020	-1597.64	-1599.11	1.46607	0.1216626
9030	-1664.73	-1667	2.26424	0.06779159
9040	-1615.12	-1616.97	1.85657	0.09924181
9050	-1735.04	-1737.28	2.23215	0.04494874
9060	-1666.3	-1668.56	2.26935	0.06710522
9070	-1711.34	-1713.63	2.29528	0.05119931
9080	-1727.08	-1729.33	2.25848	0.04692709
9090	-1612.48	-1614.3	1.81347	0.1018527
9100	-1601.1	-1602.67	1.56975	0.115914
9110	-1595.49	-1596.87	1.38869	0.1258968
9120	-1709.2	-1711.5	2.29864	0.05181995
9130	-1797.43	-1799.29	1.86875	0.03264992
9140	-1744.55	-1746.74	2.19437	0.04273138
9150	-1747.13	-1749.31	2.18296	0.04215455
9160	-1759.63	-1761.75	2.12088	0.03949844
9170	-1758.69	-1760.82	2.12592	0.03968995
9180	-1768.75	-1770.82	2.06866	0.03769281
9190	-1588.83	-1589.81	0.978791	0.1478994
9200	-1587.89	-1588.63	0.742782	0.1604558
9210	-1678.63	-1680.93	2.29862	0.06206336
9220	-1642.22	-1644.37	2.14857	0.0792109
9230	-1602.62	-1604.23	1.6095	0.1136815
9240	-1604.01	-1605.65	1.64346	0.1117588
9250	-1612.98	-1614.8	1.82192	0.1013449
9260	-1613.1	-1614.92	1.82392	0.1012242
9270	-1613.43	-1615.26	1.82945	0.1008901
9280	-1589.55	-1590.6	1.05568	0.1438029
9290	-1599.02	-1600.53	1.5099	0.1192444
9300	-1588.2	-1589.08	0.878636	0.1532283
9310	-1720.37	-1722.64	2.2767	0.04868506
9320	-1639.12	-1641.24	2.12534	0.08106907
9330	-1592.73	-1594	1.26686	0.1324937
9340	-1591.34	-1592.53	1.18931	0.1366604
9350	-1689.79	-1692.1	2.30968	0.05800026
9360	-1727.43	-1729.69	2.25741	0.04683644
9370	-1711.17	-1713.46	2.29556	0.05124755
9380	-1761.44	-1763.55	2.11098	0.03913173
9390	-1794.34	-1796.24	1.89277	0.03315078
9400	-1760.15	-1762.26	2.11806	0.03939278
9410	-1765.36	-1767.45	2.08874	0.0383515
9420	-1649.91	-1652.11	2.19776	0.07494432
9430	-1801.7	-1803.54	1.83445	0.03197023
9440	-1633.72	-1635.8	2.07978	0.08450943
9450	-1712.17	-1714.46	2.29386	0.05095958
9460	-1788.94	-1790.87	1.93345	0.03405159
9470	-1716.64	-1718.93	2.2852	0.04970049
9480	-1642.26	-1644.41	2.14881	0.07919187
9490	-1726.66	-1728.92	2.25971	0.04703314
9500	-1771.49	-1773.54	2.05191	0.03717177
9510	-1826.76	-1828.37	1.61103	0.02830951
9520	-1762.56	-1764.67	2.10471	0.03890596
9530	-1697.25	-1699.56	2.30975	0.0555023
9540	-1692.2	-1694.51	2.31032	0.05717555
9550	-1647.62	-1649.81	2.18427	0.0761699
9560	-1591.94	-1593.16	1.22438	0.1347784
9570	-1667.34	-1669.61	2.27258	0.06665305
9580	-1870.06	-1871.2	1.13851	0.02307226
9590	-1761.23	-1763.34	2.11215	0.03917427
9600	-1719.19	-1721.47	2.27952	0.04900337
9610	-1976.1	-1975.64	-0.452521	0.01425482
9620	-1778.48	-1780.49	2.0068	0.03588017
9630	-1618.24	-1620.14	1.9031	0.09636026
9640	-1725.27	-1727.53	2.26375	0.04739259
9650	-1809.71	-1811.48	1.76717	0.03074225
9660	-1717.86	-1720.15	2.28255	0.04936458
9670	-1780.23	-1782.23	1.99503	0.03556621
9680	-1752.33	-1754.49	2.15847	0.04102175
9690	-1941.91	-1942.04	0.125653	0.01661061
9700	-1756.82	-1758.96	2.13578	0.04007567
9710	-1767.35	-1769.43	2.07705	0.03796325
9720	-1675.52	-1677.81	2.29301	0.06327652
9730	-1643.17	-1645.32	2.15522	0.07866356
9740	-1710.5	-1712.8	2.29664	0.05143991
9750	-1679.91	-1682.21	2.30058	0.06157816
9760	-1591.26	-1592.44	1.18395	0.1369477
9770	-1660.94	-1663.19	2.2504	0.06950683
9780	-1700.41	-1702.72	2.30812	0.05449315
9790	-1614.43	-1616.28	1.84575	0.09990208
9800	-1593.7	-1595.01	1.31343	0.1299803
9810	-1609.54	-1611.3	1.76045	0.1050018
9820	-1604.64	-1606.3	1.65837	0.1109095
9830	-1594.67	-1594.71	0.0302171	0.1988056
9840	-1682.88	-1680.68	-2.19293	0.3305603
9850	-1591.78	-1593	1.21545	0.1352583
9860	-1611.15	-1612.94	1.79011	0.1032481
9870	-1693.83	-1696.15	2.31041	0.05662601
9880	-1709.16	-1711.46	2.2987	0.0518314
9890	-1614.61	-1616.46	1.84862	0.09972683
9900	-1689.06	-1691.37	2.30937	0.05825338
9910	-1649.83	-1652.03	2.19731	0.07498583
9920	-1661.02	-1663.27	2.25071	0.06947099
9930	-1704.17	-1706.48	2.30494	0.05332608
9940	-1846.17	-1847.58	1.41251	0.02580966
9950	-1876.14	-1877.21	1.06364	0.02242882
9960	-1740.11	-1742.33	2.21285	0.04374795
9970	-1767.77	-1769.85	2.07455	0.03788198
9980	-1805.21	-1807.02	1.80544	0.03142485
9990	-1750.27	-1752.44	2.16842	0.04146666
10000	-1722.54	-1724.81	2.27121	0.0481068
