Iteration	Posterior	Likelihood	Prior	birth_rate
0	-1604.74	-1606.4	1.66046	0.1107904
10	-1650.42	-1652.62	2.20063	0.07467656
20	-1625.49	-1627.49	1.99569	0.09037383
30	-1590.16	-1591.27	1.10755	0.1410353
40	-1588.21	-1589.09	0.880704	0.1531183
50	-1588.25	-1588.83	0.582417	0.1690042
60	-1698.58	-1700.89	2.30918	0.05507619
70	-1750.74	-1752.91	2.16615	0.04136335
80	-1821.43	-1823.09	1.66171	0.02904486
90	-1670.27	-1672.56	2.28089	0.06540905
100	-1693.17	-1695.49	2.31041	0.05684682
110	-1638.77	-1640.89	2.12264	0.08127993
120	-1631.76	-1633.82	2.06147	0.08583251
130	-1602.55	-1604.16	1.60794	0.1137696
140	-1588.03	-1588.67	0.641024	0.1658768
150	-1594.97	-1594.98	0.0144707	0.199667
160	-1612.06	-1613.86	1.80614	0.1022921
170	-1668.98	-1671.26	2.27736	0.06595331
180	-1647.24	-1649.42	2.18192	0.07637821
190	-1605.1	-1606.77	1.66885	0.1103109
200	-1647.51	-1649.69	2.18356	0.07623339
210	-1824.53	-1826.17	1.63244	0.02861447
220	-1857.14	-1858.43	1.29071	0.02450939
230	-1758.27	-1760.4	2.12815	0.039776
240	-1889.81	-1890.7	0.888018	0.02105568
250	-1632.04	-1634.1	2.06414	0.08564194
260	-1637.82	-1639.93	2.115	0.08187129
270	-1671.01	-1673.29	2.28279	0.06510406
280	-1630.03	-1632.07	2.04445	0.08703731
290	-1602	-1603.59	1.59375	0.1145685
300	-1641.67	-1643.81	2.14456	0.07953798
310	-1718.89	-1721.17	2.28021	0.04908481
320	-1719.74	-1722.02	2.27821	0.04885371
330	-1624.66	-1626.64	1.98603	0.09101788
340	-1725.64	-1727.9	2.26269	0.04729638
350	-1615.61	-1617.47	1.86416	0.09877647
360	-1598.54	-1600.04	1.49515	0.1200596
370	-1617.72	-1619.62	1.89575	0.09682009
380	-1587.91	-1588.69	0.775476	0.1587158
390	-1593.33	-1593.43	0.107759	0.1945742
400	-1614.2	-1616.04	1.84196	0.1001325
410	-1708.76	-1711.06	2.29929	0.05194996
420	-1671.32	-1673.61	2.28359	0.06497375
430	-1762.51	-1764.62	2.105	0.03891649
440	-1627.29	-1629.3	2.01573	0.08902109
450	-1667.14	-1669.41	2.27196	0.06674123
460	-1746.52	-1748.71	2.18569	0.04228926
470	-1680.87	-1683.17	2.30195	0.06121352
480	-1602.12	-1603.72	1.59684	0.1143948
490	-1677.09	-1679.38	2.29598	0.0626613
500	-1618.46	-1620.36	1.90622	0.09616403
510	-1617.78	-1619.67	1.89651	0.09677249
520	-1641.54	-1643.69	2.14364	0.07961226
530	-1604.44	-1606.09	1.65354	0.1111849
540	-1619.24	-1621.16	1.91713	0.09547682
550	-1588.04	-1588.87	0.834246	0.1555893
560	-1618.79	-1620.7	1.91083	0.0958742
570	-1712.27	-1714.56	2.29369	0.05093223
580	-1658.46	-1660.7	2.24024	0.07066698
590	-1659.94	-1662.19	2.24641	0.06997143
600	-1610.78	-1612.56	1.78353	0.1036388
610	-1602.91	-1604.52	1.6168	0.1132693
620	-1588.75	-1589.72	0.969162	0.148412
630	-1598.16	-1599.65	1.48308	0.1207259
640	-1636.48	-1638.58	2.10395	0.08271363
650	-1634.23	-1636.31	2.08438	0.08417238
660	-1706.41	-1708.72	2.30241	0.05264669
670	-1620.96	-1622.9	1.94021	0.09400646
680	-1607.34	-1606.84	-0.499254	0.2282339
690	-1589.84	-1590.92	1.08148	0.1424267
700	-1669.6	-1671.88	2.27908	0.06569244
710	-1588.1	-1588.96	0.853722	0.1545534
720	-1677.25	-1679.55	2.29626	0.06259847
730	-1587.9	-1588.66	0.761629	0.1594527
740	-1601.2	-1600.93	-0.272634	0.2155159
750	-1617.78	-1619.68	1.89663	0.09676515
760	-1696.79	-1699.1	2.30991	0.05565291
770	-1710.4	-1712.7	2.29681	0.0514702
780	-1641.47	-1643.61	2.14312	0.07965447
790	-1740.39	-1742.6	2.21175	0.04368403
800	-1837.66	-1839.17	1.50221	0.02687244
810	-1810.66	-1812.42	1.75893	0.03060031
820	-1763.35	-1765.45	2.10028	0.03874939
830	-1615.32	-1617.18	1.85978	0.09904478
840	-1649.77	-1648.2	-1.57889	0.2918385
850	-1593.92	-1595.24	1.32352	0.1294347
860	-1614.17	-1616.01	1.84151	0.1001596
870	-1588.1	-1588.95	0.85327	0.1545775
880	-1675.55	-1677.85	2.29307	0.06326401
890	-1599.45	-1599.25	-0.199424	0.2114479
900	-1588.77	-1589.26	0.491858	0.1738464
910	-1602.23	-1603.83	1.59959	0.11424
920	-1642.32	-1644.47	2.14927	0.07915359
930	-1618.19	-1620.09	1.90246	0.09640035
940	-1715.05	-1717.34	2.28848	0.05014367
950	-1683.39	-1685.7	2.30501	0.06027854
960	-1685.95	-1688.26	2.30741	0.05935012
970	-1632.41	-1634.48	2.06769	0.08538644
980	-1636.1	-1634.82	-1.28345	0.2738959
990	-1589.17	-1589.61	0.439564	0.176649
1000	-1644.97	-1643.49	-1.47872	0.2857066
1010	-1667.1	-1669.37	2.27184	0.06675815
1020	-1768.15	-1770.22	2.07231	0.03780956
1030	-1659.23	-1661.47	2.24349	0.07030347
1040	-1768.66	-1770.72	2.06925	0.03771163
1050	-1784.98	-1786.95	1.96202	0.03472945
1060	-1598.11	-1599.59	1.48148	0.1208142
1070	-1655.07	-1657.3	2.22483	0.07230917
1080	-1677.51	-1679.81	2.29673	0.06249598
1090	-1595.6	-1596.99	1.39292	0.1256661
1100	-1600.36	-1600.12	-0.237974	0.2135876
1110	-1642.11	-1644.26	2.14775	0.07927789
1120	-1623.47	-1625.44	1.97178	0.09195781
1130	-1696.59	-1698.9	2.30997	0.05571908
1140	-1630.93	-1632.99	2.05347	0.0864018
1150	-1648.41	-1650.6	2.189	0.07574565
1160	-1688.44	-1690.75	2.30906	0.05846913
1170	-1706.1	-1708.4	2.30279	0.05274079
1180	-1643.91	-1646.07	2.16033	0.07823692
1190	-1588.89	-1589.87	0.986068	0.147512
1200	-1590.99	-1592.16	1.16723	0.1378437
1210	-1625.13	-1627.13	1.99158	0.09064865
1220	-1601.7	-1603.28	1.58582	0.1150135
1230	-1587.93	-1588.71	0.784327	0.1582449
1240	-1588.56	-1589.5	0.941959	0.1498597
1250	-1692.75	-1695.06	2.31038	0.05698981
1260	-1728.17	-1730.43	2.25515	0.04664813
1270	-1670.72	-1673	2.28206	0.06522326
1280	-1790.64	-1792.56	1.92086	0.03376525
1290	-1699.23	-1701.54	2.30884	0.05486815
1300	-1633.18	-1635.26	2.07489	0.08486604
1310	-1611.74	-1613.54	1.80063	0.1026213
1320	-1743.39	-1745.59	2.19934	0.04299368
1330	-1680.63	-1682.93	2.30161	0.0613063
1340	-1622.22	-1624.17	1.95632	0.09296726
1350	-1754.31	-1756.45	2.14867	0.04060222
1360	-1588.32	-1589.22	0.902486	0.1519597
1370	-1614.11	-1615.96	1.84062	0.1002139
1380	-1810.89	-1812.65	1.75694	0.03056633
1390	-1617.1	-1618.98	1.8866	0.09739006
1400	-1590.52	-1590.83	0.305941	0.1838357
1410	-1639.49	-1638.13	-1.35991	0.2784986
1420	-1623.37	-1622.4	-0.973018	0.2554935
1430	-1599.27	-1599.08	-0.191826	0.2110268
1440	-1614.12	-1615.96	1.84074	0.1002065
1450	-1773.96	-1776	2.03632	0.03670836
1460	-1642.78	-1644.93	2.15247	0.0788906
1470	-1619.01	-1618.15	-0.855712	0.2486542
1480	-1667.85	-1665.92	-1.92827	0.3136263
1490	-1602.28	-1601.97	-0.315478	0.2179056
1500	-1660.8	-1663.05	2.24985	0.06957178
1510	-1699.05	-1701.36	2.30893	0.05492322
1520	-1671.81	-1674.1	2.2848	0.06477246
1530	-1735.09	-1737.32	2.23199	0.04493773
1540	-1590.76	-1591.91	1.15122	0.1387006
1550	-1622.96	-1624.92	1.96556	0.0923656
1560	-1615.64	-1614.88	-0.759871	0.2431112
1570	-1588.65	-1589.6	0.954708	0.1491813
1580	-1591.9	-1592.1	0.200162	0.1895545
1590	-1622.8	-1624.77	1.96365	0.09249025
1600	-1606.35	-1608.04	1.69615	0.1087434
1610	-1735.86	-1738.09	2.22919	0.04475298
1620	-1592.52	-1593.78	1.25625	0.133065
1630	-1635.87	-1637.97	2.09881	0.08310051
1640	-1624.97	-1626.96	1.98964	0.09077777
1650	-1593.47	-1594.77	1.30274	0.1305581
1660	-1588.05	-1588.89	0.838362	0.1553704
1670	-1597.44	-1598.9	1.45916	0.1220423
1680	-1588.13	-1588.74	0.611267	0.1674641
1690	-1587.89	-1588.63	0.734424	0.1609007
1700	-1595.07	-1596.44	1.37224	0.1267919
1710	-1587.93	-1588.73	0.790345	0.1579247
1720	-1600.51	-1602.06	1.55339	0.1168279
1730	-1773.32	-1775.36	2.04042	0.03682837
1740	-1758.2	-1760.33	2.1285	0.03978974
1750	-1635.16	-1637.25	2.09263	0.08356225
1760	-1598.15	-1598.01	-0.142297	0.2082866
1770	-1594.19	-1594.24	0.0573697	0.1973219
1780	-1599.41	-1599.21	-0.197934	0.2113653
1790	-1686.79	-1689.09	2.30804	0.05905297
1800	-1588.31	-1588.88	0.568802	0.1697313
1810	-1650.97	-1653.17	2.20366	0.0743919
1820	-1653.2	-1655.41	2.21549	0.07324918
1830	-1682.35	-1684.65	2.30383	0.06066402
1840	-1601.75	-1603.34	1.58722	0.114935
1850	-1625.66	-1627.66	1.99764	0.09024325
1860	-1612.84	-1614.66	1.81951	0.10149
1870	-1799.8	-1801.65	1.84989	0.03227124
1880	-1638.76	-1640.88	2.12251	0.08128959
1890	-1630.31	-1632.35	2.04726	0.08683997
1900	-1609.81	-1611.58	1.76565	0.1046953
1910	-1605.98	-1607.67	1.68825	0.1091984
1920	-1825.51	-1827.13	1.62309	0.02848023
1930	-1746.9	-1749.08	2.184	0.04220582
1940	-1725.06	-1727.32	2.26434	0.04744627
1950	-1642.32	-1644.47	2.14925	0.07915562
1960	-1753.38	-1755.54	2.15328	0.0407973
1970	-1588.52	-1589.05	0.53036	0.1717861
1980	-1648.68	-1647.13	-1.55643	0.2904596
1990	-1618.97	-1620.89	1.91342	0.09571124
2000	-1622.82	-1624.78	1.96383	0.09247835
2010	-1739.22	-1741.44	2.21639	0.0439563
2020	-1792.09	-1794	1.90995	0.03352274
2030	-1798.36	-1800.23	1.86132	0.03249924
2040	-1697.72	-1700.03	2.30957	0.05535184
2050	-1701.87	-1704.18	2.30704	0.05403532
2060	-1714.82	-1717.1	2.28895	0.05020977
2070	-1650.4	-1652.6	2.20051	0.07468789
2080	-1623.79	-1625.77	1.97574	0.09169749
2090	-1680.67	-1682.97	2.30167	0.06128864
2100	-1644.84	-1647.01	2.16659	0.07770858
2110	-1588.44	-1588.98	0.543998	0.1710569
2120	-1643.88	-1646.04	2.16014	0.07825355
2130	-1620.66	-1622.6	1.9363	0.09425707
2140	-1591.55	-1592.76	1.20215	0.1359717
2150	-1606.41	-1608.1	1.69746	0.1086681
2160	-1593.57	-1594.88	1.30773	0.1302882
2170	-1589.06	-1589.51	0.45305	0.1759258
2180	-1595.13	-1596.5	1.37454	0.126667
2190	-1590.64	-1591.78	1.14318	0.1391306
2200	-1593.39	-1594.69	1.29938	0.1307395
2210	-1603.9	-1605.55	1.64106	0.1118951
2220	-1626.14	-1628.14	2.003	0.08988288
2230	-1710.18	-1712.48	2.29715	0.0515335
2240	-1615.09	-1616.95	1.85617	0.09926607
2250	-1592.75	-1592.89	0.14357	0.192626
2260	-1649.07	-1651.27	2.19292	0.0753896
2270	-1834.86	-1836.39	1.53083	0.02723342
2280	-1659.39	-1661.64	2.24417	0.07022704
2290	-1658.62	-1660.86	2.24093	0.07059058
2300	-1669.49	-1671.77	2.27878	0.06573839
2310	-1651.42	-1653.63	2.20613	0.07415667
2320	-1707.48	-1709.78	2.30106	0.05232859
2330	-1651.34	-1653.55	2.2057	0.07419819
2340	-1588.51	-1589.44	0.934427	0.1502604
2350	-1591.35	-1591.59	0.240077	0.1873932
2360	-1618.09	-1617.26	-0.829967	0.2471613
2370	-1590.96	-1592.12	1.16473	0.1379774
2380	-1654.99	-1657.21	2.22442	0.07235108
2390	-1747.73	-1749.91	2.18025	0.04202257
2400	-1672.91	-1675.2	2.28741	0.06432317
2410	-1650.11	-1652.31	2.19887	0.07484133
2420	-1588.52	-1589.05	0.529615	0.1718259
2430	-1588.69	-1589.65	0.96064	0.1488656
2440	-1591.46	-1592.66	1.19676	0.1362612
2450	-1592.67	-1593.93	1.26374	0.1326615
2460	-1616.81	-1618.69	1.88233	0.0976552
2470	-1653.44	-1655.66	2.21675	0.07312379
2480	-1641.55	-1643.69	2.1437	0.07960728
2490	-1782.24	-1784.22	1.98125	0.03520924
2500	-1665.86	-1668.13	2.26797	0.06729431
2510	-1832.35	-1833.91	1.55609	0.0275617
2520	-1765.5	-1767.58	2.08795	0.038325
2530	-1703.57	-1705.87	2.30554	0.05351094
2540	-1646.2	-1648.38	2.1754	0.07695038
2550	-1645.64	-1647.81	2.17181	0.07726137
2560	-1748.46	-1750.63	2.1769	0.04186195
2570	-1726.28	-1728.54	2.26082	0.04713067
2580	-1780.61	-1782.61	1.99244	0.03549823
2590	-1712.58	-1714.87	2.29315	0.05084352
2600	-1595.33	-1596.72	1.3827	0.1262225
2610	-1673.88	-1676.17	2.28959	0.06393164
2620	-1644.39	-1646.55	2.16358	0.07796407
2630	-1597.82	-1599.29	1.47185	0.1213445
2640	-1601.85	-1603.44	1.58976	0.1147927
2650	-1768.89	-1770.96	2.06786	0.03766714
2660	-1614.85	-1616.71	1.85244	0.09949428
2670	-1598.13	-1599.61	1.48204	0.1207833
2680	-1647.86	-1650.04	2.18568	0.07604371
2690	-1679.93	-1682.23	2.30061	0.06157017
2700	-1668.66	-1670.94	2.27647	0.06608651
2710	-1671.24	-1673.52	2.28337	0.06500994
2720	-1748.62	-1750.79	2.17615	0.04182614
2730	-1843.27	-1844.71	1.44354	0.02616629
2740	-1638.02	-1640.14	2.11665	0.08174371
2750	-1613.08	-1614.9	1.82355	0.1012462
2760	-1686.75	-1689.05	2.30801	0.05906726
2770	-1709.67	-1711.97	2.29793	0.05168149
2780	-1647.67	-1649.86	2.18456	0.07614422
2790	-1588.17	-1589.04	0.870333	0.1536699
2800	-1604.99	-1604.57	-0.416979	0.223594
2810	-1590.01	-1590.36	0.351317	0.1813908
2820	-1625.59	-1627.59	1.99685	0.0902959
2830	-1715.36	-1717.65	2.28786	0.0500564
2840	-1805.57	-1807.37	1.80249	0.03137084
2850	-1849.47	-1850.85	1.37654	0.02540988
2860	-1952.52	-1952.47	-0.0472305	0.01583757
2870	-1712.07	-1714.37	2.29403	0.05098721
2880	-2008.19	-2007.13	-1.05044	0.01236658
2890	-1652.4	-1654.61	2.21137	0.07365246
2900	-1833.57	-1835.12	1.54385	0.02740137
2910	-1791.17	-1793.09	1.91685	0.03367547
2920	-1709.72	-1712.02	2.29786	0.05166848
2930	-1642	-1644.15	2.14696	0.0793427
2940	-1690.85	-1693.16	2.31004	0.0576349
2950	-1665.61	-1667.88	2.26715	0.06740485
2960	-1589.57	-1590.63	1.05833	0.1436617
2970	-1726.79	-1729.05	2.25933	0.04700027
2980	-1757.64	-1759.77	2.1315	0.03990641
2990	-1651.8	-1654.01	2.20817	0.07396214
3000	-1588.06	-1588.9	0.841555	0.1552006
3010	-1647.42	-1649.6	2.18303	0.07628021
3020	-1614.8	-1616.65	1.85151	0.09955085
3030	-1728.3	-1730.55	2.25477	0.04661642
3040	-1640.36	-1642.5	2.13492	0.08031274
3050	-1607	-1608.71	1.71	0.107944
3060	-1599.92	-1601.46	1.53674	0.1177549
3070	-1760	-1762.12	2.11883	0.0394216
3080	-1753.69	-1755.84	2.15176	0.04073259
3090	-1667.86	-1670.14	2.27415	0.06642851
3100	-1645.69	-1647.86	2.17215	0.07723233
3110	-1588.86	-1589.85	0.983571	0.147645
3120	-1634.87	-1636.96	2.09012	0.08374902
3130	-1815.13	-1816.85	1.71946	0.02994361
3140	-1667.1	-1669.37	2.27185	0.06675647
3150	-1654.76	-1656.99	2.22332	0.0724637
3160	-1607.32	-1609.04	1.71668	0.1075571
3170	-1606.57	-1608.27	1.70087	0.1084713
3180	-1590.41	-1590.73	0.315359	0.1833279
3190	-1588.1	-1588.72	0.618661	0.1670696
3200	-1590.55	-1591.68	1.13645	0.1394908
3210	-1626.56	-1628.57	2.00779	0.08956006
3220	-1645.01	-1647.17	2.16767	0.07761617
3230	-1659.35	-1661.59	2.24397	0.0702493
3240	-1651.7	-1653.91	2.20763	0.07401321
3250	-1616.38	-1618.26	1.87601	0.09804638
3260	-1626.07	-1628.07	2.00226	0.08993303
3270	-1616.97	-1618.86	1.88478	0.09750297
3280	-1612.46	-1614.28	1.81317	0.1018705
3290	-1694.21	-1696.52	2.3104	0.05650025
3300	-1685.8	-1688.11	2.30729	0.05940467
3310	-1672.44	-1674.72	2.2863	0.06451674
3320	-1704.95	-1707.26	2.30411	0.05308805
3330	-1626.17	-1628.18	2.00342	0.08985481
3340	-1658.83	-1661.07	2.24179	0.07049433
3350	-1668.05	-1670.33	2.27471	0.06634694
3360	-1694.53	-1696.84	2.31037	0.05639505
3370	-1686.95	-1689.26	2.30815	0.05899376
3380	-1642.12	-1644.27	2.14782	0.0792722
3390	-1713.53	-1715.83	2.2914	0.05057093
3400	-1694.41	-1696.72	2.31038	0.05643382
3410	-1601.87	-1603.46	1.59042	0.1147553
3420	-1598.67	-1600.17	1.49925	0.1198333
3430	-1745.93	-1748.12	2.18832	0.04242123
3440	-1754.68	-1756.83	2.14678	0.04052326
3450	-1778.17	-1780.18	2.00887	0.03593634
3460	-1710.25	-1712.54	2.29705	0.05151522
3470	-1699.43	-1701.74	2.30873	0.05480476
3480	-1646.04	-1648.22	2.17439	0.07703791
3490	-1615.82	-1617.69	1.86751	0.09857003
3500	-1702.71	-1705.01	2.30633	0.05377576
3510	-1660.44	-1662.69	2.24844	0.06973683
3520	-1640.45	-1642.58	2.13555	0.08026253
3530	-1611.61	-1613.41	1.79832	0.1027588
3540	-1589	-1589.46	0.461022	0.1754984
3550	-1697.29	-1699.6	2.30973	0.05548887
3560	-1647.08	-1649.26	2.18093	0.07646625
3570	-1629.11	-1631.14	2.03507	0.08769162
3580	-1668.8	-1671.08	2.27686	0.06602831
3590	-1776.99	-1779.01	2.01672	0.03615157
3600	-1735.23	-1737.46	2.23148	0.04490354
3610	-1823.24	-1824.88	1.64472	0.02879315
3620	-1912.39	-1912.97	0.575447	0.01898623
3630	-1694.24	-1696.55	2.3104	0.05649188
3640	-1707.24	-1709.54	2.30137	0.05240008
3650	-1728.85	-1731.1	2.25304	0.04647593
3660	-1811.69	-1813.44	1.74997	0.03044797
3670	-1676.87	-1679.17	2.29559	0.0627453
3680	-1594.96	-1596.33	1.36777	0.1270346
3690	-1695.8	-1698.11	2.31017	0.0559753
3700	-1739.4	-1741.61	2.2157	0.043915
3710	-1905.14	-1905.82	0.678746	0.01962468
3720	-1716.52	-1718.8	2.28547	0.04973574
3730	-1730.16	-1732.41	2.24888	0.04614782
3740	-1601.98	-1603.58	1.5933	0.1145936
3750	-1738.34	-1740.56	2.21982	0.04416255
3760	-1730.77	-1733.02	2.24689	0.04599525
3770	-1636.05	-1638.15	2.10028	0.08299062
3780	-1700.07	-1702.38	2.30834	0.05460101
3790	-1643.03	-1645.19	2.15429	0.07874021
3800	-1597	-1596.91	-0.0884704	0.205318
3810	-1594.64	-1595.99	1.35445	0.127758
3820	-1591.21	-1591.46	0.250781	0.1868143
3830	-1634.32	-1636.41	2.08524	0.08410948
3840	-1700.07	-1702.38	2.30834	0.05459974
3850	-1660.26	-1662.51	2.24773	0.06981952
3860	-1590.92	-1591.19	0.273158	0.185605
3870	-1605.89	-1607.57	1.68625	0.1093134
3880	-1734.45	-1736.69	2.23428	0.0450919
3890	-1697.96	-1700.27	2.30947	0.05527494
3900	-1678.05	-1680.35	2.29766	0.0622866
3910	-1849.35	-1850.73	1.37788	0.02542451
3920	-1701.4	-1703.7	2.30741	0.05418409
3930	-1668.28	-1670.56	2.27537	0.06624955
3940	-1731.15	-1733.4	2.24564	0.04590091
3950	-1724.95	-1727.21	2.26465	0.04747496
3960	-1649.73	-1651.92	2.19668	0.07504373
3970	-1657.25	-1659.48	2.23493	0.07124727
3980	-1597.12	-1598.57	1.44857	0.1226238
3990	-1587.91	-1588.68	0.773001	0.1588475
4000	-1587.92	-1588.61	0.693324	0.1630894
4010	-1593.14	-1594.43	1.28732	0.1313902
4020	-1684.3	-1682.09	-2.21706	0.3321232
4030	-1836.53	-1832.3	-4.23865	0.4752381
4040	-1635.39	-1634.13	-1.26726	0.272925
4050	-1595.66	-1597.05	1.39528	0.1255373
4060	-1630.06	-1632.1	2.04475	0.08701633
4070	-1742.48	-1744.69	2.20316	0.0432007
4080	-1670.64	-1672.92	2.28184	0.06525793
4090	-1669.78	-1672.06	2.27957	0.06561583
4100	-1782.55	-1784.53	1.97912	0.03515518
4110	-1700.08	-1702.39	2.30833	0.05459861
4120	-1618.68	-1620.58	1.90928	0.09597219
4130	-1673.78	-1676.07	2.28937	0.06397072
4140	-1656.82	-1655.1	-1.71985	0.3005531
4150	-1597.76	-1599.23	1.47001	0.1214456
4160	-1626.42	-1628.43	2.0062	0.08966754
4170	-1588.55	-1589.49	0.940359	0.1499448
4180	-1596.25	-1596.19	-0.0517113	0.2032962
4190	-1616.25	-1615.47	-0.777661	0.2441371
4200	-1591.71	-1592.93	1.21158	0.135466
4210	-1591.72	-1591.93	0.212914	0.1888635
4220	-1589.9	-1590.99	1.08693	0.1421359
4230	-1603.66	-1605.3	1.63524	0.1122254
4240	-1598.91	-1600.41	1.50642	0.1194368
4250	-1654.78	-1657	2.2234	0.07245544
4260	-1652.85	-1655.07	2.21372	0.07342335
4270	-1589.93	-1590.29	0.358979	0.1809785
4280	-1648.5	-1650.69	2.18955	0.07569601
4290	-1630.68	-1632.73	2.05098	0.08657811
4300	-1591.67	-1592.88	1.20919	0.1355944
4310	-1667.21	-1669.48	2.27218	0.06670961
4320	-1689.97	-1692.28	2.30975	0.05793905
4330	-1747.87	-1750.05	2.17959	0.04199068
4340	-1791.27	-1793.18	1.91616	0.03366008
4350	-1730.5	-1732.75	2.24777	0.04606211
4360	-1644.27	-1646.43	2.16278	0.0780316
4370	-1733.61	-1735.85	2.23726	0.04529676
4380	-1739.33	-1741.55	2.21596	0.0439304
4390	-1768.02	-1770.09	2.07306	0.03783379
4400	-2041.29	-2039.57	-1.72255	0.0106937
4410	-1618.66	-1620.57	1.90906	0.09598601
4420	-1646.83	-1649.01	2.17935	0.07660497
4430	-1674.05	-1676.34	2.28995	0.06386425
4440	-1726.31	-1728.57	2.26074	0.04712365
4450	-1917.97	-1918.47	0.493966	0.01851007
4460	-1804.9	-1806.7	1.80809	0.03147361
4470	-1636.25	-1638.35	2.102	0.0828608
4480	-1689.62	-1691.93	2.30961	0.05805945
4490	-1674.72	-1677.01	2.29139	0.06359358
4500	-1596.14	-1597.56	1.41364	0.1245358
4510	-1597.44	-1598.9	1.45917	0.1220419
4520	-1589.8	-1590.88	1.07849	0.1425867
4530	-1604.93	-1606.59	1.66491	0.1105364
4540	-1588.7	-1589.2	0.50225	0.17329
4550	-1660.85	-1663.1	2.25007	0.06954592
4560	-1693.81	-1696.12	2.31041	0.05663377
4570	-1833.02	-1834.57	1.54943	0.02747425
4580	-1846.89	-1848.29	1.40472	0.02572188
4590	-1639.91	-1642.04	2.13143	0.08058945
4600	-1717.94	-1720.23	2.28236	0.04934246
4610	-1684.62	-1686.92	2.30625	0.0598311
4620	-1637.91	-1640.02	2.11572	0.08181566
4630	-1602.83	-1604.45	1.615	0.1133713
4640	-1593.45	-1593.55	0.100114	0.1949906
4650	-1614.34	-1616.18	1.84419	0.09999679
4660	-1630.59	-1632.64	2.05007	0.08664218
4670	-1667.72	-1670	2.27373	0.06648868
4680	-1666.39	-1668.66	2.26965	0.06706353
4690	-1718.23	-1720.51	2.28173	0.04926544
4700	-1846.9	-1848.31	1.40459	0.02572037
4710	-1751.52	-1753.69	2.1624	0.04119516
4720	-1602.96	-1604.57	1.61801	0.1132012
4730	-1599.43	-1600.95	1.52224	0.1185602
4740	-1671.81	-1674.1	2.2848	0.06477134
4750	-1605.54	-1605.1	-0.436562	0.224696
4760	-1592.53	-1592.69	0.157664	0.1918602
4770	-1732.52	-1734.76	2.24103	0.04556337
4780	-1645.98	-1648.15	2.17399	0.07707273
4790	-1609.07	-1610.82	1.75157	0.1055227
4800	-1671.96	-1674.25	2.28516	0.06471079
4810	-1598.25	-1599.74	1.48589	0.1205708
4820	-1701.52	-1703.83	2.30732	0.05414521
4830	-1622.99	-1624.96	1.96595	0.09234006
4840	-1590.95	-1591.22	0.270601	0.1857432
4850	-1623.06	-1625.03	1.96683	0.09228261
4860	-1658.23	-1660.47	2.23923	0.07077859
4870	-1597.79	-1599.26	1.47093	0.1213951
4880	-1689.46	-1691.77	2.30955	0.05811426
4890	-1770.89	-1772.94	2.05563	0.03728544
4900	-1953.55	-1953.48	-0.0642843	0.0157648
4910	-1880.15	-1881.17	1.01314	0.02201556
4920	-1694.27	-1696.58	2.31039	0.0564797
4930	-1592.75	-1594.02	1.2679	0.1324374
4940	-1652.59	-1654.8	2.21236	0.07355595
4950	-1682.15	-1684.45	2.30359	0.06073773
4960	-1618.18	-1620.08	1.90224	0.09641378
4970	-1629	-1631.04	2.03398	0.08776714
4980	-1710.32	-1712.62	2.29694	0.051494
4990	-1939.91	-1940.07	0.157548	0.01676071
5000	-1760.92	-1763.03	2.11384	0.03923621
5010	-1908.32	-1908.95	0.633899	0.01934249
5020	-1845.39	-1846.81	1.42085	0.02590444
5030	-1791.58	-1793.49	1.9138	0.03360776
5040	-1610.83	-1612.62	1.78447	0.1035831
5050	-1681.33	-1683.64	2.30256	0.06104037
5060	-1618.04	-1619.94	1.90031	0.09653487
5070	-1635.16	-1637.25	2.09264	0.08356136
5080	-1732.39	-1734.63	2.24149	0.04559594
5090	-1765.48	-1767.57	2.08803	0.03832761
5100	-1612.63	-1614.45	1.81608	0.1016961
5110	-1621.36	-1623.31	1.94544	0.09367003
5120	-1592.97	-1594.25	1.27905	0.1318365
5130	-1637.73	-1639.84	2.11426	0.08192818
5140	-1682.93	-1685.23	2.3045	0.06044855
5150	-1620.69	-1622.62	1.93662	0.09423695
5160	-1668.41	-1670.69	2.27575	0.06619351
5170	-1663.42	-1665.68	2.25969	0.06837599
5180	-1663.86	-1666.12	2.26123	0.06818081
5190	-1598.9	-1600.4	1.50613	0.1194529
5200	-1626.49	-1628.5	2.007	0.08961365
5210	-1641.57	-1643.72	2.14386	0.07959432
5220	-1615.6	-1617.46	1.86409	0.09878075
5230	-1606.78	-1608.49	1.70543	0.1082081
5240	-1599.58	-1601.11	1.52683	0.1183055
5250	-1646.24	-1648.41	2.17564	0.07692936
5260	-1649.05	-1651.25	2.1928	0.07540022
5270	-1752.2	-1754.36	2.15911	0.04104969
5280	-1593.93	-1595.26	1.32402	0.1294075
5290	-1612.39	-1611.72	-0.662613	0.2375264
5300	-1589.44	-1589.85	0.409341	0.1782712
5310	-1619.39	-1621.31	1.91923	0.09534392
5320	-1711.81	-1714.1	2.29448	0.05106282
5330	-1637.86	-1639.97	2.11531	0.08184728
5340	-1633.78	-1635.86	2.08032	0.0844704
5350	-1588.67	-1589.63	0.958426	0.1489834
5360	-1623.81	-1625.79	1.97599	0.09168119
5370	-1594.27	-1595.61	1.33883	0.128605
5380	-1591.3	-1592.49	1.18694	0.1367876
5390	-1700.76	-1703.07	2.30788	0.05438385
5400	-1713.13	-1715.43	2.29214	0.05068472
5410	-1703.02	-1705.32	2.30605	0.05368063
5420	-1671.02	-1673.31	2.28283	0.06509744
5430	-1589.47	-1590.51	1.04816	0.1442041
5440	-1589.2	-1590.22	1.02147	0.1456265
5450	-1595.28	-1596.66	1.38074	0.1263297
5460	-1606.03	-1607.72	1.68944	0.1091298
5470	-1728.91	-1731.16	2.25287	0.04646205
5480	-1649.05	-1651.25	2.19281	0.07539976
5490	-1636.52	-1638.62	2.10429	0.08268785
5500	-1588.12	-1588.98	0.859015	0.1542719
5510	-1598.05	-1599.53	1.47951	0.1209226
5520	-1628.9	-1630.94	2.03294	0.08783921
5530	-1623.9	-1625.87	1.97698	0.09161635
5540	-1762.16	-1764.26	2.10699	0.03898743
5550	-1863.64	-1864.85	1.2153	0.02377404
5560	-1800.27	-1802.12	1.84606	0.03219585
5570	-2011.3	-2010.18	-1.11121	0.01219822
5580	-1913.9	-1914.45	0.553599	0.01885628
5590	-1704.39	-1706.69	2.30471	0.05325963
5600	-1619.01	-1620.93	1.91399	0.09567484
5610	-1712.39	-1714.68	2.29348	0.05089773
5620	-1648.41	-1650.59	2.18898	0.07574708
5630	-1641.54	-1643.68	2.14359	0.07961596
5640	-1588.91	-1589.38	0.47302	0.1748554
5650	-1596.57	-1598	1.42897	0.1236973
5660	-1626.33	-1628.33	2.00516	0.08973766
5670	-1746.9	-1749.08	2.18401	0.04220639
5680	-1648.86	-1651.05	2.19166	0.07550457
5690	-1599.82	-1601.35	1.53371	0.1179234
5700	-1679.73	-1682.03	2.30031	0.06164618
5710	-1590.49	-1591.62	1.13264	0.1396945
5720	-1648.04	-1650.22	2.18676	0.07594683
5730	-1620.79	-1622.73	1.93796	0.09415088
5740	-1690.46	-1692.77	2.30992	0.05776877
5750	-1657.74	-1659.97	2.23709	0.07101293
5760	-1712.65	-1714.95	2.29301	0.05082174
5770	-1639.1	-1641.22	2.12519	0.08108065
5780	-1588.24	-1589.13	0.887191	0.1527733
5790	-1645.54	-1647.71	2.17118	0.07731542
5800	-1637.06	-1639.16	2.10877	0.0823482
5810	-1673.38	-1675.67	2.28848	0.06413305
5820	-1644.8	-1646.97	2.16631	0.07773218
5830	-1733.49	-1735.73	2.23768	0.04532594
5840	-1958.82	-1958.67	-0.152691	0.01539694
5850	-1775.71	-1777.73	2.02511	0.03638655
5860	-1722.16	-1724.43	2.27219	0.04820705
5870	-1631.37	-1633.43	2.05778	0.08609554
5880	-1717.77	-1720.06	2.28274	0.049389
5890	-1632.65	-1634.72	2.06993	0.08522538
5900	-1606.44	-1608.14	1.69812	0.10863
5910	-1678.2	-1680.5	2.29791	0.06222982
5920	-1626.57	-1628.57	2.0078	0.08955943
5930	-1598.52	-1600.01	1.4944	0.120101
5940	-1656.84	-1659.08	2.2331	0.07144385
5950	-1687.93	-1690.24	2.30877	0.05864949
5960	-1860.17	-1861.43	1.25581	0.02416299
5970	-1995.85	-1995.03	-0.814264	0.01305905
5980	-1848.83	-1850.21	1.38358	0.02548697
5990	-1830.12	-1831.7	1.57822	0.02785705
6000	-1808.69	-1810.47	1.77594	0.03089519
6010	-1624.67	-1626.65	1.98612	0.09101159
6020	-1768.25	-1770.32	2.07171	0.03779035
6030	-1849.68	-1851.05	1.3743	0.02538538
6040	-1660.74	-1662.99	2.2496	0.06960089
6050	-1618.1	-1620	1.90115	0.09648261
6060	-1693.27	-1695.58	2.31041	0.05681553
6070	-1587.91	-1588.68	0.769858	0.1590148
6080	-1591.51	-1592.71	1.1997	0.1361036
6090	-1607.52	-1609.24	1.72079	0.1073185
6100	-1680.2	-1682.5	2.301	0.06146772
6110	-1700.72	-1703.03	2.3079	0.05439486
6120	-1624.29	-1626.27	1.98162	0.09130955
6130	-1593.81	-1595.13	1.31856	0.1297027
6140	-1642.89	-1641.46	-1.43421	0.2829983
6150	-1653.78	-1652.12	-1.65974	0.2968246
6160	-1603.12	-1602.77	-0.347722	0.2197085
6170	-1594.52	-1595.87	1.34952	0.1280258
6180	-1588.17	-1589.04	0.871154	0.1536262
6190	-1663.27	-1665.53	2.25914	0.06844439
6200	-1768.52	-1770.59	2.07005	0.03773688
6210	-1750.77	-1752.93	2.16604	0.0413581
6220	-1636.01	-1638.11	2.09996	0.08301458
6230	-1647.5	-1649.69	2.18353	0.0762354
6240	-1670.48	-1672.77	2.28144	0.06532132
6250	-1600.33	-1601.88	1.54847	0.1171021
6260	-1610.36	-1612.14	1.77583	0.1040944
6270	-1782.15	-1784.14	1.98186	0.03522487
6280	-1661.85	-1664.11	2.25393	0.06908644
6290	-1655.85	-1658.08	2.22852	0.07192695
6300	-1667.39	-1669.67	2.27275	0.06662939
6310	-1798.32	-1800.18	1.8617	0.03250685
6320	-1723.1	-1725.37	2.26971	0.04795762
6330	-1649.37	-1651.56	2.19462	0.07523434
6340	-1623.58	-1625.55	1.97317	0.09186711
6350	-1634.56	-1636.65	2.08738	0.08395115
6360	-1686.35	-1688.66	2.30772	0.05920757
6370	-1588.68	-1589.64	0.960065	0.1488962
6380	-1594.34	-1595.68	1.34189	0.1284394
6390	-1695.78	-1698.09	2.31018	0.05598203
6400	-1590.33	-1591.45	1.12051	0.1403427
6410	-1748.51	-1750.68	2.17667	0.04185089
6420	-1796.58	-1798.45	1.87541	0.03278662
6430	-1697.13	-1699.44	2.30979	0.05554325
6440	-1618.41	-1620.32	1.90561	0.09620257
6450	-1711.61	-1713.91	2.29482	0.05112025
6460	-1665.13	-1667.4	2.26557	0.06761524
6470	-1588.3	-1589.2	0.898109	0.1521925
6480	-1664.7	-1666.97	2.26414	0.06780411
6490	-1651.7	-1653.91	2.20765	0.07401167
6500	-1597.87	-1597.74	-0.129519	0.207581
6510	-1599.64	-1601.17	1.52861	0.1182067
6520	-1587.89	-1588.63	0.742347	0.160479
6530	-1593.14	-1593.26	0.119234	0.1939495
6540	-1592.65	-1593.91	1.26268	0.1327184
6550	-1716.98	-1719.26	2.28448	0.04960761
6560	-1635.02	-1637.11	2.09142	0.08365227
6570	-1669.77	-1672.05	2.27955	0.06561941
6580	-1589.35	-1589.77	0.41885	0.1777606
6590	-1618.93	-1618.08	-0.853484	0.2485249
6600	-1588.32	-1589.22	0.901511	0.1520115
6610	-1666.6	-1668.87	2.27031	0.06697195
6620	-1654.22	-1656.44	2.22063	0.07273561
6630	-1625.05	-1627.04	1.99062	0.09071212
6640	-1610.28	-1612.05	1.77434	0.1041827
6650	-1683.53	-1685.84	2.30516	0.0602269
6660	-1658.36	-1660.6	2.23979	0.0707172
6670	-1669.6	-1671.88	2.27908	0.06569124
6680	-1669.16	-1671.44	2.27787	0.06587702
6690	-1590.15	-1591.25	1.10672	0.1410795
6700	-1628.31	-1630.33	2.02667	0.08827186
6710	-1611.73	-1613.53	1.80044	0.1026327
6720	-1592.88	-1594.15	1.27436	0.1320891
6730	-1589.45	-1589.86	0.408131	0.1783361
6740	-1610.74	-1612.52	1.78276	0.1036845
6750	-1635.31	-1637.4	2.09395	0.08346427
6760	-1589.96	-1591.05	1.09159	0.1418874
6770	-1590.37	-1590.69	0.318465	0.1831604
6780	-1597.62	-1599.08	1.46527	0.1217064
6790	-1610.48	-1612.26	1.7781	0.10396
6800	-1601.34	-1601.06	-0.278071	0.2158188
6810	-1592.25	-1592.43	0.176311	0.1908479
6820	-1628.3	-1630.32	2.02659	0.0882776
6830	-1755.38	-1757.52	2.14321	0.04037598
6840	-1766.89	-1768.97	2.07979	0.03805286
6850	-1681.76	-1684.07	2.30311	0.06088042
6860	-1724.59	-1726.86	2.26565	0.04756819
6870	-1781.92	-1783.91	1.98346	0.03526588
6880	-1772.34	-1774.39	2.04661	0.03701202
6890	-1670.92	-1673.21	2.28258	0.06513881
6900	-1588.13	-1588.99	0.859879	0.1542259
6910	-1612.46	-1614.27	1.81303	0.1018791
6920	-1661.51	-1663.76	2.25263	0.06924286
6930	-1654.46	-1656.68	2.22184	0.07261423
6940	-1659.75	-1662	2.24564	0.07005927
6950	-1847.65	-1849.05	1.39646	0.02562954
6960	-1637.42	-1639.54	2.11179	0.08211724
6970	-1602.33	-1603.94	1.60233	0.1140854
6980	-1643.13	-1645.28	2.15495	0.07868569
6990	-1736.79	-1739.01	2.22573	0.04453048
7000	-1591.57	-1592.77	1.20319	0.1359161
7010	-1605.95	-1607.64	1.6877	0.1092299
7020	-1630.15	-1632.2	2.0457	0.08694935
7030	-1669.81	-1672.09	2.27964	0.06560507
7040	-1641.52	-1643.66	2.14348	0.07962559
7050	-1609.07	-1608.51	-0.557169	0.231516
7060	-1589.55	-1590.6	1.05574	0.1438001
7070	-1617.64	-1619.54	1.89456	0.09689417
7080	-1588.94	-1589.94	0.993017	0.147142
7090	-1587.9	-1588.62	0.720039	0.1616666
7100	-1611.15	-1610.53	-0.624071	0.2353242
7110	-1667.51	-1665.58	-1.92201	0.3132303
7120	-1633.74	-1635.82	2.08004	0.08449087
7130	-1688.45	-1690.76	2.30907	0.05846578
7140	-1601.21	-1602.78	1.57265	0.1157516
7150	-1608.17	-1609.9	1.73387	0.1065574
7160	-1633.98	-1636.06	2.08214	0.08433692
7170	-1588.33	-1589.24	0.904798	0.1518367
7180	-1638.37	-1640.49	2.11942	0.08152966
7190	-1654.31	-1656.53	2.22109	0.0726892
7200	-1709.69	-1711.99	2.2979	0.05167615
7210	-1790.82	-1792.74	1.91951	0.03373484
7220	-1699.61	-1701.92	2.30862	0.05474748
7230	-1833.8	-1835.34	1.54162	0.02737244
7240	-1830.96	-1832.53	1.57	0.02774644
7250	-1735.28	-1737.51	2.23129	0.04489119
7260	-1603.06	-1604.68	1.62058	0.1130556
7270	-1672.29	-1674.58	2.28595	0.06457665
7280	-1885.25	-1886.2	0.947689	0.02150261
7290	-1935.03	-1935.26	0.23466	0.01713401
7300	-1835.53	-1837.06	1.52403	0.02714666
7310	-1784.59	-1786.55	1.96485	0.03479871
7320	-1666.32	-1668.59	2.26944	0.06709315
7330	-1616.04	-1617.91	1.87079	0.09836869
7340	-1601.67	-1603.25	1.58501	0.1150594
7350	-1679.68	-1681.98	2.30024	0.06166479
7360	-1772.81	-1774.86	2.04362	0.03692292
7370	-1632.4	-1634.46	2.06756	0.08539594
7380	-1593.09	-1594.37	1.28475	0.1315288
7390	-1607.39	-1609.11	1.71807	0.1074764
7400	-1595.85	-1597.25	1.40247	0.1251454
7410	-1633.47	-1635.54	2.0775	0.08467617
7420	-1630.28	-1632.33	2.04699	0.08685894
7430	-1639.37	-1641.5	2.12732	0.08091327
7440	-1754.32	-1756.47	2.14861	0.04059979
7450	-1928.74	-1929.07	0.332142	0.01762832
7460	-1638.63	-1640.75	2.12152	0.08136675
7470	-1671.05	-1673.33	2.2829	0.06508679
7480	-1626.58	-1628.58	2.00793	0.08955059
7490	-1627.07	-1629.08	2.01336	0.08918266
7500	-1635.98	-1638.08	2.09971	0.083033
7510	-1636.57	-1638.67	2.10469	0.08265796
7520	-1705.78	-1708.08	2.30317	0.05283732
7530	-1591.4	-1592.6	1.19303	0.1364613
7540	-1650.17	-1652.37	2.1992	0.07481039
7550	-1639.61	-1641.74	2.12919	0.08076649
7560	-1589.09	-1590.1	1.00994	0.1462409
7570	-1603.32	-1604.94	1.62692	0.1126971
7580	-1703.38	-1705.69	2.30572	0.05356874
7590	-1664.4	-1666.66	2.26311	0.06793855
7600	-1614.07	-1615.91	1.83982	0.1002621
7610	-1670.36	-1672.64	2.28112	0.0653732
7620	-1589.95	-1591.04	1.09056	0.1419425
7630	-1588.2	-1589.07	0.876454	0.1533443
7640	-1668.13	-1670.41	2.27494	0.06631369
7650	-1719.42	-1721.7	2.27897	0.04894024
7660	-1631.75	-1633.81	2.06143	0.08583594
7670	-1649.32	-1647.75	-1.56951	0.2912625
7680	-1607.92	-1607.4	-0.518975	0.22935
7690	-1678.96	-1676.83	-2.12584	0.3262319
7700	-1603.09	-1602.74	-0.346454	0.2196375
7710	-1590.9	-1592.07	1.16125	0.1381638
7720	-1589.64	-1590.7	1.06398	0.1433603
7730	-1655.91	-1658.14	2.22878	0.0718993
7740	-1603.96	-1605.6	1.64241	0.1118187
7750	-1655.31	-1653.62	-1.69014	0.2987081
7760	-1591.85	-1593.07	1.21939	0.1350465
7770	-1596.74	-1598.17	1.43513	0.1233601
7780	-1627.04	-1629.06	2.01308	0.08920132
7790	-1588.46	-1589.39	0.927066	0.1506521
7800	-1612.25	-1611.59	-0.658482	0.2372901
7810	-1592.4	-1593.65	1.24985	0.1334093
7820	-1612.62	-1614.44	1.81585	0.1017097
7830	-1603.19	-1604.81	1.6238	0.1128738
7840	-1657.13	-1659.37	2.23441	0.07130347
7850	-1603.55	-1605.18	1.63245	0.1123839
7860	-1651.49	-1649.88	-1.61387	0.2939917
7870	-1592	-1593.23	1.22798	0.1345853
7880	-1692.57	-1694.88	2.31036	0.05705053
7890	-1600.29	-1601.83	1.54714	0.1171765
7900	-1591.73	-1591.94	0.212572	0.188882
7910	-1597	-1598.44	1.44424	0.122861
7920	-1589.87	-1590.96	1.08442	0.1422703
7930	-1613.83	-1613.13	-0.706553	0.2400446
7940	-1667.36	-1669.63	2.27265	0.06664343
7950	-1658.97	-1661.21	2.2424	0.07042634
7960	-1758.3	-1760.43	2.12799	0.03976989
7970	-1587.9	-1588.66	0.760556	0.1595098
7980	-1799.81	-1795.99	-3.82048	0.4435565
7990	-1597.39	-1597.28	-0.106896	0.2063331
8000	-1621.98	-1621.04	-0.936311	0.2533468
8010	-1859.33	-1854.84	-4.48378	0.4943464
8020	-1850.08	-1845.69	-4.38552	0.4866384
8030	-1605.03	-1604.61	-0.418466	0.2236777
8040	-1594.88	-1594.9	0.0189858	0.1994199
8050	-1596.93	-1596.84	-0.0852041	0.2051382
8060	-1679.38	-1681.68	2.29978	0.06177999
8070	-1756.82	-1758.95	2.13581	0.04007664
8080	-1666.65	-1668.92	2.27046	0.06695208
8090	-1599.52	-1601.04	1.52492	0.1184117
8100	-1591.63	-1592.84	1.20679	0.1357229
8110	-1598.38	-1599.87	1.4899	0.1203497
8120	-1587.98	-1588.64	0.662026	0.1647571
8130	-1623.54	-1625.51	1.97264	0.09190176
8140	-1683.1	-1685.4	2.30469	0.06038593
8150	-1630.52	-1632.57	2.0494	0.08668956
8160	-1670.63	-1672.91	2.28181	0.06526253
8170	-1688.21	-1690.52	2.30893	0.05855106
8180	-1649.19	-1651.38	2.19358	0.07532925
8190	-1838.94	-1840.43	1.48905	0.02671021
8200	-1692.36	-1694.67	2.31034	0.0571226
8210	-1678.25	-1680.55	2.29799	0.06221017
8220	-1598.4	-1599.89	1.49068	0.1203064
8230	-1609.76	-1611.52	1.76461	0.1047569
8240	-1588	-1588.65	0.650688	0.1653615
8250	-1594.86	-1596.22	1.36356	0.1272635
8260	-1593.9	-1595.22	1.32242	0.1294937
8270	-1616.81	-1618.69	1.8824	0.09765055
8280	-1650.09	-1652.29	2.19877	0.07485014
8290	-1630.39	-1632.44	2.04809	0.08678135
8300	-1838.9	-1840.39	1.48942	0.02671474
8310	-1752.82	-1754.97	2.1561	0.0409185
8320	-1663.67	-1665.93	2.26057	0.06826399
8330	-1591.75	-1592.96	1.21358	0.1353588
8340	-1657.73	-1659.97	2.23706	0.07101673
8350	-1791.09	-1793.01	1.91744	0.03368866
8360	-1834.46	-1836	1.53487	0.0272853
8370	-1642.07	-1644.21	2.14743	0.07930386
8380	-1595.57	-1595.55	-0.0173261	0.2014089
8390	-1621.09	-1623.03	1.94192	0.09389672
8400	-1799.93	-1801.78	1.84883	0.0322503
8410	-1727.04	-1729.3	2.25859	0.04693669
8420	-1691.27	-1693.58	2.31014	0.0574911
8430	-1673.81	-1676.1	2.28944	0.06395839
8440	-1588.26	-1589.15	0.890756	0.1525836
8450	-1636.43	-1638.53	2.10354	0.08274484
8460	-1613.01	-1614.83	1.8224	0.1013155
8470	-1588.28	-1588.86	0.575239	0.1693875
8480	-1595.25	-1596.63	1.37933	0.1264064
8490	-1631.01	-1633.06	2.05421	0.08634962
8500	-1721.17	-1723.44	2.27472	0.04847088
8510	-1674.13	-1676.42	2.29012	0.06383213
8520	-1618.61	-1620.52	1.9084	0.09602722
8530	-1613.55	-1615.38	1.83136	0.1007749
8540	-1628.58	-1630.61	2.02953	0.08807479
8550	-1637.02	-1639.13	2.10846	0.08237147
8560	-1625.77	-1627.77	1.99888	0.09016023
8570	-1732.73	-1734.97	2.24032	0.04551197
8580	-1612.82	-1614.64	1.81922	0.101507
8590	-1622.7	-1624.66	1.96234	0.09257556
8600	-1652.83	-1655.04	2.21359	0.07343629
8610	-1652.82	-1655.04	2.21357	0.07343754
8620	-1627.91	-1629.93	2.02248	0.08855991
8630	-1625.7	-1624.67	-1.03312	0.2590219
8640	-1608.59	-1608.04	-0.541227	0.2306112
8650	-1590.53	-1591.67	1.13568	0.139532
8660	-1588.31	-1588.88	0.569969	0.169669
8670	-1592	-1592.19	0.193268	0.1899282
8680	-1590.92	-1591.19	0.272958	0.1856159
8690	-1597.18	-1597.08	-0.0971987	0.2057987
8700	-1590.88	-1592.04	1.15962	0.138251
8710	-1595.07	-1596.45	1.37241	0.1267824
8720	-1587.99	-1588.81	0.817723	0.1564682
8730	-1597.91	-1599.38	1.47479	0.1211824
8740	-1686.73	-1689.04	2.308	0.05907233
8750	-1768.23	-1770.3	2.0718	0.03779323
8760	-1685.32	-1687.62	2.30688	0.05957876
8770	-1956.36	-1956.25	-0.111209	0.01556763
8780	-1727.42	-1729.68	2.25743	0.04683838
8790	-1802.82	-1804.65	1.82528	0.03179505
8800	-1679.62	-1681.92	2.30015	0.06168767
8810	-1618.18	-1620.08	1.90223	0.09641473
8820	-1661.55	-1663.81	2.25278	0.06922383
8830	-1760.81	-1762.92	2.11446	0.03925937
8840	-1854.29	-1855.62	1.32293	0.02483903
8850	-1928.29	-1928.63	0.339018	0.01766419
8860	-1819.7	-1821.38	1.67782	0.02928865
8870	-1722.73	-1725	2.2707	0.04805613
8880	-1762.07	-1764.17	2.10749	0.03900535
8890	-1858.09	-1859.37	1.27975	0.02439949
8900	-1834.61	-1836.14	1.53344	0.02726684
8910	-1947.19	-1947.23	0.040427	0.01622124
8920	-1954.75	-1954.67	-0.0843671	0.01567988
8930	-1733.95	-1736.18	2.23608	0.04521468
8940	-1613.06	-1614.88	1.82327	0.1012632
8950	-1651.93	-1654.14	2.20886	0.07389536
8960	-1652.04	-1654.25	2.20944	0.07383997
8970	-1666.42	-1668.69	2.26973	0.06705264
8980	-1588.38	-1589.3	0.913423	0.1513779
8990	-1596.29	-1597.71	1.41912	0.124236
9000	-1643.77	-1645.93	2.15936	0.07831868
9010	-1639.8	-1641.93	2.13061	0.08065435
9020	-1678.47	-1680.77	2.29835	0.06212561
9030	-1784.5	-1786.47	1.96544	0.0348132
9040	-1709.94	-1712.24	2.29752	0.05160276
9050	-1729.8	-1732.05	2.25005	0.04623873
9060	-1675.22	-1677.51	2.29241	0.06339547
9070	-1693.69	-1696	2.31042	0.05667297
9080	-1624.63	-1626.62	1.98572	0.09103844
9090	-1600.1	-1601.64	1.54194	0.117466
9100	-1628.36	-1630.39	2.02727	0.08823097
9110	-1590.2	-1591.32	1.11117	0.1408416
9120	-1603.38	-1605.01	1.62838	0.1126147
9130	-1594.52	-1595.87	1.34976	0.1280126
9140	-1661.87	-1664.12	2.25398	0.06908005
9150	-1610.92	-1612.7	1.78602	0.1034911
9160	-1631.08	-1633.13	2.05488	0.08630152
9170	-1670.18	-1672.46	2.28063	0.06544957
9180	-1589.93	-1590.29	0.358838	0.1809861
9190	-1590.22	-1591.34	1.11265	0.1407625
9200	-1673.43	-1675.72	2.28859	0.06411326
9210	-1632.31	-1634.38	2.06679	0.08545161
9220	-1700.4	-1702.7	2.30813	0.05449817
9230	-1609.48	-1611.24	1.75948	0.1050587
9240	-1622.74	-1624.7	1.96286	0.0925413
9250	-1625.37	-1627.37	1.99432	0.09046515
9260	-1751.85	-1754.01	2.16083	0.04112533
9270	-1665.55	-1667.82	2.26695	0.06743122
9280	-1788.26	-1790.2	1.93838	0.03416589
9290	-1624.3	-1626.28	1.98183	0.09129596
9300	-1686.69	-1688.99	2.30797	0.05908889
9310	-1741.67	-1743.88	2.20651	0.04338646
9320	-1626.68	-1628.69	2.00908	0.08947282
9330	-1716.79	-1719.07	2.28489	0.0496602
9340	-1750.56	-1752.72	2.16704	0.04140361
9350	-1617.98	-1619.88	1.89948	0.09658719
9360	-1646.99	-1649.17	2.18039	0.07651381
9370	-1734.85	-1737.09	2.23284	0.04499484
9380	-1612.5	-1614.31	1.81379	0.1018337
9390	-1596.94	-1598.38	1.44205	0.1229812
9400	-1611.13	-1612.92	1.78983	0.1032644
9410	-1603.78	-1605.42	1.63809	0.1120637
9420	-1588.4	-1588.95	0.55143	0.1706596
9430	-1587.9	-1588.66	0.759479	0.1595671
9440	-1588.03	-1588.86	0.831661	0.1557269
9450	-1687.63	-1689.94	2.30859	0.05875518
9460	-1665.46	-1667.72	2.26665	0.06747124
9470	-1648.4	-1650.59	2.18896	0.07574936
9480	-1604.03	-1605.67	1.64401	0.1117275
9490	-1590.83	-1591.99	1.1565	0.1384181
9500	-1639.03	-1641.16	2.12469	0.08111992
9510	-1722.58	-1724.85	2.27109	0.04809514
9520	-1590.18	-1591.28	1.1089	0.1409629
9530	-1718.6	-1720.89	2.28087	0.04916215
9540	-1591.55	-1591.78	0.22505	0.1882064
9550	-1626.39	-1628.39	2.0058	0.08969464
9560	-1718.77	-1721.05	2.28049	0.04911719
9570	-1691.26	-1693.57	2.31014	0.0574948
9580	-1640.73	-1642.86	2.13762	0.08009659
9590	-1624.27	-1626.25	1.98145	0.09132076
9600	-1786.07	-1788.02	1.9543	0.03454236
9610	-1740.44	-1742.65	2.21156	0.04367272
9620	-1663.66	-1665.92	2.26052	0.06827124
9630	-1820.03	-1821.71	1.67476	0.02924189
9640	-1709.29	-1711.58	2.29852	0.05179554
9650	-1726.35	-1728.61	2.26061	0.04711215
9660	-1600.75	-1602.31	1.56022	0.116447
9670	-1662.85	-1665.11	2.25764	0.06863154
9680	-1625.05	-1627.04	1.99061	0.09071268
9690	-1625.75	-1627.74	1.99859	0.09017978
9700	-1626.53	-1625.48	-1.0542	0.2602631
9710	-1639.65	-1641.78	2.12944	0.08074634
9720	-1633.26	-1635.33	2.07557	0.08481666
9730	-1877.52	-1878.57	1.0464	0.02228598
9740	-1625.63	-1627.62	1.99721	0.09027181
9750	-1638.31	-1640.43	2.11898	0.08156408
9760	-1588.16	-1588.76	0.602611	0.167926
9770	-1596.04	-1597.44	1.40957	0.1247578
9780	-1638.94	-1641.06	2.12393	0.08117863
9790	-1631.39	-1633.44	2.0579	0.08608727
9800	-1694.77	-1697.08	2.31035	0.05631492
9810	-1599.56	-1601.08	1.52605	0.1183492
9820	-1682.79	-1685.1	2.30435	0.06049826
9830	-1653.01	-1655.23	2.21455	0.07334125
9840	-1660.91	-1663.16	2.25028	0.06952099
9850	-1613.18	-1615	1.82522	0.1011455
9860	-1746.99	-1749.17	2.18359	0.04218549
9870	-1680.21	-1682.51	2.30103	0.06146206
9880	-1643.1	-1645.26	2.15475	0.07870216
9890	-1638.57	-1640.69	2.12101	0.08140656
9900	-1607.23	-1608.95	1.71482	0.1076647
9910	-1739.1	-1736.06	-3.04781	0.3879386
9920	-1605.12	-1604.7	-0.42165	0.2238568
9930	-1635.39	-1634.12	-1.26717	0.2729194
9940	-1710.01	-1707.39	-2.62758	0.3592086
9950	-1595.52	-1595.51	-0.0149492	0.2012786
9960	-1589.12	-1590.14	1.01351	0.1460505
9970	-1647.81	-1646.27	-1.5383	0.2893476
9980	-1649.69	-1648.11	-1.57712	0.2917298
9990	-1588.02	-1588.66	0.644961	0.1656668
10000	-1589.41	-1590.45	1.04255	0.1445034
