Iteration	Posterior	Likelihood	Prior	birth_rate
0	-1594.42	-1595.77	1.34534	0.1282523
10	-1602.39	-1603.99	1.60373	0.1140065
20	-1613.5	-1615.33	1.83053	0.1008252
30	-1679.8	-1682.1	2.30042	0.06162032
40	-1696.6	-1698.91	2.30996	0.05571578
50	-1729.23	-1731.49	2.25184	0.04637947
60	-1808.37	-1810.15	1.77868	0.03094343
70	-1669.58	-1671.86	2.27902	0.06570034
80	-1679.52	-1681.82	2.30001	0.06172397
90	-1718.97	-1721.25	2.28002	0.0490621
100	-1721.33	-1723.61	2.27431	0.04842713
110	-1702.66	-1704.97	2.30637	0.05378931
120	-1709.2	-1711.5	2.29864	0.05182064
130	-1637.95	-1640.06	2.11606	0.08178936
140	-1626.22	-1628.23	2.00399	0.08981628
150	-1591.74	-1592.96	1.21323	0.1353773
160	-1596.57	-1598	1.42902	0.1236949
170	-1600.4	-1601.95	1.55027	0.1170021
180	-1600.37	-1601.92	1.54963	0.1170374
190	-1588.24	-1588.82	0.584164	0.1689109
200	-1603.9	-1605.54	1.64088	0.1119053
210	-1588.04	-1588.87	0.834637	0.1555686
220	-1643.43	-1641.98	-1.44583	0.2837044
230	-1588.54	-1589.07	0.52709	0.1719609
240	-1754.89	-1751.63	-3.26054	0.4028836
250	-1588.83	-1589.81	0.979786	0.1478464
260	-1604.27	-1605.92	1.64966	0.1114063
270	-1692.78	-1695.09	2.31038	0.05697822
280	-1615.28	-1617.14	1.8591	0.09908656
290	-1606.09	-1607.78	1.69061	0.109063
300	-1590.25	-1591.36	1.11458	0.1406594
310	-1681.15	-1683.45	2.30232	0.06110937
320	-1708.96	-1711.26	2.29899	0.05189029
330	-1765.55	-1767.64	2.08761	0.03831356
340	-1619.89	-1621.81	1.92593	0.0949188
350	-1795.05	-1796.94	1.88731	0.03303495
360	-1766.86	-1768.94	2.07998	0.03805924
370	-1665.05	-1667.31	2.26529	0.06765287
380	-1687.99	-1690.3	2.30881	0.05862736
390	-1614.85	-1616.7	1.85238	0.09949784
400	-1636.48	-1638.58	2.10396	0.0827129
410	-1645.09	-1647.26	2.16825	0.07756687
420	-1660.74	-1662.99	2.24964	0.06959667
430	-1594.43	-1595.77	1.34556	0.1282402
440	-1624.07	-1626.05	1.97901	0.09148226
450	-1640.51	-1642.65	2.13602	0.08022475
460	-1644.02	-1646.18	2.16108	0.07817426
470	-1764.78	-1766.87	2.09211	0.03846633
480	-1654.57	-1656.79	2.22235	0.0725619
490	-1642.87	-1645.02	2.15312	0.07883709
500	-1685.15	-1687.46	2.30674	0.05963943
510	-1705.47	-1707.77	2.30353	0.0529313
520	-1799.89	-1801.74	1.8491	0.03225561
530	-1828.69	-1830.28	1.59231	0.02804923
540	-1906.22	-1906.88	0.663612	0.01952856
550	-1845.55	-1846.97	1.41917	0.02588526
560	-1829.44	-1831.02	1.58499	0.02794898
570	-1749.85	-1752.02	2.17038	0.0415566
580	-1706.6	-1708.9	2.30219	0.05259156
590	-1648.74	-1650.93	2.19095	0.07556896
600	-1587.89	-1588.62	0.72401	0.1614552
610	-1590.84	-1592	1.15704	0.1383893
620	-1609.12	-1610.88	1.75257	0.1054646
630	-1631.21	-1633.26	2.05614	0.08621243
640	-1665.15	-1667.41	2.26562	0.06760887
650	-1598.39	-1599.88	1.49045	0.1203194
660	-1635.73	-1637.83	2.09757	0.08319407
670	-1659.9	-1662.15	2.24625	0.06998998
680	-1720.41	-1722.68	2.2766	0.04867482
690	-1682.13	-1684.44	2.30357	0.06074301
700	-1802.83	-1804.66	1.8252	0.03179352
710	-1741.79	-1743.99	2.20605	0.04336052
720	-1634.38	-1636.46	2.08573	0.08407285
730	-1817.12	-1818.82	1.70148	0.0296563
740	-1701.59	-1703.9	2.30726	0.0541226
750	-1641.6	-1643.74	2.14407	0.07957744
760	-1712.85	-1715.14	2.29266	0.05076504
770	-1611.75	-1613.55	1.80081	0.1026103
780	-1660.63	-1662.88	2.24919	0.06964923
790	-1748.61	-1750.79	2.17618	0.04182777
800	-1784.2	-1786.17	1.96757	0.03486582
810	-1832.08	-1833.64	1.55883	0.02759782
820	-1638.24	-1640.36	2.1184	0.08160884
830	-1666.48	-1668.75	2.26994	0.0670237
840	-1635.46	-1637.56	2.09529	0.08336386
850	-1609.49	-1611.25	1.7595	0.1050575
860	-1602.77	-1604.39	1.61343	0.1134598
870	-1717.92	-1720.2	2.28242	0.04934909
880	-1793.77	-1795.67	1.89717	0.0332449
890	-1894.9	-1895.72	0.819938	0.02056802
900	-1737.27	-1739.49	2.22392	0.04441616
910	-1758.76	-1760.89	2.12555	0.03967573
920	-1616.21	-1618.09	1.87345	0.09820434
930	-1675.61	-1677.91	2.29319	0.06324022
940	-1693.9	-1696.21	2.31041	0.05660302
950	-1593.56	-1593.66	0.0936745	0.1953415
960	-1608.83	-1608.29	-0.549465	0.2310786
970	-1617.48	-1619.37	1.89224	0.0970393
980	-1651.17	-1649.56	-1.60739	0.2935922
990	-1753.76	-1750.52	-3.24571	0.4018328
1000	-1607.91	-1607.39	-0.518552	0.2293261
1010	-1631.38	-1633.44	2.05788	0.08608874
1020	-1611.63	-1613.43	1.7987	0.1027366
1030	-1767.57	-1769.65	2.07573	0.0379202
1040	-1746.34	-1748.52	2.18652	0.04233077
1050	-1681.84	-1684.15	2.30321	0.06085073
1060	-1753.32	-1755.48	2.15358	0.04081007
1070	-1681.5	-1683.8	2.30277	0.06097975
1080	-1616.49	-1618.37	1.87767	0.09794345
1090	-1591.48	-1591.71	0.230172	0.1879291
1100	-1599.29	-1600.8	1.51798	0.1187966
1110	-1779.59	-1781.59	1.99936	0.03568065
1120	-1768.84	-1770.91	2.06813	0.03767582
1130	-1720.04	-1722.31	2.2775	0.04877425
1140	-1741.54	-1743.75	2.20707	0.04341748
1150	-1630.87	-1632.92	2.05285	0.08644545
1160	-1605.63	-1607.31	1.68055	0.1096409
1170	-1638.27	-1640.39	2.11868	0.08158734
1180	-1597.73	-1599.19	1.46882	0.1215113
1190	-1588	-1588.82	0.819599	0.1563685
1200	-1683.6	-1681.39	-2.2051	0.3313483
1210	-1605.85	-1607.54	1.6855	0.1093567
1220	-1636.38	-1638.48	2.1031	0.08277807
1230	-1732.59	-1734.83	2.2408	0.04554668
1240	-1600.91	-1602.48	1.56471	0.1161962
1250	-1673.87	-1676.16	2.28956	0.06393555
1260	-1664.14	-1666.4	2.26221	0.0680551
1270	-1606.67	-1608.37	1.70298	0.1083495
1280	-1631.26	-1633.31	2.05663	0.08617756
1290	-1696.78	-1699.09	2.30991	0.05565523
1300	-1656.69	-1658.92	2.23239	0.07151864
1310	-1682.01	-1684.32	2.30342	0.06078783
1320	-1905.11	-1905.79	0.679292	0.01962816
1330	-1912.16	-1912.74	0.578786	0.01900624
1340	-1844.26	-1845.69	1.43298	0.02604368
1350	-1602.78	-1604.39	1.61353	0.1134539
1360	-1588.18	-1588.78	0.596977	0.1682268
1370	-1656.17	-1658.4	2.23002	0.07176962
1380	-1668.55	-1670.83	2.27615	0.0661347
1390	-1607.14	-1608.86	1.71297	0.1077719
1400	-1618.91	-1620.82	1.9125	0.09576926
1410	-1747.93	-1750.11	2.1793	0.04197659
1420	-1821.27	-1822.93	1.66322	0.02906741
1430	-1784.15	-1786.12	1.96789	0.0348739
1440	-1599.14	-1600.65	1.51351	0.1190444
1450	-1587.9	-1588.61	0.71264	0.1620606
1460	-1795.6	-1797.48	1.88307	0.03294591
1470	-1692.76	-1695.07	2.31038	0.05698718
1480	-1656.47	-1658.7	2.23137	0.07162695
1490	-1708.67	-1710.97	2.29941	0.05197619
1500	-1629.79	-1631.84	2.0421	0.08720159
1510	-1622.61	-1624.57	1.96119	0.09265014
1520	-1615.1	-1616.96	1.85629	0.09925865
1530	-1633.52	-1635.6	2.07799	0.08464032
1540	-1590.29	-1590.61	0.326065	0.1827508
1550	-1601.88	-1603.47	1.5907	0.1147396
1560	-1635.75	-1637.85	2.09775	0.08318055
1570	-1699.97	-1702.28	2.3084	0.05463302
1580	-1743.41	-1745.61	2.19925	0.04298901
1590	-1625.97	-1627.97	2.00114	0.09000826
1600	-1591.03	-1592.2	1.16972	0.13771
1610	-1611.29	-1610.66	-0.62835	0.2355684
1620	-1599.57	-1601.09	1.52634	0.1183332
1630	-1684.57	-1686.88	2.30621	0.05984819
1640	-1610.06	-1611.83	1.77026	0.1044239
1650	-1695.18	-1697.49	2.31029	0.05617973
1660	-1602.54	-1604.15	1.60755	0.1137912
1670	-1620.29	-1622.22	1.93133	0.09457462
1680	-1588.32	-1589.22	0.90244	0.1519621
1690	-1613.99	-1615.83	1.83866	0.1003329
1700	-1682.17	-1684.48	2.30362	0.0607283
1710	-1634.81	-1636.9	2.08954	0.08379208
1720	-1628.35	-1630.38	2.02716	0.08823813
1730	-1591.56	-1592.76	1.20255	0.1359506
1740	-1675.8	-1678.09	2.29356	0.06316671
1750	-1615.11	-1616.96	1.85643	0.09925012
1760	-1675.2	-1677.49	2.29236	0.06340537
1770	-1707.42	-1709.73	2.30113	0.05234508
1780	-1720.04	-1722.32	2.27748	0.04877221
1790	-1690.74	-1693.05	2.31	0.05767232
1800	-1754.16	-1756.31	2.1494	0.04063295
1810	-1704.36	-1706.66	2.30474	0.05326828
1820	-1748.37	-1750.55	2.17727	0.04187967
1830	-1623.4	-1625.37	1.97096	0.09201158
1840	-1618.08	-1617.25	-0.829642	0.2471425
1850	-1593.95	-1595.28	1.32498	0.1293554
1860	-1752.31	-1749.08	-3.22645	0.4004705
1870	-1590.87	-1591.15	0.277162	0.1853888
1880	-1608.46	-1610.2	1.7397	0.1062177
1890	-1588.82	-1589.8	0.978459	0.1479171
1900	-1655.75	-1657.98	2.22806	0.07197493
1910	-1625.02	-1627.01	1.99019	0.09074071
1920	-1588.37	-1588.92	0.557832	0.1703174
1930	-1620.59	-1619.69	-0.898904	0.2511653
1940	-1589.67	-1590.06	0.384367	0.179613
1950	-1633.67	-1635.75	2.07939	0.08453845
1960	-1602.66	-1604.27	1.61069	0.1136142
1970	-1636.18	-1638.28	2.1014	0.08290587
1980	-1689.29	-1691.59	2.30947	0.05817487
1990	-1590.21	-1591.32	1.11172	0.1408123
2000	-1591.01	-1592.18	1.16835	0.1377835
2010	-1603.17	-1604.8	1.62337	0.1128978
2020	-1620.03	-1621.96	1.92786	0.09479571
2030	-1597.2	-1598.65	1.45121	0.122479
2040	-1589.16	-1589.6	0.441186	0.176562
2050	-1617.25	-1616.44	-0.806196	0.2457855
2060	-1588.2	-1588.79	0.593109	0.1684333
2070	-1589.29	-1590.32	1.03073	0.1451331
2080	-1670.98	-1673.27	2.28273	0.06511347
2090	-1746.54	-1748.73	2.1856	0.042285
2100	-1608.18	-1609.92	1.73413	0.1065426
2110	-1605.85	-1607.53	1.68532	0.1093669
2120	-1636.55	-1638.65	2.10451	0.08267162
2130	-1730.58	-1732.82	2.24752	0.04604349
2140	-1747.45	-1749.63	2.1815	0.04208348
2150	-1602.25	-1603.85	1.60019	0.1142061
2160	-1613.1	-1614.92	1.82388	0.1012264
2170	-1624.1	-1626.08	1.97937	0.09145858
2180	-1687.38	-1689.69	2.30844	0.05884094
2190	-1708	-1710.3	2.30036	0.05217442
2200	-1859.36	-1860.62	1.26524	0.02425558
2210	-1938.55	-1938.73	0.179234	0.01686418
2220	-1667.27	-1669.54	2.27237	0.06668379
2230	-1627.64	-1629.66	2.01958	0.08875842
2240	-1640.4	-1642.54	2.13521	0.08028899
2250	-1600.41	-1601.96	1.55061	0.1169828
2260	-1609.83	-1611.6	1.76605	0.1046716
2270	-1593.29	-1594.58	1.29438	0.1310094
2280	-1655.05	-1657.27	2.2247	0.0723226
2290	-1626.39	-1628.4	2.00587	0.08968935
2300	-1643.55	-1645.7	2.15784	0.07844573
2310	-1630.01	-1632.05	2.04423	0.08705263
2320	-1723.35	-1725.62	2.26906	0.04789324
2330	-1713.08	-1715.37	2.29224	0.05069921
2340	-1656.39	-1658.62	2.23101	0.0716656
2350	-1594.26	-1595.6	1.33846	0.1286253
2360	-1596.08	-1597.49	1.41118	0.1246699
2370	-1725.63	-1727.89	2.26271	0.047298
2380	-1810.94	-1812.7	1.75647	0.03055827
2390	-1641.81	-1643.95	2.14558	0.0794549
2400	-1633.52	-1635.6	2.07798	0.08464119
2410	-1631.84	-1633.9	2.06224	0.08577765
2420	-1686.64	-1688.94	2.30793	0.05910655
2430	-1615.97	-1617.84	1.8697	0.09843524
2440	-1684.9	-1687.2	2.30651	0.05973013
2450	-1618.09	-1619.99	1.90098	0.09649282
2460	-1718.66	-1720.94	2.28073	0.04914614
2470	-1660.65	-1662.9	2.24925	0.06964193
2480	-1751.95	-1754.11	2.16033	0.04110342
2490	-1611.28	-1613.07	1.79243	0.1031097
2500	-1609.12	-1610.87	1.75245	0.1054712
2510	-1614.92	-1616.78	1.85352	0.09942772
2520	-1605.13	-1606.8	1.66945	0.110277
2530	-1589.63	-1590.69	1.06307	0.1434091
2540	-1621.09	-1623.03	1.94188	0.09389954
2550	-1615.8	-1617.67	1.86721	0.09858888
2560	-1625.62	-1627.62	1.99719	0.09027321
2570	-1735.91	-1738.14	2.22898	0.04473967
2580	-1748.47	-1750.64	2.17685	0.04185963
2590	-1623.76	-1625.74	1.97536	0.09172253
2600	-1690.04	-1692.35	2.30978	0.057913
2610	-1950.16	-1950.15	-0.0081982	0.01600638
2620	-1676.49	-1678.79	2.29488	0.06289451
2630	-1652.56	-1654.77	2.21217	0.07357442
2640	-1620.05	-1621.98	1.9281	0.09478039
2650	-1598.5	-1598.35	-0.158067	0.2091581
2660	-1623.35	-1625.32	1.97038	0.09205017
2670	-1654.81	-1657.04	2.22356	0.07243876
2680	-1597.07	-1598.51	1.44661	0.1227311
2690	-1589.93	-1591.02	1.08892	0.1420296
2700	-1589.19	-1590.21	1.02022	0.1456932
2710	-1602.26	-1603.86	1.60041	0.1141935
2720	-1647.24	-1649.42	2.1819	0.07638002
2730	-1606.56	-1608.26	1.70064	0.1084849
2740	-1656.3	-1658.53	2.23059	0.07170998
2750	-1659.88	-1662.13	2.24619	0.06999666
2760	-1593.32	-1594.62	1.29585	0.1309298
2770	-1587.9	-1588.65	0.752682	0.1599289
2780	-1619.39	-1618.52	-0.866142	0.2492598
2790	-1602.55	-1604.16	1.6078	0.1137776
2800	-1621.01	-1620.1	-0.910488	0.2518402
2810	-1642.46	-1644.61	2.15022	0.07907627
2820	-1626.67	-1628.68	2.00899	0.08947893
2830	-1608.29	-1610.02	1.73623	0.1064202
2840	-1652.92	-1655.13	2.21406	0.07338996
2850	-1701.39	-1703.7	2.30742	0.05418519
2860	-1609.13	-1610.88	1.75269	0.1054575
2870	-1643.53	-1645.69	2.15773	0.0784544
2880	-1607.22	-1608.93	1.7145	0.1076833
2890	-1660.65	-1662.9	2.24925	0.06964228
2900	-1649.54	-1651.74	2.19563	0.07514114
2910	-1639.22	-1641.34	2.12611	0.08100843
2920	-1680.32	-1682.62	2.30118	0.06142098
2930	-1723.05	-1725.32	2.26985	0.0479712
2940	-1712.36	-1714.66	2.29352	0.05090392
2950	-1610.88	-1612.67	1.78538	0.1035289
2960	-1631.73	-1633.79	2.06118	0.08585381
2970	-1661.12	-1663.37	2.25111	0.06942342
2980	-1716.12	-1718.4	2.28632	0.04984679
2990	-1714.14	-1716.43	2.29027	0.05040057
3000	-1616.09	-1617.96	1.87151	0.09832374
3010	-1679.02	-1681.32	2.29923	0.06191676
3020	-1618.63	-1620.54	1.90866	0.09601064
3030	-1641.87	-1644.01	2.146	0.07942071
3040	-1776.85	-1778.87	2.01762	0.03617653
3050	-1595.29	-1596.67	1.38096	0.1263172
3060	-1597.2	-1598.65	1.451	0.1224904
3070	-1616.22	-1618.09	1.87356	0.09819783
3080	-1645.52	-1647.7	2.17106	0.07732565
3090	-1588.06	-1588.9	0.84005	0.1552807
3100	-1604.84	-1606.5	1.66279	0.1106577
3110	-1587.9	-1588.66	0.758732	0.1596069
3120	-1588.66	-1589.62	0.957466	0.1490345
3130	-1608.75	-1610.49	1.74524	0.1058939
3140	-1624.52	-1626.5	1.98435	0.0911289
3150	-1652.14	-1654.35	2.21	0.07378536
3160	-1617.24	-1619.13	1.88877	0.09725547
3170	-1604.39	-1606.05	1.65257	0.1112402
3180	-1596	-1597.41	1.40839	0.1248225
3190	-1686.15	-1688.45	2.30756	0.05928079
3200	-1696.96	-1699.27	2.30985	0.05559886
3210	-1616.31	-1618.19	1.87496	0.09811131
3220	-1704.65	-1706.96	2.30443	0.05317856
3230	-1656.11	-1658.34	2.22971	0.07180174
3240	-1614.79	-1616.64	1.85135	0.09956037
3250	-1597.22	-1598.67	1.45181	0.1224461
3260	-1609.09	-1610.84	1.75197	0.1054998
3270	-1686.05	-1688.36	2.30749	0.05931456
3280	-1748.29	-1750.47	2.17766	0.04189794
3290	-1839.51	-1840.99	1.48313	0.02663794
3300	-1788.94	-1790.88	1.93341	0.03405073
3310	-1672.9	-1675.18	2.28738	0.06432884
3320	-1666.76	-1669.03	2.27081	0.06690295
3330	-1658.45	-1660.7	2.24021	0.07067062
3340	-1612.1	-1613.91	1.80689	0.1022473
3350	-1655.41	-1657.63	2.22642	0.07214454
3360	-1588.58	-1589.1	0.520214	0.1723287
3370	-1734.34	-1736.57	2.23468	0.04511921
3380	-1739.41	-1741.62	2.21565	0.04391234
3390	-1714.63	-1716.92	2.28932	0.05026294
3400	-1590.67	-1591.82	1.14557	0.1390026
3410	-1599.62	-1601.15	1.52799	0.1182413
3420	-1592.66	-1592.81	0.149613	0.1922976
3430	-1589.2	-1589.63	0.436523	0.1768121
3440	-1631.67	-1633.73	2.06064	0.085892
3450	-1591.38	-1592.57	1.19162	0.1365367
3460	-1621.79	-1623.74	1.95086	0.09332057
3470	-1746.82	-1749	2.18437	0.04222385
3480	-1717.97	-1720.26	2.2823	0.04933432
3490	-1686.49	-1688.79	2.30782	0.0591594
3500	-1871.89	-1873	1.11624	0.02287684
3510	-1609.98	-1611.74	1.76873	0.104514
3520	-1725.82	-1728.08	2.26217	0.04724964
3530	-1626.85	-1628.86	2.01097	0.0893447
3540	-1662.45	-1664.71	2.25616	0.06881431
3550	-1718.65	-1720.93	2.28076	0.04914928
3560	-1639.99	-1642.12	2.13205	0.08054044
3570	-1711.87	-1714.16	2.29438	0.05104569
3580	-1616.42	-1618.29	1.87652	0.09801474
3590	-1750.45	-1752.62	2.16754	0.04142615
3600	-1649.37	-1651.56	2.19463	0.07523313
3610	-1588.97	-1589.96	0.996018	0.1469822
3620	-1618.36	-1620.27	1.90486	0.09624952
3630	-1598.13	-1599.61	1.48189	0.1207912
3640	-1587.97	-1588.77	0.806684	0.1570555
3650	-1591.89	-1593.12	1.22199	0.1349068
3660	-1592.1	-1593.33	1.23336	0.134296
3670	-1611.54	-1613.34	1.79712	0.1028305
3680	-1730.96	-1733.21	2.24626	0.04594768
3690	-1737.75	-1739.97	2.22211	0.04430333
3700	-1660.28	-1662.53	2.24778	0.06981347
3710	-1680.76	-1683.06	2.30179	0.06125752
3720	-1676.72	-1679.01	2.2953	0.06280652
3730	-1676.3	-1678.59	2.29452	0.06297009
3740	-1619.08	-1620.99	1.91485	0.09562061
3750	-1629.98	-1632.02	2.04397	0.08707104
3760	-1640.96	-1643.1	2.13935	0.07995796
3770	-1658.82	-1661.06	2.24176	0.0704982
3780	-1834.05	-1835.59	1.53905	0.02733919
3790	-1692.65	-1694.96	2.31037	0.05702342
3800	-1603.13	-1604.76	1.6224	0.1129529
3810	-1656.43	-1658.66	2.23123	0.07164264
3820	-1613.33	-1615.15	1.82771	0.1009956
3830	-1590.25	-1591.36	1.11433	0.1406731
3840	-1607.19	-1606.69	-0.494075	0.2279411
3850	-1711.22	-1713.52	2.29547	0.05123172
3860	-1757.37	-1759.51	2.1329	0.03996134
3870	-1682.26	-1684.57	2.30373	0.0606942
3880	-1602.07	-1603.66	1.59544	0.1144733
3890	-1610.73	-1612.51	1.78261	0.1036931
3900	-1684.03	-1686.33	2.30568	0.06004607
3910	-1606.38	-1608.08	1.69689	0.1087013
3920	-1590.46	-1591.59	1.13025	0.1398223
3930	-1614.56	-1616.41	1.84779	0.09977756
3940	-1644.57	-1646.74	2.16481	0.07785954
3950	-1761.12	-1763.23	2.11274	0.0391961
3960	-1743.62	-1745.81	2.19838	0.04294269
3970	-1682.59	-1684.9	2.30412	0.06057293
3980	-1759.02	-1761.15	2.12414	0.03962206
3990	-1670.9	-1673.18	2.28251	0.06514927
4000	-1739.39	-1741.61	2.2157	0.04391532
4010	-1721.87	-1724.14	2.27294	0.04828426
4020	-1611.66	-1613.46	1.79923	0.1027047
4030	-1588.14	-1588.75	0.608814	0.167595
4040	-1623.56	-1625.53	1.97289	0.09188508
4050	-1617.59	-1619.49	1.89388	0.09693673
4060	-1589.07	-1589.52	0.451982	0.175983
4070	-1599.15	-1600.67	1.51396	0.1190196
4080	-1588.14	-1589	0.862346	0.1540947
4090	-1588.39	-1588.94	0.55421	0.170511
4100	-1659.36	-1661.6	2.24401	0.07024497
4110	-1779.96	-1781.96	1.99688	0.03561482
4120	-1899.61	-1900.37	0.75571	0.02012809
4130	-1797.37	-1799.24	1.86921	0.03265926
4140	-1803.37	-1805.19	1.82079	0.03171022
4150	-1840.37	-1841.84	1.47413	0.026529
4160	-1703.96	-1706.26	2.30515	0.05339065
4170	-1657.54	-1659.77	2.2362	0.07110959
4180	-1603.61	-1605.25	1.63406	0.1122925
4190	-1606.35	-1608.05	1.69631	0.1087343
4200	-1769.14	-1771.21	2.06631	0.0376181
4210	-1675.05	-1677.34	2.29206	0.06346376
4220	-1613.97	-1615.81	1.83824	0.100358
4230	-1590.54	-1590.85	0.303877	0.183947
4240	-1588.37	-1588.93	0.55752	0.1703341
4250	-1642.87	-1641.44	-1.43374	0.2829698
4260	-1626.01	-1628.01	2.00161	0.08997641
4270	-1661.62	-1663.88	2.25305	0.0691922
4280	-1622.86	-1624.82	1.96434	0.09244536
4290	-1591.23	-1591.48	0.249021	0.1869095
4300	-1607.92	-1609.65	1.72887	0.1068491
4310	-1588.62	-1589.58	0.951635	0.1493448
4320	-1604.61	-1604.21	-0.403254	0.2228226
4330	-1588.12	-1588.73	0.614412	0.1672963
4340	-1597.7	-1597.58	-0.12172	0.2071506
4350	-1594.53	-1594.57	0.0382581	0.198366
4360	-1589.42	-1589.83	0.411574	0.1781513
4370	-1591.87	-1593.09	1.22049	0.1349878
4380	-1589.17	-1590.19	1.01875	0.1457715
4390	-1599.81	-1599.59	-0.214867	0.2123045
4400	-1623.02	-1624.99	1.96633	0.09231531
4410	-1597.76	-1599.23	1.47003	0.1214444
4420	-1607.31	-1606.81	-0.498367	0.2281837
4430	-1645.99	-1644.49	-1.50022	0.2870186
4440	-1600.19	-1601.73	1.54432	0.1173335
4450	-1589.72	-1590.79	1.07105	0.1429832
4460	-1587.9	-1588.65	0.754883	0.1598117
4470	-1591.31	-1591.55	0.242995	0.1872354
4480	-1588.02	-1588.67	0.644325	0.1657008
4490	-1750.36	-1747.16	-3.20053	0.3986397
4500	-1588.2	-1588.79	0.593607	0.1684066
4510	-1618.95	-1620.87	1.91316	0.09572749
4520	-1621.56	-1623.51	1.948	0.09350539
4530	-1750.92	-1753.09	2.16529	0.04132421
4540	-1686	-1688.31	2.30745	0.0593331
4550	-1593.66	-1594.97	1.31181	0.1300679
4560	-1647.07	-1645.54	-1.52287	0.2884032
4570	-1590.7	-1591.84	1.14719	0.1389163
4580	-1597.42	-1597.31	-0.108369	0.2064143
4590	-1663.54	-1661.69	-1.84844	0.3085922
4600	-1588.69	-1589.19	0.503121	0.1732434
4610	-1643.71	-1645.87	2.15896	0.07835205
4620	-1614.74	-1616.59	1.85069	0.09960092
4630	-1655.34	-1657.56	2.22608	0.07218046
4640	-1615.6	-1617.47	1.86414	0.09877747
4650	-1597.54	-1599	1.46256	0.1218552
4660	-1631.85	-1633.91	2.06236	0.08576933
4670	-1612.45	-1614.27	1.813	0.101881
4680	-1623.5	-1625.48	1.97223	0.09192861
4690	-1626.33	-1628.33	2.00515	0.08973807
4700	-1722.82	-1725.09	2.27046	0.04803179
4710	-1730.48	-1732.73	2.24784	0.04606804
4720	-1634.18	-1636.27	2.084	0.08420042
4730	-1648.5	-1650.69	2.18952	0.07569861
4740	-1706.41	-1708.71	2.30242	0.0526482
4750	-1603.03	-1604.65	1.61977	0.1131013
4760	-1714.59	-1716.88	2.28939	0.0502721
4770	-1819.31	-1821	1.68138	0.02934317
4780	-1934.12	-1934.36	0.24895	0.01720487
4790	-1932.74	-1933.01	0.270372	0.0173121
4800	-1784.35	-1786.32	1.96647	0.03483882
4810	-1731.7	-1733.95	2.2438	0.04576443
4820	-1765.3	-1767.39	2.08909	0.0383634
4830	-1746.84	-1749.02	2.18428	0.04221943
4840	-1648.51	-1650.7	2.18959	0.07569196
4850	-1702.27	-1704.58	2.30671	0.05391195
4860	-1660.56	-1662.81	2.24892	0.06968091
4870	-1712.74	-1715.03	2.29286	0.05079783
4880	-1837.3	-1838.81	1.50594	0.02691891
4890	-1716.64	-1718.93	2.28521	0.04970114
4900	-1609.47	-1611.23	1.75923	0.1050736
4910	-1589.88	-1590.24	0.363751	0.1807217
4920	-1588.03	-1588.67	0.6429	0.1657767
4930	-1667.54	-1669.81	2.27318	0.0665677
4940	-1653.96	-1656.18	2.21934	0.07286613
4950	-1617.96	-1619.86	1.89911	0.09660984
4960	-1600.73	-1602.29	1.55975	0.1164729
4970	-1590.3	-1590.63	0.324661	0.1828265
4980	-1592.97	-1593.1	0.129621	0.1933844
4990	-1633.43	-1635.5	2.07713	0.08470293
5000	-1587.9	-1588.65	0.757145	0.1596913
5010	-1602.95	-1604.57	1.61781	0.1132121
5020	-1611.61	-1613.41	1.79842	0.1027531
5030	-1727.73	-1729.99	2.25649	0.04675912
5040	-1688.9	-1691.21	2.30929	0.05830948
5050	-1637.75	-1639.87	2.11446	0.08191222
5060	-1599.08	-1600.59	1.51173	0.1191431
5070	-1601.92	-1603.51	1.59151	0.1146939
5080	-1646.61	-1648.79	2.17802	0.07672168
5090	-1688.89	-1691.2	2.30929	0.05831158
5100	-1623.91	-1625.89	1.97716	0.09160449
5110	-1589.91	-1590.27	0.360944	0.1808727
5120	-1588.19	-1589.06	0.875139	0.1534143
5130	-1593.03	-1594.31	1.2816	0.1316989
5140	-1625.97	-1627.97	2.00116	0.09000687
5150	-1632.33	-1634.4	2.06693	0.08544164
5160	-1677.68	-1679.98	2.29703	0.06243012
5170	-1817.78	-1819.48	1.69545	0.02956148
5180	-1650.83	-1653.04	2.20291	0.07446227
5190	-1619.91	-1621.83	1.9262	0.09490133
5200	-1589.56	-1589.95	0.39641	0.1789658
5210	-1621.46	-1620.54	-0.922564	0.2525444
5220	-1587.9	-1588.61	0.713063	0.1620381
5230	-1592.24	-1592.41	0.177216	0.1907988
5240	-1590.28	-1590.6	0.3272	0.1826896
5250	-1590.39	-1590.71	0.316914	0.183244
5260	-1923.57	-1918.44	-5.12682	0.5464209
5270	-1587.96	-1588.63	0.672421	0.1642031
5280	-1605.08	-1606.75	1.66833	0.1103408
5290	-1680.03	-1682.33	2.30076	0.06153065
5300	-1712.76	-1715.05	2.29282	0.05079121
5310	-1596.49	-1597.92	1.42619	0.1238495
5320	-1588.26	-1589.15	0.889476	0.1526517
5330	-1589.74	-1590.12	0.37738	0.1799887
5340	-1592.44	-1592.6	0.163674	0.1915339
5350	-1642.48	-1641.06	-1.42536	0.2824609
5360	-1624.8	-1626.79	1.98768	0.09090799
5370	-1608.1	-1609.83	1.73245	0.1066402
5380	-1678.39	-1680.68	2.29821	0.06215871
5390	-1664.8	-1667.06	2.26447	0.0677613
5400	-1823.92	-1825.56	1.6383	0.0286993
5410	-1688.77	-1691.08	2.30923	0.05835398
5420	-1647.47	-1649.65	2.18332	0.07625399
5430	-1702.3	-1704.6	2.30669	0.05390373
5440	-1812.21	-1813.96	1.74537	0.03037046
5450	-1743.28	-1745.48	2.19979	0.0430179
5460	-1616.99	-1618.88	1.88506	0.09748556
5470	-1645.35	-1647.52	2.16991	0.07742461
5480	-1605.35	-1607.03	1.67449	0.1099884
5490	-1599.32	-1600.84	1.51908	0.1187356
5500	-1632.26	-1634.32	2.06624	0.08549129
5510	-1589.6	-1590.66	1.06083	0.1435283
5520	-1641.63	-1643.78	2.1443	0.0795591
5530	-1596.38	-1596.32	-0.0583212	0.2036595
5540	-1588.1	-1588.72	0.618105	0.1670993
5550	-1593.92	-1594	0.0724015	0.1965014
5560	-1610.95	-1610.34	-0.617918	0.2349732
5570	-1660.02	-1662.27	2.24673	0.06993427
5580	-1631.94	-1634	2.06324	0.08570616
5590	-1727.15	-1729.4	2.25827	0.04690922
5600	-1820.79	-1822.45	1.66774	0.02913557
5610	-1754.77	-1756.92	2.14632	0.04050424
5620	-1752.11	-1754.26	2.15958	0.04107031
5630	-1591.55	-1592.76	1.20217	0.1359708
5640	-1614.02	-1615.86	1.83914	0.1003037
5650	-1611.86	-1613.67	1.80278	0.102493
5660	-1639.41	-1641.53	2.1276	0.08089161
5670	-1661.72	-1663.97	2.25342	0.06914714
5680	-1602.02	-1603.62	1.59434	0.114535
5690	-1669.22	-1671.5	2.27804	0.06585092
5700	-1795.5	-1797.38	1.88383	0.03296175
5710	-1692.21	-1694.52	2.31032	0.05717268
5720	-1642.33	-1640.91	-1.42209	0.2822624
5730	-1627.41	-1626.34	-1.07626	0.2615639
5740	-1645.84	-1648.02	2.17312	0.07714792
5750	-1653.07	-1655.28	2.21484	0.07331318
5760	-1668.69	-1670.96	2.27654	0.06607673
5770	-1766.31	-1768.4	2.08318	0.03816503
5780	-1649.44	-1651.64	2.19505	0.07519436
5790	-1782.53	-1784.51	1.97925	0.03515849
5800	-1795.4	-1797.28	1.88461	0.0329782
5810	-1627.76	-1629.78	2.0209	0.08866808
5820	-1625.3	-1627.3	1.99352	0.09051898
5830	-1715.37	-1717.65	2.28785	0.05005525
5840	-1609.85	-1611.62	1.76636	0.1046535
5850	-1591.65	-1592.86	1.20806	0.1356547
5860	-1702.42	-1704.73	2.30658	0.05386529
5870	-1853.13	-1854.46	1.33602	0.02497577
5880	-1949.06	-1949.07	0.00978475	0.01608524
5890	-1890.57	-1891.45	0.877942	0.02098206
5900	-1876.02	-1877.09	1.06514	0.02244134
5910	-1694.77	-1697.08	2.31035	0.05631476
5920	-1596.54	-1597.97	1.4282	0.1237398
5930	-1657.76	-1660	2.23721	0.07100055
5940	-1632.2	-1634.27	2.0657	0.08553003
5950	-1587.92	-1588.7	0.778444	0.1585579
5960	-1656.38	-1658.61	2.23098	0.07166803
5970	-1771.18	-1773.24	2.05382	0.03722996
5980	-1612.21	-1614.02	1.80885	0.1021297
5990	-1629.07	-1631.11	2.0347	0.08771693
6000	-1884.36	-1885.32	0.95925	0.02159144
6010	-1796.44	-1798.32	1.87649	0.03280899
6020	-1632.7	-1634.77	2.07042	0.0851898
6030	-1603.14	-1602.79	-0.348386	0.2197456
6040	-1592.95	-1594.23	1.27793	0.1318969
6050	-1678.74	-1681.04	2.29879	0.06202261
6060	-1598.88	-1600.39	1.50561	0.1194818
6070	-1621.52	-1623.47	1.94744	0.09354123
6080	-1600.35	-1601.9	1.54893	0.1170767
6090	-1588.01	-1588.83	0.823505	0.1561607
6100	-1615.24	-1617.1	1.85845	0.09912622
6110	-1703.52	-1705.83	2.30558	0.05352431
6120	-1680.53	-1682.83	2.30147	0.06134243
6130	-1671.08	-1673.36	2.28298	0.06507334
6140	-1724.62	-1726.88	2.26557	0.04756073
6150	-1748.68	-1750.86	2.17586	0.04181242
6160	-1609.24	-1611	1.7549	0.1053277
6170	-1644.73	-1646.9	2.16584	0.07777199
6180	-1685.2	-1687.5	2.30678	0.05962209
6190	-1666.23	-1668.5	2.26914	0.06713413
6200	-1686.77	-1689.08	2.30803	0.05905909
6210	-1615.96	-1617.83	1.86965	0.09843841
6220	-1588.91	-1589.9	0.988894	0.1473616
6230	-1630.01	-1628.87	-1.14015	0.2653453
6240	-1595.06	-1596.43	1.37165	0.1268237
6250	-1607.04	-1606.55	-0.489168	0.2276637
6260	-1595.02	-1596.39	1.37021	0.1269021
6270	-1607.22	-1608.94	1.71466	0.1076743
6280	-1598.07	-1599.55	1.48017	0.1208862
6290	-1644.01	-1646.18	2.16104	0.07817804
6300	-1617.35	-1619.24	1.89038	0.09715485
6310	-1613.36	-1612.67	-0.692421	0.2392338
6320	-1588.39	-1589.3	0.914652	0.1513125
6330	-1603.59	-1605.22	1.63341	0.1123293
6340	-1591.62	-1591.84	0.220341	0.1884613
6350	-1607.23	-1608.95	1.7148	0.107666
6360	-1587.92	-1588.69	0.77738	0.1586145
6370	-1604.26	-1605.91	1.64945	0.1114178
6380	-1668.08	-1670.36	2.27479	0.06633469
6390	-1600.7	-1602.26	1.55889	0.116521
6400	-1593.66	-1594.97	1.31154	0.1300824
6410	-1589.96	-1590.32	0.356186	0.1811288
6420	-1610.12	-1611.89	1.77133	0.1043605
6430	-1633.66	-1635.74	2.07924	0.08454911
6440	-1637.9	-1640.01	2.11564	0.08182173
6450	-1726.54	-1728.8	2.26005	0.04706323
6460	-1664.4	-1666.67	2.26312	0.06793712
6470	-1631.07	-1633.13	2.05483	0.08630528
6480	-1796	-1797.88	1.87996	0.03288089
6490	-1645.21	-1647.38	2.16904	0.07749932
6500	-1597.63	-1599.09	1.46552	0.1216926
6510	-1605.41	-1607.08	1.67561	0.1099238
6520	-1647.01	-1649.19	2.18049	0.0765049
6530	-1831.06	-1832.63	1.56897	0.02773263
6540	-2001.19	-2000.28	-0.915663	0.01275401
6550	-1730.8	-1733.05	2.24679	0.0459879
6560	-1594.31	-1595.65	1.34061	0.128509
6570	-1670.2	-1672.49	2.28071	0.06543822
6580	-1605.95	-1607.64	1.68767	0.1092317
6590	-1591.53	-1591.76	0.22676	0.1881138
6600	-1672.41	-1674.7	2.28624	0.06452708
6610	-1629.39	-1631.43	2.03797	0.08748994
6620	-1672.13	-1674.42	2.28557	0.06464106
6630	-1587.92	-1588.61	0.695257	0.1629864
6640	-1662.31	-1664.56	2.25563	0.0688798
6650	-1632.23	-1634.29	2.06596	0.08551117
6660	-1619.4	-1621.32	1.91928	0.09534036
6670	-1590.28	-1591.39	1.11663	0.1405502
6680	-1681.87	-1684.17	2.30325	0.06084095
6690	-1763.28	-1765.38	2.10066	0.03876263
6700	-1725.03	-1727.3	2.26441	0.04745305
6710	-1595.55	-1596.94	1.39123	0.1257582
6720	-1608.39	-1610.12	1.73819	0.1063059
6730	-1660.26	-1662.5	2.24769	0.0698236
6740	-1620.98	-1622.92	1.94045	0.09399141
6750	-1609.05	-1610.81	1.75124	0.1055425
6760	-1602.1	-1603.7	1.59642	0.1144183
6770	-1669.84	-1672.12	2.27972	0.0655919
6780	-1648.54	-1650.73	2.18978	0.07567506
6790	-1620.28	-1622.21	1.93121	0.09458247
6800	-1657.53	-1659.77	2.23619	0.07111157
6810	-1722.88	-1725.15	2.2703	0.04801573
6820	-1733.19	-1735.43	2.23873	0.04539917
6830	-1868.01	-1869.17	1.16327	0.02329366
6840	-1733.29	-1735.52	2.23839	0.04537528
6850	-1855.61	-1856.92	1.30802	0.02468534
6860	-1805.45	-1807.25	1.80347	0.03138865
6870	-1725.51	-1727.77	2.26306	0.04733031
6880	-1676.77	-1679.06	2.29539	0.06278667
6890	-1611.42	-1613.21	1.79498	0.102958
6900	-1717.56	-1719.84	2.28322	0.04944784
6910	-1758.29	-1760.42	2.12804	0.03977161
6920	-1738.1	-1740.32	2.22076	0.04421996
6930	-1749.76	-1751.93	2.17083	0.04157708
6940	-1693.46	-1695.77	2.31042	0.05675095
6950	-1786.33	-1788.29	1.95238	0.03449632
6960	-1637.9	-1640.02	2.11568	0.08181855
6970	-1727.92	-1730.17	2.25593	0.04671253
6980	-1674.33	-1676.62	2.29055	0.06375256
6990	-1590.33	-1591.45	1.12097	0.1403184
7000	-1648.15	-1650.33	2.18744	0.07588645
7010	-1761.38	-1763.49	2.11128	0.03914277
7020	-1641.52	-1643.66	2.14345	0.07962768
7030	-1655.01	-1657.23	2.22449	0.07234332
7040	-1755.09	-1757.23	2.14471	0.04043759
7050	-1598.6	-1600.1	1.497	0.1199577
7060	-1652.54	-1654.75	2.21207	0.07358446
7070	-1592.6	-1593.86	1.26028	0.1328479
7080	-1613.81	-1615.65	1.83571	0.1005118
7090	-1625.41	-1627.4	1.99474	0.09043703
7100	-1588.55	-1589.49	0.940538	0.1499353
7110	-1691.07	-1693.38	2.3101	0.05755855
7120	-1589.57	-1590.63	1.05828	0.1436643
7130	-1631.47	-1633.53	2.05872	0.08602873
7140	-1588.2	-1588.8	0.592225	0.1684805
7150	-1616.44	-1615.66	-0.783195	0.2444565
7160	-1587.93	-1588.62	0.689924	0.1632705
7170	-1588.59	-1589.11	0.519102	0.1723882
7180	-1610.72	-1610.11	-0.610623	0.2345573
7190	-1588.49	-1589.02	0.535791	0.1714956
7200	-1595.2	-1596.58	1.37761	0.1264999
7210	-1730.64	-1727.71	-2.92956	0.3797493
7220	-1588.61	-1589.56	0.949659	0.14945
7230	-1588.19	-1589.06	0.8752	0.1534111
7240	-1715.93	-1718.21	2.28671	0.04989931
7250	-1789.8	-1791.73	1.9271	0.03390622
7260	-1618.43	-1620.33	1.90576	0.09619301
7270	-1695.26	-1697.57	2.31028	0.05615444
7280	-1632.38	-1634.44	2.06738	0.0854092
7290	-1705.96	-1708.27	2.30296	0.05278267
7300	-1606.97	-1608.68	1.70929	0.1079851
7310	-1657.08	-1659.31	2.23415	0.07133088
7320	-1622.72	-1624.68	1.96258	0.09255962
7330	-1715.2	-1717.49	2.28818	0.05010087
7340	-1622.28	-1624.24	1.95718	0.09291117
7350	-1725.39	-1727.66	2.26339	0.0473598
7360	-1672.52	-1674.81	2.2865	0.06448204
7370	-1781.92	-1783.91	1.98344	0.03526542
7380	-1867.09	-1868.26	1.17435	0.02339418
7390	-1761.61	-1763.72	2.11	0.03909631
7400	-1740.04	-1742.25	2.21316	0.04376589
7410	-1716.78	-1719.07	2.2849	0.04966157
7420	-1713.96	-1716.25	2.2906	0.05045041
7430	-1920.82	-1921.27	0.451721	0.01827201
7440	-1905.49	-1906.17	0.67384	0.01959342
7450	-1622.78	-1624.74	1.96338	0.09250756
7460	-1681.55	-1683.85	2.30284	0.06096119
7470	-1594.98	-1596.35	1.36877	0.1269802
7480	-1593.9	-1595.22	1.32258	0.1294854
7490	-1668.5	-1670.78	2.27601	0.06615622
7500	-1590.45	-1591.58	1.12989	0.1398415
7510	-1633.36	-1632.14	-1.21996	0.2700958
7520	-1592.32	-1592.49	0.171957	0.1910842
7530	-1599.84	-1601.38	1.53438	0.1178861
7540	-1633.24	-1635.32	2.07543	0.08482662
7550	-1591.43	-1592.63	1.19485	0.1363633
7560	-1655.24	-1657.47	2.22563	0.07222644
7570	-1588.48	-1589.01	0.537674	0.1713949
7580	-1672.95	-1675.23	2.28749	0.06430919
7590	-1596.37	-1597.79	1.42193	0.1240829
7600	-1593.58	-1594.89	1.30812	0.1302673
7610	-1726.87	-1729.12	2.2591	0.04698062
7620	-1604.16	-1605.81	1.64722	0.1115449
7630	-1650.03	-1652.23	2.19841	0.07488342
7640	-1596.69	-1598.12	1.43322	0.1234647
7650	-1646.62	-1648.8	2.17809	0.07671588
7660	-1657.93	-1660.17	2.23795	0.07091939
7670	-1731.43	-1733.67	2.24472	0.04583223
7680	-1706.19	-1708.49	2.30269	0.05271415
7690	-1908.11	-1908.74	0.63687	0.01936094
7700	-1739.07	-1741.28	2.217	0.04399249
7710	-1823.53	-1825.17	1.64201	0.02875344
7720	-1835.47	-1837	1.52461	0.02715403
7730	-1689.79	-1692.1	2.30968	0.05799906
7740	-1649.38	-1651.57	2.19468	0.07522863
7750	-1650.81	-1653.01	2.20276	0.07447684
7760	-1587.98	-1588.64	0.660407	0.1648434
7770	-1588.68	-1589.18	0.505095	0.1731378
7780	-1638.14	-1640.26	2.11764	0.08166762
7790	-1606.75	-1608.45	1.70467	0.1082521
7800	-1644.56	-1646.72	2.16468	0.07787021
7810	-1589.31	-1589.74	0.423013	0.1775371
7820	-1592.64	-1593.9	1.26232	0.1327382
7830	-1668.44	-1670.72	2.27584	0.06618123
7840	-1721.94	-1724.22	2.27275	0.04826419
7850	-1592.92	-1593.05	0.132784	0.1932124
7860	-1601.77	-1601.48	-0.29546	0.2167882
7870	-1588.56	-1589.5	0.942434	0.1498344
7880	-1596.62	-1598.05	1.43076	0.1235995
7890	-1690.64	-1692.95	2.30997	0.05770777
7900	-1641.45	-1643.6	2.14299	0.07966494
7910	-1717.32	-1719.6	2.28376	0.0495152
7920	-1720.99	-1723.27	2.27515	0.04851713
7930	-1597.01	-1598.46	1.44476	0.1228326
7940	-1636.71	-1638.82	2.10591	0.08256507
7950	-1735.5	-1737.73	2.2305	0.04483924
7960	-1589.76	-1590.83	1.07466	0.1427909
7970	-1598.93	-1600.44	1.50713	0.1193973
7980	-1613.75	-1615.58	1.83467	0.1005746
7990	-1606.05	-1607.74	1.68969	0.1091156
8000	-1606.9	-1608.61	1.70797	0.1080616
8010	-1630.51	-1632.55	2.04924	0.08670022
8020	-1599.45	-1600.97	1.52288	0.1185252
8030	-1611.84	-1613.64	1.80242	0.1025143
8040	-1742.82	-1745.02	2.20177	0.04312479
8050	-1857.48	-1858.77	1.28675	0.02446951
8060	-1823.84	-1825.48	1.63902	0.02870991
8070	-1778.04	-1780.05	2.00977	0.03596077
8080	-1839.13	-1840.62	1.48704	0.0266857
8090	-1674.11	-1676.4	2.29009	0.06383916
8100	-1603.94	-1605.58	1.64197	0.1118437
8110	-1612.47	-1614.28	1.81323	0.1018672
8120	-1602.61	-1604.22	1.60929	0.1136933
8130	-1661.87	-1664.13	2.254	0.06907763
8140	-1589.43	-1590.48	1.04488	0.144379
8150	-1628.27	-1627.18	-1.09759	0.2628245
8160	-1589.42	-1590.47	1.04422	0.1444142
8170	-1591.14	-1592.31	1.17636	0.1373544
8180	-1630.05	-1632.1	2.0447	0.08701944
8190	-1687.93	-1690.24	2.30878	0.05864763
8200	-1801.97	-1803.8	1.83227	0.03192828
8210	-1817.42	-1819.12	1.69876	0.02961344
8220	-1612.62	-1614.44	1.81588	0.1017078
8230	-1665.93	-1668.2	2.26819	0.06726393
8240	-1626.74	-1628.75	2.00973	0.08942856
8250	-1634.69	-1636.78	2.08848	0.08386995
8260	-1591.25	-1592.43	1.18357	0.1369681
8270	-1712.31	-1714.6	2.29362	0.05091941
8280	-1712.45	-1714.74	2.29337	0.05087964
8290	-1704.51	-1706.81	2.30459	0.05322331
8300	-1649.14	-1651.34	2.19332	0.07535307
8310	-1627.04	-1625.97	-1.06682	0.261007
8320	-1636.12	-1638.22	2.10089	0.08294466
8330	-1614.19	-1616.03	1.84179	0.100143
8340	-1643.82	-1645.98	2.15975	0.07828623
8350	-1786.27	-1788.23	1.9528	0.03450633
8360	-1687.98	-1690.29	2.3088	0.05863223
8370	-1662.07	-1664.33	2.25475	0.06898741
8380	-1631.59	-1633.65	2.05991	0.08594426
8390	-1600.33	-1601.88	1.54833	0.1171099
8400	-1596.02	-1597.42	1.40885	0.1247975
8410	-1597.17	-1598.62	1.45011	0.122539
8420	-1622.19	-1624.15	1.956	0.09298749
8430	-1588.7	-1589.66	0.961941	0.1487963
8440	-1588.58	-1589.1	0.520412	0.1723181
8450	-1594.71	-1596.07	1.35762	0.1275858
8460	-1664.51	-1666.77	2.26348	0.06789055
8470	-1774.95	-1776.98	2.03003	0.03652657
8480	-1641.8	-1643.95	2.14552	0.07946008
8490	-1662.7	-1664.96	2.25708	0.06870128
8500	-1597.14	-1598.59	1.44916	0.1225915
8510	-1631.58	-1633.64	2.05978	0.0859533
8520	-1589.61	-1590.67	1.06179	0.1434775
8530	-1641.78	-1643.93	2.14539	0.07947049
8540	-1654.7	-1656.93	2.22302	0.07249377
8550	-1588.74	-1589.7	0.967161	0.1485185
8560	-1596.16	-1597.58	1.41435	0.1244971
8570	-1591.38	-1591.62	0.237863	0.187513
8580	-1598.55	-1600.04	1.49527	0.1200529
8590	-1671.02	-1673.3	2.28283	0.06509819
8600	-1601.2	-1602.78	1.57259	0.115755
8610	-1606.96	-1608.67	1.7091	0.1079959
8620	-1597	-1598.44	1.44425	0.1228605
8630	-1606.92	-1608.62	1.70823	0.1080464
8640	-1678.93	-1681.23	2.29909	0.06194982
8650	-1662.28	-1664.54	2.25553	0.06889174
8660	-1763.01	-1765.11	2.10219	0.03881667
8670	-1643.91	-1646.07	2.16034	0.07823635
8680	-1800.77	-1802.61	1.84201	0.03211661
8690	-1650.46	-1652.66	2.20086	0.07465564
8700	-1621.26	-1623.2	1.9441	0.09375685
8710	-1640.75	-1642.89	2.1378	0.08008229
8720	-1590.31	-1591.43	1.11914	0.1404159
8730	-1628.11	-1630.13	2.02456	0.08841715
8740	-1639.45	-1641.57	2.12791	0.08086741
8750	-1593.52	-1594.83	1.30527	0.1304213
8760	-1661.44	-1663.7	2.25236	0.0692744
8770	-1666.61	-1668.88	2.27034	0.06696891
8780	-1588.64	-1589.6	0.954112	0.149213
8790	-1599.03	-1598.85	-0.181575	0.210459
8800	-1622.32	-1624.28	1.95767	0.09287924
8810	-1685.25	-1687.55	2.30682	0.0596037
8820	-1715.21	-1717.5	2.28817	0.05009927
8830	-1600.01	-1601.54	1.53914	0.1176216
8840	-1702.06	-1704.36	2.30689	0.05397738
8850	-1688.78	-1691.09	2.30923	0.0583521
8860	-1757.82	-1759.95	2.13055	0.03986937
8870	-1644.27	-1646.43	2.16277	0.07803169
8880	-1603.6	-1603.23	-0.365636	0.2207117
8890	-1682.1	-1679.92	-2.17967	0.329703
8900	-1655.74	-1654.04	-1.69863	0.299235
8910	-1611.85	-1613.65	1.80249	0.1025104
8920	-1669.86	-1672.14	2.27979	0.0655813
8930	-1640.27	-1642.41	2.13423	0.0803676
8940	-1611.37	-1613.16	1.79406	0.1030129
8950	-1693.37	-1695.68	2.31041	0.05678123
8960	-1609.09	-1610.84	1.75186	0.1055059
8970	-1628.63	-1630.66	2.03011	0.08803516
8980	-1601.99	-1601.69	-0.304112	0.217271
8990	-1613.13	-1612.45	-0.685468	0.2388352
9000	-1611.22	-1613.01	1.79139	0.1031716
9010	-1589.05	-1590.06	1.00544	0.1464803
9020	-1696.38	-1698.69	2.31003	0.05578457
9030	-1887.72	-1888.63	0.915525	0.02125935
9040	-1856.18	-1857.49	1.30156	0.02461929
9050	-1588.83	-1589.81	0.979121	0.1478818
9060	-1667.16	-1669.44	2.27205	0.06672889
9070	-1588.12	-1588.98	0.857738	0.1543398
9080	-1608.48	-1610.22	1.74006	0.1061964
9090	-1598.39	-1598.23	-0.152829	0.2088686
9100	-1708.2	-1705.6	-2.59991	0.3573527
9110	-1596.51	-1596.45	-0.0650212	0.2040278
9120	-1588.45	-1589.38	0.92542	0.1507397
9130	-1589.94	-1591.03	1.09004	0.14197
9140	-1602.64	-1604.25	1.60999	0.1136537
9150	-1588.82	-1589.8	0.978048	0.147939
9160	-1743.61	-1745.81	2.19842	0.04294464
9170	-1649.22	-1651.41	2.19375	0.07531393
9180	-1679.19	-1681.49	2.2995	0.06184915
9190	-1616.68	-1618.56	1.88043	0.09777272
9200	-1691.93	-1694.24	2.31028	0.05726799
9210	-1613.89	-1615.73	1.83703	0.1004319
9220	-1697.4	-1699.71	2.30969	0.05545399
9230	-1622.36	-1624.32	1.95809	0.09285221
9240	-1626.11	-1628.11	2.00268	0.08990497
9250	-1592.06	-1593.29	1.23139	0.1344019
9260	-1591.18	-1592.36	1.17896	0.1372155
9270	-1659.33	-1661.58	2.24392	0.07025522
9280	-1917.96	-1918.46	0.494114	0.01851091
9290	-1799.83	-1801.68	1.84958	0.03226514
9300	-1714.89	-1717.18	2.28881	0.05018952
9310	-1670.68	-1672.96	2.28194	0.06524161
9320	-1693.63	-1695.94	2.31042	0.05669302
9330	-1696.3	-1698.61	2.31005	0.05581297
9340	-1713.09	-1715.38	2.29222	0.05069652
9350	-1704.1	-1706.41	2.305	0.05334627
9360	-1762.26	-1764.36	2.10642	0.03896706
9370	-1588.71	-1589.67	0.963017	0.1487391
9380	-1595.91	-1597.32	1.40494	0.1250107
9390	-1625.66	-1627.66	1.9976	0.09024607
9400	-1669.59	-1671.87	2.27906	0.06569477
9410	-1728.75	-1731	2.25337	0.04650229
9420	-1818.83	-1820.52	1.6858	0.02941137
9430	-1730.6	-1732.84	2.24746	0.04603858
9440	-1776.58	-1778.6	2.01942	0.03622657
9450	-1622.12	-1624.08	1.95512	0.09304479
9460	-1588.71	-1589.21	0.500565	0.1733802
9470	-1662.42	-1664.68	2.25606	0.06882661
9480	-1655.58	-1657.81	2.22726	0.07205794
9490	-1663.23	-1665.49	2.25902	0.06846017
9500	-1590.64	-1591.78	1.14311	0.1391347
9510	-1589.72	-1590.79	1.07144	0.1429625
9520	-1642.99	-1645.15	2.15401	0.07876378
9530	-1714.46	-1716.75	2.28964	0.05030904
9540	-1603.89	-1605.53	1.64074	0.1119131
9550	-1644.77	-1646.94	2.1661	0.07774971
9560	-1648.61	-1650.8	2.19019	0.07563829
9570	-1671.11	-1673.4	2.28306	0.06506009
9580	-1610.56	-1612.34	1.77958	0.1038727
9590	-1593.02	-1594.3	1.28148	0.1317053
9600	-1594.16	-1594.22	0.0589806	0.1972339
9610	-1587.91	-1588.68	0.771289	0.1589386
9620	-1591.02	-1591.28	0.265324	0.1860283
9630	-1690.05	-1692.36	2.30978	0.05791119
9640	-1629.06	-1631.1	2.03461	0.0877236
9650	-1609.96	-1611.73	1.7685	0.1045278
9660	-1587.99	-1588.8	0.815585	0.156582
9670	-1605.16	-1604.74	-0.423096	0.2239381
9680	-1588.13	-1588.74	0.610717	0.1674935
9690	-1638.38	-1640.5	2.1195	0.08152355
9700	-1767.75	-1769.83	2.07467	0.03788571
9710	-1781.23	-1783.22	1.98822	0.0353883
9720	-1666.57	-1668.84	2.2702	0.06698727
9730	-1611.86	-1613.67	1.80277	0.1024934
9740	-1601.82	-1603.41	1.58902	0.1148338
9750	-1587.92	-1588.61	0.697908	0.1628452
9760	-1604.83	-1606.5	1.66274	0.1106603
9770	-1608.66	-1610.4	1.74349	0.1059961
9780	-1588.51	-1589.05	0.53122	0.17174
9790	-1616.64	-1615.85	-0.788984	0.2447908
9800	-1625.43	-1627.43	1.99498	0.09042102
9810	-1832.9	-1834.45	1.55059	0.02748944
9820	-1738.03	-1740.25	2.22101	0.04423533
9830	-1804.75	-1806.56	1.80932	0.03149629
9840	-1893.69	-1894.53	0.836223	0.02068261
9850	-1745.34	-1747.53	2.19094	0.04255429
9860	-1618.4	-1620.31	1.90544	0.09621343
9870	-1594.63	-1595.98	1.35413	0.1277754
9880	-1648.62	-1650.81	2.19027	0.07563082
9890	-1668.62	-1670.9	2.27636	0.06610393
9900	-1701.04	-1703.35	2.30767	0.05429406
9910	-1657.93	-1660.17	2.23793	0.07092159
9920	-1635.18	-1637.27	2.0928	0.0835499
9930	-1647.51	-1649.7	2.1836	0.07622961
9940	-1734.19	-1736.43	2.23521	0.04515505
9950	-1669.48	-1671.76	2.27876	0.0657403
9960	-1758.67	-1760.79	2.12604	0.03969451
9970	-1700.15	-1702.46	2.30829	0.05457498
9980	-1608.4	-1610.13	1.73838	0.1062947
9990	-1789.18	-1791.11	1.93169	0.03401117
10000	-1608.01	-1609.74	1.73066	0.106745
