Iteration	Posterior	Likelihood	Prior	birth_rate
0	-1588.31	-1588.88	0.569131	0.1697137
10	-1595.19	-1595.19	0.00239132	0.2003284
20	-1588.02	-1588.84	0.826741	0.1559885
30	-1627.23	-1629.24	2.01508	0.0890651
40	-1588.75	-1589.72	0.968555	0.1484443
50	-1590.03	-1591.13	1.0976	0.1415665
60	-1596.47	-1597.9	1.42559	0.1238826
70	-1598.9	-1600.41	1.50634	0.1194415
80	-1654.96	-1657.19	2.22428	0.07236479
90	-1630.61	-1632.66	2.05027	0.08662783
100	-1598.59	-1600.08	1.49648	0.1199864
110	-1623.85	-1625.83	1.97643	0.09165234
120	-1695.23	-1697.54	2.31028	0.05616333
130	-1616.14	-1618.01	1.87231	0.09827483
140	-1691.43	-1693.74	2.31018	0.05743623
150	-1609.11	-1610.87	1.7524	0.1054742
160	-1591.62	-1592.82	1.20598	0.1357663
170	-1596.13	-1597.55	1.41318	0.1245606
180	-1596.75	-1596.67	-0.076561	0.2046625
190	-1605.27	-1606.94	1.67259	0.110097
200	-1607.71	-1609.43	1.72453	0.1071016
210	-1606.4	-1608.1	1.6973	0.1086774
220	-1647.76	-1649.94	2.18509	0.07609629
230	-1588.36	-1588.92	0.559473	0.1702297
240	-1603.38	-1605.01	1.6285	0.1126074
250	-1589.67	-1590.74	1.06737	0.1431798
260	-1589.48	-1590.53	1.04964	0.1441253
270	-1595.17	-1595.18	0.00344945	0.2002705
280	-1595.75	-1597.15	1.39871	0.1253504
290	-1631.93	-1634	2.06316	0.08571155
300	-1630.52	-1632.57	2.04942	0.0866881
310	-1696.74	-1699.05	2.30992	0.05566921
320	-1589.95	-1591.04	1.091	0.1419188
330	-1604.78	-1606.44	1.66152	0.11073
340	-1601.98	-1601.67	-0.303402	0.2172314
350	-1619.2	-1618.34	-0.861047	0.248964
360	-1625.13	-1624.12	-1.01866	0.2581713
370	-1603.32	-1604.95	1.62694	0.1126958
380	-1598.19	-1599.67	1.48385	0.1206833
390	-1588.66	-1589.62	0.956765	0.1490718
400	-1641.75	-1643.9	2.14519	0.07948695
410	-1609.71	-1611.47	1.76369	0.104811
420	-1603.5	-1603.13	-0.361853	0.2204998
430	-1590.86	-1592.02	1.15819	0.1383277
440	-1597.3	-1598.75	1.4544	0.1223036
450	-1611.1	-1612.89	1.78927	0.1032981
460	-1589.47	-1590.52	1.04834	0.1441944
470	-1587.95	-1588.62	0.676785	0.1639706
480	-1587.96	-1588.77	0.80502	0.157144
490	-1616.19	-1618.06	1.87302	0.098231
500	-1587.92	-1588.69	0.777278	0.15862
510	-1599.55	-1599.35	-0.204026	0.2117031
520	-1639.45	-1641.57	2.1279	0.08086811
530	-1681.91	-1684.21	2.30329	0.06082687
540	-1674.32	-1676.61	2.29054	0.06375347
550	-1678.06	-1680.36	2.29767	0.06228512
560	-1595.07	-1596.45	1.37239	0.1267834
570	-1605.22	-1606.89	1.67144	0.110163
580	-1642.03	-1644.17	2.14716	0.07932662
590	-1670.79	-1673.08	2.28224	0.06519307
600	-1597.84	-1599.32	1.4727	0.1212978
610	-1591.59	-1592.79	1.20413	0.1358659
620	-1588.12	-1588.73	0.614088	0.1673136
630	-1671.26	-1673.54	2.28343	0.06500016
640	-1624.97	-1626.96	1.98971	0.09077309
650	-1588.13	-1588.99	0.860191	0.1542094
660	-1641.36	-1643.5	2.14231	0.07972017
670	-1591.43	-1591.66	0.234026	0.1877205
680	-1607.92	-1609.65	1.72894	0.1068446
690	-1654.78	-1657	2.2234	0.07245561
700	-1629.29	-1631.33	2.03699	0.08755804
710	-1681.72	-1684.02	2.30305	0.06089759
720	-1631.39	-1633.45	2.05793	0.08608482
730	-1679.11	-1681.41	2.29937	0.06188282
740	-1630.62	-1632.67	2.05038	0.08662005
750	-1643.05	-1645.2	2.15437	0.07873397
760	-1663.75	-1666.01	2.26085	0.06822888
770	-1623.41	-1625.38	1.9711	0.09200258
780	-1602.85	-1602.51	-0.337323	0.2191266
790	-1703.17	-1705.48	2.30591	0.05363223
800	-1608.43	-1610.17	1.73911	0.106252
810	-1592.26	-1592.44	0.175612	0.1908858
820	-1626.03	-1624.99	-1.04157	0.2595187
830	-1615.2	-1617.06	1.85788	0.09916114
840	-1588.32	-1589.22	0.902614	0.1519529
850	-1606.9	-1608.61	1.70795	0.1080625
860	-1602.43	-1604.04	1.6049	0.1139408
870	-1595.81	-1597.21	1.40104	0.1252233
880	-1666.42	-1668.69	2.26974	0.06705098
890	-1608.44	-1610.18	1.73926	0.1062435
900	-1590.63	-1590.92	0.297055	0.184315
910	-1675.33	-1677.62	2.29262	0.06335392
920	-1690.95	-1693.26	2.31006	0.05759985
930	-1587.89	-1588.64	0.744035	0.1603891
940	-1588.22	-1589.1	0.881896	0.1530549
950	-1596.94	-1596.86	-0.0857188	0.2051665
960	-1700.09	-1702.4	2.30833	0.05459452
970	-1609.51	-1611.27	1.75999	0.1050287
980	-1587.89	-1588.64	0.748142	0.1601705
990	-1620.85	-1622.79	1.9388	0.09409722
1000	-1604.13	-1605.77	1.64631	0.1115965
1010	-1596.77	-1598.2	1.43604	0.1233105
1020	-1588.17	-1588.77	0.599251	0.1681054
1030	-1621.97	-1621.04	-0.936137	0.2533367
1040	-1617.56	-1619.46	1.89343	0.09696466
1050	-1590.44	-1590.76	0.312411	0.1834868
1060	-1614.57	-1613.84	-0.728478	0.2413042
1070	-1592.93	-1594.2	1.2767	0.131963
1080	-1623.1	-1625.07	1.9673	0.09225136
1090	-1610.37	-1612.15	1.77604	0.1040823
1100	-1588.01	-1588.84	0.825545	0.1560522
1110	-1650.48	-1652.68	2.20094	0.07464752
1120	-1653.35	-1655.57	2.21629	0.07316949
1130	-1632.06	-1634.13	2.0644	0.08562324
1140	-1657.89	-1660.13	2.23777	0.07093907
1150	-1588.43	-1589.35	0.920954	0.1509772
1160	-1592.62	-1593.88	1.26109	0.1328044
1170	-1614.64	-1616.49	1.84906	0.0997003
1180	-1686.65	-1688.96	2.30794	0.05910074
1190	-1677.97	-1680.27	2.29752	0.06231829
1200	-1829.84	-1831.42	1.58106	0.02789555
1210	-1628.46	-1630.49	2.0283	0.08816009
1220	-1595.43	-1596.82	1.3867	0.1260051
1230	-1645.43	-1647.6	2.17045	0.07737853
1240	-1600.66	-1602.22	1.55776	0.1165839
1250	-1612.45	-1614.27	1.81298	0.1018821
1260	-1665.14	-1667.41	2.2656	0.06761124
1270	-1588.37	-1588.93	0.556922	0.1703661
1280	-1587.89	-1588.62	0.725757	0.1613622
1290	-1588.25	-1589.13	0.88745	0.1527595
1300	-1587.98	-1588.64	0.661244	0.1647988
1310	-1587.89	-1588.64	0.749249	0.1601116
1320	-1663.05	-1665.31	2.25837	0.06854172
1330	-1589.83	-1590.91	1.08085	0.1424605
1340	-1620.87	-1622.8	1.93896	0.09408667
1350	-1599.37	-1600.89	1.52056	0.1186536
1360	-1632.67	-1634.74	2.07014	0.08520987
1370	-1588.04	-1588.88	0.836136	0.1554888
1380	-1590.46	-1591.59	1.13055	0.1398061
1390	-1589.49	-1589.9	0.403022	0.1786106
1400	-1590.3	-1591.42	1.1188	0.1404342
1410	-1588.14	-1589	0.862577	0.1540824
1420	-1591	-1592.17	1.16761	0.1378234
1430	-1589.95	-1590.3	0.357389	0.181064
1440	-1589.35	-1590.39	1.03711	0.1447931
1450	-1592.89	-1594.16	1.27478	0.1320666
1460	-1592.52	-1593.77	1.25584	0.1330868
1470	-1629.53	-1631.57	2.03938	0.0873918
1480	-1628.65	-1630.68	2.03034	0.08801885
1490	-1603.53	-1605.16	1.63212	0.1124025
1500	-1608.04	-1609.78	1.73137	0.1067036
1510	-1590.75	-1591.91	1.15112	0.1387061
1520	-1598.23	-1599.72	1.48525	0.120606
1530	-1617.63	-1619.52	1.89434	0.0969084
1540	-1592.81	-1594.08	1.27084	0.1322792
1550	-1588.5	-1589.43	0.933207	0.1503254
1560	-1601.66	-1603.24	1.58473	0.115075
1570	-1601.4	-1602.98	1.57786	0.1154602
1580	-1602.92	-1604.54	1.6171	0.1132527
1590	-1637.5	-1639.61	2.1124	0.08207061
1600	-1610.8	-1612.58	1.78385	0.1036195
1610	-1638.81	-1640.93	2.12294	0.08125649
1620	-1679.98	-1682.29	2.3007	0.06154848
1630	-1672.19	-1670.18	-2.00682	0.3186131
1640	-1598.98	-1598.8	-0.179135	0.2103238
1650	-1588.04	-1588.87	0.834663	0.1555672
1660	-1588.29	-1588.86	0.573212	0.1694958
1670	-1590.28	-1591.4	1.11692	0.1405348
1680	-1592.92	-1594.2	1.27664	0.1319665
1690	-1594.8	-1596.16	1.36122	0.1273908
1700	-1587.96	-1588.77	0.805382	0.1571247
1710	-1587.91	-1588.61	0.699114	0.162781
1720	-1596.14	-1597.55	1.41333	0.1245525
1730	-1645.94	-1648.11	2.17373	0.07709546
1740	-1700.93	-1703.24	2.30776	0.05433062
1750	-1610.49	-1612.27	1.7782	0.1039544
1760	-1593.32	-1594.61	1.29575	0.1309355
1770	-1588.74	-1589.7	0.967064	0.1485237
1780	-1610.53	-1612.31	1.77898	0.1039084
1790	-1715.08	-1717.37	2.28842	0.05013426
1800	-1634.86	-1636.95	2.09005	0.08375394
1810	-1596.62	-1598.05	1.43097	0.1235879
1820	-1588.45	-1589.37	0.924431	0.1507923
1830	-1614.85	-1614.11	-0.736803	0.241783
1840	-1588.1	-1588.95	0.852708	0.1546074
1850	-1651.77	-1653.98	2.20801	0.07397739
1860	-1746.04	-1748.23	2.18784	0.04239706
1870	-1600.55	-1602.1	1.55452	0.1167651
1880	-1609.3	-1608.73	-0.564637	0.2319402
1890	-1618.49	-1620.4	1.90673	0.09613215
1900	-1598.29	-1598.15	-0.14871	0.2086409
1910	-1621.31	-1623.26	1.94478	0.09371299
1920	-1699.56	-1701.87	2.30865	0.05476301
1930	-1672.24	-1674.53	2.28584	0.06459552
1940	-1643.83	-1645.99	2.15979	0.07828232
1950	-1592.55	-1593.8	1.25739	0.1330035
1960	-1590.21	-1591.32	1.11143	0.1408281
1970	-1590.69	-1591.83	1.14653	0.1389513
1980	-1604.97	-1604.56	-0.416259	0.2235536
1990	-1630.97	-1633.02	2.05381	0.0863775
2000	-1670.37	-1672.65	2.28115	0.06536772
2010	-1625.16	-1627.15	1.99185	0.09063
2020	-1611.34	-1613.13	1.79348	0.1030474
2030	-1608.37	-1610.11	1.73788	0.1063238
2040	-1592.15	-1593.38	1.23615	0.134146
2050	-1595.8	-1597.2	1.40071	0.1252416
2060	-1706.43	-1708.74	2.30239	0.05264095
2070	-1608.79	-1610.53	1.74607	0.1058454
2080	-1641.71	-1643.86	2.14487	0.07951279
2090	-1757.46	-1759.59	2.13246	0.03994398
2100	-1626.7	-1628.71	2.00931	0.08945688
2110	-1639.03	-1641.16	2.12469	0.08111986
2120	-1639.33	-1641.46	2.12702	0.08093724
2130	-1731.57	-1733.81	2.24425	0.04579758
2140	-1613.33	-1615.16	1.82771	0.1009952
2150	-1621.6	-1623.55	1.94854	0.09347075
2160	-1680.65	-1682.95	2.30164	0.0612979
2170	-1598.17	-1599.65	1.48328	0.1207149
2180	-1605.94	-1607.63	1.68743	0.1092457
2190	-1630.35	-1632.4	2.04773	0.08680695
2200	-1588.34	-1588.9	0.563246	0.1700282
2210	-1606.4	-1608.1	1.69741	0.1086713
2220	-1670.22	-1672.5	2.28073	0.06543372
2230	-1609.44	-1611.2	1.75863	0.1051087
2240	-1615.75	-1614.99	-0.763287	0.2433081
2250	-1587.92	-1588.7	0.781659	0.1583869
2260	-1603.14	-1602.8	-0.348568	0.2197558
2270	-1615.83	-1617.69	1.86755	0.09856779
2280	-1588.75	-1589.72	0.968627	0.1484404
2290	-1595.18	-1596.56	1.37667	0.1265507
2300	-1602.5	-1604.1	1.60645	0.1138533
2310	-1613.98	-1615.82	1.83839	0.1003491
2320	-1628.69	-1630.72	2.03074	0.08799117
2330	-1592.35	-1592.52	0.169434	0.1912211
2340	-1588.25	-1588.83	0.582059	0.1690233
2350	-1589.28	-1590.31	1.0296	0.1451932
2360	-1649.25	-1651.44	2.19392	0.07529835
2370	-1627.27	-1629.29	2.01558	0.08903162
2380	-1654.85	-1657.08	2.22375	0.07241917
2390	-1657.75	-1659.99	2.23716	0.07100554
2400	-1658.94	-1661.18	2.24226	0.07044218
2410	-1631.99	-1634.05	2.06368	0.08567488
2420	-1611.94	-1613.74	1.80405	0.1024168
2430	-1593.28	-1593.39	0.110882	0.1944042
2440	-1601.4	-1602.98	1.57787	0.1154593
2450	-1590.75	-1591.9	1.15091	0.1387172
2460	-1590.09	-1591.19	1.10207	0.1413277
2470	-1598.52	-1600.02	1.49455	0.120093
2480	-1587.89	-1588.65	0.751495	0.159992
2490	-1592.52	-1592.68	0.158178	0.1918323
2500	-1606.28	-1607.98	1.69482	0.1088205
2510	-1601.6	-1603.18	1.58313	0.1151648
2520	-1617.18	-1619.06	1.88777	0.09731709
2530	-1618.15	-1620.05	1.90182	0.09644052
2540	-1617.65	-1619.55	1.8947	0.09688593
2550	-1592.09	-1593.32	1.23288	0.1343218
2560	-1590.44	-1590.76	0.312555	0.183479
2570	-1588.96	-1589.43	0.465859	0.1752392
2580	-1590.59	-1590.89	0.299919	0.1841605
2590	-1588.04	-1588.68	0.636962	0.1660934
2600	-1588.18	-1588.78	0.597526	0.1681975
2610	-1598.22	-1599.7	1.48482	0.1206299
2620	-1596.02	-1597.43	1.40897	0.1247905
2630	-1590.52	-1591.65	1.13459	0.1395899
2640	-1603.65	-1605.29	1.63501	0.1122387
2650	-1632.06	-1634.13	2.06441	0.08562205
2660	-1588.2	-1589.07	0.87679	0.1533265
2670	-1627.71	-1629.73	2.02034	0.08870646
2680	-1589.59	-1590.65	1.05963	0.1435924
2690	-1612.44	-1614.25	1.81277	0.1018946
2700	-1605.58	-1607.26	1.67958	0.1096962
2710	-1594.19	-1594.25	0.0573361	0.1973237
2720	-1590.58	-1591.72	1.13868	0.1393714
2730	-1666.55	-1668.82	2.27016	0.06699285
2740	-1651.14	-1653.35	2.20462	0.07430052
2750	-1611.61	-1610.98	-0.638654	0.2361567
2760	-1588.27	-1588.84	0.578105	0.1692344
2770	-1589.9	-1590.99	1.08711	0.1421267
2780	-1588.64	-1589.15	0.511702	0.1727841
2790	-1592.44	-1593.7	1.25199	0.1332943
2800	-1608.93	-1610.68	1.7489	0.1056794
2810	-1616.2	-1618.07	1.87319	0.09822036
2820	-1665.45	-1667.71	2.26661	0.06747671
2830	-1604.34	-1605.99	1.65133	0.1113109
2840	-1651.19	-1653.4	2.20487	0.07427673
2850	-1600.1	-1601.64	1.54178	0.1174749
2860	-1599.98	-1601.52	1.53837	0.1176644
2870	-1588.06	-1588.9	0.840696	0.1552463
2880	-1604.36	-1606.01	1.65173	0.1112882
2890	-1638.91	-1641.03	2.1237	0.08119675
2900	-1701.39	-1703.69	2.30742	0.05418717
2910	-1623.63	-1625.6	1.97377	0.0918272
2920	-1634.51	-1636.59	2.08689	0.08398772
2930	-1588.61	-1589.56	0.949603	0.149453
2940	-1591.65	-1591.87	0.217633	0.1886079
2950	-1595.18	-1595.19	0.00277692	0.2003073
2960	-1588.7	-1589.66	0.962094	0.1487882
2970	-1587.9	-1588.62	0.720649	0.1616341
2980	-1613.47	-1615.3	1.83014	0.1008488
2990	-1646.72	-1648.89	2.17866	0.07666613
3000	-1594.06	-1595.39	1.32966	0.1291021
3010	-1607.88	-1609.6	1.72797	0.1069016
3020	-1670.02	-1672.3	2.28023	0.06551331
3030	-1600.12	-1601.66	1.54229	0.1174466
3040	-1681.85	-1684.15	2.30322	0.06084877
3050	-1653.7	-1655.92	2.21806	0.07299391
3060	-1625.73	-1627.72	1.99835	0.09019552
3070	-1636.39	-1638.49	2.1032	0.08277064
3080	-1589.29	-1590.32	1.03095	0.1451213
3090	-1610.16	-1609.57	-0.592679	0.233535
3100	-1598.97	-1600.47	1.50825	0.1193355
3110	-1588.89	-1589.87	0.986338	0.1474976
3120	-1589.14	-1589.59	0.442769	0.1764771
3130	-1593.28	-1594.58	1.29413	0.1310228
3140	-1607.56	-1609.29	1.72164	0.107269
3150	-1653.88	-1656.1	2.21895	0.07290475
3160	-1587.92	-1588.7	0.778833	0.1585372
3170	-1596.9	-1598.34	1.44076	0.1230521
3180	-1593.78	-1595.09	1.31711	0.1297811
3190	-1606.88	-1608.59	1.70756	0.108085
3200	-1729.79	-1732.04	2.25008	0.04624066
3210	-1655.23	-1657.45	2.22556	0.07223364
3220	-1594.94	-1596.3	1.36686	0.1270843
3230	-1604.73	-1606.39	1.66032	0.1107984
3240	-1592.34	-1593.59	1.24658	0.1335854
3250	-1633.47	-1635.55	2.07756	0.08467169
3260	-1590.44	-1590.75	0.31277	0.1834674
3270	-1589.78	-1590.15	0.373836	0.1801792
3280	-1588.85	-1589.83	0.981257	0.1477681
3290	-1605.91	-1607.6	1.68682	0.1092809
3300	-1618.97	-1618.12	-0.854616	0.2485906
3310	-1591.57	-1591.8	0.223492	0.1882907
3320	-1627.23	-1626.16	-1.0718	0.2613007
3330	-1596.29	-1597.71	1.41892	0.124247
3340	-1588.08	-1588.71	0.624087	0.1667801
3350	-1587.9	-1588.65	0.753532	0.1598836
3360	-1703.77	-1706.08	2.30533	0.05344734
3370	-1660.26	-1662.51	2.2477	0.06982199
3380	-1596.1	-1597.51	1.41185	0.1246332
3390	-1588.12	-1588.98	0.858693	0.154289
3400	-1596.78	-1598.21	1.43645	0.1232882
3410	-1638.08	-1640.2	2.11713	0.08170696
3420	-1608.43	-1610.17	1.73904	0.1062559
3430	-1626.89	-1628.9	2.01135	0.08931853
3440	-1588.26	-1588.84	0.579648	0.169152
3450	-1592.56	-1592.72	0.155602	0.1919722
3460	-1589.33	-1589.75	0.420858	0.1776528
3470	-1590.56	-1590.86	0.302848	0.1840025
3480	-1687.7	-1690.01	2.30864	0.05872796
3490	-1651.28	-1653.48	2.20535	0.07423112
3500	-1607.44	-1609.16	1.71909	0.1074171
3510	-1600.28	-1601.83	1.54705	0.1171813
3520	-1654.14	-1656.36	2.22025	0.07277456
3530	-1593.03	-1594.31	1.28185	0.1316854
3540	-1611.63	-1613.42	1.79861	0.1027414
3550	-1587.97	-1588.77	0.806268	0.1570776
3560	-1589.03	-1590.03	1.00305	0.1466075
3570	-1616.69	-1618.57	1.88052	0.09776714
3580	-1589.66	-1590.05	0.38554	0.1795499
3590	-1649.98	-1652.17	2.19811	0.07491136
3600	-1593.2	-1594.49	1.29006	0.1312425
3610	-1617	-1618.89	1.88525	0.09747367
3620	-1691.15	-1693.46	2.31011	0.05753218
3630	-1696.78	-1699.09	2.30991	0.05565734
3640	-1597.03	-1598.48	1.4454	0.1227974
3650	-1597.38	-1598.83	1.45713	0.1221536
3660	-1589.79	-1590.16	0.372727	0.1802389
3670	-1595.24	-1596.62	1.37919	0.1264135
3680	-1604.7	-1606.36	1.65975	0.1108308
3690	-1623.09	-1625.06	1.96722	0.09225707
3700	-1618.94	-1620.86	1.913	0.09573779
3710	-1587.94	-1588.62	0.679501	0.1638258
3720	-1611.8	-1613.6	1.80169	0.1025578
3730	-1631.91	-1633.97	2.06292	0.08572917
3740	-1684.74	-1687.04	2.30636	0.05978843
3750	-1699.76	-1702.07	2.30853	0.05469779
3760	-1637.14	-1639.25	2.10943	0.08229727
3770	-1640.33	-1642.47	2.13469	0.0803307
3780	-1620.94	-1622.88	1.9399	0.09402673
3790	-1630.06	-1632.1	2.04475	0.08701637
3800	-1620.08	-1622	1.92848	0.09475623
3810	-1608.49	-1610.23	1.74019	0.1061892
3820	-1701.15	-1703.46	2.3076	0.0542615
3830	-1613.71	-1615.55	1.8341	0.1006094
3840	-1587.9	-1588.61	0.708563	0.1622777
3850	-1589.05	-1590.06	1.00561	0.1464714
3860	-1598.1	-1597.96	-0.14006	0.208163
3870	-1627.16	-1629.17	2.01431	0.08911763
3880	-1592.22	-1592.4	0.178206	0.1907451
3890	-1599.84	-1601.37	1.53432	0.1178896
3900	-1588.08	-1588.92	0.846196	0.1549537
3910	-1588.43	-1589.35	0.922189	0.1509115
3920	-1601.45	-1603.03	1.57933	0.1153776
3930	-1623.45	-1625.42	1.97158	0.09197144
3940	-1588.38	-1589.29	0.912548	0.1514244
3950	-1596.62	-1596.55	-0.0702521	0.2043154
3960	-1590.27	-1591.39	1.11623	0.1405716
3970	-1641.32	-1643.47	2.14205	0.07974057
3980	-1615.1	-1616.96	1.85635	0.09925529
3990	-1588.26	-1588.84	0.579041	0.1691844
4000	-1622.37	-1624.33	1.95829	0.09283881
4010	-1627.85	-1629.88	2.02187	0.08860183
4020	-1589.07	-1590.08	1.00785	0.1463519
4030	-1624.63	-1626.62	1.98572	0.09103807
4040	-1631.87	-1633.94	2.06259	0.08575233
4050	-1639.38	-1641.5	2.12736	0.0809105
4060	-1639.51	-1641.64	2.12841	0.08082748
4070	-1629.78	-1631.82	2.04197	0.08721098
4080	-1658.61	-1660.85	2.24089	0.07059564
4090	-1612.98	-1614.8	1.82186	0.1013484
4100	-1709.62	-1711.92	2.29802	0.05169781
4110	-1642.98	-1645.13	2.15391	0.0787717
4120	-1634.07	-1636.15	2.08297	0.08427621
4130	-1588	-1588.82	0.819514	0.156373
4140	-1595.87	-1597.28	1.40348	0.1250906
4150	-1672.12	-1674.41	2.28556	0.06464386
4160	-1619.82	-1621.75	1.92507	0.09497331
4170	-1589.55	-1590.61	1.05625	0.1437726
4180	-1588.72	-1589.69	0.9654	0.1486122
4190	-1592.06	-1592.25	0.189043	0.1901573
4200	-1590.51	-1591.64	1.13357	0.1396448
4210	-1645.78	-1647.95	2.1727	0.07718477
4220	-1599.54	-1601.06	1.52549	0.1183799
4230	-1589.4	-1589.81	0.413172	0.1780655
4240	-1602.85	-1604.47	1.61545	0.1133457
4250	-1588.56	-1589.09	0.523368	0.17216
4260	-1615.9	-1615.14	-0.76767	0.2435608
4270	-1635.83	-1637.93	2.09847	0.08312637
4280	-1669.6	-1671.88	2.27909	0.06568995
4290	-1588.55	-1589.49	0.94131	0.1498942
4300	-1603.37	-1603.02	-0.357289	0.2202441
4310	-1615.81	-1617.67	1.86725	0.09858619
4320	-1642.09	-1644.23	2.14758	0.07929187
4330	-1616.78	-1618.67	1.882	0.09767577
4340	-1588.07	-1588.7	0.628006	0.1665711
4350	-1605.82	-1607.5	1.6847	0.1094024
4360	-1727.07	-1729.33	2.25848	0.0469272
4370	-1643.83	-1645.99	2.1598	0.0782821
4380	-1594.72	-1596.07	1.35774	0.1275797
4390	-1608.93	-1610.68	1.74886	0.1056817
4400	-1601.12	-1602.69	1.57039	0.1158783
4410	-1640.67	-1642.81	2.1372	0.08013019
4420	-1618.16	-1620.06	1.90199	0.09643004
4430	-1600.77	-1600.51	-0.254838	0.2145253
4440	-1588.1	-1588.95	0.852136	0.1546378
4450	-1621.58	-1623.52	1.94818	0.09349374
4460	-1714.25	-1716.54	2.29005	0.05036875
4470	-1605.96	-1607.65	1.68787	0.1092205
4480	-1596.7	-1598.14	1.43385	0.1234303
4490	-1591.23	-1591.48	0.249159	0.186902
4500	-1588.69	-1589.65	0.960863	0.1488537
4510	-1640.47	-1642.61	2.13575	0.08024666
4520	-1599.49	-1599.29	-0.201364	0.2115555
4530	-1593.52	-1593.62	0.096007	0.1952144
4540	-1602.12	-1603.72	1.59689	0.114392
4550	-1634.36	-1636.44	2.08555	0.08408677
4560	-1618.45	-1620.35	1.90604	0.09617552
4570	-1605.17	-1604.75	-0.423527	0.2239624
4580	-1587.92	-1588.61	0.693998	0.1630535
4590	-1592.59	-1592.74	0.154219	0.1920473
4600	-1593.62	-1594.93	1.31011	0.1301596
4610	-1591.9	-1593.13	1.22249	0.1348801
4620	-1598.42	-1599.91	1.49114	0.1202812
4630	-1643.74	-1645.9	2.15918	0.07833329
4640	-1590.23	-1590.56	0.330912	0.1824897
4650	-1589.46	-1589.87	0.406513	0.1784231
4660	-1592.11	-1593.35	1.23416	0.134253
4670	-1628.52	-1630.55	2.02892	0.08811719
4680	-1641.52	-1643.66	2.14347	0.07962614
4690	-1696.36	-1698.67	2.31003	0.05579221
4700	-1616.24	-1618.11	1.87385	0.09817984
4710	-1620.63	-1622.57	1.93585	0.09428599
4720	-1661.16	-1663.41	2.25127	0.06940396
4730	-1593.29	-1594.58	1.29423	0.1310175
4740	-1743.32	-1745.52	2.19965	0.04301066
4750	-1712.9	-1715.19	2.29257	0.05075118
4760	-1623.87	-1625.85	1.97667	0.09163625
4770	-1636.66	-1638.77	2.10547	0.08259821
4780	-1619.7	-1621.63	1.92346	0.0950756
4790	-1608.04	-1607.52	-0.523079	0.2295825
4800	-1597.33	-1598.79	1.4556	0.1222375
4810	-1606.19	-1605.73	-0.459434	0.225985
4820	-1589.12	-1590.13	1.01314	0.1460702
4830	-1649.48	-1651.67	2.19526	0.07517471
4840	-1669.16	-1671.44	2.27786	0.06587756
4850	-1614.35	-1616.19	1.84437	0.09998612
4860	-1643.01	-1645.16	2.15412	0.07875501
4870	-1602.44	-1604.04	1.60499	0.1139359
4880	-1603.63	-1603.26	-0.366884	0.2207817
4890	-1612.12	-1613.93	1.80729	0.1022233
4900	-1588.46	-1589.39	0.927309	0.1506392
4910	-1638.86	-1640.98	2.1233	0.08122815
4920	-1589.22	-1590.24	1.02327	0.1455305
4930	-1606.37	-1608.07	1.69666	0.108714
4940	-1588.91	-1589.89	0.988525	0.1473812
4950	-1623.38	-1625.35	1.97077	0.09202465
4960	-1592.12	-1593.36	1.23467	0.1342254
4970	-1637.39	-1639.5	2.11151	0.0821389
4980	-1588.59	-1589.11	0.518035	0.1724453
4990	-1634.23	-1636.31	2.08441	0.08417068
5000	-1699.31	-1701.62	2.3088	0.0548429
5010	-1661.92	-1664.18	2.25419	0.06905494
5020	-1680.01	-1682.31	2.30073	0.06154019
5030	-1685.17	-1687.48	2.30675	0.05963181
5040	-1642.85	-1645	2.15298	0.07884843
5050	-1637.95	-1640.07	2.1161	0.08178646
5060	-1672.05	-1674.33	2.28538	0.06467483
5070	-1587.89	-1588.63	0.740361	0.1605847
5080	-1588.86	-1589.84	0.982861	0.1476828
5090	-1624.91	-1626.9	1.98901	0.09081973
5100	-1642.13	-1644.28	2.14788	0.07926735
5110	-1602.64	-1604.25	1.61015	0.1136447
5120	-1602.76	-1604.37	1.61305	0.1134813
5130	-1616.92	-1616.12	-0.796884	0.2452472
5140	-1626.39	-1625.34	-1.05047	0.2600433
5150	-1603.03	-1604.65	1.61973	0.1131038
5160	-1597.73	-1597.6	-0.122689	0.2072041
5170	-1651.35	-1653.56	2.20577	0.07419145
5180	-1645.94	-1648.11	2.17374	0.07709442
5190	-1625.89	-1627.89	2.00019	0.09007246
5200	-1642.09	-1644.23	2.14758	0.07929171
5210	-1663.72	-1665.98	2.26073	0.06824409
5220	-1639.52	-1641.65	2.12846	0.08082358
5230	-1720.63	-1722.91	2.27604	0.04861379
5240	-1737.72	-1739.94	2.2222	0.04430907
5250	-1621.06	-1623	1.94148	0.09392479
5260	-1695.24	-1697.55	2.31028	0.05616057
5270	-1671.84	-1674.12	2.28487	0.06476088
5280	-1687.09	-1689.4	2.30825	0.0589434
5290	-1683.09	-1685.39	2.30468	0.06039019
5300	-1680.93	-1683.24	2.30203	0.06119024
5310	-1615.13	-1616.98	1.85673	0.09923168
5320	-1587.99	-1588.65	0.656866	0.1650322
5330	-1597.57	-1599.04	1.46375	0.1217901
5340	-1628.3	-1630.33	2.0266	0.088277
5350	-1638.71	-1640.83	2.12214	0.08131869
5360	-1694.32	-1696.63	2.31039	0.05646432
5370	-1659.43	-1661.68	2.24432	0.07020943
5380	-1596.9	-1598.35	1.44092	0.1230429
5390	-1599.82	-1601.35	1.53369	0.1179247
5400	-1588.32	-1588.89	0.566285	0.1698658
5410	-1591.55	-1592.76	1.20212	0.1359738
5420	-1591.19	-1592.37	1.18007	0.1371556
5430	-1589.35	-1590.38	1.03653	0.1448241
5440	-1596.44	-1597.87	1.42449	0.1239426
5450	-1598.05	-1599.53	1.47936	0.1209308
5460	-1592.67	-1593.93	1.26363	0.1326672
5470	-1590.97	-1591.24	0.269278	0.1858146
5480	-1602.72	-1604.33	1.61212	0.1135337
5490	-1589.58	-1589.97	0.394136	0.179088
5500	-1614.97	-1616.82	1.85419	0.09938698
5510	-1604.47	-1606.13	1.6544	0.1111359
5520	-1604.93	-1606.6	1.66495	0.1105343
5530	-1621.33	-1623.27	1.94495	0.09370161
5540	-1588.39	-1589.31	0.914923	0.1512981
5550	-1600.22	-1601.76	1.54517	0.1172859
5560	-1681.31	-1683.62	2.30254	0.06104798
5570	-1594.82	-1596.19	1.36227	0.1273334
5580	-1593.99	-1595.31	1.32649	0.1292734
5590	-1624.98	-1626.97	1.98979	0.09076769
5600	-1605.09	-1606.75	1.66846	0.1103335
5610	-1612.45	-1614.27	1.813	0.1018808
5620	-1628.81	-1630.84	2.03194	0.08790846
5630	-1657.5	-1659.74	2.23606	0.07112508
5640	-1714.36	-1716.65	2.28984	0.05033708
5650	-1705.25	-1707.55	2.30378	0.05299779
5660	-1621.67	-1623.62	1.9494	0.09341515
5670	-1614.16	-1616	1.84135	0.1001695
5680	-1683.25	-1685.55	2.30486	0.06033047
5690	-1611.59	-1613.39	1.79803	0.1027761
5700	-1589.27	-1590.3	1.02863	0.145245
5710	-1588.13	-1588.99	0.860618	0.1541867
5720	-1588.44	-1589.36	0.922852	0.1508762
5730	-1675.68	-1677.98	2.29333	0.06321291
5740	-1626.47	-1628.47	2.0067	0.08963359
5750	-1710.38	-1712.67	2.29684	0.05147692
5760	-1661.56	-1663.81	2.25281	0.06922105
5770	-1675.7	-1677.99	2.29336	0.06320748
5780	-1629.48	-1631.52	2.03886	0.08742761
5790	-1606.78	-1608.48	1.70532	0.1082147
5800	-1610.1	-1611.87	1.77095	0.1043832
5810	-1595.84	-1597.25	1.40238	0.1251505
5820	-1617.36	-1619.25	1.89041	0.09715303
5830	-1602.99	-1604.61	1.61894	0.1131487
5840	-1658.42	-1660.66	2.24004	0.07068906
5850	-1642.69	-1644.84	2.15186	0.0789413
5860	-1612.36	-1614.17	1.81131	0.1019822
5870	-1595.6	-1596.99	1.39306	0.1256586
5880	-1590.52	-1591.65	1.13435	0.1396028
5890	-1594.84	-1594.86	0.0212626	0.1992954
5900	-1611.54	-1610.9	-0.636345	0.2360249
5910	-1674.68	-1676.97	2.2913	0.06361085
5920	-1657.99	-1660.23	2.23819	0.07089335
5930	-1680.97	-1683.27	2.30208	0.06117651
5940	-1589.69	-1590.76	1.06873	0.143107
5950	-1600.83	-1602.39	1.56239	0.1163257
5960	-1614.66	-1616.51	1.84939	0.09968023
5970	-1594.46	-1595.81	1.347	0.1281624
5980	-1607.51	-1609.23	1.72057	0.1073316
5990	-1713.1	-1715.39	2.29221	0.05069437
6000	-1590.84	-1592	1.1572	0.1383805
6010	-1630.36	-1629.21	-1.14861	0.2658472
6020	-1612.36	-1614.17	1.81137	0.1019785
6030	-1652.78	-1654.99	2.21332	0.07346215
6040	-1627.96	-1629.98	2.02302	0.08852307
6050	-1596.31	-1596.25	-0.0548306	0.2034676
6060	-1588.45	-1589.38	0.925223	0.1507501
6070	-1591.37	-1592.56	1.19104	0.1365679
6080	-1593.94	-1595.27	1.32457	0.1293777
6090	-1619.33	-1621.25	1.91839	0.09539716
6100	-1597.26	-1598.71	1.45324	0.1223675
6110	-1590.75	-1591.9	1.15052	0.1387382
6120	-1643.63	-1645.78	2.15838	0.07840016
6130	-1588.63	-1589.14	0.512875	0.1727214
6140	-1588	-1588.65	0.651305	0.1653286
6150	-1663.7	-1665.96	2.26067	0.0682515
6160	-1602.32	-1603.92	1.60196	0.1141064
6170	-1681.65	-1683.95	2.30297	0.06092321
6180	-1593.72	-1595.04	1.31464	0.129915
6190	-1587.97	-1588.77	0.806476	0.1570665
6200	-1588.59	-1589.11	0.518431	0.1724241
6210	-1593.96	-1595.29	1.32551	0.1293266
6220	-1611.81	-1613.61	1.8019	0.1025454
6230	-1590.17	-1590.5	0.337006	0.1821614
6240	-1591.33	-1591.57	0.241391	0.1873221
6250	-1595.09	-1595.09	0.00795635	0.2000237
6260	-1649.3	-1651.49	2.19422	0.07527077
6270	-1615.02	-1616.87	1.85497	0.09933911
6280	-1656.68	-1658.91	2.23233	0.07152504
6290	-1641.08	-1643.22	2.14028	0.07988351
6300	-1629.23	-1631.27	2.03635	0.08760277
6310	-1593.05	-1593.17	0.124898	0.1936414
6320	-1603.47	-1605.1	1.63057	0.1124901
6330	-1596.31	-1597.73	1.41959	0.1242104
6340	-1589.38	-1589.8	0.415506	0.1779401
6350	-1648.39	-1646.84	-1.55047	0.2900937
6360	-1594.49	-1594.53	0.0404913	0.1982439
6370	-1593.03	-1594.31	1.28181	0.1316878
6380	-1631.19	-1633.25	2.05598	0.08622387
6390	-1590.61	-1591.75	1.14081	0.1392575
6400	-1601.03	-1602.6	1.5678	0.116023
6410	-1587.91	-1588.69	0.775214	0.1587298
6420	-1599.66	-1601.19	1.52896	0.1181876
6430	-1648.91	-1651.1	2.19197	0.07547658
6440	-1668.18	-1670.46	2.27509	0.06629121
6450	-1593.82	-1593.9	0.0782049	0.1961849
6460	-1625.07	-1627.06	1.99082	0.09069915
6470	-1594.93	-1596.3	1.36655	0.1271011
6480	-1589.78	-1590.85	1.07615	0.1427113
6490	-1607.37	-1606.87	-0.500469	0.2283026
6500	-1595.86	-1597.27	1.40319	0.1251061
6510	-1588.16	-1588.76	0.602332	0.1679409
6520	-1593.02	-1594.3	1.28137	0.1317112
6530	-1691.56	-1693.87	2.31021	0.05739204
6540	-1588.07	-1588.92	0.844732	0.1550316
6550	-1616.88	-1618.76	1.8834	0.09758906
6560	-1665.93	-1668.2	2.2682	0.0672631
6570	-1650.33	-1652.53	2.20011	0.0747252
6580	-1650.88	-1653.08	2.20316	0.07443913
6590	-1596.16	-1597.57	1.41422	0.1245041
6600	-1618.87	-1620.78	1.91203	0.09579867
6610	-1587.97	-1588.77	0.806446	0.1570681
6620	-1601.17	-1602.74	1.57165	0.1158078
6630	-1590.43	-1591.56	1.12812	0.1399362
6640	-1600.13	-1601.67	1.54267	0.1174253
6650	-1614.26	-1616.1	1.84299	0.10007
6660	-1644.4	-1646.57	2.16367	0.07795593
6670	-1681.21	-1683.51	2.3024	0.06108648
6680	-1689	-1691.31	2.30934	0.05827466
6690	-1587.96	-1588.76	0.802302	0.1572886
6700	-1594.91	-1596.27	1.36571	0.1271465
6710	-1589.61	-1590.68	1.06188	0.1434727
6720	-1588.59	-1589.1	0.519608	0.1723611
6730	-1667.58	-1669.85	2.2733	0.06655064
6740	-1687.08	-1689.39	2.30824	0.05894851
6750	-1618.46	-1620.37	1.90624	0.09616335
6760	-1643.02	-1645.17	2.15416	0.07875106
6770	-1677.23	-1679.52	2.29622	0.06260797
6780	-1598.35	-1599.84	1.4891	0.1203939
6790	-1604.09	-1605.73	1.64536	0.1116509
6800	-1588.07	-1588.92	0.845291	0.1550019
6810	-1706.65	-1708.95	2.30212	0.05257597
6820	-1593.6	-1594.91	1.30898	0.130221
6830	-1622.27	-1624.23	1.95701	0.09292209
6840	-1603.06	-1604.68	1.62061	0.113054
6850	-1594.87	-1596.24	1.36421	0.1272283
6860	-1603.12	-1604.74	1.62198	0.1129764
6870	-1629.72	-1631.76	2.0413	0.08725748
6880	-1602.67	-1602.34	-0.330371	0.2187378
6890	-1589.92	-1590.28	0.360033	0.1809217
6900	-1633.35	-1635.42	2.07641	0.08475574
6910	-1688.88	-1691.19	2.30928	0.05831687
6920	-1588.2	-1589.08	0.877845	0.1532704
6930	-1587.94	-1588.62	0.678213	0.1638945
6940	-1605.58	-1607.26	1.67948	0.1097019
6950	-1698.17	-1700.48	2.30937	0.05520631
6960	-1588.56	-1589.51	0.942801	0.1498149
6970	-1594.67	-1596.02	1.35575	0.1276878
6980	-1592.3	-1592.47	0.173188	0.1910174
6990	-1648.05	-1646.51	-1.54331	0.2896549
7000	-1595.1	-1596.47	1.37334	0.1267321
7010	-1595.2	-1596.58	1.37749	0.1265063
7020	-1672.21	-1674.5	2.28577	0.06460861
7030	-1602.25	-1603.85	1.60021	0.1142047
7040	-1589.2	-1590.22	1.02113	0.1456449
7050	-1594.47	-1595.82	1.34741	0.1281399
7060	-1590.51	-1591.64	1.13384	0.1396301
7070	-1595.23	-1596.61	1.37856	0.1264481
7080	-1589.22	-1590.24	1.02343	0.145522
7090	-1600.57	-1602.13	1.55528	0.1167224
7100	-1624	-1625.98	1.97821	0.09153494
7110	-1594.15	-1595.49	1.33387	0.1288742
7120	-1648.35	-1650.54	2.18863	0.07577859
7130	-1732.35	-1734.59	2.24162	0.04560547
7140	-1601.08	-1602.65	1.56924	0.1159427
7150	-1607.29	-1609.01	1.71608	0.1075916
7160	-1639.45	-1641.58	2.12796	0.0808628
7170	-1589.46	-1589.86	0.407045	0.1783945
7180	-1588.42	-1589.34	0.919922	0.1510321
7190	-1596.89	-1596.81	-0.0834161	0.2050398
7200	-1588.71	-1589.21	0.49972	0.1734255
7210	-1590.54	-1590.84	0.304383	0.1839197
7220	-1616.54	-1618.42	1.87834	0.09790233
7230	-1587.89	-1588.64	0.747651	0.1601967
7240	-1629.27	-1628.15	-1.12218	0.2642797
7250	-1637.92	-1636.59	-1.32463	0.2763712
7260	-1619.34	-1618.48	-0.86488	0.2491865
7270	-1630.43	-1629.28	-1.15032	0.265949
7280	-1620.16	-1619.28	-0.887415	0.2504966
7290	-1606.27	-1607.97	1.6946	0.1088329
7300	-1589.8	-1590.88	1.07838	0.1425926
7310	-1606.81	-1608.52	1.70606	0.1081716
7320	-1600.74	-1602.3	1.55987	0.1164663
7330	-1587.89	-1588.64	0.74437	0.1603713
7340	-1589.72	-1590.1	0.379841	0.1798563
7350	-1619.83	-1621.75	1.92513	0.09496953
7360	-1588.23	-1589.11	0.884193	0.1529327
7370	-1655.55	-1657.78	2.2271	0.07207466
7380	-1705.36	-1707.66	2.30366	0.05296495
7390	-1588.51	-1589.44	0.934692	0.1502463
7400	-1589.59	-1590.65	1.05972	0.1435877
7410	-1640.77	-1639.39	-1.38814	0.2802047
7420	-1629.7	-1631.74	2.04115	0.08726782
7430	-1614.69	-1616.54	1.84979	0.09965585
7440	-1593.42	-1593.52	0.10243	0.1948645
7450	-1629.52	-1631.56	2.03933	0.08739504
7460	-1601.88	-1601.58	-0.299759	0.2170281
7470	-1608.66	-1608.11	-0.543539	0.2307424
7480	-1593.71	-1595.02	1.31381	0.1299598
7490	-1608.28	-1610.01	1.73599	0.1064341
7500	-1590.61	-1591.75	1.14123	0.1392349
7510	-1627.95	-1629.98	2.02294	0.08852819
7520	-1656.83	-1659.07	2.23305	0.07144833
7530	-1595.27	-1596.65	1.38018	0.1263601
7540	-1759.22	-1761.34	2.12308	0.03958145
7550	-1700.85	-1703.16	2.30781	0.05435377
7560	-1588.83	-1589.81	0.978916	0.1478928
7570	-1606.25	-1607.94	1.69412	0.1088606
7580	-1587.91	-1588.68	0.772609	0.1588684
7590	-1612.56	-1614.38	1.81486	0.1017695
7600	-1634.57	-1636.66	2.08745	0.08394652
7610	-1652.1	-1654.31	2.20976	0.0738084
7620	-1636.28	-1638.38	2.10223	0.08284344
7630	-1609.73	-1611.49	1.76407	0.1047885
7640	-1588.84	-1589.82	0.980359	0.147816
7650	-1692.38	-1694.69	2.31034	0.05711542
7660	-1606.77	-1608.48	1.70521	0.1082207
7670	-1649.54	-1651.74	2.19562	0.07514159
7680	-1618.01	-1619.91	1.89991	0.09655981
7690	-1600.79	-1602.36	1.56142	0.1163797
7700	-1600.34	-1601.89	1.54863	0.1170934
7710	-1616.14	-1618.02	1.8724	0.09826941
7720	-1589.19	-1590.21	1.02078	0.1456634
7730	-1594.07	-1594.13	0.0641635	0.196951
7740	-1621.59	-1620.67	-0.92606	0.2527484
7750	-1637.19	-1635.88	-1.30817	0.2753811
7760	-1591.95	-1593.18	1.22521	0.1347338
7770	-1600.37	-1601.92	1.54948	0.117046
7780	-1620.01	-1619.13	-0.883353	0.2502603
7790	-1595.51	-1596.9	1.38953	0.1258509
7800	-1654.19	-1652.53	-1.66807	0.2973403
7810	-1589.74	-1590.11	0.377965	0.1799572
7820	-1621.84	-1623.79	1.9515	0.09327927
7830	-1622.41	-1624.37	1.95882	0.09280494
7840	-1616.86	-1618.75	1.88316	0.09760362
7850	-1609.89	-1611.65	1.76708	0.1046114
7860	-1596.06	-1597.47	1.41066	0.1246986
7870	-1588.84	-1589.83	0.980995	0.1477821
7880	-1599.4	-1600.92	1.52128	0.1186138
7890	-1605.14	-1606.81	1.66958	0.1102696
7900	-1589.13	-1589.57	0.444733	0.1763717
7910	-1590	-1591.09	1.09465	0.141724
7920	-1681.11	-1683.41	2.30227	0.06112471
7930	-1598.97	-1600.48	1.50835	0.1193298
7940	-1591.28	-1591.53	0.245177	0.1871173
7950	-1626.13	-1628.14	2.00298	0.08988452
7960	-1599.33	-1600.85	1.51935	0.1187208
7970	-1741.8	-1744.01	2.20598	0.04335684
7980	-1684.29	-1686.6	2.30594	0.05994901
7990	-1593.51	-1594.82	1.30483	0.1304451
8000	-1656.41	-1658.64	2.23113	0.07165294
8010	-1744.7	-1746.89	2.19372	0.0426973
8020	-1606.5	-1608.2	1.69951	0.1085498
8030	-1622.68	-1624.65	1.96218	0.09258567
8040	-1590.19	-1591.3	1.10975	0.1409175
8050	-1620.49	-1622.42	1.93402	0.09440319
8060	-1597.97	-1599.45	1.47679	0.1210722
8070	-1685.99	-1688.29	2.30744	0.05933819
8080	-1613.06	-1614.89	1.82329	0.1012622
8090	-1589.45	-1589.86	0.408133	0.1783361
8100	-1594.51	-1595.86	1.34914	0.128046
8110	-1598.72	-1600.22	1.50064	0.1197563
8120	-1640.48	-1642.62	2.13578	0.08024383
8130	-1588.16	-1588.76	0.603364	0.1678859
8140	-1588.24	-1588.83	0.583492	0.1689468
8150	-1635.13	-1637.22	2.09235	0.08358334
8160	-1651.03	-1653.23	2.20399	0.07435998
8170	-1635.59	-1637.68	2.09634	0.08328601
8180	-1598.47	-1599.97	1.49298	0.1201797
8190	-1598.22	-1599.71	1.48499	0.1206207
8200	-1590.29	-1591.41	1.11765	0.1404954
8210	-1631.38	-1633.43	2.05779	0.0860954
8220	-1603.93	-1605.57	1.64171	0.1118582
8230	-1598.6	-1600.1	1.49701	0.1199568
8240	-1589.84	-1590.21	0.367604	0.1805144
8250	-1587.97	-1588.64	0.663643	0.1646709
8260	-1606.17	-1607.86	1.69241	0.1089593
8270	-1602.42	-1604.02	1.60442	0.1139677
8280	-1589.71	-1590.78	1.07072	0.1430011
8290	-1645.67	-1647.84	2.17198	0.07724654
8300	-1588.06	-1588.69	0.632644	0.1663237
8310	-1613	-1614.82	1.82217	0.1013295
8320	-1666.19	-1668.46	2.26901	0.06715236
8330	-1648.08	-1650.27	2.18704	0.07592191
8340	-1636.55	-1638.65	2.10453	0.08266964
8350	-1616.72	-1618.6	1.88104	0.09773529
8360	-1619.33	-1621.24	1.9183	0.09540262
8370	-1623.49	-1622.52	-0.976197	0.2556797
8380	-1605.99	-1607.68	1.68855	0.1091813
8390	-1667.42	-1669.69	2.27282	0.06661914
8400	-1591.18	-1592.36	1.17915	0.1372051
8410	-1594.63	-1594.66	0.032746	0.1986673
8420	-1588.71	-1589.67	0.963394	0.148719
8430	-1599.73	-1601.26	1.53122	0.118062
8440	-1625.56	-1627.56	1.99648	0.09032075
8450	-1591.29	-1592.47	1.18594	0.136841
8460	-1589.5	-1590.55	1.05116	0.1440441
8470	-1620.61	-1622.55	1.93561	0.09430148
8480	-1711.72	-1714.02	2.29463	0.05108756
8490	-1606.63	-1608.33	1.70212	0.1083992
8500	-1632.59	-1634.66	2.0694	0.08526354
8510	-1628.48	-1630.5	2.02848	0.08814765
8520	-1666.56	-1668.83	2.27018	0.06699116
8530	-1590.48	-1591.61	1.13193	0.1397325
8540	-1611.2	-1610.57	-0.625652	0.2354144
8550	-1639.62	-1641.75	2.12927	0.08076001
8560	-1622.06	-1624.02	1.95437	0.09309314
8570	-1597.77	-1599.24	1.47026	0.1214317
8580	-1596.07	-1597.49	1.41105	0.1246774
8590	-1625.75	-1627.75	1.99865	0.09017517
8600	-1588.7	-1589.2	0.502418	0.1732811
8610	-1695.55	-1697.86	2.31022	0.05605668
8620	-1709.93	-1712.23	2.29754	0.05160616
8630	-1629.94	-1631.98	2.04356	0.08709926
8640	-1603.82	-1603.44	-0.373833	0.2211713
8650	-1673.53	-1675.82	2.28882	0.06407205
8660	-1603.42	-1603.06	-0.359116	0.2203465
8670	-1588.29	-1588.86	0.573039	0.169505
8680	-1604.68	-1606.34	1.65915	0.1108652
8690	-1589.67	-1590.74	1.06688	0.143206
8700	-1591.29	-1592.48	1.18609	0.1368333
8710	-1591.42	-1592.61	1.19393	0.1364129
8720	-1602.71	-1604.32	1.61192	0.1135452
8730	-1589.22	-1590.25	1.02381	0.1455018
8740	-1596.03	-1595.99	-0.0411552	0.2027164
8750	-1587.99	-1588.81	0.818515	0.1564261
8760	-1634.09	-1636.17	2.08312	0.08426488
8770	-1611.09	-1610.47	-0.62211	0.2352123
8780	-1632.93	-1631.72	-1.21	0.2695009
8790	-1589.45	-1589.86	0.408151	0.1783351
8800	-1591.79	-1593.01	1.2163	0.1352127
8810	-1588.28	-1589.18	0.894526	0.1523831
8820	-1749.63	-1751.8	2.17142	0.04160457
8830	-1625.24	-1627.23	1.99274	0.09057073
8840	-1654.01	-1656.23	2.21963	0.07283719
8850	-1624.54	-1626.52	1.98459	0.09111341
8860	-1663.42	-1665.68	2.2597	0.06837458
8870	-1628.18	-1630.21	2.02537	0.08836158
8880	-1615.1	-1616.96	1.8563	0.09925782
8890	-1652.14	-1654.35	2.20997	0.07378823
8900	-1595.88	-1597.28	1.40359	0.1250845
8910	-1590.12	-1591.23	1.10468	0.1411884
8920	-1656.47	-1658.71	2.23142	0.07162253
8930	-1587.89	-1588.64	0.745899	0.1602899
8940	-1592.7	-1593.96	1.26512	0.1325872
8950	-1613.56	-1612.86	-0.698242	0.2395677
8960	-1624.77	-1623.76	-1.00941	0.2576281
8970	-1588.18	-1588.78	0.596829	0.1682347
8980	-1587.9	-1588.61	0.711766	0.1621071
8990	-1607.06	-1608.77	1.71126	0.1078709
9000	-1673.67	-1675.96	2.28913	0.06401476
9010	-1643.84	-1646	2.15987	0.07827619
9020	-1593.82	-1595.14	1.31918	0.129669
9030	-1665.15	-1667.41	2.26563	0.06760791
9040	-1589.61	-1590	0.391088	0.1792518
9050	-1591.72	-1592.93	1.21195	0.1354461
9060	-1608.5	-1610.24	1.74046	0.1061734
9070	-1609.82	-1611.58	1.76577	0.1046883
9080	-1588.72	-1589.22	0.499193	0.1734537
9090	-1603.66	-1603.29	-0.36792	0.2208397
9100	-1588.22	-1588.81	0.588085	0.1687015
9110	-1588.86	-1589.34	0.478576	0.1745578
9120	-1588.38	-1589.29	0.913239	0.1513877
9130	-1590.87	-1592.02	1.15861	0.1383049
9140	-1637.11	-1639.22	2.10918	0.08231644
9150	-1593.73	-1595.04	1.31494	0.1298987
9160	-1593.85	-1593.93	0.0766344	0.1962705
9170	-1602.42	-1604.02	1.60454	0.1139612
9180	-1590.25	-1590.58	0.329342	0.1825742
9190	-1608.01	-1607.49	-0.522176	0.2295313
9200	-1590.93	-1592.09	1.16283	0.138079
9210	-1618.94	-1620.85	1.91298	0.09573852
9220	-1684.43	-1686.73	2.30607	0.0599
9230	-1604.11	-1603.72	-0.384596	0.221775
9240	-1702.34	-1704.64	2.30665	0.05389114
9250	-1665.79	-1668.06	2.26775	0.06732407
9260	-1635.56	-1634.29	-1.27117	0.2731596
9270	-1591.95	-1593.18	1.22538	0.1347247
9280	-1594.91	-1596.27	1.36567	0.1271488
9290	-1591.52	-1592.72	1.20038	0.136067
9300	-1627.92	-1629.94	2.02257	0.08855353
9310	-1587.9	-1588.67	0.766048	0.1592176
9320	-1641.48	-1643.63	2.14321	0.07964695
9330	-1596.03	-1597.44	1.40944	0.1247652
9340	-1659.19	-1661.44	2.24334	0.07032055
9350	-1590.06	-1591.16	1.09945	0.1414679
9360	-1663.36	-1665.62	2.25947	0.0684031
9370	-1588.83	-1589.81	0.978919	0.1478926
9380	-1599.15	-1600.67	1.51396	0.1190194
9390	-1603.06	-1602.72	-0.345423	0.2195798
9400	-1689.94	-1692.25	2.30974	0.05794636
9410	-1658.59	-1660.83	2.24079	0.07060619
9420	-1588.72	-1589.69	0.965423	0.148611
9430	-1616.38	-1618.26	1.87602	0.09804578
9440	-1622.23	-1624.19	1.95655	0.09295179
9450	-1605.99	-1607.68	1.68846	0.1091866
9460	-1635.31	-1637.4	2.09391	0.08346705
9470	-1699.36	-1701.67	2.30877	0.05482636
9480	-1612.91	-1614.73	1.8208	0.1014122
9490	-1620.5	-1622.44	1.93418	0.09439249
9500	-1588.44	-1588.98	0.54463	0.1710231
9510	-1611.19	-1612.98	1.79084	0.1032047
9520	-1590.55	-1591.69	1.13685	0.1394692
9530	-1638.12	-1640.23	2.11741	0.08168512
9540	-1589.05	-1590.06	1.0055	0.1464771
9550	-1662.9	-1665.16	2.25781	0.06861087
9560	-1606.68	-1608.38	1.7032	0.1083371
9570	-1742.88	-1745.08	2.2015	0.04311017
9580	-1603.01	-1604.63	1.6193	0.113128
9590	-1625.35	-1627.34	1.99404	0.09048403
9600	-1587.96	-1588.63	0.671246	0.1642657
9610	-1598.46	-1599.96	1.49261	0.1201998
9620	-1595.22	-1596.6	1.37817	0.1264693
9630	-1599.82	-1601.36	1.53389	0.1179138
9640	-1592.41	-1592.58	0.165543	0.1914323
9650	-1591.96	-1592.16	0.196132	0.1897729
9660	-1591.37	-1591.61	0.238208	0.1874943
9670	-1606.17	-1607.86	1.6923	0.1089656
9680	-1595.98	-1597.39	1.40746	0.1248733
9690	-1606.18	-1607.88	1.69268	0.1089438
9700	-1588.97	-1589.96	0.995914	0.1469878
9710	-1628.62	-1630.65	2.02996	0.08804535
9720	-1600.35	-1601.9	1.54912	0.1170661
9730	-1719.64	-1721.92	2.27846	0.04888207
9740	-1615.34	-1617.2	1.86007	0.09902736
9750	-1658.47	-1660.71	2.24029	0.07066138
9760	-1653.83	-1656.05	2.21871	0.07292873
9770	-1600.28	-1601.83	1.54703	0.1171826
9780	-1641.53	-1643.67	2.14355	0.07961969
9790	-1685.61	-1687.91	2.30713	0.05947472
9800	-1648.03	-1650.22	2.18675	0.07594851
9810	-1696.41	-1698.72	2.31002	0.05577738
9820	-1599.74	-1601.27	1.53132	0.1180561
9830	-1597.01	-1598.45	1.44449	0.1228476
9840	-1650.39	-1652.59	2.20043	0.07469499
9850	-1589.5	-1590.55	1.05105	0.1440499
9860	-1621.37	-1623.32	1.94557	0.0936617
9870	-1587.94	-1588.62	0.680204	0.1637884
9880	-1616.9	-1618.79	1.88377	0.09756574
9890	-1629.59	-1631.63	2.04001	0.08734737
9900	-1590.3	-1590.62	0.325211	0.1827968
9910	-1588.83	-1589.81	0.979322	0.1478712
9920	-1621.11	-1620.2	-0.913116	0.2519934
9930	-1590.02	-1590.37	0.350084	0.1814572
9940	-1619.86	-1621.78	1.92556	0.09494246
9950	-1619.2	-1621.12	1.91662	0.09550907
9960	-1587.93	-1588.72	0.786377	0.1581358
9970	-1620.34	-1622.28	1.93205	0.09452849
9980	-1606.47	-1606	-0.469342	0.226544
9990	-1587.9	-1588.61	0.7094	0.1622332
10000	-1615.81	-1615.04	-0.764868	0.2433992
