Iteration	Posterior	Likelihood	Prior	birth_rate
0	-1588.16	-1588.76	0.603537	0.1678766
10	-1633.56	-1635.64	2.07836	0.08461315
20	-1592.79	-1594.06	1.27001	0.1323238
30	-1596.4	-1597.82	1.42294	0.1240273
40	-1587.89	-1588.63	0.740561	0.160574
50	-1589.06	-1590.07	1.00674	0.1464111
60	-1607.66	-1609.38	1.72361	0.107155
70	-1590.4	-1591.52	1.12568	0.1400663
80	-1594.39	-1594.44	0.0457537	0.1979563
90	-1588.66	-1589.17	0.507933	0.1729858
100	-1590.89	-1591.16	0.275798	0.1854625
110	-1591.03	-1592.2	1.16944	0.1377251
120	-1592.26	-1592.44	0.175575	0.1908878
130	-1587.92	-1588.7	0.781144	0.1584143
140	-1609.96	-1609.37	-0.58606	0.2331583
150	-1591.49	-1591.72	0.229606	0.1879598
160	-1597.86	-1599.33	1.47322	0.1212692
170	-1592.02	-1593.25	1.22909	0.1345257
180	-1612.49	-1614.3	1.81354	0.1018482
190	-1589.78	-1590.86	1.07688	0.1426723
200	-1588.93	-1589.4	0.469341	0.1750525
210	-1602.3	-1603.91	1.60159	0.1141273
220	-1590.7	-1591.85	1.14761	0.1388935
230	-1598.07	-1599.55	1.47999	0.1208958
240	-1589.72	-1590.1	0.379563	0.1798713
250	-1589.04	-1589.5	0.455171	0.1758121
260	-1588.38	-1589.29	0.912756	0.1514134
270	-1588.28	-1589.17	0.893776	0.152423
280	-1613.4	-1615.23	1.82889	0.1009242
290	-1588.01	-1588.84	0.825539	0.1560525
300	-1589.25	-1589.68	0.430712	0.1771239
310	-1644.6	-1646.76	2.16498	0.07784548
320	-1591.13	-1592.31	1.17621	0.1373625
330	-1619.24	-1618.38	-0.862037	0.2490215
340	-1601.26	-1602.84	1.57422	0.1156639
350	-1601.07	-1602.63	1.56884	0.1159651
360	-1606.5	-1606.03	-0.470563	0.2266129
370	-1589.23	-1590.26	1.02509	0.1454337
380	-1665.22	-1667.48	2.26586	0.06757694
390	-1595.26	-1596.64	1.37966	0.1263884
400	-1593.98	-1594.05	0.0690377	0.196685
410	-1587.89	-1588.63	0.739688	0.1606205
420	-1588.13	-1588.99	0.861477	0.154141
430	-1590.76	-1591.91	1.15117	0.1387033
440	-1597.44	-1598.9	1.45937	0.1220308
450	-1595.45	-1596.84	1.38742	0.1259655
460	-1588.32	-1589.23	0.903064	0.1519289
470	-1596.91	-1598.35	1.441	0.1230387
480	-1596.5	-1597.93	1.42669	0.1238224
490	-1607.54	-1607.03	-0.506139	0.2286234
500	-1599.71	-1599.5	-0.210822	0.21208
510	-1589.78	-1590.85	1.07642	0.1426971
520	-1588.73	-1589.23	0.497579	0.1735401
530	-1599.96	-1601.5	1.53796	0.1176871
540	-1598.53	-1600.02	1.49467	0.1200863
550	-1587.91	-1588.61	0.701333	0.1626628
560	-1598.95	-1600.45	1.50763	0.1193699
570	-1588.02	-1588.85	0.827479	0.1559493
580	-1588.38	-1589.29	0.91287	0.1514073
590	-1587.94	-1588.62	0.680165	0.1637905
600	-1588.68	-1589.64	0.959953	0.1489021
610	-1587.95	-1588.75	0.798298	0.1575016
620	-1588.97	-1589.43	0.464763	0.1752979
630	-1588.73	-1589.23	0.497334	0.1735532
640	-1590.24	-1591.35	1.11389	0.1406963
650	-1589.05	-1590.05	1.00515	0.1464959
660	-1596.25	-1597.67	1.41749	0.1243255
670	-1608.83	-1610.58	1.74697	0.1057928
680	-1597.23	-1598.69	1.45233	0.1224175
690	-1587.91	-1588.69	0.773547	0.1588185
700	-1590.69	-1591.84	1.1466	0.1389479
710	-1604.01	-1605.65	1.64346	0.1117586
720	-1588.2	-1589.08	0.878392	0.1532413
730	-1587.89	-1588.63	0.737137	0.1607563
740	-1588.38	-1588.94	0.554292	0.1705066
750	-1589.52	-1589.92	0.399993	0.1787733
760	-1593.42	-1594.72	1.30045	0.1306819
770	-1588.68	-1589.64	0.959488	0.1489269
780	-1598.33	-1599.82	1.48838	0.1204336
790	-1598.69	-1600.19	1.49971	0.1198078
800	-1588.24	-1588.83	0.582803	0.1689835
810	-1589.43	-1590.47	1.04471	0.1443878
820	-1588.47	-1589.4	0.928728	0.1505637
830	-1590.76	-1591.91	1.15115	0.1387041
840	-1588.49	-1589.42	0.93189	0.1503954
850	-1592.48	-1593.73	1.25379	0.1331973
860	-1588.36	-1589.27	0.909036	0.1516113
870	-1588.75	-1589.72	0.968934	0.1484241
880	-1590.75	-1591.9	1.15086	0.1387199
890	-1590.09	-1591.2	1.10255	0.141302
900	-1588.44	-1588.98	0.54464	0.1710225
910	-1603.74	-1605.38	1.63715	0.1121169
920	-1590	-1590.36	0.351994	0.1813544
930	-1589.31	-1590.35	1.03312	0.1450055
940	-1593.51	-1593.6	0.0969645	0.1951622
950	-1588.52	-1589.46	0.936573	0.1501463
960	-1587.89	-1588.62	0.728959	0.1611916
970	-1593.32	-1594.62	1.29605	0.1309192
980	-1613.78	-1613.08	-0.705077	0.2399599
990	-1588.13	-1588.74	0.609812	0.1675417
1000	-1589.5	-1590.55	1.05122	0.144041
1010	-1588.38	-1589.3	0.913816	0.151357
1020	-1587.91	-1588.69	0.775641	0.158707
1030	-1588.9	-1589.37	0.474109	0.174797
1040	-1587.95	-1588.62	0.676555	0.1639828
1050	-1591.79	-1592	0.208049	0.1891271
1060	-1590.17	-1590.5	0.336967	0.1821635
1070	-1591.27	-1591.52	0.246014	0.1870721
1080	-1589.81	-1590.89	1.07925	0.1425461
1090	-1599.79	-1601.32	1.53283	0.1179722
1100	-1597.18	-1598.63	1.45059	0.1225128
1110	-1593.36	-1593.46	0.10593	0.1946738
1120	-1589.34	-1589.76	0.420171	0.1776897
1130	-1616.28	-1618.15	1.87439	0.09814606
1140	-1587.9	-1588.62	0.721501	0.1615887
1150	-1588.01	-1588.66	0.650134	0.165391
1160	-1597.5	-1598.96	1.46122	0.1219288
1170	-1595.55	-1595.53	-0.0162507	0.20135
1180	-1596.09	-1597.5	1.41146	0.1246549
1190	-1611.79	-1613.59	1.80148	0.1025703
1200	-1594.59	-1595.94	1.35243	0.1278679
1210	-1594.15	-1594.21	0.0593386	0.1972144
1220	-1591.74	-1592.95	1.21293	0.1353935
1230	-1589.25	-1590.28	1.02728	0.1453169
1240	-1590.86	-1592.02	1.15812	0.138331
1250	-1609.46	-1611.22	1.75904	0.1050843
1260	-1590.3	-1591.42	1.1185	0.14045
1270	-1591.19	-1592.37	1.17959	0.1371815
1280	-1604.56	-1606.22	1.65649	0.1110169
1290	-1592.77	-1594.04	1.26891	0.1323829
1300	-1590.91	-1592.07	1.16168	0.1381407
1310	-1588.24	-1589.12	0.8854	0.1528685
1320	-1589	-1589.46	0.460538	0.1755243
1330	-1588.72	-1589.69	0.965329	0.148616
1340	-1596.42	-1597.84	1.42372	0.1239846
1350	-1606.9	-1608.6	1.70784	0.1080689
1360	-1587.97	-1588.78	0.808401	0.1569641
1370	-1594.78	-1594.8	0.0247019	0.1991072
1380	-1592.75	-1594.02	1.26786	0.1324398
1390	-1589.67	-1590.73	1.06665	0.1432181
1400	-1588.02	-1588.85	0.82767	0.1559392
1410	-1591.82	-1593.04	1.21793	0.1351248
1420	-1592.9	-1593.03	0.134277	0.1931312
1430	-1590.3	-1590.63	0.324574	0.1828312
1440	-1587.9	-1588.65	0.752798	0.1599227
1450	-1595.9	-1597.31	1.40467	0.1250252
1460	-1588.04	-1588.68	0.63703	0.1660898
1470	-1609.88	-1611.64	1.76686	0.1046241
1480	-1588.93	-1589.4	0.470165	0.1750084
1490	-1588.49	-1589.02	0.535913	0.1714891
1500	-1593.9	-1595.22	1.32262	0.1294833
1510	-1588.13	-1588.99	0.861443	0.1541428
1520	-1588.16	-1588.76	0.60242	0.1679362
1530	-1589.44	-1589.85	0.409246	0.1782763
1540	-1597.23	-1598.68	1.45213	0.1224281
1550	-1609.66	-1611.42	1.76281	0.1048629
1560	-1588.44	-1589.36	0.922635	0.1508878
1570	-1592.95	-1593.09	0.130674	0.1933272
1580	-1588.43	-1588.98	0.545318	0.1709863
1590	-1591.45	-1591.68	0.232441	0.1878063
1600	-1588.34	-1589.25	0.905868	0.1517798
1610	-1587.98	-1588.64	0.659533	0.16489
1620	-1588.53	-1589.06	0.52896	0.1718609
1630	-1588.06	-1588.9	0.841896	0.1551824
1640	-1596.67	-1598.11	1.4328	0.1234881
1650	-1590.94	-1592.11	1.16391	0.1380214
1660	-1596.68	-1596.61	-0.0731276	0.2044736
1670	-1600.83	-1602.39	1.56241	0.1163242
1680	-1587.9	-1588.66	0.759889	0.1595453
1690	-1596.63	-1596.56	-0.0707144	0.2043409
1700	-1589.41	-1590.45	1.0428	0.1444897
1710	-1601.7	-1603.29	1.58593	0.1150073
1720	-1614.22	-1616.07	1.84239	0.1001063
1730	-1587.91	-1588.61	0.703932	0.1625243
1740	-1590.14	-1591.24	1.10603	0.1411162
1750	-1589.69	-1590.76	1.06887	0.1430998
1760	-1589.46	-1590.5	1.04725	0.1442528
1770	-1591.59	-1591.81	0.222409	0.1883493
1780	-1592.56	-1593.81	1.2579	0.1329758
1790	-1592.33	-1592.5	0.170803	0.1911468
1800	-1593.22	-1594.51	1.29104	0.1311896
1810	-1591.67	-1592.88	1.20895	0.1356068
1820	-1587.96	-1588.63	0.669713	0.1643474
1830	-1595.41	-1596.8	1.38585	0.126051
1840	-1603.79	-1603.42	-0.372977	0.2211232
1850	-1592.54	-1593.8	1.2573	0.1330082
1860	-1593.35	-1594.64	1.2971	0.1308628
1870	-1619.7	-1618.82	-0.874655	0.2497545
1880	-1593.88	-1595.2	1.32168	0.1295337
1890	-1596.1	-1597.51	1.41199	0.1246258
1900	-1588.5	-1589.03	0.534399	0.17157
1910	-1587.94	-1588.62	0.679723	0.163814
1920	-1620.63	-1622.56	1.93583	0.09428723
1930	-1592.26	-1593.5	1.24206	0.1338282
1940	-1594.37	-1594.42	0.0468464	0.1978966
1950	-1587.91	-1588.69	0.775351	0.1587225
1960	-1590.93	-1591.2	0.272522	0.1856394
1970	-1588.7	-1589.66	0.961715	0.1488084
1980	-1591.12	-1592.3	1.17534	0.1374094
1990	-1591.01	-1592.17	1.16791	0.1378074
2000	-1588.16	-1588.76	0.602442	0.1679351
2010	-1588.85	-1589.84	0.982268	0.1477143
2020	-1592.01	-1592.2	0.192717	0.1899581
2030	-1603.37	-1605	1.62827	0.1126207
2040	-1589.24	-1590.26	1.02543	0.1454154
2050	-1588.13	-1588.74	0.611847	0.1674332
2060	-1596.45	-1596.39	-0.0620421	0.203864
2070	-1600.43	-1601.98	1.55122	0.1169487
2080	-1589.18	-1590.2	1.01935	0.1457394
2090	-1608.29	-1610.03	1.73633	0.1064144
2100	-1588.39	-1589.31	0.915344	0.1512757
2110	-1603.87	-1605.51	1.64015	0.1119466
2120	-1604.75	-1606.41	1.66084	0.1107689
2130	-1599.41	-1600.93	1.52153	0.1185999
2140	-1589.62	-1590.69	1.06272	0.1434277
2150	-1588.46	-1589	0.540002	0.1712705
2160	-1588.59	-1589.54	0.94713	0.1495846
2170	-1597.02	-1596.93	-0.0892996	0.2053637
2180	-1591.95	-1593.18	1.22538	0.1347247
2190	-1588.02	-1588.66	0.644814	0.1656747
2200	-1604.7	-1606.35	1.65954	0.1108428
2210	-1592.8	-1594.07	1.27034	0.1323059
2220	-1595.15	-1596.53	1.37546	0.1266167
2230	-1590.32	-1590.65	0.323041	0.1829138
2240	-1593.94	-1595.27	1.32455	0.1293785
2250	-1594.12	-1595.45	1.33247	0.1289499
2260	-1588.01	-1588.66	0.646983	0.1655591
2270	-1597.51	-1597.4	-0.112785	0.2066578
2280	-1592.39	-1593.64	1.24907	0.1334513
2290	-1588.34	-1588.9	0.563065	0.1700378
2300	-1587.96	-1588.77	0.805833	0.1571007
2310	-1588.86	-1589.34	0.479484	0.1745091
2320	-1587.98	-1588.79	0.811991	0.1567731
2330	-1589.85	-1590.94	1.08291	0.1423506
2340	-1588.7	-1589.2	0.502103	0.1732979
2350	-1593.43	-1594.74	1.30129	0.1306364
2360	-1588.27	-1589.16	0.891953	0.1525199
2370	-1589.25	-1590.28	1.02692	0.1453361
2380	-1615.6	-1614.84	-0.758795	0.2430492
2390	-1598.05	-1599.52	1.47928	0.1209353
2400	-1589.05	-1590.06	1.00533	0.1464861
2410	-1589.22	-1590.24	1.02355	0.1455159
2420	-1587.89	-1588.62	0.732333	0.161012
2430	-1598.25	-1598.1	-0.146504	0.208519
2440	-1601.65	-1603.23	1.58451	0.1150875
2450	-1597.07	-1598.52	1.44663	0.12273
2460	-1591.09	-1592.26	1.17314	0.1375272
2470	-1607.16	-1608.87	1.71332	0.1077515
2480	-1588.19	-1588.79	0.595032	0.1683306
2490	-1595.13	-1596.51	1.37467	0.1266597
2500	-1588.07	-1588.92	0.844766	0.1550298
2510	-1592.99	-1594.27	1.2797	0.1318014
2520	-1589.98	-1591.08	1.09374	0.1417724
2530	-1605.02	-1606.69	1.66705	0.110414
2540	-1590.47	-1591.6	1.13099	0.1397825
2550	-1600.63	-1602.19	1.55696	0.1166287
2560	-1588	-1588.82	0.821025	0.1562926
2570	-1589.57	-1590.63	1.05799	0.1436802
2580	-1588.55	-1589.08	0.525237	0.1720601
2590	-1588.49	-1589.43	0.93215	0.1503816
2600	-1589.68	-1590.75	1.06763	0.1431656
2610	-1599.25	-1600.77	1.5169	0.1188566
2620	-1589.03	-1589.49	0.45628	0.1757526
2630	-1590.08	-1591.18	1.10151	0.1413579
2640	-1590.31	-1591.43	1.11948	0.1403979
2650	-1587.92	-1588.69	0.77647	0.158663
2660	-1589.79	-1590.87	1.07748	0.1426401
2670	-1592.15	-1593.38	1.23608	0.1341498
2680	-1603.84	-1605.48	1.63947	0.1119855
2690	-1597.48	-1598.94	1.46051	0.1219681
2700	-1588.45	-1589.38	0.925879	0.1507152
2710	-1589.49	-1589.9	0.403272	0.1785972
2720	-1592.71	-1593.98	1.26583	0.1325489
2730	-1588.03	-1588.67	0.642625	0.1657914
2740	-1595.54	-1595.53	-0.015956	0.2013338
2750	-1589.6	-1589.99	0.391633	0.1792225
2760	-1605.79	-1607.48	1.68421	0.1094307
2770	-1598.31	-1599.8	1.48783	0.1204641
2780	-1590.22	-1590.55	0.3324	0.1824095
2790	-1588.01	-1588.66	0.649168	0.1654425
2800	-1591.57	-1592.77	1.20284	0.135935
2810	-1588.58	-1589.52	0.945195	0.1496875
2820	-1603.72	-1605.36	1.63665	0.1121455
2830	-1598.25	-1598.1	-0.146606	0.2085246
2840	-1595.18	-1596.56	1.37664	0.1265524
2850	-1603.56	-1605.19	1.63286	0.1123607
2860	-1595.54	-1595.53	-0.016055	0.2013392
2870	-1601.28	-1602.86	1.57469	0.1156378
2880	-1588.31	-1589.21	0.899951	0.1520945
2890	-1588.94	-1589.93	0.99288	0.1471493
2900	-1593.48	-1593.58	0.0982881	0.1950901
2910	-1594.2	-1595.53	1.33575	0.1287722
2920	-1589.63	-1590.02	0.389043	0.1793617
2930	-1588.95	-1589.94	0.993604	0.1471107
2940	-1592.68	-1593.95	1.26445	0.1326231
2950	-1588.63	-1589.14	0.513063	0.1727113
2960	-1598.43	-1599.92	1.49169	0.1202508
2970	-1597.07	-1596.98	-0.0918445	0.2055038
2980	-1589.67	-1590.05	0.384857	0.1795867
2990	-1592.73	-1594	1.26692	0.1324905
3000	-1598.88	-1600.38	1.50557	0.1194837
3010	-1606.36	-1608.05	1.69639	0.1087301
3020	-1587.89	-1588.63	0.738174	0.1607011
3030	-1588.03	-1588.67	0.641158	0.1658697
3040	-1588.16	-1588.76	0.603084	0.1679008
3050	-1599.36	-1600.88	1.52018	0.1186749
3060	-1588.25	-1589.13	0.887422	0.1527609
3070	-1587.92	-1588.61	0.693658	0.1630716
3080	-1590.44	-1591.57	1.12867	0.1399064
3090	-1592.85	-1594.12	1.2728	0.1321732
3100	-1587.91	-1588.69	0.775817	0.1586977
3110	-1590.68	-1591.82	1.14582	0.1389895
3120	-1588.21	-1589.09	0.87919	0.1531988
3130	-1587.96	-1588.63	0.668615	0.1644059
3140	-1587.94	-1588.62	0.678393	0.1638849
3150	-1587.97	-1588.77	0.806786	0.1570501
3160	-1592	-1593.23	1.22784	0.1345927
3170	-1588.51	-1589.04	0.532268	0.171684
3180	-1589.18	-1590.2	1.01974	0.1457187
3190	-1595.47	-1595.45	-0.0120534	0.2011199
3200	-1587.9	-1588.61	0.716609	0.1618493
3210	-1596.68	-1598.12	1.43309	0.123472
3220	-1589.13	-1590.14	1.01388	0.1460307
3230	-1588.44	-1589.36	0.922972	0.1508699
3240	-1591.6	-1591.82	0.221443	0.1884017
3250	-1596.54	-1597.97	1.42813	0.1237434
3260	-1591.39	-1592.59	1.19253	0.1364879
3270	-1613.35	-1615.17	1.82803	0.100976
3280	-1589.83	-1590.91	1.08067	0.1424704
3290	-1588.64	-1589.15	0.510305	0.1728589
3300	-1587.91	-1588.61	0.701663	0.1626452
3310	-1588.6	-1589.11	0.517758	0.1724601
3320	-1587.92	-1588.61	0.694646	0.1630189
3330	-1590.9	-1592.06	1.161	0.138177
3340	-1589.2	-1589.64	0.435786	0.1768517
3350	-1588.42	-1588.97	0.548024	0.1708416
3360	-1588.52	-1589.46	0.936945	0.1501265
3370	-1618.56	-1617.72	-0.843339	0.2479364
3380	-1619.66	-1621.58	1.9228	0.09511722
3390	-1591.85	-1592.05	0.204061	0.1893432
3400	-1587.91	-1588.69	0.773755	0.1588074
3410	-1592.45	-1593.7	1.2523	0.1332777
3420	-1588.83	-1589.81	0.9798	0.1478457
3430	-1591.41	-1591.65	0.235204	0.1876568
3440	-1588.01	-1588.83	0.824523	0.1561065
3450	-1592.29	-1593.53	1.24377	0.1337364
3460	-1588.88	-1589.36	0.476499	0.174669
3470	-1592.75	-1592.89	0.143651	0.1926216
3480	-1590.41	-1590.72	0.31552	0.1833192
3490	-1590.27	-1590.6	0.327877	0.1826532
3500	-1590.91	-1592.07	1.16175	0.1381372
3510	-1588.57	-1589.51	0.94318	0.1497947
3520	-1598.26	-1598.11	-0.147158	0.2085551
3530	-1591.35	-1592.53	1.1895	0.1366506
3540	-1588.07	-1588.92	0.844854	0.1550251
3550	-1593.84	-1595.16	1.31984	0.1296334
3560	-1601.74	-1603.33	1.58697	0.1149492
3570	-1590.87	-1591.15	0.277045	0.1853951
3580	-1588.61	-1589.13	0.51575	0.1725676
3590	-1587.93	-1588.72	0.788866	0.1580034
3600	-1630.39	-1632.44	2.04809	0.08678164
3610	-1588.12	-1588.98	0.857955	0.1543283
3620	-1599.87	-1601.41	1.53521	0.11784
3630	-1588.76	-1589.73	0.970025	0.1483661
3640	-1588.47	-1589.01	0.53871	0.1713396
3650	-1588.23	-1588.82	0.585154	0.168858
3660	-1599.07	-1600.58	1.51139	0.1191618
3670	-1587.95	-1588.62	0.675767	0.1640248
3680	-1599.41	-1600.93	1.52167	0.118592
3690	-1593.32	-1594.62	1.29596	0.1309239
3700	-1588.14	-1589	0.862582	0.1540822
3710	-1593.76	-1593.84	0.0820224	0.1959767
3720	-1589.68	-1590.75	1.06806	0.1431427
3730	-1592.02	-1593.25	1.22931	0.1345135
3740	-1588.13	-1588.99	0.861411	0.1541445
3750	-1587.92	-1588.61	0.691651	0.1631785
3760	-1604.18	-1605.83	1.6476	0.1115234
3770	-1602.36	-1603.96	1.60289	0.114054
3780	-1637.92	-1640.03	2.1158	0.08180968
3790	-1588.87	-1589.85	0.983617	0.1476425
3800	-1587.94	-1588.73	0.792226	0.1578247
3810	-1589.36	-1589.78	0.417588	0.1778284
3820	-1595.55	-1596.94	1.39115	0.1257627
3830	-1610.09	-1611.86	1.77086	0.104388
3840	-1587.99	-1588.65	0.656225	0.1650663
3850	-1588.58	-1589.53	0.945573	0.1496674
3860	-1601.19	-1602.76	1.57218	0.1157781
3870	-1592.37	-1593.62	1.24824	0.1334958
3880	-1614.31	-1616.15	1.84372	0.1000253
3890	-1588.19	-1589.07	0.875894	0.1533741
3900	-1618.15	-1620.05	1.90179	0.09644244
3910	-1612.13	-1611.48	-0.654694	0.2370735
3920	-1591.35	-1591.59	0.240134	0.1873901
3930	-1588.09	-1588.71	0.621914	0.166896
3940	-1594.34	-1595.68	1.34186	0.1284409
3950	-1589.96	-1590.32	0.356155	0.1811305
3960	-1599.01	-1598.83	-0.180671	0.2104089
3970	-1587.9	-1588.67	0.764826	0.1592826
3980	-1591.92	-1593.15	1.22359	0.1348211
3990	-1590.04	-1590.39	0.34827	0.1815549
4000	-1590.09	-1590.44	0.343754	0.181798
4010	-1593.05	-1593.18	0.124699	0.1936522
4020	-1588.13	-1588.99	0.861319	0.1541494
4030	-1593.97	-1595.3	1.32584	0.1293086
4040	-1592.25	-1593.49	1.24146	0.1338608
4050	-1591.84	-1593.06	1.21886	0.135075
4060	-1608.89	-1610.64	1.74806	0.1057284
4070	-1590.21	-1591.32	1.11137	0.140831
4080	-1589.48	-1590.53	1.04952	0.1441316
4090	-1587.91	-1588.68	0.769822	0.1590167
4100	-1609.6	-1611.36	1.76161	0.1049335
4110	-1599.06	-1600.57	1.51107	0.1191792
4120	-1588.15	-1588.75	0.606063	0.1677418
4130	-1601.82	-1603.41	1.58906	0.1148319
4140	-1589.4	-1590.44	1.04196	0.1445346
4150	-1593.1	-1593.22	0.12186	0.1938067
4160	-1588.02	-1588.66	0.645007	0.1656644
4170	-1588.74	-1589.7	0.967146	0.1485193
4180	-1637.92	-1640.04	2.11587	0.08180412
4190	-1596.98	-1598.43	1.44364	0.122894
4200	-1588.34	-1589.25	0.906068	0.1517692
4210	-1588.23	-1588.82	0.585981	0.1688138
4220	-1587.92	-1588.61	0.695913	0.1629515
4230	-1591.94	-1593.16	1.22438	0.1347788
4240	-1636.68	-1638.78	2.1056	0.08258887
4250	-1639.48	-1638.12	-1.35959	0.2784794
4260	-1593.23	-1594.52	1.29163	0.131158
4270	-1590.67	-1590.96	0.29334	0.1845155
4280	-1596.95	-1598.39	1.4425	0.1229565
4290	-1587.91	-1588.61	0.69953	0.1627588
4300	-1590.78	-1591.93	1.15262	0.1386258
4310	-1590.08	-1591.18	1.10125	0.1413716
4320	-1592.77	-1594.04	1.26888	0.1323845
4330	-1612.36	-1614.17	1.8113	0.1019831
4340	-1607.45	-1609.17	1.71936	0.1074018
4350	-1594.06	-1595.39	1.32959	0.1291057
4360	-1594.43	-1595.78	1.34596	0.1282188
4370	-1587.94	-1588.62	0.678057	0.1639028
4380	-1603.71	-1605.35	1.63642	0.1121587
4390	-1591.69	-1591.9	0.215228	0.1887382
4400	-1589.33	-1590.36	1.03446	0.1449345
4410	-1589.82	-1590.19	0.370112	0.1803795
4420	-1587.93	-1588.62	0.690344	0.1632481
4430	-1590.79	-1591.94	1.15336	0.1385861
4440	-1596.2	-1596.15	-0.0492683	0.203162
4450	-1590.58	-1591.72	1.13882	0.1393638
4460	-1587.92	-1588.61	0.69275	0.16312
4470	-1616.52	-1618.39	1.87799	0.09792378
4480	-1604.43	-1606.08	1.65342	0.111192
4490	-1593.67	-1593.75	0.0875245	0.1956767
4500	-1593.72	-1595.04	1.31452	0.1299214
4510	-1593.64	-1593.73	0.089061	0.1955929
4520	-1587.96	-1588.63	0.66777	0.1644509
4530	-1588.71	-1589.67	0.963662	0.1487047
4540	-1595.49	-1596.87	1.38869	0.1258966
4550	-1589.72	-1590.79	1.07158	0.1429549
4560	-1612.39	-1614.2	1.81185	0.1019497
4570	-1588.01	-1588.83	0.822856	0.1561952
4580	-1589.64	-1590.71	1.0645	0.1433328
4590	-1590.2	-1591.31	1.11107	0.1408473
4600	-1590.56	-1591.69	1.13726	0.1394474
4610	-1597.09	-1598.54	1.44735	0.1226906
4620	-1588.19	-1589.06	0.874397	0.1534538
4630	-1589.52	-1590.58	1.05361	0.1439133
4640	-1634.34	-1636.42	2.08538	0.08409867
4650	-1606.17	-1607.86	1.69237	0.1089614
4660	-1589.34	-1589.76	0.419767	0.1777114
4670	-1592.34	-1592.51	0.170178	0.1911807
4680	-1596.64	-1596.57	-0.0712389	0.2043697
4690	-1588.28	-1589.18	0.894577	0.1523804
4700	-1588.2	-1589.08	0.877327	0.1532979
4710	-1588.09	-1588.95	0.851376	0.1546782
4720	-1587.9	-1588.62	0.718866	0.161729
4730	-1588.31	-1589.21	0.899972	0.1520934
4740	-1609.04	-1610.79	1.75097	0.1055581
4750	-1587.97	-1588.78	0.80898	0.1569333
4760	-1587.98	-1588.79	0.81161	0.1567934
4770	-1593.02	-1593.15	0.126649	0.1935461
4780	-1587.9	-1588.67	0.76363	0.1593462
4790	-1601.14	-1602.71	1.57094	0.1158472
4800	-1590.75	-1591.9	1.15068	0.1387295
4810	-1590.39	-1591.52	1.12528	0.1400875
4820	-1600.56	-1602.11	1.55487	0.1167452
4830	-1603.86	-1605.5	1.6399	0.1119608
4840	-1588.5	-1589.03	0.534387	0.1715707
4850	-1600.43	-1601.98	1.55132	0.1169434
4860	-1607.65	-1609.37	1.72335	0.1071701
4870	-1608.17	-1609.9	1.73384	0.1065592
4880	-1627.63	-1629.65	2.01942	0.08876904
4890	-1588.5	-1589.04	0.533049	0.1716423
4900	-1587.9	-1588.61	0.712653	0.1620599
4910	-1588.47	-1589.4	0.927957	0.1506047
4920	-1587.89	-1588.62	0.728926	0.1611934
4930	-1592.02	-1592.21	0.192041	0.1899947
4940	-1588.59	-1589.11	0.51851	0.1724199
4950	-1588.2	-1589.08	0.877321	0.1532982
4960	-1599.17	-1600.69	1.51456	0.1189861
4970	-1625.04	-1627.03	1.99047	0.09072248
4980	-1592.36	-1593.6	1.24739	0.1335415
4990	-1589.82	-1590.9	1.08027	0.1424916
5000	-1588.07	-1588.69	0.629395	0.166497
5010	-1587.9	-1588.61	0.714572	0.1619577
5020	-1595.72	-1597.12	1.39776	0.1254025
5030	-1596.02	-1597.43	1.40902	0.1247879
5040	-1594.12	-1595.45	1.33238	0.1289547
5050	-1590.78	-1591.93	1.15276	0.138618
5060	-1594.09	-1594.15	0.0630222	0.1970133
5070	-1612.68	-1614.49	1.81677	0.1016543
5080	-1589.06	-1589.51	0.452927	0.1759324
5090	-1589.59	-1590.65	1.05975	0.1435864
5100	-1603.21	-1604.84	1.62435	0.1128424
5110	-1589.81	-1590.18	0.370227	0.1803733
5120	-1601.37	-1601.09	-0.279144	0.2158786
5130	-1588.76	-1589.73	0.970604	0.1483352
5140	-1588.37	-1588.93	0.557479	0.1703363
5150	-1588.78	-1589.75	0.973082	0.1482033
5160	-1588.48	-1589.4	0.929157	0.1505409
5170	-1588.22	-1589.1	0.882275	0.1530348
5180	-1591.52	-1592.73	1.20042	0.1360646
5190	-1589.44	-1589.85	0.408813	0.1782995
5200	-1598.58	-1600.07	1.49619	0.1200026
5210	-1592.28	-1593.52	1.24327	0.1337632
5220	-1587.98	-1588.64	0.661199	0.1648012
5230	-1595.42	-1596.8	1.38597	0.1260447
5240	-1587.98	-1588.79	0.811338	0.1568079
5250	-1589.13	-1590.14	1.01385	0.1460326
5260	-1589.88	-1590.96	1.08496	0.142241
5270	-1611.63	-1613.43	1.79872	0.102735
5280	-1591.19	-1592.37	1.17973	0.1371741
5290	-1588.24	-1589.12	0.885908	0.1528415
5300	-1597.23	-1598.68	1.45218	0.1224254
5310	-1587.97	-1588.63	0.665455	0.1645743
5320	-1608.38	-1610.12	1.73803	0.106315
5330	-1592.46	-1593.71	1.25279	0.1332513
5340	-1604.59	-1606.25	1.65712	0.1109813
5350	-1619.18	-1621.1	1.91628	0.09553035
5360	-1623.85	-1625.83	1.97646	0.09165005
5370	-1589.17	-1589.61	0.439878	0.1766322
5380	-1601.5	-1601.22	-0.284703	0.2161884
5390	-1608.16	-1609.9	1.73373	0.106566
5400	-1591.9	-1593.12	1.22236	0.1348873
5410	-1589.59	-1589.99	0.3927	0.1791651
5420	-1588.74	-1589.24	0.495344	0.1736597
5430	-1588.06	-1588.69	0.63258	0.1663271
5440	-1587.95	-1588.75	0.798299	0.1575015
5450	-1589.1	-1589.55	0.447917	0.176201
5460	-1595.84	-1597.24	1.40218	0.125161
5470	-1593.84	-1595.16	1.32007	0.129621
5480	-1599.16	-1600.67	1.51415	0.1190087
5490	-1595.21	-1596.59	1.37779	0.1264901
5500	-1587.93	-1588.71	0.786276	0.1581412
5510	-1588.61	-1589.56	0.950006	0.1494315
5520	-1588.99	-1589.98	0.997999	0.1468767
5530	-1587.91	-1588.68	0.771403	0.1589326
5540	-1601.66	-1603.24	1.58481	0.1150704
5550	-1592.7	-1593.97	1.2654	0.1325722
5560	-1612.33	-1614.14	1.81081	0.1020121
5570	-1588.11	-1588.73	0.616425	0.1671889
5580	-1596.44	-1597.87	1.42452	0.1239411
5590	-1588.54	-1589.48	0.939923	0.149968
5600	-1592.25	-1593.49	1.24148	0.1338597
5610	-1589.84	-1590.92	1.08174	0.1424129
5620	-1644.33	-1646.49	2.16314	0.07800116
5630	-1588.53	-1589.06	0.52839	0.1718914
5640	-1588.19	-1588.78	0.596422	0.1682564
5650	-1589.26	-1590.29	1.02784	0.1452872
5660	-1597.16	-1598.61	1.44962	0.122566
5670	-1590.08	-1591.18	1.10124	0.1413719
5680	-1588.21	-1588.8	0.590999	0.1685459
5690	-1598.72	-1600.22	1.50079	0.119748
5700	-1591.31	-1592.5	1.18734	0.136766
5710	-1608.5	-1610.24	1.7405	0.1061708
5720	-1599.85	-1601.38	1.53449	0.1178804
5730	-1602.85	-1604.47	1.61546	0.1133453
5740	-1588.27	-1589.17	0.892906	0.1524693
5750	-1587.91	-1588.61	0.707643	0.1623267
5760	-1591.5	-1592.7	1.19895	0.1361437
5770	-1590.2	-1590.53	0.334083	0.1823189
5780	-1591.98	-1593.21	1.22685	0.134646
5790	-1588.06	-1588.91	0.842666	0.1551415
5800	-1590.1	-1591.2	1.10281	0.1412884
5810	-1587.91	-1588.68	0.769094	0.1590554
5820	-1592.3	-1593.55	1.24447	0.133699
5830	-1589.78	-1590.15	0.37391	0.1801753
5840	-1589.16	-1590.17	1.01703	0.1458629
5850	-1588.48	-1589.41	0.929617	0.1505164
5860	-1594.85	-1596.21	1.36333	0.1272763
5870	-1587.89	-1588.63	0.738839	0.1606657
5880	-1593.29	-1594.59	1.29459	0.1309978
5890	-1595.18	-1596.56	1.37668	0.1265506
5900	-1603.35	-1604.98	1.62771	0.1126523
5910	-1588.64	-1589.15	0.510723	0.1728366
5920	-1587.93	-1588.62	0.684748	0.1635463
5930	-1588.1	-1588.96	0.854157	0.1545303
5940	-1588.6	-1589.12	0.516453	0.17253
5950	-1588.31	-1588.88	0.569712	0.1696827
5960	-1599.23	-1599.04	-0.190236	0.2109387
5970	-1596.68	-1598.12	1.43317	0.1234676
5980	-1592.16	-1592.34	0.18239	0.1905181
5990	-1595.47	-1596.86	1.38812	0.1259276
6000	-1600.68	-1602.24	1.55818	0.1165609
6010	-1588.32	-1588.89	0.567134	0.1698205
6020	-1589.61	-1590	0.391319	0.1792394
6030	-1592.87	-1593.01	0.135757	0.1930507
6040	-1589.88	-1590.96	1.08466	0.142257
6050	-1591.16	-1592.34	1.17803	0.1372652
6060	-1597.66	-1599.13	1.46664	0.121631
6070	-1588.34	-1589.25	0.906507	0.1517458
6080	-1589.45	-1589.86	0.407854	0.1783511
6090	-1588.51	-1589.45	0.935297	0.1502142
6100	-1588.42	-1589.34	0.920424	0.1510054
6110	-1605.48	-1607.16	1.67727	0.1098289
6120	-1590.49	-1591.62	1.13226	0.1397144
6130	-1588.74	-1589.24	0.496113	0.1736186
6140	-1588.05	-1588.89	0.837708	0.1554052
6150	-1618.36	-1617.52	-0.837655	0.2476068
6160	-1591.95	-1593.18	1.22515	0.1347374
6170	-1606.83	-1606.35	-0.482013	0.2272594
6180	-1590.28	-1591.4	1.11683	0.1405395
6190	-1587.89	-1588.62	0.726253	0.1613357
6200	-1588.1	-1588.95	0.851748	0.1546584
6210	-1593.12	-1594.4	1.28604	0.1314597
6220	-1593.37	-1593.47	0.105368	0.1947045
6230	-1588.38	-1588.93	0.555395	0.1704476
6240	-1590.95	-1592.11	1.16411	0.1380107
6250	-1623.36	-1625.33	1.97048	0.09204344
6260	-1589.02	-1590.02	1.00145	0.1466927
6270	-1603.87	-1605.51	1.64016	0.111946
6280	-1591.91	-1592.11	0.199352	0.1895983
6290	-1587.9	-1588.62	0.719345	0.1617035
6300	-1594.04	-1595.37	1.32897	0.1291395
6310	-1588.8	-1589.77	0.975357	0.1480822
6320	-1587.99	-1588.81	0.818154	0.1564453
6330	-1592.68	-1592.83	0.147899	0.1923907
6340	-1611.44	-1613.24	1.79537	0.1029348
6350	-1593.58	-1594.89	1.3082	0.1302631
6360	-1587.9	-1588.61	0.711795	0.1621056
6370	-1596.14	-1597.55	1.41341	0.1245485
6380	-1588.54	-1589.06	0.527394	0.1719447
6390	-1603.7	-1605.34	1.63615	0.1121737
6400	-1587.93	-1588.72	0.786683	0.1581195
6410	-1588.68	-1589.19	0.504279	0.1731814
6420	-1589.19	-1589.63	0.436905	0.1767917
6430	-1597.87	-1599.35	1.47363	0.1212464
6440	-1599.28	-1600.8	1.51777	0.1188084
6450	-1588.22	-1588.81	0.588132	0.168699
6460	-1602.51	-1604.12	1.60685	0.1138307
6470	-1593.74	-1595.06	1.31556	0.1298651
6480	-1604.1	-1605.75	1.64578	0.1116269
6490	-1593.03	-1593.16	0.125754	0.1935948
6500	-1589.18	-1589.62	0.438007	0.1767325
6510	-1617.56	-1619.46	1.89342	0.09696566
6520	-1589	-1590	1.00011	0.1467642
6530	-1588.24	-1588.82	0.584804	0.1688767
6540	-1603.41	-1605.04	1.62921	0.1125672
6550	-1590.38	-1590.7	0.31809	0.1831806
6560	-1588.27	-1588.84	0.578017	0.1692391
6570	-1588.95	-1589.95	0.994079	0.1470855
6580	-1588.15	-1589.02	0.866331	0.1538828
6590	-1602.57	-1604.17	1.60825	0.1137522
6600	-1591.92	-1593.14	1.2234	0.1348313
6610	-1599.6	-1601.12	1.52717	0.1182867
6620	-1589.77	-1590.15	0.374184	0.1801606
6630	-1599.87	-1599.66	-0.217716	0.2124626
6640	-1588.17	-1588.77	0.601032	0.1680103
6650	-1588.2	-1589.08	0.877841	0.1532706
6660	-1588.63	-1589.58	0.95202	0.1493243
6670	-1587.95	-1588.63	0.673258	0.1641585
6680	-1595.98	-1597.39	1.40765	0.1248626
6690	-1588.75	-1589.72	0.968936	0.148424
6700	-1588.32	-1589.23	0.902758	0.1519452
6710	-1594.67	-1596.03	1.35596	0.127676
6720	-1597.3	-1598.75	1.45446	0.1223001
6730	-1588.13	-1588.99	0.860157	0.1542112
6740	-1594.25	-1595.59	1.33805	0.1286474
6750	-1587.93	-1588.72	0.788763	0.1580088
6760	-1607.56	-1609.28	1.72147	0.107279
6770	-1619.13	-1621.04	1.91553	0.0955775
6780	-1588.05	-1588.88	0.836716	0.155458
6790	-1607.51	-1609.23	1.72047	0.1073374
6800	-1603.62	-1605.25	1.6342	0.1122845
6810	-1588.67	-1589.18	0.506547	0.17306
6820	-1588.53	-1589.06	0.528077	0.1719081
6830	-1588.11	-1588.73	0.615673	0.167229
6840	-1588.31	-1588.88	0.56914	0.1697133
6850	-1588.48	-1589.02	0.536663	0.171449
6860	-1598.45	-1598.3	-0.155841	0.2090351
6870	-1600.05	-1601.59	1.5405	0.1175462
6880	-1622.46	-1624.42	1.95934	0.09277091
6890	-1598.87	-1600.38	1.50541	0.1194927
6900	-1589.3	-1590.33	1.03138	0.1450986
6910	-1594.27	-1595.61	1.33888	0.1286024
6920	-1593.89	-1595.21	1.32202	0.1295158
6930	-1600.67	-1602.22	1.55783	0.11658
6940	-1588.29	-1589.19	0.896458	0.1522803
6950	-1592.37	-1593.62	1.24835	0.1334901
6960	-1597.29	-1598.74	1.45419	0.1223149
6970	-1590.94	-1592.11	1.16392	0.138021
6980	-1590.22	-1591.33	1.11221	0.1407863
6990	-1587.9	-1588.65	0.755248	0.1597923
7000	-1589.59	-1589.98	0.393285	0.1791337
7010	-1589.23	-1589.67	0.432133	0.1770477
7020	-1587.9	-1588.65	0.754267	0.1598445
7030	-1598.23	-1599.71	1.48522	0.1206079
7040	-1588.17	-1589.04	0.870475	0.1536624
7050	-1618.29	-1617.46	-0.835776	0.2474979
7060	-1604.7	-1606.36	1.65976	0.1108303
7070	-1592.88	-1594.16	1.27463	0.1320748
7080	-1594.47	-1595.82	1.34761	0.1281291
7090	-1590.33	-1591.45	1.12083	0.1403259
7100	-1593.26	-1593.37	0.112031	0.1943416
7110	-1593.57	-1594.88	1.30749	0.1303014
7120	-1588.64	-1589.59	0.953292	0.1492566
7130	-1589.26	-1590.29	1.02776	0.1452914
7140	-1604.62	-1606.27	1.65771	0.1109473
7150	-1594.86	-1596.22	1.3636	0.1272613
7160	-1591.01	-1592.17	1.168	0.1378021
7170	-1590.4	-1591.53	1.12623	0.1400368
7180	-1614.48	-1616.33	1.84648	0.09985747
7190	-1602.41	-1604.02	1.60433	0.1139727
7200	-1598.11	-1599.59	1.4814	0.1208186
7210	-1588.34	-1589.25	0.905962	0.1517748
7220	-1590.99	-1592.15	1.16659	0.137878
7230	-1587.98	-1588.64	0.661177	0.1648024
7240	-1593.35	-1594.65	1.29725	0.1308545
7250	-1588	-1588.83	0.822796	0.1561984
7260	-1592.75	-1594.02	1.26784	0.1324405
7270	-1589.39	-1590.43	1.04077	0.144598
7280	-1601.7	-1601.41	-0.292528	0.2166247
7290	-1596.29	-1597.71	1.41885	0.1242508
7300	-1589.1	-1589.54	0.448614	0.1761636
7310	-1588.47	-1589.01	0.53824	0.1713647
7320	-1589.17	-1590.19	1.0181	0.1458062
7330	-1588.16	-1589.03	0.868418	0.1537718
7340	-1588.74	-1589.71	0.967588	0.1484958
7350	-1589.55	-1590.61	1.05635	0.1437676
7360	-1591.91	-1593.13	1.22264	0.1348719
7370	-1587.9	-1588.65	0.756169	0.1597433
7380	-1591.01	-1591.27	0.266088	0.185987
7390	-1589.87	-1590.96	1.08447	0.1422673
7400	-1592.58	-1593.84	1.25926	0.1329028
7410	-1589.34	-1590.37	1.03578	0.144864
7420	-1590.45	-1591.58	1.12933	0.1398714
7430	-1590.68	-1591.83	1.14605	0.138977
7440	-1594.04	-1594.1	0.0660235	0.1968495
7450	-1594.88	-1596.24	1.3645	0.1272126
7460	-1596.66	-1598.09	1.43233	0.1235135
7470	-1587.91	-1588.61	0.701805	0.1626377
7480	-1598.57	-1600.07	1.4961	0.1200071
7490	-1593.8	-1595.11	1.31796	0.1297354
7500	-1587.91	-1588.68	0.771345	0.1589356
7510	-1587.91	-1588.69	0.775332	0.1587235
7520	-1588.84	-1589.82	0.980216	0.1478236
7530	-1587.91	-1588.67	0.768294	0.159098
7540	-1588.29	-1588.86	0.573812	0.1694637
7550	-1592.61	-1593.87	1.26075	0.1328228
7560	-1605.34	-1607.02	1.67423	0.1100028
7570	-1598.47	-1599.96	1.49285	0.1201866
7580	-1587.93	-1588.72	0.789666	0.1579608
7590	-1588.13	-1589	0.86209	0.1541083
7600	-1589.92	-1590.28	0.360308	0.180907
7610	-1589.5	-1589.91	0.402066	0.1786619
7620	-1588.73	-1589.7	0.966384	0.1485598
7630	-1589.62	-1590.01	0.389573	0.1793332
7640	-1595.55	-1596.94	1.39131	0.1257539
7650	-1589.54	-1590.59	1.05473	0.1438537
7660	-1593.76	-1595.08	1.31636	0.1298216
7670	-1588.5	-1589.43	0.93305	0.1503337
7680	-1590.77	-1591.05	0.28552	0.1849375
7690	-1587.97	-1588.63	0.66608	0.164541
7700	-1589.1	-1590.11	1.01121	0.1461732
7710	-1587.92	-1588.7	0.778694	0.1585446
7720	-1595.36	-1595.35	-0.00654419	0.2008179
7730	-1587.9	-1588.65	0.75516	0.159797
7740	-1590.89	-1592.05	1.16049	0.1382042
7750	-1597.35	-1597.24	-0.105005	0.2062289
7760	-1587.97	-1588.63	0.667174	0.1644827
7770	-1588.67	-1589.63	0.958586	0.1489749
7780	-1596.55	-1597.98	1.42852	0.1237224
7790	-1588.78	-1589.75	0.973111	0.1482018
7800	-1588.64	-1589.59	0.953425	0.1492495
7810	-1598.77	-1600.27	1.50208	0.1196767
7820	-1588.29	-1588.86	0.574068	0.16945
7830	-1590.53	-1591.67	1.13562	0.1395351
7840	-1588.11	-1588.96	0.854538	0.15451
7850	-1587.94	-1588.74	0.795263	0.157663
7860	-1587.92	-1588.61	0.693474	0.1630814
7870	-1587.94	-1588.74	0.795951	0.1576265
7880	-1594.44	-1595.78	1.34597	0.128218
7890	-1594.87	-1596.23	1.36395	0.1272422
7900	-1590.41	-1591.54	1.12691	0.1400006
7910	-1595.92	-1595.88	-0.0351307	0.2023857
7920	-1621.06	-1623	1.94148	0.09392534
7930	-1587.9	-1588.65	0.75281	0.1599221
7940	-1592.34	-1592.51	0.170533	0.1911615
7950	-1588.15	-1588.75	0.60666	0.1677099
7960	-1588.96	-1589.96	0.995109	0.1470306
7970	-1594.11	-1594.17	0.0617838	0.1970809
7980	-1609.03	-1608.48	-0.555973	0.231448
7990	-1592.04	-1592.23	0.190673	0.1900689
8000	-1591.64	-1592.85	1.20748	0.1356861
8010	-1589.65	-1590.72	1.06554	0.1432773
8020	-1593.08	-1594.37	1.28437	0.1315496
8030	-1587.9	-1588.65	0.753274	0.1598974
8040	-1587.95	-1588.75	0.798628	0.157484
8050	-1590.53	-1590.84	0.305067	0.1838828
8060	-1591.91	-1593.13	1.22273	0.1348673
8070	-1603.84	-1603.46	-0.374649	0.221217
8080	-1589.66	-1590.04	0.385834	0.1795341
8090	-1595.8	-1595.77	-0.0290782	0.2020535
8100	-1588.61	-1589.57	0.950377	0.1494118
8110	-1588.25	-1589.14	0.889232	0.1526647
8120	-1596.28	-1596.23	-0.053586	0.2033992
8130	-1588.99	-1589.99	0.998329	0.1468591
8140	-1588.54	-1589.48	0.939039	0.150015
8150	-1604.4	-1606.05	1.65262	0.1112378
8160	-1588.33	-1588.9	0.56484	0.169943
8170	-1588.1	-1588.95	0.853242	0.154579
8180	-1603.83	-1605.47	1.63935	0.111992
8190	-1589.73	-1590.81	1.07249	0.1429064
8200	-1589.28	-1589.71	0.4266	0.1773446
8210	-1588.47	-1589.4	0.928249	0.1505891
8220	-1588	-1588.65	0.652591	0.16526
8230	-1593.9	-1595.23	1.32279	0.1294739
8240	-1627.28	-1629.29	2.01561	0.08902903
8250	-1588.42	-1588.97	0.548005	0.1708427
8260	-1601.61	-1601.32	-0.289044	0.2164304
8270	-1589.8	-1590.88	1.07843	0.1425898
8280	-1604.39	-1606.05	1.65258	0.1112398
8290	-1588.03	-1588.67	0.641756	0.1658377
8300	-1588.36	-1588.92	0.559558	0.1702252
8310	-1587.96	-1588.63	0.671947	0.1642284
8320	-1588.05	-1588.68	0.635081	0.1661937
8330	-1590.02	-1591.12	1.09683	0.1416078
8340	-1587.89	-1588.63	0.735408	0.1608483
8350	-1611.89	-1613.7	1.80329	0.1024625
8360	-1599.12	-1598.93	-0.185109	0.2106547
8370	-1593.84	-1595.16	1.31973	0.1296394
8380	-1588.01	-1588.84	0.825491	0.156055
8390	-1592.77	-1594.04	1.26886	0.1323858
8400	-1589.73	-1590.8	1.07198	0.1429339
8410	-1618.24	-1620.14	1.90309	0.09636058
8420	-1594.08	-1594.15	0.063271	0.1969997
8430	-1589.47	-1589.87	0.405999	0.1784507
8440	-1594.64	-1595.99	1.35454	0.1277533
8450	-1655.75	-1657.97	2.22802	0.07197855
8460	-1587.89	-1588.63	0.741833	0.1605063
8470	-1599.57	-1599.37	-0.204795	0.2117457
8480	-1590.54	-1591.67	1.13585	0.1395229
8490	-1598.13	-1599.61	1.48209	0.1207804
8500	-1588.83	-1589.81	0.978847	0.1478965
8510	-1591.06	-1591.32	0.262	0.1862079
8520	-1588.55	-1589.07	0.525558	0.1720429
8530	-1625.62	-1627.61	1.9971	0.09027935
8540	-1592.59	-1593.85	1.25948	0.1328912
8550	-1605.39	-1607.06	1.67523	0.1099458
8560	-1612.84	-1612.17	-0.676637	0.2383293
8570	-1595.62	-1595.6	-0.0201511	0.2015639
8580	-1588.86	-1589.34	0.479741	0.1744953
8590	-1588.38	-1588.93	0.556041	0.1704132
8600	-1590.06	-1591.16	1.09997	0.1414401
8610	-1589.28	-1590.31	1.03024	0.1451592
8620	-1590.83	-1591.99	1.15634	0.1384268
8630	-1600.93	-1602.5	1.56524	0.1161662
8640	-1604.19	-1605.84	1.64781	0.1115116
8650	-1606.33	-1605.87	-0.464654	0.2262795
8660	-1587.99	-1588.65	0.655579	0.1651008
8670	-1594.25	-1595.59	1.33791	0.1286549
8680	-1588.28	-1589.17	0.894438	0.1523878
8690	-1588.52	-1589.46	0.936908	0.1501284
8700	-1596.61	-1596.54	-0.0697426	0.2042874
8710	-1601	-1602.56	1.567	0.1160678
8720	-1593.45	-1594.75	1.30183	0.1306072
8730	-1612.36	-1611.7	-0.661838	0.2374821
8740	-1597.36	-1598.82	1.45664	0.1221804
8750	-1595.17	-1596.54	1.37607	0.1265834
8760	-1588.41	-1588.96	0.54895	0.1707921
8770	-1593.84	-1593.92	0.0772177	0.1962387
8780	-1588.42	-1589.34	0.919781	0.1510396
8790	-1588.43	-1589.35	0.92173	0.150936
8800	-1587.96	-1588.63	0.670493	0.1643059
8810	-1593.06	-1594.34	1.28312	0.131617
8820	-1594.16	-1594.22	0.058731	0.1972475
8830	-1588.79	-1589.28	0.489438	0.1739759
8840	-1598.72	-1600.22	1.50065	0.1197559
8850	-1588.51	-1589.44	0.934139	0.1502758
8860	-1591.85	-1592.06	0.203652	0.1893653
8870	-1591.76	-1592.97	1.21426	0.135322
8880	-1596.53	-1596.46	-0.0655507	0.2040569
8890	-1607.39	-1609.11	1.71814	0.1074722
8900	-1592.88	-1594.16	1.27444	0.1320852
8910	-1587.99	-1588.65	0.655727	0.1650929
8920	-1588.15	-1589.02	0.866703	0.153863
8930	-1613.34	-1615.17	1.82799	0.1009788
8940	-1589.56	-1589.96	0.395863	0.1789952
8950	-1587.97	-1588.64	0.66363	0.1646716
8960	-1591.68	-1592.89	1.20939	0.1355832
8970	-1590.35	-1590.67	0.32025	0.1830642
8980	-1592.18	-1593.41	1.23761	0.1340675
8990	-1590.62	-1591.76	1.1418	0.1392046
9000	-1588.04	-1588.88	0.836229	0.1554839
9010	-1588.1	-1588.95	0.852359	0.1546259
9020	-1602.19	-1603.79	1.59874	0.1142877
9030	-1598.06	-1599.54	1.47972	0.1209109
9040	-1588.57	-1589.52	0.944235	0.1497386
9050	-1592.1	-1593.34	1.23365	0.1342806
9060	-1588.51	-1589.44	0.934546	0.1502541
9070	-1588.26	-1589.15	0.890414	0.1526018
9080	-1591.53	-1591.76	0.226525	0.1881265
9090	-1587.97	-1588.64	0.664122	0.1646454
9100	-1599.52	-1601.05	1.52502	0.1184064
9110	-1589.83	-1590.92	1.08117	0.1424432
9120	-1601	-1602.57	1.56707	0.116064
9130	-1588.45	-1589.38	0.925236	0.1507494
9140	-1588.82	-1589.8	0.978118	0.1479353
9150	-1592.54	-1593.79	1.25681	0.1330347
9160	-1588.23	-1589.12	0.884842	0.1528982
9170	-1591.61	-1592.82	1.2057	0.1357817
9180	-1593.14	-1593.26	0.119241	0.1939492
9190	-1604.01	-1605.66	1.6436	0.1117508
9200	-1587.9	-1588.61	0.715756	0.1618947
9210	-1592.62	-1592.78	0.151761	0.1921809
9220	-1589.3	-1590.33	1.03214	0.1450579
9230	-1589.52	-1590.57	1.05286	0.1439538
9240	-1591.05	-1592.22	1.17091	0.1376465
9250	-1591.75	-1592.96	1.21349	0.1353631
9260	-1593.03	-1593.16	0.125785	0.1935931
9270	-1588.25	-1588.83	0.58262	0.1689933
9280	-1588.25	-1588.83	0.581314	0.169063
9290	-1588.13	-1588.74	0.611886	0.1674311
9300	-1592.3	-1593.54	1.24418	0.1337143
9310	-1590.58	-1590.88	0.300866	0.1841094
9320	-1633.2	-1635.28	2.07506	0.08485383
9330	-1589.38	-1589.8	0.415145	0.1779595
9340	-1591.96	-1592.16	0.195974	0.1897815
9350	-1600.22	-1599.99	-0.232353	0.2132753
9360	-1587.95	-1588.74	0.796485	0.157598
9370	-1588.3	-1589.2	0.898069	0.1521946
9380	-1588.77	-1589.74	0.97179	0.1482721
9390	-1588.96	-1589.96	0.995301	0.1470204
9400	-1602.35	-1603.96	1.6028	0.1140589
9410	-1590.17	-1590.51	0.336247	0.1822023
9420	-1594.74	-1594.77	0.0266662	0.1989998
9430	-1592.35	-1592.52	0.169619	0.1912111
9440	-1588.11	-1588.73	0.616005	0.1672113
9450	-1588.32	-1589.23	0.90269	0.1519488
9460	-1606.78	-1608.48	1.70529	0.1082162
9470	-1595.78	-1597.18	1.40004	0.1252778
9480	-1589.41	-1590.45	1.0427	0.1444951
9490	-1650.06	-1652.26	2.19861	0.07486523
9500	-1588.27	-1588.85	0.576696	0.1693097
9510	-1591.41	-1592.61	1.19367	0.1364265
9520	-1590.15	-1590.49	0.338626	0.1820741
9530	-1587.95	-1588.63	0.67422	0.1641072
9540	-1592.24	-1592.41	0.177265	0.1907961
9550	-1602.48	-1604.08	1.60598	0.1138801
9560	-1590.43	-1591.56	1.12825	0.139929
9570	-1588.41	-1588.96	0.550453	0.1707118
9580	-1587.9	-1588.61	0.71103	0.1621463
9590	-1588.65	-1589.16	0.509239	0.172916
9600	-1588.38	-1589.29	0.91288	0.1514068
9610	-1589.56	-1590.62	1.05736	0.1437136
9620	-1602.41	-1604.01	1.6042	0.1139803
9630	-1603.78	-1603.41	-0.372576	0.2211008
9640	-1591	-1592.17	1.16773	0.1378167
9650	-1638.19	-1640.31	2.11799	0.08164037
9660	-1588.38	-1589.29	0.912462	0.151429
9670	-1593.03	-1593.16	0.12602	0.1935803
9680	-1595.68	-1597.07	1.39598	0.1254991
9690	-1592.25	-1592.43	0.176394	0.1908434
9700	-1593.45	-1594.75	1.302	0.1305979
9710	-1604.31	-1605.96	1.65061	0.1113519
9720	-1609.33	-1611.08	1.7565	0.105234
9730	-1595.66	-1595.64	-0.0219747	0.2016639
9740	-1590.25	-1591.36	1.11458	0.1406594
9750	-1590.57	-1590.87	0.301406	0.1840803
9760	-1588.3	-1588.87	0.570729	0.1696284
9770	-1587.89	-1588.64	0.746094	0.1602795
9780	-1613.56	-1615.39	1.83151	0.1007656
9790	-1596.13	-1597.54	1.4131	0.1245655
9800	-1594.43	-1594.47	0.0436628	0.1980706
9810	-1589.27	-1589.7	0.427774	0.1772816
9820	-1588.37	-1588.93	0.557133	0.1703548
9830	-1588.14	-1589	0.863472	0.1540348
9840	-1587.93	-1588.62	0.687882	0.1633793
9850	-1592.13	-1592.32	0.18437	0.1904107
9860	-1590.67	-1590.96	0.293527	0.1845054
9870	-1590.17	-1591.28	1.10868	0.1409747
9880	-1589.9	-1590.99	1.08704	0.1421301
9890	-1591.96	-1593.19	1.22592	0.134696
9900	-1588.25	-1589.14	0.888871	0.1526839
9910	-1587.89	-1588.63	0.741531	0.1605224
9920	-1591.24	-1591.49	0.24813	0.1869577
9930	-1590.48	-1591.61	1.13144	0.1397582
9940	-1588.96	-1589.96	0.99516	0.1470279
9950	-1599.71	-1601.24	1.53042	0.1181061
9960	-1598.14	-1599.63	1.48244	0.1207611
9970	-1604.43	-1604.03	-0.396429	0.2224392
9980	-1602.56	-1604.17	1.60816	0.1137569
9990	-1598.42	-1599.91	1.49117	0.1202793
10000	-1590.2	-1591.31	1.11092	0.1408553
