Iteration	Posterior	Likelihood	Prior	birth_rate
0	-1589.01	-1589.47	0.458922	0.1756109
10	-1628.32	-1627.22	-1.09877	0.2628941
20	-1594.73	-1596.08	1.35818	0.1275556
30	-1591.9	-1593.13	1.22257	0.1348756
40	-1603.76	-1603.39	-0.371901	0.2210629
50	-1610.16	-1609.57	-0.592532	0.2335267
60	-1732.32	-1729.37	-2.95337	0.3813911
70	-1610.41	-1609.81	-0.600645	0.2339886
80	-1587.96	-1588.63	0.670507	0.1643051
90	-1598.15	-1599.63	1.48254	0.1207555
100	-1601.51	-1601.22	-0.284823	0.2161951
110	-1674.98	-1677.28	2.29193	0.06348992
120	-1685.63	-1687.94	2.30715	0.05946556
130	-1618.47	-1620.37	1.90633	0.09615725
140	-1589.7	-1590.77	1.06931	0.143076
150	-1645.57	-1647.74	2.17136	0.07730036
160	-1596.28	-1597.7	1.41855	0.1242676
170	-1589.99	-1591.08	1.09421	0.1417474
180	-1717.65	-1719.93	2.28303	0.04942397
190	-1704.29	-1706.59	2.30481	0.05328978
200	-1610.52	-1612.3	1.77881	0.1039185
210	-1646.95	-1649.13	2.18014	0.07653566
220	-1625.19	-1627.19	1.99225	0.0906036
230	-1596.23	-1597.65	1.4169	0.1243577
240	-1683.55	-1685.85	2.30518	0.06022092
250	-1727.97	-1730.23	2.25576	0.04669793
260	-1648.71	-1650.9	2.19078	0.07558468
270	-1667.85	-1670.12	2.2741	0.06643555
280	-1602.81	-1604.43	1.61442	0.1134039
290	-1589.12	-1589.57	0.445184	0.1763476
300	-1687.87	-1690.18	2.30874	0.05866932
310	-1755.62	-1757.76	2.14198	0.0403257
320	-1742.24	-1744.44	2.20418	0.04325699
330	-1704.65	-1706.96	2.30444	0.05317949
340	-1631.42	-1633.48	2.05824	0.08606339
350	-1680.52	-1682.82	2.30147	0.06134492
360	-1822.38	-1824.03	1.65282	0.02891236
370	-1727.01	-1729.27	2.25867	0.04694338
380	-1627.98	-1630	2.0232	0.08851014
390	-1649.11	-1651.3	2.19311	0.07537188
400	-1820.37	-1822.04	1.67164	0.02919456
410	-1772.57	-1774.61	2.04517	0.03696907
420	-1635.3	-1637.4	2.09388	0.08346923
430	-1662.7	-1664.95	2.25707	0.06870293
440	-1654.23	-1656.45	2.22068	0.07273127
450	-1705.56	-1707.86	2.30343	0.05290423
460	-1769.61	-1771.68	2.06346	0.03752827
470	-1794.18	-1796.08	1.89402	0.03317731
480	-1763.06	-1765.17	2.10189	0.03880604
490	-1599.25	-1600.77	1.51694	0.1188543
500	-1721.16	-1723.44	2.27473	0.04847246
510	-1642.79	-1644.94	2.15256	0.07888353
520	-1653.1	-1655.32	2.215	0.07329727
530	-1660.6	-1662.85	2.24908	0.06966227
540	-1623.78	-1625.75	1.97553	0.09171153
550	-1587.9	-1588.66	0.761334	0.1594684
560	-1698.23	-1700.54	2.30935	0.05518778
570	-1823.05	-1824.7	1.64651	0.0288194
580	-1617.56	-1619.46	1.89345	0.09696366
590	-1665.42	-1667.68	2.26652	0.06748892
600	-1654.29	-1656.51	2.22101	0.07269726
610	-1615.61	-1617.47	1.86417	0.09877537
620	-1640.41	-1642.55	2.13528	0.08028348
630	-1607.63	-1609.35	1.72295	0.1071931
640	-1640.32	-1642.45	2.13457	0.08034026
650	-1588.7	-1589.66	0.962395	0.1487722
660	-1616.9	-1616.1	-0.796308	0.2452139
670	-1598.69	-1600.19	1.49985	0.1197998
680	-1592.3	-1593.54	1.24431	0.1337076
690	-1622.18	-1624.14	1.95591	0.09299332
700	-1620.74	-1622.67	1.93725	0.09419629
710	-1751.53	-1753.69	2.16238	0.041194
720	-1654.13	-1656.35	2.2202	0.07277956
730	-1742.38	-1744.58	2.20361	0.04322552
740	-1728.22	-1730.48	2.255	0.04663515
750	-1674.92	-1677.22	2.2918	0.0635134
760	-1631.69	-1633.76	2.06087	0.08587538
770	-1609	-1610.75	1.75019	0.105604
780	-1613.87	-1615.71	1.83666	0.1004542
790	-1606.12	-1607.81	1.69121	0.1090283
800	-1691.32	-1693.63	2.31015	0.05747554
810	-1629.71	-1628.58	-1.13287	0.2649138
820	-1663.38	-1661.53	-1.84539	0.3084009
830	-1672.04	-1674.32	2.28534	0.0646803
840	-1733.09	-1735.32	2.23908	0.0454244
850	-1754.99	-1757.14	2.14521	0.04045819
860	-1889.03	-1889.93	0.898223	0.02113078
870	-1594.36	-1595.7	1.34264	0.1283988
880	-1707.64	-1709.94	2.30084	0.05228031
890	-1658.55	-1660.79	2.24062	0.07062549
900	-1595.07	-1596.44	1.37218	0.1267949
910	-1603.99	-1603.61	-0.380239	0.2215305
920	-1670.61	-1672.89	2.28176	0.06527097
930	-1779.37	-1781.37	2.00088	0.03572109
940	-1615.26	-1617.11	1.85875	0.09910833
950	-1680.42	-1682.72	2.30132	0.06138463
960	-1620.26	-1622.19	1.93089	0.09460251
970	-1590.52	-1591.66	1.13483	0.1395773
980	-1690.9	-1693.21	2.31005	0.05761742
990	-1588.54	-1589.48	0.938961	0.1500192
1000	-1624.18	-1626.16	1.98033	0.09139534
1010	-1588.12	-1588.97	0.857565	0.154349
1020	-1782.14	-1784.12	1.98195	0.03522725
1030	-1659.24	-1661.49	2.24354	0.07029777
1040	-1675.86	-1678.15	2.29367	0.06314464
1050	-1615.75	-1617.62	1.86638	0.09863986
1060	-1598.62	-1598.45	-0.163144	0.2094389
1070	-1588.22	-1588.81	0.588403	0.1686845
1080	-1688.4	-1690.7	2.30904	0.05848524
1090	-1635.77	-1637.87	2.09792	0.08316771
1100	-1632.79	-1634.86	2.07125	0.08512965
1110	-1654.29	-1656.51	2.22099	0.07270025
1120	-1609.26	-1611.01	1.75512	0.1053149
1130	-1697.97	-1700.28	2.30946	0.05527191
1140	-1709.37	-1711.67	2.29839	0.05177018
1150	-1738.63	-1740.85	2.21871	0.04409497
1160	-1615.58	-1617.44	1.86371	0.09880418
1170	-1632.82	-1634.9	2.07157	0.0851069
1180	-1608.21	-1607.68	-0.528704	0.2299012
1190	-1605.8	-1607.48	1.68424	0.1094291
1200	-1641.63	-1643.77	2.14428	0.07956062
1210	-1634.02	-1636.1	2.08254	0.08430793
1220	-1681.99	-1684.3	2.3034	0.06079478
1230	-1602.24	-1603.84	1.59984	0.1142257
1240	-1588.45	-1589.37	0.924361	0.150796
1250	-1596.55	-1597.97	1.42822	0.1237385
1260	-1689.9	-1692.21	2.30972	0.05796141
1270	-1686.49	-1688.8	2.30782	0.05915914
1280	-1693.4	-1695.71	2.31041	0.05676991
1290	-1699.63	-1701.94	2.30861	0.05474047
1300	-1852.55	-1853.89	1.34253	0.02504442
1310	-1793.35	-1795.25	1.9004	0.03331445
1320	-1639.75	-1641.88	2.13022	0.08068504
1330	-1588.17	-1589.03	0.86952	0.1537132
1340	-1659.26	-1661.5	2.24361	0.07029016
1350	-1638.34	-1640.46	2.1192	0.08154688
1360	-1608.78	-1610.53	1.74596	0.1058515
1370	-1677.14	-1679.44	2.29608	0.06263949
1380	-1592.9	-1594.17	1.27527	0.1320401
1390	-1615.95	-1617.82	1.86945	0.09845097
1400	-1734.04	-1736.27	2.23576	0.04519262
1410	-1591.11	-1592.28	1.17447	0.137456
1420	-1615.68	-1617.54	1.86525	0.09870917
1430	-1735.87	-1738.1	2.22913	0.04474895
1440	-1697.23	-1699.54	2.30976	0.05551089
1450	-1663.97	-1666.23	2.26161	0.06813131
1460	-1632.11	-1634.17	2.06484	0.08559145
1470	-1689.41	-1691.72	2.30953	0.05812995
1480	-1590.56	-1591.7	1.13775	0.1394209
1490	-1637.93	-1640.04	2.11589	0.08180235
1500	-1616.05	-1617.92	1.87098	0.0983565
1510	-1722.69	-1724.96	2.2708	0.04806597
1520	-1730.78	-1733.03	2.24684	0.04599178
1530	-1605.86	-1607.54	1.68557	0.1093527
1540	-1587.99	-1588.81	0.81774	0.1564673
1550	-1837.81	-1839.31	1.50067	0.02685331
1560	-1905.16	-1905.84	0.678536	0.01962334
1570	-1725.09	-1727.35	2.26426	0.04743934
1580	-1729.62	-1731.87	2.25062	0.04628324
1590	-1599.44	-1600.96	1.52258	0.1185416
1600	-1632.41	-1631.22	-1.19772	0.2687689
1610	-1593.47	-1594.77	1.30303	0.1305426
1620	-1589.29	-1590.32	1.03047	0.1451471
1630	-1668.73	-1671.01	2.27666	0.06605863
1640	-1667.23	-1669.51	2.27226	0.06669906
1650	-1589.02	-1589.48	0.457682	0.1756774
1660	-1612.3	-1614.11	1.81038	0.1020379
1670	-1682.7	-1680.51	-2.18989	0.3303635
1680	-1605.17	-1604.75	-0.423395	0.2239549
1690	-1641.56	-1643.7	2.14378	0.07960093
1700	-1681.05	-1683.35	2.30218	0.06114874
1710	-1694.42	-1696.73	2.31038	0.05642987
1720	-1604.53	-1606.19	1.65575	0.111059
1730	-1644.2	-1646.37	2.16232	0.07807005
1740	-1592.96	-1594.24	1.27835	0.1318741
1750	-1610.69	-1612.47	1.78189	0.1037361
1760	-1621.9	-1623.85	1.95226	0.09323007
1770	-1679.12	-1681.42	2.29939	0.0618764
1780	-1725.58	-1727.84	2.26287	0.04731255
1790	-1842.02	-1843.48	1.45677	0.02632173
1800	-1707.41	-1709.71	2.30115	0.05234984
1810	-1780.45	-1782.44	1.99356	0.03552759
1820	-1949.49	-1949.49	0.00275277	0.01605432
1830	-1876.56	-1877.61	1.05849	0.02238595
1840	-1859.2	-1860.46	1.26708	0.02427368
1850	-1879.82	-1880.84	1.01734	0.02204935
1860	-1723.98	-1726.25	2.26734	0.04772703
1870	-1753.49	-1755.64	2.15278	0.04077589
1880	-1675.48	-1677.77	2.29293	0.06329311
1890	-1709.34	-1711.64	2.29843	0.05177798
1900	-1672.62	-1674.9	2.28673	0.06444231
1910	-1659.86	-1662.1	2.24608	0.07000902
1920	-1639.62	-1641.75	2.12922	0.08076401
1930	-1609.91	-1611.68	1.76756	0.1045828
1940	-1688.45	-1690.75	2.30906	0.05846778
1950	-1590.86	-1592.02	1.15835	0.138319
1960	-1598.91	-1598.73	-0.176121	0.210157
1970	-1671.4	-1673.69	2.28379	0.06493985
1980	-1657.97	-1660.21	2.2381	0.07090249
1990	-1615.36	-1617.22	1.86043	0.09900496
2000	-1595.65	-1597.04	1.39497	0.1255542
2010	-1640.56	-1642.7	2.13639	0.08019564
2020	-1599.81	-1601.34	1.53334	0.117944
2030	-1613.18	-1612.49	-0.686828	0.2389132
2040	-1591.4	-1592.59	1.19272	0.1364776
2050	-1587.89	-1588.63	0.735985	0.1608176
2060	-1636.78	-1638.89	2.10647	0.0825224
2070	-1716.68	-1713.96	-2.7276	0.3659531
2080	-1598.48	-1598.33	-0.157241	0.2091125
2090	-1621.54	-1623.49	1.94768	0.09352601
2100	-1622.72	-1624.68	1.9626	0.09255826
2110	-1644.97	-1643.49	-1.47871	0.2857064
2120	-1588.65	-1589.61	0.95607	0.1491088
2130	-1594.31	-1595.65	1.3407	0.1285039
2140	-1611.77	-1613.57	1.80109	0.1025935
2150	-1706.37	-1708.67	2.30247	0.05265985
2160	-1627.71	-1629.73	2.02033	0.08870721
2170	-1588.36	-1588.92	0.559213	0.1702437
2180	-1641.35	-1643.49	2.14225	0.07972502
2190	-1680.97	-1683.27	2.30208	0.06117674
2200	-1702.87	-1705.17	2.30619	0.05372722
2210	-1669.34	-1671.62	2.27838	0.06579886
2220	-1671.01	-1669.02	-1.98566	0.3172665
2230	-1620.45	-1619.56	-0.895287	0.2509547
2240	-1616.69	-1618.57	1.88059	0.0977632
2250	-1671.37	-1673.65	2.2837	0.06495578
2260	-1635.76	-1637.86	2.09784	0.08317315
2270	-1660.08	-1662.33	2.247	0.06990359
2280	-1637.33	-1639.44	2.11104	0.08217452
2290	-1589.57	-1590.63	1.05825	0.1436663
2300	-1590.56	-1591.69	1.13731	0.1394446
2310	-1622.61	-1621.66	-0.953071	0.2543262
2320	-1602.36	-1602.04	-0.318416	0.2180697
2330	-1594.92	-1596.29	1.36634	0.1271125
2340	-1763.7	-1765.8	2.09827	0.03867899
2350	-1640.82	-1642.96	2.13835	0.08003879
2360	-1771.55	-1773.6	2.05154	0.03716058
2370	-1690.89	-1693.2	2.31005	0.05762186
2380	-1610.86	-1612.65	1.78504	0.1035492
2390	-1737.47	-1739.69	2.22315	0.04436823
2400	-1871.13	-1872.26	1.12545	0.02295725
2410	-1766.34	-1768.42	2.08305	0.03816089
2420	-1705.87	-1708.17	2.30307	0.05281138
2430	-1628.84	-1630.87	2.03229	0.08788383
2440	-1672.42	-1670.41	-2.01104	0.3188818
2450	-1606.97	-1608.68	1.70931	0.1079839
2460	-1610.83	-1612.61	1.7844	0.1035873
2470	-1647.05	-1649.23	2.18072	0.07648452
2480	-1699.11	-1701.42	2.3089	0.05490502
2490	-1726.02	-1728.28	2.26159	0.04719797
2500	-1588.22	-1589.1	0.881194	0.1530922
2510	-1590.96	-1591.23	0.270083	0.1857711
2520	-1608.86	-1610.6	1.74738	0.1057684
2530	-1593.51	-1594.82	1.30491	0.1304409
2540	-1588.09	-1588.94	0.850182	0.1547417
2550	-1590.85	-1592.01	1.15767	0.1383554
2560	-1693.62	-1695.93	2.31042	0.05669763
2570	-1758.26	-1760.39	2.12823	0.03977894
2580	-1725.11	-1727.37	2.26421	0.04743429
2590	-1701.62	-1703.92	2.30724	0.05411495
2600	-1752.86	-1755.01	2.15589	0.04090983
2610	-1597.71	-1599.18	1.46829	0.1215402
2620	-1597.47	-1598.93	1.46026	0.1219817
2630	-1623.62	-1622.64	-0.979597	0.2558789
2640	-1597.8	-1599.27	1.47138	0.1213705
2650	-1593.41	-1594.71	1.30025	0.1306923
2660	-1630.41	-1632.46	2.0483	0.08676695
2670	-1663.95	-1666.21	2.26154	0.06814094
2680	-1632.38	-1634.45	2.06743	0.08540546
2690	-1610.37	-1612.15	1.77611	0.1040779
2700	-1600.57	-1600.32	-0.246719	0.2140738
2710	-1603.49	-1605.12	1.6311	0.1124601
2720	-1594.51	-1595.86	1.34924	0.1280407
2730	-1588.07	-1588.69	0.629503	0.1664912
2740	-1590.27	-1591.38	1.1158	0.1405942
2750	-1594.97	-1596.34	1.36837	0.1270023
2760	-1747.12	-1749.3	2.18301	0.04215727
2770	-1691.03	-1693.34	2.31008	0.0575738
2780	-1640.45	-1642.59	2.13559	0.08025897
2790	-1761.94	-1764.05	2.10817	0.03903008
2800	-1627.17	-1629.18	2.01445	0.08910791
2810	-1602.56	-1604.17	1.60815	0.1137577
2820	-1624.45	-1626.43	1.98354	0.09118289
2830	-1639.15	-1641.28	2.12561	0.08104731
2840	-1593.45	-1593.55	0.100627	0.1949627
2850	-1620.6	-1619.7	-0.899268	0.2511865
2860	-1588.51	-1589.44	0.934483	0.1502575
2870	-1614.86	-1614.12	-0.736993	0.2417939
2880	-1587.91	-1588.67	0.768322	0.1590965
2890	-1588.01	-1588.66	0.650139	0.1653908
2900	-1588.62	-1589.57	0.951256	0.149365
2910	-1969.79	-1964.23	-5.55368	0.5825967
2920	-1994.73	-1988.95	-5.77364	0.6017552
2930	-1642.1	-1640.69	-1.4172	0.2819654
2940	-1595.61	-1597.01	1.39358	0.12563
2950	-1588.19	-1589.06	0.875166	0.1534128
2960	-1619.96	-1621.88	1.92688	0.0948582
2970	-1770.13	-1772.19	2.06032	0.03743027
2980	-1779.8	-1781.79	1.99798	0.03564411
2990	-1622.86	-1624.83	1.96436	0.09244345
3000	-1588.74	-1589.71	0.967587	0.1484958
3010	-1589.93	-1590.29	0.359395	0.1809561
3020	-1589.21	-1589.65	0.43472	0.1769089
3030	-1610.62	-1612.4	1.78068	0.1038074
3040	-1707.61	-1709.91	2.30088	0.0522891
3050	-1737.62	-1739.84	2.22258	0.04433266
3060	-1591.66	-1592.86	1.20818	0.1356485
3070	-1652.5	-1654.71	2.21186	0.07360467
3080	-1694.67	-1696.98	2.31036	0.05634824
3090	-1590.53	-1591.66	1.13501	0.1395676
3100	-1597.6	-1599.07	1.46472	0.1217367
3110	-1595.09	-1595.1	0.00793701	0.2000247
3120	-1597.06	-1598.51	1.44638	0.1227438
3130	-1591.69	-1592.9	1.21029	0.1355349
3140	-1625.96	-1627.96	2.00102	0.09001625
3150	-1592.76	-1594.03	1.26834	0.1324139
3160	-1746.57	-1748.75	2.1855	0.04227984
3170	-1680.58	-1682.89	2.30155	0.06132188
3180	-1745.23	-1747.42	2.19143	0.04257914
3190	-1600.66	-1602.22	1.5578	0.1165817
3200	-1702.49	-1704.79	2.30653	0.05384462
3210	-1799.35	-1801.2	1.8535	0.03234273
3220	-1657.04	-1659.27	2.23399	0.07134869
3230	-1829.88	-1831.46	1.58065	0.02788996
3240	-1776.44	-1778.46	2.0203	0.03625127
3250	-1791.18	-1793.1	1.91677	0.03367375
3260	-1875.67	-1876.74	1.0695	0.02247782
3270	-1800.52	-1802.36	1.84408	0.03215712
3280	-1757.46	-1759.59	2.13244	0.03994345
3290	-1772.49	-1774.54	2.04563	0.03698272
3300	-1629.33	-1631.37	2.03737	0.08753178
3310	-1597.47	-1598.93	1.46037	0.1219755
3320	-1719.73	-1722.01	2.27823	0.04885673
3330	-1687.38	-1689.69	2.30844	0.05884324
3340	-1690.85	-1693.16	2.31003	0.05763594
3350	-1673.09	-1675.37	2.28781	0.06425229
3360	-1695.28	-1697.59	2.31027	0.05614719
3370	-1588.56	-1589.5	0.942419	0.1498352
3380	-1612.95	-1614.77	1.82145	0.1013729
3390	-1668.75	-1671.03	2.27673	0.06604889
3400	-1687.79	-1690.1	2.30869	0.05869721
3410	-1675.49	-1677.79	2.29295	0.06328781
3420	-1628.5	-1630.53	2.02869	0.08813287
3430	-1602.83	-1602.5	-0.336689	0.2190911
3440	-1629.26	-1628.14	-1.12186	0.2642612
3450	-1594.69	-1594.71	0.0296393	0.1988372
3460	-1588.38	-1588.94	0.554496	0.1704957
3470	-1593.52	-1594.83	1.3054	0.1304141
3480	-1595.05	-1595.06	0.00972488	0.1999268
3490	-1714.89	-1717.18	2.28879	0.05018744
3500	-1896.84	-1897.63	0.793625	0.02038552
3510	-1785.26	-1787.22	1.96007	0.03468177
3520	-2017.48	-2016.24	-1.23347	0.01187076
3530	-1988.13	-1987.45	-0.670441	0.0135133
3540	-1791.98	-1793.89	1.91081	0.03354161
3550	-1632.01	-1634.07	2.06387	0.08566073
3560	-1605.67	-1607.35	1.68144	0.1095894
3570	-1642.74	-1641.31	-1.43094	0.2827993
3580	-1588.91	-1589.38	0.473034	0.1748547
3590	-1656.1	-1658.33	2.22966	0.07180749
3600	-1636	-1638.1	2.09991	0.08301843
3610	-1633.03	-1635.1	2.07349	0.08496793
3620	-1625.31	-1627.31	1.99365	0.09051015
3630	-1588.47	-1589.01	0.539042	0.1713218
3640	-1588.33	-1588.89	0.565391	0.1699136
3650	-1633.89	-1635.97	2.08137	0.08439312
3660	-1648.16	-1650.35	2.18751	0.07588006
3670	-1630.59	-1632.64	2.05009	0.08664058
3680	-1740.21	-1742.42	2.21247	0.04372541
3690	-1644.85	-1647.01	2.16662	0.07770559
3700	-1659.6	-1661.85	2.24504	0.07012848
3710	-1613.68	-1612.98	-0.701961	0.2397811
3720	-1680.69	-1682.99	2.3017	0.06128152
3730	-1834.51	-1836.05	1.53436	0.02727876
3740	-1641.08	-1643.22	2.14022	0.07988854
3750	-1645.79	-1647.96	2.17276	0.07717926
3760	-1672.55	-1674.84	2.28657	0.06446991
3770	-1648.64	-1650.83	2.1904	0.07561896
3780	-1590.83	-1591.99	1.15641	0.1384228
3790	-1594.54	-1594.57	0.0378713	0.1983871
3800	-1598.43	-1599.92	1.49163	0.1202541
3810	-1594.27	-1595.61	1.33884	0.1286048
3820	-1685.96	-1688.26	2.30741	0.05934879
3830	-1610.18	-1611.95	1.77253	0.1042898
3840	-1602.15	-1603.75	1.59755	0.1143546
3850	-1589.2	-1589.63	0.436554	0.1768105
3860	-1610.01	-1611.78	1.76939	0.1044751
3870	-1617.8	-1616.98	-0.821826	0.2466899
3880	-1632.95	-1631.74	-1.21029	0.2695187
3890	-1591.29	-1592.48	1.18609	0.136833
3900	-1711.84	-1714.13	2.29444	0.05105521
3910	-1621.68	-1623.63	1.94951	0.09340767
3920	-1733.93	-1736.16	2.23614	0.04521929
3930	-1592.63	-1593.89	1.26166	0.1327736
3940	-1644.53	-1646.69	2.16449	0.07788659
3950	-1636.68	-1638.79	2.10565	0.08258466
3960	-1739.99	-1742.2	2.21334	0.0437765
3970	-1714.14	-1716.43	2.29026	0.05039999
3980	-1837.17	-1838.68	1.50725	0.02693527
3990	-1895.62	-1896.43	0.81015	0.02049975
4000	-1671.33	-1673.61	2.2836	0.06497243
4010	-1717.64	-1719.92	2.28305	0.04942646
4020	-1656.41	-1658.64	2.23113	0.07165293
4030	-1770.53	-1772.59	2.05784	0.03735342
4040	-1779.95	-1781.94	1.99696	0.03561702
4050	-1728.94	-1731.19	2.25278	0.04645476
4060	-1734.72	-1736.95	2.23334	0.04502801
4070	-1664.07	-1666.33	2.26195	0.06808743
4080	-1679.61	-1681.91	2.30014	0.06169088
4090	-1603.28	-1604.91	1.62602	0.1127481
4100	-1634.55	-1636.64	2.0873	0.08395745
4110	-1599.44	-1599.24	-0.199186	0.2114347
4120	-1591.96	-1592.15	0.196256	0.1897662
4130	-1588.07	-1588.91	0.843633	0.15509
4140	-1681.39	-1679.22	-2.16765	0.3289263
4150	-1587.9	-1588.66	0.75902	0.1595916
4160	-1649.37	-1651.56	2.19462	0.07523355
4170	-1668.68	-1670.96	2.27653	0.06607847
4180	-1713.31	-1715.6	2.29183	0.05063557
4190	-1692.02	-1694.33	2.31029	0.05723776
4200	-1713.81	-1716.1	2.29088	0.0504921
4210	-1729.32	-1731.57	2.25157	0.04635841
4220	-1643.29	-1645.44	2.15605	0.0785944
4230	-1712.04	-1714.34	2.29408	0.05099651
4240	-1592.46	-1593.71	1.25283	0.1332489
4250	-1598.92	-1598.75	-0.17673	0.2101907
4260	-1601.01	-1600.74	-0.264674	0.2150727
4270	-1596.85	-1598.28	1.43885	0.1231568
4280	-1616.17	-1615.39	-0.775378	0.2440054
4290	-1616.4	-1618.28	1.87632	0.09802714
4300	-1757.94	-1760.07	2.12991	0.03984441
4310	-1708.43	-1710.73	2.29975	0.05204641
4320	-1662.99	-1665.24	2.25812	0.06857185
4330	-1624.08	-1626.06	1.97922	0.09146853
4340	-1675.19	-1677.48	2.29234	0.06340912
4350	-1589.22	-1590.25	1.02386	0.1454993
4360	-1616.67	-1618.55	1.88029	0.09778178
4370	-1650.17	-1652.37	2.19921	0.07480936
4380	-1706.28	-1708.58	2.30258	0.05268646
4390	-1626.48	-1628.48	2.0068	0.08962689
4400	-1618.92	-1620.83	1.91264	0.09576001
4410	-1603.58	-1605.21	1.63321	0.1123405
4420	-1674.45	-1676.74	2.2908	0.06370464
4430	-1625.54	-1627.54	1.99627	0.09033487
4440	-1597.11	-1598.56	1.4482	0.1226439
4450	-1588.29	-1588.86	0.573521	0.1694792
4460	-1600.17	-1599.94	-0.230072	0.2131486
4470	-1627.93	-1629.95	2.02263	0.08854964
4480	-1692.48	-1694.79	2.31035	0.05708225
4490	-1653.51	-1655.73	2.21711	0.07308846
4500	-1705.17	-1707.47	2.30387	0.05302248
4510	-1646.84	-1649.01	2.17941	0.07660021
4520	-1696.29	-1698.6	2.31005	0.0558166
4530	-1709.65	-1711.95	2.29797	0.05168814
4540	-1609.94	-1611.7	1.768	0.1045571
4550	-1593.99	-1595.32	1.32658	0.1292688
4560	-1589.08	-1590.09	1.00918	0.1462814
4570	-1589.96	-1591.05	1.09149	0.1418927
4580	-1615.57	-1617.43	1.86355	0.09881399
4590	-1636.12	-1638.22	2.10092	0.08294209
4600	-1649.55	-1651.74	2.19567	0.07513711
4610	-1623.73	-1625.71	1.975	0.09174667
4620	-1605.43	-1607.11	1.67619	0.1098911
4630	-1593.87	-1595.2	1.32148	0.129545
4640	-1587.9	-1588.62	0.722548	0.161533
4650	-1604.9	-1604.49	-0.4138	0.2234153
4660	-1744.99	-1741.86	-3.12829	0.3935601
4670	-1661.34	-1659.53	-1.80686	0.3059836
4680	-1589.15	-1589.59	0.441991	0.1765188
4690	-1588.07	-1588.69	0.629472	0.1664929
4700	-1621.91	-1623.86	1.95246	0.09321692
4710	-1647.82	-1650	2.18546	0.07606396
4720	-1661.57	-1663.82	2.25285	0.06921566
4730	-1660.28	-1662.53	2.2478	0.06981108
4740	-1852.48	-1853.83	1.3432	0.02505152
4750	-1761.11	-1763.22	2.11278	0.0391975
4760	-1806.19	-1807.99	1.79722	0.03127487
4770	-1678.62	-1680.92	2.2986	0.06206715
4780	-1650.06	-1648.48	-1.58483	0.292204
4790	-1632.06	-1634.12	2.06436	0.08562618
4800	-1673.43	-1675.72	2.28859	0.0641126
4810	-1752.4	-1754.56	2.15812	0.04100629
4820	-1666.87	-1669.14	2.27114	0.06685644
4830	-1779.48	-1781.48	2.00013	0.03570109
4840	-1776.3	-1778.32	2.02124	0.03627747
4850	-1672.94	-1675.23	2.28748	0.06431078
4860	-1675.83	-1678.12	2.29362	0.06315477
4870	-1632.57	-1634.64	2.06919	0.08527851
4880	-1691.73	-1694.04	2.31024	0.05733594
4890	-1640.7	-1642.84	2.13747	0.08010905
4900	-1598.1	-1599.58	1.48094	0.1208437
4910	-1588.04	-1588.68	0.638519	0.1660104
4920	-1588.26	-1588.84	0.578682	0.1692036
4930	-1588.26	-1588.84	0.578707	0.1692023
4940	-1595.11	-1596.48	1.37368	0.1267136
4950	-1618.66	-1620.56	1.90899	0.09599015
4960	-1652.05	-1654.26	2.20952	0.07383135
4970	-1649.09	-1651.28	2.19299	0.07538355
4980	-1650.7	-1652.9	2.20218	0.07453124
4990	-1618.09	-1620	1.90106	0.09648787
5000	-1594.49	-1595.84	1.34826	0.1280939
5010	-1596.01	-1597.42	1.40869	0.124806
5020	-1624.69	-1626.67	1.98633	0.09099752
5030	-1611.08	-1612.87	1.78899	0.1033146
5040	-1597.7	-1599.17	1.468	0.1215561
5050	-1634.74	-1636.82	2.08892	0.08383779
5060	-1707.79	-1710.09	2.30064	0.052237
5070	-1655.95	-1658.18	2.22898	0.07187891
5080	-1682.14	-1684.45	2.30358	0.06073914
5090	-1720.1	-1722.37	2.27736	0.04875832
5100	-1597.81	-1599.28	1.4716	0.1213584
5110	-1609.98	-1611.75	1.76889	0.1045047
5120	-1728.17	-1730.43	2.25515	0.04664782
5130	-1611.71	-1613.51	1.80006	0.1026552
5140	-1589.01	-1590.01	1.00092	0.146721
5150	-1587.9	-1588.66	0.761781	0.1594446
5160	-1597.74	-1599.2	1.46915	0.1214931
5170	-1595.1	-1595.1	0.00741446	0.2000533
5180	-1629.66	-1628.53	-1.13158	0.2648371
5190	-1589.18	-1590.2	1.0193	0.145742
5200	-1590.35	-1591.47	1.12225	0.1402495
5210	-1607.77	-1609.5	1.7259	0.1070216
5220	-1603.41	-1605.04	1.62927	0.1125639
5230	-1588.22	-1589.1	0.88121	0.1530914
5240	-1640.19	-1642.33	2.13362	0.08041612
5250	-1667.34	-1669.61	2.27259	0.06665218
5260	-1689.91	-1692.22	2.30973	0.05795942
5270	-1669.12	-1671.4	2.27777	0.06589183
5280	-1654.37	-1656.59	2.22137	0.07266129
5290	-1726.69	-1728.95	2.25962	0.04702531
5300	-1676.53	-1678.83	2.29496	0.06287768
5310	-1766.36	-1768.44	2.08292	0.03815647
5320	-1752.87	-1755.03	2.15581	0.04090608
5330	-1694.27	-1696.58	2.31039	0.05648095
5340	-1592.3	-1593.54	1.24421	0.1337129
5350	-1590.43	-1591.56	1.1284	0.1399209
5360	-1587.92	-1588.7	0.781525	0.158394
5370	-1596.58	-1598.01	1.42941	0.1236734
5380	-1637.46	-1639.57	2.11207	0.08209548
5390	-1590.14	-1590.48	0.339693	0.1820167
5400	-1590.06	-1591.16	1.09972	0.1414531
5410	-1608.55	-1610.29	1.74138	0.1061193
5420	-1591.08	-1591.34	0.260786	0.1862735
5430	-1598.81	-1598.63	-0.171508	0.2099017
5440	-1595.13	-1595.13	0.00579919	0.2001418
5450	-1597.73	-1597.61	-0.12303	0.2072229
5460	-1605	-1606.66	1.66643	0.1104493
5470	-1588.5	-1589.03	0.534412	0.1715694
5480	-1675.21	-1677.51	2.2924	0.06339801
5490	-1692.01	-1694.32	2.31029	0.05723867
5500	-1684.67	-1686.98	2.3063	0.05981248
5510	-1589.46	-1589.87	0.406302	0.1784344
5520	-1588.99	-1589.99	0.998819	0.146833
5530	-1588.33	-1589.24	0.904507	0.1518522
5540	-1642.96	-1645.12	2.1538	0.07878132
5550	-1626.93	-1628.94	2.01182	0.08928673
5560	-1588.84	-1589.32	0.481992	0.1743748
5570	-1682.77	-1680.58	-2.19108	0.3304407
5580	-1590.02	-1590.37	0.350485	0.1814356
5590	-1603.23	-1602.88	-0.351872	0.2199408
5600	-1600.91	-1602.47	1.56453	0.1162062
5610	-1594.4	-1595.74	1.34436	0.1283058
5620	-1639.31	-1641.44	2.12687	0.08094884
5630	-1658.14	-1660.38	2.23884	0.07082206
5640	-1656.65	-1658.88	2.2322	0.07153971
5650	-1595.1	-1596.48	1.37362	0.1267168
5660	-1599.81	-1601.34	1.53349	0.1179358
5670	-1686.09	-1683.84	-2.24702	0.3340675
5680	-1588.14	-1589.01	0.864293	0.1539912
5690	-1590.51	-1591.64	1.13371	0.1396369
5700	-1687.54	-1689.85	2.30854	0.05878487
5710	-1751.95	-1754.11	2.16036	0.04110455
5720	-1787.45	-1789.4	1.94431	0.03430454
5730	-1732.07	-1734.31	2.24255	0.04567324
5740	-1683.54	-1685.84	2.30517	0.06022504
5750	-1621.66	-1623.61	1.94923	0.09342584
5760	-1613.03	-1614.85	1.82272	0.1012963
5770	-1622.42	-1624.38	1.95888	0.09280055
5780	-1607.29	-1609	1.71598	0.1075979
5790	-1703.29	-1705.6	2.3058	0.05359593
5800	-1636.08	-1638.18	2.10057	0.0829687
5810	-1678.4	-1680.7	2.29823	0.06215357
5820	-1587.91	-1588.61	0.70647	0.1623892
5830	-1617.08	-1616.28	-0.801403	0.2455084
5840	-1661.83	-1664.09	2.25384	0.06909662
5850	-1596.86	-1598.3	1.43935	0.123129
5860	-1623.15	-1625.12	1.96793	0.09221033
5870	-1681.49	-1683.79	2.30276	0.06098269
5880	-1784.43	-1786.4	1.96591	0.03482498
5890	-1736.93	-1739.15	2.22521	0.04449772
5900	-1696.08	-1698.39	2.31011	0.05588541
5910	-1625.29	-1627.29	1.99339	0.09052762
5920	-1713.11	-1715.4	2.29218	0.05069076
5930	-1603.07	-1604.69	1.62076	0.1130454
5940	-1646.33	-1648.51	2.17625	0.07687632
5950	-1877.71	-1878.75	1.04408	0.02226687
5960	-1592.38	-1593.63	1.24878	0.1334671
5970	-1647.22	-1649.4	2.18181	0.07638836
5980	-1727.6	-1729.86	2.2569	0.04679355
5990	-1857.54	-1858.82	1.28612	0.02446328
6000	-1801.25	-1803.09	1.83812	0.03204107
6010	-1674.06	-1676.35	2.28997	0.0638603
6020	-1587.91	-1588.67	0.768136	0.1591064
6030	-1619.4	-1621.32	1.91935	0.09533638
6040	-1626.87	-1628.88	2.01114	0.08933326
6050	-1587.91	-1588.61	0.707594	0.1623293
6060	-1631.52	-1633.57	2.05914	0.08599867
6070	-1639.89	-1642.02	2.13131	0.08059919
6080	-1712.29	-1714.58	2.29366	0.0509265
6090	-1600.34	-1601.89	1.54881	0.1170831
6100	-1636.24	-1638.34	2.10192	0.08286707
6110	-1690.54	-1692.85	2.30994	0.05774248
6120	-1809.76	-1811.52	1.76679	0.03073572
6130	-1775.54	-1777.57	2.02615	0.03641616
6140	-1695.1	-1697.41	2.3103	0.05620657
6150	-1763.65	-1765.75	2.09858	0.03868962
6160	-1744.26	-1746.46	2.1956	0.04279577
6170	-1794.03	-1795.92	1.89519	0.03320235
6180	-1645.03	-1647.2	2.16785	0.07760074
6190	-1681.83	-1684.14	2.3032	0.06085455
6200	-1705.34	-1707.65	2.30368	0.05296927
6210	-1640.08	-1642.21	2.13277	0.08048305
6220	-1657.87	-1660.11	2.23767	0.07094967
6230	-1821.23	-1822.89	1.6636	0.02907319
6240	-1712.01	-1714.3	2.29414	0.05100632
6250	-1621.24	-1623.19	1.94386	0.09377201
6260	-1779.06	-1781.07	2.00293	0.03577581
6270	-1730.13	-1732.38	2.24897	0.04615452
6280	-1677.57	-1679.87	2.29683	0.06247392
6290	-1703.15	-1705.45	2.30593	0.05363974
6300	-1810	-1811.77	1.76466	0.03069881
6310	-1721.88	-1724.16	2.2729	0.04827964
6320	-1600.36	-1601.91	1.54938	0.1170514
6330	-1610.94	-1612.72	1.78638	0.1034697
6340	-1662.75	-1665.01	2.25726	0.06867921
6350	-1731	-1733.25	2.24613	0.04593763
6360	-1640.56	-1642.69	2.13635	0.08019846
6370	-1694.21	-1696.53	2.3104	0.05649937
6380	-1613.92	-1615.75	1.83741	0.1004084
6390	-1650.86	-1653.07	2.20309	0.07444587
6400	-1747.85	-1750.03	2.17966	0.04199435
6410	-1699.36	-1701.67	2.30876	0.05482558
6420	-1606.63	-1608.33	1.70219	0.108395
6430	-1588.1	-1588.72	0.620164	0.1669894
6440	-1623.76	-1625.74	1.97535	0.09172369
6450	-1674.16	-1676.45	2.2902	0.06381817
6460	-1605.23	-1606.9	1.67159	0.1101545
6470	-1620.05	-1621.98	1.92815	0.0947775
6480	-1679.52	-1681.82	2.3	0.06172635
6490	-1689.23	-1691.54	2.30945	0.05819324
6500	-1592.97	-1594.24	1.27869	0.1318556
6510	-1610.38	-1612.16	1.7763	0.1040667
6520	-1592.75	-1594.02	1.26802	0.1324309
6530	-1596.69	-1598.13	1.43347	0.1234514
6540	-1588.02	-1588.84	0.826777	0.1559866
6550	-1608.69	-1608.15	-0.544695	0.2308079
6560	-1588.03	-1588.67	0.640753	0.1658912
6570	-1598.12	-1599.6	1.48164	0.1208054
6580	-1614.47	-1616.32	1.84641	0.09986184
6590	-1589.6	-1589.99	0.391971	0.1792043
6600	-1604.32	-1605.97	1.65079	0.1113416
6610	-1710.01	-1707.38	-2.6275	0.359203
6620	-1682.32	-1680.14	-2.18346	0.3299475
6630	-1602.15	-1601.84	-0.310237	0.2176129
6640	-1589.79	-1590.16	0.372367	0.1802583
6650	-1593.16	-1594.45	1.28809	0.131349
6660	-1616.01	-1617.88	1.87037	0.09839446
6670	-1642.61	-1644.77	2.15134	0.07898394
6680	-1747.84	-1750.02	2.17972	0.04199685
6690	-1998.04	-1997.19	-0.855729	0.01293285
6700	-1861.14	-1862.38	1.24461	0.02405404
6710	-1727.33	-1729.58	2.25773	0.04686319
6720	-1603.01	-1604.63	1.61928	0.1131295
6730	-1667.2	-1669.47	2.27216	0.06671309
6740	-1725.21	-1727.47	2.26392	0.04740773
6750	-1970.51	-1970.16	-0.353888	0.01461379
6760	-1851.34	-1852.7	1.35594	0.02518711
6770	-1781.2	-1783.19	1.98843	0.03539376
6780	-1714.96	-1717.25	2.28866	0.05016781
6790	-1745.7	-1747.89	2.18936	0.04247355
6800	-1690.34	-1692.65	2.30988	0.05780911
6810	-1645.11	-1647.28	2.16838	0.07755585
6820	-1600.46	-1602.02	1.55222	0.1168933
6830	-1590.2	-1590.54	0.333663	0.1823415
6840	-1593.06	-1593.18	0.124141	0.1936825
6850	-1639.61	-1641.74	2.12919	0.08076672
6860	-1756.07	-1758.21	2.13969	0.04023243
6870	-1783.65	-1785.62	1.97147	0.03496268
6880	-1735.45	-1737.69	2.23066	0.04484961
6890	-1692.27	-1694.58	2.31033	0.05715323
6900	-1737.07	-1739.29	2.22469	0.04446457
6910	-1664.64	-1666.9	2.26391	0.06783403
6920	-1613.92	-1613.21	-0.709027	0.2401867
6930	-1613.21	-1615.04	1.82582	0.1011095
6940	-1587.99	-1588.81	0.817258	0.156493
6950	-1596.09	-1597.51	1.41178	0.1246374
6960	-1604.05	-1605.69	1.64448	0.1117008
6970	-1596.38	-1596.32	-0.0581699	0.2036511
6980	-1590.87	-1592.03	1.1589	0.1382898
6990	-1635.05	-1637.14	2.09165	0.0836352
7000	-1847.34	-1848.74	1.39981	0.02566688
7010	-1841.96	-1843.42	1.45737	0.02632888
7020	-1731.76	-1734.01	2.24359	0.04574906
7030	-1632.74	-1634.81	2.07079	0.08516328
7040	-1643.49	-1645.64	2.15742	0.07848056
7050	-1587.96	-1588.77	0.80528	0.1571302
7060	-1615.23	-1617.09	1.8583	0.09913544
7070	-1590.92	-1592.08	1.16224	0.1381107
7080	-1599.92	-1601.46	1.53663	0.1177613
7090	-1613.26	-1615.08	1.82654	0.1010664
7100	-1614.02	-1615.86	1.83906	0.1003085
7110	-1590.85	-1592.01	1.15766	0.1383559
7120	-1590.69	-1591.84	1.14658	0.1389486
7130	-1632.23	-1631.04	-1.19337	0.2685095
7140	-1605.54	-1607.21	1.67852	0.1097574
7150	-1634.63	-1636.72	2.08801	0.08390514
7160	-1588.76	-1589.26	0.492664	0.1738033
7170	-1622.39	-1624.35	1.95853	0.09282364
7180	-1642.04	-1644.19	2.14724	0.07931979
7190	-1670.36	-1672.64	2.28111	0.06537474
7200	-1619.51	-1621.43	1.92077	0.09524624
7210	-1593.35	-1594.65	1.29727	0.1308535
7220	-1614.64	-1616.49	1.849	0.09970405
7230	-1695.29	-1697.6	2.31027	0.05614418
7240	-1650.72	-1652.92	2.20226	0.07452349
7250	-1592.15	-1593.39	1.23637	0.1341345
7260	-1646.74	-1648.92	2.17881	0.07665237
7270	-1602.32	-1603.93	1.60206	0.1141006
7280	-1588.56	-1589.08	0.523477	0.1721542
7290	-1604.94	-1604.52	-0.415057	0.2234859
7300	-1635.7	-1637.8	2.09733	0.08321154
7310	-1649.03	-1651.22	2.19264	0.07541509
7320	-1717.86	-1720.14	2.28256	0.0493658
7330	-1603.6	-1605.24	1.63386	0.1123037
7340	-1645.92	-1644.42	-1.49885	0.2869351
7350	-1737.25	-1734.23	-3.02223	0.3861601
7360	-1610.82	-1612.6	1.78422	0.1035977
7370	-1641.88	-1644.03	2.14613	0.07941033
7380	-1592.99	-1593.12	0.128387	0.1934515
7390	-1623.94	-1625.92	1.97755	0.09157836
7400	-1697.19	-1699.5	2.30977	0.05552343
7410	-1686.09	-1688.4	2.30752	0.05930119
7420	-1787.34	-1789.29	1.9451	0.03432312
7430	-1595.75	-1595.73	-0.0268764	0.2019327
7440	-1599.19	-1600.7	1.51495	0.1189646
7450	-1805.35	-1807.16	1.80429	0.03140364
7460	-1841.62	-1843.09	1.46095	0.02637129
7470	-1794.63	-1796.52	1.89057	0.03310388
7480	-1616.06	-1617.93	1.87107	0.09835093
7490	-1645.39	-1647.56	2.17019	0.07740037
7500	-1615.38	-1617.24	1.8606	0.09899471
7510	-1735.99	-1738.21	2.22871	0.0447222
7520	-1670.97	-1673.26	2.28271	0.06511794
7530	-1752.11	-1754.27	2.15954	0.04106873
7540	-1708.16	-1710.46	2.30013	0.05212545
7550	-1679.35	-1681.65	2.29975	0.06178921
7560	-1676.01	-1678.31	2.29397	0.06308279
7570	-1589.44	-1590.48	1.04545	0.1443488
7580	-1690.49	-1692.8	2.30993	0.05775779
7590	-1615.99	-1617.86	1.86998	0.09841801
7600	-1593.97	-1595.29	1.3257	0.1293166
7610	-1639.14	-1641.26	2.12551	0.08105542
7620	-1598.04	-1599.52	1.47898	0.1209515
7630	-1706.06	-1708.37	2.30284	0.05275253
7640	-1756.3	-1758.44	2.13849	0.04018388
7650	-1813.38	-1815.11	1.73507	0.03019893
7660	-1739.95	-1742.16	2.21351	0.04378608
7670	-1591.51	-1591.74	0.228311	0.1880298
7680	-1674.01	-1676.3	2.28987	0.06387844
7690	-1684.57	-1686.88	2.30621	0.05984728
7700	-1679.51	-1681.81	2.29999	0.06172817
7710	-1635.78	-1637.88	2.09799	0.08316236
7720	-1607.2	-1608.92	1.71423	0.1076992
7730	-1713.4	-1715.69	2.29166	0.05061004
7740	-1639.85	-1641.98	2.13101	0.08062241
7750	-1764.16	-1766.25	2.09567	0.03858881
7760	-1635.21	-1637.3	2.09307	0.08352975
7770	-1608.46	-1610.2	1.73967	0.1062195
7780	-1589.78	-1590.86	1.07667	0.1426835
7790	-1590.58	-1590.88	0.30123	0.1840898
7800	-1591.99	-1592.19	0.193831	0.1898976
7810	-1590.08	-1590.42	0.34533	0.1817132
7820	-1645.53	-1647.7	2.17111	0.07732135
7830	-1808.66	-1810.44	1.77623	0.03090018
7840	-1597.99	-1599.47	1.4776	0.121028
7850	-1623.91	-1625.89	1.97718	0.09160299
7860	-1621.19	-1623.13	1.94317	0.09381621
7870	-1659.28	-1661.53	2.24371	0.0702787
7880	-1685.87	-1688.18	2.30735	0.05937833
7890	-1625.48	-1627.47	1.99551	0.09038568
7900	-1591.96	-1593.19	1.22596	0.1346937
7910	-1603.6	-1605.23	1.63372	0.112312
7920	-1601.29	-1602.87	1.57495	0.1156231
7930	-1784.72	-1786.68	1.96391	0.03477567
7940	-1665.8	-1668.06	2.26776	0.06732272
7950	-1706.7	-1709	2.30206	0.05256177
7960	-1597.33	-1597.22	-0.104009	0.206174
7970	-1725.88	-1723.02	-2.86175	0.3750902
7980	-1675.44	-1673.37	-2.0644	0.3222896
7990	-1649.97	-1652.17	2.19809	0.07491335
8000	-1588.8	-1589.29	0.48753	0.1740782
8010	-1590.47	-1591.6	1.13099	0.1397827
8020	-1629.33	-1631.37	2.0374	0.08752955
8030	-1617.06	-1618.95	1.88607	0.09742305
8040	-1587.98	-1588.64	0.661743	0.1647722
8050	-1610.15	-1611.93	1.77204	0.1043188
8060	-1632.68	-1634.75	2.07018	0.08520739
8070	-1588.84	-1589.32	0.482499	0.1743476
8080	-1592.42	-1592.59	0.164735	0.1914762
8090	-1686.45	-1688.76	2.3078	0.05917173
8100	-1601.65	-1603.23	1.58451	0.1150869
8110	-1608.05	-1609.78	1.73139	0.1067022
8120	-1681.75	-1684.05	2.3031	0.06088522
8130	-1727.67	-1729.93	2.25667	0.04677443
8140	-1650.39	-1652.59	2.20044	0.07469463
8150	-1638.33	-1640.45	2.11915	0.08155069
8160	-1641.62	-1643.77	2.14423	0.07956432
8170	-1687.1	-1689.41	2.30826	0.05894001
8180	-1596.44	-1597.86	1.42427	0.1239547
8190	-1588.61	-1589.56	0.950224	0.1494199
8200	-1621.01	-1620.1	-0.910315	0.2518301
8210	-1591.38	-1591.61	0.238078	0.1875013
8220	-1595.93	-1595.89	-0.0356494	0.2024142
8230	-1652.81	-1651.17	-1.6404	0.295629
8240	-1623.04	-1625.01	1.96661	0.09229656
8250	-1595.69	-1597.09	1.39666	0.1254621
8260	-1651.62	-1653.82	2.20718	0.07405629
8270	-1602.13	-1603.73	1.59708	0.1143811
8280	-1609.14	-1610.89	1.75279	0.1054512
8290	-1592.45	-1592.62	0.162758	0.1915836
8300	-1626.64	-1628.65	2.00862	0.08950389
8310	-1620.76	-1622.7	1.93757	0.09417609
8320	-1780.97	-1782.96	1.99002	0.0354351
8330	-1636.81	-1638.91	2.10671	0.08250477
8340	-1646.09	-1648.26	2.17469	0.07701227
8350	-1719.78	-1722.06	2.27811	0.04884301
8360	-1673.18	-1675.47	2.28803	0.06421276
8370	-1772.73	-1774.78	2.04413	0.03693811
8380	-1753.87	-1756.02	2.15085	0.04069413
8390	-1668.75	-1671.02	2.27671	0.06605158
8400	-1624.61	-1626.6	1.98545	0.09105579
8410	-1635.97	-1638.07	2.09966	0.08303658
8420	-1927.4	-1927.75	0.352613	0.0177355
8430	-1773.72	-1775.75	2.0379	0.03675442
8440	-1677.21	-1679.51	2.2962	0.06261367
8450	-1597.49	-1597.38	-0.111949	0.2066117
8460	-1707.43	-1704.85	-2.58824	0.3565719
8470	-1604.5	-1604.1	-0.399075	0.2225878
8480	-1733.05	-1735.29	2.23919	0.04543193
8490	-1617.27	-1619.16	1.88913	0.09723263
8500	-1668.98	-1671.25	2.27735	0.06595482
8510	-1588.2	-1589.08	0.877134	0.1533082
8520	-1591.36	-1592.55	1.19025	0.1366099
8530	-1604.42	-1604.02	-0.396143	0.2224231
8540	-1635.73	-1634.46	-1.27503	0.2733909
8550	-1637.64	-1639.75	2.11353	0.08198399
8560	-1639.05	-1641.17	2.12479	0.08111197
8570	-1647.42	-1649.61	2.18304	0.07627917
8580	-1626.89	-1628.9	2.01137	0.08931736
8590	-1602.76	-1604.38	1.61318	0.1134738
8600	-1587.98	-1588.79	0.811666	0.1567904
8610	-1645.51	-1647.68	2.17098	0.0773328
8620	-1634.7	-1636.79	2.08858	0.08386254
8630	-1593.04	-1594.33	1.28247	0.1316521
8640	-1672.67	-1674.95	2.28684	0.06442272
8650	-1647.35	-1649.54	2.18263	0.0763159
8660	-1611.07	-1612.86	1.78883	0.1033243
8670	-1591.27	-1592.46	1.18484	0.1369001
8680	-1639.81	-1641.94	2.13067	0.08064963
8690	-1700.93	-1703.24	2.30776	0.05433
8700	-1602.67	-1604.28	1.61076	0.1136102
8710	-1743.88	-1746.07	2.19727	0.0428836
8720	-1681.78	-1684.08	2.30313	0.06087487
8730	-1608.41	-1610.15	1.73859	0.1062823
8740	-1666.83	-1669.1	2.27102	0.06687343
8750	-1715.95	-1718.24	2.28665	0.04989172
8760	-1930.39	-1930.7	0.306652	0.01749655
8770	-1669.05	-1671.33	2.27756	0.06592336
8780	-1646.68	-1648.86	2.17845	0.07668377
8790	-1588.02	-1588.66	0.645037	0.1656628
8800	-1643.16	-1645.32	2.15518	0.07866673
8810	-1720.47	-1722.75	2.27643	0.04865639
8820	-1757.33	-1759.46	2.13313	0.0399706
8830	-1809.34	-1811.11	1.77038	0.03079805
8840	-1627.72	-1629.75	2.02048	0.08869689
8850	-1694.09	-1696.4	2.3104	0.0565414
8860	-1769.67	-1771.73	2.06312	0.03751779
8870	-1787.72	-1789.66	1.94239	0.03425945
8880	-1716.46	-1718.74	2.2856	0.0497516
8890	-1630.9	-1632.95	2.05311	0.08642717
8900	-1598.5	-1598.34	-0.157987	0.2091537
8910	-1588.01	-1588.84	0.82642	0.1560056
8920	-1690.8	-1693.11	2.31002	0.0576529
8930	-1603.97	-1605.61	1.64266	0.1118044
8940	-1736.79	-1739.01	2.22573	0.04453054
8950	-1627.65	-1629.67	2.01968	0.08875119
8960	-1707.47	-1709.77	2.30107	0.05233184
8970	-1663.78	-1666.04	2.26095	0.06821625
8980	-1624.25	-1626.24	1.98124	0.09133457
8990	-1652.52	-1650.88	-1.63457	0.295269
9000	-1656.49	-1658.72	2.23148	0.07161525
9010	-1736.56	-1738.78	2.22659	0.04458543
9020	-1792.28	-1794.19	1.90851	0.03349105
9030	-1724.13	-1726.4	2.26692	0.04768773
9040	-1633.47	-1635.55	2.07752	0.08467452
9050	-1619.74	-1621.67	1.92399	0.09504224
9060	-1727.71	-1729.97	2.25655	0.04676403
9070	-1708.3	-1710.6	2.29993	0.05208412
9080	-1664.95	-1667.21	2.26496	0.06769638
9090	-1647.66	-1649.84	2.18446	0.07615257
9100	-1618.6	-1620.51	1.90824	0.09603746
9110	-1625.09	-1627.08	1.991	0.09068677
9120	-1759.32	-1761.44	2.12255	0.03956164
9130	-1694.94	-1697.25	2.31033	0.05625944
9140	-1647.4	-1645.87	-1.52973	0.2888231
9150	-1597.42	-1598.88	1.45874	0.1220652
9160	-1604.68	-1604.27	-0.405587	0.2229536
9170	-1587.93	-1588.62	0.688581	0.1633421
9180	-1629.58	-1631.62	2.03988	0.08735642
9190	-1619.42	-1621.34	1.91953	0.09532451
9200	-1587.97	-1588.64	0.664996	0.1645988
9210	-1588.1	-1588.95	0.852663	0.1546098
9220	-1588.81	-1589.29	0.486268	0.1741457
9230	-1630.54	-1632.59	2.04956	0.08667775
9240	-1668.73	-1671.01	2.27666	0.06605918
9250	-1622.41	-1624.36	1.95869	0.09281279
9260	-1593.49	-1594.79	1.30376	0.130503
9270	-1597.61	-1599.08	1.46505	0.1217185
9280	-1661.79	-1664.05	2.25369	0.06911473
9290	-1653.66	-1655.88	2.21786	0.07301384
9300	-1613.45	-1615.28	1.82976	0.1008719
9310	-1620.03	-1621.96	1.92784	0.09479708
9320	-1640.83	-1639.44	-1.38933	0.280277
9330	-1594.96	-1596.33	1.36783	0.1270317
9340	-1684.3	-1682.08	-2.21702	0.3321207
9350	-1589.53	-1590.58	1.05415	0.1438847
9360	-1601.03	-1602.6	1.56781	0.1160224
9370	-1588.38	-1589.29	0.91277	0.1514126
9380	-1734.59	-1736.83	2.23377	0.04505727
9390	-1750.76	-1752.93	2.16606	0.0413592
9400	-1631.24	-1633.29	2.05643	0.08619216
9410	-1769.37	-1771.43	2.06496	0.03757541
9420	-1675.03	-1677.33	2.29203	0.06346979
9430	-1602.19	-1601.88	-0.311695	0.2176943
9440	-1601.54	-1603.12	1.58168	0.1152459
9450	-1637.25	-1639.36	2.1104	0.08222341
9460	-1695.41	-1697.72	2.31025	0.05610481
9470	-1921.15	-1921.59	0.446872	0.01824505
9480	-1626.14	-1628.15	2.00307	0.08987814
9490	-1612.31	-1614.12	1.81048	0.1020322
9500	-1655.93	-1658.16	2.2289	0.07188671
9510	-1699.89	-1702.2	2.30845	0.05465781
9520	-1753.46	-1755.62	2.15289	0.0407807
9530	-1628.67	-1630.7	2.03047	0.08800966
9540	-1615.8	-1617.67	1.8672	0.09858955
9550	-1587.89	-1588.62	0.731481	0.1610574
9560	-1628.88	-1630.91	2.03268	0.0878568
9570	-1648.87	-1651.06	2.1917	0.07550064
9580	-1653.63	-1655.85	2.21772	0.07302753
9590	-1639.23	-1641.35	2.12619	0.08100231
9600	-1588.06	-1588.69	0.629789	0.1664759
9610	-1613.8	-1615.63	1.83545	0.1005276
9620	-1631.31	-1633.37	2.05719	0.08613758
9630	-1587.93	-1588.71	0.785482	0.1581834
9640	-1593.09	-1594.38	1.28483	0.1315246
9650	-1715.93	-1718.22	2.28669	0.04989751
9660	-1656.58	-1658.81	2.23188	0.07157339
9670	-1613.6	-1615.44	1.83227	0.1007198
9680	-1672.57	-1674.85	2.28661	0.06446349
9690	-1643.61	-1645.76	2.15825	0.07841163
9700	-1643.77	-1645.93	2.15939	0.07831628
9710	-1622.24	-1624.2	1.9566	0.0929488
9720	-1631.1	-1633.16	2.05512	0.08628497
9730	-1601.3	-1602.88	1.57522	0.1156082
9740	-1615.28	-1617.14	1.8591	0.09908655
9750	-1658.06	-1660.3	2.23852	0.0708567
9760	-1614.92	-1616.78	1.85351	0.09942866
9770	-1705.77	-1708.07	2.30319	0.05284154
9780	-1621.95	-1623.9	1.95292	0.0931875
9790	-1682.84	-1685.15	2.30441	0.06048071
9800	-1653.8	-1656.02	2.21856	0.07294377
9810	-1612.75	-1614.57	1.81804	0.1015781
9820	-1635.76	-1637.85	2.09781	0.08317551
9830	-1646.77	-1648.95	2.17902	0.07663421
9840	-1757.74	-1759.87	2.13098	0.03988603
9850	-1717.88	-1720.17	2.2825	0.04935918
9860	-1649.36	-1651.56	2.19459	0.07523639
9870	-1650.72	-1652.92	2.20226	0.07452386
9880	-1835.31	-1836.84	1.52628	0.0271753
9890	-1759.67	-1761.79	2.12064	0.03948918
9900	-1769.61	-1771.67	2.0635	0.03752962
9910	-1851.52	-1852.88	1.35392	0.02516548
9920	-1613.97	-1615.81	1.83822	0.1003592
9930	-1597.05	-1598.49	1.44588	0.1227714
9940	-1588.66	-1589.17	0.507267	0.1730215
9950	-1594.45	-1594.5	0.0424139	0.1981388
9960	-1598.52	-1598.36	-0.15885	0.2092015
9970	-1614.4	-1613.67	-0.723436	0.2410143
9980	-1588.15	-1588.76	0.605397	0.1677774
9990	-1587.91	-1588.68	0.772046	0.1588984
10000	-1590	-1590.35	0.352169	0.181345
