Iteration	Posterior	Likelihood	Prior	birth_rate
0	-1722.54	-1724.81	2.27121	0.0481068
10	-1590.84	-1591.12	0.279706	0.1852515
20	-1598.53	-1600.02	1.49458	0.1200911
30	-1608.34	-1610.07	1.73717	0.1063654
40	-1711.68	-1713.98	2.2947	0.05109906
50	-1756.7	-1758.84	2.13641	0.04010073
60	-1722.02	-1724.29	2.27255	0.04824331
70	-1676.68	-1678.97	2.29523	0.06282093
80	-1800.9	-1802.75	1.84094	0.03209578
90	-1665.85	-1668.12	2.26793	0.06729905
100	-1595.58	-1596.97	1.3922	0.1257054
110	-1587.91	-1588.61	0.706504	0.1623874
120	-1592.89	-1594.16	1.27473	0.1320692
130	-1601.85	-1603.44	1.58983	0.1147883
140	-1632.31	-1634.37	2.06672	0.08545611
150	-1602.73	-1604.34	1.61242	0.113517
160	-1588.48	-1589.41	0.929376	0.1505292
170	-1593.9	-1593.97	0.0738608	0.1964218
180	-1649.23	-1647.66	-1.56766	0.2911487
190	-1588.63	-1589.14	0.51302	0.1727136
200	-1592.3	-1592.47	0.172892	0.1910335
210	-1597.91	-1597.78	-0.131172	0.2076723
220	-1638.22	-1636.89	-1.3314	0.276779
230	-1598.3	-1598.15	-0.14885	0.2086487
240	-1621.03	-1622.97	1.94115	0.0939465
250	-1609.99	-1611.76	1.76892	0.1045025
260	-1634	-1636.08	2.08231	0.08432479
270	-1689.31	-1691.62	2.30948	0.05816625
280	-1588.03	-1588.67	0.642219	0.165813
290	-1598.79	-1598.61	-0.170619	0.2098525
300	-1638.16	-1640.28	2.11779	0.08165562
310	-1648.98	-1651.17	2.19236	0.07544085
320	-1749.18	-1751.36	2.17352	0.04170254
330	-1740.89	-1743.1	2.20972	0.04356725
340	-1593.09	-1594.38	1.28498	0.1315169
350	-1628.99	-1631.03	2.03386	0.08777521
360	-1620.97	-1622.91	1.94033	0.09399858
370	-1588.98	-1589.98	0.997271	0.1469155
380	-1587.99	-1588.81	0.816857	0.1565143
390	-1587.93	-1588.62	0.687846	0.1633812
400	-1710.62	-1712.92	2.29645	0.05140514
410	-1632.09	-1634.15	2.06463	0.0856067
420	-1590.33	-1591.45	1.12059	0.1403384
430	-1639.88	-1642.02	2.13127	0.0806022
440	-1749.43	-1751.6	2.17239	0.04164965
450	-1797.96	-1799.83	1.86453	0.03256399
460	-1691.66	-1693.97	2.31023	0.05736016
470	-1644.41	-1646.58	2.16372	0.07795154
480	-1652.45	-1654.66	2.21162	0.07362805
490	-1629.79	-1631.83	2.04202	0.08720693
500	-1621.12	-1620.21	-0.913431	0.2520118
510	-1620.5	-1619.6	-0.896555	0.2510286
520	-1680.47	-1678.31	-2.15179	0.3279032
530	-1690.09	-1687.78	-2.31337	0.3383924
540	-1606.41	-1605.95	-0.467443	0.2264368
550	-1717.3	-1714.56	-2.73672	0.3665707
560	-1627.78	-1626.7	-1.0854	0.262104
570	-1587.97	-1588.64	0.664128	0.1646451
580	-1660.09	-1662.34	2.24703	0.06989966
590	-1670.5	-1672.78	2.28148	0.06531585
600	-1610.27	-1612.05	1.77423	0.1041894
610	-1635.56	-1637.65	2.0961	0.0833034
620	-1640.96	-1643.1	2.13934	0.07995933
630	-1621.86	-1623.81	1.95181	0.09325919
640	-1666.31	-1668.58	2.2694	0.06709824
650	-1611.46	-1613.26	1.79573	0.1029137
660	-1634.12	-1636.2	2.0834	0.08424432
670	-1681.3	-1683.6	2.30251	0.0610546
680	-1666.99	-1669.26	2.27151	0.06680499
690	-1698.89	-1701.2	2.30902	0.05497495
700	-1646.01	-1648.18	2.17417	0.07705758
710	-1695.93	-1698.24	2.31014	0.05593303
720	-1662.12	-1664.38	2.25494	0.06896338
730	-1587.99	-1588.65	0.654974	0.165133
740	-1617.45	-1619.34	1.89182	0.09706511
750	-1593.01	-1594.29	1.28069	0.1317482
760	-1594.02	-1595.35	1.32805	0.1291895
770	-1587.96	-1588.76	0.80142	0.1573355
780	-1669.62	-1667.65	-1.96048	0.3156675
790	-1596.44	-1597.87	1.4246	0.1239369
800	-1589.81	-1590.18	0.370936	0.1803352
810	-1588.03	-1588.87	0.833037	0.1556537
820	-1616.49	-1618.37	1.87765	0.09794506
830	-1594.59	-1595.94	1.35235	0.127872
840	-1597.53	-1599	1.4624	0.1218641
850	-1622.67	-1624.64	1.96204	0.09259498
860	-1622.7	-1624.66	1.96232	0.09257698
870	-1760.51	-1762.63	2.11608	0.03931895
880	-1786.31	-1788.26	1.95256	0.03450066
890	-1694.68	-1696.99	2.31036	0.05634492
900	-1606.91	-1608.61	1.70804	0.1080571
910	-1637.91	-1640.03	2.11575	0.08181331
920	-1587.9	-1588.66	0.759654	0.1595578
930	-1598.96	-1600.47	1.50808	0.1193451
940	-1694.41	-1696.72	2.31038	0.05643576
950	-1681.24	-1683.54	2.30244	0.06107511
960	-1588.08	-1588.92	0.846631	0.1549306
970	-1591.62	-1592.83	1.2063	0.1357491
980	-1719.18	-1716.42	-2.76444	0.3684514
990	-1593.94	-1594.01	0.0715506	0.1965479
1000	-1591.34	-1591.58	0.240783	0.187355
1010	-1595.27	-1596.65	1.38031	0.1263531
1020	-1744.33	-1746.53	2.1953	0.04277986
1030	-1657.42	-1659.66	2.2357	0.0711637
1040	-1688.75	-1691.06	2.30922	0.05836013
1050	-1603.21	-1604.84	1.62433	0.1128439
1060	-1615.83	-1617.7	1.86766	0.0985613
1070	-1666.64	-1668.91	2.27043	0.06695576
1080	-1680.05	-1682.35	2.30079	0.06152435
1090	-1646.12	-1648.3	2.17491	0.07699292
1100	-1682.42	-1684.72	2.30391	0.06063832
1110	-1716.53	-1718.82	2.28544	0.04973122
1120	-1605.54	-1607.22	1.67864	0.1097505
1130	-1587.99	-1588.81	0.817896	0.1564591
1140	-1788.98	-1785.28	-3.69086	0.4339659
1150	-1693.81	-1691.43	-2.37389	0.3423588
1160	-1622.61	-1624.58	1.96131	0.09264293
1170	-1608.01	-1609.74	1.73073	0.1067409
1180	-1638.12	-1640.23	2.11742	0.08168475
1190	-1726.34	-1728.6	2.26067	0.0471167
1200	-1625.19	-1627.18	1.99218	0.09060842
1210	-1713.35	-1715.64	2.29175	0.05062439
1220	-1597.89	-1599.36	1.47417	0.1212167
1230	-1587.91	-1588.61	0.698802	0.1627976
1240	-1590.61	-1590.91	0.298099	0.1842587
1250	-1613.22	-1615.04	1.82587	0.1011068
1260	-1688.01	-1690.32	2.30883	0.05861877
1270	-1611.63	-1613.43	1.79869	0.1027369
1280	-1704.11	-1706.41	2.305	0.05334545
1290	-1645.29	-1647.46	2.16954	0.07745613
1300	-1623.4	-1625.37	1.97093	0.09201369
1310	-1681.1	-1683.4	2.30225	0.06112982
1320	-1692.38	-1694.69	2.31034	0.05711415
1330	-1727.8	-1730.06	2.25628	0.04674182
1340	-1716.88	-1719.16	2.2847	0.04963574
1350	-1591.81	-1592.01	0.206936	0.1891873
1360	-1587.89	-1588.63	0.733128	0.1609697
1370	-1675.9	-1678.2	2.29376	0.06312623
1380	-1626.39	-1628.4	2.00588	0.08968927
1390	-1776.9	-1778.92	2.01732	0.03616823
1400	-1640.82	-1642.96	2.13835	0.08003817
1410	-1764.96	-1767.05	2.09105	0.03843007
1420	-1728.05	-1730.31	2.25553	0.04667885
1430	-1598.47	-1599.97	1.49295	0.1201813
1440	-1588.04	-1588.88	0.835578	0.1555185
1450	-1593.6	-1594.91	1.30914	0.1302124
1460	-1695.39	-1697.7	2.31025	0.05611009
1470	-1700.18	-1702.48	2.30827	0.05456739
1480	-1593.62	-1593.71	0.0903098	0.1955249
1490	-1594.95	-1596.32	1.36743	0.1270532
1500	-1593.1	-1594.38	1.28508	0.1315111
1510	-1591.84	-1593.06	1.21911	0.1350619
1520	-1753.03	-1755.19	2.15503	0.04087266
1530	-1707.96	-1710.26	2.30041	0.05218701
1540	-1736.48	-1738.7	2.2269	0.04460493
1550	-1634.62	-1636.7	2.08786	0.08391572
1560	-1588.11	-1588.97	0.856872	0.1543859
1570	-1666.55	-1668.82	2.27015	0.06699457
1580	-1608.03	-1609.76	1.73106	0.1067212
1590	-1588.02	-1588.66	0.645459	0.1656403
1600	-1597.63	-1599.1	1.46566	0.1216848
1610	-1681.85	-1684.15	2.30322	0.06084753
1620	-1650.11	-1652.31	2.19887	0.07484122
1630	-1658.1	-1660.34	2.23867	0.07084074
1640	-1825.54	-1827.16	1.62279	0.02847603
1650	-1758.36	-1760.48	2.12769	0.03975838
1660	-1688.69	-1691	2.30919	0.05838321
1670	-1692.58	-1694.89	2.31037	0.05704677
1680	-1739.08	-1741.3	2.21693	0.04398837
1690	-1670.98	-1673.27	2.28273	0.06511417
1700	-1879.23	-1880.25	1.02486	0.0221101
1710	-1792.01	-1793.92	1.91053	0.03353538
1720	-1741.45	-1743.66	2.20744	0.04343818
1730	-1620.82	-1622.76	1.93841	0.09412193
1740	-1614.5	-1616.34	1.84677	0.09984004
1750	-1635.05	-1637.14	2.09167	0.08363348
1760	-1612.74	-1614.56	1.81785	0.1015894
1770	-1600.38	-1601.93	1.54977	0.1170297
1780	-1617.5	-1619.39	1.89244	0.09702651
1790	-1588.39	-1589.31	0.915015	0.1512932
1800	-1588.57	-1589.51	0.943856	0.1497587
1810	-1643.16	-1645.31	2.15514	0.07866974
1820	-1649.09	-1651.28	2.19303	0.07537999
1830	-1736.37	-1738.6	2.22728	0.04462921
1840	-1597.59	-1599.06	1.46443	0.1217528
1850	-1604.78	-1606.44	1.66149	0.1107318
1860	-1654.27	-1656.49	2.22089	0.07270946
1870	-1599.06	-1598.88	-0.182859	0.2105301
1880	-1631.9	-1633.96	2.06281	0.08573723
1890	-1591.03	-1592.2	1.16974	0.137709
1900	-1618.99	-1620.91	1.91369	0.09569427
1910	-1630.12	-1632.16	2.04538	0.0869721
1920	-1588.91	-1589.9	0.989416	0.1473338
1930	-1588.25	-1588.83	0.582633	0.1689926
1940	-1597.41	-1598.87	1.45833	0.1220879
1950	-1607.4	-1609.12	1.71834	0.1074608
1960	-1617.11	-1619	1.88684	0.09737523
1970	-1646.22	-1648.4	2.17553	0.07693896
1980	-1726.67	-1728.93	2.25968	0.04703074
1990	-1608.7	-1610.44	1.74428	0.1059497
2000	-1600.93	-1602.5	1.56525	0.1161657
2010	-1591.24	-1592.43	1.18313	0.1369919
2020	-1604.94	-1604.52	-0.415044	0.2234852
2030	-1738.47	-1735.43	-3.03905	0.3873289
2040	-2029.75	-2023.67	-6.07167	0.6282855
2050	-1625.84	-1624.8	-1.03667	0.2592302
2060	-1605.8	-1607.48	1.68434	0.109423
2070	-1611.59	-1613.39	1.79796	0.1027804
2080	-1710.95	-1713.24	2.29593	0.05131219
2090	-1724.02	-1726.28	2.26724	0.04771753
2100	-1646.85	-1649.03	2.17951	0.07659069
2110	-1724.37	-1726.64	2.26626	0.04762523
2120	-1634.63	-1636.72	2.08799	0.08390623
2130	-1814.86	-1816.58	1.72188	0.02998285
2140	-1669.39	-1671.67	2.27851	0.06577866
2150	-1634.33	-1636.42	2.08536	0.08410065
2160	-1657.55	-1659.79	2.23627	0.0711026
2170	-1588.02	-1588.67	0.643083	0.165767
2180	-1604.13	-1603.75	-0.385578	0.2218301
2190	-1606.36	-1608.06	1.69644	0.1087267
2200	-1588	-1588.65	0.653518	0.1652106
2210	-1595.99	-1597.4	1.40801	0.1248432
2220	-1631.03	-1633.09	2.05444	0.08633274
2230	-1604.38	-1606.03	1.65227	0.1112572
2240	-1588	-1588.82	0.82145	0.15627
2250	-1600.75	-1602.31	1.56008	0.1164548
2260	-1608.46	-1610.2	1.73959	0.1062242
2270	-1592.84	-1592.98	0.138019	0.1929277
2280	-1652.88	-1651.24	-1.64179	0.2957151
2290	-1614.89	-1616.75	1.85305	0.09945689
2300	-1589.79	-1590.87	1.0774	0.1426445
2310	-1588.1	-1588.95	0.852701	0.1546077
2320	-1626.88	-1628.9	2.01133	0.08932019
2330	-1602.09	-1603.69	1.59617	0.1144324
2340	-1767.36	-1769.43	2.07702	0.03796224
2350	-1806.07	-1807.87	1.79827	0.03129381
2360	-1724.11	-1726.38	2.26698	0.047693
2370	-1668.57	-1670.84	2.2762	0.06612751
2380	-1822.52	-1824.17	1.65148	0.02889265
2390	-1726.66	-1728.92	2.25972	0.04703401
2400	-1626.05	-1628.05	2.00202	0.08994895
2410	-1628.22	-1630.24	2.02576	0.08833487
2420	-1619.12	-1621.04	1.91546	0.09558218
2430	-1767.06	-1769.14	2.07875	0.03801895
2440	-1727.42	-1729.67	2.25745	0.04683973
2450	-1864.67	-1865.87	1.20312	0.02365966
2460	-1647.62	-1649.8	2.18424	0.07617205
2470	-1694.76	-1697.07	2.31035	0.05631947
2480	-1617.82	-1619.72	1.89714	0.09673318
2490	-1634.89	-1636.98	2.09025	0.0837389
2500	-1624.65	-1626.64	1.98595	0.09102259
2510	-1702.3	-1704.6	2.30669	0.05390358
2520	-1676.39	-1678.68	2.29469	0.06293472
2530	-1590.81	-1591.96	1.15489	0.1385044
2540	-1588.45	-1589.38	0.925626	0.1507287
2550	-1758.39	-1760.52	2.12753	0.03975189
2560	-1859.13	-1860.39	1.26789	0.02428172
2570	-1974.56	-1974.14	-0.425261	0.01435249
2580	-1796.27	-1798.15	1.87782	0.03283636
2590	-1668.49	-1670.76	2.27596	0.06616274
2600	-1680.91	-1683.22	2.302	0.06119819
2610	-1777.14	-1779.16	2.01572	0.03612392
2620	-1779.36	-1781.36	2.00095	0.03572296
2630	-1623.29	-1625.26	1.96968	0.09209591
2640	-1696.95	-1699.26	2.30985	0.05559916
2650	-1656.98	-1659.22	2.23374	0.07137521
2660	-1648.81	-1651	2.19138	0.07552997
2670	-1745.22	-1747.42	2.19144	0.04257957
2680	-1634.72	-1636.81	2.08877	0.08384875
2690	-1598.71	-1598.54	-0.167295	0.2096686
2700	-1588.73	-1589.23	0.496759	0.173584
2710	-1652.76	-1654.98	2.21326	0.07346799
2720	-1620.81	-1622.75	1.93828	0.09413049
2730	-1662.56	-1664.82	2.25658	0.0687634
2740	-1639.37	-1641.5	2.12732	0.08091373
2750	-1592.18	-1593.42	1.23784	0.1340554
2760	-1698.36	-1700.67	2.30929	0.05514555
2770	-1651.6	-1653.81	2.2071	0.07406412
2780	-1610.01	-1611.78	1.76942	0.1044732
2790	-1649.68	-1651.88	2.19642	0.07506781
2800	-1644.9	-1647.07	2.167	0.07767386
2810	-1755.88	-1758.02	2.14066	0.04027197
2820	-1744.38	-1746.57	2.19511	0.04276977
2830	-1665.73	-1668	2.26755	0.0673512
2840	-1602.83	-1604.44	1.61482	0.1133814
2850	-1694.39	-1696.7	2.31038	0.05643998
2860	-1746.28	-1748.47	2.18675	0.04234224
2870	-1736.72	-1738.95	2.22598	0.04454641
2880	-1721.58	-1723.85	2.27368	0.04836123
2890	-1727.47	-1729.73	2.25728	0.04682506
2900	-1664.34	-1666.6	2.26289	0.06796643
2910	-1674.07	-1676.36	2.28999	0.06385635
2920	-1747.45	-1749.64	2.18149	0.04208269
2930	-1739.88	-1742.09	2.21379	0.04380234
2940	-1773.9	-1775.94	2.0367	0.0367195
2950	-1626.38	-1628.39	2.00578	0.08969557
2960	-1591.86	-1593.08	1.21987	0.1350208
2970	-1685.03	-1682.8	-2.22929	0.3329165
2980	-1599.15	-1598.96	-0.186415	0.210727
2990	-1595.18	-1595.18	0.00306484	0.2002915
3000	-1594.59	-1594.62	0.035126	0.1985372
3010	-1668.78	-1666.84	-1.94539	0.3147106
3020	-1589.52	-1589.92	0.399824	0.1787824
3030	-1598.86	-1600.36	1.50494	0.1195185
3040	-1608.33	-1610.07	1.73712	0.1063681
3050	-1659.98	-1662.23	2.24658	0.06995197
3060	-1594.94	-1594.95	0.0159863	0.1995841
3070	-1693.22	-1695.53	2.31041	0.05683162
3080	-1675.4	-1677.69	2.29276	0.06332561
3090	-1595.92	-1595.88	-0.0351114	0.2023846
3100	-1646.51	-1648.69	2.17738	0.07677813
3110	-1642.15	-1644.3	2.14803	0.07925558
3120	-1609.94	-1609.35	-0.585479	0.2331253
3130	-1662.12	-1664.37	2.25493	0.06896503
3140	-1705.93	-1708.24	2.30299	0.0527911
3150	-1591.34	-1592.53	1.1894	0.1366558
3160	-1595.62	-1595.6	-0.0199151	0.2015509
3170	-1625.86	-1627.86	1.99989	0.09009197
3180	-1616.79	-1618.67	1.88209	0.09767
3190	-1661.14	-1663.39	2.25118	0.06941544
3200	-1713.19	-1715.48	2.29204	0.05066791
3210	-1647.47	-1649.65	2.18333	0.07625359
3220	-1615.43	-1617.29	1.86143	0.09894402
3230	-1649.79	-1651.99	2.19705	0.07501006
3240	-1669.12	-1671.4	2.27776	0.0658932
3250	-1610.32	-1609.73	-0.597838	0.2338288
3260	-1594.64	-1596	1.35464	0.1277478
3270	-1613.1	-1614.93	1.824	0.1012192
3280	-1719.65	-1721.92	2.27843	0.04887948
3290	-1742.27	-1744.47	2.20406	0.04325015
3300	-1787.71	-1789.65	1.94243	0.0342605
3310	-1768.62	-1770.69	2.06948	0.03771891
3320	-1732.47	-1734.71	2.24121	0.04557587
3330	-1681.46	-1683.76	2.30273	0.06099285
3340	-1614.31	-1616.15	1.84376	0.1000228
3350	-1750.89	-1753.05	2.16546	0.04133229
3360	-2048.12	-2046.26	-1.86826	0.010379
3370	-1968.17	-1967.86	-0.313058	0.01476702
3380	-1936.21	-1936.42	0.216165	0.0170431
3390	-1778.67	-1780.67	2.00558	0.03584721
3400	-1957.31	-1957.18	-0.127221	0.01550135
3410	-1812.6	-1814.34	1.74197	0.03031364
3420	-1659.86	-1662.1	2.24608	0.07000954
3430	-1634.63	-1636.72	2.08796	0.0839086
3440	-1802.15	-1803.98	1.83081	0.03190042
3450	-1629.12	-1631.16	2.03522	0.08768081
3460	-1674.63	-1676.92	2.29119	0.06363121
3470	-1659.36	-1661.6	2.24401	0.07024491
3480	-1700.77	-1703.07	2.30787	0.05438127
3490	-1673.02	-1675.31	2.28766	0.06427825
3500	-1614.45	-1613.73	-0.725064	0.2411079
3510	-1606.42	-1608.12	1.69784	0.1086462
3520	-1749.99	-1752.16	2.16973	0.04152663
3530	-1661.87	-1664.13	2.254	0.06907714
3540	-1593.31	-1594.61	1.29548	0.1309498
3550	-1591.09	-1592.26	1.17346	0.1375101
3560	-1603.55	-1603.18	-0.363786	0.2206081
3570	-1596.84	-1596.75	-0.0806557	0.2048878
3580	-1590.42	-1590.73	0.314559	0.183371
3590	-1707.98	-1710.28	2.30038	0.05217947
3600	-1667.87	-1670.14	2.27416	0.0664267
3610	-1629.11	-1631.15	2.0351	0.08768911
3620	-1589.52	-1590.58	1.0536	0.143914
3630	-1589.7	-1590.76	1.06921	0.1430815
3640	-1601.67	-1603.26	1.58517	0.11505
3650	-1589.44	-1589.85	0.408875	0.1782962
3660	-1588.08	-1588.7	0.626387	0.1666574
3670	-1589.44	-1589.85	0.408519	0.1783153
3680	-1657.52	-1655.79	-1.73348	0.3014014
3690	-1590.64	-1591.78	1.14288	0.1391465
3700	-1652.17	-1654.38	2.21015	0.07377127
3710	-1615.16	-1614.42	-0.74606	0.2423157
3720	-1588.24	-1589.13	0.886438	0.1528133
3730	-1610.49	-1612.27	1.77819	0.1039549
3740	-1641	-1643.14	2.13965	0.07993391
3750	-1615.06	-1616.92	1.85574	0.0992924
3760	-1620.23	-1622.16	1.93055	0.09462474
3770	-1611.14	-1612.93	1.78997	0.1032561
3780	-1604.05	-1605.7	1.64452	0.1116983
3790	-1805.09	-1806.89	1.80649	0.03144416
3800	-1739.16	-1741.38	2.21663	0.04397006
3810	-1652.35	-1654.57	2.21112	0.07367685
3820	-1607.05	-1608.76	1.71109	0.107881
3830	-1660.53	-1662.78	2.24879	0.06969631
3840	-1642.45	-1644.6	2.15017	0.07908004
3850	-1638.41	-1640.53	2.11974	0.08150457
3860	-1708.44	-1710.74	2.29974	0.05204438
3870	-1760.62	-1762.74	2.11547	0.0392963
3880	-1634.08	-1636.16	2.08303	0.08427147
3890	-1596.59	-1598.02	1.42969	0.1236583
3900	-1616.61	-1618.49	1.87935	0.09783943
3910	-1601.55	-1603.13	1.58186	0.115236
3920	-1631.28	-1633.34	2.0569	0.08615851
3930	-1626.14	-1628.14	2.00301	0.0898828
3940	-1602.05	-1601.74	-0.306221	0.2173887
3950	-1588.8	-1589.29	0.487818	0.1740628
3960	-1603.17	-1604.8	1.62336	0.1128985
3970	-1597.68	-1599.15	1.46735	0.1215918
3980	-1593.6	-1594.9	1.30878	0.1302316
3990	-1596.38	-1597.8	1.42209	0.1240739
4000	-1590.13	-1591.23	1.10521	0.1411603
4010	-1603.46	-1605.09	1.63037	0.1125019
4020	-1635.03	-1633.77	-1.25888	0.2724229
4030	-1618.16	-1617.33	-0.832044	0.2472817
4040	-1606.84	-1608.55	1.70667	0.1081365
4050	-1587.99	-1588.81	0.818588	0.1564222
4060	-1648.3	-1650.49	2.18835	0.07580399
4070	-1650.23	-1652.43	2.19957	0.07477578
4080	-1714.71	-1717	2.28916	0.05023899
4090	-1881.67	-1882.66	0.993866	0.02186192
4100	-1831.6	-1833.17	1.56356	0.02766053
4110	-1595.03	-1596.4	1.37077	0.1268716
4120	-1590.97	-1591.24	0.268761	0.1858426
4130	-1592.75	-1594.02	1.26782	0.132442
4140	-1589.7	-1590.77	1.06995	0.1430423
4150	-1595.73	-1597.13	1.39809	0.1253846
4160	-1588.57	-1589.51	0.943465	0.1497795
4170	-1713.64	-1715.94	2.2912	0.05053966
4180	-1596	-1597.41	1.40841	0.1248213
4190	-1723.97	-1726.24	2.26737	0.04773035
4200	-1652.6	-1654.81	2.21239	0.07355319
4210	-1725.76	-1728.02	2.26233	0.04726456
4220	-1671.31	-1673.59	2.28356	0.06497875
4230	-1602.44	-1604.04	1.60498	0.1139364
4240	-1638.75	-1640.88	2.12248	0.08129168
4250	-1684.46	-1686.77	2.3061	0.05988751
4260	-1691	-1693.31	2.31008	0.05758224
4270	-1676.61	-1678.91	2.2951	0.06284787
4280	-1609.24	-1610.99	1.75476	0.1053361
4290	-1636.41	-1638.51	2.10337	0.08275745
4300	-1646.88	-1649.06	2.17966	0.07657763
4310	-1628.37	-1630.4	2.02737	0.08822398
4320	-1724.94	-1727.2	2.26468	0.04747803
4330	-1941.22	-1941.35	0.136793	0.01666276
4340	-1732.7	-1734.94	2.24043	0.04551984
4350	-1591.97	-1592.17	0.195226	0.189822
4360	-1612.01	-1613.81	1.80526	0.1023447
4370	-1840.88	-1842.35	1.46873	0.02646417
4380	-1948.92	-1948.94	0.0120409	0.01609519
4390	-1813.07	-1814.81	1.73781	0.0302443
4400	-1714.06	-1716.35	2.29042	0.05042331
4410	-1592.64	-1593.9	1.26222	0.1327433
4420	-1678.39	-1680.69	2.29822	0.06215791
4430	-1635.12	-1637.22	2.09232	0.08358515
4440	-1721.34	-1723.61	2.27429	0.04842516
4450	-1589.25	-1590.28	1.02682	0.1453417
4460	-1672.96	-1675.25	2.28753	0.06430233
4470	-1697.18	-1699.49	2.30977	0.05552719
4480	-1726.98	-1729.24	2.25875	0.04695081
4490	-1625.01	-1627	1.99009	0.09074751
4500	-1704.52	-1706.82	2.30458	0.05322043
4510	-1654.5	-1656.72	2.22204	0.07259341
4520	-1695.03	-1697.34	2.31031	0.05623032
4530	-1588.72	-1589.68	0.964989	0.1486341
4540	-1654.68	-1656.9	2.22291	0.07250541
4550	-1597.22	-1598.67	1.45178	0.1224477
4560	-1588.22	-1589.1	0.881116	0.1530964
4570	-1635.5	-1637.6	2.0956	0.08334074
4580	-1711.45	-1713.75	2.29508	0.05116506
4590	-1596.56	-1597.99	1.42887	0.1237032
4600	-1603.06	-1604.68	1.62067	0.1130507
4610	-1723	-1725.27	2.26999	0.04798515
4620	-1637.04	-1639.15	2.10866	0.08235622
4630	-1614.59	-1616.44	1.84831	0.09974568
4640	-1669.56	-1667.6	-1.95953	0.3156068
4650	-1612.67	-1612	-0.671414	0.2380302
4660	-1589.52	-1589.92	0.400385	0.1787523
4670	-1592.39	-1592.56	0.16686	0.1913609
4680	-1588.1	-1588.72	0.619543	0.1670225
4690	-1671.16	-1673.44	2.28318	0.06504086
4700	-1708.57	-1710.87	2.29955	0.05200452
4710	-1761.07	-1763.18	2.11302	0.03920636
4720	-1739.83	-1742.05	2.21397	0.04381334
4730	-1720.36	-1722.64	2.27672	0.0486872
4740	-1719.83	-1722.11	2.278	0.04883065
4750	-1664.58	-1666.85	2.26373	0.06785717
4760	-1634.05	-1636.13	2.08281	0.08428764
4770	-1659.14	-1661.38	2.24312	0.07034604
4780	-1628.75	-1630.79	2.03139	0.08794617
4790	-1633.64	-1635.72	2.0791	0.0845591
4800	-1740.51	-1742.72	2.21125	0.04365493
4810	-1749.49	-1751.66	2.17208	0.041635
4820	-1784.63	-1786.59	1.96454	0.03479124
4830	-1690.12	-1692.43	2.30981	0.05788504
4840	-1655.37	-1657.6	2.22624	0.07216351
4850	-1590.95	-1591.22	0.270556	0.1857456
4860	-1643.24	-1645.4	2.15573	0.07862158
4870	-1716.71	-1719	2.28505	0.04968089
4880	-1598.98	-1600.48	1.50856	0.1193182
4890	-1596.51	-1597.94	1.42693	0.1238091
4900	-1590.6	-1590.9	0.299439	0.1841864
4910	-1697.33	-1699.64	2.30972	0.0554773
4920	-1695.02	-1697.33	2.31031	0.05623307
4930	-1745.24	-1747.44	2.19134	0.04257492
4940	-1843.16	-1844.61	1.44467	0.02617947
4950	-1658.42	-1660.66	2.24006	0.070687
4960	-1674.8	-1677.09	2.29155	0.06356233
4970	-1758.57	-1760.7	2.12656	0.03971481
4980	-1626.62	-1628.63	2.00844	0.08951611
4990	-1633.42	-1635.49	2.07705	0.08470888
5000	-1704.01	-1706.32	2.3051	0.05337496
5010	-1671.84	-1674.13	2.28488	0.06475921
5020	-1599.48	-1599.28	-0.200784	0.2115233
5030	-1634.61	-1633.37	-1.24927	0.2718479
5040	-1592.56	-1592.71	0.156022	0.1919494
5050	-1605.58	-1605.14	-0.438127	0.2247841
5060	-1616.33	-1615.55	-0.779864	0.2442642
5070	-1591.17	-1591.43	0.253273	0.1866796
5080	-1591.5	-1591.73	0.228644	0.1880118
5090	-1633.78	-1632.55	-1.22978	0.2706822
5100	-1592.94	-1594.22	1.2774	0.1319254
5110	-1659.36	-1661.6	2.24403	0.07024259
5120	-1675.19	-1677.48	2.29235	0.06340808
5130	-1600.03	-1601.57	1.53997	0.1175757
5140	-1599.79	-1599.58	-0.21412	0.212263
5150	-1691.74	-1694.05	2.31024	0.05733222
5160	-1753.18	-1755.33	2.15432	0.04084185
5170	-1588.15	-1588.75	0.606204	0.1677343
5180	-1590.68	-1591.83	1.1461	0.1389746
5190	-1686.64	-1688.95	2.30793	0.05910583
5200	-1590.43	-1591.56	1.12837	0.1399226
5210	-1679.81	-1682.11	2.30044	0.06161544
5220	-1605.31	-1606.98	1.67341	0.11005
5230	-1605.87	-1607.56	1.6859	0.1093338
5240	-1588.33	-1588.89	0.565262	0.1699204
5250	-1632.55	-1634.62	2.06904	0.08528964
5260	-1596.16	-1596.11	-0.047283	0.203053
5270	-1589.93	-1591.01	1.08887	0.1420327
5280	-1674.54	-1676.83	2.291	0.06366682
5290	-1806.36	-1808.16	1.7958	0.03124903
5300	-1898.14	-1898.91	0.77594	0.02026464
5310	-1879.09	-1880.11	1.02665	0.02212461
5320	-1859.75	-1861.01	1.26071	0.02421097
5330	-1588.88	-1589.36	0.476514	0.1746682
5340	-1606.31	-1605.84	-0.463663	0.2262235
5350	-1601.93	-1603.52	1.59178	0.1146788
5360	-1605.19	-1606.86	1.67085	0.1101966
5370	-1636.52	-1638.62	2.10427	0.0826897
5380	-1606.44	-1608.14	1.69822	0.1086244
5390	-1594.42	-1594.47	0.0442337	0.1980394
5400	-1605.68	-1607.36	1.68164	0.1095781
5410	-1588.82	-1589.8	0.977707	0.1479571
5420	-1594.93	-1594.95	0.0161693	0.1995741
5430	-1616.91	-1618.8	1.88391	0.09755709
5440	-1634.89	-1636.98	2.09024	0.08373952
5450	-1633.13	-1635.2	2.07441	0.08490111
5460	-1704.31	-1706.61	2.30479	0.05328355
5470	-1709.57	-1711.87	2.29809	0.05171131
5480	-1710.31	-1712.61	2.29695	0.05149684
5490	-1665.67	-1667.94	2.26736	0.06737629
5500	-1622.03	-1623.99	1.95401	0.09311682
5510	-1652.94	-1655.16	2.21418	0.07337785
5520	-1736.17	-1738.4	2.22804	0.04467877
5530	-1774.39	-1776.43	2.03358	0.03662889
5540	-1745.5	-1747.69	2.19021	0.04251691
5550	-1851.19	-1852.54	1.35765	0.02520539
5560	-1612.34	-1614.15	1.811	0.1020005
5570	-1588.01	-1588.84	0.825351	0.1560625
5580	-1588.74	-1589.71	0.967753	0.148487
5590	-1669.8	-1672.08	2.27962	0.06560777
5600	-1587.93	-1588.71	0.786207	0.1581449
5610	-1725.26	-1727.53	2.26376	0.0473933
5620	-1639.61	-1641.74	2.12918	0.08076738
5630	-1735.17	-1737.4	2.23169	0.04491795
5640	-1751.83	-1753.99	2.16091	0.0411292
5650	-1791.56	-1793.47	1.91394	0.03361085
5660	-1878.32	-1879.35	1.03637	0.02220369
5670	-1703.28	-1705.58	2.30581	0.05359983
5680	-1665.53	-1667.79	2.26687	0.06744175
5690	-1661.16	-1663.41	2.25127	0.06940475
5700	-1628.58	-1630.61	2.02961	0.08806929
5710	-1684.12	-1686.43	2.30577	0.06001246
5720	-1731.64	-1733.89	2.24399	0.04577858
5730	-1662.05	-1664.31	2.25468	0.06899585
5740	-1645.01	-1647.17	2.16768	0.07761571
5750	-1616.86	-1616.07	-0.795302	0.2451557
5760	-1595.23	-1596.61	1.37855	0.1264487
5770	-1613.93	-1615.77	1.83767	0.1003928
5780	-1721.06	-1723.34	2.27498	0.04849918
5790	-1726.05	-1728.31	2.26151	0.04719116
5800	-1701.15	-1703.46	2.3076	0.0542611
5810	-1648.84	-1651.03	2.19157	0.07551255
5820	-1609.52	-1611.28	1.76023	0.1050143
5830	-1604.7	-1606.36	1.65958	0.1108407
5840	-1652.54	-1654.75	2.21209	0.07358275
5850	-1596.32	-1597.74	1.41995	0.1241909
5860	-1595.85	-1597.25	1.40256	0.1251404
5870	-1596.93	-1598.37	1.44186	0.1229915
5880	-1617.13	-1619.02	1.88712	0.09735793
5890	-1706.66	-1708.97	2.30211	0.05257215
5900	-1592.05	-1593.28	1.23047	0.1344514
5910	-1590.08	-1591.18	1.10136	0.1413658
5920	-1687.76	-1690.07	2.30867	0.05870928
5930	-1666.44	-1668.71	2.26982	0.06704111
5940	-1712.01	-1714.3	2.29414	0.05100587
5950	-1708.59	-1710.89	2.29953	0.05199934
5960	-1629.19	-1631.23	2.03595	0.08763005
5970	-1601.92	-1603.51	1.59168	0.1146847
5980	-1609.57	-1611.33	1.76107	0.1049651
5990	-1594.07	-1595.4	1.33015	0.1290757
6000	-1588.28	-1588.86	0.574863	0.1694076
6010	-1589.67	-1590.06	0.384408	0.1796108
6020	-1615.92	-1617.79	1.86902	0.09847731
6030	-1607.01	-1608.72	1.71017	0.1079343
6040	-1729.66	-1731.91	2.25049	0.0462727
6050	-1597.24	-1598.69	1.45238	0.1224147
6060	-1599.53	-1601.05	1.52513	0.1184002
6070	-1623.57	-1625.54	1.97306	0.09187394
6080	-1596.36	-1596.31	-0.057557	0.2036174
6090	-1587.92	-1588.61	0.697738	0.1628543
6100	-1613.23	-1612.54	-0.688321	0.2389988
6110	-1601.41	-1601.13	-0.280972	0.2159805
6120	-1632.33	-1634.4	2.06692	0.08544176
6130	-1847.95	-1849.34	1.39321	0.02559338
6140	-1844.33	-1845.76	1.43224	0.02603506
6150	-1734.75	-1736.98	2.23321	0.0450195
6160	-1788.9	-1790.84	1.93371	0.03405763
6170	-1786.04	-1788	1.95446	0.03454625
6180	-1944.69	-1944.78	0.0808895	0.01640402
6190	-2004.84	-2003.85	-0.985618	0.01255043
6200	-1804.97	-1806.78	1.8075	0.03146266
6210	-1603.83	-1605.47	1.63926	0.1119976
6220	-1682.33	-1684.63	2.30381	0.06067052
6230	-1850.87	-1852.23	1.36114	0.02524295
6240	-1742.88	-1745.08	2.20149	0.04310973
6250	-1812.33	-1814.07	1.74436	0.03035355
6260	-1768.63	-1770.7	2.0694	0.03771622
6270	-1756.05	-1758.19	2.13979	0.04023658
6280	-1640.89	-1643.03	2.13886	0.07999778
6290	-1674.77	-1677.06	2.29149	0.06357378
6300	-1669.63	-1671.91	2.27915	0.0656806
6310	-1590.67	-1591.82	1.14553	0.1390053
6320	-1588.19	-1589.06	0.874633	0.1534412
6330	-1590.2	-1590.53	0.334196	0.1823128
6340	-1648.15	-1650.34	2.18745	0.07588541
6350	-1647.31	-1649.49	2.18235	0.07634017
6360	-1604.51	-1606.17	1.65535	0.1110822
6370	-1587.91	-1588.67	0.76742	0.1591445
6380	-1640.19	-1642.32	2.13357	0.08041983
6390	-1599.4	-1600.92	1.52132	0.1186114
6400	-1610.57	-1612.35	1.77968	0.1038669
6410	-1637.51	-1639.62	2.11252	0.08206161
6420	-1702.17	-1704.47	2.3068	0.05394319
6430	-1618.64	-1620.55	1.90877	0.09600424
6440	-1632.84	-1634.91	2.07169	0.08509837
6450	-1592.7	-1593.96	1.26523	0.1325814
6460	-1629.07	-1631.1	2.03466	0.08771972
6470	-1674.49	-1676.79	2.29091	0.06368508
6480	-1629.76	-1631.8	2.04175	0.08722619
6490	-1603.59	-1605.22	1.63354	0.1123218
6500	-1587.89	-1588.62	0.727084	0.1612915
6510	-1648.65	-1647.09	-1.55571	0.2904151
6520	-1588.24	-1588.82	0.584487	0.1688936
6530	-1592.21	-1592.39	0.17896	0.1907042
6540	-1665.17	-1667.43	2.26569	0.06760012
6550	-1777.44	-1779.45	2.01377	0.0360703
6560	-1613.78	-1615.62	1.83523	0.1005404
6570	-1589.94	-1591.03	1.08971	0.1419879
6580	-1591.28	-1592.46	1.1854	0.1368701
6590	-1635.52	-1637.62	2.0958	0.08332597
6600	-1726.04	-1728.3	2.26152	0.04719224
6610	-1737.06	-1739.29	2.2247	0.04446512
6620	-1635	-1637.09	2.09127	0.08366333
6630	-1622.32	-1624.28	1.95759	0.09288427
6640	-1628.83	-1630.86	2.03217	0.08789254
6650	-1613.31	-1615.14	1.82745	0.1010109
6660	-1659.69	-1661.93	2.24538	0.07008928
6670	-1649.16	-1651.36	2.19344	0.075342
6680	-1708.78	-1711.08	2.29926	0.05194401
6690	-1793.31	-1795.21	1.90071	0.03332105
6700	-1707.73	-1710.03	2.30073	0.05225533
6710	-1771.37	-1773.42	2.05266	0.03719456
6720	-1758.03	-1760.16	2.12945	0.03982646
6730	-1658.49	-1660.73	2.24035	0.07065484
6740	-1683.65	-1685.95	2.30528	0.06018529
6750	-1712.06	-1714.36	2.29405	0.05099042
6760	-1705.21	-1707.52	2.30382	0.05300902
6770	-1651.12	-1653.33	2.2045	0.07431197
6780	-1628.04	-1630.07	2.0239	0.08846212
6790	-1754.56	-1756.71	2.14739	0.04054875
6800	-1642.78	-1644.94	2.15253	0.07888605
6810	-1599.36	-1600.88	1.52005	0.1186821
6820	-1589.9	-1590.26	0.362154	0.1808077
6830	-1593.39	-1594.69	1.29939	0.130739
6840	-1638.18	-1640.3	2.1179	0.0816472
6850	-1697.74	-1700.05	2.30956	0.05534556
6860	-1639.55	-1641.68	2.12869	0.08080589
6870	-1649.03	-1651.22	2.19266	0.07541317
6880	-1603.6	-1605.23	1.63366	0.1123154
6890	-1810.95	-1812.7	1.75644	0.03055784
6900	-1623.3	-1625.27	1.9698	0.09208808
6910	-1638.55	-1640.67	2.12089	0.08141578
6920	-1587.94	-1588.73	0.791561	0.15786
6930	-1694.63	-1696.94	2.31036	0.05636012
6940	-1655.37	-1657.6	2.22624	0.07216321
6950	-1715.66	-1717.95	2.28725	0.04997255
6960	-1605.4	-1607.07	1.67548	0.1099316
6970	-1638.99	-1641.12	2.12438	0.08114384
6980	-1588.02	-1588.67	0.643856	0.1657258
6990	-1724.93	-1722.08	-2.84802	0.3741498
7000	-1588.99	-1589.99	0.998447	0.1468529
7010	-1594.76	-1596.12	1.3596	0.1274783
7020	-1597.59	-1599.05	1.46426	0.1217618
7030	-1596.44	-1597.87	1.42456	0.1239386
7040	-1588.11	-1588.96	0.854617	0.1545058
7050	-1611.3	-1610.68	-0.628957	0.235603
7060	-1625.32	-1627.31	1.99369	0.09050719
7070	-1642.47	-1644.62	2.15031	0.07906897
7080	-1689.93	-1692.24	2.30974	0.05795125
7090	-1618.57	-1620.48	1.90778	0.09606648
7100	-1735.54	-1737.77	2.23034	0.04482859
7110	-1736.16	-1738.39	2.22808	0.04468083
7120	-1636.81	-1638.92	2.10671	0.08250435
7130	-1607.22	-1608.93	1.71459	0.1076784
7140	-1674.54	-1676.83	2.29101	0.06366617
7150	-1647.04	-1649.22	2.18068	0.07648826
7160	-1718.44	-1720.72	2.28124	0.0492067
7170	-1617.61	-1619.5	1.89409	0.09692402
7180	-1597.42	-1598.88	1.45874	0.1220653
7190	-1614.51	-1616.35	1.84693	0.09983018
7200	-1722.61	-1724.88	2.27102	0.04808767
7210	-1705.46	-1707.77	2.30354	0.05293358
7220	-1615.6	-1617.46	1.86406	0.09878258
7230	-1592.32	-1593.56	1.24519	0.1336602
7240	-1638.57	-1640.69	2.121	0.08140706
7250	-1609.87	-1611.64	1.76675	0.1046306
7260	-1621.51	-1623.46	1.94734	0.09354795
7270	-1692.37	-1694.68	2.31034	0.05711642
7280	-1777.98	-1779.99	2.01018	0.03597184
7290	-1854.59	-1855.91	1.31959	0.02480443
7300	-1742.19	-1744.4	2.20437	0.04326739
7310	-1588.25	-1588.83	0.581197	0.1690693
7320	-1588	-1588.82	0.821904	0.1562459
7330	-1605.7	-1607.38	1.68218	0.109547
7340	-1730.45	-1732.7	2.24793	0.04607437
7350	-1760.54	-1762.65	2.11593	0.03931343
7360	-1763	-1765.1	2.10224	0.03881836
7370	-1658.66	-1660.91	2.2411	0.07057133
7380	-1749.34	-1751.52	2.17278	0.04166776
7390	-1731.94	-1734.18	2.243	0.04570584
7400	-1590.94	-1592.11	1.16372	0.1380317
7410	-1665.77	-1663.88	-1.88996	0.3112065
7420	-1594.88	-1594.9	0.0189668	0.199421
7430	-1598.26	-1599.75	1.48631	0.1205477
7440	-1610.78	-1612.56	1.7835	0.1036403
7450	-1618.66	-1620.57	1.90907	0.09598498
7460	-1622.25	-1624.21	1.95678	0.09293695
7470	-1828.14	-1829.73	1.59771	0.02812364
7480	-1686.55	-1688.86	2.30787	0.05913619
7490	-1668.13	-1670.4	2.27492	0.06631539
7500	-1719.55	-1721.83	2.27867	0.0489064
7510	-1652.62	-1654.83	2.21251	0.07354152
7520	-1605.62	-1607.3	1.68029	0.1096557
7530	-1631.32	-1633.38	2.05728	0.08613129
7540	-1630.54	-1632.59	2.0496	0.08667498
7550	-1609.91	-1611.68	1.76758	0.104582
7560	-1727.6	-1729.86	2.2569	0.04679324
7570	-1737.02	-1739.24	2.22486	0.04447536
7580	-1644.89	-1647.06	2.1669	0.07768233
7590	-1655.82	-1658.05	2.22836	0.07194383
7600	-1704.55	-1706.86	2.30454	0.05321025
7610	-1771.13	-1773.19	2.05412	0.03723934
7620	-1840.37	-1841.84	1.47413	0.02652897
7630	-1818.69	-1820.38	1.6871	0.02943148
7640	-1612.81	-1614.63	1.81906	0.1015167
7650	-1721.63	-1723.9	2.27356	0.04834816
7660	-1781.27	-1783.26	1.98795	0.03538139
7670	-1649.42	-1651.62	2.19493	0.07520513
7680	-1832.83	-1834.38	1.55137	0.02749957
7690	-1621.1	-1623.04	1.94204	0.09388881
7700	-1619.7	-1621.62	1.92337	0.09508163
7710	-1656.08	-1658.31	2.22958	0.07181588
7720	-1608.75	-1608.2	-0.546579	0.2309149
7730	-1629.17	-1628.05	-1.11963	0.2641288
7740	-1608.95	-1608.4	-0.553241	0.2312929
7750	-1664.46	-1666.72	2.26331	0.06791267
7760	-1666.28	-1668.55	2.2693	0.06711156
7770	-1623.11	-1625.08	1.96746	0.09224102
7780	-1611.41	-1613.21	1.79487	0.1029644
7790	-1608.53	-1610.27	1.74102	0.1061402
7800	-1595.59	-1595.57	-0.0185081	0.2014738
7810	-1639.9	-1642.03	2.13138	0.08059358
7820	-1595.47	-1595.46	-0.0121136	0.2011232
7830	-1595.9	-1597.3	1.40449	0.1250354
7840	-1590.35	-1591.47	1.12209	0.140258
7850	-1593.15	-1593.27	0.118556	0.1939864
7860	-1774.06	-1776.1	2.0357	0.03669033
7870	-1820.67	-1822.34	1.66882	0.02915184
7880	-1638.88	-1641.01	2.12352	0.08121122
7890	-1672.59	-1674.87	2.28666	0.06445503
7900	-1621.63	-1623.58	1.94889	0.09344763
7910	-1677.25	-1679.55	2.29627	0.0625982
7920	-1751.6	-1753.76	2.16204	0.04117925
7930	-1831.69	-1833.26	1.56267	0.0276487
7940	-1635.43	-1637.52	2.09495	0.08338934
7950	-1590.75	-1591.9	1.15087	0.1387195
7960	-1633.21	-1635.29	2.07517	0.08484571
7970	-1606.1	-1607.79	1.69083	0.1090502
7980	-1632.58	-1634.65	2.06929	0.08527144
7990	-1644.16	-1646.32	2.16203	0.07809465
8000	-1591.97	-1593.19	1.22608	0.1346871
8010	-1594.02	-1595.35	1.32788	0.1291986
8020	-1602.1	-1603.7	1.59635	0.1144223
8030	-1589.69	-1590.07	0.382655	0.1797051
8040	-1592.77	-1592.92	0.142139	0.1927038
8050	-1615.18	-1617.04	1.85755	0.09918154
8060	-1689.23	-1691.54	2.30945	0.05819465
8070	-1719.3	-1721.58	2.27925	0.04897236
8080	-1728.47	-1730.72	2.25424	0.04657354
8090	-1820.54	-1822.21	1.67007	0.02917078
8100	-1722.73	-1725	2.27071	0.0480566
8110	-1685.59	-1687.9	2.30712	0.05948055
8120	-1638.56	-1640.68	2.12097	0.08140912
8130	-1775.19	-1777.21	2.02848	0.03648224
8140	-1642.28	-1644.42	2.14894	0.07918126
8150	-1601.45	-1603.03	1.57914	0.1153884
8160	-1705.36	-1707.67	2.30366	0.05296403
8170	-1711.61	-1713.9	2.29482	0.05112063
8180	-1702.62	-1704.93	2.30641	0.05380334
8190	-1643.46	-1645.61	2.15722	0.07849755
8200	-1613.46	-1615.29	1.82992	0.1008619
8210	-1739.95	-1742.17	2.21349	0.04378489
8220	-1882.05	-1883.04	0.988976	0.02182329
8230	-1814.6	-1816.32	1.7242	0.03002056
8240	-1698.06	-1700.37	2.30942	0.05524067
8250	-1684.97	-1687.27	2.30657	0.05970504
8260	-1639.39	-1641.52	2.12746	0.08090213
8270	-1593.32	-1594.62	1.29598	0.1309232
8280	-1838.39	-1839.88	1.49473	0.02678003
8290	-1855.77	-1857.07	1.3063	0.02466773
8300	-1647.95	-1650.14	2.18628	0.07599047
8310	-1588	-1588.65	0.653753	0.1651981
8320	-1592.53	-1592.69	0.157816	0.191852
8330	-1618.38	-1620.29	1.90513	0.09623278
8340	-1678.04	-1680.34	2.29764	0.06229139
8350	-1651.94	-1654.14	2.20889	0.07389208
8360	-1731.34	-1733.59	2.24499	0.04585272
8370	-1845.07	-1846.49	1.42437	0.02594468
8380	-1819.91	-1821.59	1.67586	0.02925878
8390	-1660.14	-1662.39	2.24724	0.06987569
8400	-1704.64	-1706.95	2.30445	0.05318274
8410	-1717.94	-1720.22	2.28239	0.04934499
8420	-1758.6	-1760.72	2.12641	0.03970902
8430	-1658.84	-1661.08	2.24185	0.07048827
8440	-1751.69	-1753.85	2.16161	0.04115985
8450	-1775.66	-1777.68	2.02541	0.03639512
8460	-1645.72	-1647.89	2.17234	0.07721533
8470	-1644.48	-1646.65	2.1642	0.07791087
8480	-1593.07	-1594.36	1.28397	0.1315712
8490	-1712.14	-1714.44	2.29391	0.05096729
8500	-1589.08	-1590.08	1.00812	0.1463378
8510	-1627.53	-1629.55	2.01836	0.08884172
8520	-1647.7	-1649.89	2.18476	0.07612631
8530	-1611.99	-1613.8	1.80507	0.1023561
8540	-1626.37	-1628.38	2.00565	0.08970469
8550	-1601.58	-1601.29	-0.287642	0.2163523
8560	-1587.93	-1588.62	0.685426	0.1635102
8570	-1591.16	-1592.33	1.1776	0.137288
8580	-1642.77	-1644.92	2.15246	0.07889208
8590	-1708.35	-1710.65	2.29987	0.05207147
8600	-1677.3	-1679.59	2.29635	0.06257982
8610	-1768.73	-1770.8	2.06881	0.03769751
8620	-1731.27	-1733.52	2.24524	0.04587102
8630	-1632.06	-1634.12	2.06435	0.08562695
8640	-1593.97	-1594.04	0.0699812	0.1966335
8650	-1592.8	-1594.07	1.27051	0.1322968
8660	-1603.06	-1604.68	1.62052	0.1130593
8670	-1626.97	-1628.98	2.01226	0.08925713
8680	-1600.07	-1599.84	-0.225917	0.2129179
8690	-1897.96	-1898.73	0.778423	0.02028152
8700	-1752.11	-1754.27	2.15955	0.04106909
8710	-1820.96	-1822.63	1.66611	0.02911099
8720	-1861.9	-1863.13	1.23573	0.02396847
8730	-1697.71	-1700.02	2.30957	0.05535529
8740	-1723.29	-1725.56	2.26921	0.04790843
8750	-1650.38	-1652.58	2.20041	0.07469759
8760	-1629.58	-1631.62	2.03994	0.08735228
8770	-1588.57	-1589.52	0.944141	0.1497436
8780	-1641.43	-1643.57	2.14283	0.0796775
8790	-1642.46	-1644.61	2.15022	0.07907591
8800	-1593.5	-1594.81	1.30457	0.1304592
8810	-1604.49	-1606.14	1.65475	0.1111162
8820	-1644.14	-1646.3	2.16191	0.07810493
8830	-1589.43	-1590.47	1.0447	0.1443887
8840	-1605.93	-1607.62	1.68724	0.1092566
8850	-1592.44	-1592.61	0.163513	0.1915426
8860	-1678.08	-1680.37	2.29769	0.06227845
8870	-1687.57	-1689.88	2.30856	0.05877574
8880	-1588.21	-1589.09	0.880655	0.1531209
8890	-1623.29	-1625.26	1.96966	0.09209681
8900	-1588.85	-1589.83	0.981226	0.1477698
8910	-1617.3	-1619.19	1.88967	0.09719947
8920	-1649.58	-1648.01	-1.57495	0.2915967
8930	-1625.29	-1624.27	-1.02272	0.2584099
8940	-1620.36	-1622.29	1.9323	0.09451263
8950	-1622.54	-1624.5	1.96043	0.09269975
8960	-1740.95	-1743.16	2.20946	0.04355278
8970	-1672.01	-1674.29	2.28528	0.06469131
8980	-1745.6	-1747.79	2.18979	0.0424957
8990	-1796.94	-1798.81	1.8726	0.0327287
9000	-1713.83	-1716.12	2.29085	0.05048682
9010	-1666.24	-1668.51	2.26918	0.06712816
9020	-1674.26	-1676.56	2.29042	0.0637769
9030	-1751.03	-1753.19	2.16479	0.041302
9040	-1850.96	-1852.32	1.36016	0.0252324
9050	-1686.51	-1688.82	2.30784	0.05914996
9060	-1640.4	-1642.54	2.13518	0.08029161
9070	-1674.14	-1676.43	2.29016	0.06382587
9080	-1652.16	-1654.37	2.21011	0.07377465
9090	-1759.65	-1761.77	2.12075	0.0394934
9100	-1639.75	-1641.88	2.13026	0.08068167
9110	-1709.62	-1711.91	2.29802	0.05169893
9120	-1849.19	-1850.57	1.37961	0.02544344
9130	-1666.74	-1669.01	2.27073	0.06691414
9140	-1671.73	-1674.02	2.28461	0.06480417
9150	-1667.93	-1670.2	2.27434	0.06639972
9160	-1753.34	-1755.49	2.15351	0.04080712
9170	-1738.85	-1741.07	2.21783	0.04404198
9180	-1673.32	-1675.61	2.28835	0.06415666
9190	-1781.8	-1783.79	1.98429	0.03528705
9200	-1824.55	-1826.18	1.63231	0.02861262
9210	-1805.9	-1807.7	1.79971	0.03132011
9220	-1834.25	-1835.79	1.53703	0.02731305
9230	-1674.88	-1677.17	2.29171	0.06353221
9240	-1654.23	-1656.45	2.22071	0.07272765
9250	-1693.41	-1695.72	2.31041	0.05676952
9260	-1633.38	-1635.45	2.07668	0.08473569
9270	-1619.74	-1621.66	1.92394	0.09504535
9280	-1770.65	-1772.7	2.05712	0.03733134
9290	-1670.04	-1672.32	2.28026	0.0655076
9300	-1659.08	-1661.33	2.24287	0.07037337
9310	-1772.91	-1774.95	2.04302	0.03690509
9320	-1712.12	-1714.42	2.29395	0.05097339
9330	-1793.58	-1795.48	1.89862	0.03327597
9340	-1649.41	-1651.6	2.19487	0.07521136
9350	-1591.7	-1592.91	1.21076	0.1355098
9360	-1697.6	-1699.91	2.30962	0.05539144
9370	-1656.91	-1659.14	2.23339	0.07141214
9380	-1620.89	-1622.83	1.93934	0.09406261
9390	-1650.38	-1652.58	2.2004	0.07469802
9400	-1671.9	-1674.18	2.28501	0.06473751
9410	-1638.41	-1640.53	2.11974	0.08150487
9420	-1685.86	-1688.17	2.30734	0.05938313
9430	-1640.21	-1642.34	2.13374	0.08040614
9440	-1712.32	-1714.62	2.29359	0.05091585
9450	-1685.59	-1687.89	2.30711	0.05948141
9460	-1735	-1737.23	2.23231	0.04495935
9470	-1588.33	-1589.24	0.904434	0.1518561
9480	-1595.83	-1597.23	1.40181	0.1251814
9490	-1618.36	-1620.26	1.90484	0.09625116
9500	-1595.86	-1597.26	1.4029	0.1251217
9510	-1623.97	-1622.98	-0.988531	0.2564026
9520	-1593.43	-1594.73	1.30088	0.1306582
9530	-1595.56	-1596.95	1.3915	0.1257438
9540	-1590.21	-1591.32	1.11147	0.1408259
9550	-1602.98	-1602.63	-0.342212	0.2194001
9560	-1597.71	-1597.59	-0.122085	0.2071708
9570	-1593.07	-1594.35	1.28361	0.1315903
9580	-1709.13	-1711.43	2.29875	0.05184064
9590	-1624.77	-1626.76	1.98734	0.09093043
9600	-1753.18	-1755.33	2.1543	0.04084106
9610	-1757.64	-1759.78	2.13147	0.0399052
9620	-1818.79	-1820.47	1.68624	0.02941823
9630	-1672.25	-1674.54	2.28587	0.06459067
9640	-1614.65	-1616.5	1.84925	0.09968841
9650	-1646.76	-1648.94	2.17896	0.07663938
9660	-1734.36	-1736.59	2.23461	0.04511449
9670	-1614.59	-1616.44	1.84825	0.09974955
9680	-1634.99	-1637.09	2.09119	0.08366934
9690	-1622.11	-1624.06	1.95495	0.09305597
9700	-1595.39	-1595.38	-0.00821761	0.2009096
9710	-1595.37	-1595.36	-0.00696374	0.2008409
9720	-1619.22	-1621.14	1.91682	0.09549609
9730	-1675.22	-1677.52	2.29241	0.06339479
9740	-1627.6	-1629.62	2.0191	0.08879102
9750	-1611.83	-1611.18	-0.645305	0.2365367
9760	-1672.25	-1670.25	-2.008	0.3186883
9770	-1589.58	-1590.64	1.05914	0.1436184
9780	-1638.99	-1641.11	2.12432	0.08114868
9790	-1697.53	-1699.84	2.30964	0.05541226
9800	-1595.42	-1596.81	1.38614	0.1260356
9810	-1588.77	-1589.74	0.971572	0.1482837
9820	-1596.69	-1596.61	-0.073367	0.2044868
9830	-1654	-1656.22	2.21957	0.07284307
9840	-1588.1	-1588.96	0.853802	0.1545492
9850	-1634.43	-1636.51	2.08617	0.08404072
9860	-1588.18	-1588.77	0.598871	0.1681257
9870	-1599.17	-1600.69	1.51449	0.1189899
9880	-1595.76	-1597.16	1.39939	0.1253133
9890	-1667.09	-1669.36	2.27183	0.06675933
9900	-1669.59	-1671.87	2.27905	0.06569709
9910	-1678.31	-1680.61	2.29809	0.06218782
9920	-1607.12	-1608.84	1.7126	0.1077935
9930	-1770.4	-1772.46	2.05863	0.03737787
9940	-1628.76	-1630.79	2.03145	0.08794205
9950	-1716.78	-1719.06	2.28492	0.04966349
9960	-1656.97	-1659.21	2.23369	0.07138026
9970	-1616.52	-1618.4	1.87802	0.09792206
9980	-1632.96	-1631.75	-1.21066	0.2695407
9990	-1634.7	-1633.45	-1.25135	0.2719722
10000	-1607.05	-1608.76	1.71107	0.1078822
