Iteration	Posterior	Likelihood	Prior	birth_rate
0	-1608.87	-1610.61	1.74762	0.1057547
10	-1600.72	-1600.47	-0.253074	0.2144272
20	-1689.22	-1686.92	-2.29904	0.3374562
30	-1590.75	-1591.04	0.286532	0.1848829
40	-1588.62	-1589.57	0.951087	0.1493739
50	-1589.57	-1590.62	1.05745	0.1437089
60	-1605.58	-1607.26	1.67954	0.1096985
70	-1708.78	-1711.08	2.29926	0.05194432
80	-1604.31	-1605.96	1.65064	0.1113502
90	-1663.21	-1665.46	2.25891	0.06847337
100	-1593.63	-1594.95	1.31057	0.1301349
110	-1615.3	-1617.16	1.85947	0.09906402
120	-1609.46	-1611.22	1.75896	0.1050892
130	-1593.86	-1595.18	1.32075	0.1295842
140	-1644.99	-1647.16	2.16756	0.07762577
150	-1721.19	-1723.47	2.27465	0.04846342
160	-1619.81	-1621.74	1.92495	0.09498099
170	-1630.54	-1632.59	2.04959	0.08667606
180	-1600.15	-1601.69	1.5433	0.11739
190	-1596.68	-1596.61	-0.0730228	0.2044678
200	-1664.37	-1666.63	2.26299	0.0679542
210	-1587.98	-1588.64	0.662214	0.1647471
220	-1612.15	-1611.49	-0.655284	0.2371072
230	-1614.75	-1614.01	-0.733837	0.2416124
240	-1588.38	-1589.29	0.912466	0.1514288
250	-1588.39	-1588.95	0.55277	0.1705879
260	-1613.68	-1612.98	-0.701965	0.2397813
270	-1700.13	-1697.66	-2.4748	0.3490172
280	-1632.26	-1634.32	2.06624	0.08549079
290	-1626.13	-1628.14	2.00296	0.08988585
300	-1622.91	-1624.87	1.96492	0.09240732
310	-1633.43	-1635.51	2.07721	0.08469727
320	-1833.03	-1834.58	1.54933	0.02747293
330	-1724.17	-1726.44	2.26681	0.04767722
340	-1652.8	-1655.01	2.21345	0.07344989
350	-1763.36	-1765.46	2.10022	0.03874724
360	-1599.41	-1600.93	1.52156	0.118598
370	-1623.37	-1625.34	1.97065	0.09203223
380	-1625.9	-1627.9	2.00029	0.09006564
390	-1707.78	-1710.08	2.30065	0.05223856
400	-1623.62	-1625.59	1.97359	0.09183893
410	-1621.87	-1623.82	1.95188	0.09325468
420	-1657.04	-1659.28	2.23401	0.07134634
430	-1595.46	-1596.84	1.38757	0.1259576
440	-1587.89	-1588.63	0.739283	0.1606421
450	-1603.18	-1604.8	1.62354	0.1128882
460	-1607.95	-1609.68	1.72948	0.1068134
470	-1592.91	-1594.19	1.27591	0.1320057
480	-1614.24	-1616.08	1.84261	0.1000932
490	-1593.54	-1594.85	1.30627	0.1303673
500	-1598.42	-1599.91	1.49135	0.1202697
510	-1616.8	-1618.68	1.8822	0.0976633
520	-1727.31	-1729.57	2.25777	0.04686654
530	-1737.45	-1739.67	2.22325	0.04437409
540	-1669.25	-1671.53	2.27811	0.06583986
550	-1589.47	-1589.88	0.4056	0.1784721
560	-1606.25	-1607.95	1.69413	0.1088603
570	-1590.7	-1590.99	0.290969	0.1846434
580	-1630.41	-1629.26	-1.14985	0.2659211
590	-1587.9	-1588.61	0.71039	0.1621804
600	-1590.67	-1591.82	1.14526	0.1390195
610	-1587.9	-1588.61	0.715774	0.1618937
620	-1596.8	-1598.24	1.43721	0.1232462
630	-1593.04	-1593.17	0.125388	0.1936147
640	-1590.24	-1591.35	1.11351	0.1407165
650	-1608.06	-1609.79	1.7317	0.1066843
660	-1617.61	-1616.79	-0.816562	0.2463851
670	-1603.06	-1604.68	1.62048	0.1130612
680	-1599.06	-1598.88	-0.182748	0.2105239
690	-1591.88	-1593.1	1.22126	0.1349463
700	-1712.52	-1714.82	2.29324	0.05085872
710	-1633.44	-1635.52	2.07726	0.08469395
720	-1679.15	-1681.44	2.29943	0.06186765
730	-1588.35	-1589.26	0.908184	0.1516566
740	-1609.16	-1610.91	1.75327	0.1054233
750	-1595.73	-1597.13	1.39804	0.1253868
760	-1588.5	-1589.03	0.533883	0.1715976
770	-1588.23	-1588.81	0.586642	0.1687786
780	-1622.61	-1624.57	1.96124	0.09264705
790	-1669.12	-1671.4	2.27776	0.06589402
800	-1656.03	-1658.26	2.22935	0.0718401
810	-1644.51	-1646.67	2.16436	0.07789746
820	-1587.9	-1588.65	0.756656	0.1597174
830	-1602.27	-1603.87	1.60076	0.1141742
840	-1587.97	-1588.78	0.80924	0.1569195
850	-1647.8	-1649.99	2.18535	0.07607368
860	-1593.07	-1594.35	1.28357	0.131593
870	-1610.24	-1612.01	1.77364	0.1042243
880	-1678.98	-1681.28	2.29917	0.06193079
890	-1716.28	-1718.57	2.28597	0.04980092
900	-1596.38	-1597.8	1.42209	0.1240741
910	-1590.82	-1591.98	1.15573	0.1384594
920	-1702.63	-1704.94	2.3064	0.05379926
930	-1589.5	-1590.55	1.05101	0.144052
940	-1599.91	-1601.45	1.53635	0.1177767
950	-1613.81	-1615.65	1.83571	0.1005116
960	-1717.25	-1719.54	2.28389	0.04953174
970	-1694.45	-1696.76	2.31038	0.05642052
980	-1653.61	-1655.83	2.21762	0.07303814
990	-1662.39	-1664.65	2.25594	0.06884202
1000	-1587.9	-1588.61	0.708575	0.1622771
1010	-1618.66	-1620.57	1.90912	0.09598198
1020	-1604.46	-1606.11	1.654	0.1111587
1030	-1587.91	-1588.61	0.704474	0.1624955
1040	-1664.92	-1667.18	2.26487	0.06770845
1050	-1614.79	-1616.64	1.85143	0.09955563
1060	-1623.85	-1625.83	1.97643	0.09165243
1070	-1603.07	-1604.69	1.62081	0.1130429
1080	-1621.23	-1623.17	1.94371	0.09378161
1090	-1847.65	-1849.05	1.39644	0.02562932
1100	-1653.01	-1655.22	2.21452	0.07334474
1110	-1662.83	-1665.09	2.25756	0.06864176
1120	-1602.64	-1604.25	1.6101	0.1136478
1130	-1655.55	-1657.78	2.2271	0.07207465
1140	-1630.03	-1632.08	2.0445	0.08703364
1150	-1644.8	-1646.97	2.1663	0.07773269
1160	-1650.94	-1653.15	2.20353	0.07440429
1170	-1713.13	-1715.43	2.29214	0.05068438
1180	-1608.21	-1609.94	1.7346	0.1065154
1190	-1623.29	-1625.25	1.96958	0.09210239
1200	-1614.22	-1616.06	1.84235	0.100109
1210	-1658.69	-1660.93	2.2412	0.07056071
1220	-1591.92	-1592.12	0.199147	0.1896095
1230	-1680.32	-1678.17	-2.14924	0.3277388
1240	-1624.94	-1626.93	1.98927	0.09080237
1250	-1600.61	-1602.17	1.55636	0.1166622
1260	-1647.88	-1646.34	-1.53987	0.2894441
1270	-1606.96	-1606.47	-0.486365	0.2275053
1280	-1590.06	-1590.4	0.347015	0.1816224
1290	-1589.8	-1590.17	0.37167	0.1802958
1300	-1597.77	-1599.24	1.47039	0.1214248
1310	-1829	-1830.59	1.58923	0.02800689
1320	-1652.98	-1655.19	2.21437	0.0733589
1330	-1600.13	-1601.67	1.54275	0.1174207
1340	-1592.31	-1593.55	1.2448	0.1336808
1350	-1588.4	-1589.32	0.917145	0.1511799
1360	-1588.68	-1589.64	0.959542	0.148924
1370	-1616.19	-1618.07	1.87316	0.09822209
1380	-1592.71	-1592.85	0.146462	0.1924688
1390	-1669.33	-1671.61	2.27834	0.06580449
1400	-1621.28	-1623.22	1.94437	0.09373948
1410	-1612.91	-1614.73	1.82078	0.1014135
1420	-1588.46	-1589.39	0.926696	0.1506718
1430	-1623.37	-1625.34	1.97061	0.09203457
1440	-1676.65	-1678.95	2.29518	0.06283231
1450	-1626.04	-1628.04	2.00193	0.08995532
1460	-1614.93	-1616.79	1.85366	0.09941968
1470	-1594.74	-1594.77	0.0265846	0.1990042
1480	-1588.7	-1589.66	0.961663	0.1488111
1490	-1640.18	-1642.31	2.13351	0.08042445
1500	-1599.44	-1600.97	1.5227	0.1185349
1510	-1587.89	-1588.64	0.746155	0.1602763
1520	-1588.07	-1588.7	0.628969	0.1665197
1530	-1626.73	-1628.74	2.00963	0.08943553
1540	-1862.07	-1863.3	1.23372	0.02394923
1550	-1715.58	-1717.86	2.28742	0.04999664
1560	-1691.36	-1693.67	2.31017	0.05745982
1570	-1606.37	-1608.07	1.69674	0.1087097
1580	-1606.81	-1608.52	1.70603	0.1081737
1590	-1594.71	-1594.74	0.0284799	0.1989006
1600	-1717.2	-1719.49	2.284	0.04954565
1610	-1686.36	-1688.67	2.30773	0.05920511
1620	-1651.65	-1653.86	2.20737	0.07403887
1630	-1748.01	-1750.19	2.17894	0.04195966
1640	-1794.74	-1796.63	1.88969	0.03308535
1650	-1778.65	-1780.66	2.00569	0.03585002
1660	-1746.08	-1748.27	2.18764	0.04238703
1670	-1616.71	-1618.59	1.88086	0.09774642
1680	-1634.57	-1636.66	2.08747	0.08394472
1690	-1592.63	-1592.78	0.151508	0.1921946
1700	-1595.23	-1596.61	1.37866	0.1264425
1710	-1662.09	-1660.27	-1.82116	0.3068796
1720	-1604.38	-1606.04	1.65234	0.1112535
1730	-1595.09	-1596.46	1.37303	0.126749
1740	-1599.91	-1599.69	-0.219224	0.2125463
1750	-1591.05	-1591.31	0.262699	0.1861701
1760	-1589.71	-1590.09	0.380995	0.1797943
1770	-1588.11	-1588.96	0.855152	0.1544774
1780	-1593.3	-1593.41	0.109533	0.1944777
1790	-1606.04	-1607.73	1.68948	0.1091277
1800	-1587.89	-1588.64	0.750382	0.1600512
1810	-1588.49	-1589.02	0.535471	0.1715127
1820	-1682.77	-1685.07	2.30432	0.06050723
1830	-1643.1	-1645.25	2.15474	0.07870313
1840	-1631.55	-1633.6	2.05943	0.08597818
1850	-1650.86	-1653.07	2.20308	0.07444669
1860	-1664.03	-1666.29	2.26183	0.06810407
1870	-1655.38	-1657.61	2.22629	0.07215895
1880	-1703.68	-1705.99	2.30542	0.05347573
1890	-1609.94	-1611.71	1.76804	0.1045545
1900	-1590.6	-1590.9	0.299277	0.1841952
1910	-1603.54	-1603.18	-0.363715	0.2206041
1920	-1632.66	-1634.73	2.06999	0.08522064
1930	-1671.42	-1673.7	2.28383	0.06493316
1940	-1767.27	-1769.35	2.07753	0.03797871
1950	-1739.86	-1742.07	2.21387	0.04380704
1960	-1639.96	-1642.09	2.13182	0.08055828
1970	-1593.96	-1595.28	1.32525	0.1293407
1980	-1635.49	-1637.58	2.09549	0.08334965
1990	-1766.48	-1768.56	2.08221	0.03813279
2000	-1598.84	-1600.34	1.5043	0.1195542
2010	-1759.9	-1762.01	2.11943	0.03944387
2020	-1609.33	-1611.08	1.75646	0.105236
2030	-1594.63	-1595.98	1.35403	0.1277807
2040	-1614.84	-1616.7	1.85228	0.09950355
2050	-1673.64	-1675.92	2.28905	0.06402982
2060	-1723.36	-1725.63	2.26902	0.04788933
2070	-1667.39	-1669.66	2.27273	0.0666319
2080	-1597.08	-1598.52	1.44694	0.1227129
2090	-1601.1	-1602.67	1.56991	0.1159054
2100	-1612.03	-1613.83	1.80565	0.1023214
2110	-1588.83	-1589.32	0.482678	0.174338
2120	-1610.02	-1609.44	-0.588203	0.2332802
2130	-1587.93	-1588.62	0.689218	0.1633081
2140	-1636.45	-1638.56	2.10372	0.08273113
2150	-1656.42	-1658.65	2.23115	0.07165027
2160	-1625.84	-1627.84	1.99964	0.09010911
2170	-1602.66	-1604.27	1.61054	0.1136228
2180	-1599.64	-1601.17	1.52857	0.1182091
2190	-1590.82	-1591.98	1.15578	0.1384563
2200	-1616.27	-1618.15	1.87434	0.09814968
2210	-1627.01	-1629.02	2.01272	0.08922552
2220	-1659.34	-1661.58	2.24393	0.07025418
2230	-1622.25	-1624.21	1.95673	0.09294047
2240	-1598.99	-1600.5	1.50911	0.1192879
2250	-1664.88	-1667.15	2.26474	0.06772528
2260	-1589.34	-1590.37	1.03557	0.1448751
2270	-1622.63	-1624.59	1.96151	0.09262934
2280	-1633.36	-1635.43	2.07651	0.08474836
2290	-1598.95	-1600.45	1.50764	0.1193693
2300	-1687.68	-1689.99	2.30863	0.05873536
2310	-1593.21	-1594.5	1.29041	0.1312236
2320	-1671.29	-1673.57	2.28349	0.0649892
2330	-1625.29	-1627.28	1.99338	0.09052847
2340	-1628.91	-1630.95	2.03305	0.08783178
2350	-1603.76	-1605.4	1.63756	0.1120939
2360	-1668.83	-1671.11	2.27694	0.06601699
2370	-1790.41	-1792.33	1.92258	0.0338039
2380	-1697.43	-1699.74	2.30968	0.05544413
2390	-1798.29	-1800.15	1.86189	0.03251081
2400	-1616.65	-1618.53	1.88003	0.09779743
2410	-1626.89	-1628.9	2.01143	0.08931344
2420	-1592.97	-1593.1	0.129786	0.1933755
2430	-1596.2	-1597.61	1.41552	0.1244332
2440	-1592.79	-1594.06	1.26997	0.1323258
2450	-1639.75	-1641.88	2.13027	0.08068094
2460	-1624.09	-1626.07	1.97931	0.09146213
2470	-1640.38	-1642.52	2.13504	0.08030322
2480	-1722.79	-1725.06	2.27053	0.04803893
2490	-1588.6	-1589.54	0.947701	0.1495541
2500	-1588.12	-1588.73	0.613958	0.1673205
2510	-1589.83	-1590.91	1.08043	0.1424831
2520	-1624.26	-1626.24	1.98127	0.09133295
2530	-1622.57	-1624.53	1.96072	0.09268107
2540	-1768.25	-1770.32	2.07171	0.03779033
2550	-1720.09	-1722.37	2.27737	0.04876028
2560	-1668.34	-1670.61	2.27553	0.06622677
2570	-1663.64	-1665.9	2.26045	0.06828014
2580	-1627.74	-1629.76	2.02065	0.08868525
2590	-1672.38	-1674.67	2.28617	0.06453931
2600	-1602.21	-1603.81	1.59922	0.1142606
2610	-1591.16	-1591.42	0.254153	0.186632
2620	-1677.59	-1679.88	2.29686	0.06246752
2630	-1623.26	-1625.23	1.96933	0.09211883
2640	-1623.13	-1625.1	1.96767	0.09222715
2650	-1602.4	-1604.01	1.60405	0.1139887
2660	-1587.93	-1588.62	0.686874	0.163433
2670	-1627.2	-1629.21	2.01479	0.08908509
2680	-1673.7	-1675.99	2.28919	0.06400393
2690	-1669.18	-1671.46	2.27792	0.06586927
2700	-1595.07	-1595.08	0.00859821	0.1999885
2710	-1589.2	-1589.64	0.436218	0.1768285
2720	-1834.34	-1830.12	-4.21448	0.4733762
2730	-1588.07	-1588.91	0.843983	0.1550714
2740	-1590.04	-1591.14	1.0982	0.1415346
2750	-1588.92	-1589.39	0.470732	0.174978
2760	-1602.82	-1602.48	-0.336043	0.219055
2770	-1592.7	-1593.96	1.26522	0.132582
2780	-1598.07	-1599.55	1.48001	0.1208952
2790	-1672.41	-1674.7	2.28624	0.06452691
2800	-1673.93	-1676.22	2.28971	0.06390951
2810	-1629.37	-1631.41	2.03774	0.08750581
2820	-1705.31	-1707.61	2.30372	0.05298069
2830	-1627.58	-1629.6	2.01897	0.08879997
2840	-1591.11	-1592.28	1.17467	0.1374454
2850	-1668.87	-1671.15	2.27707	0.06599741
2860	-1627.9	-1629.92	2.02236	0.08856823
2870	-1634.65	-1636.74	2.08814	0.08389518
2880	-1722.45	-1724.72	2.27143	0.04812894
2890	-1709.98	-1712.27	2.29747	0.05159345
2900	-1644.67	-1646.83	2.16541	0.07780854
2910	-1629.03	-1631.07	2.03428	0.08774627
2920	-1641.37	-1643.51	2.14238	0.07971386
2930	-1669.22	-1671.5	2.27805	0.06584971
2940	-1704.09	-1706.4	2.30501	0.05334952
2950	-1636.19	-1638.3	2.10154	0.0828953
2960	-1588.81	-1589.78	0.976221	0.1480362
2970	-1610.51	-1612.29	1.77864	0.1039286
2980	-1627.96	-1629.98	2.02302	0.08852314
2990	-1599.9	-1599.68	-0.218609	0.2125121
3000	-1627.98	-1626.88	-1.09023	0.2623891
3010	-1589.4	-1590.44	1.04156	0.1445558
3020	-1596.56	-1597.99	1.42879	0.1237073
3030	-1668.17	-1670.45	2.27505	0.06629676
3040	-1667.95	-1670.23	2.27441	0.06639079
3050	-1681.06	-1683.36	2.3022	0.06114393
3060	-1615.99	-1617.86	1.87	0.09841724
3070	-1639.04	-1641.17	2.12477	0.08111335
3080	-1597.74	-1599.21	1.46929	0.1214851
3090	-1679.79	-1682.09	2.3004	0.061624
3100	-1646.3	-1648.48	2.17605	0.07689392
3110	-1662.44	-1664.69	2.25612	0.06881993
3120	-1628.38	-1630.41	2.02746	0.0882177
3130	-1607.67	-1609.39	1.72373	0.1071478
3140	-1674.74	-1677.03	2.29143	0.06358613
3150	-1614.08	-1615.92	1.83998	0.1002528
3160	-1651.72	-1653.93	2.20775	0.0740025
3170	-1588.06	-1588.69	0.631108	0.1664056
3180	-1655.73	-1657.96	2.22796	0.07198478
3190	-1602.29	-1603.89	1.60124	0.1141468
3200	-1592.99	-1594.27	1.28007	0.1317816
3210	-1602.13	-1603.72	1.597	0.1143858
3220	-1589.83	-1590.2	0.368724	0.1804542
3230	-1587.91	-1588.68	0.773107	0.1588419
3240	-1601.42	-1603	1.57848	0.1154255
3250	-1650	-1652.2	2.19826	0.07489816
3260	-1784.79	-1786.75	1.9634	0.03476331
3270	-1706.48	-1708.78	2.30233	0.05262688
3280	-1596.48	-1597.9	1.4258	0.1238711
3290	-1620.34	-1622.27	1.93203	0.09452992
3300	-1608.94	-1610.69	1.74906	0.1056703
3310	-1616.76	-1618.64	1.88168	0.09769544
3320	-1678.39	-1680.68	2.29821	0.06215853
3330	-1635.14	-1637.23	2.09248	0.08357335
3340	-1597.48	-1598.94	1.46052	0.1219672
3350	-1632.09	-1634.16	2.06469	0.08560256
3360	-1635.91	-1638.01	2.09911	0.0830785
3370	-1697.26	-1699.57	2.30975	0.05550056
3380	-1630.21	-1632.26	2.04631	0.08690648
3390	-1670.27	-1672.55	2.28087	0.06541184
3400	-1630.8	-1632.85	2.05218	0.08649329
3410	-1633.66	-1635.74	2.07927	0.08454737
3420	-1587.9	-1588.61	0.713129	0.1620346
3430	-1588.28	-1588.85	0.575301	0.1693842
3440	-1591.06	-1592.23	1.17157	0.1376113
3450	-1632.84	-1634.91	2.0717	0.08509737
3460	-1589.63	-1590.7	1.06372	0.1433744
3470	-1600.98	-1602.54	1.56645	0.1160987
3480	-1639.33	-1641.46	2.12703	0.08093655
3490	-1602.43	-1604.03	1.60466	0.1139541
3500	-1588.79	-1589.76	0.97363	0.1481741
3510	-1600.79	-1602.35	1.56135	0.1163834
3520	-1607.19	-1608.91	1.71405	0.1077093
3530	-1687.55	-1689.86	2.30855	0.0587808
3540	-1629.15	-1631.18	2.03547	0.08766398
3550	-1589.36	-1589.78	0.417813	0.1778163
3560	-1591.75	-1592.97	1.21387	0.1353431
3570	-1598.86	-1600.36	1.50494	0.1195189
3580	-1608.32	-1610.05	1.73681	0.1063864
3590	-1591.37	-1592.56	1.19121	0.1365585
3600	-1634.8	-1636.89	2.08945	0.08379871
3610	-1588.26	-1588.84	0.580317	0.1691163
3620	-1679.46	-1677.33	-2.13449	0.3267882
3630	-1587.89	-1588.62	0.723756	0.1614687
3640	-1590.79	-1591.07	0.283849	0.1850278
3650	-1683.46	-1685.76	2.30508	0.06025456
3660	-1597.94	-1599.42	1.47592	0.1211206
3670	-1651.09	-1653.29	2.20432	0.07432902
3680	-1656.63	-1658.86	2.23214	0.0715461
3690	-1634.86	-1636.95	2.09002	0.08375638
3700	-1699.39	-1701.7	2.30875	0.05481495
3710	-1610.43	-1612.2	1.77708	0.1040205
3720	-1648.97	-1651.16	2.19229	0.0754473
3730	-1639.99	-1642.12	2.13206	0.08053998
3740	-1648.53	-1650.72	2.18972	0.07568013
3750	-1640.57	-1642.71	2.13649	0.08018702
3760	-1624.99	-1626.98	1.98986	0.09076269
3770	-1612.92	-1614.74	1.82085	0.101409
3780	-1688.25	-1690.56	2.30896	0.0585357
3790	-1683.29	-1685.6	2.30491	0.06031504
3800	-1605.43	-1607.1	1.67606	0.1098984
3810	-1708.64	-1710.94	2.29946	0.05198453
3820	-1715.91	-1718.2	2.28674	0.0499035
3830	-1604.64	-1606.3	1.65826	0.110916
3840	-1623.51	-1625.49	1.97236	0.09191991
3850	-1624.52	-1626.51	1.98443	0.09112378
3860	-1639.86	-1641.99	2.13107	0.0806182
3870	-1588.19	-1589.06	0.874254	0.1534614
3880	-1687.02	-1689.33	2.3082	0.0589706
3890	-1686.1	-1688.41	2.30753	0.05929781
3900	-1608.38	-1610.11	1.73798	0.1063178
3910	-1678.93	-1681.23	2.29909	0.0619491
3920	-1606.77	-1608.47	1.7051	0.1082272
3930	-1598.36	-1599.85	1.48942	0.1203761
3940	-1588.24	-1589.12	0.886006	0.1528363
3950	-1589.69	-1590.07	0.382454	0.1797159
3960	-1588.05	-1588.68	0.635122	0.1661915
3970	-1608.03	-1609.76	1.731	0.1067247
3980	-1639.27	-1641.4	2.12654	0.08097507
3990	-1615.36	-1617.22	1.86032	0.09901178
4000	-1587.95	-1588.63	0.673945	0.1641219
4010	-1599.89	-1599.68	-0.218526	0.2125075
4020	-1594.69	-1596.04	1.35652	0.1276456
4030	-1620.02	-1621.95	1.9277	0.09480592
4040	-1599.18	-1600.69	1.51475	0.1189759
4050	-1749.99	-1752.16	2.16973	0.04152642
4060	-1671.88	-1674.17	2.28497	0.06474407
4070	-1646.37	-1648.55	2.17651	0.07685416
4080	-1628.08	-1630.11	2.02432	0.08843334
4090	-1664.55	-1666.81	2.26361	0.06787275
4100	-1709.93	-1712.23	2.29754	0.05160744
4110	-1662.21	-1664.47	2.25527	0.06892366
4120	-1588.44	-1589.36	0.922921	0.1508726
4130	-1615.83	-1615.07	-0.765545	0.2434383
4140	-1593.71	-1593.8	0.0848665	0.1958216
4150	-1591.9	-1593.13	1.22256	0.1348762
4160	-1616.12	-1617.99	1.87203	0.09829206
4170	-1595.1	-1596.48	1.37356	0.1267199
4180	-1590.9	-1592.06	1.16107	0.1381732
4190	-1628.93	-1630.96	2.03322	0.08781956
4200	-1591.89	-1593.11	1.22155	0.1349306
4210	-1634.21	-1636.3	2.08427	0.08418051
4220	-1648.04	-1650.23	2.18681	0.07594275
4230	-1590.94	-1592.11	1.16388	0.138023
4240	-1587.96	-1588.77	0.804276	0.1571836
4250	-1712.42	-1714.72	2.29342	0.05088687
4260	-1609.24	-1610.99	1.75478	0.1053347
4270	-1592.85	-1592.99	0.137343	0.1929645
4280	-1628.89	-1630.93	2.03286	0.08784496
4290	-1590.12	-1590.46	0.341652	0.1819112
4300	-1634.59	-1636.68	2.08763	0.08393274
4310	-1596.44	-1597.87	1.42451	0.1239414
4320	-1595.9	-1597.3	1.40433	0.1250437
4330	-1608.48	-1610.22	1.74011	0.1061939
4340	-1587.91	-1588.68	0.768931	0.1590641
4350	-1598.24	-1599.73	1.48554	0.1205901
4360	-1637.28	-1639.39	2.1106	0.08220828
4370	-1769.02	-1771.09	2.06706	0.03764183
4380	-1799.82	-1801.67	1.84967	0.03226698
4390	-1760.68	-1762.79	2.11518	0.03928568
4400	-1712.48	-1714.77	2.29332	0.05087091
4410	-1832.28	-1833.84	1.5568	0.02757097
4420	-1778.8	-1780.8	2.0047	0.03582339
4430	-1734.54	-1736.77	2.23397	0.04507081
4440	-1673.6	-1675.89	2.28897	0.06404412
4450	-1592.59	-1592.74	0.154057	0.1920561
4460	-1606.89	-1608.6	1.70776	0.1080735
4470	-1620.52	-1622.45	1.93434	0.09438248
4480	-1603.14	-1604.76	1.62253	0.1129455
4490	-1622.64	-1624.6	1.9616	0.0926236
4500	-1641.52	-1643.67	2.1435	0.07962403
4510	-1650.65	-1652.85	2.20189	0.07455875
4520	-1607.9	-1607.39	-0.518438	0.2293196
4530	-1615.05	-1614.3	-0.7426	0.2421166
4540	-1625.67	-1627.67	1.9977	0.0902395
4550	-1602.78	-1604.39	1.61357	0.1134518
4560	-1601.54	-1603.12	1.58165	0.1152477
4570	-1655.3	-1657.53	2.22593	0.07219609
4580	-1588.04	-1588.87	0.834767	0.1555616
4590	-1589.49	-1589.9	0.403265	0.1785975
4600	-1696.12	-1698.43	2.3101	0.05587138
4610	-1668.75	-1671.03	2.27672	0.0660498
4620	-1598	-1599.48	1.47787	0.1210132
4630	-1660.58	-1662.83	2.24898	0.06967355
4640	-1621.3	-1623.25	1.94467	0.09371973
4650	-1657.72	-1659.95	2.237	0.07102257
4660	-1652.65	-1654.86	2.21267	0.07352611
4670	-1832.25	-1833.81	1.55709	0.02757477
4680	-1652.03	-1654.24	2.20942	0.07384114
4690	-1675.83	-1678.13	2.29362	0.06315379
4700	-1590.21	-1590.54	0.333308	0.1823606
4710	-1590.23	-1591.34	1.1129	0.1407491
4720	-1655.02	-1657.24	2.22454	0.07233858
4730	-1648.52	-1650.71	2.18964	0.07568778
4740	-1606.14	-1607.83	1.69163	0.1090038
4750	-1710.88	-1713.18	2.29603	0.05132985
4760	-1608.25	-1609.98	1.73543	0.1064667
4770	-1613.06	-1614.89	1.82329	0.1012623
4780	-1610.87	-1612.65	1.78509	0.1035464
4790	-1618.62	-1620.52	1.90844	0.09602498
4800	-1681.32	-1683.62	2.30254	0.0610469
4810	-1667.09	-1669.36	2.27181	0.06676188
4820	-1684.56	-1686.87	2.3062	0.05985218
4830	-1628.67	-1630.7	2.03048	0.08800908
4840	-1679.11	-1681.41	2.29937	0.06188092
4850	-1588.67	-1589.63	0.958625	0.1489728
4860	-1633.28	-1635.35	2.07577	0.08480189
4870	-1678.94	-1681.24	2.29911	0.06194576
4880	-1625.14	-1627.13	1.99166	0.09064303
4890	-1588.51	-1589.05	0.531308	0.1717354
4900	-1587.89	-1588.62	0.732369	0.1610101
4910	-1822.9	-1824.55	1.64794	0.02884038
4920	-1702.31	-1704.61	2.30668	0.05390042
4930	-1595.37	-1596.75	1.38417	0.1261428
4940	-1615.26	-1617.12	1.85888	0.09909987
4950	-1629.96	-1632	2.04377	0.08708448
4960	-1588.26	-1588.84	0.579344	0.1691682
4970	-1596.7	-1596.63	-0.07404	0.2045238
4980	-1588.01	-1588.83	0.823605	0.1561553
4990	-1591.24	-1592.42	1.18302	0.1369975
5000	-1701.39	-1703.69	2.30742	0.05418699
5010	-1695.03	-1697.34	2.31031	0.05622992
5020	-1694.93	-1697.25	2.31033	0.05626078
5030	-1588.05	-1588.89	0.838177	0.1553803
5040	-1601.84	-1601.54	-0.298058	0.2169332
5050	-1604.71	-1606.37	1.65984	0.1108261
5060	-1609.68	-1611.44	1.76312	0.1048447
5070	-1716.82	-1719.11	2.28483	0.04965154
5080	-1629.02	-1631.05	2.03415	0.08775526
5090	-1736.31	-1738.54	2.22751	0.04464449
5100	-1813.61	-1815.34	1.73303	0.03016528
5110	-1779.47	-1781.47	2.00018	0.03570251
5120	-1786.68	-1788.63	1.9499	0.03443693
5130	-1817.94	-1819.63	1.69404	0.02953941
5140	-1767.71	-1769.79	2.07491	0.03789353
5150	-1724.46	-1726.72	2.26603	0.04760311
5160	-1608.75	-1610.49	1.74529	0.1058906
5170	-1616.53	-1615.75	-0.78579	0.2446063
5180	-1602.61	-1602.28	-0.328058	0.2186085
5190	-1588.2	-1589.08	0.877248	0.1533021
5200	-1702.08	-1704.38	2.30687	0.05397182
5210	-1730.96	-1733.2	2.24628	0.04594904
5220	-1734.62	-1736.85	2.23369	0.0450517
5230	-1778.18	-1780.19	2.00882	0.03593476
5240	-1605.29	-1606.97	1.67312	0.1100667
5250	-1588.33	-1589.24	0.904576	0.1518485
5260	-1622.79	-1624.75	1.96346	0.09250269
5270	-1606.8	-1608.5	1.70576	0.1081892
5280	-1654.54	-1656.76	2.2222	0.07257681
5290	-1587.97	-1588.77	0.806923	0.1570428
5300	-1658.72	-1660.96	2.24135	0.07054368
5310	-1609.85	-1611.62	1.76639	0.1046517
5320	-1639.14	-1641.27	2.12554	0.08105337
5330	-1664.08	-1666.34	2.26201	0.06808035
5340	-1604.04	-1605.68	1.64417	0.1117186
5350	-1594.97	-1596.33	1.36802	0.127021
5360	-1590.12	-1591.23	1.10486	0.1411787
5370	-1590.52	-1590.82	0.30605	0.1838298
5380	-1588.73	-1589.7	0.966189	0.1485702
5390	-1599.16	-1600.67	1.51413	0.1190097
5400	-1661.49	-1663.74	2.25254	0.06925333
5410	-1631.57	-1633.63	2.05972	0.08595789
5420	-1626.85	-1628.86	2.01094	0.08934629
5430	-1656.1	-1658.33	2.2297	0.07180374
5440	-1657.85	-1660.08	2.23757	0.07096105
5450	-1639.28	-1641.41	2.12665	0.08096643
5460	-1660.46	-1662.7	2.24849	0.0697309
5470	-1667.98	-1670.25	2.27448	0.06637956
5480	-1608.73	-1610.48	1.745	0.105908
5490	-1608.61	-1610.36	1.74266	0.1060446
5500	-1631.33	-1633.39	2.05739	0.08612341
5510	-1623.98	-1625.96	1.97799	0.09154969
5520	-1673.05	-1675.34	2.28774	0.06426559
5530	-1685.32	-1687.63	2.30689	0.05957606
5540	-1591.82	-1593.04	1.21789	0.1351271
5550	-1657.54	-1659.78	2.23623	0.07110634
5560	-1602.18	-1603.78	1.59839	0.1143072
5570	-1590.86	-1592.02	1.15809	0.1383331
5580	-1587.9	-1588.62	0.717612	0.1617958
5590	-1596.5	-1596.44	-0.0643753	0.2039923
5600	-1590.55	-1591.68	1.13664	0.1394807
5610	-1644.82	-1646.99	2.16643	0.07772172
5620	-1595.56	-1595.54	-0.0169278	0.2013871
5630	-1589.02	-1590.02	1.00135	0.146698
5640	-1593.34	-1594.64	1.29698	0.1308689
5650	-1602.33	-1603.93	1.60211	0.1140982
5660	-1592.71	-1592.85	0.146355	0.1924746
5670	-1591.97	-1593.2	1.22629	0.1346762
5680	-1594.53	-1595.88	1.34998	0.1280008
5690	-1591.49	-1592.69	1.19839	0.1361739
5700	-1603.51	-1603.15	-0.362338	0.220527
5710	-1760.44	-1762.56	2.11647	0.03933359
5720	-1740.68	-1742.9	2.21055	0.04361498
5730	-1599.94	-1599.72	-0.22059	0.2126221
5740	-1587.99	-1588.81	0.816937	0.1565101
5750	-1631.71	-1633.78	2.06107	0.08586167
5760	-1634.5	-1636.59	2.08682	0.08399286
5770	-1596.31	-1597.73	1.41967	0.124206
5780	-1695.07	-1697.38	2.31031	0.05621579
5790	-1589	-1590	0.999485	0.1467976
5800	-1626.79	-1628.8	2.01029	0.08939091
5810	-1654.79	-1657.02	2.22346	0.07244891
5820	-1636.93	-1639.04	2.1077	0.08242923
5830	-1588.44	-1589.36	0.923055	0.1508655
5840	-1591.76	-1592.97	1.21423	0.1353238
5850	-1603.08	-1604.7	1.62114	0.1130242
5860	-1593.4	-1594.7	1.29975	0.1307195
5870	-1702.83	-1705.14	2.30622	0.05373817
5880	-1672.66	-1674.95	2.28683	0.06442484
5890	-1622.25	-1624.21	1.9568	0.09293594
5900	-1618.81	-1620.72	1.91119	0.09585174
5910	-1587.91	-1588.69	0.775443	0.1587176
5920	-1589.68	-1590.75	1.06767	0.1431638
5930	-1618.12	-1620.02	1.90144	0.09646447
5940	-1590.19	-1591.29	1.10966	0.1409225
5950	-1732.08	-1734.32	2.24252	0.04567074
5960	-1613.16	-1614.98	1.82486	0.1011674
5970	-1598.23	-1599.72	1.48527	0.1206049
5980	-1589.8	-1590.88	1.07868	0.1425762
5990	-1588.45	-1589	0.541654	0.1711821
6000	-1631.24	-1633.3	2.05651	0.0861861
6010	-1598.11	-1599.59	1.48127	0.1208256
6020	-1687.05	-1689.36	2.30822	0.05896002
6030	-1694.17	-1696.48	2.3104	0.05651479
6040	-1588.27	-1589.17	0.89294	0.1524674
6050	-1594.65	-1596	1.35498	0.1277297
6060	-1698.31	-1700.62	2.30931	0.05515999
6070	-1738.21	-1740.43	2.22031	0.04419251
6080	-1620.49	-1622.43	1.93403	0.09440255
6090	-1588.95	-1589.94	0.993419	0.1471206
6100	-1597.84	-1597.71	-0.128126	0.2075041
6110	-1627.11	-1629.13	2.01384	0.0891498
6120	-1706.8	-1709.1	2.30193	0.05253142
6130	-1702.62	-1704.93	2.30641	0.05380329
6140	-1588	-1588.65	0.650639	0.1653641
6150	-1587.89	-1588.62	0.727262	0.161282
6160	-1758.69	-1760.82	2.12591	0.03968961
6170	-1751.95	-1754.11	2.16033	0.0411035
6180	-1602.91	-1604.53	1.61696	0.1132606
6190	-1612.08	-1613.89	1.80656	0.102267
6200	-1617.71	-1619.61	1.89558	0.0968307
6210	-1595.01	-1596.38	1.36968	0.126931
6220	-1589.95	-1591.04	1.09115	0.1419106
6230	-1642.44	-1644.59	2.15007	0.07908821
6240	-1621.6	-1623.55	1.94848	0.0934743
6250	-1588.19	-1589.06	0.874755	0.1534347
6260	-1661.45	-1663.7	2.25239	0.06927163
6270	-1772.17	-1774.22	2.04765	0.03704328
6280	-1666.55	-1668.82	2.27016	0.06699324
6290	-1754.16	-1756.31	2.14939	0.04063229
6300	-1685.13	-1687.44	2.30672	0.05964619
6310	-1647.2	-1649.38	2.18167	0.07640012
6320	-1625.72	-1627.72	1.99826	0.09020156
6330	-1693.85	-1696.16	2.31041	0.05662094
6340	-1684.88	-1687.19	2.30649	0.05973649
6350	-1655.14	-1657.37	2.22516	0.07227495
6360	-1646	-1648.17	2.1741	0.07706317
6370	-1702.79	-1705.09	2.30626	0.0537514
6380	-1659.98	-1662.23	2.24658	0.06995142
6390	-1615.25	-1614.5	-0.748589	0.2424613
6400	-1605.7	-1607.38	1.68212	0.1095505
6410	-1672.76	-1675.05	2.28706	0.06438461
6420	-1700.07	-1702.38	2.30834	0.0546018
6430	-1656.42	-1658.65	2.23116	0.07164989
6440	-1601.36	-1602.94	1.57692	0.1155125
6450	-1605.46	-1607.14	1.67691	0.1098498
6460	-1595.57	-1595.55	-0.0173281	0.2014091
6470	-1655.54	-1657.76	2.22703	0.07208172
6480	-1591.83	-1592.04	0.204938	0.1892956
6490	-1600.36	-1600.12	-0.23811	0.2135952
6500	-1590.53	-1591.66	1.13519	0.139558
6510	-1614.48	-1616.33	1.84653	0.09985433
6520	-1597.71	-1599.18	1.46845	0.1215317
6530	-1610.07	-1609.48	-0.589776	0.2333697
6540	-1603.38	-1605.01	1.62849	0.1126084
6550	-1616.42	-1618.29	1.87651	0.09801514
6560	-1588.14	-1589	0.863583	0.1540289
6570	-1764.09	-1766.18	2.09608	0.03860269
6580	-1639.5	-1641.63	2.1283	0.08083664
6590	-1636.91	-1639.02	2.10757	0.0824389
6600	-1590.42	-1591.55	1.12761	0.1399633
6610	-1635.24	-1637.33	2.0933	0.08351247
6620	-1588.86	-1589.34	0.479151	0.1745269
6630	-1592.63	-1593.89	1.26159	0.1327773
6640	-1684.41	-1686.72	2.30605	0.05990679
6650	-1666.54	-1668.81	2.27013	0.06699748
6660	-1684.24	-1686.55	2.30589	0.05996864
6670	-1652.25	-1654.46	2.21059	0.07372874
6680	-1667.95	-1670.23	2.27442	0.06638905
6690	-1599.92	-1601.46	1.53667	0.1177591
6700	-1615.5	-1617.36	1.86249	0.09887881
6710	-1641.8	-1643.94	2.14548	0.0794627
6720	-1596.37	-1597.8	1.42205	0.124076
6730	-1591.65	-1592.86	1.20805	0.1356555
6740	-1677.56	-1679.85	2.2968	0.06247974
6750	-1721.9	-1724.17	2.27286	0.04827541
6760	-1719.78	-1722.06	2.27812	0.04884395
6770	-1795.04	-1796.93	1.88736	0.03303594
6780	-1650.41	-1652.61	2.20058	0.07468174
6790	-1666.88	-1669.15	2.27117	0.06685256
6800	-1637.1	-1639.21	2.10917	0.0823175
6810	-1612.1	-1613.9	1.80682	0.1022512
6820	-1605.51	-1607.18	1.67784	0.1097961
6830	-1588.49	-1589.03	0.534692	0.1715544
6840	-1596.71	-1596.64	-0.0745567	0.2045522
6850	-1589	-1590	1.00001	0.1467698
6860	-1612.21	-1614.01	1.80873	0.1021371
6870	-1588.78	-1589.75	0.972381	0.1482406
6880	-1733.86	-1736.1	2.23636	0.04523443
6890	-1610.19	-1611.97	1.77278	0.1042749
6900	-1631.02	-1633.07	2.05428	0.08634447
6910	-1672.04	-1674.32	2.28535	0.06467996
6920	-1643.85	-1646.01	2.15994	0.07827004
6930	-1612.63	-1614.44	1.81595	0.101704
6940	-1649.19	-1651.38	2.19359	0.07532876
6950	-1684.62	-1686.93	2.30625	0.05983102
6960	-1626.42	-1628.42	2.00613	0.08967201
6970	-1598.76	-1600.26	1.50197	0.119683
6980	-1619.06	-1620.98	1.91469	0.09563092
6990	-1672.9	-1675.18	2.28738	0.06432893
7000	-1696.02	-1698.33	2.31012	0.05590393
7010	-1663.68	-1665.94	2.26059	0.06826183
7020	-1591.07	-1591.33	0.261098	0.1862566
7030	-1723.06	-1725.33	2.26983	0.04796887
7040	-1751.72	-1753.88	2.16146	0.04115333
7050	-1619.1	-1621.02	1.91521	0.09559811
7060	-1654.99	-1657.22	2.22444	0.07234902
7070	-1673.87	-1676.16	2.28957	0.06393542
7080	-1709.05	-1711.35	2.29886	0.05186389
7090	-1917.04	-1917.55	0.50771	0.01858878
7100	-1804.66	-1806.47	1.81005	0.03150973
7110	-1782.75	-1784.73	1.97772	0.03511982
7120	-1750.48	-1752.65	2.16742	0.04142092
7130	-1704.73	-1707.03	2.30435	0.0531564
7140	-1625.04	-1627.03	1.99048	0.09072152
7150	-1588.83	-1589.81	0.97881	0.1478984
7160	-1598.66	-1600.16	1.49883	0.1198565
7170	-1646.51	-1648.69	2.17739	0.07677684
7180	-1589.2	-1589.64	0.436248	0.1768269
7190	-1609.24	-1608.68	-0.562788	0.2318352
7200	-1602.04	-1601.73	-0.305857	0.2173684
7210	-1588.82	-1589.8	0.978384	0.1479211
7220	-1652.09	-1654.3	2.2097	0.07381436
7230	-1708.42	-1710.72	2.29977	0.0520507
7240	-1914.9	-1915.44	0.538978	0.01877026
7250	-1991.35	-1990.62	-0.730225	0.01332128
7260	-1849.55	-1850.93	1.37564	0.02540004
7270	-1751.2	-1753.37	2.16395	0.041264
7280	-1698.17	-1700.48	2.30937	0.05520632
7290	-1592.43	-1593.68	1.25134	0.1333292
7300	-1612.94	-1614.76	1.82121	0.1013875
7310	-1772.87	-1774.91	2.04326	0.03691241
7320	-1862.46	-1863.69	1.22919	0.02390581
7330	-1639.6	-1641.73	2.12909	0.08077434
7340	-1588.12	-1588.98	0.858065	0.1543224
7350	-1606.97	-1608.68	1.70931	0.1079838
7360	-1631.61	-1633.67	2.06007	0.08593297
7370	-1686.85	-1689.16	2.30808	0.05903038
7380	-1730.09	-1732.34	2.24911	0.04616546
7390	-1686.18	-1688.49	2.30759	0.0592677
7400	-1667.12	-1669.39	2.27192	0.06674723
7410	-1650.09	-1652.29	2.19877	0.07485067
7420	-1696.13	-1698.45	2.31009	0.05586622
7430	-1633.84	-1635.92	2.08089	0.08442847
7440	-1604.94	-1606.6	1.66508	0.1105266
7450	-1783.01	-1784.99	1.9759	0.03507368
7460	-1719.32	-1721.6	2.2792	0.04896653
7470	-1761.26	-1763.37	2.11195	0.03916731
7480	-1788.98	-1790.91	1.93317	0.03404513
7490	-1686	-1688.3	2.30745	0.05933442
7500	-1615.32	-1617.18	1.85979	0.09904453
7510	-1629.79	-1631.83	2.04206	0.08720474
7520	-1691.32	-1693.63	2.31016	0.05747496
7530	-1656.79	-1659.03	2.23287	0.07146819
7540	-1691.18	-1693.49	2.31012	0.05752248
7550	-1598.21	-1599.7	1.48461	0.1206413
7560	-1649.35	-1651.54	2.1945	0.07524459
7570	-1695.76	-1698.07	2.31018	0.0559883
7580	-1745.43	-1747.62	2.19051	0.04253236
7590	-1587.89	-1588.63	0.73923	0.1606449
7600	-1588.86	-1589.84	0.983168	0.1476664
7610	-1589.71	-1590.78	1.07028	0.1430243
7620	-1599.62	-1599.41	-0.206751	0.2118542
7630	-1639.81	-1638.44	-1.36679	0.2789143
7640	-1588.36	-1589.27	0.909848	0.1515681
7650	-1595.49	-1595.48	-0.0134157	0.2011946
7660	-1676.16	-1678.45	2.29426	0.06302432
7670	-1813.52	-1815.26	1.73379	0.03017777
7680	-1601.69	-1603.27	1.58554	0.1150295
7690	-1623.02	-1624.99	1.96638	0.09231183
7700	-1783.01	-1784.98	1.97594	0.03507488
7710	-1645.86	-1648.03	2.1732	0.07714091
7720	-1620.56	-1622.49	1.93487	0.09434883
7730	-1597.4	-1598.85	1.45784	0.1221145
7740	-1603.46	-1605.09	1.63027	0.1125071
7750	-1590.97	-1592.14	1.16562	0.1379299
7760	-1608.62	-1610.36	1.7428	0.1060364
7770	-1652.88	-1655.09	2.21384	0.07341097
7780	-1589.68	-1590.06	0.384068	0.1796291
7790	-1625.33	-1627.32	1.99379	0.09050061
7800	-1588.04	-1588.87	0.834505	0.1555755
7810	-1609.97	-1611.74	1.76855	0.1045244
7820	-1605.7	-1607.38	1.68206	0.1095543
7830	-1598.28	-1599.77	1.48679	0.1205213
7840	-1628.55	-1630.58	2.0293	0.08809109
7850	-1648.43	-1650.62	2.18912	0.07573477
7860	-1736.23	-1738.46	2.2278	0.0446628
7870	-1716.81	-1719.1	2.28484	0.04965357
7880	-1638.64	-1640.76	2.12158	0.08136193
7890	-1598.47	-1599.96	1.49291	0.1201833
7900	-1590.37	-1590.69	0.319011	0.183131
7910	-1611.28	-1613.07	1.79253	0.103104
7920	-1638.11	-1640.22	2.11733	0.08169157
7930	-1608.37	-1610.11	1.73785	0.1063257
7940	-1809.98	-1811.74	1.76488	0.03070256
7950	-1594.91	-1596.27	1.36556	0.1271551
7960	-1588.05	-1588.88	0.837409	0.1554211
7970	-1663.32	-1665.58	2.25933	0.06842141
7980	-1591.83	-1592.04	0.205106	0.1892865
7990	-1592.18	-1593.42	1.23785	0.1340545
8000	-1614.56	-1613.83	-0.728284	0.241293
8010	-1592.89	-1594.16	1.27482	0.1320646
8020	-1652.35	-1654.56	2.2111	0.07367896
8030	-1656.2	-1658.43	2.23013	0.07175809
8040	-1730.39	-1732.64	2.24812	0.0460891
8050	-1668.92	-1671.2	2.27719	0.06597869
8060	-1591.51	-1592.71	1.19969	0.136104
8070	-1592.92	-1594.19	1.27625	0.1319873
8080	-1639.13	-1641.26	2.12548	0.08105794
8090	-1602.39	-1603.99	1.60378	0.114004
8100	-1589.24	-1589.67	0.431486	0.1770824
8110	-1588.37	-1588.93	0.556813	0.1703719
8120	-1648.65	-1650.84	2.19042	0.07561683
8130	-1686.81	-1689.12	2.30805	0.05904495
8140	-1772.22	-1774.27	2.04733	0.03703367
8150	-1643.08	-1645.23	2.15458	0.07871618
8160	-1711.08	-1713.38	2.2957	0.05127245
8170	-1626.57	-1628.58	2.00788	0.08955355
8180	-1590.66	-1591.81	1.14462	0.1390536
8190	-1588.08	-1588.71	0.623872	0.1667916
8200	-1618.94	-1620.85	1.91298	0.09573902
8210	-1628.38	-1630.41	2.02747	0.08821717
8220	-1641.12	-1643.26	2.14054	0.07986276
8230	-1650.32	-1652.52	2.20003	0.07473308
8240	-1672.1	-1674.38	2.28549	0.0646547
8250	-1644.37	-1646.53	2.16345	0.07797499
8260	-1828.15	-1829.75	1.59754	0.02812129
8270	-1658.46	-1660.7	2.24021	0.07067034
8280	-1643.31	-1645.47	2.15621	0.07858171
8290	-1594.35	-1594.4	0.048189	0.1978233
8300	-1588.51	-1589.04	0.53279	0.1716561
8310	-1688.62	-1690.93	2.30916	0.05840584
8320	-1763.03	-1765.13	2.10208	0.03881277
8330	-1588.01	-1588.83	0.823314	0.1561708
8340	-1643.13	-1645.28	2.15493	0.07868751
8350	-1588.09	-1588.94	0.85024	0.1547386
8360	-1589.15	-1589.59	0.44207	0.1765146
8370	-1639.16	-1641.28	2.12564	0.08104507
8380	-1763.97	-1766.07	2.09675	0.03862598
8390	-1685.31	-1687.61	2.30687	0.0595824
8400	-1642.15	-1644.3	2.14805	0.07925388
8410	-1653.8	-1656.01	2.21854	0.0729464
8420	-1593.86	-1593.94	0.0759805	0.1963062
8430	-1667.49	-1669.76	2.27302	0.06659036
8440	-1723.86	-1726.12	2.26768	0.04775954
8450	-1637.32	-1639.43	2.11092	0.08218387
8460	-1687.44	-1689.75	2.30848	0.05882136
8470	-1665.27	-1667.53	2.26603	0.06755497
8480	-1640.26	-1642.4	2.13413	0.0803751
8490	-1646.61	-1648.78	2.17797	0.07672576
8500	-1590.82	-1591.98	1.15558	0.1384672
8510	-1596.56	-1596.5	-0.0674934	0.2041637
8520	-1654.84	-1657.07	2.2237	0.07242466
8530	-1628.1	-1630.13	2.02454	0.08841877
8540	-1612.16	-1613.96	1.80787	0.1021884
8550	-1703.54	-1705.85	2.30556	0.05351848
8560	-1617.56	-1619.45	1.8934	0.0969666
8570	-1624.62	-1626.61	1.98557	0.09104835
8580	-1673.83	-1676.12	2.28947	0.06395242
8590	-1639.76	-1641.89	2.13029	0.08067954
8600	-1630.08	-1632.13	2.04503	0.08699649
8610	-1618.85	-1620.76	1.91175	0.09581624
8620	-1591.73	-1592.95	1.21281	0.1354
8630	-1587.9	-1588.65	0.756484	0.1597265
8640	-1596.32	-1597.74	1.41993	0.1241922
8650	-1593.02	-1594.3	1.28132	0.1317139
8660	-1588.18	-1589.05	0.872611	0.1535488
8670	-1627.52	-1629.54	2.01828	0.08884722
8680	-1629.25	-1631.28	2.03649	0.0875931
8690	-1617.67	-1619.57	1.89499	0.09686729
8700	-1590.36	-1591.49	1.12324	0.1401967
8710	-1662.37	-1664.63	2.25587	0.06885039
8720	-1620.29	-1622.22	1.9313	0.09457656
8730	-1624.15	-1626.13	1.98004	0.09141435
8740	-1591.66	-1592.87	1.2086	0.1356258
8750	-1627.76	-1629.79	2.0209	0.08866802
8760	-1662.98	-1665.24	2.2581	0.06857469
8770	-1654.86	-1657.09	2.2238	0.07241469
8780	-1589.77	-1590.15	0.374553	0.1801407
8790	-1598.23	-1599.71	1.48518	0.1206098
8800	-1723.18	-1725.45	2.2695	0.04793687
8810	-1641.17	-1643.31	2.14089	0.07983417
8820	-1590.48	-1590.79	0.309689	0.1836336
8830	-1615.42	-1617.28	1.86127	0.09895392
8840	-1712.69	-1714.99	2.29294	0.05081034
8850	-1616.4	-1618.27	1.87619	0.09803541
8860	-1720.04	-1722.31	2.2775	0.04877399
8870	-1663.18	-1665.44	2.25883	0.06848432
8880	-1665.83	-1668.1	2.26788	0.06730619
8890	-1713.11	-1715.41	2.29218	0.05069011
8900	-1803.99	-1805.81	1.81564	0.03161367
8910	-1617.72	-1619.62	1.89574	0.09682083
8920	-1612.64	-1614.46	1.81622	0.1016874
8930	-1633.14	-1635.21	2.07448	0.08489605
8940	-1689.24	-1691.55	2.30945	0.05819054
8950	-1844.93	-1846.36	1.42581	0.02596116
8960	-1716.15	-1718.44	2.28624	0.0498361
8970	-1837.68	-1839.18	1.50207	0.02687074
8980	-1613.01	-1614.83	1.82243	0.1013141
8990	-1674.12	-1676.41	2.2901	0.06383606
9000	-1629.67	-1631.71	2.0408	0.0872922
9010	-1705.15	-1707.45	2.30389	0.05302791
9020	-1602.75	-1604.36	1.61277	0.1134969
9030	-1594.36	-1594.41	0.0476537	0.1978525
9040	-1605.07	-1606.74	1.66809	0.1103547
9050	-1588.84	-1589.83	0.98103	0.1477802
9060	-1592.63	-1593.89	1.26153	0.1327804
9070	-1589.89	-1590.98	1.08599	0.142186
9080	-1611.09	-1612.88	1.78911	0.1033076
9090	-1669.48	-1671.76	2.27875	0.06574206
9100	-1588.54	-1589.07	0.52667	0.1719834
9110	-1687.43	-1689.74	2.30847	0.05882411
9120	-1648.6	-1650.79	2.19013	0.07564357
9130	-1589.73	-1590.8	1.0722	0.1429222
9140	-1588.02	-1588.85	0.828593	0.15589
9150	-1614.11	-1615.95	1.84057	0.1002167
9160	-1595.58	-1596.97	1.39228	0.1257012
9170	-1618.91	-1620.82	1.91253	0.09576709
9180	-1627.98	-1630.01	2.02324	0.08850787
9190	-1699.18	-1701.48	2.30887	0.05488469
9200	-1588.2	-1588.8	0.592133	0.1684854
9210	-1594.13	-1594.19	0.0603707	0.197158
9220	-1588.98	-1589.97	0.996755	0.146943
9230	-1600.29	-1600.06	-0.235263	0.213437
9240	-1639.01	-1641.14	2.12452	0.08113246
9250	-1601.6	-1603.18	1.58313	0.1151646
9260	-1716.36	-1718.64	2.28581	0.04977955
9270	-1592.53	-1593.79	1.25676	0.1330371
9280	-1756.94	-1759.08	2.13516	0.04005082
9290	-1608.21	-1609.95	1.7347	0.1065093
9300	-1587.91	-1588.68	0.769207	0.1590494
9310	-1694.84	-1697.15	2.31034	0.05629102
9320	-1622.55	-1624.51	1.96045	0.09269856
9330	-1622.41	-1624.37	1.95877	0.09280759
9340	-1595.46	-1596.84	1.38757	0.1259574
9350	-1616.46	-1618.33	1.87713	0.09797735
9360	-1644.37	-1646.53	2.16341	0.07797845
9370	-1626.43	-1628.44	2.00631	0.08965983
9380	-1687.65	-1689.96	2.30861	0.05874683
9390	-1659.22	-1661.46	2.24344	0.07030928
9400	-1600.05	-1601.59	1.54033	0.1175554
9410	-1597.25	-1598.71	1.45294	0.1223837
9420	-1636.14	-1638.24	2.10107	0.08293085
9430	-1636.51	-1638.61	2.10421	0.08269408
9440	-1588.2	-1588.79	0.592992	0.1684395
9450	-1613.13	-1614.96	1.82444	0.1011927
9460	-1592.99	-1593.12	0.128292	0.1934567
9470	-1620.97	-1622.91	1.94029	0.09400129
9480	-1704.77	-1707.08	2.30431	0.05314297
9490	-1677.19	-1679.48	2.29616	0.06262241
9500	-1755.38	-1757.52	2.14322	0.04037614
9510	-1626.89	-1628.9	2.01137	0.08931724
9520	-1634.2	-1636.28	2.08411	0.08419204
9530	-1605.26	-1606.93	1.67232	0.1101123
9540	-1611.95	-1613.76	1.80436	0.1023981
9550	-1615.35	-1617.21	1.86024	0.09901656
9560	-1588.87	-1589.86	0.984698	0.147585
9570	-1656.74	-1658.98	2.23264	0.07149229
9580	-1782.36	-1784.34	1.98046	0.03518934
9590	-1704.85	-1707.15	2.30423	0.05312016
9600	-1609.77	-1611.54	1.76487	0.1047412
9610	-1691.36	-1693.67	2.31016	0.057461
9620	-1676.89	-1679.18	2.29561	0.06274012
9630	-1630.3	-1632.35	2.04724	0.0868413
9640	-1612.65	-1614.47	1.81638	0.1016776
9650	-1633.99	-1636.07	2.08227	0.08432711
9660	-1723.87	-1726.14	2.26764	0.04775627
9670	-1695.96	-1698.28	2.31013	0.05592187
9680	-1671.06	-1673.35	2.28293	0.06508095
9690	-1683.23	-1685.54	2.30484	0.0603375
9700	-1606.63	-1608.34	1.7023	0.1083891
9710	-1629.95	-1631.99	2.04366	0.08709228
9720	-1652.57	-1654.79	2.21227	0.07356507
9730	-1648.24	-1650.43	2.18801	0.07583452
9740	-1592.34	-1593.59	1.24651	0.1335887
9750	-1683.87	-1686.18	2.30552	0.06010303
9760	-1655.43	-1657.66	2.22655	0.07213156
9770	-1615	-1616.86	1.85479	0.09935012
9780	-1725.63	-1727.89	2.26271	0.0472984
9790	-1634.88	-1636.97	2.09017	0.08374509
9800	-1664.14	-1666.41	2.26223	0.06805248
9810	-1639.06	-1641.19	2.1249	0.08110312
9820	-1603.71	-1605.35	1.63642	0.1121588
9830	-1669.62	-1671.9	2.27914	0.06568245
9840	-1670.51	-1672.79	2.28151	0.06531128
9850	-1604.11	-1605.76	1.64603	0.1116127
9860	-1635.39	-1637.49	2.09467	0.08341039
9870	-1632.55	-1634.62	2.069	0.08529247
9880	-1637.85	-1639.97	2.11528	0.08184935
9890	-1669.68	-1671.96	2.2793	0.06565775
9900	-1757.98	-1760.11	2.12968	0.03983526
9910	-1712.6	-1714.89	2.29311	0.05083779
9920	-1611.09	-1612.88	1.78907	0.1033095
9930	-1623.06	-1625.03	1.96683	0.09228223
9940	-1604.89	-1606.55	1.66398	0.1105892
9950	-1631.96	-1634.02	2.0634	0.08569479
9960	-1614.96	-1616.81	1.85405	0.09939575
9970	-1591.72	-1591.93	0.212967	0.1888607
9980	-1639.27	-1641.39	2.12652	0.0809763
9990	-1637.17	-1639.28	2.10968	0.08227875
10000	-1716.91	-1719.19	2.28464	0.04962751
