Iteration	Posterior	Likelihood	Prior	birth_rate
0	-1588.04	-1588.87	0.833845	0.1556107
10	-1587.98	-1588.64	0.662431	0.1647355
20	-1587.97	-1588.78	0.809954	0.1568815
30	-1588	-1588.82	0.819564	0.1563703
40	-1588.52	-1589.05	0.529622	0.1718255
50	-1588.06	-1588.69	0.632147	0.1663502
60	-1590.16	-1591.27	1.10753	0.1410362
70	-1588.86	-1589.34	0.479443	0.1745113
80	-1588.35	-1588.91	0.560991	0.1701486
90	-1587.97	-1588.63	0.666418	0.164523
100	-1587.97	-1588.63	0.666172	0.1645361
110	-1588.91	-1589.9	0.989199	0.1473453
120	-1591.65	-1591.87	0.217815	0.1885981
130	-1588.68	-1589.19	0.504598	0.1731644
140	-1587.89	-1588.63	0.734019	0.1609223
150	-1587.93	-1588.72	0.788067	0.1580459
160	-1588.13	-1588.74	0.611264	0.1674642
170	-1588.02	-1588.85	0.829402	0.155847
180	-1588.1	-1588.95	0.853301	0.1545758
190	-1588.64	-1589.59	0.953856	0.1492266
200	-1588.02	-1588.67	0.644546	0.165689
210	-1587.96	-1588.63	0.670913	0.1642834
220	-1588.25	-1589.13	0.887394	0.1527625
230	-1587.92	-1588.7	0.779307	0.158512
240	-1587.89	-1588.65	0.751019	0.1600174
250	-1587.93	-1588.71	0.783959	0.1582645
260	-1588.26	-1588.84	0.578455	0.1692158
270	-1588.05	-1588.89	0.837933	0.1553932
280	-1592.15	-1593.39	1.23635	0.1341356
290	-1588.72	-1589.68	0.964407	0.1486651
300	-1587.89	-1588.64	0.747799	0.1601888
310	-1588.36	-1589.27	0.909332	0.1515955
320	-1587.92	-1588.61	0.696649	0.1629123
330	-1589.48	-1590.53	1.04928	0.1441443
340	-1587.95	-1588.63	0.67274	0.1641861
350	-1588.01	-1588.66	0.647187	0.1655481
360	-1588.18	-1588.78	0.597768	0.1681845
370	-1588.17	-1588.77	0.599773	0.1680775
380	-1588.3	-1589.19	0.897661	0.1522163
390	-1588.28	-1589.18	0.894579	0.1523803
400	-1588.06	-1588.91	0.84228	0.155162
410	-1587.95	-1588.75	0.798743	0.1574779
420	-1588.34	-1589.24	0.90535	0.1518073
430	-1590.69	-1591.84	1.1467	0.1389425
440	-1588.05	-1588.68	0.635904	0.1661498
450	-1588.5	-1589.43	0.933138	0.150329
460	-1588.01	-1588.66	0.648892	0.1654573
470	-1588.53	-1589.05	0.52933	0.1718411
480	-1587.97	-1588.77	0.807026	0.1570373
490	-1587.92	-1588.61	0.695997	0.162947
500	-1587.89	-1588.63	0.735891	0.1608226
510	-1588.14	-1588.75	0.608204	0.1676275
520	-1588.37	-1588.93	0.556612	0.1703826
530	-1588.13	-1588.74	0.609478	0.1675595
540	-1587.9	-1588.66	0.762779	0.1593915
550	-1587.9	-1588.65	0.753463	0.1598873
560	-1587.98	-1588.8	0.81464	0.1566322
570	-1588.42	-1589.35	0.920885	0.1509809
580	-1587.93	-1588.62	0.690367	0.1632469
590	-1588.25	-1589.13	0.88743	0.1527606
600	-1588.03	-1588.67	0.642357	0.1658057
610	-1588.67	-1589.17	0.506749	0.1730492
620	-1588.59	-1589.11	0.518689	0.1724103
630	-1587.91	-1588.61	0.704234	0.1625083
640	-1590.5	-1590.81	0.307327	0.1837609
650	-1588.09	-1588.95	0.851441	0.1546747
660	-1587.92	-1588.7	0.78169	0.1583852
670	-1588.16	-1588.76	0.604092	0.167847
680	-1588.38	-1589.3	0.913864	0.1513544
690	-1587.89	-1588.65	0.750978	0.1600196
700	-1588.01	-1588.66	0.650086	0.1653936
710	-1587.9	-1588.62	0.719718	0.1616837
720	-1587.92	-1588.61	0.697399	0.1628723
730	-1588.75	-1589.25	0.494033	0.17373
740	-1589.01	-1589.47	0.459848	0.1755613
750	-1587.91	-1588.61	0.706503	0.1623874
760	-1588.24	-1588.82	0.583973	0.1689211
770	-1588.18	-1589.05	0.87225	0.1535679
780	-1588.42	-1588.97	0.547668	0.1708606
790	-1588.36	-1589.27	0.909423	0.1515907
800	-1587.9	-1588.61	0.709936	0.1622046
810	-1588.17	-1589.04	0.870102	0.1536822
820	-1587.89	-1588.63	0.740543	0.160575
830	-1589.84	-1590.21	0.367819	0.1805029
840	-1588.27	-1588.85	0.577178	0.1692839
850	-1588.09	-1588.94	0.850145	0.1547437
860	-1587.93	-1588.62	0.688382	0.1633527
870	-1587.89	-1588.63	0.734129	0.1609164
880	-1588.24	-1588.83	0.582998	0.1689731
890	-1588.49	-1589.03	0.535223	0.171526
900	-1587.89	-1588.62	0.726365	0.1613298
910	-1589.62	-1590.69	1.06268	0.14343
920	-1588.63	-1589.14	0.51286	0.1727222
930	-1587.89	-1588.65	0.751052	0.1600156
940	-1588.62	-1589.57	0.950616	0.149399
950	-1588.51	-1589.45	0.935091	0.1502251
960	-1587.92	-1588.7	0.779007	0.1585279
970	-1588.37	-1589.28	0.910736	0.1515208
980	-1587.91	-1588.67	0.767039	0.1591648
990	-1588.19	-1589.07	0.875585	0.1533906
1000	-1588.75	-1589.72	0.968697	0.1484367
1010	-1587.91	-1588.61	0.702902	0.1625792
1020	-1587.94	-1588.73	0.791029	0.1578883
1030	-1587.98	-1588.8	0.814754	0.1566262
1040	-1588.13	-1588.74	0.611238	0.1674657
1050	-1587.95	-1588.63	0.672675	0.1641896
1060	-1587.92	-1588.61	0.697803	0.1628508
1070	-1587.96	-1588.63	0.66933	0.1643678
1080	-1587.89	-1588.65	0.751701	0.1599811
1090	-1589.31	-1589.73	0.423298	0.1775218
1100	-1588.17	-1589.05	0.871507	0.1536075
1110	-1588.11	-1588.97	0.856049	0.1544296
1120	-1587.91	-1588.69	0.775063	0.1587378
1130	-1587.95	-1588.75	0.799704	0.1574268
1140	-1587.91	-1588.68	0.771251	0.1589407
1150	-1588.02	-1588.67	0.643835	0.1657269
1160	-1588.18	-1588.78	0.597768	0.1681845
1170	-1587.96	-1588.63	0.667831	0.1644477
1180	-1588.65	-1589.16	0.510131	0.1728682
1190	-1588.23	-1588.82	0.585379	0.168846
1200	-1588.07	-1588.91	0.844393	0.1550496
1210	-1587.94	-1588.73	0.792213	0.1578253
1220	-1587.91	-1588.68	0.772392	0.1588799
1230	-1588.72	-1589.22	0.499104	0.1734585
1240	-1588.92	-1589.91	0.990196	0.1472922
1250	-1588.48	-1589.42	0.930712	0.1504581
1260	-1588.09	-1588.94	0.849751	0.1547647
1270	-1588.04	-1588.87	0.83494	0.1555524
1280	-1588.09	-1588.93	0.848755	0.1548176
1290	-1588.52	-1589.05	0.530207	0.1717942
1300	-1589.41	-1589.82	0.412288	0.1781129
1310	-1589.97	-1591.06	1.09228	0.1418502
1320	-1589.2	-1590.22	1.02113	0.1456449
1330	-1587.95	-1588.74	0.796644	0.1575896
1340	-1589.25	-1590.28	1.02709	0.145327
1350	-1588.36	-1588.92	0.55967	0.1702192
1360	-1587.93	-1588.72	0.789477	0.1579709
1370	-1588.67	-1589.17	0.50682	0.1730454
1380	-1588.13	-1588.74	0.610133	0.1675246
1390	-1589.5	-1590.55	1.05113	0.144046
1400	-1588.22	-1589.1	0.882435	0.1530262
1410	-1589.32	-1589.74	0.422011	0.1775909
1420	-1588.94	-1589.41	0.468791	0.175082
1430	-1588.67	-1589.63	0.958623	0.1489729
1440	-1588.18	-1588.77	0.59889	0.1681246
1450	-1588.07	-1588.7	0.626933	0.1666283
1460	-1587.98	-1588.64	0.659792	0.1648762
1470	-1588.26	-1589.15	0.890004	0.1526236
1480	-1592.04	-1593.27	1.23042	0.1344542
1490	-1588.72	-1589.68	0.964856	0.1486412
1500	-1587.98	-1588.64	0.661396	0.1647907
1510	-1588.46	-1589	0.540634	0.1712367
1520	-1587.91	-1588.61	0.70158	0.1626496
1530	-1587.89	-1588.62	0.723422	0.1614865
1540	-1587.91	-1588.69	0.774571	0.158764
1550	-1587.9	-1588.65	0.756514	0.1597249
1560	-1588.64	-1589.15	0.510503	0.1728483
1570	-1588.71	-1589.67	0.963444	0.1487163
1580	-1588.42	-1588.97	0.547371	0.1708765
1590	-1590.5	-1590.81	0.307537	0.1837496
1600	-1591.08	-1591.34	0.260648	0.186281
1610	-1587.94	-1588.62	0.680769	0.1637583
1620	-1588.21	-1589.09	0.879337	0.153191
1630	-1588.17	-1589.04	0.871156	0.1536262
1640	-1588.59	-1589.11	0.518873	0.1724005
1650	-1588.6	-1589.55	0.948364	0.1495189
1660	-1587.93	-1588.71	0.784036	0.1582604
1670	-1588.91	-1589.39	0.471995	0.1749103
1680	-1588.14	-1588.75	0.607546	0.1676627
1690	-1587.9	-1588.65	0.755377	0.1597854
1700	-1587.97	-1588.78	0.80821	0.1569743
1710	-1588.77	-1589.26	0.492096	0.1738336
1720	-1588.59	-1589.11	0.518569	0.1724167
1730	-1587.89	-1588.64	0.744115	0.1603849
1740	-1587.89	-1588.64	0.749558	0.1600952
1750	-1588	-1588.65	0.652344	0.1652732
1760	-1587.9	-1588.62	0.719061	0.1617187
1770	-1587.89	-1588.64	0.747217	0.1602197
1780	-1587.95	-1588.63	0.67454	0.1640901
1790	-1588.24	-1588.82	0.583755	0.1689327
1800	-1588.19	-1588.79	0.594996	0.1683325
1810	-1588.05	-1588.69	0.633659	0.1662696
1820	-1590.22	-1591.34	1.11268	0.1407611
1830	-1590.88	-1591.16	0.276343	0.185433
1840	-1587.89	-1588.63	0.74021	0.1605927
1850	-1587.93	-1588.62	0.686211	0.1634683
1860	-1588.14	-1588.74	0.609366	0.1675655
1870	-1591.35	-1592.54	1.18971	0.1366394
1880	-1588.14	-1588.75	0.608035	0.1676366
1890	-1587.93	-1588.62	0.689269	0.1633054
1900	-1588.23	-1589.11	0.88417	0.1529339
1910	-1588.18	-1589.05	0.87245	0.1535573
1920	-1587.94	-1588.73	0.791661	0.1578547
1930	-1589.11	-1589.56	0.44699	0.1762507
1940	-1588.59	-1589.54	0.947051	0.1495887
1950	-1588.28	-1588.86	0.574963	0.1694022
1960	-1589.69	-1590.07	0.382536	0.1797115
1970	-1588.5	-1589.03	0.534203	0.1715806
1980	-1587.9	-1588.66	0.759545	0.1595636
1990	-1587.89	-1588.64	0.748454	0.1601539
2000	-1587.92	-1588.61	0.692403	0.1631385
2010	-1590.36	-1591.49	1.12327	0.140195
2020	-1589.08	-1589.53	0.450778	0.1760476
2030	-1591.75	-1592.96	1.21358	0.1353585
2040	-1588.79	-1589.77	0.974304	0.1481383
2050	-1588.54	-1589.48	0.939558	0.1499874
2060	-1589.07	-1589.52	0.452275	0.1759673
2070	-1587.89	-1588.62	0.729947	0.1611391
2080	-1589.15	-1589.59	0.442349	0.1764996
2090	-1589.71	-1590.09	0.380685	0.179811
2100	-1588.01	-1588.83	0.824469	0.1561094
2110	-1587.98	-1588.64	0.661803	0.164769
2120	-1588.01	-1588.84	0.826371	0.1560082
2130	-1588.48	-1589.02	0.536414	0.1714623
2140	-1588.22	-1588.81	0.588907	0.1686576
2150	-1587.9	-1588.65	0.752299	0.1599492
2160	-1588.14	-1588.75	0.60694	0.167695
2170	-1587.91	-1588.61	0.704091	0.1625159
2180	-1588.07	-1588.7	0.626737	0.1666387
2190	-1589.14	-1589.58	0.443406	0.1764429
2200	-1589.02	-1590.02	1.00184	0.1466723
2210	-1587.98	-1588.79	0.811585	0.1567948
2220	-1587.89	-1588.63	0.735855	0.1608246
2230	-1588.85	-1589.33	0.480774	0.17444
2240	-1588.87	-1589.34	0.478367	0.1745689
2250	-1588.23	-1588.81	0.586779	0.1687712
2260	-1588.13	-1588.74	0.610194	0.1675214
2270	-1589.16	-1590.18	1.01718	0.145855
2280	-1590.68	-1591.83	1.14618	0.1389703
2290	-1588.41	-1588.96	0.549906	0.170741
2300	-1587.92	-1588.61	0.695758	0.1629597
2310	-1588.11	-1588.73	0.616439	0.1671881
2320	-1589.66	-1590.05	0.385366	0.1795593
2330	-1588.41	-1588.96	0.548778	0.1708013
2340	-1587.93	-1588.72	0.789105	0.1579907
2350	-1587.89	-1588.63	0.734042	0.1609211
2360	-1587.91	-1588.69	0.775694	0.1587042
2370	-1588.4	-1588.95	0.551034	0.1706808
2380	-1589.06	-1589.51	0.452855	0.1759362
2390	-1588.29	-1588.87	0.572353	0.1695416
2400	-1587.98	-1588.64	0.659719	0.1648801
2410	-1588.03	-1588.87	0.833262	0.1556417
2420	-1588.03	-1588.86	0.831515	0.1557346
2430	-1588.75	-1589.72	0.968552	0.1484445
2440	-1587.96	-1588.63	0.670632	0.1642984
2450	-1587.96	-1588.63	0.669626	0.164352
2460	-1587.91	-1588.61	0.700769	0.1626928
2470	-1588.94	-1589.93	0.992681	0.1471599
2480	-1587.96	-1588.63	0.671301	0.1642628
2490	-1589.21	-1590.23	1.02283	0.1455543
2500	-1588.93	-1589.92	0.991201	0.1472387
2510	-1588.01	-1588.66	0.647867	0.1655119
2520	-1588.56	-1589.08	0.523771	0.1721384
2530	-1587.89	-1588.62	0.725533	0.1613741
2540	-1588.83	-1589.31	0.483397	0.1742995
2550	-1587.89	-1588.64	0.745482	0.1603121
2560	-1588.73	-1589.23	0.496843	0.1735795
2570	-1587.93	-1588.62	0.688208	0.1633619
2580	-1588.56	-1589.08	0.523602	0.1721475
2590	-1587.94	-1588.73	0.792225	0.1578247
2600	-1587.97	-1588.78	0.808414	0.1569634
2610	-1590.55	-1590.86	0.303192	0.183984
2620	-1587.96	-1588.63	0.668007	0.1644383
2630	-1588.37	-1588.93	0.556412	0.1703933
2640	-1588.05	-1588.69	0.632745	0.1663183
2650	-1588.16	-1589.03	0.868233	0.1537816
2660	-1587.94	-1588.73	0.793475	0.1577582
2670	-1588.66	-1589.62	0.957112	0.1490533
2680	-1589.17	-1590.19	1.01883	0.1457672
2690	-1588.6	-1589.55	0.948199	0.1495277
2700	-1589.18	-1589.62	0.438544	0.1767037
2710	-1587.92	-1588.7	0.781004	0.1584217
2720	-1591.48	-1591.71	0.230243	0.1879253
2730	-1588.29	-1589.19	0.89675	0.1522648
2740	-1588.04	-1588.68	0.638518	0.1660104
2750	-1587.96	-1588.63	0.668129	0.1644318
2760	-1588.16	-1588.76	0.602222	0.1679468
2770	-1589	-1590	0.999262	0.1468095
2780	-1587.92	-1588.69	0.776773	0.1586468
2790	-1587.9	-1588.61	0.70931	0.1622379
2800	-1588.69	-1589.19	0.503506	0.1732228
2810	-1591.29	-1591.53	0.244768	0.1871395
2820	-1588.37	-1588.93	0.556401	0.1703939
2830	-1588.25	-1588.83	0.581045	0.1690774
2840	-1587.91	-1588.61	0.701887	0.1626333
2850	-1588.63	-1589.58	0.952576	0.1492947
2860	-1587.91	-1588.61	0.706189	0.1624041
2870	-1589.1	-1590.11	1.01074	0.1461984
2880	-1587.95	-1588.63	0.673374	0.1641523
2890	-1587.91	-1588.69	0.773855	0.1588021
2900	-1587.95	-1588.75	0.798465	0.1574927
2910	-1587.95	-1588.75	0.798905	0.1574693
2920	-1588.83	-1589.31	0.483443	0.174297
2930	-1588.06	-1588.9	0.840663	0.155248
2940	-1588.31	-1588.88	0.568509	0.169747
2950	-1587.93	-1588.72	0.787276	0.158088
2960	-1589.27	-1589.7	0.42804	0.1772673
2970	-1588.21	-1589.09	0.880008	0.1531553
2980	-1587.98	-1588.64	0.662443	0.1647349
2990	-1587.9	-1588.61	0.710236	0.1621886
3000	-1589.1	-1590.11	1.01061	0.1462053
3010	-1587.95	-1588.63	0.672694	0.1641885
3020	-1588.46	-1589.39	0.927512	0.1506284
3030	-1588.08	-1588.93	0.848229	0.1548456
3040	-1588.8	-1589.78	0.975658	0.1480662
3050	-1588.43	-1589.36	0.922267	0.1509074
3060	-1589.79	-1590.16	0.373061	0.1802209
3070	-1587.94	-1588.62	0.680511	0.163772
3080	-1587.99	-1588.65	0.657196	0.1650146
3090	-1588.17	-1589.04	0.869673	0.153705
3100	-1587.91	-1588.68	0.769568	0.1590302
3110	-1590.41	-1591.54	1.12695	0.1399985
3120	-1587.91	-1588.67	0.767708	0.1591292
3130	-1587.9	-1588.67	0.764372	0.1593067
3140	-1588.8	-1589.78	0.975749	0.1480613
3150	-1588.36	-1589.27	0.909482	0.1515875
3160	-1587.94	-1588.62	0.681673	0.1637101
3170	-1591.17	-1592.35	1.17845	0.1372424
3180	-1591.23	-1592.41	1.18204	0.1370503
3190	-1587.94	-1588.62	0.68157	0.1637156
3200	-1588.24	-1588.82	0.583816	0.1689294
3210	-1587.96	-1588.77	0.805191	0.1571349
3220	-1588.16	-1589.02	0.86736	0.153828
3230	-1587.94	-1588.62	0.683603	0.1636072
3240	-1588.57	-1589.51	0.943295	0.1497886
3250	-1589.43	-1589.84	0.410266	0.1782215
3260	-1588	-1588.65	0.650669	0.1653625
3270	-1588.57	-1589.52	0.94433	0.1497335
3280	-1588.25	-1588.83	0.581636	0.1690458
3290	-1587.92	-1588.61	0.69236	0.1631407
3300	-1587.89	-1588.63	0.735468	0.1608451
3310	-1588.57	-1589.51	0.943755	0.1497641
3320	-1588.5	-1589.04	0.533352	0.1716261
3330	-1587.96	-1588.63	0.668147	0.1644309
3340	-1588.44	-1589.37	0.923941	0.1508184
3350	-1587.93	-1588.62	0.686609	0.1634471
3360	-1588.65	-1589.61	0.955762	0.1491252
3370	-1588.01	-1588.83	0.824442	0.1561108
3380	-1587.98	-1588.79	0.811794	0.1567836
3390	-1588.7	-1589.67	0.962707	0.1487556
3400	-1588.89	-1589.36	0.475646	0.1747147
3410	-1588.04	-1588.88	0.836513	0.1554688
3420	-1588	-1588.83	0.822582	0.1562098
3430	-1587.93	-1588.72	0.787778	0.1580613
3440	-1588	-1588.82	0.821245	0.1562809
3450	-1588.61	-1589.12	0.515809	0.1725644
3460	-1588.2	-1589.08	0.87759	0.1532839
3470	-1592.16	-1593.4	1.2369	0.1341057
3480	-1588.61	-1589.56	0.950285	0.1494166
3490	-1588.44	-1589.37	0.923962	0.1508172
3500	-1588.37	-1589.28	0.911713	0.1514689
3510	-1589.48	-1590.53	1.04975	0.1441192
3520	-1588.32	-1589.22	0.901509	0.1520117
3530	-1589.19	-1590.21	1.02037	0.145685
3540	-1588.21	-1589.08	0.878834	0.1532178
3550	-1589.21	-1589.65	0.434545	0.1769183
3560	-1588.04	-1588.88	0.836617	0.1554632
3570	-1588.25	-1589.14	0.889025	0.1526757
3580	-1588.81	-1589.3	0.48602	0.174159
3590	-1588.01	-1588.66	0.648333	0.1654871
3600	-1588.04	-1588.68	0.638299	0.1660221
3610	-1588.83	-1589.81	0.97899	0.1478888
3620	-1589.07	-1590.08	1.00732	0.1463804
3630	-1588.05	-1588.69	0.633941	0.1662545
3640	-1588	-1588.65	0.650729	0.1653593
3650	-1588.7	-1589.2	0.502225	0.1732914
3660	-1589.19	-1590.21	1.0209	0.1456569
3670	-1588.5	-1589.03	0.534183	0.1715816
3680	-1588.11	-1588.97	0.856006	0.1544319
3690	-1587.89	-1588.64	0.746634	0.1602508
3700	-1587.92	-1588.69	0.777447	0.158611
3710	-1590.6	-1590.9	0.299268	0.1841956
3720	-1589.82	-1590.9	1.08018	0.1424963
3730	-1588.07	-1588.7	0.626837	0.1666334
3740	-1588.21	-1588.8	0.591468	0.1685209
3750	-1588.72	-1589.68	0.964529	0.1486586
3760	-1588.43	-1588.98	0.545208	0.1709921
3770	-1588.51	-1589.45	0.935333	0.1502122
3780	-1588.25	-1589.13	0.887442	0.1527599
3790	-1587.98	-1588.79	0.813337	0.1567015
3800	-1588.49	-1589.03	0.535056	0.1715349
3810	-1589.33	-1590.37	1.03531	0.144889
3820	-1588.21	-1589.09	0.879245	0.1531959
3830	-1589.78	-1590.86	1.07658	0.1426884
3840	-1587.9	-1588.62	0.717113	0.1618224
3850	-1588.59	-1589.11	0.518601	0.172415
3860	-1588.35	-1589.26	0.907467	0.1516947
3870	-1587.93	-1588.62	0.685635	0.163499
3880	-1588.67	-1589.63	0.958246	0.148993
3890	-1589.03	-1590.04	1.0033	0.1465942
3900	-1588.53	-1589.06	0.528147	0.1719044
3910	-1588.11	-1588.97	0.855709	0.1544477
3920	-1588.01	-1588.66	0.649601	0.1654195
3930	-1589.53	-1589.93	0.399107	0.1788209
3940	-1587.93	-1588.62	0.684224	0.1635742
3950	-1587.89	-1588.62	0.726164	0.1613405
3960	-1588.06	-1588.69	0.631943	0.1663611
3970	-1587.93	-1588.62	0.689572	0.1632893
3980	-1589.08	-1590.09	1.00829	0.1463285
3990	-1589.68	-1590.75	1.06774	0.14316
4000	-1588.28	-1589.18	0.894622	0.152378
4010	-1590.25	-1591.36	1.11467	0.140655
4020	-1592.35	-1592.52	0.16954	0.1912154
4030	-1588.34	-1588.9	0.562686	0.1700581
4040	-1588.27	-1588.84	0.57809	0.1692352
4050	-1589.56	-1590.62	1.05739	0.143712
4060	-1587.97	-1588.64	0.664488	0.1646259
4070	-1589.03	-1589.48	0.457476	0.1756885
4080	-1588.2	-1588.79	0.592534	0.1684639
4090	-1588.87	-1589.35	0.478044	0.1745863
4100	-1587.93	-1588.62	0.688899	0.1633251
4110	-1588.77	-1589.75	0.972071	0.1482571
4120	-1587.9	-1588.61	0.714936	0.1619384
4130	-1588.34	-1588.91	0.562385	0.1700741
4140	-1588.44	-1589.37	0.923719	0.1508302
4150	-1587.89	-1588.63	0.742342	0.1604792
4160	-1587.89	-1588.62	0.727875	0.1612494
4170	-1587.93	-1588.62	0.687239	0.1634135
4180	-1587.96	-1588.76	0.801899	0.15731
4190	-1588.53	-1589.06	0.527797	0.1719231
4200	-1588.02	-1588.85	0.829131	0.1558614
4210	-1588.22	-1588.81	0.589412	0.1686307
4220	-1588	-1588.81	0.819188	0.1563903
4230	-1590.4	-1591.52	1.12563	0.1400691
4240	-1588.8	-1589.77	0.975211	0.14809
4250	-1588.14	-1589	0.862971	0.1540615
4260	-1589.9	-1590.26	0.361996	0.1808161
4270	-1589.2	-1589.63	0.436562	0.17681
4280	-1587.98	-1588.79	0.813174	0.1567102
4290	-1588.13	-1588.74	0.610369	0.167512
4300	-1587.99	-1588.65	0.654711	0.165147
4310	-1588.19	-1589.07	0.875716	0.1533836
4320	-1587.89	-1588.63	0.74024	0.1605911
4330	-1588.47	-1589.01	0.538724	0.1713388
4340	-1588.07	-1588.91	0.84372	0.1550854
4350	-1588.69	-1589.65	0.961338	0.1488284
4360	-1588.75	-1589.72	0.968834	0.1484294
4370	-1589.6	-1589.99	0.3916	0.1792243
4380	-1588.1	-1588.72	0.619682	0.1670151
4390	-1587.97	-1588.63	0.66749	0.1644659
4400	-1587.9	-1588.61	0.713874	0.1619949
4410	-1588.18	-1589.06	0.87339	0.1535073
4420	-1588.85	-1589.33	0.480739	0.1744419
4430	-1588.32	-1589.22	0.902186	0.1519757
4440	-1588.01	-1588.84	0.825122	0.1560747
4450	-1588.3	-1588.87	0.57171	0.169576
4460	-1588.43	-1589.35	0.92197	0.1509232
4470	-1589.42	-1589.83	0.411077	0.1781779
4480	-1588.98	-1589.45	0.462681	0.1754095
4490	-1588.07	-1588.7	0.627263	0.1666107
4500	-1590.88	-1591.16	0.275947	0.1854544
4510	-1587.96	-1588.77	0.804225	0.1571863
4520	-1588.87	-1589.35	0.477527	0.1746139
4530	-1587.97	-1588.78	0.809333	0.1569145
4540	-1588.45	-1588.99	0.542446	0.1711398
4550	-1588	-1588.82	0.820559	0.1563174
4560	-1588.08	-1588.93	0.848097	0.1548526
4570	-1588.02	-1588.84	0.827185	0.1559649
4580	-1588.94	-1589.93	0.992611	0.1471636
4590	-1587.9	-1588.66	0.7598	0.1595501
4600	-1588.81	-1589.29	0.486395	0.174139
4610	-1588.85	-1589.33	0.480054	0.1744786
4620	-1587.93	-1588.62	0.684793	0.1635439
4630	-1588.5	-1589.04	0.532845	0.1716532
4640	-1589.26	-1589.69	0.429364	0.1771962
4650	-1588.2	-1589.08	0.877259	0.1533015
4660	-1588.29	-1589.19	0.896875	0.1522581
4670	-1588.26	-1589.15	0.890226	0.1526118
4680	-1588.41	-1589.33	0.918473	0.1511092
4690	-1588.85	-1589.83	0.981389	0.1477611
4700	-1588.29	-1588.86	0.573961	0.1694558
4710	-1588.3	-1589.2	0.898045	0.1521959
4720	-1588.38	-1588.94	0.554822	0.1704783
4730	-1588.11	-1588.96	0.854714	0.1545007
4740	-1587.98	-1588.64	0.662587	0.1647272
4750	-1589.71	-1590.1	0.38012	0.1798413
4760	-1588.97	-1589.96	0.995762	0.1469958
4770	-1587.96	-1588.76	0.802258	0.1572909
4780	-1588.82	-1589.8	0.978397	0.1479204
4790	-1588.08	-1588.93	0.84765	0.1548764
4800	-1588.1	-1588.72	0.617718	0.1671199
4810	-1588.07	-1588.7	0.627181	0.1666151
4820	-1588.23	-1589.11	0.883736	0.152957
4830	-1588.18	-1589.06	0.873955	0.1534773
4840	-1588.37	-1589.28	0.911841	0.151462
4850	-1588.03	-1588.87	0.83273	0.15567
4860	-1589.67	-1590.05	0.384692	0.1795956
4870	-1587.97	-1588.78	0.809522	0.1569045
4880	-1588.33	-1589.23	0.904171	0.1518701
4890	-1587.9	-1588.61	0.716791	0.1618395
4900	-1589.58	-1590.64	1.05861	0.143647
4910	-1588.05	-1588.89	0.839677	0.1553005
4920	-1588.03	-1588.86	0.832434	0.1556857
4930	-1589.96	-1591.05	1.09136	0.1418996
4940	-1589.64	-1590.7	1.06411	0.1433536
4950	-1590.33	-1590.65	0.322099	0.1829646
4960	-1587.92	-1588.7	0.78143	0.158399
4970	-1588.17	-1588.77	0.601228	0.1679999
4980	-1587.89	-1588.63	0.737066	0.1607601
4990	-1589.49	-1590.54	1.05025	0.1440928
5000	-1587.95	-1588.62	0.676597	0.1639806
5010	-1588.04	-1588.88	0.835774	0.155508
5020	-1588.83	-1589.31	0.483421	0.1742982
5030	-1588.79	-1589.76	0.97404	0.1481524
5040	-1588	-1588.83	0.822671	0.156205
5050	-1587.91	-1588.69	0.774884	0.1587473
5060	-1588.15	-1588.75	0.606419	0.1677228
5070	-1587.96	-1588.63	0.669428	0.1643626
5080	-1588.32	-1588.89	0.566449	0.169857
5090	-1588.54	-1589.48	0.93906	0.150014
5100	-1588.7	-1589.66	0.962468	0.1487683
5110	-1588.11	-1588.73	0.615016	0.1672641
5120	-1587.94	-1588.62	0.68165	0.1637113
5130	-1588.31	-1589.22	0.901192	0.1520285
5140	-1587.9	-1588.61	0.71278	0.1620531
5150	-1592.21	-1592.39	0.178983	0.1907029
5160	-1589.2	-1589.63	0.436291	0.1768246
5170	-1587.89	-1588.63	0.739876	0.1606105
5180	-1588.02	-1588.67	0.643049	0.1657688
5190	-1587.95	-1588.63	0.674504	0.1640921
5200	-1589.24	-1589.67	0.431983	0.1770557
5210	-1588.41	-1589.33	0.918122	0.1511279
5220	-1589.85	-1590.22	0.366395	0.1805795
5230	-1587.89	-1588.62	0.729092	0.1611846
5240	-1588.31	-1588.88	0.568455	0.1697499
5250	-1589.8	-1590.17	0.371325	0.1803143
5260	-1587.95	-1588.62	0.676107	0.1640067
5270	-1587.94	-1588.62	0.680371	0.1637795
5280	-1590.55	-1590.85	0.303381	0.1839738
5290	-1588.99	-1589.99	0.998414	0.1468546
5300	-1589.01	-1589.47	0.459145	0.175599
5310	-1587.95	-1588.62	0.6754	0.1640443
5320	-1588.34	-1589.24	0.905704	0.1517885
5330	-1589.67	-1590.73	1.0667	0.1432154
5340	-1589.17	-1589.61	0.439834	0.1766345
5350	-1588.2	-1588.79	0.59328	0.1684241
5360	-1587.89	-1588.63	0.734989	0.1608707
5370	-1588.43	-1588.97	0.54666	0.1709145
5380	-1589.68	-1590.06	0.383966	0.1796346
5390	-1589.37	-1589.79	0.416663	0.177878
5400	-1587.89	-1588.64	0.747107	0.1602256
5410	-1587.96	-1588.63	0.66994	0.1643353
5420	-1590.57	-1590.87	0.301548	0.1840726
5430	-1588.54	-1589.48	0.939862	0.1499713
5440	-1589.61	-1590.67	1.06134	0.1435013
5450	-1588	-1588.65	0.654193	0.1651747
5460	-1588.26	-1588.84	0.579979	0.1691343
5470	-1587.93	-1588.72	0.788518	0.1580219
5480	-1588.22	-1589.1	0.88198	0.1530504
5490	-1587.94	-1588.73	0.790705	0.1579056
5500	-1587.9	-1588.67	0.765939	0.1592233
5510	-1587.89	-1588.62	0.732938	0.1609798
5520	-1588.38	-1588.94	0.5544	0.1705008
5530	-1587.93	-1588.62	0.685012	0.1635322
5540	-1588.95	-1589.95	0.994301	0.1470736
5550	-1589.23	-1589.66	0.432491	0.1770285
5560	-1589.55	-1589.95	0.397073	0.1789302
5570	-1589.18	-1589.62	0.438813	0.1766893
5580	-1591.79	-1591.99	0.208327	0.189112
5590	-1588.84	-1589.82	0.980748	0.1477952
5600	-1588.02	-1588.66	0.64585	0.1656194
5610	-1588.11	-1588.73	0.615161	0.1672563
5620	-1588.28	-1588.86	0.57473	0.1694147
5630	-1588.26	-1588.84	0.579417	0.1691643
5640	-1587.9	-1588.61	0.714946	0.1619378
5650	-1588.51	-1589.04	0.531539	0.171723
5660	-1590.08	-1591.18	1.10162	0.1413518
5670	-1588.09	-1588.71	0.62198	0.1668925
5680	-1587.9	-1588.66	0.757489	0.159673
5690	-1587.89	-1588.62	0.724593	0.1614241
5700	-1587.9	-1588.62	0.718294	0.1617595
5710	-1587.93	-1588.62	0.684019	0.1635851
5720	-1589.58	-1589.97	0.394335	0.1790773
5730	-1588.44	-1588.98	0.544855	0.171011
5740	-1587.9	-1588.65	0.755188	0.1597955
5750	-1588.08	-1588.93	0.846947	0.1549138
5760	-1588.9	-1589.89	0.988446	0.1473854
5770	-1587.9	-1588.62	0.717963	0.1617771
5780	-1588.23	-1589.11	0.88329	0.1529807
5790	-1587.95	-1588.62	0.677116	0.1639529
5800	-1589.85	-1590.93	1.08266	0.142364
5810	-1588.21	-1588.8	0.590251	0.1685859
5820	-1588.28	-1589.17	0.893649	0.1524297
5830	-1588.82	-1589.8	0.977909	0.1479464
5840	-1589.02	-1589.47	0.458642	0.175626
5850	-1590.76	-1591.04	0.286236	0.1848989
5860	-1588.38	-1589.29	0.913401	0.151379
5870	-1588.69	-1589.65	0.960453	0.1488755
5880	-1588.69	-1589.19	0.503243	0.1732369
5890	-1587.94	-1588.62	0.68057	0.1637688
5900	-1588.24	-1589.13	0.88637	0.1528169
5910	-1587.89	-1588.62	0.732094	0.1610248
5920	-1587.9	-1588.66	0.758506	0.1596189
5930	-1587.89	-1588.62	0.723129	0.1615021
5940	-1588.55	-1589.07	0.525763	0.1720319
5950	-1587.91	-1588.61	0.707023	0.1623597
5960	-1588.6	-1589.11	0.517902	0.1724525
5970	-1588.23	-1588.82	0.58603	0.1688112
5980	-1589.12	-1590.13	1.01281	0.1460881
5990	-1588.22	-1589.1	0.880941	0.1531057
6000	-1587.9	-1588.66	0.75754	0.1596703
6010	-1587.99	-1588.65	0.656774	0.165037
6020	-1587.89	-1588.64	0.746923	0.1602354
6030	-1589.38	-1590.43	1.04031	0.1446228
6040	-1588.41	-1588.96	0.54977	0.1707483
6050	-1587.98	-1588.64	0.660337	0.1648471
6060	-1588.01	-1588.66	0.649901	0.1654034
6070	-1589.72	-1590.1	0.379267	0.1798872
6080	-1587.89	-1588.65	0.751222	0.1600066
6090	-1589.29	-1589.72	0.425184	0.1774206
6100	-1588.01	-1588.83	0.824581	0.1561035
6110	-1587.97	-1588.63	0.665459	0.1645741
6120	-1588.68	-1589.19	0.504769	0.1731552
6130	-1588.38	-1588.94	0.554802	0.1704794
6140	-1588.06	-1588.9	0.841373	0.1552103
6150	-1589.42	-1589.83	0.410871	0.178189
6160	-1587.89	-1588.62	0.725253	0.161389
6170	-1588.01	-1588.66	0.646593	0.1655798
6180	-1588.33	-1588.89	0.565758	0.1698939
6190	-1588.07	-1588.91	0.843014	0.155123
6200	-1588.11	-1588.97	0.8566	0.1544004
6210	-1587.95	-1588.75	0.798159	0.157509
6220	-1588.02	-1588.84	0.826535	0.1559995
6230	-1587.89	-1588.62	0.730178	0.1611268
6240	-1589.24	-1589.67	0.43164	0.1770742
6250	-1587.92	-1588.61	0.696676	0.1629108
6260	-1588.13	-1588.99	0.861169	0.1541573
6270	-1588.42	-1589.34	0.919648	0.1510467
6280	-1591.05	-1591.31	0.262915	0.1861584
6290	-1588.21	-1588.8	0.591302	0.1685297
6300	-1588.19	-1589.07	0.875794	0.1533794
6310	-1588.27	-1588.85	0.577685	0.1692568
6320	-1588.63	-1589.58	0.952423	0.1493028
6330	-1589.31	-1589.74	0.422883	0.1775441
6340	-1588.02	-1588.85	0.828257	0.1559079
6350	-1588.31	-1589.21	0.899461	0.1521206
6360	-1590.49	-1591.62	1.1322	0.1397176
6370	-1588.35	-1588.91	0.561215	0.1701367
6380	-1589.15	-1590.16	1.01606	0.1459149
6390	-1588.46	-1589	0.541069	0.1712134
6400	-1589.59	-1589.98	0.393456	0.1791245
6410	-1588.03	-1588.86	0.830442	0.1557917
6420	-1587.94	-1588.62	0.681354	0.1637271
6430	-1588.18	-1588.78	0.597255	0.1682119
6440	-1588.62	-1589.57	0.951415	0.1493565
6450	-1587.89	-1588.63	0.736811	0.1607736
6460	-1587.92	-1588.61	0.695038	0.1629981
6470	-1588.84	-1589.81	0.979881	0.1478414
6480	-1588.12	-1588.98	0.857809	0.154336
6490	-1587.91	-1588.61	0.70344	0.1625505
6500	-1588.12	-1588.73	0.613078	0.1673675
6510	-1587.9	-1588.66	0.762897	0.1593852
6520	-1587.93	-1588.71	0.784136	0.158255
6530	-1587.9	-1588.66	0.760327	0.159522
6540	-1588.99	-1589.45	0.461801	0.1754566
6550	-1589.08	-1589.53	0.45019	0.1760791
6560	-1588.25	-1588.83	0.581124	0.1690732
6570	-1588.04	-1588.88	0.835937	0.1554994
6580	-1588.08	-1588.71	0.624128	0.1667779
6590	-1587.9	-1588.67	0.763937	0.1593299
6600	-1588.05	-1588.68	0.635252	0.1661846
6610	-1589.14	-1589.58	0.443119	0.1764583
6620	-1587.9	-1588.61	0.714862	0.1619423
6630	-1588.49	-1589.42	0.931293	0.1504272
6640	-1587.92	-1588.62	0.690609	0.163234
6650	-1589.21	-1590.23	1.02266	0.1455634
6660	-1593.55	-1593.65	0.094213	0.1953121
6670	-1587.91	-1588.69	0.774223	0.1587825
6680	-1587.95	-1588.74	0.797284	0.1575556
6690	-1587.92	-1588.61	0.692429	0.1631371
6700	-1589.48	-1589.88	0.404787	0.1785158
6710	-1589.5	-1589.9	0.402275	0.1786507
6720	-1588.42	-1589.34	0.919938	0.1510313
6730	-1590.15	-1590.49	0.33841	0.1820858
6740	-1588.02	-1588.67	0.644259	0.1657043
6750	-1588.05	-1588.68	0.635619	0.166165
6760	-1588.25	-1588.83	0.582289	0.169011
6770	-1589.06	-1590.06	1.00602	0.1464495
6780	-1588.08	-1588.7	0.624954	0.1667339
6790	-1588.81	-1589.79	0.976919	0.1479991
6800	-1587.9	-1588.61	0.710891	0.1621537
6810	-1588.15	-1588.75	0.6059	0.1677505
6820	-1588.44	-1588.98	0.544434	0.1710335
6830	-1590.82	-1591.1	0.281149	0.1851736
6840	-1587.98	-1588.79	0.811523	0.1567981
6850	-1587.98	-1588.64	0.658829	0.1649275
6860	-1588.05	-1588.68	0.634125	0.1662447
6870	-1587.95	-1588.62	0.675464	0.1640409
6880	-1587.96	-1588.76	0.803914	0.1572028
6890	-1587.89	-1588.63	0.741528	0.1605226
6900	-1588.03	-1588.86	0.83009	0.1558104
6910	-1588.11	-1588.97	0.855647	0.1544511
6920	-1588.14	-1588.75	0.608672	0.1676026
6930	-1587.99	-1588.64	0.657797	0.1649825
6940	-1587.92	-1588.71	0.78366	0.1582804
6950	-1587.89	-1588.64	0.746532	0.1602562
6960	-1590.56	-1590.86	0.302647	0.1840134
6970	-1588.21	-1589.09	0.879937	0.1531591
6980	-1588.34	-1588.91	0.562276	0.17008
6990	-1588.28	-1589.17	0.893665	0.1524289
7000	-1588.11	-1588.73	0.615604	0.1672327
7010	-1587.96	-1588.77	0.804223	0.1571864
7020	-1588.4	-1589.31	0.915919	0.1512451
7030	-1587.89	-1588.63	0.74046	0.1605794
7040	-1587.91	-1588.68	0.769003	0.1590603
7050	-1588.3	-1588.87	0.571359	0.1695947
7060	-1588.2	-1588.79	0.594083	0.1683813
7070	-1589.03	-1590.03	1.00296	0.1466127
7080	-1587.9	-1588.65	0.755236	0.1597929
7090	-1593.6	-1594.91	1.30901	0.1302191
7100	-1588.31	-1589.22	0.901079	0.1520345
7110	-1588.88	-1589.87	0.986005	0.1475154
7120	-1587.91	-1588.61	0.704704	0.1624833
7130	-1588.83	-1589.8	0.97865	0.1479069
7140	-1589.09	-1589.54	0.449878	0.1760958
7150	-1587.99	-1588.8	0.81538	0.1565929
7160	-1587.95	-1588.62	0.676185	0.1640025
7170	-1588.01	-1588.84	0.825137	0.1560739
7180	-1588.3	-1589.2	0.899306	0.1521288
7190	-1587.93	-1588.62	0.688087	0.1633684
7200	-1588.7	-1589.66	0.962491	0.1487671
7210	-1589.1	-1589.55	0.44779	0.1762078
7220	-1588.82	-1589.3	0.484714	0.174229
7230	-1587.93	-1588.71	0.784618	0.1582294
7240	-1588.03	-1588.67	0.642829	0.1657805
7250	-1588.35	-1589.26	0.907704	0.1516821
7260	-1587.92	-1588.7	0.781755	0.1583817
7270	-1588.04	-1588.87	0.834951	0.1555519
7280	-1588.13	-1588.99	0.85983	0.1542286
7290	-1588.29	-1589.18	0.895518	0.1523303
7300	-1587.94	-1588.62	0.680059	0.1637961
7310	-1588.01	-1588.66	0.646771	0.1655703
7320	-1589.21	-1589.64	0.43507	0.1768901
7330	-1587.98	-1588.64	0.661345	0.1647934
7340	-1589.83	-1590.91	1.0807	0.1424688
7350	-1587.92	-1588.69	0.776839	0.1586433
7360	-1587.91	-1588.61	0.70444	0.1624973
7370	-1587.9	-1588.61	0.71061	0.1621687
7380	-1589.69	-1590.76	1.069	0.1430928
7390	-1589.08	-1589.53	0.450822	0.1760452
7400	-1587.97	-1588.63	0.665316	0.1645817
7410	-1588.41	-1588.96	0.549349	0.1707708
7420	-1589.08	-1589.53	0.450613	0.1760564
7430	-1587.9	-1588.65	0.756433	0.1597292
7440	-1589.31	-1589.73	0.423586	0.1775064
7450	-1589.33	-1590.36	1.03477	0.1449176
7460	-1587.89	-1588.63	0.738519	0.1606827
7470	-1587.9	-1588.65	0.75541	0.1597837
7480	-1587.92	-1588.7	0.77859	0.1585502
7490	-1591.73	-1592.94	1.21234	0.1354253
7500	-1588.16	-1588.76	0.603491	0.1678791
7510	-1589.04	-1589.5	0.455586	0.1757898
7520	-1588.6	-1589.55	0.948238	0.1495256
7530	-1587.98	-1588.64	0.660808	0.164822
7540	-1588.31	-1588.88	0.569706	0.1696831
7550	-1587.94	-1588.62	0.678688	0.1638691
7560	-1591.05	-1592.22	1.17087	0.1376487
7570	-1587.89	-1588.63	0.741667	0.1605151
7580	-1588.41	-1588.96	0.548933	0.170793
7590	-1587.91	-1588.67	0.768383	0.1590933
7600	-1587.91	-1588.61	0.698578	0.1628095
7610	-1587.91	-1588.69	0.776149	0.15868
7620	-1587.89	-1588.62	0.72389	0.1614615
7630	-1587.9	-1588.61	0.708288	0.1622923
7640	-1588.88	-1589.36	0.475897	0.1747012
7650	-1589.84	-1590.92	1.08146	0.142428
7660	-1588.14	-1588.75	0.609025	0.1675837
7670	-1588.16	-1589.03	0.867703	0.1538098
7680	-1588.58	-1589.1	0.520728	0.1723013
7690	-1589.04	-1589.5	0.455533	0.1757926
7700	-1587.9	-1588.62	0.720499	0.1616421
7710	-1588.21	-1589.09	0.879196	0.1531985
7720	-1588.07	-1588.91	0.843989	0.1550711
7730	-1587.89	-1588.63	0.741978	0.1604986
7740	-1588.18	-1589.06	0.873706	0.1534905
7750	-1588.45	-1589.37	0.924589	0.1507838
7760	-1587.91	-1588.68	0.769997	0.1590074
7770	-1590.58	-1590.88	0.30102	0.1841011
7780	-1587.89	-1588.62	0.726012	0.1613486
7790	-1588.25	-1588.84	0.580723	0.1690946
7800	-1588.37	-1588.93	0.557469	0.1703368
7810	-1588.39	-1588.94	0.553838	0.1705309
7820	-1588.08	-1588.93	0.847376	0.1548909
7830	-1589.25	-1590.28	1.02685	0.1453398
7840	-1588.57	-1589.09	0.521822	0.1722427
7850	-1587.99	-1588.81	0.818285	0.1564383
7860	-1588.61	-1589.56	0.949315	0.1494683
7870	-1587.94	-1588.73	0.791002	0.1578897
7880	-1587.91	-1588.68	0.769356	0.1590415
7890	-1587.89	-1588.62	0.724731	0.1614168
7900	-1588.46	-1589.38	0.926104	0.1507033
7910	-1587.99	-1588.65	0.657014	0.1650243
7920	-1587.98	-1588.64	0.662619	0.1647255
7930	-1590.95	-1591.22	0.270439	0.1857519
7940	-1587.97	-1588.63	0.665905	0.1645504
7950	-1587.89	-1588.64	0.748392	0.1601572
7960	-1590.72	-1591.87	1.14858	0.1388416
7970	-1589.38	-1589.79	0.415776	0.1779256
7980	-1590.9	-1592.06	1.16104	0.1381752
7990	-1588.28	-1588.86	0.5752	0.1693895
8000	-1589.85	-1590.93	1.08246	0.1423745
8010	-1587.9	-1588.61	0.708414	0.1622856
8020	-1587.92	-1588.7	0.779775	0.1584871
8030	-1588.2	-1589.08	0.878656	0.1532272
8040	-1588.6	-1589.12	0.517609	0.1724681
8050	-1587.91	-1588.61	0.701424	0.1626579
8060	-1588.98	-1589.98	0.997431	0.146907
8070	-1589	-1590	0.999913	0.1467748
8080	-1588	-1588.82	0.820505	0.1563202
8090	-1590.55	-1591.69	1.13696	0.1394635
8100	-1588.4	-1588.95	0.551429	0.1706596
8110	-1588.22	-1588.81	0.588383	0.1686856
8120	-1587.94	-1588.62	0.678561	0.1638759
8130	-1588.05	-1588.89	0.837601	0.1554109
8140	-1588.74	-1589.23	0.496532	0.1735961
8150	-1587.91	-1588.61	0.701064	0.1626771
8160	-1588.66	-1589.16	0.508537	0.1729536
8170	-1587.93	-1588.72	0.786994	0.158103
8180	-1587.9	-1588.66	0.759416	0.1595705
8190	-1588.11	-1588.73	0.616351	0.1671928
8200	-1587.9	-1588.65	0.754119	0.1598524
8210	-1588.33	-1588.89	0.565196	0.169924
8220	-1588.06	-1588.69	0.631333	0.1663936
8230	-1587.93	-1588.62	0.684287	0.1635708
8240	-1587.89	-1588.64	0.748281	0.1601631
8250	-1588.15	-1589.02	0.865775	0.1539124
8260	-1587.9	-1588.62	0.720916	0.1616199
8270	-1587.97	-1588.78	0.81041	0.1568573
8280	-1587.89	-1588.63	0.735432	0.1608471
8290	-1588.04	-1588.88	0.836322	0.1554789
8300	-1588.63	-1589.59	0.953008	0.1492717
8310	-1587.9	-1588.66	0.758499	0.1596193
8320	-1587.9	-1588.65	0.753853	0.1598665
8330	-1588.53	-1589.46	0.937228	0.1501114
8340	-1588.7	-1589.67	0.962938	0.1487433
8350	-1588.51	-1589.44	0.934652	0.1502485
8360	-1587.89	-1588.63	0.740932	0.1605543
8370	-1588.1	-1588.72	0.618406	0.1670832
8380	-1587.91	-1588.61	0.698932	0.1627906
8390	-1588	-1588.82	0.819915	0.1563516
8400	-1588.11	-1588.72	0.617578	0.1671273
8410	-1587.97	-1588.78	0.807781	0.1569971
8420	-1589.39	-1589.8	0.414626	0.1779874
8430	-1587.9	-1588.61	0.708657	0.1622727
8440	-1588.14	-1588.75	0.608477	0.167613
8450	-1588.26	-1588.84	0.578808	0.1691969
8460	-1587.9	-1588.67	0.766754	0.15918
8470	-1587.92	-1588.62	0.690695	0.1632294
8480	-1588.83	-1589.31	0.483163	0.174312
8490	-1588	-1588.82	0.821858	0.1562483
8500	-1588.05	-1588.68	0.636015	0.1661439
8510	-1588.18	-1588.78	0.598085	0.1681676
8520	-1588.46	-1589.39	0.927412	0.1506337
8530	-1588.01	-1588.84	0.825638	0.1560472
8540	-1588.57	-1589.09	0.522294	0.1722175
8550	-1588.67	-1589.17	0.506994	0.1730361
8560	-1588.23	-1588.82	0.586128	0.168806
8570	-1588.06	-1588.69	0.632427	0.1663353
8580	-1588.36	-1589.27	0.909614	0.1515805
8590	-1587.9	-1588.66	0.761824	0.1594423
8600	-1588.9	-1589.37	0.473564	0.1748262
8610	-1589.1	-1589.55	0.4483	0.1761804
8620	-1592.56	-1592.71	0.156058	0.1919474
8630	-1588.11	-1588.73	0.616227	0.1671995
8640	-1587.98	-1588.8	0.814274	0.1566517
8650	-1588.24	-1588.82	0.584693	0.1688826
8660	-1588.83	-1589.81	0.978933	0.1478919
8670	-1588.64	-1589.59	0.953358	0.1492531
8680	-1588.08	-1588.93	0.848542	0.1548289
8690	-1588.06	-1588.69	0.630488	0.1664387
8700	-1588.94	-1589.41	0.468647	0.1750897
8710	-1588.92	-1589.92	0.990817	0.1472592
8720	-1588.6	-1589.55	0.948871	0.1494919
8730	-1587.89	-1588.64	0.749806	0.1600819
8740	-1591.18	-1591.43	0.253096	0.1866892
8750	-1588.02	-1588.85	0.827694	0.1559378
8760	-1587.91	-1588.61	0.701589	0.1626491
8770	-1587.95	-1588.62	0.675218	0.164054
8780	-1588.18	-1588.78	0.598383	0.1681517
8790	-1587.9	-1588.62	0.721408	0.1615937
8800	-1588.25	-1588.83	0.582333	0.1690086
8810	-1587.9	-1588.67	0.764178	0.159317
8820	-1588.48	-1589.01	0.537731	0.1713919
8830	-1588.33	-1589.24	0.90452	0.1518515
8840	-1588.24	-1588.82	0.584945	0.1688691
8850	-1588.77	-1589.74	0.971054	0.1483113
8860	-1588.53	-1589.06	0.528181	0.1719026
8870	-1589.82	-1590.9	1.07997	0.1425078
8880	-1587.94	-1588.74	0.793967	0.157732
8890	-1589	-1589.46	0.460596	0.1755212
8900	-1589.56	-1590.62	1.05686	0.14374
8910	-1587.89	-1588.64	0.747221	0.1602195
8920	-1588.72	-1589.68	0.964899	0.1486389
8930	-1589.86	-1590.23	0.365517	0.1806267
8940	-1587.93	-1588.62	0.686532	0.1634512
8950	-1587.92	-1588.61	0.697892	0.1628461
8960	-1587.89	-1588.64	0.746077	0.1602804
8970	-1587.93	-1588.71	0.784201	0.1582516
8980	-1588.72	-1589.69	0.965633	0.1485998
8990	-1588.18	-1589.05	0.872606	0.153549
9000	-1588.26	-1588.84	0.57909	0.1691818
9010	-1587.97	-1588.64	0.66329	0.1646898
9020	-1587.89	-1588.62	0.732593	0.1609982
9030	-1588.26	-1589.16	0.891243	0.1525577
9040	-1588.43	-1588.98	0.54555	0.1709739
9050	-1588.36	-1588.92	0.558319	0.1702914
9060	-1587.9	-1588.62	0.720045	0.1616663
9070	-1588.23	-1589.11	0.883379	0.152976
9080	-1589.61	-1590.68	1.06195	0.1434691
9090	-1588.44	-1588.99	0.543799	0.1710675
9100	-1588.55	-1589.08	0.524727	0.1720873
9110	-1590.93	-1592.09	1.16273	0.1380844
9120	-1587.93	-1588.62	0.688524	0.1633451
9130	-1587.95	-1588.74	0.796166	0.157615
9140	-1587.92	-1588.61	0.692552	0.1631305
9150	-1588.05	-1588.68	0.634738	0.166212
9160	-1587.9	-1588.62	0.719828	0.1616778
9170	-1588.44	-1589.37	0.924161	0.1508066
9180	-1592.3	-1593.55	1.24444	0.1337001
9190	-1587.89	-1588.62	0.731284	0.1610679
9200	-1588.21	-1589.09	0.880469	0.1531308
9210	-1588.93	-1589.4	0.469822	0.1750268
9220	-1587.99	-1588.65	0.655921	0.1650825
9230	-1588.58	-1589.1	0.520006	0.1723399
9240	-1587.92	-1588.61	0.693365	0.1630872
9250	-1588.01	-1588.66	0.647942	0.1655079
9260	-1587.9	-1588.61	0.711039	0.1621458
9270	-1587.92	-1588.7	0.778345	0.1585632
9280	-1587.9	-1588.66	0.759646	0.1595582
9290	-1588.32	-1588.89	0.567021	0.1698265
9300	-1588.65	-1589.16	0.509821	0.1728849
9310	-1588.08	-1588.92	0.84634	0.1549461
9320	-1588.03	-1588.67	0.641566	0.1658479
9330	-1588.06	-1588.69	0.630337	0.1664467
9340	-1588.23	-1588.82	0.585204	0.1688553
9350	-1588.35	-1588.91	0.561089	0.1701434
9360	-1587.89	-1588.64	0.744848	0.1603458
9370	-1588.33	-1588.89	0.565676	0.1698983
9380	-1588.39	-1589.31	0.915563	0.1512641
9390	-1588.28	-1588.85	0.575819	0.1693565
9400	-1588.24	-1589.13	0.886766	0.1527959
9410	-1587.98	-1588.64	0.662201	0.1647478
9420	-1588	-1588.82	0.819813	0.156357
9430	-1587.94	-1588.74	0.796074	0.1576199
9440	-1588.99	-1589.98	0.997944	0.1468797
9450	-1587.89	-1588.64	0.749051	0.1601221
9460	-1588.83	-1589.81	0.978976	0.1478896
9470	-1589.39	-1589.8	0.414708	0.177983
9480	-1588.49	-1589.03	0.534774	0.17155
9490	-1588.08	-1588.92	0.845949	0.1549669
9500	-1588.1	-1588.72	0.618566	0.1670746
9510	-1589.15	-1590.16	1.01598	0.145919
9520	-1588.25	-1589.14	0.889032	0.1526753
9530	-1588.36	-1589.27	0.908944	0.1516162
9540	-1589.07	-1590.08	1.00806	0.1463411
9550	-1588.73	-1589.22	0.498044	0.1735152
9560	-1588.09	-1588.94	0.849018	0.1548037
9570	-1589	-1589.46	0.461301	0.1754834
9580	-1587.89	-1588.63	0.73884	0.1606656
9590	-1588.12	-1588.98	0.858898	0.1542781
9600	-1589.59	-1590.65	1.05992	0.1435769
9610	-1587.9	-1588.61	0.709037	0.1622525
9620	-1587.93	-1588.62	0.685221	0.1635211
9630	-1588.36	-1588.92	0.559435	0.1702318
9640	-1588.53	-1589.06	0.52899	0.1718593
9650	-1588.24	-1588.82	0.584385	0.1688991
9660	-1587.93	-1588.62	0.684746	0.1635464
9670	-1587.89	-1588.64	0.744157	0.1603826
9680	-1588.35	-1588.91	0.561746	0.1701083
9690	-1588.31	-1589.2	0.899394	0.1521242
9700	-1587.9	-1588.65	0.755353	0.1597867
9710	-1588.46	-1589.39	0.927126	0.1506489
9720	-1588.18	-1588.78	0.596985	0.1682264
9730	-1587.94	-1588.62	0.678192	0.1638956
9740	-1588.84	-1589.32	0.482319	0.1743572
9750	-1588.34	-1589.24	0.905498	0.1517995
9760	-1588.06	-1588.69	0.632559	0.1663282
9770	-1588.29	-1589.18	0.89607	0.152301
9780	-1587.89	-1588.63	0.735636	0.1608362
9790	-1588.13	-1588.99	0.861569	0.1541361
9800	-1588.41	-1589.33	0.918067	0.1511309
9810	-1587.89	-1588.63	0.741245	0.1605376
9820	-1588.16	-1588.76	0.603484	0.1678794
9830	-1587.96	-1588.63	0.67096	0.1642809
9840	-1587.89	-1588.64	0.747273	0.1602168
9850	-1588.82	-1589.31	0.484571	0.1742366
9860	-1588.1	-1588.96	0.853884	0.1545448
9870	-1587.91	-1588.61	0.705367	0.1624479
9880	-1588.29	-1589.19	0.897096	0.1522464
9890	-1592.32	-1592.49	0.171481	0.19111
9900	-1587.9	-1588.61	0.715457	0.1619106
9910	-1587.92	-1588.61	0.697961	0.1628424
9920	-1587.94	-1588.62	0.683366	0.1636199
9930	-1587.89	-1588.64	0.747454	0.1602071
9940	-1588.49	-1589.42	0.931303	0.1504267
9950	-1588.2	-1589.08	0.877649	0.1532808
9960	-1588.39	-1588.95	0.552873	0.1705825
9970	-1588.13	-1588.99	0.861287	0.1541511
9980	-1588.01	-1588.83	0.824224	0.1561224
9990	-1588.14	-1588.75	0.608878	0.1675916
10000	-1587.89	-1588.65	0.750965	0.1600202
