Iteration	Posterior	Likelihood	Prior	birth_rate
0	-1598.35	-1599.84	1.48897	0.1204009
10	-1612.91	-1612.23	-0.678624	0.2384431
20	-1594.19	-1595.53	1.33554	0.1287838
30	-1598.17	-1599.66	1.48346	0.1207049
40	-1620.66	-1622.59	1.93619	0.09426408
50	-1649.29	-1651.48	2.19416	0.0752762
60	-1588.1	-1588.95	0.852427	0.1546223
70	-1613.39	-1615.22	1.82869	0.100936
80	-1630.08	-1632.13	2.04502	0.08699706
90	-1621.51	-1623.45	1.9473	0.09355077
100	-1627.64	-1629.66	2.01957	0.08875879
110	-1615.58	-1617.44	1.86372	0.09880303
120	-1609.71	-1611.47	1.76367	0.104812
130	-1663.25	-1665.51	2.25908	0.06845239
140	-1628.63	-1630.66	2.03008	0.08803687
150	-1588.59	-1589.53	0.946259	0.1496309
160	-1614.38	-1613.65	-0.722805	0.2409781
170	-1810.55	-1806.6	-3.94598	0.4529456
180	-1590.02	-1591.12	1.0965	0.1416253
190	-1609.17	-1608.61	-0.560487	0.2317044
200	-1592.17	-1592.35	0.18154	0.1905642
210	-1663.64	-1665.9	2.26044	0.06828019
220	-1668.94	-1671.22	2.27726	0.06596907
230	-1588.1	-1588.72	0.619398	0.1670302
240	-1591.71	-1591.92	0.213638	0.1888243
250	-1700.83	-1703.14	2.30783	0.05436075
260	-1692.14	-1694.45	2.31031	0.05719638
270	-1637.52	-1639.64	2.1126	0.08205501
280	-1634.48	-1636.57	2.08667	0.08400413
290	-1587.89	-1588.63	0.741065	0.1605472
300	-1606.38	-1608.08	1.69689	0.1087012
310	-1599.77	-1601.31	1.53241	0.1179956
320	-1626.29	-1628.29	2.0047	0.08976876
330	-1694.38	-1696.69	2.31038	0.05644331
340	-1721.76	-1724.04	2.27321	0.04831192
350	-1588.46	-1589.39	0.926602	0.1506768
360	-1588.36	-1588.92	0.558377	0.1702883
370	-1588.15	-1589.02	0.866857	0.1538548
380	-1665.72	-1667.99	2.2675	0.06735674
390	-1624.65	-1626.64	1.98594	0.09102345
400	-1587.97	-1588.78	0.808672	0.1569497
410	-1594.57	-1595.92	1.35163	0.1279111
420	-1597.82	-1599.29	1.47185	0.1213445
430	-1601.94	-1603.53	1.59223	0.1146537
440	-1692.73	-1695.04	2.31038	0.05699613
450	-1699.94	-1702.25	2.30842	0.05464184
460	-1634.43	-1633.19	-1.24503	0.2715938
470	-1588.23	-1589.12	0.884303	0.1529268
480	-1589.1	-1590.12	1.01137	0.1461646
490	-1590.19	-1591.3	1.10977	0.1409165
500	-1620.79	-1622.73	1.938	0.09414828
510	-1739.37	-1741.59	2.21579	0.04392057
520	-1738.06	-1740.28	2.22091	0.04422924
530	-1592.71	-1592.86	0.146267	0.1924794
540	-1596.24	-1596.19	-0.0515879	0.2032894
550	-1649.06	-1651.25	2.19284	0.07539701
560	-1588.27	-1589.16	0.892716	0.1524794
570	-1592.73	-1594	1.26687	0.1324929
580	-1588.05	-1588.88	0.837424	0.1554203
590	-1633.14	-1635.21	2.0745	0.08489467
600	-1653.79	-1656.01	2.21851	0.07294842
610	-1606.77	-1608.48	1.70526	0.108218
620	-1660.16	-1662.41	2.24732	0.06986641
630	-1766.96	-1769.04	2.07935	0.03803834
640	-1659.73	-1661.97	2.24554	0.0700707
650	-1659.09	-1661.33	2.24289	0.07037097
660	-1590.52	-1591.66	1.13468	0.1395854
670	-1778.37	-1780.38	2.00758	0.03590117
680	-1672.58	-1674.86	2.28663	0.06445959
690	-1691.67	-1693.98	2.31023	0.05735502
700	-1676.04	-1678.34	2.29403	0.06307073
710	-1679.3	-1681.6	2.29967	0.06180757
720	-1604.51	-1606.16	1.65521	0.1110897
730	-1592.14	-1593.38	1.23594	0.1341574
740	-1588.02	-1588.85	0.828741	0.1558821
750	-1588.69	-1589.2	0.503046	0.1732474
760	-1621.4	-1623.34	1.9459	0.09364085
770	-1636.14	-1638.24	2.1011	0.08292842
780	-1600.62	-1602.18	1.55668	0.1166443
790	-1615.04	-1616.9	1.85539	0.09931352
800	-1624.93	-1626.92	1.98915	0.09081028
810	-1604.26	-1605.91	1.64939	0.1114217
820	-1592.69	-1593.95	1.26467	0.1326115
830	-1609.46	-1608.89	-0.570043	0.2322474
840	-1625.37	-1627.36	1.99428	0.09046821
850	-1592.8	-1594.07	1.2703	0.1323081
860	-1587.94	-1588.74	0.79494	0.1576802
870	-1588.08	-1588.93	0.847593	0.1548794
880	-1588.44	-1588.99	0.543507	0.1710831
890	-1592.38	-1593.63	1.24875	0.1334683
900	-1642.88	-1645.03	2.1532	0.07883044
910	-1644.18	-1646.34	2.16213	0.07808612
920	-1713.87	-1716.16	2.29077	0.05047486
930	-1716.59	-1718.88	2.28531	0.04971402
940	-1807.28	-1809.07	1.78801	0.03110903
950	-1610.56	-1612.34	1.7796	0.1038716
960	-1596.61	-1598.04	1.43064	0.1236059
970	-1591.84	-1593.06	1.21909	0.1350627
980	-1641.59	-1643.74	2.14402	0.07958136
990	-1651.48	-1653.69	2.20646	0.07412536
1000	-1588.03	-1588.86	0.830589	0.1557839
1010	-1617.42	-1616.61	-0.811071	0.2460674
1020	-1775.97	-1772.44	-3.53097	0.4222819
1030	-1587.97	-1588.64	0.664375	0.1646319
1040	-1587.95	-1588.75	0.799282	0.1574492
1050	-1615.39	-1617.25	1.86083	0.09898066
1060	-1589.12	-1589.57	0.44578	0.1763156
1070	-1611.2	-1612.99	1.79104	0.1031927
1080	-1627.48	-1629.5	2.01782	0.08887857
1090	-1657.11	-1659.35	2.23432	0.07131271
1100	-1603.02	-1604.64	1.61966	0.1131081
1110	-1643.44	-1645.6	2.15709	0.07850778
1120	-1615.76	-1617.63	1.8666	0.09862611
1130	-1629.68	-1631.72	2.04093	0.08728377
1140	-1591.59	-1592.8	1.20452	0.1358447
1150	-1629.07	-1631.1	2.03463	0.08772162
1160	-1589.35	-1589.77	0.41873	0.177767
1170	-1588.66	-1589.61	0.95632	0.1490955
1180	-1608.54	-1610.28	1.74115	0.1061327
1190	-1615	-1616.86	1.85478	0.09935101
1200	-1690.18	-1692.49	2.30982	0.05786682
1210	-1754.11	-1756.26	2.14968	0.04064453
1220	-1651.89	-1654.1	2.20865	0.0739159
1230	-1649.48	-1651.67	2.19526	0.07517469
1240	-1634.82	-1636.91	2.08969	0.08378047
1250	-1588.65	-1589.16	0.509788	0.1728866
1260	-1590.63	-1590.93	0.296728	0.1843327
1270	-1608.52	-1610.26	1.74085	0.1061502
1280	-1597	-1598.44	1.44415	0.1228663
1290	-1597.31	-1598.77	1.45496	0.1222727
1300	-1626.99	-1629.01	2.01255	0.08923764
1310	-1626.45	-1628.45	2.00647	0.08964927
1320	-1591.57	-1592.77	1.20299	0.135927
1330	-1591.5	-1592.7	1.19897	0.1361428
1340	-1635.01	-1637.1	2.09134	0.08365804
1350	-1604.66	-1606.31	1.65863	0.1108949
1360	-1694.79	-1697.1	2.31034	0.05630955
1370	-1671.1	-1673.38	2.28302	0.06506749
1380	-1616.1	-1617.97	1.87167	0.09831415
1390	-1588.16	-1588.76	0.603831	0.1678609
1400	-1650.24	-1652.44	2.19962	0.07477129
1410	-1588.35	-1589.26	0.908411	0.1516445
1420	-1592.16	-1593.4	1.23691	0.1341053
1430	-1605.61	-1607.29	1.68013	0.1096651
1440	-1715.96	-1718.24	2.28665	0.04989107
1450	-1608.33	-1610.07	1.73707	0.106371
1460	-1613.99	-1615.83	1.83858	0.1003378
1470	-1685.77	-1688.08	2.30726	0.05941644
1480	-1633.41	-1635.49	2.07701	0.08471201
1490	-1601.79	-1603.38	1.58835	0.1148714
1500	-1652.01	-1654.22	2.20931	0.07385174
1510	-1679.55	-1681.85	2.30005	0.06171336
1520	-1609.69	-1611.45	1.76333	0.1048321
1530	-1624.21	-1626.19	1.98067	0.09137249
1540	-1591.04	-1591.3	0.263746	0.1861135
1550	-1596.49	-1597.92	1.4263	0.1238437
1560	-1622.11	-1624.07	1.955	0.09305291
1570	-1734.3	-1736.54	2.23482	0.04512823
1580	-1647.4	-1649.58	2.1829	0.07629165
1590	-1637.75	-1639.86	2.11444	0.08191369
1600	-1590.33	-1591.45	1.12054	0.1403413
1610	-1591.62	-1592.82	1.20596	0.1357675
1620	-1616.47	-1618.34	1.87727	0.09796824
1630	-1613.9	-1615.74	1.8372	0.1004215
1640	-1703.27	-1705.58	2.30582	0.05360125
1650	-1611.03	-1612.81	1.78797	0.1033754
1660	-1714.73	-1717.01	2.28913	0.05023498
1670	-1629.77	-1631.82	2.0419	0.08721589
1680	-1592.39	-1593.64	1.24917	0.1334457
1690	-1601.48	-1603.06	1.58009	0.1153351
1700	-1611.48	-1613.28	1.79607	0.102893
1710	-1638	-1640.12	2.11651	0.08175467
1720	-1684.42	-1686.73	2.30606	0.05990319
1730	-1614.75	-1616.6	1.85082	0.0995927
1740	-1599.94	-1601.48	1.5373	0.1177242
1750	-1619.81	-1621.74	1.92495	0.09498128
1760	-1647.29	-1649.47	2.18223	0.0763509
1770	-1648.37	-1650.56	2.18877	0.07576653
1780	-1587.91	-1588.69	0.775009	0.1587407
1790	-1590.06	-1591.16	1.09996	0.1414406
1800	-1588.51	-1589.45	0.93509	0.1502252
1810	-1643.21	-1645.36	2.15549	0.07864069
1820	-1609.73	-1611.49	1.76403	0.1047908
1830	-1660.45	-1662.69	2.24845	0.0697356
1840	-1646.73	-1648.9	2.17872	0.07666063
1850	-1588.66	-1589.16	0.508662	0.1729468
1860	-1608.37	-1610.11	1.73782	0.1063271
1870	-1633.02	-1635.09	2.07339	0.08497525
1880	-1667.33	-1669.6	2.27254	0.06665875
1890	-1590.7	-1591.85	1.1472	0.1389155
1900	-1588.71	-1589.21	0.500663	0.173375
1910	-1630.33	-1632.38	2.04753	0.0868206
1920	-1621.9	-1623.85	1.95227	0.09322971
1930	-1596.67	-1596.59	-0.0724345	0.2044355
1940	-1666.97	-1669.24	2.27145	0.06681306
1950	-1588.42	-1588.97	0.547909	0.1708478
1960	-1759.23	-1761.35	2.12305	0.03958034
1970	-1632.38	-1634.45	2.06742	0.08540599
1980	-1644.6	-1646.77	2.165	0.0778437
1990	-1589.02	-1590.03	1.0024	0.1466424
2000	-1619.63	-1621.55	1.92245	0.09513942
2010	-1591.21	-1592.39	1.18108	0.1371017
2020	-1592.59	-1593.85	1.25959	0.1328848
2030	-1588.25	-1588.83	0.582161	0.1690178
2040	-1609.09	-1610.85	1.75201	0.1054974
2050	-1596.33	-1596.28	-0.0560689	0.2035357
2060	-1594.29	-1594.34	0.0516893	0.1976321
2070	-1610.4	-1612.17	1.77649	0.1040554
2080	-1593.8	-1595.12	1.31802	0.129732
2090	-1588.04	-1588.68	0.638616	0.1660052
2100	-1617.3	-1616.49	-0.807637	0.2458688
2110	-1596.41	-1597.83	1.42328	0.1240089
2120	-1610.06	-1611.83	1.77029	0.1044221
2130	-1588.05	-1588.69	0.633579	0.1662738
2140	-1588.24	-1589.12	0.885338	0.1528718
2150	-1593.81	-1595.13	1.31862	0.1296995
2160	-1606.37	-1608.07	1.69668	0.1087131
2170	-1641.7	-1643.84	2.14477	0.07952042
2180	-1656.06	-1658.29	2.22948	0.07182593
2190	-1607.02	-1608.73	1.71036	0.1079232
2200	-1719.98	-1722.25	2.27764	0.04879015
2210	-1613.07	-1614.89	1.82338	0.101257
2220	-1626.81	-1628.83	2.01057	0.08937203
2230	-1588.39	-1588.95	0.552822	0.1705852
2240	-1724.72	-1726.98	2.2653	0.04753529
2250	-1604.96	-1606.63	1.66566	0.1104932
2260	-1590.16	-1590.5	0.337262	0.1821476
2270	-1643.99	-1646.15	2.1609	0.07818978
2280	-1730.52	-1732.77	2.24772	0.04605833
2290	-1694.01	-1696.32	2.31041	0.0565672
2300	-1593.19	-1594.48	1.28962	0.1312664
2310	-1587.95	-1588.74	0.796518	0.1575963
2320	-1588.47	-1589.01	0.538888	0.17133
2330	-1606.45	-1608.15	1.69838	0.1086154
2340	-1590.21	-1591.33	1.11192	0.1408015
2350	-1617.88	-1617.06	-0.824266	0.2468311
2360	-1592.18	-1593.41	1.23761	0.1340674
2370	-1647.45	-1649.63	2.18319	0.076266
2380	-1606.37	-1608.07	1.69669	0.1087127
2390	-1595.73	-1595.71	-0.0257544	0.2018712
2400	-1601.72	-1601.42	-0.293162	0.2166601
2410	-1618.74	-1617.89	-0.848178	0.248217
2420	-1619.12	-1621.04	1.91551	0.09557916
2430	-1642.59	-1644.74	2.15114	0.07900007
2440	-1622.13	-1624.08	1.95522	0.09303817
2450	-1639.36	-1641.49	2.12726	0.08091794
2460	-1634	-1636.08	2.08233	0.08432292
2470	-1630.82	-1632.87	2.05237	0.0864797
2480	-1588.14	-1588.75	0.606961	0.1676939
2490	-1602.53	-1602.21	-0.325186	0.218448
2500	-1590.21	-1591.32	1.1118	0.1408083
2510	-1588.07	-1588.92	0.845774	0.1549762
2520	-1587.95	-1588.75	0.797582	0.1575397
2530	-1588.21	-1589.09	0.880393	0.1531349
2540	-1588.91	-1589.39	0.472011	0.1749095
2550	-1591.59	-1592.8	1.20436	0.1358531
2560	-1596.96	-1598.4	1.44277	0.1229415
2570	-1634.74	-1636.83	2.08895	0.08383511
2580	-1612.17	-1613.98	1.80809	0.1021749
2590	-1628.76	-1630.8	2.03149	0.08793971
2600	-1719.74	-1722.02	2.27822	0.04885471
2610	-1692.54	-1694.85	2.31036	0.05705935
2620	-1725.69	-1727.95	2.26255	0.04728376
2630	-1590.16	-1591.27	1.10756	0.1410343
2640	-1588.75	-1589.24	0.495176	0.1736687
2650	-1615.57	-1614.81	-0.757857	0.2429952
2660	-1587.91	-1588.61	0.706644	0.1623799
2670	-1600.29	-1601.84	1.5474	0.1171618
2680	-1588.24	-1589.13	0.886168	0.1528277
2690	-1611.62	-1613.42	1.79847	0.1027501
2700	-1614.86	-1616.71	1.85247	0.09949244
2710	-1591.42	-1591.66	0.234495	0.1876952
2720	-1599.45	-1600.97	1.5229	0.1185237
2730	-1650.74	-1652.95	2.20242	0.07450857
2740	-1592.48	-1593.73	1.25397	0.1331877
2750	-1646.29	-1648.47	2.17597	0.07690063
2760	-1619.35	-1621.27	1.91859	0.09538414
2770	-1639.88	-1642.01	2.13122	0.08060615
2780	-1601.88	-1603.47	1.59055	0.1147479
2790	-1724.19	-1726.46	2.26676	0.04767196
2800	-1598.7	-1600.2	1.5	0.1197918
2810	-1614.23	-1616.07	1.84244	0.1001031
2820	-1655.27	-1657.49	2.22574	0.07221474
2830	-1642.78	-1644.94	2.15254	0.07888505
2840	-1593.5	-1594.8	1.30416	0.1304814
2850	-1619.68	-1621.61	1.92316	0.09509459
2860	-1602.75	-1604.37	1.61292	0.1134882
2870	-1622.04	-1623.99	1.95404	0.09311497
2880	-1611.89	-1613.69	1.80325	0.1024647
2890	-1660.54	-1662.79	2.24884	0.06969022
2900	-1694.69	-1697	2.31036	0.0563426
2910	-1591.45	-1592.65	1.19607	0.1362983
2920	-1623.54	-1625.52	1.97274	0.09189529
2930	-1671.23	-1673.52	2.28336	0.06501057
2940	-1599.18	-1600.7	1.51487	0.1189689
2950	-1616.38	-1618.26	1.87594	0.09805043
2960	-1614.69	-1613.96	-0.732075	0.241511
2970	-1600.87	-1602.43	1.5635	0.1162635
2980	-1720.12	-1722.4	2.27729	0.04875062
2990	-1725.91	-1728.17	2.2619	0.047226
3000	-1590.77	-1591.06	0.285074	0.1849616
3010	-1594.72	-1596.08	1.35802	0.1275644
3020	-1591.46	-1592.66	1.1965	0.1362749
3030	-1598.31	-1599.8	1.4877	0.1204711
3040	-1718.96	-1721.24	2.28004	0.04906467
3050	-1634.12	-1636.2	2.08341	0.08424353
3060	-1625.17	-1627.17	1.99203	0.09061829
3070	-1599.92	-1601.45	1.53661	0.1177626
3080	-1688.83	-1691.14	2.30926	0.05833312
3090	-1611.03	-1612.82	1.78798	0.1033748
3100	-1621.58	-1620.66	-0.925697	0.2527272
3110	-1587.94	-1588.73	0.792909	0.1577883
3120	-1631.41	-1633.46	2.05809	0.08607364
3130	-1611.98	-1613.79	1.80482	0.1023707
3140	-1629.02	-1631.05	2.03416	0.08775446
3150	-1657.93	-1660.17	2.23794	0.07092029
3160	-1641.61	-1643.75	2.14414	0.0795721
3170	-1643.86	-1646.02	2.15998	0.07826689
3180	-1622.14	-1624.1	1.95541	0.09302617
3190	-1633.76	-1635.84	2.08015	0.08448275
3200	-1591.55	-1591.77	0.225532	0.1881803
3210	-1595.86	-1597.26	1.40297	0.1251179
3220	-1632.74	-1634.81	2.07076	0.08516522
3230	-1605.11	-1606.78	1.66896	0.110305
3240	-1670.38	-1672.66	2.28117	0.06536421
3250	-1587.92	-1588.61	0.693347	0.1630881
3260	-1589.55	-1590.61	1.05613	0.1437793
3270	-1589.23	-1590.25	1.02439	0.145471
3280	-1628.65	-1630.68	2.03028	0.08802287
3290	-1591.54	-1592.74	1.2015	0.1360069
3300	-1598.64	-1598.48	-0.164155	0.2094949
3310	-1593.26	-1594.55	1.29289	0.1310899
3320	-1603.82	-1605.46	1.639	0.1120122
3330	-1707.04	-1709.34	2.30163	0.05245994
3340	-1625.33	-1627.32	1.99383	0.09049818
3350	-1613.44	-1615.27	1.82951	0.1008867
3360	-1592.1	-1593.33	1.23324	0.1343026
3370	-1587.89	-1588.62	0.722807	0.1615192
3380	-1607.46	-1609.18	1.71956	0.1073902
3390	-1616.72	-1618.6	1.88101	0.09773677
3400	-1600.1	-1599.87	-0.227031	0.2129797
3410	-1587.9	-1588.61	0.712072	0.1620908
3420	-1599.5	-1601.02	1.52426	0.1184482
3430	-1628.81	-1627.7	-1.11089	0.2636114
3440	-1597.26	-1598.71	1.45321	0.1223688
3450	-1593.96	-1594.03	0.0702043	0.1966213
3460	-1651.5	-1653.71	2.20658	0.07411384
3470	-1624.33	-1626.31	1.98212	0.09127679
3480	-1662.96	-1665.22	2.25804	0.0685826
3490	-1643.47	-1645.62	2.15729	0.07849104
3500	-1615.62	-1617.48	1.86439	0.09876226
3510	-1772.22	-1774.26	2.04737	0.03703493
3520	-1661.14	-1663.39	2.2512	0.06941239
3530	-1610.44	-1612.21	1.77724	0.1040111
3540	-1614.16	-1616	1.84128	0.1001734
3550	-1620.35	-1622.28	1.93211	0.09452518
3560	-1611.66	-1611.02	-0.640091	0.2362388
3570	-1588.49	-1589.42	0.930752	0.150456
3580	-1588.29	-1589.18	0.89589	0.1523105
3590	-1593.69	-1595	1.31308	0.1299992
3600	-1620.85	-1622.79	1.93874	0.09410094
3610	-1603.96	-1605.6	1.64236	0.1118215
3620	-1612.66	-1614.48	1.81656	0.101667
3630	-1665.91	-1668.18	2.26814	0.06727135
3640	-1663.88	-1666.14	2.26131	0.06816964
3650	-1587.91	-1588.61	0.707474	0.1623357
3660	-1589.91	-1590.99	1.08719	0.142122
3670	-1601.27	-1602.84	1.57428	0.1156608
3680	-1587.95	-1588.62	0.676051	0.1640097
3690	-1590.18	-1591.29	1.10954	0.1409287
3700	-1588.93	-1589.4	0.47036	0.174998
3710	-1587.93	-1588.62	0.687353	0.1634075
3720	-1679.76	-1677.62	-2.13965	0.3271211
3730	-1599.4	-1599.2	-0.197446	0.2113383
3740	-1603.34	-1604.97	1.62748	0.1126656
3750	-1620.78	-1622.72	1.9378	0.09416122
3760	-1629.11	-1631.15	2.03509	0.08768995
3770	-1604.06	-1603.68	-0.383017	0.2216863
3780	-1620.78	-1622.72	1.93784	0.09415866
3790	-1645.83	-1648.01	2.17306	0.07715314
3800	-1592.16	-1593.39	1.23668	0.1341176
3810	-1609.06	-1610.81	1.75126	0.1055412
3820	-1643.52	-1645.68	2.15766	0.07846085
3830	-1595.15	-1596.53	1.37543	0.1266181
3840	-1588.19	-1588.79	0.595121	0.1683259
3850	-1593.26	-1594.55	1.29306	0.1310807
3860	-1612.16	-1613.97	1.80791	0.1021857
3870	-1591.37	-1591.61	0.238505	0.1874782
3880	-1643.47	-1645.62	2.15729	0.07849124
3890	-1611.36	-1613.16	1.79394	0.1030198
3900	-1587.99	-1588.81	0.818728	0.1564148
3910	-1642.75	-1644.9	2.15228	0.07890626
3920	-1675.55	-1677.85	2.29307	0.06326435
3930	-1635.84	-1637.94	2.09854	0.08312095
3940	-1621.21	-1623.15	1.94345	0.09379872
3950	-1640.38	-1639	-1.37945	0.2796793
3960	-1588.06	-1588.69	0.631071	0.1664076
3970	-1591.15	-1591.41	0.254936	0.1865897
3980	-1589.39	-1590.43	1.0411	0.1445803
3990	-1646.47	-1648.64	2.17709	0.07680332
4000	-1664.33	-1666.6	2.26287	0.06796879
4010	-1739.08	-1741.29	2.21695	0.04398961
4020	-1754.18	-1756.33	2.14932	0.04062943
4030	-1866.54	-1867.72	1.18084	0.02345355
4040	-1736.49	-1738.72	2.22683	0.04460067
4050	-1622.93	-1621.97	-0.961471	0.2548175
4060	-1594.41	-1594.45	0.0450451	0.197995
4070	-1609.53	-1611.29	1.76027	0.1050123
4080	-1711.61	-1713.91	2.29482	0.05111977
4090	-1703.58	-1705.89	2.30552	0.05350671
4100	-1639.53	-1641.66	2.12856	0.08081628
4110	-1608.55	-1610.29	1.74142	0.1061172
4120	-1653.43	-1655.65	2.21671	0.07312848
4130	-1618.31	-1620.21	1.9041	0.09629755
4140	-1761.43	-1763.54	2.11101	0.03913281
4150	-1588.03	-1588.87	0.832868	0.1556627
4160	-1639.67	-1641.8	2.1296	0.08073432
4170	-1588.27	-1588.85	0.577614	0.1692606
4180	-1600.24	-1600	-0.232876	0.2133043
4190	-1588.77	-1589.26	0.491625	0.1738589
4200	-1614.15	-1613.44	-0.716114	0.2405936
4210	-1588.03	-1588.67	0.642036	0.1658228
4220	-1709.85	-1712.14	2.29767	0.05163111
4230	-1588.11	-1588.96	0.854582	0.1545077
4240	-1588.19	-1588.78	0.596048	0.1682764
4250	-1590.2	-1591.31	1.11096	0.1408527
4260	-1639.12	-1641.24	2.12534	0.08106834
4270	-1683.28	-1685.58	2.30489	0.06032039
4280	-1644.15	-1646.31	2.16195	0.07810151
4290	-1587.92	-1588.61	0.693964	0.1630553
4300	-1629.9	-1631.94	2.04313	0.08712987
4310	-1706.96	-1709.26	2.30174	0.05248495
4320	-1649.87	-1652.07	2.19752	0.07496658
4330	-1645.11	-1647.28	2.16838	0.07755614
4340	-1791.51	-1793.42	1.91432	0.03361931
4350	-1591.15	-1592.32	1.1771	0.137315
4360	-1627.16	-1629.18	2.01436	0.08911411
4370	-1597.81	-1597.69	-0.126693	0.207425
4380	-1605.44	-1607.11	1.67634	0.1098822
4390	-1614.44	-1616.29	1.84586	0.09989513
4400	-1760.17	-1762.29	2.11794	0.03938832
4410	-1668.95	-1671.23	2.27728	0.0659666
4420	-1591.82	-1593.04	1.21797	0.1351227
4430	-1673.42	-1675.7	2.28856	0.06411858
4440	-1719.59	-1721.87	2.27856	0.04889355
4450	-1603.46	-1603.1	-0.360493	0.2204236
4460	-1591.83	-1593.04	1.21812	0.1351147
4470	-1593.27	-1593.38	0.111359	0.1943782
4480	-1588.43	-1588.97	0.546736	0.1709105
4490	-1594.41	-1595.75	1.3449	0.1282764
4500	-1590.52	-1591.66	1.13475	0.1395814
4510	-1588.25	-1588.83	0.582071	0.1690226
4520	-1649.8	-1651.99	2.19709	0.07500584
4530	-1635.54	-1637.64	2.09597	0.08331354
4540	-1688.23	-1690.54	2.30895	0.05854153
4550	-1615.82	-1617.68	1.8674	0.09857688
4560	-1591.15	-1591.4	0.255174	0.1865768
4570	-1592.92	-1594.2	1.2766	0.1319687
4580	-1725.27	-1727.54	2.26373	0.04739054
4590	-1634.19	-1636.27	2.08405	0.08419682
4600	-1757.31	-1759.45	2.13321	0.03997382
4610	-1588.19	-1589.07	0.87538	0.1534015
4620	-1603.1	-1604.72	1.62157	0.1129995
4630	-1653.81	-1656.03	2.21859	0.07294106
4640	-1617.9	-1619.8	1.8983	0.09666105
4650	-1631.83	-1633.9	2.06222	0.08577927
4660	-1614.53	-1616.38	1.84726	0.09980981
4670	-1589.09	-1590.1	1.00936	0.1462718
4680	-1609.65	-1611.41	1.76253	0.1048789
4690	-1600.48	-1602.04	1.55276	0.1168633
4700	-1609.94	-1611.71	1.76813	0.1045491
4710	-1600.5	-1602.05	1.55322	0.1168373
4720	-1589.91	-1590.99	1.08718	0.142123
4730	-1700.05	-1702.36	2.30835	0.05460673
4740	-1675.14	-1677.43	2.29224	0.06342783
4750	-1608.99	-1610.74	1.75002	0.105614
4760	-1588.88	-1589.86	0.984967	0.1475706
4770	-1689.8	-1687.49	-2.30855	0.3380775
4780	-1589.77	-1590.15	0.37439	0.1801495
4790	-1587.91	-1588.69	0.77479	0.1587523
4800	-1595.87	-1597.27	1.40341	0.1250941
4810	-1624.07	-1626.05	1.97907	0.09147838
4820	-1664.16	-1666.42	2.26227	0.06804723
4830	-1616.06	-1617.93	1.87112	0.09834797
4840	-1657.16	-1659.4	2.23453	0.07129006
4850	-1635.1	-1637.2	2.09215	0.08359793
4860	-1598.63	-1600.13	1.498	0.1199023
4870	-1588.09	-1588.71	0.623131	0.1668311
4880	-1631.14	-1633.19	2.05548	0.08625939
4890	-1588.19	-1588.79	0.595035	0.1683304
4900	-1642.85	-1645	2.15298	0.0788492
4910	-1614.84	-1616.7	1.85226	0.09950484
4920	-1590.68	-1590.97	0.292745	0.1845476
4930	-1588.59	-1589.11	0.519054	0.1723908
4940	-1657.13	-1659.37	2.2344	0.07130439
4950	-1604.93	-1606.6	1.66493	0.1105351
4960	-1604.16	-1605.8	1.64705	0.1115544
4970	-1608.79	-1610.54	1.74617	0.1058391
4980	-1589.82	-1590.9	1.07977	0.142518
4990	-1632.5	-1634.57	2.06851	0.08532774
5000	-1661.29	-1663.54	2.25177	0.0693454
5010	-1869.88	-1871.02	1.14075	0.02309205
5020	-1706.14	-1708.45	2.30274	0.05272819
5030	-1811.48	-1813.23	1.75178	0.03047852
5040	-1709.66	-1711.95	2.29796	0.0516872
5050	-1679.2	-1681.5	2.29951	0.06184689
5060	-1670.58	-1672.86	2.28168	0.06528318
5070	-1627.41	-1629.42	2.01705	0.08893109
5080	-1590.54	-1590.84	0.304454	0.1839159
5090	-1621.23	-1620.31	-0.91629	0.2521784
5100	-1592.36	-1592.52	0.169337	0.1912264
5110	-1604.32	-1603.93	-0.392526	0.22222
5120	-1588.25	-1588.83	0.581512	0.1690525
5130	-1588.68	-1589.64	0.959906	0.1489046
5140	-1616.6	-1618.48	1.87925	0.09784562
5150	-1606.68	-1608.38	1.70326	0.1083332
5160	-1587.9	-1588.65	0.75486	0.159813
5170	-1646.1	-1648.27	2.17477	0.07700559
5180	-1588.27	-1589.17	0.893088	0.1524596
5190	-1681.81	-1684.11	2.30317	0.06086397
5200	-1664.39	-1666.65	2.26307	0.06794385
5210	-1603.89	-1605.53	1.64065	0.1119186
5220	-1779.28	-1781.28	2.00148	0.03573698
5230	-1671.21	-1673.5	2.28331	0.06501943
5240	-1678.52	-1680.82	2.29843	0.06210805
5250	-1598.99	-1598.81	-0.179606	0.2103499
5260	-1588.43	-1589.35	0.921219	0.1509631
5270	-1611.19	-1610.57	-0.625382	0.235399
5280	-1592.1	-1593.33	1.23356	0.1342851
5290	-1740.29	-1742.5	2.21214	0.04370675
5300	-1646.87	-1649.05	2.17965	0.0765787
5310	-1619.85	-1621.77	1.92542	0.09495092
5320	-1588.25	-1589.14	0.888703	0.1526928
5330	-1599.4	-1600.92	1.52138	0.1186083
5340	-1643.93	-1646.09	2.16045	0.07822759
5350	-1716.8	-1719.09	2.28486	0.04965583
5360	-1588.04	-1588.68	0.638257	0.1660243
5370	-1590.78	-1591.93	1.15256	0.138629
5380	-1595.56	-1595.54	-0.0166582	0.2013723
5390	-1630.8	-1632.86	2.0522	0.08649131
5400	-1593	-1593.13	0.127656	0.1934913
5410	-1618.38	-1620.28	1.90509	0.09623521
5420	-1628.19	-1630.22	2.02547	0.08835426
5430	-1680.34	-1682.65	2.30121	0.06141239
5440	-1684.01	-1686.32	2.30566	0.06005147
5450	-1659.94	-1662.18	2.2464	0.06997284
5460	-1650.51	-1652.71	2.20113	0.07462979
5470	-1603.31	-1602.95	-0.354719	0.2201002
5480	-1602.86	-1604.48	1.61562	0.1133361
5490	-1707.57	-1709.87	2.30094	0.05230316
5500	-1737.47	-1739.69	2.22316	0.04436833
5510	-1665.69	-1667.96	2.26742	0.06736764
5520	-1696.89	-1699.2	2.30987	0.05562063
5530	-1689.42	-1691.73	2.30953	0.05812668
5540	-1637.59	-1639.7	2.11313	0.08201492
5550	-1610.11	-1609.52	-0.590923	0.2334351
5560	-1592.93	-1593.06	0.132238	0.1932421
5570	-1641.03	-1643.17	2.13985	0.07991819
5580	-1637.63	-1639.74	2.11348	0.08198778
5590	-1589.4	-1590.44	1.04145	0.1445621
5600	-1726.75	-1729.01	2.25943	0.04700918
5610	-1756.35	-1758.49	2.13821	0.0401728
5620	-1708.63	-1710.93	2.29948	0.05198914
5630	-1588.24	-1589.12	0.88585	0.1528446
5640	-1612.07	-1613.87	1.8063	0.1022822
5650	-1611.34	-1613.13	1.79351	0.1030454
5660	-1705.95	-1708.25	2.30297	0.05278595
5670	-1651.52	-1653.73	2.20667	0.07410533
5680	-1632.09	-1634.15	2.06464	0.08560559
5690	-1625.37	-1627.36	1.99428	0.09046826
5700	-1591.91	-1592.11	0.199484	0.1895912
5710	-1603.9	-1603.52	-0.377049	0.2213516
5720	-1608.11	-1607.59	-0.52552	0.2297208
5730	-1587.91	-1588.67	0.76718	0.1591573
5740	-1587.89	-1588.64	0.746087	0.1602799
5750	-1609.91	-1611.68	1.76749	0.1045868
5760	-1599.14	-1600.66	1.51363	0.1190375
5770	-1628.7	-1630.73	2.03086	0.08798299
5780	-1665.81	-1668.08	2.2678	0.06731627
5790	-1774.42	-1776.45	2.0334	0.03662356
5800	-1677.03	-1679.32	2.29587	0.06268444
5810	-1590.67	-1591.82	1.14541	0.1390112
5820	-1658.61	-1660.85	2.24089	0.07059512
5830	-1588.1	-1588.95	0.851752	0.1546582
5840	-1593.07	-1594.35	1.28372	0.1315847
5850	-1595.27	-1596.65	1.38006	0.1263662
5860	-1628.85	-1630.88	2.03237	0.08787846
5870	-1681.95	-1684.26	2.30335	0.06081007
5880	-1617.36	-1619.25	1.89042	0.09715266
5890	-1595.3	-1596.68	1.38149	0.1262886
5900	-1600.1	-1601.64	1.54182	0.1174725
5910	-1622.38	-1624.34	1.95834	0.09283613
5920	-1596.8	-1598.24	1.4373	0.1232416
5930	-1631.36	-1633.41	2.05759	0.0861093
5940	-1604.65	-1606.3	1.65841	0.1109072
5950	-1626.41	-1628.41	2.00605	0.08967718
5960	-1683.78	-1686.08	2.30542	0.06013774
5970	-1695.12	-1697.44	2.3103	0.05619798
5980	-1649.83	-1652.03	2.19728	0.0749882
5990	-1642.06	-1644.21	2.14741	0.07930624
6000	-1591.92	-1593.14	1.22333	0.134835
6010	-1601.41	-1602.99	1.57816	0.1154434
6020	-1598.58	-1600.07	1.49624	0.1199993
6030	-1694.17	-1696.48	2.3104	0.05651533
6040	-1668.35	-1670.62	2.27557	0.06622098
6050	-1591.78	-1591.99	0.208814	0.1890856
6060	-1600.52	-1602.07	1.5538	0.1168053
6070	-1626.68	-1628.69	2.00903	0.0894761
6080	-1599.91	-1601.44	1.53627	0.1177815
6090	-1589.69	-1590.75	1.06826	0.1431324
6100	-1751.79	-1753.95	2.16113	0.04113861
6110	-1761.37	-1763.48	2.11136	0.03914559
6120	-1782.8	-1784.78	1.97738	0.03511118
6130	-1622.44	-1624.4	1.95913	0.0927846
6140	-1589.56	-1590.62	1.05698	0.1437337
6150	-1597.09	-1598.53	1.44725	0.1226963
6160	-1687.11	-1689.42	2.30826	0.05893847
6170	-1630.97	-1633.03	2.05386	0.0863739
6180	-1667.94	-1670.21	2.27437	0.0663957
6190	-1649.32	-1651.51	2.19432	0.07526115
6200	-1615.2	-1617.06	1.85787	0.09916219
6210	-1606.83	-1608.53	1.70638	0.1081535
6220	-1596.37	-1596.32	-0.0581187	0.2036483
6230	-1608	-1609.73	1.73052	0.106753
6240	-1624.91	-1623.89	-1.01286	0.2578302
6250	-1595.54	-1595.53	-0.0160937	0.2013414
6260	-1631.83	-1633.89	2.06214	0.08578478
6270	-1709.36	-1711.66	2.2984	0.05177299
6280	-1592.6	-1593.86	1.26006	0.1328598
6290	-1611.08	-1612.86	1.78884	0.1033233
6300	-1624.75	-1626.74	1.98709	0.0909475
6310	-1617.17	-1619.06	1.88774	0.09731942
6320	-1595.12	-1596.5	1.37441	0.126674
6330	-1595.21	-1596.59	1.37774	0.1264928
6340	-1620.11	-1622.04	1.92889	0.09473008
6350	-1700.88	-1703.19	2.30779	0.05434603
6360	-1632.7	-1634.77	2.07041	0.08519035
6370	-1597.52	-1597.4	-0.112972	0.2066681
6380	-1638.49	-1640.61	2.12036	0.08145673
6390	-1624.53	-1626.51	1.98445	0.09112221
6400	-1731.94	-1734.18	2.24301	0.04570655
6410	-1769.33	-1771.39	2.0652	0.03758313
6420	-1693.54	-1695.85	2.31042	0.05672497
6430	-1744.04	-1746.23	2.19658	0.04284695
6440	-1808.57	-1810.35	1.77702	0.03091413
6450	-1797.55	-1799.42	1.86776	0.03262971
6460	-1772.98	-1775.02	2.04259	0.03689249
6470	-1659.35	-1661.59	2.24397	0.07024965
6480	-1776.93	-1778.94	2.01712	0.0361628
6490	-1757.29	-1759.42	2.13333	0.03997838
6500	-1643.91	-1646.07	2.16031	0.07823894
6510	-1704.62	-1706.92	2.30447	0.0531901
6520	-1602.65	-1604.26	1.61025	0.1136391
6530	-1597.55	-1599.01	1.46293	0.1218348
6540	-1636.3	-1638.4	2.10243	0.08282853
6550	-1607.57	-1609.3	1.72187	0.1072561
6560	-1624.7	-1626.69	1.98654	0.09098371
6570	-1621.19	-1623.14	1.94322	0.09381314
6580	-1589.15	-1590.17	1.01664	0.1458838
6590	-1692.47	-1690.12	-2.35223	0.3409369
6600	-1644.63	-1643.16	-1.47158	0.2852714
6610	-1664.45	-1662.58	-1.86545	0.3096621
6620	-1617.9	-1619.79	1.89823	0.09666494
6630	-1589.14	-1590.15	1.01471	0.1459868
6640	-1610.39	-1609.79	-0.599992	0.2339515
6650	-1589.23	-1589.66	0.432848	0.1770093
6660	-1590.59	-1591.73	1.13974	0.1393149
6670	-1604.79	-1606.45	1.66171	0.1107189
6680	-1611.77	-1613.57	1.80112	0.1025922
6690	-1594.59	-1595.94	1.35243	0.1278678
6700	-1612.97	-1614.79	1.8217	0.1013581
6710	-1702.53	-1704.84	2.30649	0.05383037
6720	-1631.46	-1633.52	2.05863	0.08603533
6730	-1688.68	-1690.99	2.30918	0.05838592
6740	-1608.8	-1610.55	1.74634	0.1058291
6750	-1663.31	-1665.57	2.25928	0.06842679
6760	-1757.44	-1759.57	2.13255	0.03994758
6770	-1673.59	-1675.87	2.28894	0.06404994
6780	-1599.23	-1600.75	1.51639	0.1188849
6790	-1588.93	-1589.93	0.991878	0.1472026
6800	-1665.84	-1668.1	2.26788	0.06730531
6810	-1603.42	-1605.05	1.6294	0.1125567
6820	-1695.63	-1697.94	2.31021	0.05603179
6830	-1651.46	-1653.67	2.20634	0.07413664
6840	-1602.44	-1604.05	1.60516	0.1139264
6850	-1677.69	-1679.98	2.29703	0.06242868
6860	-1705.94	-1708.25	2.30298	0.05278836
6870	-1773.04	-1775.08	2.04217	0.03688014
6880	-1627.24	-1629.25	2.01519	0.08905775
6890	-1591.78	-1592.99	1.21525	0.1352691
6900	-1650.98	-1653.18	2.2037	0.07438756
6910	-1594.73	-1596.08	1.35815	0.1275572
6920	-1615.24	-1617.09	1.85842	0.0991283
6930	-1661.99	-1664.25	2.25445	0.06902312
6940	-1688.66	-1690.97	2.30918	0.0583911
6950	-1593.06	-1594.35	1.28348	0.1315975
6960	-1605.23	-1604.8	-0.425476	0.224072
6970	-1620.5	-1622.44	1.93417	0.09439334
6980	-1588.33	-1589.23	0.903975	0.1518805
6990	-1619.21	-1618.35	-0.861139	0.2489693
7000	-1590.29	-1590.62	0.325914	0.182759
7010	-1592.84	-1594.12	1.27261	0.1321836
7020	-1745.79	-1747.98	2.18894	0.04245264
7030	-1728.02	-1730.28	2.25562	0.04668646
7040	-1620.94	-1622.88	1.93988	0.09402777
7050	-1591.2	-1592.39	1.18073	0.1371202
7060	-1587.94	-1588.74	0.794126	0.1577235
7070	-1620.42	-1619.52	-0.894321	0.2508985
7080	-1591.84	-1592.04	0.204477	0.1893206
7090	-1591.35	-1591.59	0.24032	0.1873801
7100	-1596.85	-1598.29	1.439	0.1231481
7110	-1591.57	-1592.77	1.20306	0.1359232
7120	-1634.56	-1636.65	2.08735	0.08395366
7130	-1628.62	-1630.65	2.02994	0.08804682
7140	-1686.55	-1688.85	2.30786	0.05913856
7150	-1760.84	-1762.96	2.11426	0.03925173
7160	-1600.94	-1600.68	-0.261892	0.2149178
7170	-1588.01	-1588.84	0.825629	0.1560477
7180	-1591.16	-1592.34	1.17782	0.1372764
7190	-1588.71	-1589.67	0.963488	0.148714
7200	-1664.65	-1666.91	2.26396	0.06782812
7210	-1597.06	-1598.5	1.44617	0.1227555
7220	-1685.18	-1687.49	2.30676	0.05962787
7230	-1668.76	-1671.04	2.27676	0.06604442
7240	-1650.08	-1652.28	2.19869	0.07485815
7250	-1625.06	-1627.05	1.99069	0.09070764
7260	-1655.16	-1657.38	2.22521	0.07226948
7270	-1753.04	-1755.2	2.15497	0.04087002
7280	-1795.6	-1797.49	1.88302	0.03294472
7290	-1600.52	-1602.08	1.5539	0.1167993
7300	-1614.31	-1616.15	1.84369	0.1000274
7310	-1630.23	-1632.28	2.04653	0.08689126
7320	-1614.2	-1616.05	1.84205	0.1001272
7330	-1597.07	-1598.51	1.44656	0.1227337
7340	-1589.38	-1590.42	1.0398	0.1446496
7350	-1693.51	-1695.82	2.31042	0.05673468
7360	-1658.68	-1660.92	2.24115	0.07056569
7370	-1749.86	-1752.03	2.17036	0.0415554
7380	-1606.01	-1607.69	1.68882	0.1091656
7390	-1592.96	-1593.09	0.130348	0.1933449
7400	-1604.69	-1606.35	1.6595	0.1108454
7410	-1591.52	-1591.75	0.227097	0.1880956
7420	-1588.16	-1588.76	0.602412	0.1679367
7430	-1600.69	-1602.25	1.55864	0.116535
7440	-1613.56	-1615.39	1.83156	0.1007626
7450	-1609.82	-1611.59	1.7659	0.1046809
7460	-1595.04	-1596.42	1.3712	0.1268483
7470	-1627.48	-1626.41	-1.078	0.2616667
7480	-1618.81	-1620.72	1.91121	0.09585053
7490	-1587.98	-1588.8	0.814527	0.1566383
7500	-1609.58	-1611.34	1.76135	0.1049485
7510	-1705.9	-1708.2	2.30303	0.05280107
7520	-1642.7	-1644.86	2.15197	0.07893219
7530	-1735.19	-1732.2	-2.99359	0.3841729
7540	-1606.34	-1605.87	-0.464818	0.2262887
7550	-1588.69	-1589.2	0.503079	0.1732457
7560	-1602.66	-1604.27	1.61067	0.1136154
7570	-1594.36	-1595.7	1.34262	0.1283998
7580	-1645.67	-1647.84	2.17202	0.0772436
7590	-1619.29	-1621.21	1.9178	0.09543404
7600	-1707.08	-1709.39	2.30157	0.05244624
7610	-1629.13	-1631.16	2.03528	0.08767708
7620	-1603.75	-1605.39	1.63733	0.1121068
7630	-1662.3	-1664.55	2.25559	0.06888469
7640	-1859.08	-1860.35	1.2684	0.02428673
7650	-1588.17	-1588.77	0.601145	0.1680043
7660	-1628.33	-1630.36	2.02697	0.0882512
7670	-1634.15	-1636.24	2.08372	0.08422095
7680	-1675.72	-1678.01	2.2934	0.06319903
7690	-1776.25	-1778.27	2.02156	0.03628661
7700	-1632.02	-1634.09	2.06401	0.08565065
7710	-1588.3	-1589.19	0.897551	0.1522222
7720	-1592.73	-1592.87	0.145162	0.1925395
7730	-1642.24	-1644.38	2.14865	0.07920434
7740	-1604.19	-1605.84	1.64781	0.1115112
7750	-1587.96	-1588.76	0.802565	0.1572746
7760	-1654.45	-1656.67	2.22178	0.07261964
7770	-1627.73	-1626.65	-1.08421	0.2620333
7780	-1602.55	-1604.16	1.60777	0.1137792
7790	-1708.48	-1710.78	2.29969	0.05203262
7800	-1769.01	-1771.07	2.06714	0.03764429
7810	-1648.18	-1650.37	2.18763	0.07586946
7820	-1725.47	-1727.73	2.26317	0.04733982
7830	-1597.17	-1598.62	1.45009	0.1225404
7840	-1689.52	-1691.83	2.30957	0.05809195
7850	-1640.74	-1642.87	2.1377	0.08009028
7860	-1769.47	-1771.54	2.0643	0.03755462
7870	-1740.7	-1742.91	2.2105	0.04361205
7880	-1647.63	-1649.82	2.18432	0.07616518
7890	-1621.62	-1623.57	1.94873	0.09345829
7900	-1588.84	-1589.32	0.481471	0.1744027
7910	-1593.38	-1593.48	0.104525	0.1947504
7920	-1643.87	-1646.03	2.16007	0.07825922
7930	-1594.02	-1595.35	1.32814	0.1291844
7940	-1593.24	-1593.35	0.113153	0.1942805
7950	-1606.47	-1606	-0.46929	0.2265411
7960	-1590.78	-1591.06	0.284679	0.184983
7970	-1656.6	-1654.89	-1.71558	0.300288
7980	-1619.24	-1618.38	-0.86208	0.2490239
7990	-1591.87	-1593.1	1.22087	0.1349673
8000	-1614.23	-1616.08	1.84254	0.100097
8010	-1623.69	-1625.67	1.9745	0.0917794
8020	-1603.81	-1605.45	1.63881	0.1120229
8030	-1800.04	-1801.89	1.8479	0.03223198
8040	-1660.69	-1662.94	2.24944	0.06962044
8050	-1614.01	-1615.85	1.83899	0.1003125
8060	-1605.65	-1607.33	1.68103	0.1096132
8070	-1643.81	-1645.97	2.15968	0.0782919
8080	-1643.94	-1646.1	2.16052	0.07822104
8090	-1629.04	-1631.07	2.03435	0.08774139
8100	-1587.94	-1588.62	0.680338	0.1637812
8110	-1591.58	-1591.8	0.223196	0.1883067
8120	-1589.53	-1590.58	1.05394	0.1438958
8130	-1587.98	-1588.8	0.814189	0.1566562
8140	-1595.66	-1595.64	-0.0222535	0.2016792
8150	-1592.54	-1592.7	0.156957	0.1918986
8160	-1602.23	-1603.83	1.59957	0.1142407
8170	-1617.99	-1619.89	1.89956	0.09658179
8180	-1627.48	-1629.5	2.01782	0.08887834
8190	-1597.08	-1596.99	-0.0922903	0.2055284
8200	-1587.92	-1588.7	0.78021	0.1584639
8210	-1597.49	-1598.95	1.46091	0.1219462
8220	-1594.01	-1595.34	1.32744	0.1292223
8230	-1587.98	-1588.79	0.813505	0.1566926
8240	-1659.95	-1662.19	2.24644	0.06996828
8250	-1618.89	-1620.8	1.91228	0.09578323
8260	-1646.54	-1648.72	2.17758	0.0767604
8270	-1701.59	-1703.9	2.30726	0.05412308
8280	-1625.23	-1627.23	1.9927	0.09057345
8290	-1621.31	-1623.26	1.94478	0.09371272
8300	-1589.92	-1591.01	1.08822	0.1420672
8310	-1607.76	-1609.49	1.72565	0.1070363
8320	-1588.34	-1588.9	0.562822	0.1700508
8330	-1606.16	-1607.85	1.69219	0.1089717
8340	-1590	-1591.09	1.09456	0.1417285
8350	-1588.44	-1589.36	0.923587	0.1508372
8360	-1682.99	-1685.29	2.30457	0.06042725
8370	-1730.13	-1732.38	2.24897	0.04615472
8380	-1656.82	-1659.05	2.23298	0.07145642
8390	-1702.01	-1704.31	2.30693	0.05399362
8400	-1654.46	-1656.68	2.22181	0.07261674
8410	-1606.59	-1608.29	1.70129	0.108447
8420	-1610.84	-1612.63	1.78466	0.1035716
8430	-1638.8	-1640.92	2.12286	0.08126253
8440	-1757.38	-1759.51	2.13285	0.03995955
8450	-1643.85	-1646.01	2.15995	0.07826907
8460	-1617.66	-1619.56	1.89483	0.09687733
8470	-1588	-1588.82	0.820364	0.1563278
8480	-1636.6	-1638.7	2.10493	0.08263976
8490	-1645.03	-1647.2	2.16785	0.07760135
8500	-1651.19	-1653.4	2.20489	0.07427462
8510	-1675.31	-1677.6	2.29258	0.06336158
8520	-1632.91	-1634.98	2.07238	0.08504819
8530	-1708.86	-1711.15	2.29915	0.0519217
8540	-1623.39	-1625.36	1.97082	0.09202098
8550	-1642.9	-1645.06	2.15337	0.07881664
8560	-1611.21	-1613	1.79123	0.1031816
8570	-1611.85	-1613.65	1.80247	0.1025112
8580	-1699.39	-1701.69	2.30875	0.05481794
8590	-1643	-1645.15	2.15403	0.07876243
8600	-1591.82	-1592.02	0.206014	0.1892373
8610	-1594.75	-1596.11	1.35922	0.1274991
8620	-1588.17	-1589.05	0.871713	0.1535965
8630	-1609.11	-1610.86	1.75228	0.1054812
8640	-1633.77	-1635.85	2.08023	0.08447711
8650	-1605.65	-1605.21	-0.440444	0.2249147
8660	-1594.64	-1595.99	1.35458	0.1277512
8670	-1617.1	-1618.98	1.88663	0.09738838
8680	-1788.11	-1790.05	1.93953	0.03419252
8690	-1636.74	-1638.84	2.10613	0.08254868
8700	-1657.73	-1659.97	2.23708	0.07101477
8710	-1629.44	-1631.48	2.03851	0.08745252
8720	-1660.11	-1662.36	2.2471	0.06989184
8730	-1725.24	-1727.5	2.26384	0.04740043
8740	-1667.47	-1669.74	2.27298	0.06659672
8750	-1667.67	-1669.94	2.27356	0.06651287
8760	-1593.66	-1594.97	1.31154	0.1300825
8770	-1600.85	-1602.42	1.56303	0.1162898
8780	-1627.58	-1626.5	-1.08053	0.2618165
8790	-1602.39	-1604	1.60384	0.1140002
8800	-1588.21	-1589.09	0.880118	0.1531494
8810	-1599.1	-1598.91	-0.184339	0.210612
8820	-1600.25	-1601.8	1.54614	0.1172323
8830	-1674.47	-1672.42	-2.04739	0.3212014
8840	-1612.09	-1613.9	1.8067	0.1022585
8850	-1596.26	-1597.68	1.41781	0.1243076
8860	-1592.81	-1594.08	1.27071	0.132286
8870	-1592.71	-1592.85	0.146331	0.1924759
8880	-1590.1	-1590.44	0.343341	0.1818202
8890	-1611.57	-1610.93	-0.637171	0.236072
8900	-1647.69	-1649.87	2.18466	0.07613546
8910	-1592.69	-1592.84	0.147543	0.1924101
8920	-1673.79	-1676.08	2.28938	0.06396921
8930	-1649.07	-1651.26	2.19287	0.0753941
8940	-1763.39	-1765.49	2.10006	0.03874164
8950	-1600.11	-1601.65	1.54215	0.1174541
8960	-1633.99	-1636.07	2.08225	0.08432891
8970	-1591.46	-1591.69	0.231785	0.1878418
8980	-1589.62	-1590.01	0.39003	0.1793086
8990	-1590.55	-1591.69	1.13673	0.1394756
9000	-1653.52	-1655.74	2.21716	0.07308353
9010	-1637	-1639.11	2.10828	0.08238517
9020	-1595.48	-1596.87	1.38859	0.1259023
9030	-1674.8	-1677.09	2.29155	0.06356234
9040	-1702.56	-1704.87	2.30646	0.05382097
9050	-1617.94	-1619.84	1.89884	0.09662701
9060	-1587.95	-1588.63	0.673699	0.164135
9070	-1616.06	-1617.94	1.87118	0.09834438
9080	-1656.18	-1658.41	2.23007	0.07176464
9090	-1642.89	-1645.05	2.1533	0.07882258
9100	-1592.53	-1593.79	1.25653	0.1330499
9110	-1588.55	-1589.49	0.941234	0.1498983
9120	-1597.86	-1599.34	1.47333	0.1212631
9130	-1709.49	-1711.79	2.29821	0.0517349
9140	-1628.81	-1630.85	2.03202	0.08790302
9150	-1589.61	-1590	0.391057	0.1792535
9160	-1613.4	-1612.7	-0.693404	0.2392902
9170	-1619.32	-1621.24	1.91822	0.09540797
9180	-1607.9	-1609.63	1.72849	0.1068709
9190	-1591.4	-1591.63	0.236448	0.1875895
9200	-1600.53	-1600.29	-0.245309	0.2139953
9210	-1603.15	-1602.8	-0.348655	0.2197607
9220	-1601.12	-1602.69	1.57034	0.115881
9230	-1595.07	-1596.44	1.37208	0.1268006
9240	-1657.01	-1659.24	2.23384	0.07136391
9250	-1818.31	-1820	1.69063	0.02948627
9260	-1640.37	-1642.51	2.13499	0.08030701
9270	-1660.3	-1662.55	2.24787	0.06980312
9280	-1596.65	-1598.08	1.43185	0.1235397
9290	-1594.88	-1596.24	1.36445	0.1272153
9300	-1624.5	-1626.48	1.98413	0.09114375
9310	-1622.04	-1624	1.95412	0.0931098
9320	-1653.91	-1656.13	2.21909	0.07289076
9330	-1615.17	-1617.03	1.85741	0.09918993
9340	-1590.01	-1590.36	0.351531	0.1813793
9350	-1596.81	-1596.73	-0.0795988	0.2048297
9360	-1641.23	-1643.37	2.14132	0.07979954
9370	-1654	-1656.22	2.21956	0.07284374
9380	-1646.26	-1648.43	2.17577	0.07691795
9390	-1588.1	-1588.95	0.85198	0.1546461
9400	-1608.98	-1610.73	1.74984	0.1056243
9410	-1623.32	-1625.29	1.97004	0.09207209
9420	-1591.72	-1591.93	0.212917	0.1888633
9430	-1660.74	-1662.99	2.24961	0.06960058
9440	-1648.7	-1650.9	2.19075	0.07558681
9450	-1601.57	-1603.16	1.58252	0.115199
9460	-1593.24	-1593.35	0.113116	0.1942825
9470	-1592.34	-1593.59	1.24678	0.1335747
9480	-1589.42	-1590.46	1.04372	0.1444408
9490	-1592.25	-1592.42	0.176553	0.1908348
9500	-1605.92	-1605.47	-0.450032	0.2254549
9510	-1588.91	-1589.38	0.472073	0.1749061
9520	-1591.94	-1593.17	1.22479	0.1347565
9530	-1604.93	-1606.6	1.66496	0.1105336
9540	-1590.99	-1592.16	1.16702	0.1378548
9550	-1595	-1596.37	1.36937	0.1269476
9560	-1591.9	-1592.1	0.200587	0.1895314
9570	-1624.09	-1626.07	1.97927	0.09146501
9580	-1662.67	-1664.93	2.25697	0.0687156
9590	-1609.28	-1611.03	1.7555	0.1052923
9600	-1604.58	-1606.23	1.65683	0.1109975
9610	-1624.31	-1626.29	1.98195	0.09128822
9620	-1654.8	-1657.03	2.22351	0.07244363
9630	-1601.98	-1603.57	1.59314	0.1146023
9640	-1608.18	-1609.91	1.7341	0.1065444
9650	-1618.01	-1619.91	1.89984	0.0965644
9660	-1619.94	-1621.87	1.92666	0.09487208
9670	-1604.31	-1605.96	1.65071	0.1113464
9680	-1761.49	-1763.6	2.11068	0.03912077
9690	-1692.75	-1695.06	2.31038	0.05699081
9700	-1660.26	-1662.5	2.24769	0.06982352
9710	-1736.77	-1738.99	2.22581	0.04453571
9720	-1609.07	-1610.82	1.7516	0.1055214
9730	-1605.31	-1606.98	1.67344	0.1100483
9740	-1606.6	-1608.3	1.70151	0.1084347
9750	-1622.9	-1624.86	1.96481	0.09241467
9760	-1601.64	-1603.22	1.58425	0.1151017
9770	-1619.61	-1618.74	-0.872288	0.2496169
9780	-1611.35	-1613.15	1.79378	0.1030293
9790	-1617.88	-1619.77	1.89793	0.09668421
9800	-1638.41	-1640.53	2.11975	0.08150447
9810	-1647.06	-1649.24	2.18078	0.07647948
9820	-1589.79	-1590.16	0.373013	0.1802235
9830	-1604.6	-1604.2	-0.402845	0.2227996
9840	-1591.94	-1593.16	1.22443	0.1347757
9850	-1588.78	-1589.75	0.972314	0.1482442
9860	-1596.41	-1597.83	1.4232	0.1240131
9870	-1604.7	-1606.36	1.65966	0.1108364
9880	-1591.47	-1592.66	1.1969	0.1362534
9890	-1635.55	-1637.64	2.09602	0.08330994
9900	-1587.98	-1588.8	0.814911	0.1566178
9910	-1592.03	-1592.22	0.19155	0.1900213
9920	-1590.01	-1591.11	1.09594	0.1416551
9930	-1599.53	-1601.05	1.5252	0.1183962
9940	-1595.45	-1595.44	-0.011436	0.201086
9950	-1671.51	-1673.8	2.28407	0.06489468
9960	-1661.4	-1663.65	2.25218	0.06929586
9970	-1624.04	-1626.02	1.97873	0.09150073
9980	-1588.81	-1589.79	0.977051	0.1479921
9990	-1595.65	-1595.63	-0.0216356	0.2016453
10000	-1635.83	-1637.93	2.09844	0.08312818
