Iteration	Posterior	Likelihood	Prior	birth_rate
0	-1598.96	-1600.46	1.50796	0.1193513
10	-1587.92	-1588.7	0.780462	0.1584505
20	-1587.89	-1588.62	0.731078	0.1610788
30	-1588.85	-1589.33	0.48057	0.1744509
40	-1588.88	-1589.86	0.985009	0.1475684
50	-1588.75	-1589.72	0.969521	0.1483929
60	-1587.99	-1588.65	0.656556	0.1650487
70	-1588.55	-1589.49	0.940644	0.1499297
80	-1587.9	-1588.66	0.757477	0.1596737
90	-1588.11	-1588.97	0.856925	0.154383
100	-1588.23	-1588.82	0.585478	0.1688407
110	-1587.9	-1588.61	0.714643	0.1619539
120	-1594.61	-1594.65	0.0336896	0.1986157
130	-1590.37	-1590.69	0.318664	0.1831497
140	-1587.96	-1588.77	0.805566	0.1571149
150	-1592.14	-1593.38	1.23595	0.1341568
160	-1588.5	-1589.03	0.533388	0.1716241
170	-1590.83	-1591.11	0.279965	0.1852374
180	-1589.24	-1589.67	0.431267	0.1770942
190	-1589.05	-1590.05	1.00485	0.146512
200	-1606.68	-1608.38	1.7032	0.1083373
210	-1588.59	-1589.54	0.946964	0.1495934
220	-1591.29	-1592.48	1.18628	0.1368228
230	-1587.89	-1588.62	0.723612	0.1614764
240	-1589.97	-1591.07	1.09291	0.1418166
250	-1588.07	-1588.91	0.843802	0.155081
260	-1591.88	-1592.08	0.201468	0.1894837
270	-1599.27	-1599.08	-0.191865	0.2110289
280	-1589.37	-1590.41	1.03854	0.144717
290	-1598.74	-1600.24	1.50138	0.1197156
300	-1590.76	-1591.05	0.285942	0.1849148
310	-1612.4	-1614.21	1.81204	0.1019382
320	-1589.87	-1590.24	0.364441	0.1806846
330	-1588.38	-1588.94	0.554615	0.1704893
340	-1595.1	-1596.48	1.37354	0.1267213
350	-1591.06	-1592.23	1.17146	0.137617
360	-1588.82	-1589.8	0.978236	0.147929
370	-1588.02	-1588.66	0.645562	0.1656348
380	-1588.87	-1589.86	0.984804	0.1475793
390	-1588.79	-1589.77	0.974562	0.1481245
400	-1590.14	-1591.24	1.10578	0.1411295
410	-1589.15	-1590.17	1.01622	0.1459062
420	-1588.17	-1588.77	0.600746	0.1680256
430	-1589.57	-1590.63	1.05771	0.1436948
440	-1591.78	-1593	1.21559	0.1352508
450	-1587.97	-1588.78	0.808493	0.1569592
460	-1591.27	-1592.45	1.18455	0.1369159
470	-1589.74	-1590.81	1.07318	0.1428695
480	-1589.09	-1590.1	1.00953	0.1462626
490	-1595.63	-1597.03	1.3943	0.1255908
500	-1591.4	-1592.6	1.19303	0.1364609
510	-1590.8	-1591.96	1.15437	0.1385319
520	-1589.42	-1590.46	1.04361	0.1444466
530	-1587.92	-1588.71	0.78362	0.1582825
540	-1600.93	-1600.67	-0.261716	0.214908
550	-1587.99	-1588.64	0.657448	0.1650011
560	-1596.44	-1597.87	1.42449	0.1239426
570	-1589.47	-1590.52	1.04837	0.1441927
580	-1588.13	-1589	0.861968	0.1541149
590	-1588.04	-1588.87	0.834185	0.1555926
600	-1590.41	-1590.73	0.315237	0.1833344
610	-1588.36	-1589.27	0.909673	0.1515774
620	-1591.36	-1592.55	1.19056	0.1365938
630	-1611.95	-1613.75	1.8043	0.1024022
640	-1587.9	-1588.61	0.71491	0.1619397
650	-1587.99	-1588.8	0.815484	0.1565873
660	-1591.09	-1592.27	1.1737	0.1374968
670	-1589.31	-1590.34	1.03284	0.1450206
680	-1596.42	-1597.85	1.4238	0.1239802
690	-1593.07	-1593.2	0.123293	0.1937287
700	-1587.92	-1588.61	0.694127	0.1630466
710	-1590.26	-1591.38	1.11568	0.1406005
720	-1587.9	-1588.61	0.714095	0.1619831
730	-1589.53	-1590.59	1.05437	0.143873
740	-1587.95	-1588.75	0.798806	0.1574746
750	-1594.02	-1595.35	1.32788	0.1291983
760	-1606.09	-1607.78	1.69055	0.1090662
770	-1594.08	-1595.41	1.33051	0.1290558
780	-1591.09	-1591.35	0.259588	0.1863382
790	-1592.42	-1593.67	1.25081	0.1333578
800	-1590.52	-1591.66	1.13468	0.1395854
810	-1588.17	-1589.04	0.869932	0.1536912
820	-1588.39	-1588.94	0.553643	0.1705413
830	-1589.83	-1590.2	0.368268	0.1804787
840	-1591.21	-1592.39	1.18079	0.137117
850	-1587.89	-1588.62	0.729495	0.1611632
860	-1590.14	-1590.48	0.339081	0.1820497
870	-1589.81	-1590.89	1.07903	0.1425575
880	-1588.98	-1589.44	0.463846	0.175347
890	-1588.32	-1588.89	0.567299	0.1698116
900	-1590	-1590.36	0.35194	0.1813573
910	-1593.31	-1593.42	0.108543	0.1945315
920	-1590.27	-1590.6	0.327646	0.1826657
930	-1603.42	-1603.06	-0.358939	0.2203366
940	-1588.04	-1588.68	0.637516	0.1660638
950	-1587.91	-1588.61	0.704686	0.1624842
960	-1594.78	-1596.14	1.36026	0.127443
970	-1589.24	-1589.67	0.431802	0.1770654
980	-1602.82	-1604.44	1.61473	0.1133861
990	-1591.5	-1592.7	1.19893	0.1361447
1000	-1592.85	-1594.12	1.27289	0.1321683
1010	-1595.19	-1596.56	1.37686	0.1265405
1020	-1595.4	-1596.79	1.38544	0.1260734
1030	-1587.92	-1588.7	0.778239	0.1585688
1040	-1598.01	-1599.49	1.47823	0.1209933
1050	-1588.04	-1588.87	0.833715	0.1556176
1060	-1589.68	-1590.75	1.06766	0.1431643
1070	-1589.3	-1590.33	1.03196	0.1450674
1080	-1588.11	-1588.97	0.856832	0.154388
1090	-1588.09	-1588.71	0.622015	0.1668906
1100	-1588.03	-1588.86	0.831091	0.1557571
1110	-1598.07	-1597.93	-0.13862	0.2080835
1120	-1588.39	-1589.31	0.914926	0.1512979
1130	-1591.76	-1592.98	1.21437	0.1353161
1140	-1590.53	-1591.67	1.13561	0.1395357
1150	-1594.79	-1596.15	1.36089	0.1274084
1160	-1589.18	-1589.62	0.438168	0.1767239
1170	-1595.43	-1596.81	1.38638	0.1260223
1180	-1590.39	-1590.71	0.316714	0.1832548
1190	-1625.68	-1627.68	1.99788	0.09022703
1200	-1593.24	-1594.53	1.292	0.1311378
1210	-1588.49	-1589.03	0.535375	0.1715179
1220	-1591.39	-1591.63	0.236654	0.1875784
1230	-1589.94	-1590.3	0.358078	0.181027
1240	-1594.84	-1596.2	1.36285	0.1273019
1250	-1587.98	-1588.64	0.659479	0.1648928
1260	-1588.19	-1589.06	0.875147	0.1534138
1270	-1588.53	-1589.47	0.937764	0.1500829
1280	-1588.12	-1588.98	0.857741	0.1543397
1290	-1589.39	-1590.43	1.04117	0.1445767
1300	-1589.54	-1590.6	1.05519	0.1438295
1310	-1590.82	-1591.97	1.15546	0.1384739
1320	-1588.06	-1588.9	0.841363	0.1552108
1330	-1590.29	-1590.62	0.325765	0.182767
1340	-1591.78	-1592.99	1.21535	0.1352634
1350	-1588.13	-1588.99	0.859954	0.1542219
1360	-1588.26	-1589.15	0.890408	0.1526022
1370	-1588.3	-1589.2	0.898737	0.1521591
1380	-1588.75	-1589.72	0.968613	0.1484412
1390	-1588.02	-1588.85	0.827459	0.1559504
1400	-1588.73	-1589.7	0.966542	0.1485514
1410	-1588.01	-1588.66	0.650341	0.16538
1420	-1594.52	-1594.56	0.0388217	0.1983352
1430	-1587.99	-1588.65	0.655848	0.1650864
1440	-1592.28	-1593.52	1.24312	0.1337711
1450	-1594.03	-1594.1	0.0663792	0.19683
1460	-1587.9	-1588.61	0.709863	0.1622085
1470	-1587.92	-1588.61	0.692324	0.1631427
1480	-1606.11	-1605.65	-0.456833	0.2258383
1490	-1588.7	-1589.2	0.501942	0.1733065
1500	-1587.93	-1588.72	0.788054	0.1580466
1510	-1598.67	-1600.17	1.49905	0.1198444
1520	-1590.48	-1590.79	0.309363	0.1836512
1530	-1587.93	-1588.71	0.783918	0.1582666
1540	-1588.42	-1588.97	0.546869	0.1709034
1550	-1615.91	-1617.78	1.86883	0.09848885
1560	-1588.31	-1589.21	0.899551	0.1521158
1570	-1600.97	-1602.53	1.56617	0.1161143
1580	-1600.16	-1601.7	1.54345	0.1173817
1590	-1590.45	-1591.58	1.12928	0.1398738
1600	-1603.5	-1603.14	-0.362115	0.2205145
1610	-1588.98	-1589.98	0.997416	0.1469078
1620	-1590.75	-1591.91	1.15111	0.1387065
1630	-1589.35	-1590.39	1.03683	0.1448082
1640	-1590.63	-1590.93	0.296719	0.1843332
1650	-1588.17	-1589.04	0.871379	0.1536143
1660	-1592.96	-1593.09	0.130577	0.1933324
1670	-1589.13	-1589.58	0.444159	0.1764026
1680	-1596.25	-1596.2	-0.0519374	0.2033087
1690	-1598.12	-1599.6	1.48159	0.1208081
1700	-1592.32	-1592.49	0.171922	0.1910861
1710	-1588.25	-1588.83	0.581458	0.1690554
1720	-1587.89	-1588.62	0.72492	0.1614067
1730	-1587.91	-1588.69	0.773686	0.1588111
1740	-1591.94	-1593.16	1.22456	0.1347691
1750	-1588.79	-1589.28	0.488201	0.1740422
1760	-1588.09	-1588.94	0.850076	0.1547473
1770	-1588.36	-1588.92	0.559925	0.1702056
1780	-1589.19	-1590.21	1.02044	0.1456816
1790	-1587.89	-1588.62	0.724372	0.1614359
1800	-1589.72	-1590.8	1.07173	0.1429473
1810	-1587.9	-1588.67	0.763592	0.1593482
1820	-1593.65	-1594.96	1.31142	0.1300891
1830	-1592.41	-1593.66	1.2501	0.1333959
1840	-1589.26	-1589.69	0.429379	0.1771955
1850	-1590.47	-1590.78	0.309808	0.1836272
1860	-1600.7	-1600.44	-0.251913	0.2143626
1870	-1590.57	-1591.7	1.13798	0.1394087
1880	-1603.67	-1605.31	1.63552	0.1122094
1890	-1588.13	-1588.74	0.610564	0.1675016
1900	-1587.9	-1588.61	0.714456	0.1619639
1910	-1596.69	-1598.12	1.43336	0.1234574
1920	-1588.06	-1588.69	0.629569	0.1664877
1930	-1595.8	-1597.2	1.40088	0.125232
1940	-1590.73	-1591.88	1.14966	0.1387838
1950	-1588.24	-1589.13	0.886329	0.1528191
1960	-1588.6	-1589.54	0.94779	0.1495494
1970	-1597	-1598.44	1.44421	0.1228627
1980	-1592.99	-1594.27	1.27985	0.1317936
1990	-1587.92	-1588.7	0.780945	0.1584249
2000	-1590.82	-1591.97	1.1555	0.1384715
2010	-1590.18	-1591.29	1.1091	0.1409525
2020	-1614.02	-1615.86	1.83916	0.1003022
2030	-1595.86	-1597.26	1.40306	0.1251133
2040	-1589.34	-1589.76	0.419942	0.177702
2050	-1589.12	-1590.13	1.01317	0.1460685
2060	-1590.43	-1591.56	1.12826	0.1399286
2070	-1589.59	-1589.98	0.393227	0.1791368
2080	-1588.39	-1589.3	0.914201	0.1513365
2090	-1588.79	-1589.77	0.974277	0.1481397
2100	-1587.99	-1588.64	0.657482	0.1649993
2110	-1593.52	-1594.83	1.30546	0.1304109
2120	-1589.15	-1590.17	1.01651	0.145891
2130	-1591.18	-1591.43	0.252749	0.1867079
2140	-1587.9	-1588.66	0.758659	0.1596107
2150	-1597.09	-1598.54	1.44743	0.1226862
2160	-1588.06	-1588.9	0.840627	0.15525
2170	-1590.65	-1591.79	1.14383	0.1390961
2180	-1588.86	-1589.84	0.982649	0.147694
2190	-1588.85	-1589.84	0.982261	0.1477147
2200	-1603.98	-1605.62	1.64285	0.1117936
2210	-1590.43	-1590.74	0.313592	0.1834231
2220	-1587.9	-1588.62	0.719696	0.1616849
2230	-1588.79	-1589.28	0.48902	0.1739983
2240	-1588.15	-1588.76	0.605566	0.1677684
2250	-1590.99	-1591.25	0.267808	0.1858941
2260	-1588.1	-1588.95	0.851719	0.15466
2270	-1588.76	-1589.25	0.493455	0.1737609
2280	-1588.02	-1588.67	0.644063	0.1657147
2290	-1592.23	-1592.41	0.177627	0.1907765
2300	-1594.18	-1595.51	1.3349	0.1288184
2310	-1589.69	-1590.76	1.06897	0.1430944
2320	-1600.5	-1602.05	1.55319	0.1168391
2330	-1588.59	-1589.54	0.946852	0.1495993
2340	-1593.79	-1595.11	1.31783	0.1297423
2350	-1588.19	-1588.79	0.595128	0.1683255
2360	-1588.75	-1589.25	0.494206	0.1737207
2370	-1590.9	-1592.06	1.16098	0.138178
2380	-1588.14	-1589.01	0.864124	0.1540002
2390	-1590.49	-1590.8	0.308078	0.1837204
2400	-1590.7	-1591.84	1.14711	0.1389207
2410	-1587.93	-1588.72	0.788015	0.1580487
2420	-1592.71	-1592.85	0.146465	0.1924687
2430	-1587.89	-1588.63	0.738027	0.1607089
2440	-1587.9	-1588.67	0.765445	0.1592496
2450	-1589.63	-1590.02	0.388638	0.1793834
2460	-1590.69	-1591.84	1.14689	0.1389324
2470	-1590.38	-1590.7	0.317575	0.1832084
2480	-1597.71	-1599.18	1.46826	0.1215422
2490	-1598.73	-1600.24	1.50113	0.1197295
2500	-1588.43	-1589.35	0.922071	0.1509178
2510	-1590.08	-1591.19	1.10167	0.1413491
2520	-1589.09	-1589.54	0.449616	0.1761099
2530	-1593.75	-1595.07	1.31588	0.129848
2540	-1590.63	-1591.77	1.14257	0.1391632
2550	-1587.98	-1588.8	0.813869	0.1566733
2560	-1589.29	-1589.72	0.425403	0.1774088
2570	-1588.12	-1588.73	0.613773	0.1673304
2580	-1587.96	-1588.63	0.670438	0.1643088
2590	-1589.31	-1589.73	0.423432	0.1775146
2600	-1587.92	-1588.69	0.77736	0.1586156
2610	-1588.21	-1589.09	0.880078	0.1531516
2620	-1608.19	-1609.92	1.73429	0.1065332
2630	-1592.3	-1592.48	0.172757	0.1910408
2640	-1590.03	-1590.38	0.349572	0.1814848
2650	-1601.19	-1600.92	-0.272143	0.2154886
2660	-1594.48	-1595.83	1.34796	0.1281102
2670	-1587.9	-1588.66	0.761007	0.1594858
2680	-1595.25	-1596.63	1.37927	0.1264095
2690	-1588.92	-1589.91	0.990364	0.1472833
2700	-1589.71	-1590.78	1.07035	0.1430208
2710	-1592.59	-1593.85	1.25971	0.1328787
2720	-1588.24	-1588.83	0.582948	0.1689758
2730	-1589.32	-1590.36	1.03404	0.1449568
2740	-1588.96	-1589.96	0.995487	0.1470105
2750	-1595.64	-1595.62	-0.0209242	0.2016063
2760	-1589.5	-1590.55	1.0516	0.1440206
2770	-1596.06	-1596.02	-0.0424827	0.2027893
2780	-1591.85	-1593.07	1.21952	0.1350394
2790	-1588.01	-1588.66	0.649658	0.1654164
2800	-1593.26	-1593.37	0.111731	0.194358
2810	-1601.03	-1602.6	1.56783	0.1160215
2820	-1591.75	-1592.97	1.21397	0.1353378
2830	-1588.34	-1589.24	0.905617	0.1517931
2840	-1588.3	-1588.87	0.571139	0.1696065
2850	-1588.46	-1589	0.540322	0.1712533
2860	-1590.65	-1590.94	0.295195	0.1844154
2870	-1588.21	-1588.8	0.590978	0.168547
2880	-1589.53	-1589.93	0.399473	0.1788012
2890	-1590.67	-1591.82	1.14551	0.1390063
2900	-1591.1	-1592.27	1.17407	0.1374774
2910	-1590.26	-1590.59	0.328228	0.1826343
2920	-1587.89	-1588.62	0.723074	0.161505
2930	-1599.77	-1601.3	1.53224	0.1180052
2940	-1588.4	-1589.32	0.917251	0.1511743
2950	-1589.76	-1590.13	0.3759	0.1800682
2960	-1594.43	-1594.48	0.0434859	0.1980802
2970	-1588.94	-1589.41	0.468902	0.1750761
2980	-1588.04	-1588.68	0.637734	0.1660522
2990	-1594.91	-1596.28	1.36595	0.1271337
3000	-1588.68	-1589.64	0.959904	0.1489048
3010	-1588.75	-1589.72	0.969287	0.1484053
3020	-1588.13	-1588.74	0.611804	0.1674354
3030	-1589.55	-1589.95	0.396864	0.1789414
3040	-1591.47	-1592.67	1.19716	0.1362396
3050	-1588.8	-1589.29	0.487782	0.1740647
3060	-1587.89	-1588.64	0.74527	0.1603234
3070	-1590.75	-1591.9	1.15089	0.138718
3080	-1588.66	-1589.62	0.957351	0.1490406
3090	-1604.72	-1604.31	-0.407097	0.2230385
3100	-1588.14	-1589.01	0.864373	0.1539869
3110	-1593.18	-1594.47	1.28918	0.1312902
3120	-1593.27	-1594.56	1.29349	0.1310575
3130	-1587.96	-1588.76	0.802033	0.1573029
3140	-1590.08	-1591.18	1.10106	0.1413816
3150	-1590.02	-1591.12	1.09693	0.1416023
3160	-1589.28	-1590.31	1.02991	0.1451767
3170	-1592.26	-1593.5	1.24202	0.1338306
3180	-1589.63	-1590.02	0.38896	0.1793661
3190	-1599	-1600.51	1.5094	0.119272
3200	-1589.58	-1590.64	1.05889	0.1436319
3210	-1587.91	-1588.61	0.699755	0.1627468
3220	-1590	-1590.35	0.352381	0.1813335
3230	-1591.47	-1592.66	1.19696	0.1362503
3240	-1587.91	-1588.69	0.774021	0.1587933
3250	-1589.74	-1590.12	0.377294	0.1799933
3260	-1593.31	-1594.6	1.29536	0.1309566
3270	-1591.15	-1592.33	1.17753	0.1372921
3280	-1588.25	-1589.14	0.888667	0.1526947
3290	-1588.96	-1589.95	0.994425	0.1470671
3300	-1588.59	-1589.11	0.519177	0.1723842
3310	-1589.24	-1589.68	0.430967	0.1771103
3320	-1594.15	-1594.21	0.0592302	0.1972203
3330	-1588.28	-1589.17	0.893745	0.1524246
3340	-1587.91	-1588.61	0.707604	0.1623288
3350	-1589.21	-1589.65	0.434523	0.1769195
3360	-1587.91	-1588.69	0.775003	0.158741
3370	-1590.76	-1591.04	0.286133	0.1849045
3380	-1594.24	-1595.58	1.3377	0.1286664
3390	-1588.23	-1588.82	0.585288	0.1688508
3400	-1587.95	-1588.63	0.67369	0.1641355
3410	-1589.29	-1589.72	0.4253	0.1774144
3420	-1588.48	-1589.01	0.5379	0.1713829
3430	-1589.47	-1590.52	1.04894	0.1441624
3440	-1588.8	-1589.29	0.487821	0.1740626
3450	-1591.07	-1592.25	1.17241	0.137566
3460	-1597.76	-1599.23	1.47007	0.1214421
3470	-1588.12	-1588.73	0.614278	0.1673034
3480	-1589.25	-1589.68	0.430027	0.1771607
3490	-1588.06	-1588.9	0.84031	0.1552668
3500	-1588.13	-1588.74	0.609853	0.1675395
3510	-1593.43	-1594.73	1.30114	0.1306445
3520	-1588.93	-1589.4	0.469884	0.1750235
3530	-1588.54	-1589.48	0.939799	0.1499746
3540	-1589.84	-1590.21	0.367747	0.1805068
3550	-1588.79	-1589.77	0.974476	0.1481291
3560	-1589.17	-1589.61	0.439904	0.1766308
3570	-1588.7	-1589.2	0.50246	0.1732788
3580	-1590.23	-1590.56	0.331157	0.1824765
3590	-1588.14	-1589	0.862771	0.1540721
3600	-1588.24	-1589.12	0.885845	0.1528449
3610	-1588.9	-1589.89	0.988055	0.1474062
3620	-1587.97	-1588.77	0.807165	0.1570299
3630	-1588.94	-1589.94	0.992979	0.147144
3640	-1589.62	-1590.68	1.06204	0.1434639
3650	-1589.6	-1589.99	0.392146	0.1791949
3660	-1587.96	-1588.63	0.668612	0.1644061
3670	-1588.76	-1589.25	0.493049	0.1737826
3680	-1589.4	-1589.82	0.413074	0.1780707
3690	-1588.17	-1588.77	0.601252	0.1679986
3700	-1592.51	-1593.77	1.25556	0.1331019
3710	-1592.37	-1592.54	0.168491	0.1912723
3720	-1589.99	-1591.08	1.09391	0.1417636
3730	-1587.91	-1588.61	0.70336	0.1625548
3740	-1588.34	-1589.25	0.906469	0.1517478
3750	-1588.52	-1589.05	0.530947	0.1717547
3760	-1590.28	-1591.4	1.11709	0.1405257
3770	-1589.31	-1590.34	1.0329	0.1450175
3780	-1588.39	-1588.95	0.552451	0.170605
3790	-1588.39	-1588.94	0.553924	0.1705263
3800	-1590.83	-1591.11	0.280665	0.1851997
3810	-1590.81	-1591.96	1.1546	0.1385199
3820	-1587.93	-1588.62	0.689521	0.163292
3830	-1590.8	-1591.08	0.282735	0.1850879
3840	-1589.22	-1590.25	1.02395	0.1454943
3850	-1589.97	-1591.07	1.09286	0.1418194
3860	-1587.92	-1588.7	0.780597	0.1584434
3870	-1588.15	-1589.01	0.864926	0.1539575
3880	-1592.66	-1593.92	1.26306	0.1326984
3890	-1589.66	-1590.04	0.386107	0.1795195
3900	-1588.87	-1589.35	0.477554	0.1746125
3910	-1596.3	-1597.72	1.41943	0.1242192
3920	-1587.97	-1588.64	0.664065	0.1646484
3930	-1589.32	-1590.35	1.03385	0.1449668
3940	-1589.61	-1590	0.391149	0.1792485
3950	-1591.79	-1593.01	1.21629	0.1352131
3960	-1588.56	-1589.09	0.52286	0.1721872
3970	-1593.22	-1593.34	0.114134	0.1942271
3980	-1588.54	-1589.48	0.938839	0.1500257
3990	-1587.9	-1588.61	0.71614	0.1618742
4000	-1589.69	-1590.07	0.383062	0.1796832
4010	-1587.92	-1588.61	0.695792	0.1629579
4020	-1619.27	-1621.19	1.91757	0.09544871
4030	-1588.08	-1588.93	0.847496	0.1548846
4040	-1588.41	-1588.96	0.548941	0.1707926
4050	-1592.53	-1593.79	1.25677	0.133037
4060	-1588	-1588.82	0.820914	0.1562985
4070	-1589.38	-1589.8	0.415551	0.1779377
4080	-1588.06	-1588.9	0.840013	0.1552826
4090	-1587.9	-1588.61	0.714595	0.1619565
4100	-1588.01	-1588.66	0.649688	0.1654148
4110	-1588.66	-1589.62	0.957122	0.1490528
4120	-1590.15	-1591.26	1.10681	0.1410747
4130	-1588	-1588.65	0.653786	0.1651963
4140	-1588.18	-1588.78	0.59877	0.1681311
4150	-1588.18	-1589.05	0.873168	0.1535191
4160	-1598.64	-1600.14	1.49831	0.1198851
4170	-1608.68	-1608.14	-0.544403	0.2307914
4180	-1596.01	-1597.42	1.40858	0.1248121
4190	-1594.93	-1596.3	1.3667	0.1270932
4200	-1592.78	-1594.05	1.26923	0.132366
4210	-1598.55	-1600.05	1.49543	0.1200443
4220	-1587.94	-1588.62	0.680465	0.1637744
4230	-1593.97	-1594.04	0.0698411	0.1966411
4240	-1588.43	-1588.97	0.546282	0.1709347
4250	-1590.01	-1591.11	1.09574	0.1416655
4260	-1601.7	-1603.28	1.58578	0.1150158
4270	-1588.35	-1589.25	0.907019	0.1517185
4280	-1588.29	-1589.19	0.896933	0.1522551
4290	-1587.91	-1588.61	0.705383	0.1624471
4300	-1590.95	-1592.12	1.16449	0.1379903
4310	-1588.17	-1588.77	0.600147	0.1680575
4320	-1592.19	-1593.43	1.23865	0.1340116
4330	-1588.82	-1589.8	0.97835	0.1479229
4340	-1602.01	-1603.6	1.59396	0.1145566
4350	-1587.89	-1588.62	0.724578	0.1614249
4360	-1588.91	-1589.38	0.472343	0.1748917
4370	-1603.97	-1605.61	1.64251	0.1118129
4380	-1606.57	-1606.1	-0.473001	0.2267505
4390	-1589.63	-1590.7	1.06366	0.1433777
4400	-1592.08	-1593.32	1.23262	0.134336
4410	-1587.9	-1588.66	0.757502	0.1596723
4420	-1587.95	-1588.62	0.677477	0.1639337
4430	-1594.65	-1596.01	1.35514	0.1277207
4440	-1590.87	-1591.15	0.27668	0.1854148
4450	-1587.89	-1588.63	0.735851	0.1608248
4460	-1593.71	-1593.79	0.0851028	0.1958087
4470	-1591.8	-1593.01	1.21649	0.1352021
4480	-1602.75	-1604.36	1.61289	0.1134902
4490	-1602.8	-1602.47	-0.335595	0.21903
4500	-1589.26	-1590.28	1.0275	0.1453053
4510	-1588.1	-1588.72	0.619707	0.1670138
4520	-1588.22	-1589.1	0.881599	0.1530707
4530	-1587.92	-1588.7	0.779093	0.1585234
4540	-1587.96	-1588.63	0.671809	0.1642357
4550	-1589.6	-1590.66	1.06075	0.143533
4560	-1588.59	-1589.54	0.946699	0.1496075
4570	-1590.04	-1590.39	0.348883	0.1815219
4580	-1588.34	-1588.91	0.562246	0.1700816
4590	-1605.12	-1604.7	-0.421696	0.2238593
4600	-1588.65	-1589.16	0.509387	0.1729081
4610	-1588.78	-1589.75	0.972719	0.1482227
4620	-1591.44	-1592.64	1.1956	0.1363234
4630	-1588.98	-1589.98	0.997648	0.1468954
4640	-1587.93	-1588.72	0.788722	0.158011
4650	-1592.26	-1593.51	1.24247	0.1338064
4660	-1589.18	-1589.62	0.438391	0.1767119
4670	-1588.23	-1588.81	0.586747	0.1687729
4680	-1589.01	-1589.47	0.45896	0.1756089
4690	-1587.92	-1588.61	0.693821	0.1630629
4700	-1597.2	-1598.65	1.45118	0.1224806
4710	-1587.95	-1588.74	0.796839	0.1575792
4720	-1593	-1594.28	1.28047	0.13176
4730	-1589.16	-1590.18	1.01738	0.1458446
4740	-1588.17	-1588.77	0.599875	0.1680721
4750	-1592.42	-1593.67	1.25079	0.133359
4760	-1598.12	-1599.6	1.48166	0.1208042
4770	-1588.62	-1589.57	0.951604	0.1493465
4780	-1587.89	-1588.62	0.731769	0.1610421
4790	-1588.06	-1588.69	0.631648	0.1663768
4800	-1588.11	-1588.97	0.856148	0.1544244
4810	-1591.65	-1592.86	1.20771	0.1356738
4820	-1590	-1590.35	0.352809	0.1813105
4830	-1588.51	-1589.44	0.934028	0.1502817
4840	-1589.24	-1590.26	1.02526	0.1454244
4850	-1595.27	-1596.65	1.38014	0.1263621
4860	-1598.23	-1599.71	1.48513	0.1206127
4870	-1589.32	-1590.35	1.03394	0.1449623
4880	-1589.07	-1589.52	0.452049	0.1759794
4890	-1596.53	-1596.46	-0.0657103	0.2040657
4900	-1588.38	-1588.94	0.555069	0.1704651
4910	-1588.72	-1589.22	0.498323	0.1735003
4920	-1589.35	-1589.77	0.418503	0.1777792
4930	-1587.95	-1588.63	0.673483	0.1641465
4940	-1594.09	-1595.42	1.33096	0.1290317
4950	-1588.48	-1589.02	0.536626	0.171451
4960	-1590.87	-1592.03	1.15908	0.1382798
4970	-1588.52	-1589.05	0.530727	0.1717664
4980	-1587.89	-1588.64	0.749744	0.1600852
4990	-1589.13	-1590.14	1.01359	0.1460464
5000	-1588	-1588.82	0.820904	0.156299
5010	-1599.92	-1599.7	-0.219765	0.2125763
5020	-1588.43	-1589.35	0.92168	0.1509386
5030	-1597.41	-1597.3	-0.107869	0.2063867
5040	-1589.1	-1589.55	0.448101	0.1761912
5050	-1588.68	-1589.18	0.505127	0.1731361
5060	-1591.78	-1593	1.21555	0.135253
5070	-1590.64	-1590.94	0.295839	0.1843807
5080	-1590.21	-1591.32	1.11145	0.140827
5090	-1591.24	-1591.49	0.248155	0.1869563
5100	-1588.78	-1589.27	0.490709	0.1739079
5110	-1588.01	-1588.83	0.823416	0.1561654
5120	-1589.19	-1590.21	1.02075	0.145665
5130	-1608.29	-1610.03	1.73632	0.106415
5140	-1588.66	-1589.16	0.508655	0.1729472
5150	-1592.09	-1592.28	0.187169	0.1902589
5160	-1588.09	-1588.94	0.849337	0.1547866
5170	-1590.06	-1591.17	1.1002	0.1414279
5180	-1594.35	-1595.69	1.34241	0.1284115
5190	-1589.27	-1590.3	1.02891	0.1452299
5200	-1588.13	-1589	0.861993	0.1541135
5210	-1593.54	-1594.85	1.30632	0.1303646
5220	-1588.08	-1588.71	0.623677	0.166802
5230	-1590.56	-1591.7	1.13761	0.1394284
5240	-1595.3	-1596.68	1.38131	0.1262982
5250	-1609.87	-1611.64	1.76676	0.1046299
5260	-1589.45	-1590.5	1.04683	0.1442751
5270	-1587.89	-1588.64	0.743224	0.1604323
5280	-1592.82	-1594.09	1.27152	0.1322424
5290	-1588.11	-1588.96	0.855366	0.154466
5300	-1588.42	-1589.34	0.919357	0.1510622
5310	-1589.62	-1590.68	1.06232	0.1434493
5320	-1589.76	-1590.83	1.07477	0.1427849
5330	-1587.9	-1588.66	0.760065	0.1595359
5340	-1606.86	-1608.57	1.70703	0.1081155
5350	-1592.01	-1593.24	1.22854	0.1345554
5360	-1608.69	-1610.43	1.74412	0.1059594
5370	-1587.97	-1588.63	0.666267	0.1645311
5380	-1597.26	-1598.71	1.45311	0.1223745
5390	-1587.95	-1588.74	0.797378	0.1575505
5400	-1587.9	-1588.61	0.709255	0.1622409
5410	-1588.27	-1589.16	0.891582	0.1525397
5420	-1589.73	-1590.11	0.378397	0.179934
5430	-1591.67	-1591.89	0.216196	0.1886858
5440	-1594.04	-1595.37	1.32887	0.129145
5450	-1592.66	-1592.81	0.149646	0.1922958
5460	-1592.81	-1592.95	0.139931	0.1928238
5470	-1587.89	-1588.62	0.73126	0.1610692
5480	-1588.13	-1588.99	0.860821	0.1541759
5490	-1588.74	-1589.23	0.496694	0.1735875
5500	-1591.08	-1592.25	1.17259	0.1375565
5510	-1595.34	-1596.72	1.38292	0.1262107
5520	-1592.48	-1593.73	1.25381	0.133196
5530	-1588.91	-1589.89	0.988548	0.14738
5540	-1595.44	-1596.82	1.38681	0.125999
5550	-1587.91	-1588.61	0.701094	0.1626755
5560	-1587.89	-1588.64	0.747947	0.1601809
5570	-1589.03	-1589.49	0.456885	0.1757202
5580	-1588.54	-1589.48	0.939754	0.149977
5590	-1588.13	-1588.99	0.859725	0.1542341
5600	-1588.06	-1588.9	0.841905	0.155182
5610	-1594.96	-1596.33	1.36777	0.1270348
5620	-1590.48	-1590.79	0.308914	0.1836753
5630	-1587.9	-1588.62	0.717275	0.1618138
5640	-1588.68	-1589.64	0.959622	0.1489198
5650	-1588.22	-1589.1	0.882097	0.1530442
5660	-1588.79	-1589.77	0.974437	0.1481312
5670	-1588.72	-1589.69	0.965349	0.1486149
5680	-1600.92	-1602.48	1.5648	0.1161907
5690	-1588.49	-1589.02	0.536174	0.1714752
5700	-1593.18	-1593.29	0.116972	0.1940727
5710	-1589.4	-1590.44	1.04134	0.1445675
5720	-1588.94	-1589.93	0.992559	0.1471664
5730	-1603.27	-1604.9	1.62588	0.1127561
5740	-1588.67	-1589.63	0.958688	0.1489695
5750	-1588.66	-1589.62	0.957373	0.1490395
5760	-1588.84	-1589.32	0.481406	0.1744062
5770	-1589.16	-1589.6	0.441332	0.1765542
5780	-1596.94	-1598.38	1.44221	0.1229726
5790	-1588.42	-1589.34	0.91985	0.151036
5800	-1593.04	-1593.16	0.125423	0.1936128
5810	-1588.51	-1589.04	0.532468	0.1716733
5820	-1590.92	-1592.09	1.16259	0.1380918
5830	-1589.94	-1591.03	1.09041	0.1419505
5840	-1589.06	-1590.07	1.00637	0.1464309
5850	-1594.41	-1595.75	1.34474	0.1282848
5860	-1596.38	-1596.33	-0.0586324	0.2036766
5870	-1589.53	-1589.93	0.39968	0.1787901
5880	-1588.5	-1589.04	0.533144	0.1716372
5890	-1587.89	-1588.62	0.728333	0.161225
5900	-1589.72	-1590.79	1.07147	0.1429609
5910	-1588.19	-1588.79	0.595492	0.1683061
5920	-1588.62	-1589.57	0.950488	0.1494058
5930	-1591.24	-1591.49	0.248387	0.1869437
5940	-1593.79	-1595.11	1.31783	0.1297421
5950	-1590.22	-1590.55	0.332293	0.1824153
5960	-1593.54	-1594.84	1.30602	0.1303808
5970	-1589.09	-1590.1	1.00953	0.1462628
5980	-1592.77	-1594.04	1.26872	0.1323932
5990	-1589.51	-1589.91	0.401137	0.1787118
6000	-1589	-1589.46	0.461155	0.1754913
6010	-1594.92	-1594.93	0.0170145	0.1995278
6020	-1588.61	-1589.56	0.950174	0.1494226
6030	-1588.72	-1589.68	0.964955	0.1486359
6040	-1608.43	-1610.17	1.73905	0.1062555
6050	-1587.9	-1588.67	0.766165	0.1592113
6060	-1589.3	-1589.73	0.424446	0.1774602
6070	-1588.03	-1588.67	0.642035	0.1658228
6080	-1592.38	-1593.63	1.24869	0.1334715
6090	-1604.97	-1606.64	1.66581	0.1104851
6100	-1588.87	-1589.34	0.478236	0.1745759
6110	-1589.78	-1590.15	0.373937	0.1801738
6120	-1588.11	-1588.73	0.615253	0.1672514
6130	-1601.44	-1603.02	1.57906	0.1153929
6140	-1589.86	-1590.23	0.365746	0.1806144
6150	-1587.93	-1588.62	0.68529	0.1635174
6160	-1589.84	-1590.21	0.367391	0.1805259
6170	-1589.84	-1590.21	0.367448	0.1805228
6180	-1593.17	-1593.29	0.117402	0.1940493
6190	-1589.16	-1590.18	1.01774	0.1458255
6200	-1589.11	-1589.56	0.446955	0.1762526
6210	-1589.29	-1590.32	1.03042	0.1451499
6220	-1593.41	-1594.71	1.30011	0.1307
6230	-1588.61	-1589.56	0.949896	0.1494374
6240	-1588.74	-1589.24	0.495494	0.1736517
6250	-1587.89	-1588.65	0.751111	0.1600125
6260	-1596.63	-1598.06	1.43134	0.1235677
6270	-1588.6	-1589.11	0.517822	0.1724567
6280	-1587.94	-1588.62	0.679599	0.1638206
6290	-1588.15	-1589.02	0.865716	0.1539155
6300	-1587.94	-1588.74	0.794818	0.1576868
6310	-1587.96	-1588.77	0.805612	0.1571125
6320	-1587.9	-1588.65	0.754313	0.1598421
6330	-1597.54	-1599	1.46268	0.1218486
6340	-1589.23	-1589.66	0.432329	0.1770372
6350	-1590.35	-1590.67	0.32023	0.1830653
6360	-1589.86	-1590.94	1.08324	0.1423329
6370	-1592.76	-1594.03	1.26858	0.1324009
6380	-1591.94	-1592.14	0.197512	0.1896981
6390	-1589.32	-1590.35	1.03373	0.1449731
6400	-1590.14	-1590.48	0.338955	0.1820564
6410	-1588.31	-1588.88	0.569243	0.1697078
6420	-1609.13	-1610.88	1.75274	0.1054544
6430	-1587.91	-1588.67	0.767581	0.159136
6440	-1588.79	-1589.76	0.973622	0.1481746
6450	-1588.89	-1589.37	0.474968	0.174751
6460	-1593.44	-1593.54	0.1011	0.1949369
6470	-1588.3	-1589.2	0.898639	0.1521643
6480	-1588.04	-1588.68	0.636112	0.1661387
6490	-1590.05	-1591.15	1.09937	0.1414721
6500	-1591.14	-1591.4	0.255823	0.1865417
6510	-1595.24	-1596.61	1.37888	0.1264307
6520	-1587.89	-1588.63	0.736921	0.1607678
6530	-1587.99	-1588.8	0.816255	0.1565463
6540	-1592.89	-1594.16	1.27486	0.1320625
6550	-1589.16	-1589.61	0.440315	0.1766087
6560	-1587.91	-1588.68	0.768706	0.1590761
6570	-1590.77	-1591.05	0.285275	0.1849508
6580	-1587.89	-1588.64	0.748747	0.1601383
6590	-1597.43	-1598.89	1.45895	0.1220537
6600	-1588.05	-1588.68	0.635552	0.1661686
6610	-1595.96	-1595.92	-0.0372475	0.2025019
6620	-1589.17	-1590.18	1.01803	0.1458096
6630	-1592.17	-1593.41	1.23722	0.1340885
6640	-1587.93	-1588.62	0.687012	0.1634256
6650	-1589.31	-1590.34	1.03306	0.1450091
6660	-1588.27	-1588.85	0.577819	0.1692497
6670	-1588.42	-1589.34	0.920021	0.1510269
6680	-1589.23	-1590.25	1.02468	0.1454554
6690	-1594.43	-1594.47	0.0439746	0.1980535
6700	-1595.66	-1597.05	1.39524	0.1255395
6710	-1588.13	-1588.99	0.860682	0.1541832
6720	-1592.71	-1592.86	0.145989	0.1924945
6730	-1590.06	-1590.4	0.347048	0.1816207
6740	-1592.42	-1593.67	1.25051	0.1333737
6750	-1591.05	-1592.22	1.17094	0.1376447
6760	-1588.27	-1589.16	0.892194	0.1525072
6770	-1588.3	-1589.2	0.898136	0.1521911
6780	-1588.01	-1588.66	0.647962	0.1655069
6790	-1589.18	-1589.62	0.438335	0.176715
6800	-1591.58	-1591.8	0.222994	0.1883177
6810	-1588.18	-1588.78	0.596773	0.1682377
6820	-1588.1	-1588.95	0.851769	0.1546573
6830	-1589.39	-1589.8	0.414357	0.1780018
6840	-1589.33	-1590.36	1.03448	0.1449333
6850	-1593.49	-1594.8	1.30401	0.1304891
6860	-1588.44	-1589.37	0.924201	0.1508045
6870	-1594.04	-1595.37	1.32869	0.1291543
6880	-1587.89	-1588.62	0.727131	0.161289
6890	-1588	-1588.82	0.821959	0.1562429
6900	-1587.92	-1588.71	0.783022	0.1583143
6910	-1588.81	-1589.78	0.976155	0.1480397
6920	-1588.71	-1589.21	0.499996	0.1734107
6930	-1589.29	-1590.32	1.03119	0.1451089
6940	-1587.98	-1588.64	0.659225	0.1649064
6950	-1593.22	-1594.51	1.29097	0.1311935
6960	-1599.02	-1600.53	1.50995	0.1192416
6970	-1588.62	-1589.57	0.950993	0.1493789
6980	-1591.87	-1593.1	1.22087	0.1349673
6990	-1588.28	-1588.86	0.574226	0.1694416
7000	-1595.73	-1595.71	-0.0258096	0.2018742
7010	-1591.14	-1591.4	0.255876	0.1865389
7020	-1591.32	-1591.57	0.241917	0.1872937
7030	-1587.96	-1588.63	0.67057	0.1643017
7040	-1588.47	-1589.4	0.929118	0.1505429
7050	-1588.72	-1589.22	0.499515	0.1734364
7060	-1589.14	-1589.58	0.443446	0.1764408
7070	-1589.29	-1590.32	1.03102	0.1451175
7080	-1588.29	-1589.18	0.895998	0.1523048
7090	-1591.5	-1592.7	1.19917	0.136132
7100	-1587.98	-1588.64	0.658846	0.1649266
7110	-1590.47	-1591.6	1.13112	0.1397755
7120	-1588.61	-1589.56	0.949664	0.1494497
7130	-1588.06	-1588.69	0.631741	0.1663718
7140	-1588.15	-1588.76	0.605121	0.1677921
7150	-1606.39	-1608.08	1.69706	0.1086914
7160	-1588.37	-1588.93	0.557292	0.1703463
7170	-1587.91	-1588.61	0.700638	0.1626998
7180	-1593.86	-1595.18	1.32067	0.1295884
7190	-1588.15	-1589.02	0.86612	0.153894
7200	-1591.82	-1593.04	1.21761	0.1351422
7210	-1590.15	-1590.49	0.338534	0.1820791
7220	-1590.66	-1590.96	0.294016	0.184479
7230	-1589.9	-1590.98	1.08651	0.1421583
7240	-1590.25	-1591.37	1.11501	0.1406367
7250	-1587.91	-1588.69	0.775235	0.1587287
7260	-1587.9	-1588.65	0.752062	0.1599619
7270	-1592.94	-1594.22	1.27738	0.1319266
7280	-1588.41	-1589.33	0.919005	0.1510809
7290	-1590.7	-1591.85	1.14764	0.138892
7300	-1588.2	-1589.07	0.876561	0.1533386
7310	-1589.41	-1589.83	0.4118	0.1781391
7320	-1595.83	-1597.24	1.40206	0.1251679
7330	-1588.41	-1588.96	0.550111	0.1707301
7340	-1588.77	-1589.26	0.491285	0.1738771
7350	-1588.12	-1588.73	0.614723	0.1672797
7360	-1588.01	-1588.66	0.646734	0.1655723
7370	-1595.13	-1596.51	1.37469	0.1266585
7380	-1588.36	-1588.92	0.558513	0.1702811
7390	-1589.35	-1590.38	1.03669	0.1448154
7400	-1587.93	-1588.72	0.788953	0.1579987
7410	-1599.87	-1601.4	1.53509	0.1178468
7420	-1592.91	-1593.04	0.133543	0.1931711
7430	-1590.82	-1591.97	1.15537	0.1384783
7440	-1589.66	-1590.72	1.06586	0.1432605
7450	-1589.73	-1590.11	0.378223	0.1799434
7460	-1589.95	-1591.04	1.09091	0.1419236
7470	-1597.89	-1597.76	-0.130145	0.2076155
7480	-1622.51	-1624.47	1.96	0.09272778
7490	-1589.99	-1591.08	1.09392	0.1417632
7500	-1588.27	-1589.17	0.893041	0.1524621
7510	-1588.59	-1589.54	0.94749	0.1495654
7520	-1588.47	-1589.4	0.929127	0.1505424
7530	-1588.13	-1588.74	0.609837	0.1675404
7540	-1595.41	-1595.4	-0.00905938	0.2009558
7550	-1588.11	-1588.96	0.855027	0.154484
7560	-1588.11	-1588.97	0.856526	0.1544043
7570	-1589.31	-1590.34	1.03251	0.145038
7580	-1592.89	-1594.17	1.27493	0.1320589
7590	-1587.89	-1588.63	0.742502	0.1604707
7600	-1589.1	-1590.11	1.0106	0.1462057
7610	-1590.64	-1590.93	0.295918	0.1843764
7620	-1603.62	-1605.25	1.63422	0.1122833
7630	-1587.89	-1588.63	0.7345	0.1608967
7640	-1601.99	-1603.58	1.5934	0.1145878
7650	-1588.99	-1589.98	0.998066	0.1468732
7660	-1588.4	-1589.31	0.916134	0.1512336
7670	-1588.37	-1588.92	0.557723	0.1703232
7680	-1603.8	-1605.43	1.63849	0.1120412
7690	-1603.84	-1605.48	1.6395	0.1119837
7700	-1594.44	-1594.48	0.0431321	0.1980996
7710	-1588.25	-1589.13	0.887355	0.1527646
7720	-1603.23	-1604.85	1.62466	0.112825
7730	-1593.46	-1593.56	0.099917	0.1950014
7740	-1592.28	-1592.45	0.17455	0.1909435
7750	-1591.63	-1591.85	0.219399	0.1885123
7760	-1592.82	-1594.09	1.27151	0.1322428
7770	-1596.54	-1597.97	1.42811	0.1237448
7780	-1596.85	-1598.29	1.4391	0.123143
7790	-1608.85	-1608.3	-0.54985	0.2311004
7800	-1588.91	-1589.9	0.989097	0.1473508
7810	-1587.9	-1588.66	0.760889	0.1594921
7820	-1593.09	-1593.21	0.122437	0.1937752
7830	-1590.15	-1590.49	0.33836	0.1820885
7840	-1590.32	-1590.64	0.32365	0.182881
7850	-1588.17	-1588.77	0.599332	0.1681011
7860	-1587.89	-1588.64	0.747812	0.1601881
7870	-1589.18	-1589.62	0.438675	0.1766967
7880	-1590.89	-1592.05	1.16046	0.1382061
7890	-1588.04	-1588.87	0.834603	0.1555704
7900	-1592.2	-1592.38	0.179485	0.1906757
7910	-1588.12	-1588.97	0.857504	0.1543522
7920	-1588.02	-1588.85	0.828082	0.1559172
7930	-1588.78	-1589.27	0.490416	0.1739236
7940	-1588.42	-1588.97	0.54812	0.1708365
7950	-1587.9	-1588.66	0.757754	0.1596589
7960	-1588.35	-1589.26	0.907978	0.1516675
7970	-1595.35	-1596.74	1.38349	0.1261797
7980	-1587.97	-1588.64	0.663658	0.1646701
7990	-1593.88	-1595.2	1.32159	0.1295386
8000	-1592.12	-1593.36	1.23468	0.134225
8010	-1590.04	-1591.14	1.09845	0.1415212
8020	-1587.95	-1588.76	0.801329	0.1573403
8030	-1591.5	-1592.7	1.19914	0.1361332
8040	-1588.41	-1588.96	0.549529	0.1707612
8050	-1588.97	-1589.43	0.465156	0.1752768
8060	-1589.37	-1590.41	1.03852	0.144718
8070	-1593.74	-1595.05	1.31531	0.1298786
8080	-1591.01	-1592.17	1.16794	0.1378056
8090	-1590.32	-1591.44	1.11979	0.1403814
8100	-1587.9	-1588.61	0.707768	0.16232
8110	-1587.97	-1588.77	0.806855	0.1570464
8120	-1593.57	-1594.88	1.30764	0.1302932
8130	-1590.22	-1591.33	1.11211	0.1407914
8140	-1588.02	-1588.67	0.643872	0.1657249
8150	-1593.51	-1594.82	1.30482	0.1304456
8160	-1592.28	-1593.53	1.24353	0.1337494
8170	-1588.14	-1588.75	0.608594	0.1676067
8180	-1589.58	-1589.97	0.394347	0.1790766
8190	-1589.63	-1590.69	1.06346	0.1433881
8200	-1588.31	-1588.88	0.569141	0.1697132
8210	-1589.69	-1590.07	0.382991	0.179687
8220	-1588.24	-1589.13	0.886728	0.1527979
8230	-1595.76	-1597.16	1.3993	0.1253185
8240	-1590.66	-1591.8	1.1445	0.1390602
8250	-1594.01	-1594.08	0.0671993	0.1967853
8260	-1593.16	-1593.28	0.117762	0.1940297
8270	-1590.28	-1590.61	0.326826	0.1827098
8280	-1589.69	-1590.76	1.06887	0.1430999
8290	-1588.75	-1589.24	0.494643	0.1736972
8300	-1590.13	-1591.23	1.10523	0.1411592
8310	-1589.88	-1590.25	0.363617	0.1807289
8320	-1588.87	-1589.35	0.478024	0.1745873
8330	-1598.45	-1599.94	1.49218	0.120224
8340	-1588.3	-1589.2	0.899148	0.1521372
8350	-1587.94	-1588.74	0.795279	0.1576622
8360	-1592.71	-1593.97	1.26559	0.1325619
8370	-1588.01	-1588.83	0.823707	0.1561499
8380	-1589.51	-1590.56	1.05217	0.1439902
8390	-1589.17	-1589.61	0.439416	0.176657
8400	-1597.14	-1598.59	1.44903	0.1225986
8410	-1596.27	-1596.22	-0.0528642	0.2033596
8420	-1588.12	-1588.73	0.614388	0.1672976
8430	-1595.13	-1596.5	1.37452	0.1266677
8440	-1591.62	-1592.82	1.20586	0.1357729
8450	-1589.17	-1590.19	1.01844	0.1457877
8460	-1593.42	-1594.72	1.30078	0.1306639
8470	-1592.73	-1592.87	0.144905	0.1925534
8480	-1587.89	-1588.64	0.745309	0.1603213
8490	-1587.97	-1588.78	0.807508	0.1570116
8500	-1624.23	-1626.21	1.98098	0.09135206
8510	-1592.61	-1592.76	0.152754	0.1921269
8520	-1587.9	-1588.61	0.70986	0.1622087
8530	-1591.05	-1592.22	1.17105	0.1376391
8540	-1588.79	-1589.76	0.973884	0.1481606
8550	-1596.2	-1596.15	-0.0492103	0.2031588
8560	-1589.52	-1590.57	1.05296	0.1439483
8570	-1587.9	-1588.67	0.765028	0.1592718
8580	-1589.35	-1590.39	1.03711	0.144793
8590	-1592.44	-1593.69	1.25177	0.1333058
8600	-1592.78	-1592.92	0.142004	0.1927111
8610	-1588.61	-1589.13	0.515122	0.1726011
8620	-1591.98	-1592.18	0.19441	0.1898662
8630	-1591.67	-1592.87	1.20878	0.1356163
8640	-1594.02	-1594.09	0.0666702	0.1968142
8650	-1592.09	-1592.27	0.187487	0.1902416
8660	-1588.15	-1589.02	0.866945	0.1538501
8670	-1591.45	-1592.64	1.19582	0.1363116
8680	-1589.67	-1590.74	1.06688	0.143206
8690	-1589.74	-1590.12	0.377767	0.1799679
8700	-1587.93	-1588.62	0.687157	0.1634179
8710	-1590.62	-1591.76	1.14152	0.1392194
8720	-1591.15	-1591.41	0.25481	0.1865965
8730	-1597.61	-1597.5	-0.117568	0.2069215
8740	-1590.1	-1591.2	1.10286	0.1412856
8750	-1591.6	-1592.8	1.20463	0.1358387
8760	-1588.1	-1588.95	0.853254	0.1545783
8770	-1588.51	-1589.45	0.93522	0.1502183
8780	-1594.21	-1595.55	1.33634	0.1287402
8790	-1587.93	-1588.71	0.784253	0.1582488
8800	-1589.01	-1589.47	0.459729	0.1755677
8810	-1589.37	-1589.79	0.416545	0.1778844
8820	-1588.83	-1589.32	0.482721	0.1743357
8830	-1590.21	-1591.32	1.11156	0.1408208
8840	-1593.83	-1595.15	1.31943	0.1296558
8850	-1592.01	-1593.24	1.22869	0.1345469
8860	-1588.21	-1589.08	0.878894	0.1532146
8870	-1589.31	-1590.34	1.03277	0.1450242
8880	-1599.42	-1600.94	1.52193	0.1185776
8890	-1589.26	-1589.69	0.428587	0.1772379
8900	-1600.67	-1602.23	1.55788	0.1165772
8910	-1590	-1590.35	0.352512	0.1813265
8920	-1596.73	-1598.16	1.43473	0.123382
8930	-1616.98	-1618.87	1.88492	0.09749422
8940	-1588.62	-1589.13	0.514501	0.1726344
8950	-1592.51	-1592.67	0.158897	0.1917932
8960	-1589.37	-1590.41	1.03922	0.1446806
8970	-1588.54	-1589.48	0.939191	0.150007
8980	-1590.95	-1591.22	0.270819	0.1857314
8990	-1587.96	-1588.77	0.804377	0.1571782
9000	-1589.64	-1590.7	1.06416	0.1433512
9010	-1590.39	-1591.52	1.1252	0.1400919
9020	-1598.83	-1600.33	1.50399	0.119571
9030	-1592.45	-1593.7	1.25227	0.1332793
9040	-1587.9	-1588.65	0.755415	0.1597834
9050	-1604.34	-1605.99	1.65127	0.1113146
9060	-1594.75	-1594.78	0.025855	0.1990441
9070	-1589.07	-1589.52	0.452446	0.1759581
9080	-1587.99	-1588.81	0.818447	0.1564297
9090	-1607.23	-1608.94	1.7147	0.1076717
9100	-1594.85	-1594.87	0.0205921	0.1993321
9110	-1588.96	-1589.43	0.46585	0.1752396
9120	-1590.55	-1590.85	0.303443	0.1839705
9130	-1587.89	-1588.63	0.739892	0.1606096
9140	-1588.45	-1588.99	0.541827	0.1711729
9150	-1587.92	-1588.61	0.692019	0.1631589
9160	-1590.23	-1590.56	0.331668	0.182449
9170	-1587.95	-1588.76	0.800965	0.1573597
9180	-1591.21	-1592.39	1.18077	0.1371183
9190	-1587.95	-1588.62	0.675241	0.1640528
9200	-1590.77	-1591.92	1.15212	0.1386522
9210	-1605.99	-1607.67	1.68839	0.1091903
9220	-1592.16	-1592.35	0.182202	0.1905283
9230	-1588.77	-1589.74	0.971415	0.1482921
9240	-1588.35	-1588.91	0.56066	0.1701663
9250	-1589.99	-1590.35	0.35287	0.1813073
9260	-1589.17	-1590.18	1.01799	0.1458122
9270	-1591.72	-1591.93	0.213177	0.1888493
9280	-1588.21	-1588.8	0.591485	0.16852
9290	-1588.27	-1589.16	0.891886	0.1525235
9300	-1593.41	-1593.51	0.102675	0.1948511
9310	-1589.91	-1590.27	0.360907	0.1808747
9320	-1588.77	-1589.74	0.97098	0.1483152
9330	-1590.97	-1592.14	1.16575	0.1379228
9340	-1589.09	-1589.54	0.448835	0.1761518
9350	-1598.43	-1599.92	1.49148	0.1202624
9360	-1587.89	-1588.62	0.731994	0.1610301
9370	-1588.03	-1588.67	0.641523	0.1658502
9380	-1592.8	-1594.07	1.27037	0.1323046
9390	-1593.46	-1594.76	1.30247	0.1305726
9400	-1592.33	-1593.57	1.24575	0.1336299
9410	-1588.11	-1588.97	0.85637	0.1544126
9420	-1590.12	-1591.22	1.10455	0.1411955
9430	-1589.64	-1590.03	0.387333	0.1794536
9440	-1589.88	-1590.24	0.363705	0.1807242
9450	-1587.9	-1588.65	0.753167	0.159903
9460	-1602.71	-1604.33	1.61198	0.1135417
9470	-1602.5	-1604.1	1.60646	0.1138531
9480	-1590.74	-1591.89	1.15016	0.1387575
9490	-1606.08	-1607.78	1.69054	0.1090668
9500	-1589.9	-1590.98	1.08638	0.1421657
9510	-1594.53	-1594.57	0.0379184	0.1983845
9520	-1589.01	-1589.47	0.459962	0.1755552
9530	-1590.9	-1592.06	1.16072	0.1381921
9540	-1592.94	-1594.21	1.27728	0.131932
9550	-1591.73	-1591.94	0.21259	0.1888811
9560	-1595.77	-1595.74	-0.0276209	0.2019736
9570	-1590.49	-1591.62	1.13255	0.1396989
9580	-1588.18	-1589.06	0.873905	0.1534799
9590	-1587.89	-1588.64	0.745854	0.1602923
9600	-1589.98	-1590.33	0.354237	0.1812337
9610	-1589.37	-1590.41	1.03878	0.1447039
9620	-1595.1	-1595.11	0.00729957	0.2000596
9630	-1587.96	-1588.63	0.669976	0.1643334
9640	-1588.67	-1589.17	0.506999	0.1730358
9650	-1589.95	-1590.3	0.357516	0.1810572
9660	-1594.25	-1594.31	0.0535566	0.1975301
9670	-1589.92	-1591.01	1.08859	0.1420475
9680	-1588.09	-1588.94	0.849859	0.1547589
9690	-1589.6	-1590.66	1.06095	0.1435223
9700	-1589.11	-1590.12	1.01167	0.1461488
9710	-1588.04	-1588.87	0.8336	0.1556237
9720	-1587.9	-1588.61	0.711573	0.1621174
9730	-1589.32	-1590.36	1.03435	0.14494
9740	-1590.85	-1591.13	0.278375	0.1853233
9750	-1587.99	-1588.81	0.817223	0.1564949
9760	-1587.89	-1588.65	0.751801	0.1599757
9770	-1589.37	-1590.4	1.03841	0.1447239
9780	-1587.9	-1588.67	0.764758	0.1592862
9790	-1588.48	-1589.01	0.537635	0.171397
9800	-1589.24	-1590.26	1.02536	0.1454193
9810	-1595.4	-1596.79	1.38552	0.126069
9820	-1588.23	-1589.12	0.884974	0.1528912
9830	-1587.93	-1588.62	0.688548	0.1633438
9840	-1590.21	-1590.54	0.33293	0.182381
9850	-1587.99	-1588.64	0.658157	0.1649634
9860	-1595.73	-1597.13	1.398	0.1253894
9870	-1591.62	-1592.83	1.20639	0.1357445
9880	-1604.83	-1604.42	-0.411247	0.2232718
9890	-1591.36	-1592.55	1.19023	0.1366111
9900	-1588.21	-1589.09	0.878996	0.1532091
9910	-1588.05	-1588.69	0.634062	0.166248
9920	-1591.57	-1592.78	1.20338	0.1359058
9930	-1587.99	-1588.81	0.818549	0.1564243
9940	-1588.62	-1589.57	0.951193	0.1493683
9950	-1590.55	-1591.69	1.1368	0.139472
9960	-1589.24	-1590.26	1.02538	0.1454184
9970	-1588.29	-1589.19	0.896189	0.1522946
9980	-1590.31	-1590.63	0.324311	0.1828453
9990	-1588.24	-1588.83	0.582982	0.168974
10000	-1588.66	-1589.17	0.508308	0.1729658
