Iteration	Posterior	Likelihood	Prior	birth_rate
0	-1607.05	-1608.76	1.71107	0.1078822
10	-1621.43	-1623.37	1.94624	0.09361881
20	-1607.93	-1607.41	-0.519222	0.229364
30	-1599.63	-1601.16	1.52823	0.1182279
40	-1666.27	-1668.54	2.26926	0.06711726
50	-1725.59	-1727.85	2.26282	0.04730849
60	-1607.03	-1608.74	1.71066	0.1079056
70	-1649.99	-1652.19	2.19818	0.07490549
80	-1656.97	-1659.21	2.23368	0.07138165
90	-1590.42	-1591.55	1.12746	0.1399712
100	-1607.84	-1609.57	1.72728	0.1069413
110	-1732.09	-1734.33	2.2425	0.04566939
120	-1741.15	-1743.35	2.20868	0.04350839
130	-1613.63	-1615.46	1.83264	0.1006972
140	-1633.65	-1635.73	2.07917	0.08455444
150	-1659.86	-1662.11	2.2461	0.07000741
160	-1590.86	-1592.01	1.158	0.1383377
170	-1615.46	-1617.32	1.86189	0.09891534
180	-1597.8	-1599.27	1.47125	0.1213776
190	-1679.16	-1681.46	2.29946	0.06186111
200	-1625.99	-1627.99	2.00139	0.08999178
210	-1666.98	-1669.25	2.27147	0.06680998
220	-1635.43	-1637.52	2.09495	0.08338964
230	-1728.04	-1730.3	2.25554	0.04668019
240	-1589.24	-1589.67	0.43099	0.177109
250	-1610.48	-1612.26	1.77811	0.1039599
260	-1634.97	-1637.06	2.09098	0.08368476
270	-1847.34	-1848.74	1.3998	0.02566677
280	-1663.34	-1665.6	2.25941	0.06841105
290	-1597.77	-1599.24	1.47035	0.1214267
300	-1657.23	-1659.46	2.23483	0.07125753
310	-1588.1	-1588.96	0.853736	0.1545527
320	-1588.49	-1589.02	0.536007	0.1714841
330	-1588.24	-1588.82	0.58369	0.1689361
340	-1642.74	-1644.89	2.15224	0.07890996
350	-1764.08	-1766.17	2.09614	0.03860485
360	-1851.28	-1852.63	1.35662	0.02519442
370	-1765.53	-1767.62	2.08776	0.03831858
380	-1597.24	-1598.69	1.45251	0.1224072
390	-1619.13	-1621.04	1.91555	0.09557678
400	-1620.44	-1622.37	1.93336	0.09444544
410	-1660.92	-1663.17	2.25034	0.06951465
420	-1879.4	-1880.42	1.02272	0.02209275
430	-1852.85	-1854.19	1.33909	0.02500803
440	-1757.99	-1760.12	2.12966	0.03983458
450	-1780.96	-1782.95	1.99007	0.03543647
460	-1668.96	-1671.23	2.2773	0.06596269
470	-1782.04	-1784.02	1.98267	0.03524552
480	-1666.91	-1669.18	2.27127	0.0668381
490	-1652.79	-1655	2.21338	0.07345598
500	-1623.37	-1625.34	1.97065	0.09203252
510	-1626.66	-1628.67	2.0089	0.08948507
520	-1663.41	-1665.67	2.25965	0.06838026
530	-1707.58	-1709.88	2.30092	0.05229878
540	-1663.47	-1665.73	2.25987	0.06835273
550	-1602.63	-1604.24	1.60983	0.1136628
560	-1685.13	-1687.44	2.30672	0.05964623
570	-1759.42	-1761.55	2.12198	0.03953987
580	-1781.2	-1783.19	1.9884	0.03539321
590	-1778.39	-1780.4	2.00742	0.03589698
600	-1743.48	-1745.68	2.19897	0.04297404
610	-1712.5	-1714.79	2.29328	0.05086529
620	-1649.47	-1651.66	2.1952	0.07518058
630	-1601.01	-1602.58	1.5674	0.1160456
640	-1589.13	-1590.15	1.01464	0.1459902
650	-1612.39	-1614.2	1.81182	0.1019515
660	-1652.56	-1654.77	2.21221	0.07357107
670	-1685.31	-1687.62	2.30688	0.05957992
680	-1646.89	-1649.07	2.17977	0.07656795
690	-1595.99	-1597.4	1.40786	0.1248512
700	-1605.41	-1604.97	-0.431891	0.2244331
710	-1637.47	-1639.58	2.11215	0.08208968
720	-1761.85	-1763.96	2.10867	0.03904794
730	-1803	-1804.83	1.8238	0.0317671
740	-1614.46	-1616.3	1.84609	0.09988089
750	-1609.78	-1611.54	1.76504	0.1047315
760	-1661.69	-1663.95	2.25332	0.06915966
770	-1718.11	-1720.39	2.28199	0.04929643
780	-1759.28	-1761.4	2.12278	0.03957019
790	-1677.85	-1680.15	2.29732	0.06236411
800	-1656.86	-1659.09	2.23317	0.07143564
810	-1674.3	-1676.59	2.29049	0.06376305
820	-1621.44	-1623.38	1.94637	0.09361067
830	-1598.49	-1599.98	1.49343	0.1201547
840	-1592.77	-1594.03	1.26865	0.1323969
850	-1702.35	-1704.65	2.30665	0.0538878
860	-1722.38	-1724.65	2.27162	0.0481491
870	-1667.48	-1669.75	2.273	0.06659371
880	-1589.72	-1590.79	1.07123	0.1429736
890	-1589.18	-1589.62	0.438288	0.1767175
900	-1588.63	-1589.59	0.952999	0.1492722
910	-1588.88	-1589.86	0.985076	0.1475648
920	-1608.91	-1610.65	1.74837	0.1057104
930	-1592.77	-1592.91	0.142215	0.1926996
940	-1648.95	-1651.15	2.19222	0.0754539
950	-1768.64	-1770.71	2.06932	0.03771376
960	-1598.56	-1600.06	1.49583	0.1200221
970	-1746.08	-1748.27	2.18766	0.04238808
980	-1633.25	-1635.33	2.07555	0.08481796
990	-1593.25	-1594.54	1.29243	0.1311149
1000	-1711.01	-1713.31	2.29582	0.05129326
1010	-1765.45	-1767.54	2.0882	0.03833339
1020	-1723.6	-1725.87	2.26838	0.04782758
1030	-1596.69	-1598.12	1.43337	0.1234568
1040	-1696.68	-1698.99	2.30994	0.05568706
1050	-1673.05	-1675.34	2.28773	0.0642675
1060	-1671.34	-1673.63	2.28364	0.06496516
1070	-1598	-1599.48	1.4778	0.1210167
1080	-1659.21	-1661.45	2.2434	0.07031359
1090	-1680.78	-1683.08	2.30182	0.06124829
1100	-1603.13	-1604.75	1.62228	0.1129595
1110	-1610.38	-1612.16	1.77624	0.1040706
1120	-1666.37	-1668.64	2.26957	0.06707463
1130	-1619.7	-1621.63	1.92346	0.09507573
1140	-1846.12	-1847.53	1.41305	0.02581575
1150	-1670.35	-1672.63	2.28109	0.0653783
1160	-1587.89	-1588.63	0.742144	0.1604898
1170	-1588.34	-1589.25	0.906643	0.1517386
1180	-1609.47	-1608.9	-0.570374	0.2322662
1190	-1610.54	-1612.32	1.77919	0.1038959
1200	-1630.19	-1632.24	2.04612	0.08692003
1210	-1680.94	-1683.24	2.30204	0.06118832
1220	-1668.67	-1670.95	2.27649	0.06608429
1230	-1746.84	-1749.03	2.18425	0.04221798
1240	-1649.47	-1651.66	2.19522	0.07517914
1250	-1666.98	-1669.25	2.27148	0.06680847
1260	-1689.95	-1692.26	2.30974	0.05794366
1270	-1756.2	-1758.34	2.139	0.04020466
1280	-1709.13	-1711.43	2.29874	0.05184028
1290	-1802.55	-1804.38	1.82748	0.03183685
1300	-1740.78	-1742.99	2.21016	0.04359254
1310	-1674.52	-1676.81	2.29097	0.06367374
1320	-1601.52	-1603.1	1.5811	0.1152785
1330	-1659.3	-1661.55	2.2438	0.07026933
1340	-1588.08	-1588.92	0.846488	0.1549382
1350	-1668.08	-1670.36	2.2748	0.06633376
1360	-1792.44	-1794.34	1.90733	0.03346511
1370	-1628.29	-1630.32	2.02656	0.08827959
1380	-1605.62	-1607.3	1.68044	0.109647
1390	-1679.39	-1681.69	2.29981	0.06177431
1400	-1648.91	-1651.1	2.19194	0.07547891
1410	-1633.35	-1635.42	2.07639	0.08475672
1420	-1657.52	-1659.75	2.23612	0.07111819
1430	-1658.07	-1660.31	2.23854	0.07085489
1440	-1788.75	-1790.69	1.93482	0.03408318
1450	-1704.96	-1707.26	2.30411	0.05308722
1460	-1663.53	-1665.79	2.26006	0.06832918
1470	-1705.72	-1708.03	2.30324	0.05285442
1480	-1638.48	-1640.6	2.1203	0.08146152
1490	-1820.34	-1822.02	1.67185	0.02919777
1500	-1932.83	-1933.1	0.268932	0.01730486
1510	-1877.24	-1878.29	1.04987	0.02231458
1520	-1613.94	-1615.78	1.83779	0.1003854
1530	-1611.96	-1613.76	1.80443	0.102394
1540	-1604.35	-1606	1.6516	0.1112955
1550	-1618.4	-1617.56	-0.838642	0.247664
1560	-1589.2	-1589.63	0.436283	0.176825
1570	-1640.7	-1642.84	2.13746	0.08010948
1580	-1645.19	-1647.35	2.16885	0.07751568
1590	-1715.7	-1717.99	2.28717	0.04996128
1600	-1708.32	-1710.62	2.29991	0.05208015
1610	-1644.95	-1647.12	2.16729	0.07764844
1620	-1882.04	-1883.03	0.989116	0.02182439
1630	-1755.73	-1757.87	2.14141	0.04030236
1640	-1705.33	-1707.63	2.30369	0.05297414
1650	-1603.2	-1604.82	1.62406	0.1128591
1660	-1605.49	-1607.16	1.67742	0.10982
1670	-1712.54	-1714.84	2.29321	0.05085282
1680	-1590.69	-1591.84	1.14686	0.1389339
1690	-1647.65	-1649.84	2.18446	0.07615283
1700	-1693.88	-1696.2	2.31041	0.05660939
1710	-1803.29	-1805.11	1.8214	0.03172173
1720	-1676.78	-1679.07	2.29541	0.06278268
1730	-1621.23	-1623.17	1.94366	0.09378497
1740	-1795.38	-1797.26	1.88478	0.03298165
1750	-1643.9	-1646.06	2.16026	0.07824285
1760	-1637.58	-1639.7	2.11311	0.08201641
1770	-1588.21	-1589.09	0.880617	0.1531229
1780	-1650.88	-1653.08	2.20317	0.07443795
1790	-1664.98	-1667.24	2.26506	0.06768365
1800	-1632.84	-1634.91	2.0717	0.08509724
1810	-1721.87	-1724.14	2.27294	0.04828356
1820	-1609.43	-1611.19	1.75847	0.105118
1830	-1593.92	-1595.24	1.32358	0.1294314
1840	-1588.41	-1589.33	0.918837	0.1510899
1850	-1732.19	-1729.24	-2.95151	0.381263
1860	-1588.75	-1589.72	0.968553	0.1484444
1870	-1603.27	-1602.92	-0.353312	0.2200214
1880	-1668.18	-1666.25	-1.93444	0.3140171
1890	-1597.02	-1598.47	1.445	0.1228193
1900	-1680.46	-1682.77	2.30138	0.06136693
1910	-1678.11	-1680.4	2.29775	0.06226618
1920	-1636.9	-1639.01	2.10747	0.08244692
1930	-1772.97	-1775.01	2.04266	0.03689451
1940	-1599.03	-1598.85	-0.181333	0.2104456
1950	-1596.5	-1597.93	1.4266	0.1238271
1960	-1841.69	-1843.15	1.46023	0.02636277
1970	-1820.61	-1822.28	1.66939	0.02916043
1980	-1719.98	-1722.26	2.27764	0.04878955
1990	-1601.78	-1603.37	1.58803	0.1148898
2000	-1628.93	-1627.81	-1.11371	0.2637781
2010	-1594.75	-1596.11	1.35936	0.1274915
2020	-1688.99	-1691.3	2.30934	0.0582763
2030	-1685.57	-1687.88	2.3071	0.05948628
2040	-1638.4	-1640.52	2.11966	0.08151112
2050	-1642.13	-1644.28	2.14788	0.07926742
2060	-1723.93	-1726.2	2.26748	0.04774056
2070	-1587.91	-1588.68	0.771041	0.1589518
2080	-1609.22	-1610.98	1.75451	0.1053503
2090	-1631.93	-1633.99	2.06315	0.08571293
2100	-1599.84	-1601.37	1.53426	0.1178931
2110	-1631.05	-1633.1	2.05458	0.08632301
2120	-1609.63	-1611.39	1.76226	0.1048951
2130	-1661.76	-1664.01	2.25357	0.06912933
2140	-1643.11	-1645.26	2.15479	0.07869879
2150	-1588.7	-1589.2	0.501851	0.1733114
2160	-1688.86	-1691.17	2.30927	0.05832383
2170	-1635.92	-1638.02	2.09922	0.08307031
2180	-1608.82	-1610.57	1.74673	0.1058067
2190	-1588.23	-1588.82	0.585581	0.1688352
2200	-1727.32	-1729.57	2.25775	0.04686529
2210	-1759.89	-1762.01	2.11944	0.03944413
2220	-1818.72	-1820.4	1.68688	0.02942804
2230	-1792.77	-1794.67	1.90482	0.03341029
2240	-1650.06	-1652.26	2.19858	0.07486809
2250	-1616.08	-1617.95	1.87139	0.09833134
2260	-1609.42	-1611.17	1.75818	0.1051353
2270	-1668.63	-1670.9	2.27637	0.06610215
2280	-1597.39	-1598.85	1.4577	0.1221226
2290	-1647.77	-1649.96	2.18518	0.07608878
2300	-1723.4	-1725.67	2.2689	0.0478782
2310	-1719.26	-1721.54	2.27934	0.04898354
2320	-1735	-1737.23	2.2323	0.04495875
2330	-1670.3	-1672.58	2.28096	0.06539796
2340	-1590.04	-1590.39	0.348585	0.1815379
2350	-1591.45	-1592.65	1.19593	0.1363059
2360	-1598.08	-1599.56	1.48051	0.1208674
2370	-1607.84	-1609.57	1.72729	0.106941
2380	-1695.45	-1697.76	2.31024	0.05609011
2390	-1758.49	-1760.62	2.12697	0.03973027
2400	-1814.76	-1816.48	1.72278	0.02999745
2410	-1624.98	-1626.97	1.98981	0.09076627
2420	-1666.9	-1669.17	2.27124	0.06684273
2430	-1631.35	-1633.4	2.0575	0.08611576
2440	-1617.9	-1619.8	1.89833	0.09665871
2450	-1752.22	-1754.38	2.159	0.04104508
2460	-1620.67	-1622.61	1.93643	0.09424856
2470	-1730.15	-1732.4	2.2489	0.04614935
2480	-1685.52	-1687.82	2.30705	0.05950738
2490	-1639.92	-1642.06	2.13157	0.08057819
2500	-1627.45	-1629.46	2.01747	0.08890265
2510	-1602.94	-1604.55	1.6175	0.1132301
2520	-1625.83	-1627.83	1.99953	0.09011677
2530	-1599.54	-1601.06	1.52543	0.1183835
2540	-1587.98	-1588.64	0.662577	0.1647277
2550	-1588.27	-1588.84	0.578073	0.1692361
2560	-1679.47	-1681.77	2.29993	0.06174395
2570	-1666.76	-1669.03	2.27082	0.06690176
2580	-1671.57	-1673.86	2.28421	0.06487018
2590	-1597.81	-1597.68	-0.126663	0.2074234
2600	-1827.59	-1823.45	-4.13965	0.4676344
2610	-1589.79	-1590.16	0.372565	0.1802476
2620	-1627.49	-1629.51	2.01793	0.08887126
2630	-1588.19	-1588.78	0.596157	0.1682706
2640	-1632.59	-1634.66	2.06939	0.08526431
2650	-1652.96	-1655.18	2.2143	0.07336633
2660	-1601.33	-1602.9	1.57591	0.1155691
2670	-1594.32	-1594.37	0.0496503	0.1977435
2680	-1589.1	-1590.11	1.01077	0.1461965
2690	-1593.08	-1594.36	1.28409	0.1315645
2700	-1622.59	-1624.56	1.96106	0.09265888
2710	-1591.53	-1592.73	1.20065	0.1360526
2720	-1627.95	-1629.97	2.02287	0.08853281
2730	-1590.18	-1591.29	1.10908	0.1409534
2740	-1626.24	-1628.24	2.00415	0.08980535
2750	-1647.11	-1649.29	2.18113	0.07644835
2760	-1590.72	-1591.86	1.14847	0.1388476
2770	-1656.32	-1658.55	2.23072	0.07169633
2780	-1830.67	-1832.24	1.57284	0.0277846
2790	-1748.04	-1750.22	2.17881	0.04195322
2800	-1652.93	-1655.15	2.21413	0.0733828
2810	-1594.73	-1596.09	1.35831	0.1275485
2820	-1644.53	-1646.69	2.16451	0.07788539
2830	-1687.66	-1689.96	2.30861	0.05874502
2840	-1597.21	-1598.66	1.4514	0.1224682
2850	-1594.05	-1595.37	1.3291	0.1291323
2860	-1611.04	-1612.82	1.78815	0.1033646
2870	-1681.82	-1684.12	2.30318	0.06086035
2880	-1622.48	-1624.44	1.9596	0.09275379
2890	-1604.45	-1604.05	-0.397141	0.2224792
2900	-1602.06	-1603.65	1.59516	0.114489
2910	-1626.93	-1628.94	2.01187	0.08928374
2920	-1623.32	-1625.29	1.96995	0.09207827
2930	-1614.55	-1616.39	1.84755	0.09979248
2940	-1653.24	-1655.46	2.21574	0.07322456
2950	-1610.65	-1612.43	1.78109	0.103783
2960	-1717.05	-1719.34	2.28433	0.04958744
2970	-1637.27	-1639.39	2.11057	0.08221064
2980	-1802.73	-1804.56	1.82605	0.03180957
2990	-1744.7	-1746.9	2.1937	0.04269655
3000	-1598.55	-1600.05	1.4955	0.1200404
3010	-1600.8	-1602.36	1.56156	0.1163719
3020	-1654.79	-1657.02	2.22347	0.07244783
3030	-1648.19	-1650.38	2.18768	0.07586416
3040	-1620.59	-1622.52	1.93529	0.09432186
3050	-1614.79	-1616.64	1.85147	0.09955327
3060	-1589.91	-1591	1.08795	0.1420818
3070	-1616.81	-1616.01	-0.793655	0.2450606
3080	-1587.9	-1588.62	0.718714	0.1617371
3090	-1692.34	-1694.65	2.31034	0.05712781
3100	-1589.19	-1590.21	1.02009	0.1457
3110	-1638.55	-1640.67	2.12089	0.08141589
3120	-1593.27	-1594.56	1.29341	0.1310617
3130	-1655.74	-1657.97	2.22801	0.07198043
3140	-1729.8	-1732.05	2.25004	0.04623821
3150	-1708.16	-1710.46	2.30013	0.05212563
3160	-1676.22	-1678.52	2.29438	0.06299981
3170	-1670.47	-1672.75	2.2814	0.06532762
3180	-1596.53	-1597.96	1.42761	0.1237719
3190	-1705.98	-1708.29	2.30293	0.05277608
3200	-1700.63	-1702.94	2.30797	0.05442388
3210	-1589.53	-1590.59	1.05438	0.1438726
3220	-1618.17	-1620.07	1.90213	0.09642118
3230	-1645.05	-1647.22	2.16799	0.07758896
3240	-1798.78	-1800.64	1.85798	0.0324321
3250	-1810.7	-1812.46	1.75856	0.03059407
3260	-1716.82	-1719.1	2.28483	0.04965254
3270	-1679.64	-1681.94	2.30018	0.06168053
3280	-1588.37	-1589.28	0.911634	0.1514731
3290	-1598.91	-1600.41	1.50645	0.1194354
3300	-1593.22	-1593.33	0.114335	0.1942162
3310	-1592.34	-1593.58	1.24636	0.133597
3320	-1610.73	-1612.51	1.78257	0.1036954
3330	-1600.14	-1601.68	1.54301	0.1174063
3340	-1611.58	-1613.38	1.7979	0.102784
3350	-1628.35	-1630.38	2.02712	0.08824095
3360	-1623.26	-1625.23	1.96928	0.09212179
3370	-1594.24	-1594.29	0.0543979	0.1974841
3380	-1591.35	-1591.59	0.239972	0.1873989
3390	-1626.08	-1628.08	2.00236	0.08992624
3400	-1592.77	-1594.04	1.26911	0.1323723
3410	-1607.33	-1609.05	1.71685	0.1075473
3420	-1622.5	-1624.46	1.95987	0.09273647
3430	-1600.9	-1602.46	1.56422	0.1162235
3440	-1739.61	-1741.83	2.21484	0.04386405
3450	-1633.51	-1635.59	2.07789	0.08464771
3460	-1587.93	-1588.62	0.689063	0.1633164
3470	-1616.37	-1618.25	1.87586	0.0980554
3480	-1682.16	-1684.47	2.30361	0.06073218
3490	-1735.08	-1737.31	2.23202	0.04493998
3500	-1682.07	-1684.37	2.30349	0.06076791
3510	-1823.64	-1825.28	1.64091	0.02873736
3520	-1711.48	-1713.77	2.29504	0.05115787
3530	-1714.06	-1716.35	2.29042	0.05042262
3540	-1612.36	-1614.17	1.81137	0.1019784
3550	-1754.18	-1756.33	2.14932	0.04062944
3560	-2026.93	-2025.51	-1.42426	0.01138771
3570	-1774.41	-1776.44	2.03349	0.0366263
3580	-1605.6	-1607.28	1.67983	0.1096821
3590	-1607.79	-1609.51	1.72617	0.1070058
3600	-1588.64	-1589.15	0.510703	0.1728377
3610	-1726.47	-1728.73	2.26028	0.04708283
3620	-1642.06	-1644.21	2.14741	0.07930594
3630	-1719.67	-1721.94	2.27839	0.04887418
3640	-1634.44	-1636.53	2.08632	0.08402996
3650	-1685.71	-1688.02	2.30721	0.05943774
3660	-1712.99	-1715.29	2.2924	0.05072444
3670	-1727.83	-1730.09	2.2562	0.04673496
3680	-1624.13	-1626.11	1.97973	0.09143436
3690	-1612.92	-1614.74	1.82088	0.1014072
3700	-1652.43	-1654.65	2.21153	0.07363658
3710	-1702.65	-1704.95	2.30639	0.05379521
3720	-1601.27	-1602.85	1.57446	0.1156508
3730	-1593.76	-1595.08	1.31626	0.1298273
3740	-1625.86	-1627.86	1.99993	0.09008975
3750	-1633.6	-1635.68	2.07872	0.08458709
3760	-1647.1	-1649.28	2.18105	0.07645577
3770	-1661.66	-1663.91	2.25317	0.06917726
3780	-1637.53	-1639.64	2.11263	0.08205288
3790	-1624.27	-1623.27	-0.996397	0.2568639
3800	-1591.43	-1591.67	0.233665	0.1877401
3810	-1620.23	-1619.35	-0.889363	0.2506099
3820	-1605.52	-1605.08	-0.435789	0.2246525
3830	-1684.39	-1686.7	2.30604	0.0599131
3840	-1843.5	-1844.94	1.44108	0.02613761
3850	-1937.67	-1937.86	0.193161	0.01693125
3860	-1922.11	-1922.54	0.432559	0.01816592
3870	-1958.8	-1958.64	-0.152288	0.01539858
3880	-1681.79	-1684.1	2.30315	0.06086952
3890	-1840.86	-1842.33	1.46893	0.02646657
3900	-1930.6	-1930.9	0.303546	0.01748061
3910	-1805.11	-1806.91	1.80633	0.03144112
3920	-1688.91	-1691.22	2.3093	0.05830552
3930	-1683.18	-1685.49	2.30478	0.06035595
3940	-1686.28	-1688.58	2.30766	0.05923464
3950	-1611.7	-1613.5	1.79996	0.1026614
3960	-1639.97	-1642.1	2.13189	0.0805533
3970	-1763.14	-1765.25	2.10143	0.03878987
3980	-1667.1	-1669.37	2.27186	0.06675535
3990	-1588.12	-1588.73	0.613869	0.1673252
4000	-1619.41	-1621.33	1.9195	0.09532665
4010	-1630.82	-1632.88	2.0524	0.08647717
4020	-1602.26	-1603.86	1.60048	0.1141897
4030	-1657.25	-1655.52	-1.72825	0.3010758
4040	-1660.57	-1658.78	-1.7923	0.3050718
4050	-1617.27	-1616.46	-0.806774	0.2458189
4060	-1619.24	-1621.15	1.91707	0.09548074
4070	-1605.72	-1607.4	1.68256	0.1095252
4080	-1665.63	-1667.89	2.2672	0.06739801
4090	-1614.93	-1616.78	1.85356	0.09942569
4100	-1589.49	-1590.54	1.05038	0.144086
4110	-1679.07	-1681.37	2.2993	0.06189795
4120	-1605.11	-1606.78	1.66891	0.1103074
4130	-1595.01	-1595.02	0.0121087	0.1997963
4140	-1593.56	-1594.86	1.30696	0.1303299
4150	-1729.09	-1726.18	-2.90764	0.3782399
4160	-1593.48	-1594.79	1.3035	0.1305166
4170	-1610.78	-1612.56	1.78345	0.1036433
4180	-1602.42	-1602.1	-0.320728	0.2181989
4190	-1595.34	-1596.72	1.38285	0.1262146
4200	-1808.09	-1809.87	1.78115	0.03098691
4210	-1713.82	-1716.11	2.29086	0.05048904
4220	-1697.95	-1700.25	2.30947	0.05527875
4230	-1689.75	-1692.06	2.30967	0.0580125
4240	-1587.89	-1588.64	0.744464	0.1603663
4250	-1623.92	-1625.9	1.97728	0.09159637
4260	-1756.64	-1758.77	2.13674	0.04011385
4270	-1768.66	-1770.73	2.0692	0.03770989
4280	-1768.37	-1770.44	2.07099	0.03776699
4290	-1676.42	-1678.71	2.29474	0.06292396
4300	-1629.41	-1628.28	-1.12545	0.2644735
4310	-1627.09	-1629.1	2.01355	0.08916948
4320	-1623.37	-1625.34	1.97063	0.09203324
4330	-1732.81	-1735.05	2.24004	0.04549201
4340	-1769.39	-1771.46	2.06478	0.03756991
4350	-1715.67	-1717.96	2.28723	0.04996975
4360	-1655.72	-1657.95	2.2279	0.07199126
4370	-1617.76	-1619.66	1.89628	0.09678713
4380	-1738.55	-1740.77	2.219	0.04411263
4390	-1702.47	-1704.78	2.30654	0.05384891
4400	-1736.44	-1738.67	2.22703	0.04461354
4410	-1750	-1752.17	2.16967	0.04152376
4420	-1817.9	-1819.59	1.69439	0.02954493
4430	-1717.69	-1719.97	2.28294	0.04941281
4440	-1799.13	-1800.99	1.85522	0.03237703
4450	-1854.13	-1855.46	1.32476	0.024858
4460	-1880.24	-1881.25	1.01203	0.02200662
4470	-1725.47	-1727.74	2.26316	0.04733855
4480	-1697.22	-1699.53	2.30976	0.05551279
4490	-1621.29	-1623.23	1.94443	0.09373541
4500	-1610.84	-1612.63	1.78468	0.1035704
4510	-1656.76	-1658.99	2.23273	0.07148329
4520	-1692.6	-1694.91	2.31037	0.05704013
4530	-1597.18	-1598.63	1.45029	0.1225291
4540	-1588.01	-1588.66	0.647743	0.1655185
4550	-1592.42	-1592.58	0.165185	0.1914518
4560	-1591.57	-1592.77	1.20304	0.135924
4570	-1628.18	-1630.21	2.02535	0.08836257
4580	-1645.58	-1647.75	2.1714	0.07729692
4590	-1752.81	-1754.96	2.15613	0.04092001
4600	-1814.66	-1816.38	1.72366	0.03001179
4610	-1654.02	-1656.24	2.21968	0.07283186
4620	-1593.38	-1593.48	0.1046	0.1947463
4630	-1621.29	-1623.24	1.94451	0.09373043
4640	-1718.14	-1720.43	2.28192	0.04928807
4650	-1611.35	-1613.14	1.79367	0.1030361
4660	-1667.96	-1670.24	2.27444	0.06638584
4670	-1816.11	-1817.82	1.71062	0.02980143
4680	-1727.56	-1729.82	2.25702	0.04680363
4690	-1672.47	-1674.75	2.28637	0.06450473
4700	-1588.19	-1589.07	0.875552	0.1533923
4710	-1593.99	-1595.32	1.32658	0.129269
4720	-1658.11	-1660.35	2.23874	0.0708331
4730	-1623.65	-1625.62	1.97401	0.09181186
4740	-1589.42	-1590.46	1.04338	0.1444588
4750	-1639.79	-1641.92	2.13052	0.08066136
4760	-1631.13	-1633.18	2.05536	0.0862679
4770	-1628.33	-1630.36	2.02694	0.08825317
4780	-1615.13	-1616.99	1.85682	0.09922622
4790	-1689.31	-1691.62	2.30948	0.05816484
4800	-1640.49	-1642.62	2.13583	0.08023985
4810	-1704.95	-1707.26	2.30411	0.05308807
4820	-1776.65	-1778.67	2.01896	0.03621381
4830	-1708.26	-1710.56	2.3	0.05209795
4840	-1699.4	-1701.7	2.30875	0.05481474
4850	-1771.17	-1773.23	2.05387	0.03723156
4860	-1803.61	-1805.43	1.81875	0.03167189
4870	-1763.65	-1765.75	2.09855	0.03868889
4880	-1659.34	-1661.58	2.24394	0.07025262
4890	-1625.35	-1627.34	1.99401	0.09048618
4900	-1657.16	-1659.4	2.23454	0.07128958
4910	-1627.93	-1629.95	2.02267	0.08854674
4920	-1640.58	-1642.71	2.13652	0.08018491
4930	-1587.97	-1588.78	0.808919	0.1569365
4940	-1592.6	-1592.75	0.153513	0.1920857
4950	-1592.85	-1592.98	0.137456	0.1929584
4960	-1588.97	-1589.44	0.464173	0.1753295
4970	-1606.48	-1608.18	1.69896	0.1085816
4980	-1613.56	-1615.39	1.83152	0.100765
4990	-1728.26	-1730.52	2.25488	0.04662535
5000	-1675.43	-1677.72	2.29283	0.06331285
5010	-1740.98	-1743.19	2.20935	0.04354652
5020	-1695.42	-1697.73	2.31025	0.05610109
5030	-1690.84	-1693.15	2.31003	0.05763904
5040	-1590.04	-1591.14	1.09817	0.141536
5050	-1591.28	-1592.47	1.18545	0.1368674
5060	-1616.93	-1618.81	1.88411	0.09754444
5070	-1591.45	-1592.64	1.19578	0.1363139
5080	-1656.8	-1659.03	2.23289	0.07146613
5090	-1588.16	-1588.76	0.602293	0.167943
5100	-1611.02	-1612.81	1.78787	0.103381
5110	-1588.57	-1589.51	0.94391	0.1497559
5120	-1648.09	-1650.27	2.18708	0.07591879
5130	-1724.15	-1726.41	2.26689	0.04768406
5140	-1588.55	-1589.49	0.940358	0.1499449
5150	-1587.91	-1588.61	0.704531	0.1624924
5160	-1687.15	-1689.45	2.30828	0.05892556
5170	-1740.48	-1742.7	2.21136	0.04366165
5180	-1605.1	-1606.77	1.66871	0.110319
5190	-1588	-1588.82	0.820379	0.1563269
5200	-1668.56	-1666.62	-1.94125	0.3144485
5210	-1598.77	-1598.6	-0.16983	0.2098088
5220	-1665.42	-1667.69	2.26653	0.06748842
5230	-1612.36	-1614.17	1.81137	0.1019784
5240	-1597.83	-1599.31	1.4724	0.1213141
5250	-1595.22	-1595.22	0.000937931	0.200408
5260	-1590.06	-1591.15	1.09944	0.141468
5270	-1594.89	-1596.25	1.36494	0.1271888
5280	-1671.6	-1673.89	2.28428	0.06485856
5290	-1704.01	-1706.32	2.3051	0.05337518
5300	-1790.5	-1792.42	1.92189	0.03378848
5310	-1790.21	-1792.13	1.92406	0.03383738
5320	-1799.81	-1801.66	1.84981	0.03226961
5330	-1961.08	-1960.89	-0.19098	0.0152423
5340	-1842.81	-1844.26	1.44844	0.02622365
5350	-1603.98	-1605.62	1.6428	0.1117963
5360	-1587.91	-1588.61	0.700856	0.1626882
5370	-1650.29	-1652.49	2.19987	0.07474783
5380	-1705.15	-1707.45	2.30389	0.05302823
5390	-1652.34	-1654.55	2.21105	0.07368341
5400	-1597.72	-1599.19	1.46872	0.1215165
5410	-1668.79	-1666.84	-1.94547	0.3147154
5420	-1660.72	-1658.92	-1.79503	0.3052428
5430	-1611.26	-1613.05	1.79218	0.1031246
5440	-1630.63	-1632.68	2.05049	0.0866124
5450	-1609.54	-1611.31	1.76062	0.1049918
5460	-1614.8	-1616.65	1.85155	0.09954828
5470	-1643.44	-1645.59	2.15707	0.07850946
5480	-1606.13	-1607.82	1.69151	0.109011
5490	-1597.14	-1598.59	1.44901	0.1225995
5500	-1655.24	-1657.47	2.22563	0.07222689
5510	-1640.82	-1642.96	2.13833	0.08004024
5520	-1683.86	-1686.16	2.3055	0.06010873
5530	-1703.15	-1705.46	2.30593	0.05363805
5540	-1588.64	-1589.59	0.954092	0.1492141
5550	-1597.27	-1597.17	-0.101368	0.2060284
5560	-1658.82	-1661.06	2.24175	0.07049964
5570	-1623.14	-1625.11	1.96777	0.09222067
5580	-1605.31	-1606.98	1.6734	0.1100505
5590	-1596.14	-1597.55	1.41344	0.1245468
5600	-1611.63	-1613.43	1.79869	0.1027368
5610	-1647.69	-1649.87	2.18467	0.07613374
5620	-1794.22	-1796.12	1.89369	0.03317029
5630	-1991.78	-1991.04	-0.738128	0.01329624
5640	-1718.68	-1720.96	2.28069	0.04914105
5650	-1649.76	-1651.95	2.19686	0.07502792
5660	-1587.92	-1588.61	0.692296	0.1631441
5670	-1636.89	-1635.59	-1.30155	0.2749831
5680	-1588.14	-1589.01	0.864434	0.1539837
5690	-1667.32	-1669.6	2.27253	0.06665988
5700	-1644.24	-1646.4	2.16255	0.07805019
5710	-1773.64	-1775.68	2.03837	0.03676807
5720	-1619.88	-1621.81	1.92589	0.09492149
5730	-1724.44	-1726.7	2.26608	0.04760784
5740	-1642.27	-1644.42	2.14893	0.07918178
5750	-1701.25	-1703.56	2.30752	0.05422844
5760	-1764.34	-1766.43	2.09465	0.03855339
5770	-1642.25	-1644.4	2.14877	0.07919499
5780	-1644.31	-1646.47	2.163	0.07801231
5790	-1648.77	-1650.96	2.19116	0.07555035
5800	-1802.72	-1804.54	1.82616	0.03181166
5810	-1615.47	-1617.33	1.86209	0.09890303
5820	-1657.13	-1659.36	2.23437	0.07130721
5830	-1622.77	-1624.73	1.96319	0.09251983
5840	-1611.03	-1612.82	1.78806	0.1033695
5850	-1616.9	-1618.79	1.88375	0.0975668
5860	-1656.99	-1659.22	2.23375	0.07137418
5870	-1598.24	-1599.72	1.48543	0.1205961
5880	-1626.24	-1628.25	2.00422	0.08980113
5890	-1698.24	-1700.54	2.30934	0.05518545
5900	-1734.82	-1737.05	2.23296	0.04500295
5910	-1697.17	-1699.48	2.30978	0.05552941
5920	-1609.78	-1611.55	1.76511	0.1047272
5930	-1590.26	-1591.38	1.11546	0.1406123
5940	-1622.19	-1621.25	-0.942016	0.25368
5950	-1588.7	-1589.66	0.962121	0.1487868
5960	-1732.51	-1734.75	2.24106	0.04556502
5970	-1756.75	-1758.88	2.13618	0.04009147
5980	-1742.35	-1744.55	2.20372	0.04323132
5990	-1738.99	-1741.21	2.2173	0.04401043
6000	-1782.65	-1784.63	1.97843	0.03513779
6010	-1595.63	-1597.02	1.39422	0.1255952
6020	-1605.52	-1607.2	1.67827	0.1097718
6030	-1629.95	-1632	2.04371	0.08708895
6040	-1696.07	-1698.38	2.31011	0.05588771
6050	-1730.34	-1732.59	2.24828	0.04610154
6060	-1675.3	-1677.6	2.29258	0.06336245
6070	-1655.27	-1657.49	2.22575	0.07221371
6080	-1733.79	-1736.03	2.23661	0.04525167
6090	-1737.48	-1739.7	2.22314	0.04436717
6100	-1735.49	-1737.72	2.23054	0.04484135
6110	-1658.73	-1660.98	2.2414	0.07053827
6120	-1610.22	-1611.99	1.77327	0.1042462
6130	-1588.44	-1589.37	0.923711	0.1508306
6140	-1755.89	-1758.03	2.1406	0.04026921
6150	-1774.52	-1776.55	2.03278	0.03660563
6160	-1606.96	-1608.67	1.70915	0.1079931
6170	-1594.84	-1596.2	1.36297	0.1272956
6180	-1664.49	-1666.75	2.26341	0.06789946
6190	-1682.92	-1685.22	2.30449	0.06045202
6200	-1621.16	-1623.1	1.94283	0.09383836
6210	-1707.97	-1710.27	2.30039	0.05218193
6220	-1774.84	-1776.87	2.03072	0.03654649
6230	-1588.16	-1589.03	0.868682	0.1537577
6240	-1712.76	-1715.05	2.29283	0.05079229
6250	-1712.19	-1714.48	2.29383	0.05095423
6260	-1622.58	-1624.55	1.96093	0.09266728
6270	-1594.76	-1594.79	0.0255237	0.1990623
6280	-1601.53	-1603.11	1.58135	0.1152647
6290	-1639.55	-1641.68	2.12871	0.0808042
6300	-1683.72	-1686.03	2.30537	0.06015669
6310	-1649.48	-1651.68	2.19529	0.07517269
6320	-1713.8	-1716.09	2.29091	0.05049634
6330	-1755.58	-1757.72	2.14218	0.04033385
6340	-1617.88	-1619.77	1.89794	0.09668329
6350	-1590	-1591.1	1.0951	0.1416998
6360	-1588.38	-1588.93	0.556113	0.1704093
6370	-1668.08	-1670.35	2.27478	0.06633706
6380	-1652.6	-1654.81	2.2124	0.07355212
6390	-1766.7	-1768.78	2.08092	0.03809021
6400	-1638.46	-1640.58	2.12013	0.08147442
6410	-1654.27	-1656.49	2.22091	0.072708
6420	-1629.79	-1631.83	2.04206	0.08720431
6430	-1634.37	-1636.46	2.08569	0.08407632
6440	-1811.84	-1813.59	1.74865	0.03042577
6450	-1861.3	-1862.55	1.24265	0.0240351
6460	-1814.94	-1816.66	1.72112	0.02997051
6470	-1715.03	-1717.32	2.28852	0.05014818
6480	-1786.58	-1788.53	1.95063	0.03445441
6490	-1756.34	-1758.48	2.13829	0.0401761
6500	-1811.87	-1813.61	1.74841	0.0304216
6510	-1676.71	-1679	2.29528	0.0628106
6520	-1676.23	-1678.53	2.2944	0.0629953
6530	-1648.6	-1650.79	2.19015	0.07564186
6540	-1625	-1626.99	1.98997	0.0907554
6550	-1607.1	-1608.81	1.71201	0.1078274
6560	-1638.49	-1640.61	2.12039	0.08145471
6570	-1689.25	-1691.56	2.30946	0.05818605
6580	-1592.13	-1593.37	1.23527	0.1341936
6590	-1640.7	-1642.84	2.13746	0.08010956
6600	-1588.12	-1588.73	0.614311	0.1673017
6610	-1588.21	-1588.8	0.591046	0.1685434
6620	-1609.74	-1609.16	-0.579111	0.232763
6630	-1594.39	-1594.43	0.0461442	0.197935
6640	-1587.96	-1588.63	0.669448	0.1643615
6650	-1589.39	-1589.8	0.414647	0.1779863
6660	-1660.23	-1662.48	2.24761	0.0698333
6670	-1730.05	-1732.3	2.24922	0.04617393
6680	-1587.97	-1588.64	0.664067	0.1646483
6690	-1606.96	-1608.67	1.70908	0.1079969
6700	-1599.32	-1600.84	1.51904	0.1187378
6710	-1662.21	-1664.46	2.25526	0.06892535
6720	-1588.5	-1589.03	0.533405	0.1716232
6730	-1588.31	-1589.21	0.899453	0.152121
6740	-1665.46	-1667.73	2.26667	0.06746881
6750	-1596.2	-1596.15	-0.0495034	0.2031749
6760	-1596.25	-1596.19	-0.0517414	0.2032979
6770	-1687.73	-1690.04	2.30866	0.05871939
6780	-1759.16	-1761.29	2.12338	0.03959287
6790	-1615.98	-1617.85	1.86993	0.09842166
6800	-1691.16	-1693.47	2.31012	0.0575287
6810	-1671.11	-1673.39	2.28305	0.06506268
6820	-1693.94	-1696.25	2.31041	0.05658961
6830	-1643.34	-1645.5	2.15644	0.07856197
6840	-1704.71	-1707.01	2.30437	0.053162
6850	-1771.68	-1773.73	2.05072	0.03713595
6860	-1677.37	-1679.67	2.29648	0.06255211
6870	-1611.39	-1613.19	1.79453	0.102985
6880	-1588.98	-1589.98	0.997412	0.146908
6890	-1610.62	-1612.4	1.78067	0.103808
6900	-1601.45	-1603.03	1.57929	0.1153801
6910	-1690.67	-1692.98	2.30998	0.05769633
6920	-1588.24	-1588.82	0.583882	0.1689259
6930	-1593	-1594.28	1.28031	0.1317687
6940	-1593.05	-1594.33	1.28268	0.1316409
6950	-1588.4	-1588.95	0.551209	0.1706714
6960	-1666.69	-1668.96	2.27058	0.06693466
6970	-1590.88	-1592.04	1.15933	0.1382665
6980	-1633.42	-1635.5	2.07708	0.08470707
6990	-1712.35	-1714.64	2.29355	0.05090854
7000	-1752.15	-1754.31	2.15935	0.04106009
7010	-1652.52	-1654.73	2.21199	0.07359263
7020	-1606.24	-1607.93	1.69384	0.1088769
7030	-1618.02	-1619.92	1.89995	0.09655756
7040	-1611.55	-1613.35	1.7973	0.1028197
7050	-1727.56	-1729.81	2.25703	0.04680445
7060	-1722.25	-1724.52	2.27196	0.04818282
7070	-1652.43	-1654.64	2.21153	0.07363711
7080	-1667.05	-1669.32	2.2717	0.06677786
7090	-1758.86	-1760.98	2.12502	0.03965543
7100	-1811.68	-1813.43	1.75006	0.03044955
7110	-1694.5	-1696.81	2.31037	0.05640444
7120	-1587.96	-1588.63	0.669314	0.1643687
7130	-1600.33	-1601.88	1.54837	0.117108
7140	-1646.7	-1648.88	2.17856	0.07667464
7150	-1682.74	-1685.05	2.30429	0.0605165
7160	-1713.79	-1716.08	2.29092	0.05049791
7170	-1610.44	-1612.22	1.77728	0.1040091
7180	-1690.35	-1692.66	2.30988	0.05780811
7190	-1833.59	-1835.14	1.54366	0.02739896
7200	-1796.55	-1798.42	1.87565	0.0327915
7210	-1817.78	-1819.47	1.69548	0.02956198
7220	-1624.95	-1626.94	1.98948	0.09078821
7230	-1741.17	-1743.38	2.20857	0.04350208
7240	-1596.4	-1597.82	1.42303	0.1240225
7250	-1588.06	-1588.69	0.630269	0.1664504
7260	-1702.94	-1705.25	2.30612	0.05370373
7270	-1708.71	-1711.01	2.29935	0.0519636
7280	-1599.54	-1601.07	1.52553	0.118378
7290	-1623.38	-1625.35	1.9707	0.09202888
7300	-1605.21	-1606.88	1.67115	0.1101795
7310	-1587.89	-1588.64	0.744485	0.1603651
7320	-1606.63	-1608.33	1.70212	0.1083992
7330	-1658.66	-1660.9	2.24107	0.07057558
7340	-1705.68	-1707.98	2.3033	0.05286911
7350	-1652.47	-1654.68	2.2117	0.07362026
7360	-1594.73	-1596.09	1.35828	0.1275502
7370	-1663.28	-1665.54	2.2592	0.06843784
7380	-1621.69	-1623.64	1.9496	0.09340223
7390	-1606.97	-1606.48	-0.486665	0.2275223
7400	-1605.07	-1604.65	-0.419706	0.2237474
7410	-1637.98	-1640.1	2.11636	0.08176655
7420	-1638.03	-1640.14	2.1167	0.08173978
7430	-1690.45	-1692.76	2.30992	0.05777287
7440	-1805.73	-1807.53	1.80115	0.03134629
7450	-1812.73	-1814.47	1.74079	0.0302939
7460	-1920.58	-1921.03	0.455346	0.01829221
7470	-1708.47	-1710.77	2.2997	0.0520358
7480	-1735.06	-1737.29	2.23209	0.04494462
7490	-1663.08	-1665.34	2.25847	0.06852832
7500	-1671.12	-1673.4	2.28307	0.06505943
7510	-1771.46	-1773.52	2.05206	0.03717647
7520	-1631.72	-1633.78	2.06114	0.085856
7530	-1716.41	-1718.69	2.28571	0.04976612
7540	-1808.76	-1810.53	1.7754	0.03088577
7550	-1679.66	-1681.96	2.30021	0.06167185
7560	-1752.1	-1754.26	2.15958	0.04107034
7570	-1677.9	-1680.19	2.29739	0.06234744
7580	-1818.84	-1820.53	1.68574	0.02941049
7590	-1715.11	-1717.4	2.28837	0.05012766
7600	-1730.99	-1733.23	2.24618	0.04594168
7610	-1816.06	-1817.77	1.71109	0.02980895
7620	-1662.64	-1664.89	2.25684	0.06873085
7630	-1634.37	-1636.45	2.08563	0.08408041
7640	-1588.7	-1589.66	0.961732	0.1488074
7650	-1590.5	-1590.81	0.307265	0.1837643
7660	-1667.21	-1669.48	2.27219	0.06670829
7670	-1707.84	-1710.14	2.30058	0.05222257
7680	-1676.52	-1678.82	2.29494	0.06288296
7690	-1777.06	-1779.07	2.01627	0.0361392
7700	-1736.04	-1738.26	2.22853	0.04471026
7710	-1679.92	-1682.22	2.3006	0.06157205
7720	-1769.56	-1771.62	2.0638	0.03753905
7730	-1840.85	-1842.32	1.46913	0.0264689
7740	-1798.18	-1800.04	1.8628	0.03252919
7750	-1667.05	-1669.33	2.27172	0.06677588
7760	-1591.49	-1592.69	1.19822	0.1361828
7770	-1683.85	-1686.15	2.30549	0.06011172
7780	-1666.76	-1669.03	2.27081	0.06690342
7790	-1717.57	-1719.86	2.28319	0.04944448
7800	-1620.98	-1622.92	1.94042	0.093993
7810	-1659.08	-1661.32	2.24285	0.07037584
7820	-1659.17	-1661.42	2.24326	0.07032985
7830	-1751.05	-1753.22	2.16467	0.04129637
7840	-1724.87	-1727.14	2.26486	0.04749439
7850	-1642.22	-1644.37	2.14855	0.079213
7860	-1596.33	-1597.76	1.4206	0.1241555
7870	-1732.28	-1734.52	2.24184	0.0456216
7880	-1604.77	-1606.43	1.66126	0.1107449
7890	-1604.13	-1605.78	1.64637	0.1115931
7900	-1596.33	-1597.75	1.4205	0.1241607
7910	-1604.69	-1606.35	1.65948	0.1108467
7920	-1845.96	-1847.38	1.41471	0.02583458
7930	-1954.83	-1954.75	-0.0857	0.01567427
7940	-1845.29	-1846.71	1.42196	0.0259171
7950	-1827.66	-1829.26	1.60233	0.02818775
7960	-1715.49	-1717.78	2.2876	0.05002104
7970	-1804.47	-1806.28	1.81164	0.03153919
7980	-1700.12	-1702.42	2.30831	0.05458653
7990	-1589.09	-1590.11	1.01029	0.1462222
8000	-1592.07	-1593.3	1.2316	0.1343905
8010	-1650.28	-1652.48	2.19983	0.0747511
8020	-1731.28	-1733.52	2.24521	0.04586896
8030	-1651.61	-1653.82	2.20715	0.07405972
8040	-1654.29	-1656.51	2.22101	0.07269757
8050	-1712.06	-1714.36	2.29405	0.05099071
8060	-1635.35	-1637.44	2.09428	0.08343954
8070	-1636.3	-1638.4	2.10242	0.08282906
8080	-1612.49	-1614.3	1.81353	0.1018492
8090	-1611.01	-1610.39	-0.61966	0.2350725
8100	-1615.74	-1617.6	1.86616	0.09865333
8110	-1643.13	-1645.29	2.15497	0.0786843
8120	-1635.4	-1637.49	2.09473	0.0834062
8130	-1660.21	-1662.46	2.24751	0.06984511
8140	-1624.96	-1626.94	1.98949	0.09078754
8150	-1606.06	-1607.75	1.68994	0.1091011
8160	-1718.44	-1720.72	2.28125	0.04920785
8170	-1656.67	-1658.9	2.23229	0.07152962
8180	-1722.43	-1724.7	2.27148	0.04813438
8190	-1738.1	-1740.32	2.22074	0.04421903
8200	-1607.46	-1609.18	1.71952	0.1073924
8210	-1644.79	-1646.96	2.16626	0.07773687
8220	-1636.95	-1639.06	2.10789	0.08241498
8230	-1596.87	-1598.31	1.4398	0.1231044
8240	-1620.53	-1622.47	1.93455	0.0943688
8250	-1730.18	-1732.43	2.24881	0.0461425
8260	-1629.58	-1631.62	2.03992	0.08735364
8270	-1683.52	-1685.83	2.30515	0.06023068
8280	-1666.63	-1668.9	2.27039	0.0669612
8290	-1618.75	-1620.66	1.91027	0.09590937
8300	-1726.05	-1728.31	2.2615	0.04719057
8310	-1635.12	-1637.21	2.09231	0.08358638
8320	-1654.74	-1656.96	2.22321	0.07247494
8330	-1608.64	-1610.38	1.7432	0.1060129
8340	-1609.82	-1611.59	1.76589	0.1046812
8350	-1657.48	-1659.72	2.23596	0.0711364
8360	-1617.8	-1616.98	-0.82191	0.2466947
8370	-1588.5	-1589.43	0.932556	0.15036
8380	-1595.28	-1596.66	1.38069	0.1263319
8390	-1620.65	-1622.59	1.93618	0.09426457
8400	-1710.22	-1712.52	2.29709	0.05152258
8410	-1683.75	-1686.05	2.30539	0.06014896
8420	-1665.11	-1667.38	2.26551	0.06762425
8430	-1641.36	-1643.51	2.14234	0.07971771
8440	-1629.8	-1631.84	2.04216	0.08719772
8450	-1636.42	-1638.53	2.10347	0.08274965
8460	-1603.91	-1605.55	1.64113	0.1118913
8470	-1589.05	-1590.06	1.00539	0.1464831
8480	-1588.35	-1588.91	0.561837	0.1701034
8490	-1642.16	-1644.3	2.14809	0.07925078
8500	-1754.74	-1756.88	2.14649	0.04051136
8510	-1625.43	-1627.42	1.99494	0.09042414
8520	-1667.6	-1669.88	2.27338	0.0665391
8530	-1672.48	-1674.77	2.28641	0.06449809
8540	-1669.16	-1671.44	2.27787	0.06587737
8550	-1670.91	-1673.19	2.28255	0.06514419
8560	-1653.85	-1656.07	2.21879	0.07292085
8570	-1622.94	-1624.91	1.96538	0.09237742
8580	-1640.27	-1642.4	2.13418	0.08037161
8590	-1647.87	-1650.06	2.1858	0.07603351
8600	-1692.78	-1695.09	2.31038	0.05697842
8610	-1641.61	-1643.75	2.14414	0.07957193
8620	-1721.47	-1723.74	2.27396	0.04839087
8630	-1673.13	-1675.42	2.28791	0.0642354
8640	-1862.87	-1864.1	1.22431	0.02385935
8650	-1691.68	-1693.99	2.31023	0.05735105
8660	-1722.85	-1725.12	2.27038	0.04802375
8670	-1751.92	-1754.08	2.16048	0.04111017
8680	-1683.02	-1685.32	2.30461	0.06041529
8690	-1612.21	-1614.02	1.80886	0.1021291
8700	-1589.63	-1590.7	1.0637	0.1433755
8710	-1642.34	-1644.49	2.14941	0.07914216
8720	-1715.5	-1717.79	2.28758	0.05001823
8730	-1675.65	-1677.95	2.29327	0.06322466
8740	-1813.89	-1815.62	1.7305	0.03012356
8750	-1624.43	-1626.41	1.98329	0.09119941
8760	-1615.59	-1617.45	1.86393	0.09879038
8770	-1646.63	-1648.81	2.1781	0.0767144
8780	-1599.22	-1600.74	1.51611	0.1189
8790	-1602.54	-1604.15	1.60753	0.1137925
8800	-1673.35	-1675.64	2.28841	0.06414572
8810	-1646.16	-1648.34	2.17517	0.07697052
8820	-1740.39	-1742.6	2.21175	0.04368383
8830	-1629.43	-1631.47	2.03836	0.08746238
8840	-1639.32	-1641.45	2.12696	0.08094179
8850	-1663.06	-1665.32	2.25838	0.06854004
8860	-1663.63	-1665.89	2.26044	0.06828103
8870	-1882.62	-1883.6	0.981639	0.02176559
8880	-1755.15	-1757.3	2.14439	0.04042423
8890	-1827.13	-1828.74	1.60749	0.02825987
8900	-1631.12	-1633.17	2.05526	0.08627455
8910	-1720.03	-1722.31	2.27751	0.04877545
8920	-1663.9	-1666.16	2.26136	0.06816371
8930	-1637.6	-1639.71	2.11324	0.08200584
8940	-1703.69	-1705.99	2.30542	0.05347432
8950	-1657.32	-1659.55	2.23522	0.07121574
8960	-1617.86	-1619.75	1.89767	0.09670025
8970	-1650.89	-1653.09	2.20321	0.07443378
8980	-1590.14	-1591.25	1.10627	0.1411033
8990	-1612.47	-1614.28	1.81324	0.1018663
9000	-1724.52	-1726.78	2.26585	0.04758663
9010	-1659.68	-1661.93	2.24536	0.07009153
9020	-1590.23	-1590.56	0.331411	0.1824628
9030	-1595.3	-1596.69	1.3816	0.1262827
9040	-1659.96	-1662.2	2.24648	0.06996318
9050	-1865.74	-1866.93	1.19041	0.02354163
9060	-1814.79	-1816.51	1.72248	0.02999264
9070	-1749.17	-1751.34	2.17359	0.04170552
9080	-1702.08	-1704.39	2.30687	0.05396966
9090	-1720.37	-1722.65	2.27669	0.04868449
9100	-1669.57	-1671.84	2.27899	0.06570616
9110	-1783.38	-1785.36	1.97329	0.03500833
9120	-1837.17	-1838.67	1.50732	0.02693614
9130	-1634.13	-1636.22	2.08354	0.08423461
9140	-1729.99	-1732.24	2.24944	0.04619104
9150	-2013.28	-2012.13	-1.15016	0.0120923
9160	-1637.09	-1639.2	2.10903	0.08232804
9170	-1588.24	-1589.13	0.886221	0.1528248
9180	-1610.24	-1609.64	-0.595061	0.2336706
9190	-1589.96	-1591.05	1.09161	0.141886
9200	-1663.8	-1666.06	2.26102	0.06820653
9210	-1638.37	-1640.49	2.11946	0.08152672
9220	-1600.94	-1602.5	1.56529	0.1161633
9230	-1619.93	-1621.86	1.92657	0.09487802
9240	-1588.13	-1588.99	0.86133	0.1541488
9250	-1588.23	-1588.82	0.586059	0.1688097
9260	-1606.53	-1608.23	1.70004	0.1085193
9270	-1594.15	-1595.49	1.33386	0.1288743
9280	-1667.54	-1669.81	2.27318	0.0665679
9290	-1629.58	-1631.62	2.03988	0.08735674
9300	-1592.55	-1593.81	1.2578	0.1329816
9310	-1644.16	-1646.33	2.16205	0.07809289
9320	-1588.33	-1589.24	0.90462	0.1518462
9330	-1596.58	-1598.01	1.42946	0.1236708
9340	-1666.32	-1668.59	2.26943	0.06709361
9350	-1686.99	-1689.3	2.30818	0.05897895
9360	-1639.09	-1641.21	2.1251	0.08108724
9370	-1587.98	-1588.79	0.812355	0.1567538
9380	-1588.59	-1589.11	0.519329	0.1723761
9390	-1604.18	-1605.82	1.6475	0.1115292
9400	-1754.43	-1756.57	2.14806	0.04057688
9410	-1588.04	-1588.88	0.835088	0.1555445
9420	-1770.06	-1772.12	2.0607	0.03744225
9430	-1888.77	-1889.67	0.901674	0.0211563
9440	-1775.37	-1777.39	2.02731	0.03644889
9450	-1694.76	-1697.07	2.31035	0.05631803
9460	-1589.47	-1590.52	1.04854	0.1441838
9470	-1598.84	-1600.34	1.5043	0.1195539
9480	-1656.88	-1659.11	2.23326	0.07142585
9490	-1690.2	-1692.51	2.30983	0.05785764
9500	-1678.31	-1680.6	2.29808	0.06218976
9510	-1795.13	-1797.02	1.8867	0.03302212
9520	-1736.06	-1738.28	2.22845	0.04470532
9530	-1653.78	-1656	2.21846	0.07295368
9540	-1650.29	-1652.49	2.19989	0.07474626
9550	-1637.53	-1639.64	2.11267	0.08204973
9560	-1616	-1617.87	1.87018	0.09840601
9570	-1603.14	-1604.76	1.62258	0.1129428
9580	-1744.15	-1746.35	2.19608	0.04282073
9590	-1591.37	-1591.61	0.23859	0.1874736
9600	-1591.18	-1592.36	1.17919	0.1372031
9610	-1596.95	-1598.39	1.44245	0.1229592
9620	-1802.64	-1804.47	1.82676	0.03182317
9630	-1597.43	-1598.89	1.45885	0.1220595
9640	-1609.34	-1611.1	1.75673	0.1052201
9650	-1669.46	-1671.74	2.27871	0.06574868
9660	-1624.91	-1626.9	1.98892	0.09082539
9670	-1672.23	-1670.22	-2.0076	0.3186629
9680	-1613.67	-1612.97	-0.701581	0.2397593
9690	-1588.07	-1588.91	0.843864	0.1550778
9700	-1594.63	-1595.99	1.35438	0.1277618
9710	-1587.92	-1588.69	0.776662	0.1586527
9720	-1612.76	-1612.09	-0.674123	0.2381853
9730	-1595.74	-1595.71	-0.0259674	0.2018829
9740	-1724.85	-1727.12	2.26492	0.04750009
9750	-1761.6	-1763.71	2.11005	0.03909814
9760	-1627.86	-1629.88	2.02191	0.08859923
9770	-1637.47	-1639.58	2.11219	0.08208697
9780	-1671.37	-1673.65	2.2837	0.06495566
9790	-1688.42	-1690.73	2.30905	0.05847513
9800	-1692.47	-1694.78	2.31035	0.05708399
9810	-1671.29	-1673.57	2.2835	0.0649878
9820	-1806.46	-1808.26	1.79496	0.03123382
9830	-1717.49	-1719.77	2.28338	0.04946847
9840	-1725.8	-1728.07	2.26221	0.04725325
9850	-1610.26	-1612.03	1.774	0.1042029
9860	-1661.41	-1663.66	2.25222	0.0692909
9870	-1615.1	-1616.96	1.85638	0.09925343
9880	-1588.42	-1589.34	0.920394	0.1510071
9890	-1596.38	-1597.8	1.42222	0.1240666
9900	-1592.24	-1592.41	0.177319	0.1907932
9910	-1623.29	-1625.26	1.96961	0.09210017
9920	-1782.94	-1784.92	1.9764	0.0350864
9930	-1831.34	-1832.91	1.56616	0.02769509
9940	-1723.26	-1725.53	2.26928	0.04791519
9950	-1649.84	-1652.03	2.19732	0.07498447
9960	-1752.44	-1754.6	2.15792	0.04099779
9970	-1805.27	-1807.07	1.80498	0.03141633
9980	-1765.07	-1767.16	2.09042	0.03840852
9990	-1596.64	-1598.08	1.43172	0.1235471
10000	-1614.49	-1616.34	1.84673	0.09984208
