Iteration	Posterior	Likelihood	Prior	birth_rate
0	-1588.24	-1589.13	0.887006	0.1527831
10	-1591.81	-1592.02	0.206373	0.1892179
20	-1608.74	-1610.49	1.7452	0.1058959
30	-1599.01	-1600.52	1.50956	0.1192632
40	-1589	-1589.46	0.460575	0.1755224
50	-1590.17	-1590.51	0.33654	0.1821865
60	-1623.46	-1625.43	1.97173	0.09196137
70	-1609.23	-1610.98	1.7546	0.1053452
80	-1588.44	-1589.36	0.923243	0.1508555
90	-1598.74	-1600.24	1.5014	0.1197145
100	-1604.93	-1606.59	1.66482	0.1105415
110	-1604.66	-1606.32	1.65866	0.1108932
120	-1588.31	-1588.88	0.56873	0.1697352
130	-1588.45	-1588.99	0.541834	0.1711725
140	-1589.49	-1589.89	0.403629	0.178578
150	-1597.13	-1598.58	1.44867	0.1226182
160	-1620.16	-1622.09	1.92964	0.09468267
170	-1611.7	-1613.5	1.79998	0.1026603
180	-1702.21	-1704.51	2.30676	0.05393105
190	-1593.28	-1594.58	1.2941	0.1310245
200	-1592.08	-1593.31	1.2325	0.1343422
210	-1604.33	-1605.98	1.65117	0.1113203
220	-1588.74	-1589.71	0.967529	0.1484989
230	-1591.25	-1592.43	1.18341	0.1369768
240	-1599.1	-1598.92	-0.184458	0.2106186
250	-1591.31	-1591.55	0.243007	0.1872347
260	-1618.24	-1620.14	1.90314	0.09635763
270	-1628.82	-1630.86	2.03212	0.08789622
280	-1588.93	-1589.4	0.470255	0.1750035
290	-1598.63	-1600.13	1.4978	0.1199132
300	-1611.4	-1613.19	1.79455	0.1029835
310	-1599.48	-1601.01	1.52387	0.11847
320	-1681.57	-1683.87	2.30287	0.06095237
330	-1613.63	-1615.46	1.83264	0.1006978
340	-1592.89	-1593.03	0.134711	0.1931076
350	-1594.42	-1595.76	1.34513	0.128264
360	-1597.24	-1598.69	1.4525	0.1224079
370	-1590.42	-1590.73	0.314515	0.1833734
380	-1598.6	-1598.44	-0.16247	0.2094016
390	-1606.57	-1608.27	1.70092	0.1084686
400	-1593.55	-1594.86	1.30667	0.1303454
410	-1588.13	-1589	0.862104	0.1541076
420	-1588.45	-1588.99	0.543167	0.1711012
430	-1633.82	-1635.9	2.08072	0.08444133
440	-1594.47	-1594.51	0.0414051	0.198194
450	-1604.83	-1606.5	1.66274	0.1106603
460	-1590.18	-1591.29	1.10962	0.1409245
470	-1589.01	-1589.47	0.459253	0.1755932
480	-1596.26	-1597.68	1.41783	0.1243068
490	-1591.17	-1592.35	1.17844	0.1372431
500	-1587.89	-1588.62	0.727985	0.1612435
510	-1591.73	-1591.94	0.212484	0.1888868
520	-1597.6	-1599.06	1.46463	0.1217415
530	-1608.61	-1610.35	1.74257	0.10605
540	-1589.62	-1590.68	1.062	0.1434659
550	-1591.26	-1592.44	1.18402	0.1369443
560	-1638.66	-1640.78	2.12172	0.08135147
570	-1680.57	-1682.87	2.30153	0.06132845
580	-1593.7	-1595.02	1.31365	0.1299682
590	-1620.36	-1619.47	-0.892847	0.2508127
600	-1595.77	-1595.74	-0.0275938	0.2019721
610	-1645.85	-1644.36	-1.49742	0.2868478
620	-1610.22	-1612	1.77332	0.1042427
630	-1619.82	-1621.74	1.92498	0.09497932
640	-1641.04	-1643.18	2.13994	0.07991057
650	-1588.94	-1589.41	0.468185	0.1751145
660	-1622.93	-1624.9	1.96523	0.09238685
670	-1615.02	-1616.87	1.85505	0.09933471
680	-1599.58	-1599.37	-0.205039	0.2117593
690	-1588.76	-1589.72	0.969647	0.1483862
700	-1591.15	-1592.33	1.17751	0.1372928
710	-1616.55	-1618.43	1.87846	0.09789468
720	-1653.99	-1656.21	2.21951	0.07284913
730	-1710.95	-1713.25	2.29592	0.05131076
740	-1590.27	-1590.6	0.32766	0.1826649
750	-1594.84	-1594.86	0.0214686	0.1992841
760	-1588.07	-1588.7	0.629029	0.1665165
770	-1623.81	-1625.78	1.97592	0.09168562
780	-1617.81	-1619.71	1.89705	0.09673861
790	-1600.37	-1601.92	1.54951	0.1170444
800	-1588.1	-1588.72	0.620292	0.1669825
810	-1599.63	-1601.16	1.52811	0.1182347
820	-1588.23	-1589.12	0.884918	0.1528942
830	-1614.95	-1614.21	-0.739908	0.2419616
840	-1588.57	-1589.09	0.521561	0.1722567
850	-1621.99	-1623.94	1.95345	0.09315281
860	-1684.6	-1686.91	2.30624	0.05983746
870	-1589.66	-1590.72	1.06587	0.14326
880	-1595.97	-1595.93	-0.0379362	0.2025397
890	-1595.34	-1596.72	1.38289	0.1262123
900	-1589.8	-1590.88	1.0787	0.1425752
910	-1608.64	-1610.38	1.74309	0.1060196
920	-1609.32	-1611.08	1.75637	0.1052414
930	-1691.92	-1694.23	2.31028	0.05726965
940	-1592.11	-1593.35	1.23412	0.1342551
950	-1595.32	-1596.7	1.38209	0.1262561
960	-1618.51	-1620.41	1.90688	0.09612257
970	-1588.26	-1589.15	0.891153	0.1525625
980	-1591.64	-1592.85	1.20721	0.1357007
990	-1612.42	-1611.76	-0.663706	0.2375889
1000	-1691.37	-1693.68	2.31017	0.05745835
1010	-1595.95	-1597.36	1.40646	0.1249275
1020	-1589.19	-1589.62	0.437658	0.1767513
1030	-1621.63	-1623.58	1.9489	0.09344714
1040	-1590.79	-1591.95	1.15366	0.1385698
1050	-1659.1	-1661.34	2.24295	0.07036467
1060	-1589.73	-1590.11	0.378515	0.1799277
1070	-1632.99	-1635.06	2.07311	0.08499502
1080	-1660.5	-1662.75	2.24869	0.06970789
1090	-1641.38	-1643.52	2.14243	0.07971025
1100	-1615.07	-1616.93	1.85588	0.09928363
1110	-1599.06	-1600.57	1.51119	0.1191726
1120	-1590.39	-1591.51	1.12496	0.1401047
1130	-1591.2	-1592.38	1.18052	0.1371319
1140	-1591.12	-1592.3	1.17548	0.1374016
1150	-1595.8	-1597.2	1.40062	0.1252465
1160	-1618.38	-1620.29	1.90514	0.09623202
1170	-1606.33	-1608.02	1.69575	0.1087669
1180	-1592.61	-1593.88	1.26091	0.1328142
1190	-1591.93	-1593.15	1.22405	0.1347964
1200	-1587.91	-1588.61	0.70451	0.1624936
1210	-1588.08	-1588.92	0.846258	0.1549504
1220	-1624.15	-1626.13	1.97998	0.09141827
1230	-1594.32	-1594.37	0.0499201	0.1977287
1240	-1593.9	-1593.97	0.0739994	0.1964143
1250	-1588.19	-1589.07	0.876218	0.1533569
1260	-1609.42	-1611.18	1.7583	0.1051281
1270	-1589.42	-1589.83	0.411629	0.1781483
1280	-1588.99	-1589.45	0.461596	0.1754676
1290	-1592.37	-1593.62	1.24823	0.1334967
1300	-1624.78	-1623.77	-1.00958	0.2576378
1310	-1617.94	-1617.11	-0.825831	0.2469217
1320	-1608.21	-1609.94	1.73459	0.1065155
1330	-1607	-1606.51	-0.48755	0.2275723
1340	-1587.9	-1588.66	0.762799	0.1593905
1350	-1597.04	-1598.48	1.44549	0.1227924
1360	-1598.81	-1600.32	1.50359	0.1195934
1370	-1591.01	-1591.28	0.266013	0.1859911
1380	-1612.03	-1613.83	1.80563	0.1023224
1390	-1590.78	-1591.07	0.283929	0.1850234
1400	-1593.78	-1595.1	1.31726	0.1297733
1410	-1597.15	-1598.6	1.44941	0.1225774
1420	-1597.36	-1597.26	-0.10584	0.2062749
1430	-1606.91	-1608.62	1.70818	0.1080491
1440	-1588.93	-1589.92	0.990899	0.1472548
1450	-1598.77	-1600.27	1.50229	0.1196653
1460	-1602.63	-1604.24	1.60975	0.1136674
1470	-1607.23	-1608.95	1.71487	0.1076621
1480	-1609.54	-1608.97	-0.572539	0.2323892
1490	-1588.73	-1589.22	0.498039	0.1735154
1500	-1592.23	-1593.47	1.24063	0.1339051
1510	-1631.49	-1633.55	2.05892	0.086015
1520	-1717.15	-1719.43	2.28412	0.04956099
1530	-1621.18	-1623.13	1.94311	0.09382012
1540	-1589.94	-1591.03	1.08973	0.1419868
1550	-1600.15	-1601.7	1.54336	0.1173868
1560	-1604.29	-1605.94	1.65008	0.1113824
1570	-1599.96	-1601.49	1.53771	0.117701
1580	-1588.54	-1589.48	0.938803	0.1500276
1590	-1602.81	-1604.43	1.6144	0.1134049
1600	-1640.36	-1642.5	2.13491	0.0803129
1610	-1610.85	-1610.24	-0.614726	0.2347912
1620	-1605.73	-1605.28	-0.44331	0.2250761
1630	-1588.56	-1589.5	0.942033	0.1498557
1640	-1591.45	-1592.65	1.19621	0.1362907
1650	-1627.14	-1629.15	2.01411	0.0891314
1660	-1588.27	-1588.85	0.577007	0.169293
1670	-1589.66	-1590.04	0.38609	0.1795204
1680	-1592.4	-1593.64	1.24945	0.1334311
1690	-1603.44	-1603.08	-0.359832	0.2203866
1700	-1601.78	-1603.37	1.58791	0.1148963
1710	-1597.41	-1598.87	1.45842	0.122083
1720	-1588.22	-1589.11	0.882577	0.1530187
1730	-1602.05	-1603.65	1.59512	0.1144912
1740	-1593.08	-1593.2	0.123111	0.1937386
1750	-1587.9	-1588.67	0.765896	0.1592256
1760	-1612.43	-1614.24	1.81262	0.1019037
1770	-1600.41	-1601.96	1.55057	0.1169854
1780	-1588	-1588.82	0.819844	0.1563554
1790	-1588.97	-1589.97	0.996402	0.1469618
1800	-1602.26	-1603.86	1.60046	0.1141909
1810	-1625.39	-1627.38	1.99447	0.09045536
1820	-1596.12	-1597.53	1.41277	0.1245833
1830	-1592.15	-1593.39	1.23623	0.1341416
1840	-1591.6	-1591.82	0.221673	0.1883892
1850	-1590.38	-1591.51	1.12457	0.1401256
1860	-1589.18	-1589.62	0.43813	0.1767259
1870	-1593.8	-1595.11	1.31794	0.1297362
1880	-1592.99	-1594.27	1.27992	0.1317898
1890	-1630.8	-1632.86	2.0522	0.08649154
1900	-1603.77	-1605.41	1.63788	0.1120759
1910	-1603.07	-1604.69	1.62092	0.1130363
1920	-1610.53	-1612.31	1.779	0.1039068
1930	-1653.47	-1655.68	2.21686	0.07311311
1940	-1654.45	-1656.67	2.22179	0.0726185
1950	-1671.87	-1674.16	2.28495	0.06474661
1960	-1608.19	-1609.92	1.73429	0.1065333
1970	-1594.47	-1595.82	1.34767	0.1281261
1980	-1602.59	-1602.26	-0.327397	0.2185716
1990	-1594.34	-1594.39	0.0488827	0.1977854
2000	-1592.61	-1592.76	0.152525	0.1921394
2010	-1589.23	-1589.66	0.432677	0.1770185
2020	-1595.21	-1596.59	1.37801	0.1264779
2030	-1588.73	-1589.22	0.498009	0.1735171
2040	-1589.46	-1590.51	1.04753	0.1442375
2050	-1598.04	-1597.91	-0.137267	0.2080088
2060	-1619.61	-1621.53	1.92219	0.09515648
2070	-1587.98	-1588.64	0.662334	0.1647407
2080	-1597.24	-1597.14	-0.0998594	0.2059453
2090	-1593.47	-1594.77	1.30294	0.1305471
2100	-1588.08	-1588.93	0.848549	0.1548286
2110	-1619.11	-1621.03	1.91538	0.09558741
2120	-1587.98	-1588.79	0.81327	0.1567051
2130	-1589.42	-1589.83	0.411661	0.1781466
2140	-1617.93	-1619.82	1.89866	0.09663821
2150	-1642.69	-1644.84	2.15186	0.07894146
2160	-1591.75	-1592.96	1.2137	0.1353523
2170	-1644.24	-1646.4	2.16255	0.07805055
2180	-1599.21	-1600.73	1.51572	0.1189218
2190	-1611.27	-1610.64	-0.627742	0.2355337
2200	-1613.57	-1612.87	-0.698542	0.2395849
2210	-1610.31	-1612.08	1.77488	0.1041509
2220	-1589.19	-1590.21	1.02028	0.1456901
2230	-1651.01	-1653.21	2.20386	0.0743725
2240	-1607	-1608.71	1.7101	0.1079379
2250	-1588.1	-1588.96	0.853596	0.1545601
2260	-1588.71	-1589.67	0.963087	0.1487353
2270	-1659.59	-1661.83	2.24498	0.07013479
2280	-1631.86	-1633.92	2.06244	0.08576311
2290	-1590.26	-1591.37	1.11534	0.1406189
2300	-1596.34	-1597.76	1.42063	0.1241535
2310	-1616.84	-1618.72	1.88283	0.09762432
2320	-1696.41	-1698.72	2.31002	0.0557752
2330	-1633.24	-1635.32	2.07545	0.0848255
2340	-1604.23	-1605.88	1.64872	0.1114599
2350	-1602.12	-1601.81	-0.309042	0.2175462
2360	-1629.83	-1631.88	2.04249	0.08717447
2370	-1591.59	-1592.8	1.20454	0.1358439
2380	-1639.19	-1641.31	2.12589	0.08102538
2390	-1606.21	-1607.9	1.69317	0.1089156
2400	-1603.37	-1603.01	-0.357049	0.2202307
2410	-1589.14	-1589.59	0.442773	0.1764769
2420	-1613.82	-1613.11	-0.706136	0.2400207
2430	-1590.55	-1591.68	1.13663	0.139481
2440	-1593.47	-1594.78	1.30313	0.1305369
2450	-1590.17	-1591.27	1.10821	0.1409999
2460	-1597.58	-1599.04	1.46393	0.12178
2470	-1588.98	-1589.45	0.462606	0.1754135
2480	-1616.66	-1618.54	1.88008	0.09779481
2490	-1617.3	-1619.19	1.88963	0.09720141
2500	-1588.31	-1589.21	0.899799	0.1521026
2510	-1602.88	-1604.5	1.61623	0.1133015
2520	-1600.63	-1602.19	1.55688	0.1166333
2530	-1619.35	-1621.26	1.91857	0.09538542
2540	-1592.76	-1594.03	1.26838	0.1324118
2550	-1593.21	-1594.5	1.29042	0.1312232
2560	-1610.23	-1612	1.77336	0.1042405
2570	-1589.03	-1590.03	1.00308	0.146606
2580	-1598.97	-1598.79	-0.178647	0.2102968
2590	-1588	-1588.82	0.819764	0.1563597
2600	-1602.46	-1604.07	1.60563	0.1138995
2610	-1600.69	-1602.25	1.55853	0.116541
2620	-1588.73	-1589.7	0.966337	0.1485624
2630	-1637.78	-1639.9	2.11474	0.08189113
2640	-1589.32	-1590.35	1.03358	0.1449814
2650	-1623.51	-1625.49	1.97237	0.09191943
2660	-1590.22	-1591.33	1.11246	0.1407727
2670	-1621.34	-1623.29	1.9452	0.09368605
2680	-1727.34	-1729.6	2.25767	0.04685875
2690	-1681.95	-1684.25	2.30335	0.06081109
2700	-1622.77	-1624.73	1.96321	0.09251881
2710	-1638.98	-1641.11	2.1243	0.08115012
2720	-1592.63	-1592.78	0.151439	0.1921984
2730	-1627.59	-1629.61	2.01906	0.0887939
2740	-1599.81	-1601.34	1.5335	0.1179355
2750	-1588.88	-1589.36	0.4761	0.1746904
2760	-1602.24	-1603.84	1.60003	0.1142148
2770	-1587.9	-1588.61	0.71096	0.16215
2780	-1593.34	-1593.45	0.106711	0.1946313
2790	-1589.91	-1591	1.08774	0.1420929
2800	-1589.63	-1590.01	0.389261	0.1793499
2810	-1610.29	-1612.06	1.77447	0.1041748
2820	-1631.3	-1633.35	2.05702	0.08615017
2830	-1614.07	-1615.9	1.83981	0.1002628
2840	-1596.91	-1598.35	1.44103	0.123037
2850	-1630.35	-1632.4	2.04772	0.08680729
2860	-1597	-1598.44	1.44418	0.1228645
2870	-1587.89	-1588.62	0.729587	0.1611582
2880	-1620.99	-1622.93	1.94064	0.09397927
2890	-1594.47	-1595.82	1.34746	0.1281375
2900	-1592.88	-1594.15	1.27442	0.1320862
2910	-1588.64	-1589.15	0.510447	0.1728513
2920	-1592.62	-1593.88	1.26103	0.1328076
2930	-1612.45	-1614.26	1.81287	0.1018889
2940	-1601.31	-1602.89	1.57556	0.1155891
2950	-1617.07	-1618.96	1.88621	0.09741453
2960	-1590.32	-1590.64	0.323579	0.1828848
2970	-1588.38	-1589.29	0.913211	0.1513892
2980	-1629.02	-1627.9	-1.11595	0.2639109
2990	-1597.17	-1598.62	1.4501	0.1225398
3000	-1607.58	-1609.3	1.72199	0.1072487
3010	-1615.31	-1617.17	1.85965	0.0990531
3020	-1622.95	-1624.92	1.96551	0.09236845
3030	-1617.34	-1619.23	1.8902	0.09716616
3040	-1637.49	-1639.61	2.11237	0.08207294
3050	-1631.99	-1634.06	2.06373	0.08567071
3060	-1589.69	-1590.07	0.383031	0.1796848
3070	-1587.97	-1588.78	0.810411	0.1568572
3080	-1592.43	-1593.68	1.25106	0.1333444
3090	-1638.29	-1640.4	2.11877	0.08157971
3100	-1595.3	-1596.68	1.38142	0.1262922
3110	-1604.87	-1606.54	1.66366	0.1106079
3120	-1601.47	-1603.05	1.57984	0.1153493
3130	-1626.14	-1628.14	2.00304	0.08988026
3140	-1587.94	-1588.62	0.683031	0.1636377
3150	-1616.14	-1618.01	1.87233	0.09827322
3160	-1600.36	-1601.91	1.54937	0.1170518
3170	-1601.23	-1602.8	1.57326	0.1157177
3180	-1606.03	-1607.72	1.6893	0.1091383
3190	-1688.65	-1690.96	2.30917	0.05839527
3200	-1618.73	-1620.64	1.91002	0.09592563
3210	-1625.22	-1627.21	1.99256	0.0905827
3220	-1625.07	-1627.06	1.99081	0.09069954
3230	-1596.27	-1596.22	-0.0528318	0.2033578
3240	-1589.25	-1589.68	0.430629	0.1771284
3250	-1589.1	-1589.54	0.448758	0.1761559
3260	-1605.18	-1606.85	1.67057	0.1102124
3270	-1653.98	-1656.2	2.21945	0.07285461
3280	-1651.52	-1653.73	2.20666	0.07410604
3290	-1613.18	-1615	1.82519	0.1011473
3300	-1654.79	-1657.01	2.22344	0.0724509
3310	-1587.97	-1588.78	0.8098	0.1568897
3320	-1589.24	-1589.67	0.431185	0.1770985
3330	-1613.39	-1615.22	1.82877	0.1009314
3340	-1598.89	-1598.72	-0.17544	0.2101193
3350	-1612.71	-1612.04	-0.672457	0.2380899
3360	-1589.78	-1590.85	1.07642	0.1426968
3370	-1589.11	-1590.12	1.01166	0.1461492
3380	-1666.32	-1668.59	2.26944	0.0670935
3390	-1603.17	-1602.82	-0.349678	0.219818
3400	-1592.67	-1592.82	0.148637	0.1923506
3410	-1626.42	-1628.43	2.00618	0.08966894
3420	-1643.28	-1645.43	2.15597	0.0786015
3430	-1593.33	-1594.63	1.29631	0.130905
3440	-1594.6	-1594.63	0.0343891	0.1985775
3450	-1593.19	-1594.48	1.28965	0.131265
3460	-1653.75	-1655.97	2.21832	0.07296755
3470	-1606.49	-1608.19	1.69932	0.108561
3480	-1587.9	-1588.67	0.766089	0.1592154
3490	-1590	-1591.09	1.09474	0.1417193
3500	-1683.45	-1685.75	2.30508	0.06025722
3510	-1588.95	-1589.94	0.99326	0.1471291
3520	-1588.44	-1589.36	0.923466	0.1508436
3530	-1589.85	-1590.93	1.08259	0.1423679
3540	-1624.36	-1626.34	1.98251	0.09125109
3550	-1598.8	-1600.3	1.50308	0.1196215
3560	-1597.46	-1598.92	1.46006	0.1219926
3570	-1588.7	-1589.21	0.501242	0.173344
3580	-1617.98	-1619.88	1.89942	0.09659065
3590	-1592.62	-1593.88	1.26132	0.1327921
3600	-1625.48	-1627.47	1.9955	0.09038652
3610	-1603.49	-1605.13	1.63122	0.1124535
3620	-1605.02	-1606.68	1.66684	0.110426
3630	-1598.55	-1600.05	1.49539	0.1200464
3640	-1589.23	-1589.66	0.433165	0.1769923
3650	-1600.97	-1602.53	1.56614	0.116116
3660	-1594.36	-1594.41	0.0474542	0.1978634
3670	-1594.5	-1595.85	1.34858	0.1280764
3680	-1587.91	-1588.68	0.768694	0.1590767
3690	-1599.44	-1600.97	1.52267	0.1185365
3700	-1597.83	-1599.3	1.47211	0.1213302
3710	-1614.29	-1616.14	1.84351	0.1000381
3720	-1589.37	-1589.79	0.416751	0.1778733
3730	-1614.52	-1616.37	1.84714	0.09981701
3740	-1588.5	-1589.04	0.533262	0.1716308
3750	-1604.24	-1605.88	1.64888	0.1114505
3760	-1595.22	-1596.59	1.37805	0.1264759
3770	-1587.89	-1588.63	0.736888	0.1607696
3780	-1603.2	-1604.82	1.62406	0.1128591
3790	-1602.52	-1604.13	1.60711	0.1138161
3800	-1590.31	-1591.43	1.11913	0.1404163
3810	-1604.74	-1606.4	1.66056	0.1107846
3820	-1631.4	-1633.46	2.058	0.08608004
3830	-1641.24	-1643.39	2.14146	0.07978837
3840	-1589.92	-1591.01	1.08822	0.1420672
3850	-1647.22	-1649.4	2.18181	0.07638855
3860	-1594.13	-1595.47	1.33293	0.1289251
3870	-1595.59	-1595.57	-0.0183009	0.2014624
3880	-1588.54	-1589.07	0.526213	0.1720078
3890	-1592.05	-1593.28	1.23093	0.1344265
3900	-1599.19	-1599	-0.188362	0.2108349
3910	-1587.97	-1588.78	0.809036	0.1569303
3920	-1617.82	-1619.72	1.89713	0.09673372
3930	-1615.73	-1614.97	-0.762624	0.2432699
3940	-1588.02	-1588.85	0.828053	0.1559187
3950	-1637.22	-1639.33	2.11008	0.08224768
3960	-1589.46	-1590.51	1.04757	0.1442356
3970	-1627.41	-1629.42	2.01705	0.08893099
3980	-1625.34	-1624.32	-1.02399	0.2584848
3990	-1628.75	-1630.78	2.03135	0.08794885
4000	-1673.1	-1675.39	2.28785	0.06424489
4010	-1588.52	-1589.05	0.530921	0.1717561
4020	-1591.76	-1591.97	0.209881	0.1890278
4030	-1590.87	-1591.15	0.27712	0.1853911
4040	-1593.67	-1593.75	0.0875328	0.1956762
4050	-1588.4	-1589.32	0.916592	0.1512093
4060	-1589.59	-1590.65	1.05965	0.1435917
4070	-1646.09	-1648.27	2.17471	0.07701028
4080	-1635.9	-1638	2.09904	0.0830838
4090	-1590.95	-1591.22	0.270968	0.1857234
4100	-1628.45	-1630.48	2.02818	0.08816836
4110	-1647.14	-1649.32	2.18128	0.07643539
4120	-1672.69	-1674.98	2.2869	0.06441324
4130	-1601.35	-1602.93	1.57661	0.1155298
4140	-1593.62	-1593.71	0.0901399	0.1955341
4150	-1597.51	-1598.97	1.46159	0.1219089
4160	-1590.24	-1590.57	0.330407	0.1825169
4170	-1589.2	-1590.22	1.02117	0.1456423
4180	-1588.78	-1589.27	0.489665	0.1739638
4190	-1653.27	-1655.49	2.21589	0.0732097
4200	-1608.34	-1610.08	1.7373	0.1063577
4210	-1591.3	-1592.48	1.18653	0.1368096
4220	-1589.79	-1590.87	1.07755	0.1426367
4230	-1594.53	-1595.88	1.34998	0.1280008
4240	-1591.16	-1592.34	1.17776	0.1372796
4250	-1601.96	-1603.55	1.5926	0.1146327
4260	-1594.99	-1596.35	1.36881	0.1269783
4270	-1596.67	-1598.1	1.43265	0.1234959
4280	-1607.74	-1609.46	1.72515	0.1070653
4290	-1589.77	-1590.84	1.07528	0.1427576
4300	-1587.95	-1588.74	0.797381	0.1575504
4310	-1589.63	-1590.69	1.063	0.1434127
4320	-1587.9	-1588.65	0.753349	0.1598934
4330	-1587.94	-1588.73	0.791218	0.1578783
4340	-1594.33	-1595.67	1.34144	0.1284639
4350	-1594.1	-1595.43	1.33133	0.1290114
4360	-1597.39	-1598.85	1.45756	0.12213
4370	-1587.91	-1588.69	0.775753	0.1587011
4380	-1587.94	-1588.62	0.680755	0.163759
4390	-1587.9	-1588.65	0.754406	0.1598371
4400	-1589.07	-1589.52	0.451995	0.1759823
4410	-1587.89	-1588.62	0.73015	0.1611283
4420	-1587.97	-1588.77	0.807347	0.1570202
4430	-1589.84	-1590.92	1.08183	0.1424082
4440	-1693.88	-1696.19	2.31041	0.05661003
4450	-1644.61	-1646.78	2.16506	0.07783819
4460	-1623.4	-1625.37	1.97095	0.09201253
4470	-1604.63	-1606.29	1.65805	0.1109279
4480	-1612.19	-1614	1.80849	0.1021511
4490	-1626.87	-1628.88	2.01116	0.08933185
4500	-1594.7	-1596.06	1.35728	0.1276044
4510	-1601.9	-1603.49	1.59101	0.1147223
4520	-1589.7	-1590.77	1.06997	0.1430412
4530	-1650.39	-1652.59	2.20045	0.07469368
4540	-1651.45	-1653.65	2.20626	0.0741445
4550	-1588.29	-1588.86	0.574123	0.1694471
4560	-1618.86	-1620.77	1.91185	0.0958098
4570	-1592.44	-1593.69	1.25189	0.1332995
4580	-1595.4	-1596.79	1.38553	0.1260689
4590	-1588.83	-1589.81	0.979651	0.1478536
4600	-1590.54	-1591.68	1.13638	0.1394945
4610	-1592.8	-1594.07	1.27056	0.1322941
4620	-1603.68	-1605.31	1.63566	0.1122016
4630	-1597.19	-1598.64	1.45073	0.122505
4640	-1626.56	-1628.57	2.00777	0.08956107
4650	-1590.98	-1591.25	0.268509	0.1858562
4660	-1590.57	-1591.71	1.13815	0.1393999
4670	-1587.96	-1588.76	0.802224	0.1572927
4680	-1589.24	-1590.27	1.02568	0.1454022
4690	-1588.95	-1589.94	0.993457	0.1471186
4700	-1589.19	-1589.62	0.437662	0.176751
4710	-1587.89	-1588.63	0.739647	0.1606227
4720	-1635.07	-1637.16	2.09186	0.08361966
4730	-1588.67	-1589.63	0.958238	0.1489934
4740	-1599.96	-1599.74	-0.221451	0.2126699
4750	-1626.99	-1629	2.01248	0.08924198
4760	-1723.85	-1726.12	2.2677	0.0477619
4770	-1587.92	-1588.61	0.697253	0.1628801
4780	-1593.39	-1594.69	1.29925	0.1307464
4790	-1589.25	-1589.68	0.430193	0.1771518
4800	-1625.34	-1627.34	1.99399	0.09048777
4810	-1655.59	-1657.82	2.22731	0.07205318
4820	-1599.11	-1600.62	1.51263	0.1190929
4830	-1588.24	-1589.12	0.885236	0.1528772
4840	-1599.46	-1600.98	1.52319	0.1185075
4850	-1613.26	-1615.08	1.82656	0.101065
4860	-1588.05	-1588.68	0.635939	0.166148
4870	-1590.03	-1591.12	1.09715	0.1415907
4880	-1588.8	-1589.77	0.975207	0.1480902
4890	-1588	-1588.65	0.651944	0.1652946
4900	-1595.11	-1596.48	1.37381	0.1267065
4910	-1643.93	-1646.09	2.16048	0.07822445
4920	-1682.58	-1684.88	2.3041	0.06057893
4930	-1594.82	-1596.19	1.36221	0.1273366
4940	-1596.49	-1597.92	1.42621	0.1238484
4950	-1595.73	-1597.12	1.3979	0.1253949
4960	-1616.93	-1616.13	-0.797177	0.2452641
4970	-1594.25	-1595.58	1.33786	0.128658
4980	-1609.2	-1608.64	-0.561513	0.2317627
4990	-1678.01	-1675.91	-2.10948	0.3251801
5000	-1587.99	-1588.81	0.818744	0.1564139
5010	-1595.51	-1596.9	1.38946	0.1258546
5020	-1596.04	-1597.45	1.40966	0.1247533
5030	-1589.44	-1590.49	1.04564	0.1443387
5040	-1592.69	-1593.95	1.26479	0.132605
5050	-1608.67	-1610.42	1.74383	0.1059764
5060	-1589.38	-1589.79	0.416005	0.1779133
5070	-1590.73	-1591.88	1.14949	0.138793
5080	-1597.89	-1599.36	1.47415	0.1212176
5090	-1588.35	-1588.91	0.560161	0.170193
5100	-1600.74	-1602.3	1.56003	0.1164576
5110	-1643.32	-1645.48	2.15631	0.07857301
5120	-1595.08	-1596.45	1.3727	0.126767
5130	-1589.41	-1590.45	1.04291	0.1444842
5140	-1677.14	-1679.43	2.29606	0.06264261
5150	-1636.45	-1638.56	2.10373	0.08273049
5160	-1610.74	-1612.53	1.78284	0.1036797
5170	-1606.44	-1608.14	1.69828	0.1086212
5180	-1588.23	-1589.11	0.88322	0.1529845
5190	-1598.46	-1599.95	1.49253	0.1202045
5200	-1607.19	-1608.9	1.71397	0.1077139
5210	-1587.97	-1588.77	0.80687	0.1570456
5220	-1616.54	-1618.41	1.87831	0.09790439
5230	-1714.19	-1716.48	2.29016	0.05038464
5240	-1658.72	-1660.96	2.24133	0.07054644
5250	-1593.56	-1594.87	1.30721	0.1303164
5260	-1631.78	-1633.84	2.0617	0.08581617
5270	-1588.02	-1588.85	0.829368	0.1558488
5280	-1615.42	-1617.28	1.86134	0.09894923
5290	-1597.25	-1598.71	1.45294	0.1223839
5300	-1629.57	-1631.61	2.03979	0.08736299
5310	-1588.79	-1589.28	0.489157	0.173991
5320	-1619.68	-1618.8	-0.874121	0.2497235
5330	-1598.49	-1598.34	-0.157598	0.2091322
5340	-1610.34	-1612.12	1.77551	0.1041136
5350	-1612.18	-1613.99	1.80824	0.1021662
5360	-1588.48	-1589.4	0.929188	0.1505392
5370	-1626.49	-1628.49	2.00692	0.08961877
5380	-1617.6	-1616.78	-0.816286	0.2463692
5390	-1590.87	-1591.15	0.277152	0.1853894
5400	-1666.4	-1668.67	2.26967	0.06706151
5410	-1590.57	-1591.7	1.138	0.1394079
5420	-1590.45	-1590.76	0.312068	0.1835053
5430	-1590.29	-1590.61	0.326025	0.182753
5440	-1635.07	-1637.16	2.09188	0.08361852
5450	-1602.6	-1604.21	1.60921	0.1136976
5460	-1617.1	-1618.99	1.88665	0.09738725
5470	-1610.09	-1611.86	1.77079	0.1043926
5480	-1622.54	-1621.59	-0.951153	0.2542141
5490	-1588.25	-1589.14	0.88779	0.1527414
5500	-1588.4	-1588.95	0.551129	0.1706756
5510	-1600.96	-1602.52	1.56589	0.11613
5520	-1621.63	-1620.7	-0.927021	0.2528045
5530	-1591.17	-1592.35	1.17862	0.1372334
5540	-1609.95	-1611.72	1.7682	0.104545
5550	-1589.09	-1589.54	0.448928	0.1761468
5560	-1647.76	-1649.94	2.18508	0.07609781
5570	-1662.16	-1664.42	2.25509	0.0689456
5580	-1655.8	-1658.03	2.22828	0.07195182
5590	-1643.44	-1645.6	2.15711	0.0785063
5600	-1655.79	-1658.02	2.22824	0.07195589
5610	-1598.25	-1599.74	1.48597	0.1205664
5620	-1594.96	-1596.33	1.36775	0.127036
5630	-1612.72	-1614.54	1.8175	0.1016107
5640	-1605.86	-1607.55	1.68566	0.1093471
5650	-1690.44	-1692.75	2.30991	0.05777431
5660	-1593.53	-1594.83	1.30567	0.1303998
5670	-1589.94	-1590.3	0.357962	0.1810332
5680	-1589.73	-1590.8	1.07219	0.1429228
5690	-1589.24	-1590.26	1.02533	0.1454208
5700	-1606.61	-1608.31	1.7017	0.1084234
5710	-1641.26	-1643.4	2.14159	0.07977807
5720	-1592.38	-1592.55	0.167405	0.1913313
5730	-1588.17	-1588.77	0.600113	0.1680594
5740	-1593.53	-1594.84	1.30585	0.1303897
5750	-1600.25	-1601.79	1.54609	0.1172347
5760	-1596.48	-1597.91	1.4259	0.1238653
5770	-1591.93	-1592.13	0.197975	0.189673
5780	-1587.94	-1588.73	0.791062	0.1578866
5790	-1587.9	-1588.61	0.709196	0.162244
5800	-1597.86	-1599.34	1.47337	0.121261
5810	-1602.57	-1604.18	1.60837	0.1137453
5820	-1637.57	-1639.68	2.11297	0.0820267
5830	-1616.78	-1618.67	1.882	0.0976757
5840	-1596	-1597.41	1.40821	0.1248321
5850	-1624.82	-1623.81	-1.01057	0.2576957
5860	-1635.46	-1634.19	-1.26872	0.2730123
5870	-1589.69	-1590.07	0.382434	0.179717
5880	-1588.13	-1588.74	0.610971	0.1674799
5890	-1592.22	-1592.4	0.178099	0.1907509
5900	-1592.06	-1593.29	1.23101	0.1344223
5910	-1587.92	-1588.62	0.690588	0.1632352
5920	-1606.24	-1605.78	-0.461407	0.2260963
5930	-1614.38	-1613.66	-0.722932	0.2409854
5940	-1587.98	-1588.79	0.811562	0.156796
5950	-1643.65	-1645.81	2.15855	0.07838597
5960	-1666.85	-1669.12	2.27109	0.06686324
5970	-1619.11	-1621.03	1.91537	0.09558772
5980	-1715.24	-1717.52	2.28811	0.05009196
5990	-1592.06	-1593.29	1.23136	0.1344037
6000	-1588.84	-1589.33	0.481253	0.1744143
6010	-1621.63	-1620.7	-0.926876	0.252796
6020	-1601.4	-1601.12	-0.280657	0.2159629
6030	-1639.38	-1641.5	2.12736	0.08091025
6040	-1598.34	-1599.83	1.48866	0.1204182
6050	-1623.7	-1625.68	1.97466	0.09176885
6060	-1601.06	-1602.63	1.56864	0.1159763
6070	-1589.47	-1590.52	1.0484	0.1441911
6080	-1659.87	-1662.11	2.24612	0.07000513
6090	-1589.23	-1590.25	1.02473	0.145453
6100	-1589.59	-1589.98	0.393169	0.1791399
6110	-1590.46	-1591.59	1.13011	0.1398297
6120	-1591.66	-1592.87	1.20841	0.1356359
6130	-1592.03	-1592.22	0.191033	0.1900493
6140	-1598.53	-1600.03	1.49476	0.1200815
6150	-1595.41	-1595.4	-0.00931691	0.2009699
6160	-1612.83	-1612.15	-0.676139	0.2383007
6170	-1603.72	-1603.35	-0.37039	0.2209782
6180	-1590.62	-1591.76	1.14142	0.1392247
6190	-1599.42	-1600.94	1.52198	0.1185749
6200	-1617.69	-1619.59	1.8953	0.09684837
6210	-1590.38	-1591.5	1.12446	0.1401317
6220	-1628.36	-1630.39	2.02728	0.08823033
6230	-1589.24	-1590.26	1.02545	0.1454145
6240	-1622.63	-1624.59	1.96146	0.09263305
6250	-1605.32	-1607	1.67374	0.1100311
6260	-1591.64	-1591.86	0.21892	0.1885382
6270	-1588.8	-1589.77	0.975335	0.1480834
6280	-1615.16	-1617.02	1.85729	0.09919717
6290	-1600.08	-1601.63	1.54142	0.1174947
6300	-1606.89	-1608.6	1.70766	0.1080793
6310	-1589.58	-1590.63	1.05842	0.1436571
6320	-1587.95	-1588.62	0.676488	0.1639864
6330	-1629.98	-1632.02	2.04395	0.08707228
6340	-1587.93	-1588.62	0.686105	0.163474
6350	-1614.84	-1616.69	1.85214	0.0995121
6360	-1592.67	-1593.93	1.26362	0.1326678
6370	-1614.66	-1616.51	1.8494	0.09967927
6380	-1588.58	-1589.53	0.945992	0.1496451
6390	-1593.14	-1594.43	1.28719	0.1313972
6400	-1593.69	-1593.78	0.0858478	0.1957681
6410	-1598.76	-1598.59	-0.169622	0.2097973
6420	-1592.83	-1594.1	1.27182	0.132226
6430	-1588.8	-1589.77	0.975083	0.1480968
6440	-1588.27	-1588.84	0.5784	0.1692186
6450	-1645.15	-1647.32	2.16864	0.07753363
6460	-1593.62	-1594.93	1.31005	0.1301631
6470	-1628.7	-1630.73	2.03086	0.08798287
6480	-1677.67	-1679.96	2.29699	0.0624371
6490	-1628.42	-1630.45	2.02786	0.08818993
6500	-1589.84	-1590.92	1.08141	0.1424305
6510	-1603.89	-1605.53	1.64069	0.1119161
6520	-1589.35	-1589.77	0.419279	0.1777376
6530	-1589.83	-1590.19	0.369096	0.1804342
6540	-1587.89	-1588.65	0.75111	0.1600125
6550	-1634.61	-1636.7	2.08779	0.08392141
6560	-1588.26	-1588.84	0.578436	0.1692168
6570	-1589.46	-1590.51	1.04762	0.144233
6580	-1588.78	-1589.75	0.972774	0.1482197
6590	-1588.71	-1589.21	0.501091	0.1733521
6600	-1587.93	-1588.72	0.789654	0.1579615
6610	-1588.1	-1588.72	0.619065	0.167048
6620	-1645.6	-1647.77	2.17155	0.07728337
6630	-1626.39	-1628.4	2.00585	0.08969087
6640	-1605.5	-1607.18	1.67776	0.1098006
6650	-1593.61	-1594.92	1.3096	0.1301875
6660	-1602.18	-1601.87	-0.311526	0.2176849
6670	-1591.94	-1593.16	1.2244	0.1347776
6680	-1588.41	-1588.96	0.54963	0.1707558
6690	-1588.33	-1588.9	0.564877	0.169941
6700	-1609.71	-1611.48	1.76381	0.1048037
6710	-1589.34	-1589.76	0.419912	0.1777036
6720	-1588.74	-1589.7	0.967176	0.1485177
6730	-1605.28	-1606.96	1.67288	0.1100804
6740	-1589.18	-1590.2	1.01988	0.1457113
6750	-1589.73	-1590.8	1.0724	0.1429117
6760	-1606.63	-1608.34	1.70231	0.1083881
6770	-1588.91	-1589.38	0.472964	0.1748584
6780	-1691.79	-1694.1	2.31025	0.05731422
6790	-1643.06	-1645.22	2.15449	0.07872418
6800	-1670.42	-1672.7	2.28126	0.06534979
6810	-1614.58	-1616.43	1.84806	0.09976099
6820	-1587.95	-1588.74	0.796316	0.157607
6830	-1589.18	-1589.62	0.438432	0.1767097
6840	-1602.97	-1604.59	1.61845	0.113176
6850	-1606.11	-1607.8	1.69103	0.1090387
6860	-1600.28	-1601.83	1.5471	0.1171787
6870	-1589.08	-1589.53	0.450209	0.1760781
6880	-1593.82	-1595.14	1.31903	0.1296771
6890	-1587.92	-1588.7	0.781788	0.15838
6900	-1588.69	-1589.66	0.96148	0.1488208
6910	-1587.89	-1588.62	0.724342	0.1614375
6920	-1595.7	-1597.1	1.39699	0.1254441
6930	-1595.02	-1595.03	0.0115366	0.1998276
6940	-1588.68	-1589.18	0.50544	0.1731193
6950	-1632.27	-1634.33	2.06632	0.08548495
6960	-1591.55	-1592.75	1.20184	0.1359884
6970	-1615.07	-1616.92	1.8558	0.09928856
6980	-1638.34	-1640.46	2.11922	0.08154486
6990	-1629.87	-1631.91	2.04282	0.08715148
7000	-1648.83	-1651.02	2.19149	0.0755199
7010	-1588.13	-1589	0.862023	0.1541119
7020	-1602.74	-1604.36	1.61269	0.1135014
7030	-1685.89	-1688.2	2.30736	0.0593731
7040	-1608.94	-1610.69	1.74904	0.1056712
7050	-1609.09	-1610.84	1.75187	0.1055052
7060	-1661.92	-1664.18	2.25419	0.06905431
7070	-1667.54	-1669.82	2.2732	0.06656543
7080	-1621.93	-1623.89	1.95275	0.09319816
7090	-1603.18	-1604.8	1.62348	0.1128919
7100	-1695.09	-1697.4	2.3103	0.05620903
7110	-1589.73	-1590.11	0.378344	0.1799368
7120	-1590.18	-1591.29	1.10938	0.1409371
7130	-1593.09	-1594.38	1.28491	0.1315205
7140	-1590.26	-1591.37	1.11509	0.1406324
7150	-1588.19	-1589.06	0.874319	0.1534579
7160	-1601.78	-1603.37	1.58809	0.1148863
7170	-1632.73	-1634.8	2.07072	0.08516779
7180	-1648.53	-1650.72	2.18974	0.07567899
7190	-1624.42	-1626.41	1.98326	0.0912015
7200	-1701.66	-1703.97	2.3072	0.05410041
7210	-1651.39	-1653.59	2.20594	0.07417542
7220	-1671.21	-1673.5	2.28331	0.0650194
7230	-1667.43	-1669.7	2.27284	0.06661596
7240	-1615.38	-1617.24	1.86071	0.09898771
7250	-1596.31	-1597.73	1.41982	0.1241982
7260	-1595.83	-1597.24	1.40199	0.1251714
7270	-1612.27	-1614.08	1.80984	0.1020704
7280	-1603.83	-1603.45	-0.374247	0.2211945
7290	-1587.9	-1588.65	0.752321	0.1599481
7300	-1601.48	-1603.06	1.58001	0.1153395
7310	-1589.25	-1590.28	1.02677	0.1453441
7320	-1597.47	-1598.93	1.4602	0.1219851
7330	-1629.24	-1631.27	2.03641	0.08759853
7340	-1587.92	-1588.61	0.697105	0.162888
7350	-1611.38	-1610.75	-0.63133	0.2357385
7360	-1588.52	-1589.45	0.935505	0.1502031
7370	-1587.91	-1588.61	0.702156	0.162619
7380	-1588.18	-1589.05	0.873194	0.1535177
7390	-1589.1	-1589.55	0.447891	0.1762024
7400	-1588.86	-1589.34	0.479364	0.1745155
7410	-1654.75	-1656.98	2.22327	0.07246816
7420	-1594.65	-1596.01	1.35514	0.1277206
7430	-1593.38	-1593.49	0.1044	0.1947572
7440	-1587.89	-1588.63	0.739206	0.1606462
7450	-1628.52	-1630.55	2.02894	0.08811564
7460	-1602.87	-1604.48	1.61582	0.1133249
7470	-1681.59	-1683.89	2.30289	0.06094463
7480	-1589.66	-1590.73	1.06611	0.143247
7490	-1628.71	-1630.75	2.03098	0.08797505
7500	-1594.83	-1596.19	1.3623	0.127332
7510	-1592.22	-1592.4	0.178461	0.1907312
7520	-1589.36	-1590.39	1.03748	0.1447732
7530	-1592.22	-1592.4	0.178229	0.1907438
7540	-1594.01	-1594.08	0.0672817	0.1967808
7550	-1655.54	-1653.85	-1.69471	0.2989918
7560	-1600.11	-1601.65	1.54216	0.1174533
7570	-1622.32	-1624.28	1.95764	0.09288141
7580	-1606.71	-1608.41	1.70389	0.1082969
7590	-1587.89	-1588.64	0.743785	0.1604024
7600	-1591.43	-1591.67	0.233802	0.1877327
7610	-1602.91	-1602.57	-0.339758	0.2192628
7620	-1589.11	-1590.12	1.01175	0.1461443
7630	-1588.69	-1589.2	0.502724	0.1732647
7640	-1655.21	-1653.52	-1.68825	0.2985906
7650	-1690.17	-1692.48	2.30982	0.05787003
7660	-1654.14	-1656.36	2.22023	0.07277657
7670	-1590.93	-1592.09	1.16298	0.1380713
7680	-1594.33	-1595.67	1.34147	0.1284623
7690	-1595.63	-1597.03	1.39441	0.1255851
7700	-1592.31	-1593.56	1.2451	0.133665
7710	-1590.39	-1591.51	1.12488	0.1401093
7720	-1596.18	-1597.6	1.41505	0.1244586
7730	-1642.06	-1644.21	2.1474	0.07930644
7740	-1608.49	-1610.23	1.74019	0.106189
7750	-1588.35	-1589.26	0.908366	0.1516469
7760	-1601.15	-1602.72	1.57116	0.1158354
7770	-1589	-1589.46	0.460598	0.1755211
7780	-1591.55	-1592.75	1.20182	0.1359894
7790	-1596.59	-1598.02	1.42996	0.1236436
7800	-1590.69	-1590.98	0.291972	0.1845893
7810	-1655.5	-1657.73	2.22688	0.07209716
7820	-1599.39	-1600.91	1.52105	0.1186262
7830	-1588.05	-1588.68	0.635356	0.1661791
7840	-1589.85	-1590.93	1.08245	0.1423753
7850	-1592.81	-1594.08	1.27098	0.1322717
7860	-1588.49	-1589.02	0.535707	0.1715001
7870	-1588.27	-1589.17	0.893405	0.1524427
7880	-1589.54	-1590.6	1.05547	0.1438141
7890	-1594.43	-1594.48	0.0435806	0.1980751
7900	-1617.16	-1619.05	1.88756	0.09733075
7910	-1604.96	-1606.62	1.6655	0.1105024
7920	-1590.44	-1590.76	0.312431	0.1834857
7930	-1622.45	-1624.41	1.95929	0.0927739
7940	-1588.48	-1589.01	0.537952	0.1713801
7950	-1595.17	-1596.55	1.37621	0.1265759
7960	-1619.53	-1621.45	1.92104	0.0952293
7970	-1592.94	-1594.22	1.27739	0.1319259
7980	-1589.67	-1590.74	1.06724	0.1431864
7990	-1662.96	-1665.22	2.25804	0.06858293
8000	-1588.62	-1589.13	0.514254	0.1726476
8010	-1595.94	-1595.9	-0.0364064	0.2024557
8020	-1588.25	-1589.14	0.889007	0.1526767
8030	-1595.18	-1596.56	1.37671	0.1265488
8040	-1641.43	-1643.57	2.14282	0.07967884
8050	-1624.7	-1626.69	1.98652	0.09098531
8060	-1591.68	-1592.89	1.20981	0.1355608
8070	-1588.22	-1589.1	0.880918	0.1531069
8080	-1627.32	-1629.34	2.01614	0.08899288
8090	-1599.18	-1600.69	1.51468	0.1189793
8100	-1604.15	-1605.8	1.64683	0.1115669
8110	-1588.52	-1589.46	0.936716	0.1501386
8120	-1639.97	-1642.11	2.13196	0.08054742
8130	-1649.23	-1651.42	2.19382	0.07530717
8140	-1654.97	-1657.19	2.22431	0.07236199
8150	-1617.13	-1619.02	1.88715	0.09735594
8160	-1602.44	-1604.04	1.60499	0.113936
8170	-1594.97	-1594.98	0.0143127	0.1996757
8180	-1593.85	-1593.93	0.076599	0.1962724
8190	-1592.33	-1592.5	0.170725	0.191151
8200	-1626.87	-1628.88	2.01114	0.0893328
8210	-1588.84	-1589.82	0.980734	0.147796
8220	-1616.13	-1618	1.87217	0.09828315
8230	-1620.66	-1622.59	1.93623	0.09426165
8240	-1594.16	-1595.49	1.33396	0.1288691
8250	-1588.85	-1589.83	0.981891	0.1477344
8260	-1628.73	-1630.76	2.03115	0.08796275
8270	-1587.89	-1588.62	0.726335	0.1613314
8280	-1611.69	-1613.49	1.7997	0.1026765
8290	-1625.61	-1624.58	-1.03082	0.2588862
8300	-1644.4	-1646.57	2.16365	0.07795738
8310	-1591	-1592.17	1.16742	0.1378333
8320	-1596.8	-1596.72	-0.0790925	0.2048018
8330	-1587.9	-1588.62	0.722169	0.1615532
8340	-1605.56	-1607.24	1.67904	0.1097273
8350	-1604.77	-1606.43	1.66133	0.1107409
8360	-1611.72	-1611.08	-0.642095	0.2363533
8370	-1589.25	-1590.28	1.02668	0.1453492
8380	-1598.2	-1599.69	1.4843	0.1206583
8390	-1611.35	-1613.14	1.79369	0.103035
8400	-1588.32	-1588.88	0.567836	0.1697829
8410	-1647.97	-1650.15	2.18636	0.07598307
8420	-1591.24	-1592.42	1.18269	0.1370153
8430	-1618.92	-1620.84	1.91275	0.09575324
8440	-1629.04	-1631.07	2.03433	0.08774283
8450	-1654.17	-1656.39	2.22041	0.07275782
8460	-1588.79	-1589.28	0.489372	0.1739795
8470	-1588.06	-1588.69	0.632311	0.1663414
8480	-1607.09	-1608.8	1.71178	0.107841
8490	-1593.33	-1594.62	1.2962	0.1309113
8500	-1590.71	-1591.86	1.14821	0.1388615
8510	-1588.3	-1589.2	0.898521	0.1521706
8520	-1604.89	-1604.48	-0.41344	0.223395
8530	-1590.35	-1590.67	0.32078	0.1830357
8540	-1613.69	-1615.52	1.83364	0.1006368
8550	-1603.57	-1605.2	1.63295	0.1123554
8560	-1625.26	-1627.26	1.99307	0.09054914
8570	-1596.37	-1596.31	-0.0579454	0.2036388
8580	-1609.8	-1611.56	1.76538	0.1047112
8590	-1588.03	-1588.86	0.831943	0.1557118
8600	-1611.13	-1612.92	1.78987	0.1032623
8610	-1609.75	-1611.52	1.76457	0.104759
8620	-1632.82	-1634.89	2.0715	0.08511163
8630	-1606.55	-1608.25	1.70058	0.1084883
8640	-1632.54	-1631.34	-1.20069	0.2689457
8650	-1597.42	-1597.31	-0.108292	0.2064101
8660	-1589.15	-1590.17	1.01644	0.1458946
8670	-1589.97	-1590.33	0.355017	0.1811917
8680	-1597.03	-1598.47	1.44524	0.1228064
8690	-1620.18	-1622.11	1.92988	0.09466734
8700	-1627.92	-1629.95	2.02262	0.08855017
8710	-1587.91	-1588.68	0.771198	0.1589435
8720	-1588.21	-1589.09	0.879828	0.1531649
8730	-1589.24	-1589.67	0.431438	0.177085
8740	-1588.11	-1588.73	0.616661	0.1671763
8750	-1599.37	-1599.17	-0.196183	0.2112683
8760	-1588.72	-1589.22	0.498235	0.173505
8770	-1604.77	-1606.43	1.66134	0.1107405
8780	-1637.61	-1639.73	2.11334	0.08199863
8790	-1595.23	-1595.23	0.000460998	0.2004341
8800	-1592.86	-1594.14	1.27351	0.132135
8810	-1590.02	-1591.12	1.09668	0.1416156
8820	-1589.8	-1590.88	1.0785	0.1425858
8830	-1597.75	-1597.63	-0.124036	0.2072784
8840	-1591.74	-1591.95	0.211785	0.1889247
8850	-1595.01	-1596.38	1.36972	0.1269291
8860	-1652.31	-1654.52	2.21086	0.07370188
8870	-1643.08	-1645.24	2.15463	0.07871221
8880	-1616.43	-1618.31	1.87673	0.0980019
8890	-1595.74	-1595.71	-0.0259552	0.2018822
8900	-1618.35	-1620.26	1.90471	0.09625885
8910	-1737.19	-1739.41	2.22422	0.04443491
8920	-1594.54	-1595.89	1.35055	0.1279698
8930	-1595.45	-1595.44	-0.0113526	0.2010815
8940	-1597.04	-1598.49	1.44579	0.1227761
8950	-1591.27	-1591.52	0.245977	0.1870741
8960	-1593.16	-1593.28	0.117934	0.1940203
8970	-1593.76	-1595.07	1.31616	0.1298323
8980	-1593.68	-1594.99	1.31247	0.1300322
8990	-1689.16	-1691.47	2.30942	0.05821713
9000	-1613.64	-1615.48	1.83294	0.1006795
9010	-1641.84	-1643.98	2.14578	0.07943899
9020	-1588.98	-1589.44	0.463784	0.1753504
9030	-1596.14	-1597.55	1.41335	0.1245516
9040	-1630.77	-1632.82	2.05181	0.08651882
9050	-1592.69	-1593.96	1.26484	0.1326021
9060	-1592.75	-1594.02	1.26808	0.1324277
9070	-1674.42	-1676.71	2.29075	0.06371471
9080	-1588.18	-1588.78	0.5982	0.1681615
9090	-1600.54	-1602.09	1.55434	0.1167751
9100	-1598.29	-1599.78	1.48726	0.1204955
9110	-1589.39	-1589.81	0.414058	0.1780179
9120	-1607.98	-1607.46	-0.521058	0.229468
9130	-1591.37	-1591.6	0.238795	0.1874625
9140	-1587.91	-1588.68	0.772092	0.1588959
9150	-1589.03	-1590.04	1.00335	0.146592
9160	-1588.35	-1589.26	0.907587	0.1516883
9170	-1590.87	-1591.15	0.276928	0.1854015
9180	-1589.33	-1590.36	1.03458	0.1449279
9190	-1630.27	-1632.31	2.04686	0.08686768
9200	-1604.51	-1606.16	1.65521	0.1110898
9210	-1603.3	-1604.92	1.62644	0.1127243
9220	-1590.92	-1592.09	1.16259	0.1380919
9230	-1589.03	-1590.03	1.00309	0.1466056
9240	-1594.96	-1594.97	0.0149714	0.1996396
9250	-1593.91	-1595.24	1.32329	0.129447
9260	-1587.9	-1588.62	0.721276	0.1616007
9270	-1634.74	-1636.83	2.08896	0.08383496
9280	-1597.18	-1598.63	1.45031	0.1225282
9290	-1619.12	-1621.04	1.91548	0.09558087
9300	-1606.92	-1608.63	1.70833	0.1080405
9310	-1622.62	-1624.58	1.96138	0.09263828
9320	-1589.31	-1590.34	1.03241	0.1450438
9330	-1589.9	-1590.99	1.08699	0.142133
9340	-1673.09	-1675.37	2.28781	0.06425209
9350	-1643.93	-1646.09	2.16049	0.07822369
9360	-1636.94	-1639.05	2.10779	0.0824222
9370	-1599.81	-1601.34	1.53349	0.1179357
9380	-1599.95	-1601.49	1.53746	0.1177151
9390	-1589.7	-1590.77	1.06941	0.1430711
9400	-1588.75	-1589.72	0.969416	0.1483984
9410	-1588.09	-1588.71	0.622346	0.166873
9420	-1588.51	-1589.04	0.532639	0.1716642
9430	-1597.71	-1599.18	1.46833	0.1215379
9440	-1598.49	-1599.99	1.4936	0.1201453
9450	-1605.64	-1605.2	-0.440358	0.2249098
9460	-1606.91	-1608.62	1.70814	0.1080516
9470	-1605.84	-1607.53	1.68531	0.1093675
9480	-1587.93	-1588.72	0.788071	0.1580457
9490	-1626.41	-1628.41	2.00603	0.08967873
9500	-1624.9	-1626.88	1.9888	0.09083376
9510	-1604.96	-1606.62	1.66554	0.1105004
9520	-1601.32	-1602.9	1.57581	0.1155749
9530	-1597.89	-1599.37	1.47429	0.1212101
9540	-1592.09	-1593.33	1.23305	0.1343129
9550	-1597.73	-1599.2	1.46895	0.1215042
9560	-1595.81	-1597.21	1.40113	0.1252185
9570	-1601.25	-1602.83	1.57395	0.1156791
9580	-1628.53	-1630.56	2.02903	0.08810926
9590	-1587.89	-1588.62	0.732851	0.1609845
9600	-1599.01	-1600.52	1.50956	0.119263
9610	-1592.73	-1592.87	0.145069	0.1925445
9620	-1595.21	-1595.21	0.00133347	0.2003863
9630	-1606.01	-1607.7	1.68902	0.109154
9640	-1666.18	-1668.45	2.26899	0.06715486
9650	-1588.49	-1589.02	0.535852	0.1714924
9660	-1595.24	-1595.24	-0.000153994	0.2004678
9670	-1593.88	-1595.2	1.32173	0.129531
9680	-1619.97	-1621.89	1.92701	0.09484978
9690	-1618.59	-1620.49	1.90801	0.09605161
9700	-1620.21	-1622.14	1.93023	0.09464503
9710	-1589.69	-1590.76	1.06885	0.1431007
9720	-1598.19	-1599.68	1.48398	0.1206764
9730	-1590.38	-1590.7	0.317611	0.1832064
9740	-1600.55	-1602.11	1.55465	0.1167577
9750	-1600.62	-1602.17	1.55645	0.1166571
9760	-1590.72	-1591.87	1.14867	0.138837
9770	-1609.41	-1611.16	1.75797	0.1051473
9780	-1594.15	-1595.48	1.33365	0.128886
9790	-1589.55	-1590.61	1.05617	0.1437772
9800	-1612.03	-1613.83	1.80566	0.1023206
9810	-1588.96	-1589.95	0.994778	0.1470483
9820	-1608.25	-1609.98	1.73547	0.1064647
9830	-1616.91	-1618.8	1.88392	0.09755628
9840	-1590.13	-1590.47	0.340457	0.1819756
9850	-1588.14	-1589.01	0.864396	0.1539857
9860	-1612.56	-1614.37	1.81477	0.1017744
9870	-1659.11	-1661.36	2.24301	0.07035846
9880	-1611.99	-1613.79	1.80491	0.1023657
9890	-1596.32	-1597.74	1.42012	0.1241817
9900	-1587.89	-1588.64	0.746672	0.1602487
9910	-1611.27	-1613.06	1.79229	0.1031185
9920	-1590.64	-1591.79	1.14343	0.1391174
9930	-1594.82	-1594.84	0.0222381	0.199242
9940	-1590.25	-1590.58	0.329365	0.182573
9950	-1588.65	-1589.6	0.954716	0.1491809
9960	-1608.56	-1610.31	1.7417	0.1061006
9970	-1588.29	-1589.19	0.896753	0.1522646
9980	-1589.96	-1591.05	1.09151	0.1418915
9990	-1590.06	-1591.16	1.09955	0.1414626
10000	-1594.06	-1595.39	1.32978	0.1290955
