Iteration	Posterior	Likelihood	Prior	birth_rate
0	-1707.56	-1709.86	2.30095	0.0523056
10	-1712.11	-1714.4	2.29397	0.0509777
20	-1689.28	-1691.59	2.30947	0.05817521
30	-1623.51	-1625.48	1.9723	0.09192366
40	-1698.06	-1700.37	2.30942	0.05524276
50	-1680.03	-1682.33	2.30076	0.06153181
60	-1598.74	-1600.24	1.50129	0.1197202
70	-1689.85	-1692.15	2.3097	0.05798084
80	-1618.54	-1620.45	1.90744	0.09608751
90	-1589.41	-1590.45	1.04278	0.1444908
100	-1589.14	-1590.15	1.01488	0.1459777
110	-1590.51	-1590.81	0.306997	0.1837787
120	-1588.11	-1588.96	0.855415	0.1544634
130	-1695.76	-1698.07	2.31018	0.05598884
140	-1686.92	-1689.23	2.30813	0.05900475
150	-1629.14	-1631.18	2.03541	0.08766789
160	-1602.45	-1604.05	1.60521	0.1139233
170	-1617.39	-1616.58	-0.81042	0.2460298
180	-1590.31	-1590.63	0.324331	0.1828443
190	-1588.35	-1588.91	0.560378	0.1701814
200	-1614.84	-1616.7	1.85229	0.09950299
210	-1591.31	-1592.49	1.18713	0.1367777
220	-1629.68	-1631.72	2.04097	0.08728062
230	-1633.74	-1635.82	2.08003	0.08449131
240	-1666.06	-1668.33	2.26861	0.06720699
250	-1753.65	-1755.8	2.15195	0.04074076
260	-1697.06	-1699.37	2.30982	0.05556576
270	-1597.54	-1599	1.46249	0.1218594
280	-1596.15	-1597.56	1.41383	0.1245253
290	-1608.36	-1607.83	-0.533682	0.2301833
300	-1628.67	-1630.7	2.03053	0.08800579
310	-1654.52	-1656.74	2.22211	0.07258655
320	-1607.2	-1608.91	1.71407	0.1077082
330	-1588.23	-1588.82	0.586323	0.1687956
340	-1748.68	-1750.86	2.17585	0.0418119
350	-1674.46	-1676.75	2.29083	0.06369911
360	-1733.59	-1735.82	2.23734	0.0453019
370	-1780.79	-1782.78	1.99125	0.03546719
380	-1724.2	-1726.47	2.26672	0.0476686
390	-1748.86	-1751.03	2.17503	0.04177346
400	-1813.23	-1814.97	1.73634	0.03022002
410	-1731.93	-1734.17	2.24305	0.04570927
420	-1604.9	-1606.57	1.66431	0.1105707
430	-1752.75	-1754.91	2.15641	0.04093221
440	-1747.19	-1749.37	2.18268	0.04214086
450	-1612.14	-1613.95	1.80766	0.1022009
460	-1588.13	-1588.99	0.861419	0.154144
470	-1587.9	-1588.65	0.75463	0.1598252
480	-1673.46	-1671.43	-2.02955	0.3200623
490	-1589.27	-1590.29	1.02833	0.1452609
500	-1603.48	-1603.12	-0.361267	0.2204669
510	-1589.73	-1590.8	1.07231	0.1429163
520	-1597.36	-1597.26	-0.105881	0.2062772
530	-1620.43	-1622.37	1.93327	0.0944509
540	-1588.26	-1588.84	0.578641	0.1692058
550	-1740.65	-1737.58	-3.06902	0.3894162
560	-1588.03	-1588.67	0.641121	0.1658716
570	-1589.93	-1590.29	0.358646	0.1809964
580	-1714.19	-1716.48	2.29017	0.05038608
590	-1664.58	-1666.84	2.26371	0.06786066
600	-1741.68	-1743.88	2.20651	0.04338626
610	-1600.31	-1601.86	1.54797	0.1171303
620	-1705.49	-1707.79	2.30351	0.05292651
630	-1800.24	-1802.09	1.8463	0.03220062
640	-1810.66	-1812.42	1.75896	0.03060085
650	-1647.19	-1649.37	2.18159	0.07640803
660	-1650.84	-1653.05	2.20296	0.07445756
670	-1700.34	-1702.65	2.30816	0.05451463
680	-1764.34	-1766.43	2.09463	0.03855268
690	-1758.43	-1760.56	2.12728	0.03974254
700	-1690.25	-1692.56	2.30985	0.05783996
710	-1596.94	-1598.38	1.44211	0.1229779
720	-1751.04	-1753.2	2.16474	0.04129972
730	-1754.86	-1757	2.14587	0.0404857
740	-1670.6	-1672.88	2.28174	0.06527466
750	-1624.25	-1626.23	1.9812	0.0913378
760	-1638.81	-1640.93	2.12291	0.08125872
770	-1601.97	-1603.57	1.59299	0.1146107
780	-1657.67	-1659.91	2.23681	0.0710433
790	-1733.42	-1735.66	2.23793	0.04534323
800	-1703.8	-1706.1	2.30531	0.05344062
810	-1593.26	-1594.55	1.29297	0.1310855
820	-1605.74	-1605.3	-0.443717	0.2250991
830	-1589.85	-1590.93	1.08217	0.14239
840	-1638.96	-1641.08	2.12408	0.08116684
850	-1638.89	-1641.01	2.12353	0.08120988
860	-1617.12	-1619.01	1.887	0.09736549
870	-1642.38	-1644.53	2.14968	0.07911989
880	-1686.39	-1688.7	2.30775	0.05919352
890	-1594.66	-1596.02	1.35553	0.1276994
900	-1671.21	-1673.49	2.2833	0.06502041
910	-1755.31	-1757.46	2.14356	0.04039033
920	-1663.21	-1665.46	2.25891	0.06847333
930	-1676.06	-1678.35	2.29406	0.06306541
940	-1615.12	-1616.98	1.85667	0.09923557
950	-1617.43	-1619.32	1.89142	0.09709021
960	-1621.68	-1623.63	1.94954	0.0934058
970	-1725.15	-1727.42	2.26408	0.04742227
980	-1640.26	-1642.39	2.13411	0.08037655
990	-1700.7	-1703.01	2.30792	0.05440253
1000	-1660.71	-1662.96	2.24951	0.06961184
1010	-1710.05	-1712.35	2.29735	0.05157111
1020	-1717.65	-1719.93	2.28302	0.04942281
1030	-1807.44	-1809.23	1.78662	0.03108411
1040	-1734.61	-1736.84	2.23372	0.04505377
1050	-1633.17	-1635.24	2.07473	0.08487734
1060	-1690.05	-1692.36	2.30978	0.0579093
1070	-1588.59	-1589.54	0.947011	0.1495908
1080	-1707.84	-1710.14	2.30057	0.05222183
1090	-1612.46	-1614.28	1.81315	0.1018719
1100	-1629.6	-1631.64	2.04012	0.08734019
1110	-1613.59	-1615.42	1.83205	0.1007334
1120	-1775.44	-1777.47	2.02682	0.03643505
1130	-1767.26	-1769.34	2.07758	0.03798047
1140	-1688.96	-1691.27	2.30932	0.05828859
1150	-1740.4	-1742.61	2.21169	0.04368074
1160	-1660.37	-1662.61	2.24813	0.06977273
1170	-1610.52	-1612.3	1.77886	0.1039154
1180	-1608.29	-1607.75	-0.531246	0.2300453
1190	-1688.48	-1690.79	2.30908	0.05845407
1200	-1619.75	-1621.67	1.92403	0.09503929
1210	-1640.91	-1643.04	2.13896	0.07998965
1220	-1608.08	-1609.81	1.73213	0.1066591
1230	-1589.09	-1589.54	0.448815	0.1761529
1240	-1591.42	-1592.62	1.19435	0.1363902
1250	-1655.52	-1657.75	2.22696	0.07208925
1260	-1588.5	-1589.43	0.933213	0.150325
1270	-1709.23	-1706.61	-2.61561	0.3584053
1280	-1675.5	-1673.44	-2.06556	0.3223638
1290	-1613.62	-1612.92	-0.700151	0.2396772
1300	-1588.89	-1589.37	0.474795	0.1747603
1310	-1599.43	-1599.23	-0.198613	0.211403
1320	-1590.19	-1591.31	1.11041	0.1408821
1330	-1629.44	-1631.48	2.03852	0.08745151
1340	-1686.95	-1689.26	2.30815	0.05899568
1350	-1601.35	-1602.93	1.57657	0.1155325
1360	-1600.9	-1600.64	-0.260402	0.2148349
1370	-1608.64	-1608.09	-0.542867	0.2307043
1380	-1589.95	-1590.31	0.357202	0.1810741
1390	-1699.58	-1697.12	-2.46615	0.3484444
1400	-1608.73	-1610.47	1.74485	0.1059166
1410	-1614.24	-1616.08	1.84264	0.100091
1420	-1608.16	-1609.9	1.73373	0.1065659
1430	-1589.98	-1591.07	1.09331	0.1417957
1440	-1623.06	-1625.03	1.96681	0.09228355
1450	-1599.78	-1601.31	1.53254	0.1179887
1460	-1722.35	-1724.63	2.27168	0.0481551
1470	-1587.92	-1588.61	0.696998	0.1628937
1480	-1603.68	-1603.31	-0.368798	0.220889
1490	-1597.22	-1598.68	1.45198	0.1224366
1500	-1743.14	-1745.34	2.20041	0.04305113
1510	-1709.94	-1712.24	2.29753	0.05160425
1520	-1686.24	-1688.55	2.30764	0.05924676
1530	-1760.61	-1762.73	2.11551	0.0392981
1540	-1655.71	-1657.93	2.22784	0.07199821
1550	-1593.58	-1593.67	0.0928201	0.195388
1560	-1643.37	-1645.53	2.15663	0.07854602
1570	-1608.07	-1609.8	1.7318	0.1066786
1580	-1676.27	-1678.56	2.29446	0.06298286
1590	-1739.55	-1741.77	2.21509	0.04387889
1600	-1668.33	-1670.6	2.2755	0.066231
1610	-1596.18	-1597.59	1.41492	0.124466
1620	-1590.51	-1590.82	0.306572	0.1838016
1630	-1587.94	-1588.73	0.790985	0.1578906
1640	-1613.82	-1615.66	1.83588	0.1005011
1650	-1627.91	-1629.93	2.02247	0.08856054
1660	-1719.82	-1722.1	2.27801	0.04883179
1670	-1651.53	-1653.73	2.20669	0.07410335
1680	-1590.15	-1591.26	1.10684	0.1410728
1690	-1611.19	-1612.98	1.79089	0.1032014
1700	-1611.25	-1613.04	1.79193	0.1031397
1710	-1685.54	-1687.85	2.30708	0.0594972
1720	-1599.84	-1601.37	1.5343	0.1178906
1730	-1610.65	-1612.43	1.7812	0.1037766
1740	-1663.62	-1665.88	2.26038	0.06828864
1750	-1693.5	-1695.81	2.31042	0.05673703
1760	-1834.6	-1836.13	1.53354	0.02726813
1770	-1752.52	-1754.68	2.15754	0.04098136
1780	-1680.55	-1682.85	2.3015	0.06133434
1790	-1608.61	-1610.35	1.74251	0.1060534
1800	-1598.17	-1599.65	1.48319	0.1207197
1810	-1598.53	-1598.37	-0.159279	0.2092252
1820	-1589.05	-1589.51	0.454066	0.1758713
1830	-1615.67	-1617.53	1.8651	0.09871875
1840	-1620.58	-1622.51	1.93518	0.09432862
1850	-1651.52	-1653.73	2.20666	0.0741063
1860	-1588.42	-1588.97	0.547533	0.1708679
1870	-1592.76	-1592.9	0.142954	0.1926595
1880	-1619.09	-1618.23	-0.85799	0.2487864
1890	-1591.64	-1592.84	1.20704	0.1357094
1900	-1598.45	-1598.3	-0.155782	0.2090318
1910	-1629.57	-1628.44	-1.12933	0.2647033
1920	-1617.54	-1616.73	-0.814669	0.2462756
1930	-1611.9	-1611.25	-0.647606	0.2366682
1940	-1599.01	-1600.52	1.50973	0.1192538
1950	-1699.32	-1701.63	2.30879	0.05483765
1960	-1692.22	-1694.53	2.31032	0.05716801
1970	-1653.55	-1655.77	2.21731	0.07306858
1980	-1600.72	-1602.28	1.55944	0.1164903
1990	-1666.26	-1668.53	2.26923	0.06712226
2000	-1723.67	-1725.94	2.26819	0.04780924
2010	-1600.53	-1602.08	1.55396	0.1167959
2020	-1590.94	-1592.1	1.16345	0.1380457
2030	-1619.65	-1621.57	1.92272	0.09512269
2040	-1600.42	-1601.97	1.55097	0.1169629
2050	-1608.03	-1607.51	-0.522664	0.229559
2060	-1604.65	-1604.24	-0.404574	0.2228967
2070	-1588.34	-1588.9	0.563424	0.1700186
2080	-1588.8	-1589.29	0.486851	0.1741145
2090	-1592.4	-1592.56	0.166664	0.1913715
2100	-1590.53	-1590.83	0.305253	0.1838728
2110	-1594.26	-1594.31	0.0532388	0.1975474
2120	-1643.73	-1645.89	2.15913	0.07833816
2130	-1613.31	-1615.14	1.82744	0.1010118
2140	-1587.92	-1588.61	0.696601	0.1629148
2150	-1590.39	-1590.7	0.317434	0.183216
2160	-1633.24	-1635.32	2.07545	0.08482546
2170	-1701.93	-1704.24	2.30699	0.0540178
2180	-1629.99	-1632.04	2.04409	0.08706211
2190	-1605.73	-1607.41	1.68271	0.1095169
2200	-1592.78	-1592.93	0.141488	0.1927392
2210	-1591.16	-1591.42	0.254208	0.1866291
2220	-1654.15	-1656.37	2.22031	0.0727682
2230	-1597.56	-1599.02	1.4632	0.1218201
2240	-1596.02	-1597.43	1.40907	0.1247852
2250	-1745.82	-1748.01	2.1888	0.04244537
2260	-1686.96	-1689.27	2.30816	0.0589921
2270	-1646.08	-1648.25	2.17461	0.07701886
2280	-1616.26	-1618.13	1.8741	0.09816434
2290	-1759.58	-1761.71	2.12112	0.03950732
2300	-1721.06	-1723.33	2.27499	0.04850002
2310	-1591.97	-1592.17	0.19508	0.1898299
2320	-1598.09	-1599.57	1.48062	0.1208613
2330	-1710.55	-1712.84	2.29657	0.05142761
2340	-1626.98	-1628.99	2.01238	0.08924879
2350	-1695.87	-1698.18	2.31016	0.05595346
2360	-1676.33	-1678.63	2.29458	0.06295678
2370	-1831.63	-1833.19	1.5633	0.02765703
2380	-1714.64	-1716.93	2.28929	0.05025794
2390	-1648.89	-1651.08	2.19185	0.07548694
2400	-1593.6	-1593.69	0.0916452	0.1954521
2410	-1590.92	-1592.08	1.1622	0.1381128
2420	-1764	-1766.09	2.0966	0.03862092
2430	-1603.66	-1605.3	1.63526	0.1122244
2440	-1700.74	-1703.05	2.30789	0.0543883
2450	-1820.72	-1822.39	1.66835	0.02914479
2460	-1883.08	-1884.05	0.975812	0.02171999
2470	-1766.36	-1768.44	2.08291	0.03815607
2480	-1620.09	-1622.02	1.92871	0.09474164
2490	-1636.29	-1638.39	2.10233	0.08283613
2500	-1661.09	-1663.34	2.25098	0.06943916
2510	-1633.84	-1635.92	2.08092	0.08442647
2520	-1728.23	-1730.48	2.25498	0.04663385
2530	-1668.28	-1670.55	2.27536	0.06625115
2540	-1588.14	-1588.75	0.608118	0.1676322
2550	-1588.06	-1588.69	0.630698	0.1664275
2560	-1590.33	-1591.45	1.1206	0.1403377
2570	-1605.93	-1607.62	1.68715	0.1092615
2580	-1593.89	-1595.21	1.32224	0.1295035
2590	-1693.36	-1695.68	2.31041	0.05678319
2600	-1668.83	-1671.11	2.27694	0.06601638
2610	-1647.99	-1650.18	2.18651	0.07596963
2620	-1603.02	-1604.64	1.6197	0.1131055
2630	-1623.79	-1625.76	1.97564	0.09170423
2640	-1792	-1793.91	1.91066	0.03353836
2650	-1857.77	-1859.05	1.28349	0.02443685
2660	-1693.22	-1695.53	2.31041	0.05683228
2670	-1599.35	-1599.15	-0.195094	0.2112079
2680	-1664.97	-1663.1	-1.87524	0.3102784
2690	-1620.72	-1622.66	1.93708	0.09420724
2700	-1659.62	-1661.87	2.24512	0.07011878
2710	-1639.53	-1641.66	2.12854	0.08081765
2720	-1730.16	-1732.41	2.24888	0.04614742
2730	-1601.33	-1602.91	1.5761	0.1155585
2740	-1590.06	-1591.16	1.10014	0.141431
2750	-1602.38	-1603.98	1.60343	0.1140234
2760	-1603.81	-1605.44	1.6387	0.1120294
2770	-1654.24	-1656.46	2.22075	0.07272375
2780	-1635.11	-1637.2	2.0922	0.08359429
2790	-1717.43	-1719.72	2.2835	0.04948275
2800	-1735.43	-1737.66	2.23076	0.0448564
2810	-1864.18	-1865.39	1.20891	0.02371388
2820	-1786.04	-1788	1.95447	0.03454645
2830	-1601.37	-1602.94	1.577	0.1155085
2840	-1631.04	-1633.09	2.0545	0.08632887
2850	-1815.65	-1817.37	1.71476	0.0298679
2860	-1860.06	-1861.31	1.25715	0.0241761
2870	-1670.22	-1672.5	2.28074	0.06543287
2880	-1629.11	-1631.14	2.03506	0.08769246
2890	-1634.13	-1636.21	2.08349	0.08423829
2900	-1747.6	-1749.78	2.18082	0.04205014
2910	-1697.41	-1699.72	2.30969	0.05545276
2920	-1587.89	-1588.62	0.726945	0.1612989
2930	-1588.05	-1588.88	0.83714	0.1554354
2940	-1620.95	-1622.89	1.94003	0.09401793
2950	-1730.37	-1732.62	2.24819	0.04609427
2960	-1691.04	-1693.35	2.31009	0.0575689
2970	-1622.26	-1624.21	1.95684	0.09293327
2980	-1659.15	-1661.39	2.24315	0.07034267
2990	-1612.45	-1614.26	1.81289	0.1018877
3000	-1609.15	-1610.9	1.75311	0.1054327
3010	-1676.03	-1678.33	2.29402	0.06307385
3020	-1618.63	-1620.54	1.90865	0.09601179
3030	-1587.92	-1588.7	0.780944	0.1584249
3040	-1653.72	-1652.06	-1.65869	0.2967599
3050	-1664.24	-1662.38	-1.86159	0.309419
3060	-1626.95	-1625.88	-1.06464	0.2608785
3070	-1598.08	-1597.94	-0.138969	0.2081028
3080	-1588.05	-1588.68	0.635262	0.166184
3090	-1610.03	-1611.8	1.76968	0.1044579
3100	-1694.3	-1696.61	2.31039	0.05647216
3110	-1699.05	-1701.36	2.30894	0.05492392
3120	-1662.84	-1665.1	2.25761	0.0686359
3130	-1623.06	-1625.02	1.96676	0.09228695
3140	-1617.34	-1619.23	1.89011	0.09717193
3150	-1635.63	-1637.73	2.09671	0.08325782
3160	-1636.96	-1639.07	2.10799	0.08240692
3170	-1684.3	-1686.6	2.30595	0.05994742
3180	-1597.92	-1599.4	1.47524	0.1211578
3190	-1623.07	-1625.04	1.96696	0.09227414
3200	-1666.04	-1668.31	2.26855	0.06721503
3210	-1608.31	-1610.05	1.7367	0.1063924
3220	-1603.87	-1605.51	1.64032	0.1119371
3230	-1611.33	-1613.12	1.79335	0.103055
3240	-1857.61	-1858.89	1.28535	0.02445547
3250	-1672.62	-1674.91	2.28673	0.06444209
3260	-1589.99	-1591.08	1.09407	0.1417547
3270	-1720.13	-1722.41	2.27728	0.04874925
3280	-1647.7	-1649.88	2.18472	0.07613004
3290	-1648.32	-1650.51	2.18849	0.07579121
3300	-1656.34	-1658.57	2.2308	0.07168782
3310	-1668.22	-1670.5	2.2752	0.06627493
3320	-1755.03	-1757.17	2.14503	0.04045066
3330	-1746.7	-1748.89	2.18489	0.04224962
3340	-1605.88	-1607.57	1.68609	0.1093226
3350	-1708.63	-1710.93	2.29947	0.05198759
3360	-1588.16	-1589.03	0.869101	0.1537355
3370	-1612.44	-1614.26	1.81281	0.1018922
3380	-1660	-1662.25	2.24667	0.06994174
3390	-1769.91	-1771.97	2.06167	0.03747226
3400	-1613.99	-1615.82	1.83853	0.1003404
3410	-1662.26	-1664.51	2.25544	0.06890306
3420	-1735.24	-1737.47	2.23145	0.04490193
3430	-1664.57	-1666.84	2.2637	0.06786218
3440	-1686.05	-1688.36	2.30749	0.05931586
3450	-1592.6	-1592.75	0.153187	0.1921034
3460	-1587.92	-1588.61	0.696025	0.1629455
3470	-1730.38	-1732.63	2.24815	0.04609165
3480	-1588.62	-1589.14	0.513836	0.17267
3490	-1612.28	-1614.09	1.80993	0.1020649
3500	-1634.87	-1636.96	2.09007	0.08375258
3510	-1622.81	-1624.78	1.96376	0.09248264
3520	-1628.65	-1630.68	2.03033	0.08801945
3530	-1588.04	-1588.88	0.835433	0.1555262
3540	-1610.32	-1612.09	1.77508	0.1041389
3550	-1636.56	-1638.67	2.10464	0.08266171
3560	-1594.58	-1595.93	1.35203	0.1278894
3570	-1656.92	-1659.15	2.23344	0.07140732
3580	-1728.37	-1730.63	2.25453	0.04659687
3590	-1624.36	-1626.35	1.98253	0.09124923
3600	-1715.04	-1717.33	2.28851	0.05014673
3610	-1626.58	-1628.59	2.00801	0.08954508
3620	-1697.64	-1699.95	2.3096	0.05537627
3630	-1662.15	-1664.41	2.25504	0.0689512
3640	-1683.85	-1686.16	2.3055	0.06011056
3650	-1628.12	-1630.14	2.02467	0.08840936
3660	-1587.91	-1588.69	0.774347	0.1587759
3670	-1590.94	-1592.11	1.16374	0.1380302
3680	-1587.95	-1588.62	0.6766	0.1639804
3690	-1588.04	-1588.68	0.63889	0.1659906
3700	-1601.22	-1602.79	1.57301	0.1157314
3710	-1670.62	-1672.9	2.28179	0.06526587
3720	-1777.68	-1779.69	2.01214	0.03602536
3730	-1666.68	-1668.95	2.27057	0.06693662
3740	-1788.33	-1790.27	1.93792	0.03415516
3750	-1749	-1751.18	2.17437	0.04174233
3760	-1671.06	-1673.35	2.28293	0.06508131
3770	-1652.85	-1655.06	2.21371	0.07342458
3780	-1660.48	-1662.73	2.2486	0.06971813
3790	-1618.63	-1620.54	1.9087	0.09600871
3800	-1660.93	-1663.18	2.25035	0.06951251
3810	-1631.8	-1633.86	2.06188	0.08580328
3820	-1613.84	-1613.13	-0.706811	0.2400594
3830	-1619.36	-1618.49	-0.8653	0.2492109
3840	-1590.47	-1590.78	0.310548	0.1835872
3850	-1616.75	-1618.63	1.88154	0.09770409
3860	-1689.02	-1691.33	2.30935	0.05826691
3870	-1662.6	-1664.86	2.25672	0.06874629
3880	-1588.77	-1589.26	0.491449	0.1738683
3890	-1614.41	-1616.26	1.84544	0.0999205
3900	-1743.72	-1745.91	2.19796	0.04292016
3910	-1817.19	-1818.89	1.7008	0.02964562
3920	-1701.91	-1704.22	2.30701	0.05402351
3930	-1598.57	-1600.07	1.49604	0.1200105
3940	-1602.18	-1603.78	1.5983	0.1143126
3950	-1600.84	-1602.4	1.56261	0.1163135
3960	-1596.22	-1597.63	1.41628	0.1243914
3970	-1614.56	-1616.41	1.84775	0.09977981
3980	-1610.27	-1612.05	1.77425	0.1041878
3990	-1738.39	-1740.61	2.21963	0.0441509
4000	-1733.7	-1735.94	2.23693	0.04527382
4010	-1674.13	-1676.42	2.29014	0.06382912
4020	-1602.07	-1601.77	-0.307283	0.217448
4030	-1605.3	-1604.87	-0.428144	0.2242221
4040	-1595.47	-1596.86	1.38814	0.1259267
4050	-1613.46	-1615.29	1.82999	0.1008578
4060	-1724.64	-1726.9	2.26553	0.04755637
4070	-1662.35	-1664.6	2.25577	0.06886192
4080	-1598.94	-1600.45	1.50755	0.1193744
4090	-1665.6	-1663.71	-1.88682	0.3110082
4100	-1653.74	-1652.08	-1.65905	0.2967822
4110	-1589.21	-1589.65	0.434638	0.1769133
4120	-1623.56	-1622.58	-0.977904	0.2557797
4130	-1609.61	-1611.37	1.76188	0.1049174
4140	-1644.46	-1646.62	2.16405	0.07792425
4150	-1615.21	-1617.07	1.85809	0.09914839
4160	-1654.07	-1656.29	2.21992	0.07280752
4170	-1626.51	-1628.52	2.00724	0.08959726
4180	-1588.35	-1588.91	0.560571	0.1701711
4190	-1604.38	-1606.03	1.65232	0.1112549
4200	-1588.27	-1589.17	0.893327	0.1524469
4210	-1662.58	-1664.83	2.25662	0.06875811
4220	-1658.25	-1660.49	2.23932	0.07076908
4230	-1601.83	-1603.41	1.58917	0.1148258
4240	-1597.13	-1598.58	1.44886	0.1226079
4250	-1677.43	-1679.72	2.29658	0.06252912
4260	-1667.15	-1669.42	2.27201	0.0667336
4270	-1675.88	-1678.18	2.29373	0.06313298
4280	-1740.14	-1742.35	2.21276	0.04374261
4290	-1739.82	-1742.03	2.21403	0.04381687
4300	-1849.21	-1850.59	1.37946	0.02544176
4310	-1627.36	-1629.38	2.01653	0.08896647
4320	-1650.14	-1652.34	2.19905	0.07482424
4330	-1650.25	-1652.44	2.19963	0.07476994
4340	-1607.72	-1609.44	1.72474	0.1070892
4350	-1588.18	-1588.77	0.599118	0.1681125
4360	-1601.41	-1602.98	1.57804	0.11545
4370	-1638.08	-1640.2	2.11712	0.08170739
4380	-1638.47	-1640.59	2.12023	0.08146701
4390	-1596.2	-1597.61	1.41552	0.1244328
4400	-1672.89	-1675.18	2.28736	0.06433175
4410	-1746.15	-1748.34	2.18735	0.04237228
4420	-1632.62	-1634.69	2.06967	0.0852441
4430	-1588.33	-1589.23	0.903815	0.151889
4440	-1588.73	-1589.7	0.966426	0.1485576
4450	-1590.85	-1592.01	1.15784	0.1383461
4460	-1683.69	-1685.99	2.30533	0.0601698
4470	-1674.29	-1676.58	2.29046	0.06376884
4480	-1731.4	-1733.64	2.24481	0.0458395
4490	-1681.66	-1683.97	2.30299	0.06091791
4500	-1595.28	-1596.66	1.38059	0.1263374
4510	-1648.06	-1650.24	2.18688	0.07593604
4520	-1682.16	-1684.46	2.3036	0.06073356
4530	-1703.76	-1706.07	2.30535	0.05345161
4540	-1592.14	-1593.37	1.23545	0.1341838
4550	-1599.46	-1600.98	1.52309	0.1185135
4560	-1734.52	-1736.75	2.23405	0.04507629
4570	-1655.65	-1657.88	2.22759	0.07202344
4580	-1614.48	-1616.32	1.84645	0.09985917
4590	-1633.03	-1635.1	2.07344	0.08497157
4600	-1708.05	-1710.35	2.30028	0.05215823
4610	-1674.54	-1676.83	2.29099	0.06366841
4620	-1638.28	-1640.4	2.11875	0.08158137
4630	-1588.5	-1589.03	0.534138	0.171584
4640	-1677.23	-1679.52	2.29623	0.06260689
4650	-1718.47	-1720.75	2.28117	0.04919807
4660	-1795.08	-1796.97	1.88708	0.03303012
4670	-1744.07	-1746.26	2.19646	0.04284069
4680	-1684.38	-1686.69	2.30603	0.05991625
4690	-1678.08	-1680.38	2.2977	0.06227721
4700	-1762.53	-1764.63	2.1049	0.03891292
4710	-1755.28	-1757.43	2.14372	0.04039661
4720	-1711.99	-1714.29	2.29417	0.05101022
4730	-1683.29	-1685.59	2.3049	0.06031614
4740	-1640.94	-1643.08	2.1392	0.07997038
4750	-1630.51	-1632.56	2.04926	0.08669935
4760	-1626.12	-1628.12	2.00284	0.08989379
4770	-1624.8	-1626.79	1.98772	0.09090557
4780	-1700.84	-1703.15	2.30782	0.05435863
4790	-1606.03	-1607.72	1.68938	0.1091333
4800	-1654.75	-1656.97	2.22325	0.07247058
4810	-1664.68	-1666.94	2.26405	0.06781635
4820	-1697.03	-1699.34	2.30983	0.05557577
4830	-1604.63	-1606.29	1.65808	0.1109263
4840	-1703.36	-1705.67	2.30573	0.05357396
4850	-1588.03	-1588.86	0.831466	0.1557372
4860	-1599	-1598.82	-0.179984	0.2103709
4870	-1633.48	-1635.56	2.07766	0.08466471
4880	-1595.08	-1596.46	1.37283	0.1267598
4890	-1599.51	-1599.31	-0.202041	0.211593
4900	-1589.12	-1589.57	0.44552	0.1763295
4910	-1592.81	-1594.08	1.27077	0.1322828
4920	-1605.3	-1606.98	1.67332	0.1100553
4930	-1588.94	-1589.93	0.992646	0.1471618
4940	-1674.18	-1676.47	2.29023	0.0638127
4950	-1594.74	-1596.1	1.35888	0.1275178
4960	-1597.73	-1597.61	-0.122964	0.2072193
4970	-1600.29	-1600.06	-0.235331	0.2134407
4980	-1594.68	-1594.71	0.0300501	0.1988147
4990	-1588.42	-1589.34	0.919755	0.1510411
5000	-1618.94	-1618.09	-0.853838	0.2485454
5010	-1587.91	-1588.69	0.775474	0.158716
5020	-1599.63	-1601.16	1.52823	0.1182282
5030	-1677.15	-1679.44	2.29608	0.06263849
5040	-1760.94	-1763.05	2.11373	0.03923221
5050	-1698.8	-1701.11	2.30907	0.05500521
5060	-1731.7	-1733.94	2.24382	0.04576601
5070	-1637.39	-1639.5	2.11148	0.08214102
5080	-1648.54	-1650.73	2.18977	0.07567613
5090	-1619.26	-1621.17	1.91734	0.09546333
5100	-1653.52	-1655.73	2.21713	0.07308663
5110	-1742.73	-1744.94	2.20211	0.04314343
5120	-1672.72	-1675	2.28696	0.0644028
5130	-1681.07	-1683.37	2.30221	0.06114007
5140	-1680.92	-1683.22	2.30201	0.06119627
5150	-1801.12	-1802.96	1.8392	0.03206198
5160	-1632.41	-1634.47	2.06765	0.08538944
5170	-1777.1	-1779.11	2.016	0.03613182
5180	-1667.75	-1670.02	2.27381	0.06647732
5190	-1594.77	-1596.13	1.3602	0.1274459
5200	-1656.93	-1659.16	2.23347	0.0714041
5210	-1588.72	-1589.69	0.965541	0.1486047
5220	-1662.11	-1664.37	2.2549	0.06896852
5230	-1667.38	-1669.65	2.2727	0.06663565
5240	-1697.88	-1700.19	2.3095	0.0553007
5250	-1663.94	-1666.2	2.2615	0.06814584
5260	-1689.24	-1691.55	2.30945	0.05819134
5270	-1681.44	-1683.74	2.3027	0.06100038
5280	-1665.93	-1668.19	2.26817	0.06726619
5290	-1674.29	-1676.58	2.29046	0.06376876
5300	-1705.5	-1707.8	2.3035	0.05292176
5310	-1605.99	-1607.68	1.68844	0.1091877
5320	-1587.9	-1588.62	0.719193	0.1617117
5330	-1661.59	-1659.78	-1.81168	0.3062855
5340	-1592.96	-1594.24	1.27849	0.1318667
5350	-1749.27	-1751.44	2.17312	0.04168343
5360	-1626.75	-1628.76	2.00987	0.08941885
5370	-1621.44	-1623.39	1.94643	0.09360646
5380	-1610.75	-1610.14	-0.611457	0.2346048
5390	-1603.2	-1604.82	1.62405	0.1128594
5400	-1603.16	-1602.81	-0.349088	0.2197849
5410	-1593.88	-1595.2	1.32169	0.1295333
5420	-1616.25	-1618.13	1.87406	0.09816678
5430	-1593.58	-1593.67	0.0927825	0.1953901
5440	-1589.61	-1590.67	1.06165	0.143485
5450	-1599.76	-1601.29	1.532	0.1180185
5460	-1625.67	-1624.64	-1.03241	0.2589799
5470	-1608.69	-1610.43	1.74414	0.1059584
5480	-1587.98	-1588.8	0.813826	0.1566755
5490	-1601.71	-1601.42	-0.293048	0.2166537
5500	-1673.1	-1671.08	-2.0231	0.3196507
5510	-1589.92	-1591.01	1.08849	0.1420525
5520	-1836.52	-1838.03	1.51399	0.02701967
5530	-1854.38	-1855.7	1.32199	0.02482924
5540	-1838.36	-1839.86	1.49498	0.02678311
5550	-1591.09	-1592.27	1.17363	0.1375008
5560	-1587.98	-1588.79	0.811102	0.1568204
5570	-1654.25	-1656.47	2.22081	0.07271842
5580	-1597.78	-1599.25	1.47058	0.1214141
5590	-1682.6	-1684.91	2.30413	0.06056838
5600	-1691.08	-1693.39	2.3101	0.05755726
5610	-1596.3	-1597.72	1.41949	0.1242162
5620	-1663.49	-1665.75	2.25993	0.06834552
5630	-1804.7	-1806.51	1.80975	0.03150415
5640	-1778.51	-1780.52	2.00663	0.03587562
5650	-1765.99	-1768.08	2.08506	0.03822769
5660	-1644.56	-1646.73	2.16474	0.07786557
5670	-1589.94	-1590.3	0.358145	0.1810233
5680	-1595.23	-1596.61	1.37864	0.1264437
5690	-1757.74	-1759.87	2.13098	0.03988597
5700	-1629.64	-1631.68	2.04051	0.08731279
5710	-1619.74	-1621.66	1.92393	0.09504549
5720	-1598.19	-1599.67	1.48391	0.1206801
5730	-1589.31	-1590.34	1.0324	0.1450441
5740	-1613.69	-1612.99	-0.702243	0.2397973
5750	-1591.45	-1592.65	1.19601	0.1363013
5760	-1592.31	-1593.55	1.24466	0.1336883
5770	-1644.4	-1646.57	2.16367	0.07795645
5780	-1652.83	-1655.04	2.21359	0.07343622
5790	-1667.26	-1669.53	2.27234	0.06668684
5800	-1610.92	-1612.71	1.78603	0.1034904
5810	-1599.33	-1599.13	-0.194365	0.2111675
5820	-1628.9	-1630.93	2.0329	0.08784199
5830	-1709.23	-1711.53	2.2986	0.05181164
5840	-1740.75	-1742.96	2.21031	0.04360099
5850	-1742.02	-1744.23	2.20507	0.04330614
5860	-1885.21	-1886.16	0.948273	0.02150708
5870	-1821.21	-1822.87	1.66379	0.02907607
5880	-1647.8	-1649.99	2.18537	0.0760718
5890	-1617.93	-1619.83	1.89874	0.09663314
5900	-1603.92	-1605.56	1.64133	0.1118798
5910	-1632.62	-1634.69	2.06965	0.08524576
5920	-1592.78	-1594.05	1.2694	0.1323567
5930	-1626.18	-1628.18	2.00348	0.08985098
5940	-1676.01	-1678.3	2.29397	0.06308375
5950	-1600.81	-1602.37	1.56179	0.116359
5960	-1597.79	-1599.27	1.47108	0.1213867
5970	-1606.88	-1608.59	1.7076	0.1080829
5980	-1587.92	-1588.61	0.693215	0.1630952
5990	-1587.95	-1588.62	0.676912	0.1639638
6000	-1672.04	-1674.32	2.28535	0.06467986
6010	-1644.66	-1646.83	2.16538	0.07781156
6020	-1669.67	-1671.95	2.27928	0.06566114
6030	-1649.28	-1651.47	2.1941	0.07528134
6040	-1735.87	-1738.1	2.22914	0.04475021
6050	-1673.6	-1675.89	2.28897	0.06404333
6060	-1716.2	-1718.48	2.28615	0.04982461
6070	-1604.99	-1606.66	1.66629	0.1104577
6080	-1603.79	-1605.43	1.63845	0.1120434
6090	-1703.18	-1705.49	2.3059	0.05362858
6100	-1658.69	-1660.94	2.24123	0.07055685
6110	-1643.56	-1645.72	2.15793	0.07843786
6120	-1644.41	-1646.58	2.16374	0.07795035
6130	-1674.63	-1676.92	2.29119	0.06363216
6140	-1670.87	-1668.89	-1.98313	0.3171059
6150	-1590.95	-1592.11	1.16419	0.1380065
6160	-1700.85	-1703.16	2.30781	0.05435443
6170	-1611.44	-1613.24	1.79538	0.1029341
6180	-1651.4	-1653.6	2.20599	0.0741705
6190	-1727.54	-1729.8	2.25708	0.0468087
6200	-1621.1	-1623.04	1.94201	0.09389126
6210	-1780.77	-1782.76	1.99137	0.03547017
6220	-2011.47	-2010.35	-1.1146	0.01218893
6230	-1813.02	-1814.76	1.73822	0.03025117
6240	-1763.74	-1765.84	2.09804	0.03867099
6250	-1659.69	-1661.94	2.24541	0.07008587
6260	-1592.82	-1594.09	1.27123	0.1322579
6270	-1617.76	-1619.66	1.89628	0.09678676
6280	-1638.58	-1640.7	2.12113	0.08139721
6290	-1645.33	-1647.5	2.16982	0.07743246
6300	-1662.63	-1664.88	2.25681	0.06873429
6310	-1652.47	-1654.68	2.21174	0.07361672
6320	-1642.29	-1644.44	2.14903	0.07917381
6330	-1598.3	-1598.15	-0.148912	0.2086521
6340	-1589.56	-1590.62	1.0571	0.1437277
6350	-1697.87	-1700.18	2.30951	0.05530388
6360	-1700.31	-1702.62	2.30818	0.05452518
6370	-1660.9	-1663.15	2.25026	0.06952362
6380	-1600.32	-1601.87	1.54821	0.1171166
6390	-1675.34	-1677.63	2.29265	0.06334759
6400	-1633.53	-1635.61	2.07812	0.08463085
6410	-1630.39	-1632.44	2.04808	0.08678219
6420	-1590.02	-1590.37	0.350026	0.1814603
6430	-1598.14	-1597.99	-0.141495	0.2082423
6440	-1588.11	-1588.96	0.854898	0.1544909
6450	-1667.61	-1669.89	2.2734	0.06653601
6460	-1632.68	-1634.75	2.07024	0.08520286
6470	-1773.32	-1775.36	2.04044	0.03682903
6480	-1808.25	-1810.03	1.7797	0.03096141
6490	-1634.07	-1636.15	2.08294	0.08427844
6500	-1691.73	-1694.04	2.31024	0.05733469
6510	-1625.06	-1627.05	1.99075	0.09070398
6520	-1638.11	-1640.23	2.11737	0.08168843
6530	-1605.49	-1607.17	1.67753	0.1098139
6540	-1588.37	-1589.28	0.911132	0.1514998
6550	-1601.52	-1603.1	1.5811	0.1152783
6560	-1623.3	-1625.27	1.96977	0.09208971
6570	-1588.74	-1589.71	0.967957	0.1484761
6580	-1652.02	-1650.39	-1.62446	0.2946445
6590	-1593.58	-1593.67	0.092743	0.1953922
6600	-1682.57	-1684.88	2.3041	0.0605796
6610	-1615.49	-1617.35	1.86237	0.09888628
6620	-1671.96	-1674.25	2.28517	0.06470962
6630	-1648.36	-1650.55	2.18873	0.07576982
6640	-1600.09	-1601.63	1.54143	0.1174944
6650	-1684.01	-1686.32	2.30566	0.06005198
6660	-1681.15	-1683.45	2.30231	0.06111123
6670	-1734.43	-1736.66	2.23437	0.04509761
6680	-1836.8	-1838.31	1.51112	0.02698368
6690	-1769.83	-1771.89	2.06215	0.03748746
6700	-1651.04	-1653.25	2.20406	0.07435405
6710	-1735.3	-1737.53	2.23122	0.04488687
6720	-1864.93	-1866.13	1.2	0.02363057
6730	-1633.23	-1635.31	2.07536	0.08483207
6740	-1610.97	-1612.76	1.78698	0.1034339
6750	-1672.49	-1674.77	2.28642	0.0644966
6760	-1720.99	-1723.27	2.27516	0.04851806
6770	-1855.41	-1856.72	1.31036	0.02470932
6780	-1611.99	-1613.79	1.80496	0.1023626
6790	-1588.23	-1588.82	0.586363	0.1687935
6800	-1601.92	-1603.52	1.59176	0.1146803
6810	-1593.49	-1594.79	1.30386	0.1304972
6820	-1650.9	-1653.1	2.20326	0.0744291
6830	-1617.36	-1619.25	1.89051	0.09714661
6840	-1608.49	-1610.23	1.74028	0.106184
6850	-1720.3	-1722.58	2.27685	0.04870262
6860	-1727.86	-1730.12	2.25611	0.046727
6870	-1702.57	-1704.88	2.30645	0.05381876
6880	-1691.75	-1694.06	2.31025	0.0573277
6890	-1609.15	-1610.91	1.75317	0.1054294
6900	-1747.58	-1749.76	2.18092	0.04205502
6910	-1733.24	-1735.47	2.23856	0.04538762
6920	-1715.17	-1717.46	2.28824	0.05010946
6930	-1659.45	-1661.7	2.24441	0.07019977
6940	-1802.6	-1804.43	1.82708	0.03182931
6950	-1830.85	-1832.42	1.57103	0.02776028
6960	-1906.24	-1906.9	0.663382	0.01952711
6970	-1740.17	-1742.38	2.21262	0.04373428
6980	-1669.57	-1671.85	2.27901	0.06570255
6990	-1707.73	-1710.03	2.30072	0.05225324
7000	-1633.89	-1635.97	2.08138	0.08439238
7010	-1665.43	-1667.69	2.26655	0.06748532
7020	-1684.84	-1687.15	2.30646	0.05975027
7030	-1792.63	-1794.54	1.90587	0.03343324
7040	-1608.81	-1610.56	1.74658	0.1058154
7050	-1836.28	-1837.8	1.51636	0.02704957
7060	-1673.6	-1675.89	2.28896	0.06404521
7070	-1627.65	-1629.67	2.01965	0.08875349
7080	-1695.17	-1697.48	2.31029	0.05618434
7090	-1678.61	-1680.91	2.29857	0.06207331
7100	-1728.28	-1730.53	2.25482	0.04662062
7110	-1700.17	-1702.48	2.30827	0.05456942
7120	-1657.12	-1659.36	2.23436	0.07130816
7130	-1686.41	-1688.72	2.30777	0.05918589
7140	-1607.65	-1609.37	1.72342	0.1071658
7150	-1628.66	-1630.69	2.03037	0.08801705
7160	-1613.92	-1615.75	1.83741	0.1004088
7170	-1595.22	-1596.6	1.37831	0.1264614
7180	-1636.86	-1638.96	2.10711	0.08247439
7190	-1589.74	-1590.81	1.07293	0.1428833
7200	-1597.33	-1597.23	-0.10443	0.2061972
7210	-1589.35	-1589.77	0.419272	0.1777379
7220	-1590.08	-1590.42	0.345151	0.1817228
7230	-1612.69	-1614.5	1.81693	0.1016447
7240	-1612.99	-1614.81	1.82204	0.1013373
7250	-1611.56	-1613.36	1.79746	0.1028103
7260	-1733.89	-1736.12	2.23628	0.04522845
7270	-1693.97	-1696.28	2.31041	0.05658129
7280	-1790.38	-1792.31	1.92275	0.03380787
7290	-1727.78	-1730.04	2.25634	0.04674658
7300	-1857.04	-1858.33	1.29185	0.02452092
7310	-1772.48	-1774.53	2.04571	0.03698523
7320	-1685.66	-1687.97	2.30717	0.05945476
7330	-1655.77	-1658	2.22815	0.07196548
7340	-1678.66	-1680.96	2.29866	0.06205383
7350	-1759.47	-1761.59	2.12175	0.03953119
7360	-1773.08	-1775.13	2.04191	0.03687246
7370	-1594.88	-1596.24	1.36441	0.1272175
7380	-1590.73	-1591.02	0.288113	0.1847976
7390	-1656.49	-1658.72	2.23148	0.07161524
7400	-1699.27	-1701.58	2.30882	0.0548547
7410	-1672.02	-1674.3	2.2853	0.06468837
7420	-1598.3	-1599.79	1.48757	0.1204784
7430	-1810.48	-1812.24	1.76048	0.03062688
7440	-1838.92	-1840.41	1.48923	0.02671246
7450	-1872.07	-1873.19	1.11394	0.0228569
7460	-1750.8	-1752.97	2.16588	0.04135094
7470	-1694.42	-1696.73	2.31038	0.05643281
7480	-1769.6	-1771.67	2.06351	0.03752978
7490	-1645.52	-1647.69	2.17102	0.07732976
7500	-1740.07	-1742.28	2.21304	0.04375884
7510	-1722.92	-1725.19	2.27019	0.04800509
7520	-1722.51	-1724.78	2.27127	0.04811333
7530	-1800.65	-1802.49	1.843	0.03213596
7540	-1819.74	-1821.41	1.67748	0.02928346
7550	-1767.67	-1769.75	2.07513	0.03790075
7560	-1702.09	-1704.39	2.30686	0.0539683
7570	-1674.61	-1676.9	2.29115	0.06363841
7580	-1650.82	-1653.02	2.20285	0.07446829
7590	-1677.43	-1679.73	2.29659	0.06252724
7600	-1698.04	-1700.35	2.30943	0.05524861
7610	-1712.23	-1714.53	2.29375	0.05094196
7620	-1837.74	-1839.24	1.50138	0.02686219
7630	-1743.86	-1746.06	2.19733	0.04288692
7640	-1599.31	-1600.83	1.51882	0.1187498
7650	-1674.58	-1676.87	2.29108	0.06365211
7660	-1673.65	-1675.94	2.28909	0.06402284
7670	-1695.81	-1698.12	2.31017	0.05597121
7680	-1670.42	-1672.7	2.28126	0.06534979
7690	-1663.54	-1665.8	2.26011	0.0683222
7700	-1773.68	-1775.72	2.03815	0.03676169
7710	-1783.88	-1785.85	1.96981	0.03492134
7720	-1906.95	-1907.61	0.653221	0.0194631
7730	-1891.27	-1892.14	0.868639	0.02091453
7740	-1708.61	-1710.91	2.2995	0.05199314
7750	-1770.78	-1772.83	2.05633	0.03730688
7760	-1890.73	-1891.61	0.875795	0.02096643
7770	-1914.66	-1915.2	0.542525	0.01879106
7780	-1736.35	-1738.58	2.22736	0.04463481
7790	-1673.9	-1676.19	2.28964	0.06392211
7800	-1627.48	-1629.5	2.01783	0.08887781
7810	-1669.42	-1671.7	2.27859	0.06576768
7820	-1730.51	-1732.76	2.24774	0.04606026
7830	-1691.51	-1693.82	2.3102	0.05740866
7840	-1820.24	-1821.91	1.67283	0.02921264
7850	-1817.76	-1819.46	1.69562	0.02956421
7860	-1677.16	-1679.46	2.29611	0.0626323
7870	-1646.14	-1648.32	2.17504	0.07698134
7880	-1659.99	-1662.24	2.24662	0.06994766
7890	-1795.47	-1797.36	1.88405	0.03296627
7900	-1758.13	-1760.26	2.12888	0.03980419
7910	-1695.45	-1697.76	2.31024	0.05609043
7920	-1589.91	-1590.27	0.361067	0.1808661
7930	-1598.29	-1599.78	1.48719	0.1204992
7940	-1611.43	-1613.23	1.79517	0.102947
7950	-1631.14	-1633.19	2.05547	0.08625969
7960	-1629.25	-1631.29	2.03657	0.08758741
7970	-1652.8	-1655.01	2.21343	0.07345202
7980	-1613.87	-1615.7	1.8366	0.1004576
7990	-1658.15	-1660.39	2.2389	0.07081472
8000	-1595.09	-1596.46	1.37288	0.1267568
8010	-1723.37	-1725.64	2.26898	0.04788614
8020	-1736.92	-1739.14	2.22524	0.04449962
8030	-1756.73	-1758.87	2.13623	0.04009366
8040	-1698.39	-1700.7	2.30927	0.05513714
8050	-1611.91	-1613.72	1.80364	0.1024413
8060	-1625.82	-1627.82	1.99945	0.09012192
8070	-1588.45	-1588.99	0.543022	0.171109
8080	-1588.46	-1589	0.540676	0.1712344
8090	-1593.08	-1594.36	1.28428	0.1315543
8100	-1592.66	-1593.92	1.26308	0.132697
8110	-1609.02	-1610.77	1.75055	0.1055827
8120	-1596.87	-1598.31	1.43984	0.1231024
8130	-1656.83	-1659.07	2.23306	0.07144792
8140	-1647.45	-1649.63	2.18321	0.07626424
8150	-1658.33	-1660.57	2.23968	0.07072893
8160	-1662.32	-1664.57	2.25566	0.06887556
8170	-1589.75	-1590.82	1.07357	0.1428491
8180	-1627.82	-1629.84	2.02146	0.08862997
8190	-1707.57	-1709.87	2.30093	0.05230172
8200	-1631.31	-1633.37	2.05716	0.08613966
8210	-1602.97	-1604.58	1.61826	0.1131872
8220	-1609.74	-1611.5	1.76429	0.1047755
8230	-1661.41	-1663.66	2.25222	0.06929116
8240	-1654.68	-1653	-1.67768	0.2979354
8250	-1674.05	-1676.34	2.28997	0.06386157
8260	-1597.62	-1599.08	1.46521	0.1217096
8270	-1696.91	-1699.22	2.30987	0.05561277
8280	-1732.51	-1734.75	2.24105	0.04556454
8290	-1661.57	-1663.82	2.25284	0.06921693
8300	-1694.89	-1697.2	2.31033	0.05627627
8310	-1816.07	-1817.78	1.71099	0.02980733
8320	-1679.46	-1681.76	2.29992	0.06174624
8330	-1776.83	-1778.85	2.01776	0.03618057
8340	-1637.53	-1639.64	2.11265	0.08205119
8350	-1678.18	-1680.47	2.29786	0.06223951
8360	-1692.39	-1694.7	2.31034	0.05711238
8370	-1738.28	-1740.5	2.22005	0.04417666
8380	-1624.17	-1626.15	1.98029	0.09139747
8390	-1645.81	-1647.98	2.17289	0.0771678
8400	-1758.66	-1760.79	2.12608	0.03969636
8410	-1717.49	-1719.77	2.28338	0.04946817
8420	-1616.55	-1618.43	1.87857	0.09788779
8430	-1684.83	-1687.13	2.30645	0.05975591
8440	-1641.36	-1643.5	2.14232	0.07971926
8450	-1636.01	-1638.11	2.1	0.08301125
8460	-1590.92	-1592.08	1.16205	0.1381209
8470	-1642.89	-1645.04	2.15326	0.07882592
8480	-1721.32	-1723.59	2.27434	0.04843079
8490	-1619.4	-1621.32	1.91933	0.09533749
8500	-1652.27	-1654.48	2.21065	0.07372256
8510	-1654.42	-1656.64	2.22162	0.0726364
8520	-1665.08	-1667.35	2.26542	0.06763577
8530	-1659.8	-1662.05	2.24584	0.07003617
8540	-1665.6	-1667.87	2.26713	0.06740759
8550	-1744.72	-1746.92	2.19362	0.04269236
8560	-1914.85	-1915.39	0.539766	0.01877488
8570	-1731.69	-1733.94	2.24383	0.0457667
8580	-1663.77	-1666.04	2.26094	0.06821774
8590	-1596.89	-1598.33	1.44056	0.1230627
8600	-1594.67	-1596.03	1.35598	0.127675
8610	-1608.1	-1609.84	1.73256	0.1066339
8620	-1594.94	-1596.31	1.36718	0.1270666
8630	-1682.96	-1685.27	2.30454	0.06043622
8640	-1648.55	-1650.74	2.18985	0.07566875
8650	-1718.13	-1720.41	2.28196	0.04929296
8660	-1613.98	-1615.82	1.83839	0.1003492
8670	-1686.05	-1688.36	2.30749	0.05931512
8680	-1654.38	-1656.61	2.22146	0.07265208
8690	-1639.51	-1641.64	2.12842	0.08082737
8700	-1762.38	-1764.49	2.10572	0.03894203
8710	-1730.04	-1732.29	2.24926	0.04617695
8720	-1617.41	-1619.3	1.89116	0.09710636
8730	-1638.48	-1640.6	2.1203	0.08146122
8740	-1826.34	-1827.95	1.61514	0.02836735
8750	-1741.67	-1743.87	2.20655	0.04338862
8760	-1746.04	-1748.23	2.18784	0.0423972
8770	-1723.17	-1725.43	2.26954	0.04794107
8780	-1603.81	-1605.45	1.63884	0.1120214
8790	-1642.79	-1644.95	2.15261	0.07887954
8800	-1617.25	-1619.14	1.88883	0.09725138
8810	-1588.58	-1589.53	0.945493	0.1496716
8820	-1625.22	-1627.22	1.99259	0.09058078
8830	-1592.58	-1593.84	1.25914	0.1329094
8840	-1629.28	-1631.32	2.03687	0.08756654
8850	-1669.1	-1671.38	2.27769	0.06590328
8860	-1648.83	-1651.02	2.19149	0.07552001
8870	-1637.03	-1639.14	2.10858	0.08236268
8880	-1665.68	-1667.95	2.26739	0.06737272
8890	-1605.91	-1607.6	1.68672	0.1092865
8900	-1720.96	-1723.24	2.27523	0.0485258
8910	-1647.5	-1649.69	2.18354	0.07623486
8920	-1610.97	-1612.76	1.78698	0.1034341
8930	-1787.87	-1789.81	1.94127	0.0342333
8940	-1651.45	-1653.65	2.20628	0.07414293
8950	-1702.98	-1705.29	2.30609	0.05369122
8960	-1707.62	-1709.93	2.30086	0.0522856
8970	-1651.99	-1654.2	2.20917	0.07386522
8980	-1622.36	-1624.31	1.95807	0.09285368
8990	-1595.48	-1596.87	1.38862	0.1259004
9000	-1743.06	-1745.26	2.20076	0.04307013
9010	-1773.51	-1775.55	2.03921	0.0367927
9020	-1739.75	-1741.97	2.2143	0.04383219
9030	-1679.55	-1681.85	2.30005	0.0617145
9040	-1677.39	-1679.69	2.29652	0.06254325
9050	-1597.32	-1598.78	1.4553	0.1222544
9060	-1634.84	-1636.93	2.08984	0.0837698
9070	-1608.7	-1610.45	1.74441	0.1059426
9080	-1648.97	-1651.16	2.1923	0.07544587
9090	-1643.28	-1645.43	2.15597	0.07860151
9100	-1629.59	-1631.63	2.04	0.08734817
9110	-1682.48	-1684.78	2.30398	0.06061483
9120	-1657.11	-1659.35	2.23432	0.07131296
9130	-1837.95	-1839.45	1.49928	0.02683619
9140	-1817.29	-1818.99	1.69995	0.02963217
9150	-1592.86	-1593	0.136726	0.192998
9160	-1596.82	-1598.26	1.43809	0.1231985
9170	-1632.62	-1634.69	2.0697	0.08524192
9180	-1588.06	-1588.9	0.840204	0.1552724
9190	-1635.77	-1634.49	-1.27579	0.2734365
9200	-1621.79	-1623.74	1.95086	0.0933204
9210	-1602.84	-1604.45	1.61508	0.1133667
9220	-1602.58	-1604.19	1.60856	0.1137348
9230	-1775.53	-1777.55	2.02627	0.03641934
9240	-1690.24	-1692.55	2.30985	0.0578451
9250	-1615.56	-1617.42	1.86343	0.09882106
9260	-1592.4	-1593.65	1.24987	0.1334081
9270	-1631.59	-1633.65	2.05982	0.08595022
9280	-1654.55	-1656.78	2.2223	0.07256762
9290	-1621.33	-1623.27	1.94495	0.09370173
9300	-1728.42	-1730.68	2.25437	0.04658414
9310	-1744.77	-1746.96	2.19342	0.04268212
9320	-1619.4	-1621.32	1.91935	0.09533625
9330	-1594.01	-1594.07	0.0676868	0.1967587
9340	-1636.48	-1635.19	-1.29224	0.2744237
9350	-1588.39	-1588.94	0.553915	0.1705268
9360	-1589.98	-1591.07	1.09333	0.1417944
9370	-1641.73	-1640.32	-1.40912	0.2814757
9380	-1604.22	-1603.83	-0.38895	0.2220193
9390	-1587.97	-1588.77	0.80674	0.1570525
9400	-1614.66	-1613.93	-0.731172	0.2414591
9410	-1596.66	-1598.09	1.43239	0.1235106
9420	-1683.41	-1685.72	2.30504	0.06027111
9430	-1628.35	-1630.38	2.02712	0.08824072
9440	-1599.64	-1601.17	1.52844	0.1182165
9450	-1597.95	-1597.81	-0.132883	0.2077667
9460	-1774.24	-1776.27	2.03457	0.03665759
9470	-1716.31	-1718.59	2.28591	0.04979351
9480	-1671.01	-1673.29	2.28279	0.06510384
9490	-1679.51	-1681.81	2.29999	0.06172745
9500	-1629.75	-1631.79	2.04162	0.08723551
9510	-1638.75	-1640.88	2.1225	0.08129066
9520	-1596.46	-1597.88	1.42505	0.1239122
9530	-1651.71	-1653.92	2.2077	0.07400668
9540	-1726.79	-1729.05	2.25931	0.0469991
9550	-1725.47	-1727.73	2.26318	0.04734089
9560	-1661.37	-1663.62	2.25208	0.06930751
9570	-1775.41	-1777.44	2.027	0.03644023
9580	-1682.04	-1684.34	2.30345	0.06077851
9590	-1589.96	-1590.31	0.356573	0.181108
9600	-1593.71	-1595.02	1.31403	0.129948
9610	-1635.61	-1634.34	-1.2723	0.273227
9620	-1605.69	-1607.37	1.68196	0.1095599
9630	-1595.11	-1596.48	1.37384	0.1267047
9640	-1622.98	-1624.95	1.96586	0.09234552
9650	-1690.68	-1692.99	2.30999	0.05769439
9660	-1735.57	-1737.81	2.23022	0.0448208
9670	-1619.89	-1621.82	1.92604	0.09491149
9680	-1622.08	-1624.04	1.95463	0.0930763
9690	-1740.47	-1742.68	2.21143	0.04366542
9700	-1599.46	-1600.98	1.52302	0.1185172
9710	-1587.91	-1588.61	0.704631	0.1624871
9720	-1609.53	-1611.29	1.76039	0.1050053
9730	-1758.8	-1760.92	2.12536	0.03966847
9740	-1587.89	-1588.63	0.741842	0.1605058
9750	-1592.3	-1593.54	1.24413	0.1337169
9760	-1630.2	-1632.25	2.04621	0.08691369
9770	-1647.78	-1649.97	2.18524	0.07608321
9780	-1676.08	-1678.37	2.2941	0.06305631
9790	-1591.5	-1592.7	1.19899	0.1361416
9800	-1589.55	-1589.95	0.39697	0.1789357
9810	-1591.55	-1592.76	1.20216	0.1359714
9820	-1625.68	-1627.68	1.99788	0.09022717
9830	-1647.44	-1649.62	2.18314	0.07627041
9840	-1639.1	-1641.22	2.12518	0.08108124
9850	-1614.96	-1616.81	1.85406	0.09939499
9860	-1596.36	-1597.78	1.42149	0.124107
9870	-1613.93	-1615.77	1.83769	0.1003915
9880	-1708.36	-1710.66	2.29985	0.05206655
9890	-1816.35	-1818.05	1.70849	0.02976755
9900	-1677.56	-1679.86	2.29682	0.06247683
9910	-1665.79	-1668.06	2.26774	0.0673244
9920	-1661.31	-1663.56	2.25185	0.06933592
9930	-1655.17	-1657.4	2.2253	0.07226074
9940	-1610.53	-1612.31	1.77894	0.1039108
9950	-1587.93	-1588.71	0.784363	0.158243
9960	-1587.9	-1588.65	0.752392	0.1599443
9970	-1680.98	-1683.29	2.3021	0.06117157
9980	-1664.43	-1666.69	2.2632	0.06792599
9990	-1645.93	-1648.1	2.17368	0.07709947
10000	-1729.86	-1732.11	2.24984	0.04622259
