Iteration	Posterior	Likelihood	Prior	birth_rate
0	-1615.2	-1617.06	1.85788	0.09916114
10	-1727.55	-1729.81	2.25704	0.04680511
20	-1752.11	-1754.27	2.15957	0.04107012
30	-1698.29	-1700.59	2.30932	0.05516955
40	-1608.79	-1610.54	1.74612	0.1058422
50	-1656.98	-1659.22	2.23374	0.07137546
60	-1682.82	-1685.13	2.30438	0.06048775
70	-1632.65	-1634.72	2.06995	0.08522354
80	-1587.91	-1588.67	0.767238	0.1591542
90	-1682.64	-1684.95	2.30418	0.06055389
100	-1797.34	-1799.21	1.86944	0.03266407
110	-1711.79	-1714.09	2.29451	0.05106806
120	-1596.72	-1598.16	1.43457	0.1233912
130	-1687.3	-1689.61	2.30839	0.05887136
140	-1612.24	-1614.05	1.80925	0.1021057
150	-1637.12	-1639.23	2.10931	0.08230652
160	-1660.77	-1663.02	2.24975	0.06958399
170	-1674.24	-1676.53	2.29036	0.06378836
180	-1711.46	-1713.75	2.29508	0.05116471
190	-1755.57	-1757.71	2.14224	0.04033605
200	-1678.52	-1680.82	2.29843	0.06210652
210	-1623.58	-1625.56	1.9732	0.09186465
220	-1631.26	-1633.32	2.0567	0.08617244
230	-1588.85	-1589.33	0.479843	0.1744898
240	-1617.65	-1619.55	1.8947	0.09688599
250	-1627.57	-1629.59	2.01879	0.08881227
260	-1610.76	-1612.54	1.78306	0.1036663
270	-1587.9	-1588.65	0.752301	0.1599491
280	-1592.09	-1592.28	0.186902	0.1902733
290	-1647.01	-1645.49	-1.52172	0.288333
300	-1587.89	-1588.64	0.744044	0.1603886
310	-1588.24	-1589.12	0.88541	0.152868
320	-1590.43	-1591.55	1.12778	0.1399539
330	-1680.83	-1683.13	2.30189	0.06122902
340	-1610.12	-1611.89	1.77134	0.1043597
350	-1661.42	-1663.67	2.25225	0.06928734
360	-1642.44	-1644.59	2.15012	0.07908387
370	-1643.87	-1646.03	2.16007	0.07825914
380	-1617.16	-1619.05	1.88758	0.097329
390	-1644.66	-1646.82	2.16537	0.07781201
400	-1662.7	-1664.95	2.25706	0.06870369
410	-1590.67	-1591.81	1.14505	0.1390307
420	-1756.86	-1758.99	2.1356	0.04006856
430	-1675.39	-1677.68	2.29275	0.06332845
440	-1623.98	-1625.95	1.97793	0.0915535
450	-1665.52	-1667.79	2.26687	0.06744233
460	-1658.05	-1660.29	2.23846	0.07086328
470	-1590.5	-1591.63	1.13294	0.1396782
480	-1614.05	-1615.89	1.83956	0.100278
490	-1610.14	-1611.92	1.77185	0.1043298
500	-1600.24	-1601.78	1.54577	0.1172527
510	-1657.92	-1660.16	2.23791	0.07092392
520	-1607	-1608.71	1.71009	0.1079387
530	-1628.93	-1627.82	-1.11377	0.2637818
540	-1595.21	-1596.59	1.37792	0.1264828
550	-1621.77	-1623.72	1.95065	0.09333417
560	-1604.81	-1606.47	1.66208	0.1106978
570	-1621.41	-1623.36	1.94604	0.09363195
580	-1753.37	-1755.52	2.15337	0.04080119
590	-1603.75	-1605.39	1.63749	0.1120981
600	-1596.93	-1598.37	1.44173	0.1229989
610	-1619.62	-1621.54	1.92227	0.09515087
620	-1589.39	-1589.8	0.414701	0.1779833
630	-1613.99	-1615.82	1.83854	0.1003403
640	-1662.06	-1664.32	2.25471	0.06899138
650	-1598.35	-1599.84	1.4891	0.1203936
660	-1612.73	-1614.55	1.8177	0.1015983
670	-1587.98	-1588.64	0.661321	0.1647947
680	-1620.43	-1622.37	1.93324	0.09445266
690	-1687.38	-1689.69	2.30844	0.05884089
700	-1588	-1588.65	0.653904	0.1651901
710	-1619.94	-1621.86	1.92663	0.0948744
720	-1623.51	-1625.48	1.97229	0.09192486
730	-1590.99	-1592.16	1.16701	0.1378555
740	-1587.9	-1588.61	0.707997	0.1623079
750	-1591.17	-1592.35	1.17849	0.1372402
760	-1633.75	-1635.83	2.08007	0.0844888
770	-1597.65	-1599.12	1.4664	0.121644
780	-1636.68	-1638.78	2.1056	0.08258873
790	-1625.1	-1627.09	1.99115	0.09067685
800	-1726.13	-1728.39	2.26127	0.04717026
810	-1589.75	-1590.83	1.07425	0.1428129
820	-1590.34	-1591.47	1.12181	0.1402733
830	-1587.93	-1588.72	0.789847	0.1579512
840	-1603.17	-1602.82	-0.3497	0.2198192
850	-1595.98	-1595.94	-0.0382728	0.2025582
860	-1601.12	-1602.69	1.57028	0.1158847
870	-1647.63	-1649.81	2.18428	0.07616875
880	-1593.33	-1594.63	1.29644	0.1308979
890	-1704.91	-1707.21	2.30416	0.05310116
900	-1733.77	-1736.01	2.23668	0.0452565
910	-1778.89	-1780.89	2.00412	0.03580773
920	-1832.8	-1834.35	1.55158	0.02750241
930	-1767.17	-1769.25	2.07812	0.03799813
940	-1760.74	-1762.86	2.1148	0.03927157
950	-1759.98	-1762.1	2.11895	0.0394259
960	-1641.24	-1643.38	2.1414	0.0797929
970	-1589.29	-1589.72	0.425329	0.1774128
980	-1641.4	-1643.54	2.1426	0.0796968
990	-1646.85	-1649.03	2.17948	0.07659407
1000	-1587.9	-1588.61	0.716582	0.1618507
1010	-1622.69	-1624.65	1.9622	0.09258433
1020	-1654.38	-1656.6	2.22143	0.07265483
1030	-1658.04	-1660.27	2.2384	0.07087002
1040	-1661.93	-1664.18	2.25421	0.06905227
1050	-1598.79	-1600.29	1.50274	0.1196403
1060	-1590.08	-1591.18	1.10136	0.1413658
1070	-1655.73	-1657.96	2.22794	0.07198781
1080	-1629.93	-1631.98	2.04349	0.08710412
1090	-1604.51	-1604.11	-0.39941	0.2226066
1100	-1772.19	-1768.7	-3.48347	0.4188417
1110	-1627.14	-1626.07	-1.06944	0.2611613
1120	-1835.39	-1831.17	-4.22609	0.4742703
1130	-1634.93	-1633.68	-1.25664	0.2722889
1140	-1593.75	-1593.84	0.0823892	0.1959567
1150	-1591.35	-1592.54	1.18974	0.1366377
1160	-1662.18	-1664.43	2.25515	0.06893772
1170	-1592.65	-1593.91	1.26253	0.1327267
1180	-1590.65	-1591.8	1.14403	0.1390854
1190	-1663.27	-1665.53	2.25913	0.06844558
1200	-1644.54	-1646.7	2.16456	0.07788062
1210	-1599.89	-1601.43	1.53578	0.1178085
1220	-1588.57	-1589.51	0.943918	0.1497554
1230	-1674.95	-1677.24	2.29185	0.06350422
1240	-1602.92	-1604.54	1.61718	0.1132479
1250	-1663.18	-1665.44	2.25881	0.06848607
1260	-1689.02	-1691.33	2.30935	0.0582679
1270	-1638.06	-1640.17	2.11693	0.08172213
1280	-1698.07	-1700.38	2.30942	0.05523759
1290	-1602.26	-1603.86	1.6004	0.1141944
1300	-1616.7	-1618.58	1.88078	0.09775137
1310	-1775.25	-1777.28	2.02807	0.03647048
1320	-1720.78	-1723.05	2.27569	0.04857514
1330	-1830.2	-1831.78	1.57747	0.02784696
1340	-1734.84	-1737.08	2.23288	0.04499709
1350	-1768.93	-1771	2.06759	0.03765859
1360	-1864.97	-1866.17	1.19955	0.02362633
1370	-1590.06	-1591.16	1.09958	0.1414609
1380	-1599.18	-1600.7	1.51482	0.118972
1390	-1624.64	-1626.63	1.98584	0.09103021
1400	-1587.9	-1588.66	0.761687	0.1594496
1410	-1596.91	-1598.35	1.44099	0.1230394
1420	-1602.47	-1602.15	-0.32286	0.218318
1430	-1591.79	-1593	1.21583	0.135238
1440	-1610.37	-1609.77	-0.599337	0.2339141
1450	-1587.91	-1588.67	0.768177	0.1591042
1460	-1589.8	-1590.88	1.07861	0.1425798
1470	-1588.04	-1588.68	0.63696	0.1660935
1480	-1621.84	-1620.9	-0.932492	0.2531238
1490	-1670.37	-1672.65	2.28115	0.06536826
1500	-1589.39	-1590.43	1.04111	0.1445799
1510	-1708.5	-1705.9	-2.6046	0.3576673
1520	-1625.72	-1627.72	1.99831	0.09019844
1530	-1630.16	-1632.2	2.04575	0.08694595
1540	-1655.75	-1657.98	2.22805	0.07197549
1550	-1636.34	-1638.45	2.1028	0.08280055
1560	-1632.43	-1634.5	2.06791	0.08537073
1570	-1645.69	-1647.86	2.17212	0.07723426
1580	-1705.48	-1707.78	2.30352	0.05292927
1590	-1666.09	-1668.36	2.2687	0.0671937
1600	-1621.95	-1623.91	1.95299	0.09318299
1610	-1654.68	-1656.9	2.22292	0.072504
1620	-1593.49	-1594.79	1.30383	0.1304992
1630	-1606.02	-1607.71	1.68912	0.1091482
1640	-1592.5	-1593.75	1.2549	0.1331373
1650	-1589.24	-1590.27	1.02608	0.1453807
1660	-1592.33	-1593.57	1.24578	0.1336284
1670	-1607.28	-1609	1.71582	0.1076069
1680	-1591.87	-1593.09	1.22055	0.1349843
1690	-1605.34	-1607.01	1.67404	0.1100138
1700	-1638.78	-1640.9	2.12268	0.08127658
1710	-1593.75	-1595.07	1.31603	0.1298398
1720	-1592.07	-1592.25	0.188837	0.1901684
1730	-1600.78	-1602.34	1.56097	0.1164048
1740	-1626.83	-1625.76	-1.06156	0.2606969
1750	-1591.95	-1592.15	0.196743	0.1897397
1760	-1592.35	-1593.6	1.24722	0.1335506
1770	-1589.53	-1589.92	0.399765	0.1787855
1780	-1599.42	-1599.22	-0.198199	0.21138
1790	-1605.47	-1607.14	1.67694	0.1098479
1800	-1727.87	-1730.13	2.25607	0.04672429
1810	-1859.02	-1860.29	1.26915	0.02429411
1820	-1695.95	-1698.26	2.31014	0.05592574
1830	-1693.53	-1695.84	2.31042	0.0567285
1840	-1611.39	-1613.19	1.79453	0.1029849
1850	-1707.55	-1709.85	2.30097	0.05230853
1860	-1630.17	-1632.22	2.04594	0.08693275
1870	-1649.98	-1652.17	2.19811	0.07491132
1880	-1701.95	-1704.26	2.30697	0.05400946
1890	-1645.22	-1647.39	2.16905	0.07749845
1900	-1653.58	-1655.8	2.21745	0.07305469
1910	-1678.72	-1681.02	2.29876	0.06203039
1920	-1707.15	-1709.45	2.30149	0.05242699
1930	-1623.72	-1625.7	1.9749	0.09175298
1940	-1605.2	-1604.77	-0.424305	0.2240061
1950	-1593.03	-1594.31	1.28173	0.1316917
1960	-1587.93	-1588.62	0.684792	0.1635439
1970	-1676.71	-1679.01	2.2953	0.06280718
1980	-1789.47	-1791.4	1.92952	0.03396147
1990	-1741.11	-1743.32	2.20881	0.04351591
2000	-1785.02	-1786.98	1.96177	0.03472322
2010	-1934.01	-1934.26	0.250586	0.01721302
2020	-1785.3	-1787.26	1.95981	0.03467547
2030	-1856.33	-1857.63	1.29994	0.02460287
2040	-1724.27	-1726.54	2.26653	0.04765055
2050	-1704.3	-1706.61	2.3048	0.05328552
2060	-1695.35	-1697.66	2.31026	0.05612377
2070	-1785.39	-1787.35	1.9591	0.03465831
2080	-1637.75	-1639.86	2.11443	0.08191502
2090	-1704.37	-1706.68	2.30473	0.05326446
2100	-1847.77	-1849.16	1.39517	0.02561513
2110	-1728.63	-1730.89	2.25373	0.04653158
2120	-1740.91	-1743.12	2.20963	0.04356228
2130	-1638.02	-1640.13	2.11662	0.08174607
2140	-1594.93	-1596.3	1.36658	0.1270994
2150	-1665.97	-1668.24	2.26832	0.06724634
2160	-1642.6	-1644.75	2.15123	0.07899265
2170	-1591.27	-1591.51	0.246068	0.1870692
2180	-1669.43	-1671.71	2.27861	0.06576446
2190	-1689	-1691.31	2.30934	0.05827237
2200	-1617.55	-1619.44	1.8932	0.09697917
2210	-1607.9	-1609.63	1.72849	0.1068711
2220	-1651.29	-1653.5	2.20542	0.07422512
2230	-1587.94	-1588.73	0.793299	0.1577676
2240	-1693.14	-1695.45	2.31041	0.05685978
2250	-1634.69	-1636.78	2.08854	0.08386544
2260	-1619.81	-1621.73	1.92486	0.09498692
2270	-1652.64	-1654.85	2.21262	0.07353083
2280	-1679.74	-1682.04	2.30033	0.06164117
2290	-1621.33	-1623.28	1.94503	0.09369679
2300	-1589.45	-1590.5	1.04678	0.1442775
2310	-1606.32	-1608.02	1.69566	0.1087717
2320	-1597.22	-1598.68	1.45195	0.122438
2330	-1697.02	-1699.33	2.30983	0.05557927
2340	-1709.59	-1711.89	2.29806	0.05170548
2350	-1798.12	-1799.98	1.86329	0.03253895
2360	-1746.75	-1748.93	2.18467	0.04223885
2370	-1678.86	-1681.16	2.29898	0.06197741
2380	-1621.75	-1623.7	1.95035	0.09335357
2390	-1590.39	-1590.71	0.317207	0.1832282
2400	-1654.25	-1652.58	-1.66926	0.2974139
2410	-1684.32	-1686.63	2.30597	0.05993869
2420	-1708.13	-1710.43	2.30018	0.05213651
2430	-1701.01	-1703.32	2.3077	0.05430481
2440	-1595.4	-1596.79	1.38545	0.1260732
2450	-1588.16	-1589.03	0.867687	0.1538107
2460	-1597.71	-1599.18	1.4683	0.1215399
2470	-1589	-1590	1.00012	0.1467635
2480	-1593.27	-1594.57	1.29368	0.1310469
2490	-1588.35	-1588.91	0.561856	0.1701024
2500	-1600.68	-1602.24	1.55834	0.1165518
2510	-1590.9	-1592.06	1.1612	0.1381666
2520	-1599.33	-1600.85	1.51921	0.1187284
2530	-1624.18	-1626.16	1.98034	0.09139413
2540	-1682.09	-1684.39	2.30352	0.06075981
2550	-1703.42	-1705.73	2.30567	0.05355475
2560	-1659.21	-1661.45	2.24341	0.07031264
2570	-1618.76	-1620.67	1.91045	0.09589805
2580	-1696.48	-1698.79	2.31	0.05575472
2590	-1717.18	-1719.47	2.28404	0.04955102
2600	-1775.32	-1777.34	2.02764	0.03645823
2610	-1847.47	-1848.87	1.39838	0.02565097
2620	-1735.29	-1737.52	2.23125	0.04488854
2630	-1706.74	-1709.04	2.30202	0.05255072
2640	-1720.66	-1722.94	2.27597	0.04860601
2650	-1589.8	-1590.17	0.371447	0.1803077
2660	-1601.55	-1603.13	1.5818	0.1152393
2670	-1621.29	-1623.23	1.94446	0.09373321
2680	-1587.92	-1588.71	0.783642	0.1582814
2690	-1588.02	-1588.85	0.82922	0.1558567
2700	-1640.4	-1642.54	2.13521	0.08028952
2710	-1664.26	-1666.52	2.26261	0.06800269
2720	-1609.52	-1611.28	1.76007	0.1050239
2730	-1608.16	-1609.89	1.73364	0.1065712
2740	-1599.33	-1600.85	1.51939	0.1187184
2750	-1587.95	-1588.63	0.673866	0.1641261
2760	-1595.59	-1595.57	-0.0185212	0.2014745
2770	-1605.6	-1605.16	-0.438632	0.2248126
2780	-1597.35	-1598.81	1.45622	0.1222034
2790	-1592.64	-1593.9	1.26203	0.1327537
2800	-1638.96	-1641.09	2.12412	0.08116372
2810	-1719.37	-1721.64	2.2791	0.04895549
2820	-1587.98	-1588.64	0.659142	0.1649108
2830	-1663.1	-1665.36	2.25855	0.06851854
2840	-1751.59	-1753.75	2.16208	0.04118083
2850	-1744.09	-1746.29	2.19633	0.04283413
2860	-1700.6	-1702.91	2.30799	0.05443306
2870	-1627.46	-1629.47	2.01758	0.08889509
2880	-1678.7	-1681	2.29872	0.06203796
2890	-1656.82	-1659.05	2.23299	0.07145531
2900	-1616.97	-1618.85	1.88472	0.09750687
2910	-1667.59	-1669.86	2.27332	0.0665475
2920	-1693.7	-1696.01	2.31042	0.0566724
2930	-1611.67	-1613.47	1.79943	0.1026927
2940	-1633.8	-1632.57	-1.23023	0.2707087
2950	-1678.09	-1680.38	2.29771	0.06227427
2960	-1638.18	-1640.3	2.11796	0.08164278
2970	-1679.93	-1682.23	2.30062	0.06156802
2980	-1601	-1602.57	1.56708	0.1160634
2990	-1726.14	-1728.4	2.26123	0.04716602
3000	-1592.63	-1593.89	1.2616	0.1327768
3010	-1639.28	-1641.4	2.1266	0.0809703
3020	-1613.77	-1615.6	1.83498	0.1005557
3030	-1611.45	-1610.82	-0.633621	0.2358693
3040	-1605.29	-1606.96	1.67298	0.1100746
3050	-1589.39	-1590.43	1.04111	0.14458
3060	-1595.27	-1596.65	1.3804	0.1263481
3070	-1593.15	-1594.43	1.28756	0.1313773
3080	-1723.71	-1725.97	2.26809	0.04779909
3090	-1797.83	-1799.7	1.86556	0.03258499
3100	-1891.04	-1891.91	0.871636	0.02093624
3110	-1962.68	-1962.46	-0.218323	0.01513353
3120	-1800.6	-1802.44	1.84342	0.03214414
3130	-1761.92	-1764.03	2.10831	0.03903504
3140	-1660.25	-1662.5	2.24766	0.0698272
3150	-1729.72	-1731.97	2.2503	0.04625789
3160	-1874.36	-1875.45	1.08577	0.02261509
3170	-1739.27	-1741.49	2.2162	0.04394456
3180	-1724.34	-1726.61	2.26635	0.04763309
3190	-1660.72	-1662.97	2.24955	0.06960676
3200	-1599.57	-1601.09	1.52629	0.1183356
3210	-1606.05	-1607.74	1.68978	0.1091104
3220	-1633.36	-1635.44	2.07654	0.08474588
3230	-1638.63	-1640.75	2.1215	0.08136804
3240	-1590.96	-1592.12	1.16482	0.1379726
3250	-1636.13	-1638.23	2.10097	0.08293839
3260	-1612.87	-1614.69	1.82011	0.1014538
3270	-1595.08	-1596.45	1.37273	0.1267651
3280	-1598.41	-1599.9	1.49088	0.1202957
3290	-1595.34	-1596.72	1.38285	0.1262148
3300	-1849.73	-1851.11	1.37366	0.02537841
3310	-1770.63	-1772.69	2.05721	0.03733392
3320	-1908.17	-1908.8	0.635981	0.01935541
3330	-1711.15	-1713.44	2.29559	0.05125349
3340	-1736.67	-1738.89	2.22619	0.0445597
3350	-1652.31	-1654.52	2.21087	0.07370071
3360	-1655.55	-1657.77	2.22707	0.07207722
3370	-1653.29	-1655.5	2.21595	0.07320357
3380	-1681.37	-1683.67	2.30261	0.06102806
3390	-1671.55	-1673.84	2.28416	0.06487904
3400	-1673.1	-1671.08	-2.02313	0.3196528
3410	-1590.96	-1591.23	0.270306	0.1857591
3420	-1601.54	-1603.12	1.58152	0.1152551
3430	-1600.25	-1601.8	1.54626	0.1172252
3440	-1597.9	-1599.37	1.47449	0.1211989
3450	-1621	-1622.94	1.9407	0.09397519
3460	-1591.31	-1592.5	1.18745	0.1367601
3470	-1681.28	-1683.58	2.30249	0.06106254
3480	-1606.21	-1607.91	1.69334	0.1089055
3490	-1725.12	-1727.39	2.26415	0.0474292
3500	-1725.04	-1727.31	2.26438	0.04745042
3510	-1633.43	-1635.51	2.07715	0.08470171
3520	-1671.6	-1673.88	2.28427	0.06486082
3530	-1591.74	-1592.95	1.21293	0.1353937
3540	-1588.76	-1589.26	0.492482	0.173813
3550	-1589.28	-1590.31	1.0296	0.1451935
3560	-1623.52	-1625.49	1.97241	0.09191683
3570	-1750.62	-1752.79	2.16673	0.04138932
3580	-1604.41	-1606.06	1.65291	0.1112211
3590	-1687	-1689.31	2.30819	0.05897582
3600	-1669.48	-1671.76	2.27874	0.06574341
3610	-1587.99	-1588.81	0.817442	0.1564832
3620	-1590.98	-1592.14	1.16597	0.1379111
3630	-1610.53	-1609.92	-0.604301	0.2341969
3640	-1637.91	-1636.59	-1.32458	0.2763684
3650	-1598.57	-1598.41	-0.161079	0.2093247
3660	-1588.26	-1589.16	0.891408	0.152549
3670	-1654.07	-1656.29	2.21989	0.07281095
3680	-1610.36	-1612.14	1.77589	0.104091
3690	-1611.17	-1612.96	1.79061	0.1032184
3700	-1592.33	-1593.58	1.24617	0.1336073
3710	-1612.12	-1613.92	1.80718	0.1022296
3720	-1613.37	-1615.2	1.82841	0.100953
3730	-1599.44	-1600.96	1.52256	0.1185424
3740	-1587.95	-1588.75	0.798089	0.1575127
3750	-1764.89	-1766.98	2.09148	0.03844473
3760	-1667.87	-1670.15	2.27417	0.06642437
3770	-1634.51	-1636.59	2.08688	0.08398837
3780	-1667.16	-1669.43	2.27204	0.06673063
3790	-1603.19	-1602.84	-0.350261	0.2198506
3800	-1621.81	-1620.87	-0.931697	0.2530774
3810	-1593.95	-1595.28	1.32503	0.1293528
3820	-1591.2	-1592.38	1.18042	0.1371369
3830	-1667.06	-1669.33	2.27173	0.06677402
3840	-1636.7	-1638.81	2.10582	0.08257184
3850	-1598.12	-1599.6	1.48169	0.1208026
3860	-1611.76	-1613.56	1.80101	0.1025988
3870	-1769.71	-1771.77	2.06287	0.03750996
3880	-1625.42	-1627.41	1.99481	0.09043264
3890	-1588.83	-1589.81	0.979171	0.1478792
3900	-1596.82	-1598.26	1.43798	0.1232044
3910	-1712.59	-1714.88	2.29313	0.05084012
3920	-1716.06	-1718.35	2.28643	0.04986163
3930	-1588.39	-1589.31	0.915158	0.1512856
3940	-1658.68	-1660.92	2.24118	0.07056307
3950	-1632.86	-1634.93	2.07191	0.08508234
3960	-1618.1	-1620	1.90119	0.0964797
3970	-1638.29	-1640.41	2.11878	0.08157898
3980	-1693.18	-1695.49	2.31041	0.0568446
3990	-1587.92	-1588.71	0.782907	0.1583205
4000	-1604.37	-1603.97	-0.394287	0.2223189
4010	-1661.85	-1660.03	-1.8166	0.3065938
4020	-1588.33	-1588.89	0.565882	0.1698873
4030	-1592.58	-1593.84	1.25927	0.1329024
4040	-1587.94	-1588.73	0.792453	0.1578126
4050	-1596.63	-1596.56	-0.0708285	0.2043471
4060	-1588.74	-1589.24	0.495537	0.1736494
4070	-1593.51	-1594.81	1.3048	0.1304468
4080	-1590.64	-1591.78	1.14303	0.139139
4090	-1670.61	-1672.89	2.28178	0.06526824
4100	-1604.61	-1606.27	1.65769	0.1109486
4110	-1614.12	-1615.96	1.8407	0.1002087
4120	-1614.54	-1616.39	1.84742	0.09980028
4130	-1727.03	-1729.29	2.25861	0.04693842
4140	-1624.54	-1626.53	1.98466	0.09110836
4150	-1643.05	-1645.2	2.1544	0.0787315
4160	-1684.32	-1686.62	2.30596	0.0599411
4170	-1673.36	-1675.65	2.28844	0.0641398
4180	-1701.18	-1703.49	2.30757	0.05424996
4190	-1615.91	-1617.78	1.8688	0.09849106
4200	-1587.92	-1588.61	0.692899	0.163112
4210	-1610.67	-1612.45	1.78156	0.1037555
4220	-1631.06	-1633.11	2.05471	0.08631365
4230	-1795.66	-1797.54	1.8826	0.03293595
4240	-1641.59	-1643.73	2.14396	0.07958617
4250	-1624.97	-1626.96	1.98964	0.09077733
4260	-1802.76	-1804.59	1.82576	0.03180413
4270	-1651.65	-1653.86	2.20739	0.07403637
4280	-1588	-1588.82	0.820728	0.1563084
4290	-1633.11	-1635.18	2.07421	0.08491523
4300	-1630.48	-1632.53	2.04897	0.08671962
4310	-1746.35	-1748.54	2.18646	0.04232802
4320	-1648.06	-1650.25	2.18694	0.07593136
4330	-1587.95	-1588.62	0.676491	0.1639862
4340	-1605.58	-1605.14	-0.438127	0.2247841
4350	-1587.91	-1588.61	0.701362	0.1626612
4360	-1672.95	-1675.24	2.2875	0.0643066
4370	-1664.08	-1666.35	2.26202	0.06807965
4380	-1677.57	-1679.87	2.29683	0.06247333
4390	-1624.36	-1626.34	1.98253	0.09124953
4400	-1595.53	-1595.51	-0.0151169	0.2012878
4410	-1600.9	-1602.47	1.56442	0.1162124
4420	-1691.82	-1694.13	2.31026	0.05730443
4430	-1591.42	-1591.66	0.234727	0.1876826
4440	-1655.63	-1657.85	2.22746	0.07203743
4450	-1625.04	-1627.03	1.99043	0.09072521
4460	-1671.98	-1674.26	2.28521	0.06470369
4470	-1703.14	-1705.45	2.30594	0.05364267
4480	-1711.09	-1713.38	2.2957	0.05127143
4490	-1638.26	-1640.38	2.1186	0.08159337
4500	-1608.79	-1610.53	1.74603	0.1058477
4510	-1594.28	-1595.62	1.33936	0.1285767
4520	-1600.12	-1601.66	1.54239	0.1174408
4530	-1651.41	-1653.62	2.20607	0.07416322
4540	-1648.87	-1651.06	2.19173	0.07549822
4550	-1675.76	-1678.05	2.29347	0.06318398
4560	-1656.68	-1658.91	2.23235	0.07152365
4570	-1627.82	-1629.84	2.02149	0.08862788
4580	-1670.79	-1673.07	2.28223	0.06519495
4590	-1902.13	-1902.85	0.720908	0.01989737
4600	-1784.63	-1786.59	1.96454	0.03479116
4610	-1608.88	-1610.63	1.74786	0.1057404
4620	-1588.36	-1589.27	0.90912	0.1516068
4630	-1589.4	-1590.44	1.04134	0.1445676
4640	-1763.03	-1759.66	-3.36668	0.4104429
4650	-1727.69	-1724.8	-2.88767	0.3768674
4660	-1589.1	-1590.11	1.01071	0.1461995
4670	-1588.69	-1589.65	0.96053	0.1488714
4680	-1614.12	-1615.96	1.84068	0.1002103
4690	-1603.96	-1605.6	1.64235	0.1118219
4700	-1599.24	-1599.05	-0.190481	0.2109523
4710	-1589.06	-1590.07	1.00695	0.1464
4720	-1591.18	-1591.44	0.252626	0.1867146
4730	-1707.89	-1710.19	2.3005	0.05220553
4740	-1697.37	-1699.68	2.3097	0.05546425
4750	-1634	-1636.08	2.08235	0.08432167
4760	-1599.33	-1600.85	1.51935	0.1187208
4770	-1792.63	-1794.54	1.90584	0.03343267
4780	-1626.19	-1628.19	2.00362	0.08984126
4790	-1616.39	-1618.26	1.87604	0.09804415
4800	-1678.44	-1680.74	2.2983	0.06213839
4810	-1696.2	-1698.51	2.31007	0.05584417
4820	-1591.45	-1592.64	1.19565	0.1363204
4830	-1660.08	-1662.33	2.24698	0.06990563
4840	-1605.45	-1607.13	1.67668	0.1098625
4850	-1588.37	-1589.28	0.91157	0.1514765
4860	-1588.67	-1589.18	0.506235	0.1730768
4870	-1768.98	-1771.05	2.06728	0.03764896
4880	-1611.73	-1613.53	1.8005	0.1026292
4890	-1589.69	-1590.76	1.06872	0.1431079
4900	-1663.7	-1665.96	2.26068	0.06825039
4910	-1672.59	-1674.88	2.28667	0.06445284
4920	-1627.5	-1629.52	2.01805	0.08886297
4930	-1657.27	-1659.5	2.23501	0.0712388
4940	-1770.56	-1772.62	2.05767	0.03734819
4950	-1755.84	-1757.98	2.14088	0.04028082
4960	-1795.58	-1797.46	1.8832	0.03294854
4970	-1686.37	-1688.68	2.30773	0.05920201
4980	-1614.55	-1616.39	1.84755	0.09979197
4990	-1703.84	-1706.14	2.30527	0.0534277
5000	-1596.27	-1597.69	1.41836	0.124278
5010	-1601.24	-1602.81	1.57355	0.1157014
5020	-1596.26	-1597.68	1.41778	0.1243097
5030	-1656.88	-1659.12	2.23327	0.07142478
5040	-1601.99	-1603.58	1.59337	0.1145899
5050	-1614.4	-1616.25	1.84525	0.09993204
5060	-1590.29	-1590.62	0.325769	0.1827668
5070	-1658.98	-1661.22	2.24245	0.07042128
5080	-1622.79	-1624.75	1.96348	0.0925011
5090	-1699.58	-1697.11	-2.46608	0.3484395
5100	-1725.04	-1727.3	2.2644	0.04745228
5110	-1659.29	-1661.53	2.24372	0.0702779
5120	-1600.26	-1601.8	1.54635	0.1172204
5130	-1614.19	-1616.04	1.84189	0.1001368
5140	-1592.24	-1592.42	0.176695	0.1908271
5150	-1720.66	-1722.93	2.27599	0.04860762
5160	-1597.56	-1599.02	1.46318	0.1218213
5170	-1671.49	-1673.78	2.28401	0.06490338
5180	-1603.16	-1604.78	1.623	0.1129191
5190	-1615.51	-1617.37	1.86267	0.098868
5200	-1604.5	-1606.15	1.65501	0.1111013
5210	-1803.69	-1805.5	1.81816	0.03166088
5220	-1604.97	-1604.56	-0.416283	0.2235549
5230	-1590.71	-1591	0.289944	0.1846988
5240	-1638.83	-1640.96	2.12312	0.08124187
5250	-1738.87	-1741.09	2.21777	0.04403851
5260	-1654.83	-1657.05	2.22363	0.07243138
5270	-1716.74	-1719.02	2.28501	0.04967503
5280	-1735.28	-1737.51	2.2313	0.04489208
5290	-1727.18	-1729.44	2.25817	0.04690065
5300	-1812.06	-1813.8	1.74675	0.03039369
5310	-1695.24	-1697.55	2.31028	0.05616056
5320	-1633.76	-1635.84	2.08016	0.08448182
5330	-1682.23	-1684.53	2.30369	0.06070656
5340	-1674.31	-1676.6	2.29052	0.06375887
5350	-1588.84	-1589.82	0.980322	0.1478179
5360	-1599.07	-1600.58	1.51141	0.1191609
5370	-1750.08	-1752.25	2.16932	0.04150762
5380	-1687.85	-1690.16	2.30873	0.05867557
5390	-1644.6	-1646.76	2.16495	0.07784785
5400	-1598.86	-1600.36	1.50496	0.1195175
5410	-1596.07	-1597.48	1.411	0.1246801
5420	-1598.05	-1599.53	1.47945	0.1209259
5430	-1650.56	-1652.76	2.20139	0.07460534
5440	-1693.39	-1695.7	2.31041	0.05677359
5450	-1631.82	-1633.89	2.06212	0.08578641
5460	-1588.86	-1589.85	0.983234	0.1476629
5470	-1605.63	-1607.31	1.68059	0.1096385
5480	-1650.3	-1652.5	2.19993	0.07474191
5490	-1599.07	-1600.58	1.51133	0.1191651
5500	-1723.27	-1725.54	2.26927	0.04791461
5510	-1660.18	-1662.43	2.24738	0.06985947
5520	-1760.98	-1763.1	2.11348	0.03922323
5530	-1812.51	-1814.25	1.74279	0.03032732
5540	-1669.91	-1672.19	2.27992	0.06556083
5550	-1604.74	-1606.4	1.66064	0.1107802
5560	-1706.37	-1708.67	2.30247	0.05265945
5570	-1744.62	-1746.82	2.19405	0.04271472
5580	-1783.56	-1785.53	1.97209	0.03497828
5590	-1607.16	-1608.88	1.71343	0.1077456
5600	-1593.05	-1594.33	1.28278	0.1316353
5610	-1616.78	-1618.66	1.88187	0.09768377
5620	-1681.73	-1684.03	2.30307	0.06089229
5630	-1746.29	-1748.47	2.18674	0.04234188
5640	-1686.89	-1689.19	2.30811	0.05901729
5650	-1675.07	-1677.36	2.2921	0.06345674
5660	-1682.37	-1684.67	2.30385	0.06065613
5670	-1609.84	-1611.61	1.76619	0.104664
5680	-1684.59	-1686.9	2.30623	0.05984099
5690	-1633.7	-1635.78	2.07968	0.08451732
5700	-1593.77	-1595.09	1.3168	0.1297981
5710	-1686.85	-1689.16	2.30808	0.05902924
5720	-1646.96	-1649.14	2.18017	0.07653303
5730	-1638.45	-1640.57	2.12006	0.08147976
5740	-1603.96	-1605.6	1.64238	0.1118201
5750	-1600.82	-1602.39	1.56222	0.116335
5760	-1593.47	-1593.57	0.099067	0.1950477
5770	-1604.15	-1603.76	-0.386118	0.2218604
5780	-1587.9	-1588.66	0.760964	0.1594881
5790	-1655.46	-1657.68	2.22665	0.07212119
5800	-1626.39	-1628.39	2.00584	0.08969196
5810	-1613.78	-1615.61	1.83515	0.1005455
5820	-1609.49	-1611.25	1.75951	0.1050568
5830	-1688.85	-1691.16	2.30927	0.05832533
5840	-1731.52	-1733.76	2.24442	0.04581008
5850	-1846.39	-1847.8	1.41008	0.02578221
5860	-1733.97	-1736.21	2.23599	0.04520857
5870	-1796.31	-1798.19	1.87749	0.03282962
5880	-1594.42	-1595.76	1.34526	0.1282567
5890	-1652.67	-1654.88	2.21276	0.07351715
5900	-1643.63	-1645.79	2.15842	0.07839681
5910	-1689.52	-1691.83	2.30957	0.05809322
5920	-1629.34	-1631.37	2.03743	0.0875277
5930	-1679.43	-1681.73	2.29987	0.0617594
5940	-1686.88	-1689.19	2.3081	0.05901904
5950	-1726.86	-1729.12	2.25912	0.04698226
5960	-1710.63	-1712.93	2.29644	0.05140361
5970	-1637.21	-1639.32	2.11003	0.08225207
5980	-1632.8	-1634.87	2.07135	0.08512269
5990	-1608.3	-1610.03	1.73641	0.1064098
6000	-1591.64	-1592.84	1.20711	0.1357059
6010	-1614.29	-1616.14	1.84351	0.1000384
6020	-1607.66	-1609.38	1.72354	0.1071587
6030	-1608.13	-1607.6	-0.525991	0.2297474
6040	-1634.09	-1632.85	-1.23712	0.271121
6050	-1588.53	-1589.47	0.937948	0.1500731
6060	-1631.96	-1634.02	2.06341	0.08569383
6070	-1646.13	-1648.3	2.17495	0.07698958
6080	-1637.77	-1639.88	2.1146	0.08190175
6090	-1748.96	-1751.14	2.17456	0.04175106
6100	-1588.56	-1589.08	0.523521	0.1721518
6110	-1657.02	-1659.25	2.23389	0.07135944
6120	-1619.99	-1621.92	1.92736	0.09482766
6130	-1587.9	-1588.66	0.761217	0.1594746
6140	-1588.99	-1589.99	0.999016	0.1468226
6150	-1593.84	-1595.16	1.32002	0.1296239
6160	-1656.74	-1658.98	2.23265	0.07149186
6170	-1590.86	-1592.02	1.15833	0.1383202
6180	-1597.99	-1597.85	-0.134754	0.20787
6190	-1589.65	-1590.04	0.386719	0.1794866
6200	-1629.63	-1631.67	2.04041	0.08731947
6210	-1611.81	-1613.61	1.8019	0.1025452
6220	-1611.54	-1613.34	1.79716	0.1028284
6230	-1630.01	-1632.06	2.04433	0.08704575
6240	-1588.65	-1589.16	0.509665	0.1728932
6250	-1588.39	-1588.94	0.553733	0.1705365
6260	-1588.49	-1589.42	0.931217	0.1504312
6270	-1600.43	-1601.98	1.55125	0.1169474
6280	-1590.28	-1590.61	0.326404	0.1827326
6290	-1611.03	-1612.82	1.7881	0.1033677
6300	-1588	-1588.83	0.82276	0.1562003
6310	-1665.15	-1667.41	2.26562	0.06760848
6320	-1839.56	-1841.05	1.48252	0.0266306
6330	-1873.2	-1874.3	1.10016	0.02273794
6340	-1781.58	-1783.57	1.9858	0.03532603
6350	-1784.74	-1786.7	1.96377	0.03477235
6360	-1662.04	-1664.3	2.25464	0.06900076
6370	-1696.27	-1698.58	2.31006	0.05582255
6380	-1629.99	-1632.03	2.04405	0.08706546
6390	-1742.73	-1744.94	2.20211	0.04314335
6400	-1659.7	-1661.95	2.24545	0.07008141
6410	-1601.95	-1603.54	1.59246	0.1146407
6420	-1588.27	-1588.85	0.577333	0.1692756
6430	-1590.59	-1591.73	1.13965	0.1393193
6440	-1673.23	-1675.52	2.28814	0.06419344
6450	-1627.89	-1629.91	2.02221	0.08857868
6460	-1678.14	-1680.44	2.29781	0.06225299
6470	-1612.2	-1614.01	1.80867	0.1021403
6480	-1678.25	-1680.54	2.29798	0.06221251
6490	-1594.1	-1595.43	1.33132	0.1290122
6500	-1666.47	-1668.74	2.26989	0.06703034
6510	-1616.37	-1618.25	1.87588	0.09805436
6520	-1616.22	-1618.09	1.87349	0.09820177
6530	-1609.5	-1611.26	1.75985	0.105037
6540	-1632.28	-1634.34	2.06644	0.08547634
6550	-1632.68	-1634.75	2.07022	0.08520427
6560	-1645.62	-1647.79	2.17169	0.07727128
6570	-1745.09	-1747.28	2.19204	0.04261071
6580	-1678.2	-1680.49	2.2979	0.06223231
6590	-1608.75	-1610.49	1.74529	0.1058907
6600	-1617.59	-1619.48	1.89376	0.0969443
6610	-1749.77	-1751.95	2.17075	0.04157363
6620	-1608.35	-1610.09	1.73755	0.106343
6630	-1711.32	-1713.62	2.29531	0.05120329
6640	-1736.29	-1738.51	2.22761	0.04465059
6650	-1729.14	-1731.4	2.25212	0.04640229
6660	-1590.38	-1591.5	1.12424	0.1401435
6670	-1616.49	-1618.37	1.87763	0.0979463
6680	-1591.21	-1592.39	1.18096	0.1371081
6690	-1670.34	-1672.63	2.28108	0.06537991
6700	-1602.62	-1604.23	1.60951	0.1136812
6710	-1594.6	-1595.96	1.35305	0.1278341
6720	-1776.85	-1778.87	2.01762	0.03617649
6730	-1714.07	-1716.36	2.29039	0.05041841
6740	-1687.68	-1689.99	2.30863	0.05873537
6750	-1731.62	-1733.86	2.24408	0.04578544
6760	-1713.73	-1716.02	2.29104	0.05051539
6770	-1598.63	-1600.12	1.49774	0.1199167
6780	-1704.92	-1707.22	2.30415	0.05309907
6790	-1587.9	-1588.67	0.764181	0.1593169
6800	-1641.01	-1643.15	2.13973	0.07992804
6810	-1640.14	-1642.28	2.13324	0.08044587
6820	-1674.57	-1676.86	2.29107	0.06365371
6830	-1605.38	-1607.05	1.67495	0.109962
6840	-1619.23	-1621.15	1.91696	0.0954874
6850	-1668.28	-1670.55	2.27536	0.06625081
6860	-1698.81	-1701.12	2.30906	0.05500252
6870	-1588.16	-1589.02	0.867526	0.1538192
6880	-1602.86	-1604.47	1.61553	0.1133414
6890	-1623.22	-1625.19	1.96881	0.09215314
6900	-1592.03	-1593.26	1.22985	0.134485
6910	-1723.42	-1725.69	2.26886	0.04787361
6920	-1749.47	-1751.64	2.17217	0.04163938
6930	-1803.97	-1805.79	1.81576	0.03161597
6940	-1668.59	-1670.87	2.27626	0.06611842
6950	-1719.73	-1722.01	2.27823	0.04885644
6960	-1711.19	-1713.48	2.29553	0.0512417
6970	-1859.39	-1860.66	1.26485	0.02425168
6980	-1837.37	-1838.88	1.50523	0.02690998
6990	-1764.85	-1766.95	2.09167	0.03845114
7000	-1614.58	-1616.43	1.84805	0.0997618
7010	-1701.25	-1703.55	2.30752	0.0542306
7020	-1745.55	-1747.74	2.18998	0.04250543
7030	-1730.52	-1732.77	2.24771	0.04605747
7040	-1657.86	-1660.1	2.23763	0.07095493
7050	-1663.38	-1665.64	2.25953	0.06839573
7060	-1588.21	-1589.09	0.879988	0.1531564
7070	-1754.85	-1756.99	2.14594	0.04048821
7080	-1637.52	-1639.63	2.11258	0.08205665
7090	-1691.62	-1693.93	2.31022	0.05737365
7100	-1759.07	-1761.19	2.12388	0.03961218
7110	-1773.73	-1775.77	2.0378	0.03675164
7120	-1836.38	-1837.89	1.51542	0.02703762
7130	-1727.83	-1730.09	2.25619	0.04673388
7140	-1641.64	-1643.78	2.14436	0.07955438
7150	-1622.07	-1624.02	1.95445	0.09308837
7160	-1733.24	-1735.47	2.23856	0.04538752
7170	-1726.73	-1728.99	2.25951	0.04701615
7180	-1679.75	-1682.05	2.30035	0.06163645
7190	-1598.36	-1599.85	1.48945	0.1203747
7200	-1672.37	-1674.66	2.28615	0.06454292
7210	-1638.71	-1640.84	2.12217	0.08131614
7220	-1660.95	-1663.2	2.25044	0.06950293
7230	-1616.14	-1618.01	1.87235	0.09827242
7240	-1588.54	-1589.48	0.93968	0.1499809
7250	-1587.98	-1588.79	0.812581	0.1567418
7260	-1612.35	-1614.16	1.81127	0.1019845
7270	-1590.73	-1591.88	1.14916	0.1388105
7280	-1664.48	-1662.62	-1.8661	0.3097033
7290	-1592.26	-1592.44	0.175384	0.1908982
7300	-1661.79	-1664.04	2.25367	0.06911747
7310	-1661.02	-1663.27	2.25073	0.06946844
7320	-1642.92	-1645.07	2.1535	0.07880578
7330	-1711.2	-1713.5	2.29551	0.05123861
7340	-1627.13	-1629.14	2.01403	0.08913691
7350	-1587.92	-1588.7	0.779293	0.1585127
7360	-1615.25	-1614.5	-0.748626	0.2424635
7370	-1606.38	-1605.91	-0.466259	0.22637
7380	-1594.83	-1596.19	1.36249	0.1273219
7390	-1609.54	-1611.3	1.7605	0.1049985
7400	-1587.89	-1588.62	0.725947	0.161352
7410	-1589.97	-1590.32	0.355559	0.1811625
7420	-1635.34	-1637.44	2.09422	0.08344406
7430	-1593.86	-1595.18	1.32093	0.1295745
7440	-1590.26	-1591.38	1.11554	0.1406085
7450	-1688.34	-1690.64	2.309	0.05850637
7460	-1595.25	-1595.25	-0.000512712	0.2004875
7470	-1591.71	-1592.92	1.21137	0.135477
7480	-1596.23	-1597.64	1.41666	0.1243705
7490	-1614.04	-1615.88	1.83935	0.1002908
7500	-1681.12	-1683.42	2.30228	0.06112024
7510	-1669.38	-1671.65	2.27847	0.06578604
7520	-1609.06	-1610.81	1.75125	0.1055416
7530	-1593.68	-1593.77	0.0867736	0.1957176
7540	-1592.32	-1593.56	1.24533	0.1336524
7550	-1587.96	-1588.63	0.670691	0.1642953
7560	-1587.98	-1588.79	0.812264	0.1567586
7570	-1683.09	-1685.39	2.30468	0.06038966
7580	-1604.88	-1606.54	1.66377	0.1106017
7590	-1642.56	-1644.71	2.15093	0.07901726
7600	-1595.4	-1596.78	1.38519	0.126087
7610	-1612.89	-1614.71	1.82045	0.1014329
7620	-1679.81	-1682.11	2.30044	0.06161469
7630	-1587.96	-1588.76	0.80195	0.1573073
7640	-1601.4	-1602.98	1.5779	0.1154579
7650	-1789.9	-1791.83	1.92631	0.03388834
7660	-1734.86	-1737.09	2.23281	0.04499293
7670	-1733.89	-1736.13	2.23628	0.04522837
7680	-1717.07	-1719.36	2.28428	0.04958155
7690	-1917.14	-1917.65	0.50618	0.01857999
7700	-1656.98	-1659.21	2.2337	0.0713792
7710	-1589.04	-1589.5	0.455313	0.1758044
7720	-1637.3	-1639.41	2.11075	0.08219642
7730	-1734.49	-1736.73	2.23414	0.04508212
7740	-1675.32	-1677.61	2.29261	0.06335557
7750	-1676.9	-1679.2	2.29564	0.0627342
7760	-1898.34	-1899.11	0.773173	0.02024586
7770	-1780.41	-1782.41	1.99379	0.03553362
7780	-1766.12	-1768.2	2.08432	0.03820312
7790	-1798.9	-1800.76	1.85705	0.03241357
7800	-1718.14	-1720.43	2.28192	0.04928805
7810	-1612.75	-1614.57	1.81808	0.1015759
7820	-1603.16	-1604.78	1.62298	0.1129203
7830	-1632.72	-1634.79	2.07062	0.08517527
7840	-1598.9	-1598.72	-0.175542	0.2101249
7850	-1615.87	-1617.74	1.86828	0.09852277
7860	-1589.11	-1590.13	1.01245	0.1461069
7870	-1617	-1618.88	1.88518	0.09747832
7880	-1648.53	-1650.72	2.18972	0.07568082
7890	-1590.11	-1590.46	0.341789	0.1819038
7900	-1665.56	-1667.83	2.26699	0.06742615
7910	-1635.29	-1637.38	2.09377	0.08347732
7920	-1726.31	-1728.57	2.26075	0.04712441
7930	-1631.68	-1633.74	2.06076	0.08588345
7940	-1614.59	-1616.43	1.84818	0.09975361
7950	-1587.92	-1588.61	0.691631	0.1631796
7960	-1709.47	-1711.77	2.29824	0.05174077
7970	-1743.08	-1745.28	2.20067	0.04306521
7980	-1712.8	-1715.09	2.29275	0.05077947
7990	-1724.34	-1726.61	2.26634	0.04763267
8000	-1786.49	-1788.44	1.95125	0.03446929
8010	-1596.93	-1598.37	1.44181	0.1229945
8020	-1587.98	-1588.8	0.814279	0.1566515
8030	-1613.26	-1615.08	1.82654	0.1010661
8040	-1668.94	-1671.22	2.27725	0.06596986
8050	-1722.47	-1724.74	2.27139	0.04812572
8060	-1606.08	-1607.77	1.69047	0.109071
8070	-1623.24	-1625.21	1.96902	0.09213893
8080	-1697.17	-1699.48	2.30978	0.05552891
8090	-1653.56	-1655.78	2.21737	0.07306275
8100	-1590.62	-1590.92	0.297541	0.1842888
8110	-1646.2	-1644.69	-1.50465	0.2872891
8120	-1678.1	-1675.99	-2.11095	0.3252746
8130	-1611.52	-1610.89	-0.635753	0.2359911
8140	-1704.5	-1701.95	-2.54302	0.3535516
8150	-1644.26	-1646.43	2.16272	0.07803665
8160	-1656.1	-1658.33	2.22967	0.07180617
8170	-1599.35	-1600.87	1.51998	0.1186857
8180	-1651.5	-1653.71	2.20657	0.07411505
8190	-1587.9	-1588.66	0.758807	0.1596029
8200	-1597.6	-1597.48	-0.116857	0.2068823
8210	-1627.06	-1626	-1.06753	0.2610489
8220	-1659.99	-1662.23	2.2466	0.06994968
8230	-1621.17	-1623.12	1.94299	0.09382768
8240	-1653.3	-1655.52	2.21602	0.07319675
8250	-1589.49	-1590.54	1.04997	0.1441078
8260	-1587.9	-1588.65	0.754397	0.1598376
8270	-1592.51	-1592.67	0.15881	0.191798
8280	-1594.79	-1594.81	0.0239711	0.1991472
8290	-1692.57	-1694.88	2.31036	0.05704956
8300	-1697.02	-1699.33	2.30983	0.05557901
8310	-1799.99	-1801.84	1.84829	0.03223966
8320	-1704.13	-1706.44	2.30498	0.05333783
8330	-1672.48	-1674.77	2.28642	0.06449682
8340	-1642.36	-1644.51	2.14953	0.07913232
8350	-1654.72	-1656.95	2.22312	0.07248351
8360	-1902.5	-1903.22	0.715714	0.01986337
8370	-1851.28	-1852.64	1.35655	0.02519358
8380	-1642.98	-1645.13	2.15389	0.07877386
8390	-1589.85	-1590.94	1.08291	0.1423504
8400	-1605.51	-1607.19	1.678	0.1097868
8410	-1614.14	-1615.98	1.84099	0.1001913
8420	-1639.59	-1641.72	2.12902	0.08077993
8430	-1667.69	-1669.96	2.27363	0.06650249
8440	-1605.2	-1606.87	1.67098	0.1101895
8450	-1609.78	-1611.54	1.76499	0.1047344
8460	-1609.09	-1610.84	1.7519	0.1055034
8470	-1616.61	-1618.49	1.87938	0.09783774
8480	-1632.27	-1631.07	-1.19425	0.268562
8490	-1617.46	-1619.35	1.89195	0.09705714
8500	-1697.98	-1700.29	2.30946	0.05526832
8510	-1680.96	-1683.26	2.30206	0.06118229
8520	-1697.27	-1699.58	2.30974	0.05549658
8530	-1592.56	-1592.72	0.155725	0.1919655
8540	-1653.61	-1655.83	2.2176	0.07303954
8550	-1799.77	-1801.62	1.8501	0.03227543
8560	-1785.28	-1787.24	1.95992	0.03467828
8570	-1711.91	-1714.2	2.29431	0.05103461
8580	-1608.09	-1609.82	1.73221	0.1066547
8590	-1675.15	-1677.44	2.29226	0.0634242
8600	-1699.49	-1701.8	2.30869	0.05478503
8610	-1679.77	-1682.07	2.30038	0.06163023
8620	-1589.03	-1589.49	0.456702	0.1757299
8630	-1590.64	-1590.93	0.295957	0.1843743
8640	-1590.45	-1591.58	1.12989	0.1398412
8650	-1652.19	-1654.4	2.21027	0.07375969
8660	-1653.23	-1655.45	2.21566	0.07323215
8670	-1787.91	-1789.85	1.94095	0.03422574
8680	-1726.56	-1728.82	2.26001	0.04705958
8690	-1752.25	-1754.41	2.15886	0.04103874
8700	-1711.06	-1713.36	2.29574	0.05127908
8710	-1588.57	-1589.51	0.943868	0.1497581
8720	-1606.69	-1608.4	1.70359	0.1083142
8730	-1608.61	-1610.35	1.74257	0.1060502
8740	-1664.58	-1666.84	2.26372	0.06785842
8750	-1667.48	-1669.75	2.27301	0.06659255
8760	-1624.32	-1626.3	1.98199	0.09128508
8770	-1719.08	-1721.36	2.27977	0.04903326
8780	-1618.67	-1620.58	1.90915	0.09598009
8790	-1667.08	-1669.35	2.27178	0.06676648
8800	-1606.61	-1608.31	1.70182	0.1084165
8810	-1602.93	-1604.55	1.61733	0.1132397
8820	-1647.57	-1649.75	2.18394	0.07619961
8830	-1621.73	-1623.68	1.95017	0.09336525
8840	-1609.13	-1610.88	1.75265	0.1054598
8850	-1643.07	-1645.22	2.15451	0.07872203
8860	-1699.58	-1697.11	-2.46613	0.3484429
8870	-1625.31	-1624.28	-1.0231	0.258432
8880	-1593.6	-1594.91	1.30908	0.1302153
8890	-1647.98	-1650.17	2.18643	0.07597706
8900	-1692.15	-1694.46	2.31031	0.05719349
8910	-1596.59	-1598.02	1.42986	0.1236491
8920	-1650.45	-1652.65	2.20076	0.07466433
8930	-1598.11	-1597.97	-0.140128	0.2081667
8940	-1590.19	-1591.3	1.10975	0.1409177
8950	-1642.83	-1644.99	2.15289	0.07885647
8960	-1766.3	-1768.38	2.08326	0.03816786
8970	-1651.38	-1653.59	2.20591	0.07417781
8980	-1660.52	-1662.77	2.24874	0.06970206
8990	-1667.1	-1669.37	2.27186	0.06675609
9000	-1682.82	-1685.12	2.30438	0.06048883
9010	-1617.96	-1619.86	1.89916	0.09660691
9020	-1603	-1604.62	1.61902	0.1131438
9030	-1654.06	-1656.28	2.21984	0.07281569
9040	-1616.81	-1618.69	1.88239	0.09765124
9050	-1607.26	-1608.97	1.71533	0.1076355
9060	-1637.14	-1639.25	2.10945	0.08229587
9070	-1598.18	-1599.66	1.48366	0.1206937
9080	-1635.55	-1637.65	2.09604	0.0833085
9090	-1594.87	-1594.89	0.0193781	0.1993985
9100	-1713.4	-1715.69	2.29166	0.05061001
9110	-1595.22	-1596.6	1.37838	0.1264576
9120	-1593.02	-1594.3	1.28111	0.1317252
9130	-1599.13	-1600.64	1.51314	0.1190651
9140	-1720.62	-1722.9	2.27607	0.048617
9150	-1609.28	-1611.04	1.75562	0.1052855
9160	-1631.95	-1634.02	2.06335	0.08569822
9170	-1628.03	-1630.05	2.0237	0.08847609
9180	-1595.62	-1597.02	1.394	0.1256071
9190	-1588.51	-1589.04	0.532056	0.1716954
9200	-1606.46	-1608.16	1.69865	0.1085997
9210	-1605.04	-1606.71	1.66738	0.1103949
9220	-1604.18	-1603.8	-0.387457	0.2219355
9230	-1591.78	-1593	1.21555	0.135253
9240	-1592.92	-1593.05	0.133169	0.1931915
9250	-1601.81	-1603.4	1.58888	0.1148417
9260	-1775.76	-1777.78	2.02476	0.03637665
9270	-1599.56	-1601.09	1.52619	0.1183414
9280	-1665.71	-1667.98	2.26747	0.06736162
9290	-1593.39	-1594.69	1.29901	0.1307596
9300	-1629.49	-1631.53	2.03898	0.08741965
9310	-1675.95	-1678.24	2.29385	0.06310848
9320	-1656.67	-1658.91	2.23233	0.07152577
9330	-1595.77	-1595.74	-0.0276032	0.2019726
9340	-1610.64	-1612.42	1.78089	0.1037952
9350	-1673.18	-1675.46	2.28802	0.06421568
9360	-1781.71	-1783.69	1.98495	0.03530417
9370	-1726.71	-1728.97	2.25956	0.04702054
9380	-1765.33	-1767.42	2.0889	0.03835718
9390	-1640.34	-1642.47	2.13469	0.08033041
9400	-1589.08	-1590.09	1.00899	0.1462914
9410	-1595.69	-1595.67	-0.0235605	0.2017508
9420	-1726.24	-1728.5	2.26094	0.04714074
9430	-1613.15	-1614.98	1.82481	0.1011704
9440	-1710.2	-1712.5	2.29712	0.05152822
9450	-1612.44	-1614.26	1.81279	0.1018935
9460	-1592.98	-1594.26	1.27938	0.1318189
9470	-1620.49	-1622.43	1.93405	0.09440118
9480	-1632.17	-1634.24	2.06544	0.08554851
9490	-1672.63	-1674.92	2.28676	0.06443639
9500	-1705.55	-1707.85	2.30344	0.05290669
9510	-1620.88	-1622.82	1.9392	0.09407104
9520	-1588.02	-1588.66	0.64506	0.1656616
9530	-1612.33	-1614.14	1.8109	0.1020068
9540	-1713.77	-1716.06	2.29096	0.05050343
9550	-1694.75	-1697.06	2.31035	0.05632341
9560	-1691.38	-1693.69	2.31017	0.05745539
9570	-1766.99	-1769.07	2.07917	0.03803265
9580	-1659.68	-1661.92	2.24535	0.07009305
9590	-1595.38	-1596.77	1.38472	0.1261128
9600	-1630	-1632.05	2.04419	0.08705557
9610	-1624.41	-1626.39	1.98309	0.09121277
9620	-1656.83	-1659.07	2.23306	0.07144783
9630	-1629.25	-1631.29	2.03654	0.08758942
9640	-1714.5	-1716.79	2.28957	0.05029909
9650	-1657.6	-1659.84	2.2365	0.07107758
9660	-1666.29	-1668.56	2.26934	0.06710706
9670	-1631.04	-1633.09	2.05449	0.08632965
9680	-1677.49	-1679.79	2.29669	0.06250422
9690	-1695.51	-1697.82	2.31023	0.05607023
9700	-1679.25	-1681.55	2.29959	0.06182849
9710	-1692.49	-1694.8	2.31036	0.0570769
9720	-1609.27	-1611.02	1.75533	0.1053021
9730	-1662.26	-1664.51	2.25544	0.06890252
9740	-1613.78	-1615.62	1.83518	0.100544
9750	-1639.73	-1641.86	2.13007	0.08069685
9760	-1641.72	-1643.87	2.14497	0.07950467
9770	-1613.11	-1614.94	1.82413	0.1012114
9780	-1608.19	-1609.93	1.73434	0.1065304
9790	-1627.75	-1629.77	2.02075	0.08867823
9800	-1715.93	-1718.21	2.28671	0.04989926
9810	-1678.59	-1680.89	2.29855	0.06207923
9820	-1759.07	-1761.19	2.12389	0.03961238
9830	-1650.93	-1653.13	2.20344	0.07441286
9840	-1669.18	-1671.45	2.27791	0.06586996
9850	-1617.41	-1619.3	1.89116	0.09710668
9860	-1588.86	-1589.84	0.98268	0.1476924
9870	-1613.67	-1615.51	1.83341	0.1006507
9880	-1628.56	-1630.59	2.02932	0.08808969
9890	-1653.31	-1655.53	2.21609	0.07319003
9900	-1597.41	-1598.87	1.45833	0.1220878
9910	-1601.84	-1603.43	1.58954	0.1148048
9920	-1654.62	-1656.84	2.2226	0.07253679
9930	-1718.3	-1720.58	2.28157	0.04924543
9940	-1649.52	-1651.72	2.19553	0.07515028
9950	-1628.98	-1631.01	2.03372	0.08778532
9960	-1653.8	-1656.02	2.21854	0.07294626
9970	-1679.22	-1681.52	2.29955	0.06183845
9980	-1806.15	-1807.94	1.7976	0.03128173
9990	-1942.01	-1942.14	0.124029	0.01660304
10000	-1712.69	-1714.98	2.29295	0.05081184
