Iteration	Posterior	Likelihood	Prior	birth_rate
0	-1656.45	-1658.68	2.23129	0.07163616
10	-1616.06	-1617.93	1.87117	0.0983449
20	-1669.73	-1672.01	2.27944	0.06563544
30	-1695.59	-1697.9	2.31021	0.0560433
40	-1635.39	-1637.49	2.09467	0.08341086
50	-1684.34	-1686.65	2.30599	0.05993168
60	-1601.85	-1603.44	1.5898	0.1147901
70	-1623.12	-1625.09	1.9676	0.09223208
80	-1657.08	-1659.31	2.23417	0.07132915
90	-1589.49	-1590.54	1.05032	0.1440888
100	-1626.31	-1628.32	2.00499	0.08974927
110	-1614.6	-1616.45	1.84848	0.09973584
120	-1627.02	-1629.03	2.01278	0.08922169
130	-1651.86	-1654.07	2.20848	0.07393232
140	-1628.66	-1627.55	-1.10715	0.2633899
150	-1587.91	-1588.61	0.703741	0.1625345
160	-1611.56	-1613.36	1.79754	0.1028057
170	-1769.95	-1772.01	2.06139	0.03746374
180	-1752.85	-1755.01	2.15591	0.04091043
190	-1661	-1663.25	2.25065	0.06947769
200	-1722.46	-1724.73	2.27141	0.04812701
210	-1722.93	-1725.2	2.27016	0.04800232
220	-1748.79	-1750.96	2.17537	0.04178952
230	-1720.03	-1722.3	2.27753	0.04877728
240	-1668.31	-1670.59	2.27546	0.06623672
250	-1629.9	-1631.94	2.04312	0.08713017
260	-1702.32	-1704.62	2.30667	0.05389723
270	-1588.89	-1589.37	0.474992	0.1747497
280	-1602.53	-1604.14	1.60735	0.1138024
290	-1725.62	-1727.88	2.26274	0.04730066
300	-1642.7	-1644.85	2.15191	0.07893692
310	-1589.96	-1590.32	0.356204	0.1811278
320	-1609.22	-1608.66	-0.562219	0.2318028
330	-1595.3	-1595.29	-0.00320211	0.2006348
340	-1599.03	-1600.54	1.51014	0.119231
350	-1605.18	-1606.85	1.67052	0.1102154
360	-1587.95	-1588.76	0.801081	0.1573535
370	-1615.49	-1617.36	1.86243	0.09888267
380	-1588.19	-1589.07	0.876223	0.1533566
390	-1588.76	-1589.73	0.969894	0.148373
400	-1624.39	-1626.38	1.98291	0.09122415
410	-1629.03	-1631.06	2.03426	0.08774749
420	-1594.31	-1595.65	1.34071	0.1285032
430	-1712.16	-1714.45	2.29388	0.05096293
440	-1639.64	-1641.77	2.12942	0.08074789
450	-1594.99	-1595.01	0.0129133	0.1997523
460	-1733.42	-1735.66	2.23791	0.04534198
470	-1625.64	-1627.64	1.99742	0.09025796
480	-1651.6	-1653.81	2.2071	0.07406394
490	-1597.65	-1599.12	1.46639	0.121645
500	-1657.32	-1659.55	2.23523	0.07121469
510	-1632.73	-1634.8	2.07067	0.08517153
520	-1887.1	-1888.02	0.923671	0.02132043
530	-1790.97	-1792.89	1.9184	0.03371001
540	-1642.27	-1644.42	2.1489	0.07918393
550	-1627.06	-1629.07	2.01325	0.08918968
560	-1674.24	-1676.53	2.29037	0.06378675
570	-1665.88	-1668.15	2.26803	0.06728609
580	-1632.76	-1634.83	2.07094	0.08515213
590	-1619.02	-1620.94	1.91411	0.09566752
600	-1676.02	-1678.31	2.29399	0.06307983
610	-1708.33	-1710.63	2.29989	0.05207557
620	-1623.23	-1625.2	1.9689	0.09214695
630	-1628.42	-1630.44	2.02783	0.08819201
640	-1713.93	-1716.22	2.29067	0.05046033
650	-1641.57	-1643.72	2.14387	0.07959405
660	-1625.71	-1627.71	1.99814	0.09020952
670	-1635.75	-1637.85	2.09777	0.08317852
680	-1652.63	-1654.84	2.21254	0.07353867
690	-1618.23	-1620.14	1.90305	0.09636339
700	-1668.42	-1670.7	2.27578	0.06618999
710	-1789.06	-1790.99	1.93254	0.03403073
720	-1782.63	-1784.61	1.97854	0.03514041
730	-1627.52	-1629.53	2.01823	0.08885077
740	-1594.04	-1595.37	1.32883	0.129147
750	-1590.5	-1591.63	1.13299	0.1396757
760	-1603.72	-1605.36	1.63677	0.1121386
770	-1624.86	-1623.85	-1.01167	0.2577603
780	-1615.78	-1615.01	-0.764012	0.2433499
790	-1624.77	-1626.76	1.98738	0.09092773
800	-1704.64	-1706.95	2.30444	0.05318207
810	-1852.7	-1854.04	1.34086	0.02502672
820	-1765.47	-1767.56	2.08808	0.03832943
830	-1614.86	-1616.71	1.85254	0.09948814
840	-1591.99	-1592.18	0.194088	0.1898837
850	-1687.49	-1689.8	2.30851	0.05880366
860	-1593.15	-1593.26	0.118806	0.1939728
870	-1600.79	-1600.53	-0.255801	0.2145789
880	-1590.13	-1591.24	1.10552	0.1411437
890	-1630.29	-1632.33	2.04705	0.0868546
900	-1596.69	-1598.12	1.43321	0.1234654
910	-1587.91	-1588.61	0.703697	0.1625368
920	-1651.15	-1653.36	2.20468	0.07429504
930	-1587.9	-1588.67	0.766392	0.1591992
940	-1725.44	-1727.7	2.26327	0.04734856
950	-1655.96	-1658.19	2.22902	0.07187469
960	-1770.34	-1772.4	2.05899	0.03738897
970	-1763.62	-1765.72	2.09875	0.03869569
980	-1601.8	-1603.39	1.58844	0.1148669
990	-1647.86	-1650.05	2.18571	0.07604122
1000	-1587.98	-1588.79	0.813128	0.1567127
1010	-1608.4	-1610.14	1.73847	0.1062894
1020	-1608	-1609.73	1.73045	0.1067572
1030	-1724.85	-1727.12	2.26492	0.04749996
1040	-1769.77	-1771.84	2.06248	0.0374977
1050	-1620.92	-1622.86	1.93968	0.09404079
1060	-1652.55	-1654.77	2.21217	0.07357473
1070	-1666.76	-1669.03	2.27081	0.06690247
1080	-1587.93	-1588.72	0.789805	0.1579535
1090	-1675.7	-1677.99	2.29337	0.06320562
1100	-1666.94	-1669.21	2.27137	0.06682519
1110	-1705.94	-1708.25	2.30298	0.05278858
1120	-1697.02	-1699.33	2.30983	0.05557746
1130	-1618.15	-1620.05	1.90179	0.09644214
1140	-1591.65	-1592.85	1.20764	0.1356773
1150	-1619.89	-1621.81	1.92592	0.0949195
1160	-1623.32	-1622.34	-0.971616	0.2554114
1170	-1668.17	-1670.44	2.27504	0.0662988
1180	-1752.62	-1754.78	2.15706	0.04096037
1190	-1626.53	-1628.54	2.00744	0.08958327
1200	-1688.42	-1690.73	2.30905	0.05847772
1210	-1661.76	-1664.01	2.25357	0.06912956
1220	-1626.72	-1628.72	2.00947	0.0894465
1230	-1741.82	-1744.02	2.20593	0.04335357
1240	-1670.8	-1673.09	2.28227	0.06518867
1250	-1595.17	-1595.17	0.00377515	0.2002526
1260	-1587.91	-1588.67	0.768227	0.1591016
1270	-1608.09	-1609.83	1.73234	0.1066467
1280	-1617.02	-1618.9	1.88541	0.09746385
1290	-1792.68	-1794.59	1.90545	0.0334241
1300	-1766.63	-1768.72	2.08129	0.0381026
1310	-1712.79	-1715.08	2.29277	0.05078329
1320	-1771.6	-1773.65	2.05121	0.03715074
1330	-1811.01	-1812.76	1.75591	0.03054879
1340	-1801.28	-1803.11	1.83793	0.03203736
1350	-1717.91	-1720.19	2.28244	0.04935136
1360	-1591.71	-1592.92	1.2113	0.1354809
1370	-1639.28	-1641.41	2.12665	0.08096631
1380	-1588.44	-1589.36	0.92266	0.1508865
1390	-1595.05	-1595.06	0.0101065	0.1999059
1400	-1593.24	-1594.53	1.29181	0.1311482
1410	-1707.57	-1709.87	2.30094	0.05230176
1420	-1593.38	-1594.68	1.29863	0.13078
1430	-1588.38	-1589.3	0.913705	0.1513629
1440	-1633.79	-1635.87	2.08043	0.0844621
1450	-1713.91	-1716.2	2.29069	0.05046382
1460	-1608.64	-1610.38	1.74311	0.1060181
1470	-1656.05	-1658.28	2.22946	0.0718288
1480	-1735.58	-1737.81	2.23022	0.04482036
1490	-1768.76	-1770.83	2.06864	0.03769204
1500	-1657.47	-1659.7	2.23591	0.0711418
1510	-1635.52	-1637.62	2.09581	0.08332513
1520	-1588.69	-1589.19	0.503258	0.1732361
1530	-1605.54	-1607.22	1.67861	0.109752
1540	-1640.76	-1642.9	2.13787	0.08007689
1550	-1702.96	-1705.27	2.3061	0.05369763
1560	-1721.18	-1723.45	2.27469	0.04846774
1570	-1691.88	-1694.19	2.31027	0.057284
1580	-1703.83	-1706.13	2.30528	0.05343141
1590	-1750.25	-1752.41	2.16852	0.04147111
1600	-1739.71	-1741.92	2.21447	0.04384252
1610	-1621.69	-1623.64	1.94964	0.0933994
1620	-1702.83	-1705.14	2.30622	0.05373817
1630	-1644.81	-1646.98	2.1664	0.07772474
1640	-1619.54	-1621.46	1.92124	0.09521666
1650	-1603.73	-1605.37	1.6369	0.1121313
1660	-1589.13	-1590.14	1.01368	0.1460417
1670	-1588.01	-1588.66	0.649472	0.1654264
1680	-1722.97	-1725.24	2.27007	0.04799298
1690	-1939.65	-1939.81	0.161829	0.01678104
1700	-1799.15	-1801	1.85508	0.03237427
1710	-1675.94	-1678.23	2.29383	0.0631123
1720	-1674.77	-1677.06	2.29148	0.0635764
1730	-1647.91	-1650.1	2.18602	0.07601374
1740	-1793.65	-1795.55	1.8981	0.0332648
1750	-1782.84	-1784.81	1.97712	0.03510459
1760	-1617.36	-1619.25	1.89041	0.09715313
1770	-1592.88	-1594.15	1.27442	0.1320859
1780	-1759.49	-1761.61	2.12163	0.0395268
1790	-1850.35	-1851.72	1.3669	0.02530507
1800	-1744.41	-1746.6	2.19499	0.04276343
1810	-1634.18	-1636.27	2.084	0.08420054
1820	-1589.22	-1590.25	1.02415	0.1454838
1830	-1680.89	-1683.19	2.30197	0.06120707
1840	-1606.01	-1605.56	-0.453272	0.2256375
1850	-1617.85	-1617.03	-0.823328	0.2467768
1860	-1588.01	-1588.66	0.646734	0.1655723
1870	-1594	-1595.33	1.32721	0.1292348
1880	-1698.18	-1700.49	2.30937	0.05520405
1890	-1662.09	-1664.34	2.25482	0.06897864
1900	-1667.32	-1669.59	2.27252	0.06666241
1910	-1681.86	-1684.16	2.30323	0.06084603
1920	-1629.67	-1631.71	2.04081	0.08729209
1930	-1638.67	-1640.79	2.1218	0.08134485
1940	-1640.2	-1642.33	2.13367	0.08041193
1950	-1690.41	-1692.72	2.3099	0.05778447
1960	-1771.88	-1773.93	2.04949	0.03709871
1970	-1670.25	-1672.54	2.28084	0.06541735
1980	-1610.4	-1612.18	1.77663	0.1040473
1990	-1588.21	-1589.09	0.879049	0.1532063
2000	-1662.5	-1664.75	2.25633	0.06879368
2010	-1805.38	-1807.18	1.80406	0.03139949
2020	-1675.07	-1677.37	2.29211	0.06345422
2030	-1676.84	-1679.13	2.29552	0.06275868
2040	-1641.77	-1643.91	2.14527	0.07948023
2050	-1632.27	-1634.34	2.06639	0.08548047
2060	-1608.76	-1610.5	1.74546	0.1058808
2070	-1626.25	-1628.26	2.00433	0.08979362
2080	-1617.46	-1619.35	1.89188	0.09706129
2090	-1607.67	-1609.39	1.72373	0.1071477
2100	-1650.12	-1652.32	2.19892	0.07483642
2110	-1593.78	-1593.86	0.081013	0.1960317
2120	-1665.73	-1668	2.26754	0.06735223
2130	-1680.84	-1683.14	2.3019	0.0612256
2140	-1659.91	-1662.15	2.24629	0.06998553
2150	-1734.2	-1736.44	2.23516	0.04515185
2160	-1680.85	-1683.15	2.30192	0.06122117
2170	-1607.55	-1609.27	1.72139	0.107284
2180	-1650.59	-1652.79	2.20158	0.07458791
2190	-1650.16	-1652.36	2.19916	0.07481437
2200	-1596.29	-1597.71	1.41899	0.1242434
2210	-1610.46	-1609.86	-0.602198	0.2340771
2220	-1588.51	-1589.45	0.935194	0.1502197
2230	-1589.18	-1590.2	1.01989	0.1457108
2240	-1599.14	-1600.66	1.51369	0.1190345
2250	-1654.8	-1657.03	2.22351	0.072444
2260	-1672.46	-1674.75	2.28636	0.06450603
2270	-1633.41	-1635.49	2.07699	0.08471367
2280	-1671.12	-1673.41	2.28309	0.06505577
2290	-1627.72	-1629.74	2.02039	0.08870297
2300	-1696.47	-1698.78	2.31	0.05575732
2310	-1645.38	-1647.55	2.17014	0.07740462
2320	-1631.32	-1630.15	-1.1717	0.2672194
2330	-1595.5	-1596.89	1.38921	0.1258684
2340	-1612.04	-1613.85	1.80585	0.1023094
2350	-1661.59	-1663.85	2.25294	0.06920513
2360	-1678.11	-1680.41	2.29775	0.06226498
2370	-1622.63	-1624.59	1.9615	0.09263009
2380	-1688.74	-1691.05	2.30921	0.05836535
2390	-1775.61	-1777.64	2.02571	0.03640352
2400	-1594.62	-1595.97	1.35375	0.1277961
2410	-1587.91	-1588.69	0.774098	0.1587892
2420	-1601.34	-1602.91	1.57616	0.1155552
2430	-1610.59	-1612.37	1.78004	0.1038456
2440	-1593.29	-1594.59	1.29449	0.1310036
2450	-1603.99	-1605.63	1.64301	0.1117841
2460	-1587.95	-1588.62	0.676365	0.1639929
2470	-1605.83	-1607.52	1.68507	0.1093812
2480	-1597.08	-1598.52	1.4469	0.1227151
2490	-1634.47	-1636.56	2.08659	0.0840097
2500	-1599.95	-1601.48	1.53743	0.1177169
2510	-1670.49	-1672.77	2.28146	0.0653186
2520	-1727.5	-1729.76	2.2572	0.04681904
2530	-1768.52	-1770.59	2.07009	0.03773829
2540	-1743.51	-1745.71	2.19885	0.04296742
2550	-1719.46	-1721.74	2.27888	0.04893027
2560	-1678.56	-1680.86	2.29849	0.0620929
2570	-1744.42	-1746.61	2.19495	0.04276134
2580	-1723.98	-1726.24	2.26735	0.04772819
2590	-1761.86	-1763.97	2.10863	0.03904646
2600	-1649.23	-1651.43	2.19385	0.07530482
2610	-1650.47	-1652.67	2.2009	0.07465175
2620	-1589.11	-1590.12	1.01158	0.1461534
2630	-1644.85	-1647.02	2.16663	0.07770475
2640	-1635.42	-1637.51	2.0949	0.08339318
2650	-1613.59	-1615.43	1.83211	0.1007296
2660	-1610.04	-1611.81	1.7699	0.1044447
2670	-1655.5	-1657.73	2.22688	0.07209771
2680	-1754.1	-1756.25	2.1497	0.04064567
2690	-1731.25	-1733.5	2.24529	0.04587518
2700	-1614.92	-1616.77	1.85344	0.09943301
2710	-1669.97	-1672.25	2.28008	0.06553675
2720	-1589.5	-1589.9	0.402797	0.1786227
2730	-1615.01	-1616.87	1.85496	0.09933973
2740	-1738.64	-1740.86	2.21865	0.04409134
2750	-1600.46	-1602.01	1.55209	0.1169004
2760	-1595.12	-1596.49	1.37417	0.126687
2770	-1639.39	-1641.52	2.12746	0.0809022
2780	-1607.48	-1609.2	1.71996	0.1073666
2790	-1733.13	-1735.37	2.23892	0.04541257
2800	-1676.47	-1678.76	2.29484	0.06290356
2810	-1789.73	-1791.66	1.92762	0.0339181
2820	-1814.3	-1816.02	1.72691	0.03006477
2830	-1802.81	-1804.63	1.8254	0.03179729
2840	-1714.88	-1717.17	2.28882	0.05019045
2850	-1599.66	-1601.18	1.52895	0.1181883
2860	-1617.16	-1619.05	1.88751	0.09733334
2870	-1604.95	-1606.61	1.66534	0.1105115
2880	-1659.57	-1661.81	2.24489	0.07014543
2890	-1632.09	-1634.16	2.06469	0.08560237
2900	-1649.61	-1651.81	2.19603	0.07510428
2910	-1634.95	-1637.04	2.09081	0.08369739
2920	-1603.25	-1604.87	1.6252	0.1127942
2930	-1597.23	-1598.69	1.45228	0.1224201
2940	-1619.67	-1618.79	-0.873803	0.249705
2950	-1637.18	-1635.87	-1.30808	0.2753757
2960	-1735.3	-1732.3	-2.99501	0.3842719
2970	-1596	-1597.41	1.40839	0.1248223
2980	-1602.61	-1604.22	1.60945	0.1136843
2990	-1601.52	-1603.1	1.58097	0.1152857
3000	-1596.1	-1597.52	1.41212	0.124619
3010	-1675.28	-1677.57	2.29252	0.06337344
3020	-1735.18	-1737.41	2.23165	0.04491511
3030	-1587.89	-1588.62	0.732059	0.1610266
3040	-1599.28	-1599.09	-0.192441	0.2110609
3050	-1623.28	-1622.31	-0.970749	0.2553606
3060	-1591.36	-1592.55	1.19057	0.1365932
3070	-1607.97	-1609.7	1.72987	0.1067905
3080	-1642.05	-1644.2	2.14731	0.079314
3090	-1674.6	-1676.89	2.29113	0.06364283
3100	-1588.09	-1588.71	0.622121	0.166885
3110	-1607.84	-1609.57	1.72735	0.1069373
3120	-1625.96	-1627.96	2.001	0.09001801
3130	-1588.92	-1589.39	0.471498	0.1749369
3140	-1668.96	-1671.24	2.27732	0.06595967
3150	-1673.51	-1675.79	2.28876	0.06408214
3160	-1599.86	-1601.4	1.53498	0.1178527
3170	-1670.76	-1673.05	2.28217	0.0652048
3180	-1588.19	-1589.07	0.876404	0.153347
3190	-1629.57	-1631.61	2.03986	0.08735821
3200	-1593.67	-1594.98	1.31213	0.1300506
3210	-1650.87	-1649.27	-1.60118	0.2932102
3220	-1587.9	-1588.67	0.765998	0.1592202
3230	-1651.85	-1654.06	2.20845	0.07393498
3240	-1605.17	-1606.84	1.67038	0.1102237
3250	-1590.36	-1591.48	1.12305	0.1402068
3260	-1620.68	-1622.62	1.93653	0.09424242
3270	-1726.2	-1728.46	2.26105	0.04715055
3280	-1662.08	-1664.34	2.25479	0.06898147
3290	-1721.31	-1723.58	2.27437	0.04843361
3300	-1761.07	-1763.18	2.11304	0.03920684
3310	-1679.19	-1681.49	2.2995	0.06184899
3320	-1730.41	-1732.66	2.24806	0.04608456
3330	-1695.56	-1697.87	2.31022	0.05605339
3340	-1588.78	-1589.27	0.490633	0.173912
3350	-1616.49	-1618.37	1.8776	0.09794775
3360	-1670.47	-1672.76	2.28142	0.06532561
3370	-1676.68	-1678.97	2.29523	0.06282172
3380	-1694.28	-1696.59	2.31039	0.05647727
3390	-1741.7	-1743.91	2.2064	0.04338029
3400	-1781.67	-1783.65	1.9852	0.03531045
3410	-1614.31	-1616.15	1.84371	0.100026
3420	-1795.59	-1797.47	1.88315	0.0329475
3430	-1622.29	-1624.25	1.95729	0.09290403
3440	-1588.22	-1589.11	0.883014	0.1529954
3450	-1696.16	-1698.48	2.31008	0.05585642
3460	-1808.09	-1809.87	1.78114	0.03098686
3470	-1756.86	-1759	2.13558	0.0400677
3480	-1713.87	-1716.16	2.29077	0.05047574
3490	-1627.64	-1629.66	2.01955	0.08876034
3500	-1693.43	-1695.74	2.31042	0.05675999
3510	-1597.1	-1598.55	1.44785	0.1226632
3520	-1622.2	-1624.16	1.95618	0.09297632
3530	-1674.87	-1677.16	2.29169	0.06353481
3540	-1721.5	-1723.78	2.27387	0.04838108
3550	-1699.37	-1701.68	2.30876	0.05482197
3560	-1679.39	-1681.69	2.2998	0.06177496
3570	-1638.52	-1640.64	2.12062	0.08143639
3580	-1648.69	-1650.88	2.19065	0.07559626
3590	-1609.46	-1611.22	1.75895	0.10509
3600	-1634.03	-1636.11	2.08259	0.08430368
3610	-1710.78	-1713.08	2.29619	0.05135936
3620	-1675.69	-1677.98	2.29334	0.06321079
3630	-1687.31	-1689.62	2.3084	0.0588663
3640	-1676.49	-1678.78	2.29487	0.0628963
3650	-1635.91	-1638.01	2.09912	0.08307728
3660	-1636.45	-1638.56	2.10375	0.08272905
3670	-1596.01	-1597.42	1.40879	0.1248007
3680	-1688.2	-1690.51	2.30893	0.05855451
3690	-1629.07	-1631.1	2.03467	0.08771924
3700	-1639.99	-1642.13	2.1321	0.08053617
3710	-1639.18	-1641.3	2.12582	0.08103101
3720	-1644.01	-1646.17	2.16101	0.07818042
3730	-1632.18	-1634.25	2.06554	0.08554128
3740	-1600.92	-1602.49	1.56492	0.116184
3750	-1588.75	-1589.25	0.494148	0.1737238
3760	-1590.04	-1590.39	0.34875	0.181529
3770	-1598.29	-1599.78	1.48716	0.120501
3780	-1673.55	-1671.52	-2.03116	0.3201646
3790	-1669.37	-1667.42	-1.9561	0.3153893
3800	-1588.5	-1589.44	0.933788	0.1502945
3810	-1587.91	-1588.69	0.773747	0.1588078
3820	-1598.27	-1599.75	1.48638	0.1205436
3830	-1613.26	-1615.08	1.82656	0.1010648
3840	-1623.96	-1625.94	1.97774	0.0915657
3850	-1678.83	-1681.13	2.29894	0.06198733
3860	-1791.53	-1793.44	1.91421	0.0336167
3870	-1724.63	-1726.9	2.26554	0.04755773
3880	-1673.01	-1675.29	2.28763	0.06428464
3890	-1639.54	-1641.67	2.12862	0.08081125
3900	-1601.5	-1603.08	1.58063	0.115305
3910	-1668.58	-1670.86	2.27623	0.06612219
3920	-1659.57	-1661.81	2.2449	0.07014406
3930	-1600.22	-1601.76	1.54514	0.1172876
3940	-1746.05	-1748.24	2.18779	0.04239422
3950	-1691.14	-1693.45	2.31011	0.05753463
3960	-1817.98	-1819.67	1.69363	0.02953308
3970	-1697.59	-1699.9	2.30962	0.05539206
3980	-1660.78	-1663.03	2.24979	0.06957923
3990	-1605.11	-1606.78	1.66893	0.1103064
4000	-1635.89	-1637.99	2.09893	0.08309202
4010	-1680.73	-1683.03	2.30175	0.06126729
4020	-1770.31	-1772.37	2.0592	0.03739554
4030	-1625.84	-1627.84	1.99967	0.09010721
4040	-1629.47	-1631.5	2.03875	0.08743555
4050	-1602.26	-1603.86	1.60042	0.1141931
4060	-1668.54	-1670.82	2.27613	0.06613774
4070	-1605.65	-1605.21	-0.440414	0.2249129
4080	-1602.34	-1603.94	1.60241	0.1140811
4090	-1612.94	-1614.76	1.82126	0.1013842
4100	-1596.22	-1597.63	1.41633	0.1243889
4110	-1595.77	-1597.17	1.39978	0.1252924
4120	-1605.99	-1607.68	1.68847	0.1091859
4130	-1669.77	-1672.05	2.27954	0.06561991
4140	-1646.19	-1648.36	2.17531	0.0769585
4150	-1631.88	-1633.95	2.06268	0.08574655
4160	-1697.98	-1700.29	2.30946	0.0552686
4170	-1591.15	-1592.33	1.1772	0.1373095
4180	-1592.92	-1594.19	1.27622	0.1319892
4190	-1654.7	-1656.93	2.22303	0.07249247
4200	-1696.61	-1698.92	2.30996	0.05571046
4210	-1806.78	-1808.57	1.79225	0.03118496
4220	-1756.99	-1759.13	2.13488	0.04003992
4230	-1767.04	-1769.12	2.0789	0.03802367
4240	-1661.36	-1663.61	2.25203	0.06931388
4250	-1657.4	-1659.63	2.23558	0.07117712
4260	-1642.92	-1645.07	2.15349	0.0788065
4270	-1654.06	-1656.28	2.21987	0.07281275
4280	-1796.98	-1798.85	1.87226	0.03272176
4290	-1643.81	-1645.97	2.15964	0.0782955
4300	-1650.23	-1652.43	2.19955	0.07477796
4310	-1662.54	-1664.8	2.25649	0.06877455
4320	-1594.34	-1594.39	0.0487574	0.1977922
4330	-1713.95	-1711.27	-2.68695	0.3632052
4340	-1593.52	-1594.83	1.30537	0.1304161
4350	-1633.42	-1635.49	2.07704	0.08470962
4360	-1736.41	-1738.64	2.22713	0.04461965
4370	-1691.67	-1693.98	2.31023	0.05735646
4380	-1900.68	-1901.42	0.741033	0.02003015
4390	-1723.88	-1726.14	2.26762	0.04775452
4400	-1588.35	-1589.26	0.90811	0.1516605
4410	-1669.64	-1671.92	2.27918	0.06567578
4420	-1690.85	-1693.16	2.31004	0.05763474
4430	-1705.83	-1708.13	2.30312	0.05282249
4440	-1665.37	-1667.63	2.26636	0.06751066
4450	-1589.53	-1590.59	1.05449	0.1438664
4460	-1611.17	-1612.96	1.79045	0.1032277
4470	-1589.15	-1589.59	0.442323	0.176501
4480	-1587.94	-1588.73	0.792144	0.157829
4490	-1646.57	-1645.05	-1.51239	0.2877621
4500	-1699.35	-1696.89	-2.46253	0.3482048
4510	-1597.53	-1599	1.46241	0.1218635
4520	-1588.75	-1589.72	0.969617	0.1483878
4530	-1596.79	-1598.23	1.43691	0.1232626
4540	-1606.05	-1607.74	1.68978	0.1091105
4550	-1588.38	-1588.93	0.55595	0.170418
4560	-1591.02	-1592.18	1.1686	0.1377701
4570	-1624.29	-1626.27	1.9817	0.09130439
4580	-1604.14	-1605.79	1.64675	0.1115716
4590	-1592.79	-1594.06	1.26967	0.1323421
4600	-1633.43	-1635.51	2.07717	0.08469988
4610	-1727.42	-1729.68	2.25744	0.04683884
4620	-1658.47	-1660.71	2.24026	0.07066453
4630	-1595.16	-1595.17	0.00385678	0.2002481
4640	-1588.1	-1588.95	0.852349	0.1546264
4650	-1611.24	-1613.03	1.79177	0.1031492
4660	-1605.15	-1606.82	1.66991	0.1102507
4670	-1625.64	-1627.64	1.9974	0.0902596
4680	-1616.31	-1618.18	1.87488	0.09811579
4690	-1622.36	-1624.32	1.95816	0.09284756
4700	-1591.91	-1593.13	1.2226	0.1348743
4710	-1603.94	-1603.57	-0.378659	0.2214419
4720	-1600.61	-1602.17	1.55632	0.1166645
4730	-1601.7	-1603.29	1.58593	0.1150076
4740	-1691.85	-1694.16	2.31026	0.0572952
4750	-1673.48	-1675.77	2.2887	0.06409296
4760	-1598.46	-1599.95	1.49244	0.1202094
4770	-1589.26	-1590.28	1.02745	0.1453081
4780	-1590.28	-1591.4	1.11693	0.1405339
4790	-1652.76	-1654.98	2.21326	0.07346803
4800	-1594.77	-1596.13	1.36018	0.127447
4810	-1692.6	-1694.91	2.31037	0.05704177
4820	-1609.6	-1611.36	1.7616	0.1049338
4830	-1595.6	-1597	1.39329	0.1256462
4840	-1590.3	-1590.63	0.32461	0.1828292
4850	-1660.46	-1662.71	2.24852	0.06972697
4860	-1688.58	-1690.89	2.30913	0.05842102
4870	-1854.35	-1855.67	1.32233	0.02483277
4880	-1796.14	-1798.02	1.87884	0.0328576
4890	-1827.88	-1829.48	1.60021	0.02815834
4900	-1664.05	-1666.32	2.26191	0.06809316
4910	-1694.01	-1696.32	2.31041	0.05656925
4920	-1590.57	-1591.71	1.13842	0.1393855
4930	-1587.96	-1588.63	0.671486	0.1642529
4940	-1606.44	-1608.14	1.69822	0.1086245
4950	-1744.2	-1746.39	2.19589	0.04281095
4960	-1688.4	-1690.71	2.30904	0.05848475
4970	-1699.27	-1701.58	2.30882	0.05485475
4980	-1769.79	-1771.85	2.06236	0.03749405
4990	-1621.85	-1623.8	1.95165	0.09326967
5000	-1628.42	-1630.45	2.02793	0.08818531
5010	-1637.69	-1639.8	2.11397	0.08195049
5020	-1593.13	-1594.42	1.28679	0.1314192
5030	-1624.31	-1626.29	1.9819	0.09129102
5040	-1851	-1852.36	1.35971	0.02522755
5050	-1655.4	-1657.63	2.2264	0.07214742
5060	-1624.36	-1626.34	1.9825	0.0912513
5070	-1640.09	-1642.22	2.13284	0.08047762
5080	-1617.74	-1619.63	1.89592	0.09680966
5090	-1649.41	-1651.6	2.19487	0.07521069
5100	-1732.85	-1735.09	2.23991	0.04548288
5110	-1592.28	-1593.52	1.24308	0.1337734
5120	-1604.47	-1606.12	1.65427	0.1111438
5130	-1609.43	-1611.19	1.75845	0.1051193
5140	-1608.39	-1610.13	1.73829	0.1062997
5150	-1614.48	-1616.33	1.84649	0.0998566
5160	-1678.18	-1680.47	2.29787	0.0622393
5170	-1607.21	-1608.92	1.71429	0.1076957
5180	-1587.91	-1588.61	0.700612	0.1627012
5190	-1591.43	-1591.66	0.233989	0.1877225
5200	-1623.43	-1625.4	1.97131	0.09198927
5210	-1672.9	-1675.19	2.28739	0.06432737
5220	-1678.2	-1680.49	2.2979	0.06223184
5230	-1744.3	-1746.5	2.19544	0.04278691
5240	-1680.17	-1682.47	2.30097	0.06147739
5250	-1604.29	-1605.94	1.65023	0.1113737
5260	-1634.44	-1636.53	2.08632	0.0840299
5270	-1605.1	-1604.68	-0.420894	0.2238142
5280	-1614.36	-1613.64	-0.722276	0.2409477
5290	-1588.9	-1589.37	0.473693	0.1748193
5300	-1598.71	-1600.21	1.50039	0.1197703
5310	-1710.63	-1712.93	2.29644	0.05140358
5320	-1636.7	-1638.8	2.10577	0.08257555
5330	-1616.62	-1615.83	-0.788225	0.244747
5340	-1587.95	-1588.74	0.796688	0.1575873
5350	-1593.24	-1593.36	0.112844	0.1942974
5360	-1605.33	-1607	1.67395	0.1100193
5370	-1606.81	-1608.52	1.70608	0.1081706
5380	-1589.24	-1590.26	1.02555	0.1454092
5390	-1676.66	-1678.96	2.2952	0.06282827
5400	-1651.67	-1653.88	2.20749	0.07402664
5410	-1747.08	-1749.26	2.1832	0.04216632
5420	-1749.67	-1751.84	2.17124	0.04159619
5430	-1679.75	-1682.05	2.30034	0.06163902
5440	-1644.4	-1646.56	2.16362	0.07796027
5450	-1654.29	-1656.51	2.221	0.07269907
5460	-1589.02	-1589.47	0.458667	0.1756246
5470	-1591.62	-1592.83	1.20629	0.1357497
5480	-1590.35	-1590.67	0.320315	0.1830607
5490	-1647.36	-1649.54	2.18266	0.07631326
5500	-1668.87	-1671.14	2.27705	0.06600049
5510	-1718.22	-1720.5	2.28175	0.04926719
5520	-1716.35	-1718.63	2.28583	0.04978295
5530	-1676.08	-1678.38	2.29411	0.06305449
5540	-1751.12	-1753.28	2.16437	0.04128298
5550	-1609.82	-1611.58	1.76576	0.1046891
5560	-1588.84	-1589.82	0.980822	0.1477913
5570	-1596.51	-1596.45	-0.0649642	0.2040246
5580	-1629.85	-1631.89	2.04262	0.0871651
5590	-1589.52	-1590.58	1.05359	0.1439149
5600	-1625.75	-1627.74	1.99858	0.0901804
5610	-1597.44	-1598.9	1.45933	0.1220327
5620	-1633.95	-1636.03	2.08187	0.08435649
5630	-1591.39	-1592.59	1.19244	0.1364929
5640	-1600.19	-1601.74	1.54451	0.117323
5650	-1589.33	-1589.75	0.420818	0.1776549
5660	-1588.38	-1588.94	0.55513	0.1704618
5670	-1609.49	-1611.25	1.75967	0.1050476
5680	-1605.07	-1606.74	1.66802	0.1103584
5690	-1658.21	-1660.45	2.23914	0.07078835
5700	-1667.96	-1670.24	2.27445	0.06638484
5710	-1647.89	-1650.08	2.18591	0.0760234
5720	-1622.99	-1624.95	1.9659	0.09234317
5730	-1671.71	-1674	2.28456	0.06481301
5740	-1596.3	-1597.72	1.41941	0.1242202
5750	-1592.55	-1592.71	0.156561	0.1919201
5760	-1673.66	-1675.95	2.28911	0.06401933
5770	-1748.6	-1750.77	2.17626	0.04183133
5780	-1771.25	-1773.3	2.05339	0.03721697
5790	-1681.27	-1683.57	2.30247	0.06106594
5800	-1762.88	-1764.99	2.1029	0.03884167
5810	-1760.43	-1762.55	2.11653	0.03933558
5820	-1770.23	-1772.29	2.0597	0.03741107
5830	-1639.06	-1641.19	2.12493	0.08110074
5840	-1632.82	-1634.89	2.07155	0.08510806
5850	-1645.61	-1644.12	-1.49237	0.2865393
5860	-1598.18	-1598.04	-0.143723	0.2083653
5870	-1588.71	-1589.21	0.500665	0.1733749
5880	-1590.33	-1591.45	1.12056	0.14034
5890	-1590.4	-1591.52	1.12579	0.1400606
5900	-1590.85	-1592.01	1.15765	0.1383567
5910	-1590.62	-1590.92	0.297514	0.1842903
5920	-1678.67	-1676.55	-2.12078	0.3259064
5930	-1608.15	-1609.89	1.73357	0.1065754
5940	-1600.64	-1600.39	-0.249474	0.2142269
5950	-1649.13	-1651.32	2.19325	0.07535952
5960	-1714.68	-1716.96	2.28923	0.05024904
5970	-1692.27	-1694.58	2.31033	0.0571523
5980	-1760.96	-1763.07	2.11364	0.03922887
5990	-1738.73	-1740.95	2.21832	0.04407169
6000	-1735.11	-1737.34	2.23192	0.04493342
6010	-1814.54	-1816.27	1.72472	0.03002909
6020	-1794.58	-1796.47	1.89095	0.03311188
6030	-1608.14	-1609.87	1.73332	0.10659
6040	-1729.89	-1732.14	2.24975	0.04621536
6050	-1812.33	-1814.07	1.74434	0.03035321
6060	-1668.02	-1670.29	2.27461	0.06636108
6070	-1687.16	-1689.47	2.3083	0.05891968
6080	-1635.7	-1637.79	2.09728	0.08321532
6090	-1628.18	-1630.21	2.02537	0.08836136
6100	-1735.77	-1738	2.22952	0.04477478
6110	-1603.5	-1605.13	1.63139	0.1124438
6120	-1777.92	-1779.93	2.01054	0.03598168
6130	-1658.26	-1660.49	2.23935	0.07076547
6140	-1654.19	-1656.41	2.2205	0.07274928
6150	-1709.12	-1711.42	2.29877	0.05184497
6160	-1681.62	-1683.92	2.30293	0.06093554
6170	-1661.9	-1664.16	2.25412	0.06906329
6180	-1756.09	-1758.23	2.13958	0.04022808
6190	-1593.67	-1594.98	1.31221	0.1300463
6200	-1678.77	-1681.07	2.29883	0.06201268
6210	-1684.94	-1687.25	2.30655	0.05971326
6220	-1702.62	-1704.92	2.30641	0.05380376
6230	-1613.37	-1615.2	1.82842	0.1009526
6240	-1614.14	-1615.99	1.8411	0.1001844
6250	-1598.96	-1600.47	1.50817	0.1193397
6260	-1596.27	-1597.69	1.41827	0.1242825
6270	-1596.51	-1597.93	1.42677	0.123818
6280	-1596.69	-1598.13	1.43347	0.1234515
6290	-1602.25	-1603.85	1.60028	0.1142011
6300	-1588.88	-1589.87	0.985967	0.1475174
6310	-1639.45	-1641.57	2.12789	0.08086855
6320	-1809.8	-1811.56	1.76644	0.03072954
6330	-1805.66	-1807.46	1.80173	0.03135695
6340	-1641.23	-1643.37	2.14134	0.07979848
6350	-1593.83	-1595.15	1.3194	0.1296574
6360	-1588.5	-1589.03	0.534092	0.1715865
6370	-1597.41	-1598.86	1.45812	0.1220995
6380	-1588.91	-1589.89	0.988494	0.1473828
6390	-1701.67	-1703.98	2.3072	0.05409865
6400	-1675.38	-1677.67	2.29272	0.0633341
6410	-1750.08	-1752.25	2.16931	0.04150738
6420	-1674.5	-1676.8	2.29093	0.06368107
6430	-1746.78	-1748.97	2.18453	0.04223188
6440	-1588.3	-1588.87	0.571009	0.1696135
6450	-1625.94	-1627.94	2.00077	0.09003328
6460	-1657.75	-1659.99	2.23714	0.0710079
6470	-1704.45	-1706.75	2.30465	0.05324162
6480	-1685.74	-1688.04	2.30724	0.05942786
6490	-1647.57	-1649.76	2.18396	0.07619753
6500	-1832.15	-1833.71	1.55809	0.02758799
6510	-1770.87	-1772.92	2.05578	0.03728993
6520	-1737.41	-1739.64	2.22337	0.04438181
6530	-1739.15	-1741.37	2.21666	0.04397184
6540	-1633.7	-1635.78	2.07965	0.08451943
6550	-1592.8	-1594.07	1.27048	0.1322983
6560	-1595.2	-1596.58	1.37738	0.1265122
6570	-1709.88	-1712.17	2.29762	0.0516225
6580	-1710.51	-1712.81	2.29663	0.05143737
6590	-1711.97	-1714.26	2.29421	0.05101671
6600	-1662.8	-1665.05	2.25743	0.06865751
6610	-1677.85	-1680.15	2.29732	0.06236436
6620	-1617.17	-1619.05	1.88764	0.09732565
6630	-1588.35	-1589.25	0.906869	0.1517265
6640	-1599.95	-1601.49	1.53763	0.1177055
6650	-1655.43	-1657.65	2.22651	0.07213612
6660	-1610.3	-1612.07	1.77469	0.1041617
6670	-1678.61	-1680.91	2.29858	0.06207241
6680	-1715.31	-1717.6	2.28796	0.05007045
6690	-1685.65	-1687.96	2.30717	0.05945723
6700	-1677.99	-1680.28	2.29754	0.06231321
6710	-1616.1	-1617.97	1.87173	0.09831029
6720	-1587.96	-1588.63	0.672336	0.1642076
6730	-1618	-1619.9	1.89977	0.09656892
6740	-1592.27	-1593.51	1.24263	0.1337979
6750	-1591.78	-1591.99	0.208849	0.1890837
6760	-1591.46	-1591.69	0.232159	0.1878216
6770	-1592.45	-1592.61	0.163099	0.1915651
6780	-1597.03	-1596.94	-0.0898401	0.2053934
6790	-1587.89	-1588.62	0.732439	0.1610064
6800	-1599.25	-1600.76	1.51681	0.1188613
6810	-1587.91	-1588.68	0.770795	0.1589649
6820	-1590.88	-1591.16	0.276072	0.1854477
6830	-1999.4	-1993.59	-5.81414	0.6053211
6840	-1587.93	-1588.62	0.688439	0.1633496
6850	-1599.96	-1601.5	1.53783	0.1176943
6860	-1594.75	-1596.11	1.35908	0.1275067
6870	-1618.8	-1620.72	1.91108	0.09585858
6880	-1726.45	-1728.71	2.26033	0.04708774
6890	-1616.48	-1618.35	1.87739	0.09796096
6900	-1616.41	-1618.29	1.87642	0.09802119
6910	-1608.75	-1610.5	1.74538	0.1058857
6920	-1606.85	-1608.55	1.70678	0.1081302
6930	-1620.85	-1622.79	1.9388	0.09409721
6940	-1792.27	-1794.18	1.90859	0.03349284
6950	-1738.73	-1740.95	2.21832	0.04407148
6960	-1696.33	-1698.64	2.31004	0.05580321
6970	-1644.57	-1646.73	2.16476	0.07786379
6980	-1647.62	-1649.81	2.18426	0.07617088
6990	-1661.89	-1664.14	2.25406	0.06907013
7000	-1784.55	-1786.52	1.96508	0.03480454
7010	-1665.99	-1668.26	2.26838	0.06723737
7020	-1629.51	-1631.55	2.03918	0.08740539
7030	-1591.13	-1592.3	1.17569	0.1373903
7040	-1689.68	-1691.99	2.30964	0.05803842
7050	-1623.62	-1625.6	1.97371	0.09183147
7060	-1781.48	-1783.47	1.9865	0.03534401
7070	-1607.1	-1608.81	1.71205	0.1078254
7080	-1587.97	-1588.78	0.808387	0.1569649
7090	-1605	-1604.58	-0.417179	0.2236053
7100	-1615.96	-1615.19	-0.769365	0.2436585
7110	-1621.68	-1623.63	1.94952	0.09340744
7120	-1598.58	-1600.08	1.4963	0.1199962
7130	-1658.05	-1660.28	2.23844	0.0708653
7140	-1645.14	-1647.31	2.16857	0.07753912
7150	-1591.39	-1591.63	0.23682	0.1875694
7160	-1588.78	-1589.27	0.490546	0.1739167
7170	-1619.49	-1621.41	1.92056	0.09525953
7180	-1599.01	-1600.52	1.50962	0.11926
7190	-1664.33	-1666.59	2.26287	0.06796978
7200	-1802.91	-1804.74	1.82454	0.031781
7210	-1589.24	-1590.27	1.02575	0.1453984
7220	-1691.08	-1693.39	2.3101	0.05755721
7230	-1640.97	-1643.1	2.13941	0.07995367
7240	-1699.84	-1702.15	2.30848	0.05467306
7250	-1615.97	-1617.84	1.86981	0.09842856
7260	-1784.74	-1786.7	1.96375	0.03477191
7270	-1772.75	-1774.8	2.044	0.0369343
7280	-1700.28	-1702.59	2.3082	0.05453333
7290	-1670.85	-1673.13	2.28238	0.06517048
7300	-1634.1	-1636.18	2.08323	0.08425707
7310	-1588.01	-1588.84	0.825191	0.156071
7320	-1598.08	-1599.56	1.48053	0.1208665
7330	-1591.51	-1591.74	0.228001	0.1880466
7340	-1641.13	-1639.73	-1.39594	0.280677
7350	-1611.29	-1613.08	1.79271	0.1030932
7360	-1753.13	-1755.29	2.15454	0.0408513
7370	-1755.14	-1757.28	2.14447	0.04042765
7380	-1846.25	-1847.66	1.41161	0.02579951
7390	-1935.77	-1935.99	0.223076	0.01707697
7400	-1905.71	-1906.38	0.670827	0.01957427
7410	-1811.37	-1813.12	1.75277	0.03049532
7420	-1698.32	-1700.63	2.3093	0.05515879
7430	-1601.73	-1603.31	1.58656	0.1149723
7440	-1689.91	-1692.22	2.30973	0.0579595
7450	-1610.27	-1612.05	1.77422	0.1041897
7460	-1623.26	-1625.23	1.96927	0.0921228
7470	-1714.36	-1716.65	2.28984	0.05033739
7480	-1670.82	-1673.1	2.28231	0.06518309
7490	-1725.87	-1728.13	2.26202	0.04723674
7500	-1658.97	-1661.21	2.2424	0.07042596
7510	-1738.35	-1740.57	2.21979	0.04416078
7520	-1814.17	-1815.89	1.72807	0.03008382
7530	-1677.13	-1679.43	2.29606	0.06264344
7540	-1751.85	-1754.01	2.16082	0.04112509
7550	-1686.17	-1688.48	2.30758	0.05927269
7560	-1667.18	-1669.45	2.27209	0.06672284
7570	-1819.96	-1821.63	1.67542	0.02925209
7580	-1775.8	-1777.82	2.02451	0.0363696
7590	-1622.73	-1624.7	1.96278	0.09254713
7600	-1588.18	-1589.06	0.873705	0.1534906
7610	-1612.23	-1614.03	1.80907	0.1021163
7620	-1658.57	-1660.82	2.24072	0.07061357
7630	-1635.07	-1637.16	2.09183	0.08362165
7640	-1759.19	-1761.32	2.12323	0.03958727
7650	-1764.56	-1766.65	2.09338	0.03850965
7660	-1631.95	-1634.01	2.06333	0.08569986
7670	-1588.59	-1589.54	0.946562	0.1496148
7680	-1596.95	-1596.86	-0.0860598	0.2051853
7690	-1615.94	-1617.81	1.8693	0.0984602
7700	-1729.55	-1731.8	2.25085	0.04630102
7710	-1601.51	-1603.1	1.58095	0.1152868
7720	-1617.43	-1619.32	1.89152	0.09708418
7730	-1683.85	-1686.16	2.3055	0.06011018
7740	-1614.77	-1616.62	1.85107	0.09957752
7750	-1588.65	-1589.61	0.955709	0.149128
7760	-1599.2	-1600.71	1.51524	0.1189487
7770	-1589.14	-1590.15	1.01494	0.1459742
7780	-1628.52	-1630.55	2.02896	0.08811412
7790	-1664.5	-1666.76	2.26343	0.0678961
7800	-1587.89	-1588.62	0.724634	0.1614219
7810	-1592.15	-1593.38	1.23603	0.1341525
7820	-1605.01	-1604.59	-0.41758	0.2236278
7830	-1587.91	-1588.68	0.771515	0.1589266
7840	-1589.42	-1589.83	0.411398	0.1781607
7850	-1588.34	-1589.25	0.906165	0.151764
7860	-1612.38	-1614.19	1.81177	0.1019548
7870	-1718.42	-1720.7	2.28129	0.04921277
7880	-1716.14	-1718.43	2.28626	0.04983992
7890	-1673.03	-1675.32	2.28768	0.06427471
7900	-1618.87	-1620.78	1.91199	0.09580103
7910	-1604.15	-1605.79	1.64682	0.111568
7920	-1762.77	-1764.88	2.10353	0.03886397
7930	-1721.72	-1723.99	2.27332	0.04832322
7940	-1751.61	-1753.77	2.162	0.04117743
7950	-1691.96	-1694.27	2.31028	0.05725529
7960	-1799.19	-1801.04	1.85475	0.03236769
7970	-1734.6	-1736.83	2.23377	0.04505693
7980	-1651.1	-1653.31	2.20439	0.07432246
7990	-1599.21	-1600.72	1.51564	0.1189262
8000	-1589.19	-1589.63	0.437467	0.1767615
8010	-1587.89	-1588.62	0.729267	0.1611753
8020	-1611.85	-1613.65	1.80249	0.1025104
8030	-1660.85	-1663.1	2.25006	0.06954755
8040	-1611.95	-1613.75	1.80426	0.1024044
8050	-1596.34	-1597.77	1.42095	0.1241363
8060	-1603.59	-1605.22	1.63354	0.1123218
8070	-1588.18	-1589.05	0.873227	0.153516
8080	-1630.56	-1632.61	2.04977	0.08666343
8090	-1729.84	-1732.09	2.24992	0.04622873
8100	-1611.96	-1613.76	1.8044	0.1023959
8110	-1589.13	-1590.14	1.01381	0.1460347
8120	-1593.55	-1594.85	1.30645	0.1303576
8130	-1621.03	-1622.98	1.94117	0.0939451
8140	-1638.59	-1637.25	-1.33986	0.2772886
8150	-1622.75	-1621.79	-0.956717	0.2545394
8160	-1602.05	-1603.65	1.59503	0.1144964
8170	-1611.38	-1613.17	1.79426	0.1030011
8180	-1696.47	-1698.78	2.31	0.05575555
8190	-1742.94	-1745.14	2.20125	0.04309684
8200	-1697.8	-1700.11	2.30954	0.05532699
8210	-1736.22	-1738.45	2.22784	0.04466552
8220	-1613.6	-1615.43	1.83214	0.1007279
8230	-1766.04	-1768.12	2.08479	0.03821871
8240	-1908.38	-1909.01	0.632996	0.01933689
8250	-2068.44	-2066.13	-2.31545	0.009499397
8260	-1789.96	-1791.88	1.92593	0.03387981
8270	-1815.55	-1817.27	1.71566	0.02988225
8280	-1638.96	-1641.08	2.12411	0.08116474
8290	-1649.61	-1651.81	2.19605	0.07510214
8300	-1613.75	-1615.59	1.83469	0.1005735
8310	-1681.7	-1684	2.30304	0.06090323
8320	-1723.5	-1725.77	2.26865	0.04785367
8330	-1663.68	-1665.94	2.2606	0.06826079
8340	-1614.45	-1616.3	1.84609	0.09988116
8350	-1726.73	-1728.99	2.25952	0.04701653
8360	-1662.81	-1665.07	2.25749	0.06865125
8370	-1605.7	-1607.38	1.68218	0.1095474
8380	-1638.94	-1641.06	2.12392	0.08118002
8390	-1639.71	-1638.35	-1.36469	0.2787873
8400	-1597.07	-1596.98	-0.0921285	0.2055195
8410	-1601.24	-1602.82	1.57368	0.1156944
8420	-1592.87	-1593	0.136208	0.1930262
8430	-1631.18	-1630.01	-1.16834	0.2670195
8440	-1590.72	-1591.01	0.28954	0.1847206
8450	-1605.3	-1604.87	-0.428001	0.2242141
8460	-1590.46	-1591.59	1.13043	0.1398122
8470	-1797.36	-1799.23	1.8693	0.03266102
8480	-1759.04	-1761.16	2.12407	0.03961937
8490	-1668.08	-1670.35	2.27477	0.06633728
8500	-1595.32	-1596.7	1.38206	0.1262578
8510	-1660.3	-1662.55	2.24789	0.06980093
8520	-1643.27	-1645.43	2.15595	0.07860274
8530	-1683.73	-1686.04	2.30537	0.06015394
8540	-1631.73	-1633.79	2.06119	0.0858525
8550	-1622.42	-1624.38	1.95885	0.09280241
8560	-1588.54	-1589.07	0.526598	0.1719872
8570	-1600.96	-1602.52	1.56591	0.1161288
8580	-1590.29	-1591.4	1.11746	0.1405057
8590	-1679.73	-1677.59	-2.13912	0.3270864
8600	-1587.89	-1588.63	0.740666	0.1605684
8610	-1692.53	-1694.85	2.31036	0.05706218
8620	-1587.89	-1588.65	0.750673	0.1600358
8630	-1644.66	-1643.19	-1.47213	0.2853049
8640	-1594.94	-1596.31	1.36718	0.1270667
8650	-1686.81	-1689.12	2.30805	0.05904429
8660	-1671.93	-1674.22	2.28509	0.06472254
8670	-1612.01	-1613.82	1.80542	0.1023347
8680	-1621.32	-1623.27	1.94491	0.09370454
8690	-1631.96	-1634.02	2.06341	0.08569394
8700	-1651.72	-1653.93	2.20777	0.0740006
8710	-1658.89	-1661.13	2.24205	0.07046613
8720	-1769.1	-1771.16	2.0666	0.03762727
8730	-1722.7	-1724.97	2.27078	0.04806353
8740	-1698.01	-1700.32	2.30945	0.05525881
8750	-1755.71	-1757.86	2.14151	0.04030631
8760	-1685.75	-1688.06	2.30725	0.05942343
8770	-1725.21	-1727.47	2.26392	0.04740817
8780	-1618.39	-1620.29	1.90521	0.09622786
8790	-1674.57	-1676.86	2.29107	0.06365479
8800	-1649.5	-1651.7	2.19541	0.07516091
8810	-1641.34	-1643.48	2.14215	0.07973275
8820	-1604.45	-1606.11	1.65392	0.1111637
8830	-1642.79	-1644.94	2.15259	0.07888104
8840	-1612.69	-1614.51	1.81703	0.1016386
8850	-1588.59	-1589.1	0.519621	0.1723605
8860	-1587.92	-1588.61	0.696403	0.1629254
8870	-1705.93	-1708.24	2.30299	0.05279159
8880	-1805.44	-1807.24	1.80354	0.03138987
8890	-1762.62	-1764.73	2.10437	0.03889379
8900	-1713.58	-1715.87	2.29132	0.05055789
8910	-1658.44	-1660.68	2.24016	0.07067604
8920	-1638.5	-1640.62	2.12049	0.08144656
8930	-1822.23	-1823.89	1.65421	0.02893311
8940	-1659.14	-1661.39	2.24313	0.07034435
8950	-1662.9	-1665.16	2.25781	0.06861088
8960	-1866.34	-1867.52	1.18333	0.02347638
8970	-1768.97	-1771.04	2.06736	0.03765126
8980	-1648.07	-1650.26	2.187	0.07592598
8990	-1592.18	-1593.42	1.23809	0.134042
9000	-1594.98	-1595	0.0135323	0.1997184
9010	-1598.78	-1598.61	-0.170284	0.2098339
9020	-1590.56	-1590.86	0.302784	0.184006
9030	-1718.95	-1721.23	2.28008	0.04906885
9040	-1654.74	-1656.96	2.2232	0.07247513
9050	-1631.19	-1633.25	2.05601	0.08622175
9060	-1587.9	-1588.66	0.762866	0.1593869
9070	-1616.36	-1618.24	1.87571	0.09806476
9080	-1610.74	-1612.52	1.78273	0.1036859
9090	-1632.72	-1634.79	2.07062	0.08517532
9100	-1644.39	-1646.55	2.16356	0.07796507
9110	-1587.89	-1588.64	0.748418	0.1601558
9120	-1588.01	-1588.83	0.824477	0.156109
9130	-1590.88	-1591.16	0.276259	0.1854376
9140	-1642.04	-1644.19	2.14728	0.07931637
9150	-1651.23	-1653.44	2.2051	0.07425498
9160	-1687.62	-1689.93	2.30859	0.05875865
9170	-1649.66	-1651.85	2.19628	0.07508072
9180	-1888.74	-1889.64	0.902088	0.02115937
9190	-1695.15	-1697.46	2.31029	0.05618829
9200	-1642.76	-1644.91	2.15235	0.07890087
9210	-1623.25	-1625.22	1.96911	0.09213325
9220	-1588.02	-1588.84	0.827326	0.1559574
9230	-1590.91	-1592.07	1.16173	0.1381381
9240	-1609.6	-1611.36	1.76165	0.1049313
9250	-1594.84	-1596.21	1.36308	0.1272895
9260	-1651.65	-1653.86	2.20736	0.07403904
9270	-1659.78	-1662.03	2.24577	0.07004443
9280	-1681.99	-1684.3	2.3034	0.06079458
9290	-1669.02	-1671.3	2.27749	0.06593432
9300	-1706.67	-1708.97	2.3021	0.05257122
9310	-1657.53	-1659.76	2.23617	0.07111319
9320	-1686.28	-1688.59	2.30767	0.05923292
9330	-1642.6	-1644.76	2.15127	0.07898944
9340	-1602.79	-1604.4	1.6139	0.1134333
9350	-1688.04	-1690.34	2.30884	0.05861143
9360	-1615.51	-1617.37	1.86262	0.09887089
9370	-1598.99	-1600.49	1.50885	0.1193026
9380	-1636.74	-1638.85	2.10617	0.08254539
9390	-1730	-1732.25	2.24938	0.04618645
9400	-1651.36	-1653.57	2.20582	0.07418706
9410	-1769.67	-1771.73	2.06313	0.03751794
9420	-1599.29	-1600.81	1.51812	0.1187889
9430	-1712.56	-1714.85	2.29317	0.05084766
9440	-1629.67	-1631.71	2.0408	0.08729264
9450	-1610.76	-1612.55	1.78323	0.1036562
9460	-1587.92	-1588.61	0.693439	0.1630833
9470	-1604.08	-1605.73	1.64524	0.1116577
9480	-1708.85	-1711.15	2.29916	0.05192384
9490	-1690.03	-1692.34	2.30977	0.05791848
9500	-1709.63	-1711.92	2.29801	0.05169589
9510	-1591.67	-1592.88	1.20894	0.1356077
9520	-1589.61	-1590.67	1.06165	0.1434846
9530	-1603.72	-1603.35	-0.370362	0.2209767
9540	-1592.51	-1593.77	1.2557	0.1330943
9550	-1637.62	-1639.74	2.11341	0.08199306
9560	-1671.72	-1674	2.28457	0.06481149
9570	-1627.8	-1629.83	2.02133	0.08863831
9580	-1701.96	-1704.27	2.30696	0.05400688
9590	-1589.47	-1589.87	0.405799	0.1784614
9600	-1609.04	-1610.79	1.75103	0.1055547
9610	-1635.44	-1637.54	2.09511	0.08337759
9620	-1679.63	-1681.93	2.30017	0.06168367
9630	-1654.86	-1657.09	2.22381	0.07241371
9640	-1674.96	-1677.25	2.29187	0.06350099
9650	-1714.34	-1716.63	2.28988	0.05034359
9660	-1777.58	-1779.59	2.01285	0.03604483
9670	-1800.51	-1802.35	1.84412	0.03215791
9680	-1698.58	-1700.89	2.30918	0.05507392
9690	-1626.46	-1628.46	2.00659	0.0896412
9700	-1588.91	-1589.9	0.989647	0.1473214
9710	-1620.13	-1619.25	-0.886624	0.2504506
9720	-1717.16	-1719.44	2.2841	0.04955807
9730	-1757	-1759.14	2.13483	0.04003758
9740	-1621.77	-1623.72	1.95062	0.09333586
9750	-1588	-1588.82	0.819574	0.1563698
9760	-1664.58	-1662.71	-1.86797	0.3098205
9770	-1588.51	-1589.44	0.934713	0.1502453
9780	-1617.16	-1619.05	1.8876	0.09732808
9790	-1708.02	-1710.32	2.30032	0.05216771
9800	-1683.39	-1685.69	2.30501	0.06027961
9810	-1628.8	-1630.83	2.03188	0.08791226
9820	-1652.88	-1655.09	2.21386	0.07340913
9830	-1686.68	-1688.99	2.30796	0.059091
9840	-1621.11	-1623.05	1.9421	0.09388491
9850	-1640.97	-1643.11	2.13943	0.07995203
9860	-1673.38	-1675.67	2.28848	0.06413282
9870	-1606.59	-1608.29	1.70128	0.1084476
9880	-1599.91	-1599.69	-0.219049	0.2125365
9890	-1587.92	-1588.71	0.783273	0.158301
9900	-1677.77	-1680.07	2.29718	0.06239621
9910	-1747.29	-1749.47	2.18225	0.04212004
9920	-1788.23	-1790.17	1.9386	0.03417103
9930	-1680.6	-1682.91	2.30158	0.06131458
9940	-1651.37	-1653.58	2.20588	0.07418122
9950	-1648.23	-1650.42	2.18795	0.07584003
9960	-1588.84	-1589.82	0.980908	0.1477867
9970	-1605.66	-1607.35	1.68135	0.1095948
9980	-1708.55	-1710.85	2.29958	0.05201076
9990	-1590.52	-1590.83	0.305582	0.1838551
10000	-1735.25	-1737.48	2.23141	0.0448994
