Iteration	Posterior	Likelihood	Prior	birth_rate
0	-1587.91	-1588.68	0.768614	0.159081
10	-1588.23	-1589.12	0.884399	0.1529217
20	-1588.62	-1589.57	0.950649	0.1493973
30	-1588.38	-1588.94	0.554493	0.1704959
40	-1588.34	-1589.25	0.905899	0.1517781
50	-1588.12	-1588.98	0.859166	0.1542639
60	-1587.9	-1588.61	0.710824	0.1621573
70	-1587.9	-1588.61	0.711276	0.1621332
80	-1587.89	-1588.62	0.728419	0.1612204
90	-1588.45	-1589.37	0.924965	0.1507639
100	-1587.93	-1588.62	0.687825	0.1633823
110	-1588.44	-1588.98	0.544315	0.1710399
120	-1590.02	-1590.37	0.350677	0.1814253
130	-1587.91	-1588.69	0.774145	0.1587867
140	-1587.92	-1588.71	0.783789	0.1582735
150	-1588.58	-1589.52	0.944796	0.1497087
160	-1588.63	-1589.58	0.952106	0.1493197
170	-1588.84	-1589.82	0.980619	0.1478021
180	-1589.47	-1590.52	1.04894	0.1441623
190	-1588	-1588.65	0.652721	0.1652531
200	-1588.98	-1589.44	0.463533	0.1753638
210	-1588.16	-1589.03	0.869029	0.1537393
220	-1587.97	-1588.63	0.666647	0.1645108
230	-1588.06	-1588.69	0.630845	0.1664196
240	-1587.96	-1588.76	0.803621	0.1572184
250	-1588.31	-1588.88	0.5688	0.1697314
260	-1587.9	-1588.65	0.756831	0.159708
270	-1587.9	-1588.61	0.708475	0.1622824
280	-1587.99	-1588.65	0.65531	0.1651151
290	-1588.02	-1588.67	0.643473	0.1657462
300	-1588.64	-1589.15	0.511015	0.1728209
310	-1588.1	-1588.95	0.851542	0.1546694
320	-1588	-1588.81	0.819245	0.1563873
330	-1587.9	-1588.66	0.757456	0.1596748
340	-1588.53	-1589.46	0.937146	0.1501158
350	-1588.16	-1589.03	0.868943	0.1537438
360	-1589.44	-1589.84	0.409422	0.1782668
370	-1588.23	-1588.82	0.58639	0.168792
380	-1587.98	-1588.79	0.811902	0.1567779
390	-1588.22	-1589.1	0.881689	0.1530659
400	-1587.9	-1588.62	0.722467	0.1615373
410	-1588.26	-1588.84	0.579008	0.1691862
420	-1587.89	-1588.62	0.72871	0.1612049
430	-1587.9	-1588.66	0.762458	0.1594086
440	-1587.93	-1588.72	0.787318	0.1580858
450	-1587.9	-1588.61	0.713187	0.1620314
460	-1588.19	-1588.78	0.59595	0.1682816
470	-1588.28	-1588.86	0.574301	0.1694376
480	-1588.17	-1589.04	0.871031	0.1536328
490	-1587.98	-1588.79	0.813508	0.1566925
500	-1589.14	-1590.16	1.01562	0.1459384
510	-1587.93	-1588.62	0.686603	0.1634475
520	-1587.98	-1588.64	0.661163	0.1648031
530	-1587.96	-1588.63	0.670769	0.1642911
540	-1590.37	-1591.49	1.12347	0.1401845
550	-1588.43	-1589.35	0.920987	0.1509755
560	-1588.43	-1588.97	0.546338	0.1709318
570	-1587.91	-1588.67	0.767751	0.1591269
580	-1587.93	-1588.72	0.789026	0.1579949
590	-1588.23	-1588.81	0.587251	0.168746
600	-1588.86	-1589.34	0.479792	0.1744926
610	-1588	-1588.83	0.822399	0.1562195
620	-1587.94	-1588.62	0.680297	0.1637834
630	-1588.2	-1589.08	0.878622	0.153229
640	-1588.87	-1589.35	0.477632	0.1746083
650	-1588	-1588.82	0.820437	0.1563239
660	-1589.48	-1589.88	0.405086	0.1784997
670	-1588.09	-1588.71	0.622299	0.1668755
680	-1588.03	-1588.87	0.833193	0.1556453
690	-1588.24	-1589.12	0.885829	0.1528457
700	-1588.5	-1589.43	0.93248	0.1503641
710	-1589.48	-1590.53	1.04951	0.144132
720	-1589.06	-1589.51	0.453728	0.1758894
730	-1588.62	-1589.14	0.513407	0.172693
740	-1587.91	-1588.68	0.772187	0.1588909
750	-1587.96	-1588.77	0.80547	0.15712
760	-1588.01	-1588.83	0.823233	0.1561752
770	-1588.14	-1589	0.86341	0.1540382
780	-1588.64	-1589.59	0.95374	0.1492328
790	-1588.01	-1588.66	0.649359	0.1654323
800	-1588.01	-1588.66	0.647084	0.1655537
810	-1587.97	-1588.64	0.664934	0.1646021
820	-1587.92	-1588.69	0.777257	0.158621
830	-1588.28	-1589.17	0.894385	0.1523906
840	-1588.99	-1589.46	0.461319	0.1754824
850	-1588.35	-1589.26	0.908293	0.1516508
860	-1590.55	-1591.68	1.13651	0.1394875
870	-1587.99	-1588.8	0.815159	0.1566046
880	-1588.47	-1589.01	0.53806	0.1713743
890	-1588.07	-1588.7	0.626976	0.166626
900	-1587.9	-1588.66	0.7585	0.1596192
910	-1588.43	-1589.36	0.922401	0.1509003
920	-1587.89	-1588.63	0.738012	0.1607097
930	-1588.04	-1588.87	0.834694	0.1555655
940	-1587.96	-1588.63	0.671105	0.1642732
950	-1588.55	-1589.08	0.524643	0.1720918
960	-1588.22	-1588.81	0.587536	0.1687308
970	-1587.92	-1588.7	0.781289	0.1584065
980	-1587.89	-1588.62	0.725239	0.1613897
990	-1588.36	-1589.27	0.908916	0.1516176
1000	-1588.19	-1589.07	0.875803	0.153379
1010	-1590.52	-1590.83	0.30551	0.1838589
1020	-1587.89	-1588.62	0.732072	0.1610259
1030	-1588.03	-1588.86	0.832254	0.1556953
1040	-1588.46	-1589	0.539839	0.1712792
1050	-1587.93	-1588.62	0.687599	0.1633944
1060	-1589.13	-1590.15	1.01436	0.1460055
1070	-1589.85	-1590.94	1.08274	0.1423596
1080	-1587.89	-1588.62	0.727672	0.1612602
1090	-1589.32	-1589.74	0.422791	0.177549
1100	-1587.93	-1588.72	0.788895	0.1580018
1110	-1587.89	-1588.64	0.746215	0.1602731
1120	-1587.92	-1588.62	0.690382	0.1632461
1130	-1588.39	-1588.94	0.553613	0.1705429
1140	-1588.24	-1588.83	0.583386	0.1689524
1150	-1588.36	-1589.28	0.910454	0.1515358
1160	-1588.52	-1589.05	0.529596	0.1718269
1170	-1587.93	-1588.62	0.684563	0.1635561
1180	-1588.09	-1588.94	0.850629	0.1547179
1190	-1588.16	-1588.76	0.602285	0.1679434
1200	-1587.94	-1588.73	0.792095	0.1578316
1210	-1587.9	-1588.61	0.711957	0.162097
1220	-1588.02	-1588.66	0.64495	0.1656674
1230	-1587.92	-1588.61	0.692964	0.1631086
1240	-1587.92	-1588.7	0.77923	0.1585161
1250	-1587.9	-1588.65	0.753687	0.1598753
1260	-1590.06	-1591.16	1.09977	0.1414505
1270	-1587.91	-1588.61	0.701692	0.1626436
1280	-1587.92	-1588.7	0.781119	0.1584156
1290	-1587.91	-1588.61	0.702043	0.162625
1300	-1588.9	-1589.89	0.987906	0.1474142
1310	-1588.51	-1589.45	0.935335	0.1502121
1320	-1588.19	-1589.06	0.874695	0.1534379
1330	-1588.35	-1589.26	0.907458	0.1516952
1340	-1587.9	-1588.66	0.76066	0.1595043
1350	-1588.11	-1588.97	0.855877	0.1544388
1360	-1588.67	-1589.18	0.505875	0.173096
1370	-1587.91	-1588.68	0.770395	0.1589862
1380	-1588.23	-1588.82	0.585525	0.1688382
1390	-1590.03	-1590.38	0.349686	0.1814787
1400	-1587.89	-1588.63	0.742493	0.1604712
1410	-1588.26	-1588.84	0.579202	0.1691759
1420	-1587.95	-1588.63	0.672522	0.1641977
1430	-1588.13	-1588.74	0.60978	0.1675434
1440	-1589.03	-1590.03	1.00303	0.1466089
1450	-1588.51	-1589.04	0.531578	0.1717209
1460	-1587.92	-1588.61	0.697013	0.1628929
1470	-1587.95	-1588.75	0.79961	0.1574318
1480	-1587.93	-1588.62	0.68382	0.1635957
1490	-1588.47	-1589.01	0.539224	0.1713121
1500	-1588.03	-1588.86	0.831834	0.1557176
1510	-1587.91	-1588.61	0.700376	0.1627138
1520	-1588.15	-1588.75	0.606016	0.1677443
1530	-1589.28	-1589.71	0.426753	0.1773364
1540	-1588.4	-1589.32	0.9171	0.1511823
1550	-1588.38	-1589.29	0.912326	0.1514362
1560	-1587.9	-1588.61	0.711751	0.1621079
1570	-1588.93	-1589.92	0.99101	0.1472489
1580	-1588.56	-1589.08	0.524278	0.1721113
1590	-1587.91	-1588.61	0.704282	0.1625057
1600	-1588	-1588.82	0.819413	0.1563783
1610	-1587.94	-1588.62	0.680418	0.163777
1620	-1588.35	-1588.91	0.560315	0.1701848
1630	-1587.92	-1588.71	0.783236	0.158303
1640	-1587.96	-1588.63	0.670941	0.164282
1650	-1589.65	-1590.04	0.386225	0.1795132
1660	-1588.06	-1588.69	0.631017	0.1664104
1670	-1587.89	-1588.64	0.74298	0.1604453
1680	-1587.91	-1588.61	0.703139	0.1625666
1690	-1588.87	-1589.35	0.477128	0.1746353
1700	-1588.2	-1589.07	0.876655	0.1533337
1710	-1588.14	-1589.01	0.863733	0.154021
1720	-1587.96	-1588.63	0.671471	0.1642537
1730	-1588.15	-1589.01	0.864975	0.1539549
1740	-1589.78	-1590.16	0.373375	0.180204
1750	-1588.07	-1588.7	0.62649	0.1666519
1760	-1588.84	-1589.82	0.98052	0.1478074
1770	-1588.99	-1589.45	0.462019	0.1754449
1780	-1587.89	-1588.64	0.748645	0.1601437
1790	-1588.7	-1589.2	0.50248	0.1732777
1800	-1588.24	-1588.83	0.583272	0.1689585
1810	-1588.5	-1589.03	0.533426	0.1716221
1820	-1588.04	-1588.68	0.636676	0.1661087
1830	-1588.3	-1588.87	0.571105	0.1696083
1840	-1587.89	-1588.63	0.734122	0.1609168
1850	-1587.98	-1588.8	0.814932	0.1566167
1860	-1588.06	-1588.69	0.630057	0.1664617
1870	-1587.93	-1588.62	0.685527	0.1635048
1880	-1591.3	-1591.55	0.243585	0.1872035
1890	-1588.18	-1589.05	0.87225	0.153568
1900	-1587.9	-1588.62	0.717464	0.1618037
1910	-1587.98	-1588.64	0.659173	0.1649092
1920	-1587.9	-1588.67	0.76648	0.1591946
1930	-1588.5	-1589.03	0.533787	0.1716028
1940	-1588.31	-1588.88	0.568472	0.169749
1950	-1590.83	-1591.11	0.280469	0.1852103
1960	-1587.96	-1588.76	0.80372	0.1572132
1970	-1589.18	-1590.2	1.01932	0.1457409
1980	-1587.89	-1588.63	0.741441	0.1605272
1990	-1588.19	-1588.78	0.596543	0.1682499
2000	-1588.35	-1589.26	0.908487	0.1516405
2010	-1588.03	-1588.67	0.641424	0.1658555
2020	-1588.83	-1589.81	0.979816	0.1478449
2030	-1588.55	-1589.07	0.526004	0.172019
2040	-1588.43	-1588.98	0.545618	0.1709702
2050	-1588.62	-1589.58	0.951697	0.1493415
2060	-1588.33	-1589.23	0.903554	0.1519029
2070	-1591.51	-1591.73	0.228417	0.1880241
2080	-1587.98	-1588.64	0.65878	0.1649301
2090	-1588.16	-1588.77	0.60206	0.1679555
2100	-1587.94	-1588.62	0.677863	0.1639131
2110	-1588.16	-1588.76	0.603894	0.1678576
2120	-1588.21	-1588.8	0.591649	0.1685112
2130	-1587.92	-1588.61	0.692927	0.1631105
2140	-1588.73	-1589.22	0.498032	0.1735159
2150	-1588.36	-1588.92	0.558847	0.1702632
2160	-1588.19	-1588.79	0.595584	0.1683011
2170	-1587.93	-1588.62	0.68519	0.1635227
2180	-1588.99	-1589.46	0.461326	0.1754821
2190	-1588.31	-1588.88	0.569026	0.1697194
2200	-1588.16	-1588.76	0.603271	0.1678908
2210	-1587.9	-1588.65	0.752073	0.1599613
2220	-1588.23	-1589.11	0.884188	0.152933
2230	-1587.91	-1588.69	0.775714	0.1587032
2240	-1587.99	-1588.65	0.655776	0.1650902
2250	-1588.07	-1588.7	0.628129	0.1665645
2260	-1589.25	-1590.28	1.02692	0.1453362
2270	-1588.17	-1588.77	0.600036	0.1680635
2280	-1588.19	-1588.78	0.596547	0.1682497
2290	-1590.09	-1590.44	0.343659	0.1818031
2300	-1588.34	-1588.9	0.56364	0.1700071
2310	-1590.19	-1591.3	1.11036	0.1408849
2320	-1588.66	-1589.61	0.956487	0.1490866
2330	-1588.16	-1588.76	0.603474	0.16788
2340	-1587.95	-1588.62	0.676539	0.1639837
2350	-1587.89	-1588.63	0.739274	0.1606426
2360	-1588.09	-1588.71	0.621567	0.1669145
2370	-1588.74	-1589.24	0.495897	0.1736302
2380	-1588.66	-1589.62	0.956971	0.1490608
2390	-1588.05	-1588.68	0.635187	0.166188
2400	-1587.94	-1588.62	0.683227	0.1636273
2410	-1587.89	-1588.64	0.746796	0.1602421
2420	-1588.1	-1588.95	0.852466	0.1546202
2430	-1588.08	-1588.92	0.846359	0.1549451
2440	-1588.62	-1589.57	0.951562	0.1493487
2450	-1587.9	-1588.61	0.713569	0.1620111
2460	-1589.04	-1590.05	1.00444	0.1465337
2470	-1587.9	-1588.65	0.756692	0.1597154
2480	-1587.92	-1588.61	0.692096	0.1631548
2490	-1588.45	-1588.99	0.542999	0.1711102
2500	-1590.72	-1591.01	0.289363	0.1847301
2510	-1587.91	-1588.61	0.705506	0.1624405
2520	-1588.29	-1588.86	0.573567	0.1694768
2530	-1588.34	-1589.24	0.90523	0.1518137
2540	-1588.26	-1589.16	0.89136	0.1525515
2550	-1587.96	-1588.63	0.669098	0.1643802
2560	-1587.92	-1588.7	0.780218	0.1584635
2570	-1589.36	-1589.77	0.418198	0.1777956
2580	-1589.49	-1590.54	1.05019	0.1440959
2590	-1589.18	-1589.62	0.438579	0.1767018
2600	-1588.12	-1588.98	0.858048	0.1543233
2610	-1588.36	-1588.92	0.5589	0.1702604
2620	-1587.98	-1588.79	0.813255	0.1567059
2630	-1588.23	-1589.11	0.883614	0.1529635
2640	-1587.9	-1588.67	0.763572	0.1593493
2650	-1587.9	-1588.62	0.718409	0.1617534
2660	-1588.02	-1588.84	0.827179	0.1559652
2670	-1590.9	-1592.06	1.16092	0.1381816
2680	-1588.62	-1589.13	0.514129	0.1726543
2690	-1589.1	-1590.11	1.01076	0.1461972
2700	-1588.01	-1588.84	0.82501	0.1560806
2710	-1588.76	-1589.25	0.493639	0.173751
2720	-1588.84	-1589.82	0.979932	0.1478387
2730	-1587.89	-1588.63	0.740409	0.1605821
2740	-1588.05	-1588.89	0.838094	0.1553847
2750	-1588.15	-1588.75	0.606549	0.1677159
2760	-1587.93	-1588.62	0.690205	0.1632555
2770	-1589.28	-1589.71	0.42648	0.177351
2780	-1590.3	-1590.63	0.324913	0.1828129
2790	-1588.09	-1588.94	0.850348	0.1547329
2800	-1588.05	-1588.88	0.83671	0.1554583
2810	-1588.54	-1589.48	0.939599	0.1499853
2820	-1589.28	-1589.71	0.426352	0.1773579
2830	-1588.02	-1588.85	0.828124	0.155915
2840	-1587.93	-1588.72	0.788566	0.1580193
2850	-1587.95	-1588.74	0.796783	0.1575822
2860	-1587.94	-1588.62	0.679468	0.1638276
2870	-1588.19	-1588.78	0.595893	0.1682846
2880	-1588.13	-1588.74	0.611176	0.167469
2890	-1588.46	-1589.38	0.926159	0.1507003
2900	-1588.2	-1589.08	0.87799	0.1532627
2910	-1588.07	-1588.7	0.626482	0.1666524
2920	-1590.45	-1591.58	1.12943	0.1398659
2930	-1589.28	-1589.71	0.426522	0.1773488
2940	-1587.93	-1588.62	0.686404	0.163458
2950	-1588.1	-1588.72	0.618078	0.1671007
2960	-1587.91	-1588.69	0.775124	0.1587346
2970	-1588.65	-1589.61	0.955517	0.1491382
2980	-1587.94	-1588.74	0.795794	0.1576348
2990	-1590.12	-1590.46	0.341486	0.1819202
3000	-1587.96	-1588.76	0.801956	0.157307
3010	-1588.23	-1588.82	0.586135	0.1688056
3020	-1588.16	-1588.76	0.60227	0.1679442
3030	-1588.21	-1589.09	0.880491	0.1531296
3040	-1587.92	-1588.61	0.695756	0.1629599
3050	-1588.12	-1588.73	0.613974	0.1673196
3060	-1587.93	-1588.71	0.784514	0.158235
3070	-1587.96	-1588.63	0.668172	0.1644295
3080	-1589.13	-1590.14	1.01388	0.1460311
3090	-1587.91	-1588.68	0.76941	0.1590386
3100	-1588.11	-1588.96	0.854345	0.1545203
3110	-1589	-1589.46	0.460887	0.1755056
3120	-1587.89	-1588.63	0.735791	0.160828
3130	-1588.8	-1589.77	0.975303	0.1480851
3140	-1588.18	-1588.78	0.598769	0.1681311
3150	-1588.08	-1588.71	0.624543	0.1667558
3160	-1588.01	-1588.66	0.648459	0.1654803
3170	-1588.86	-1589.34	0.479372	0.1745151
3180	-1589.05	-1589.51	0.454233	0.1758623
3190	-1587.89	-1588.64	0.749769	0.1600839
3200	-1588.74	-1589.71	0.967598	0.1484953
3210	-1588.46	-1589.39	0.927265	0.1506415
3220	-1589.68	-1590.75	1.06824	0.1431332
3230	-1588.46	-1589.38	0.92597	0.1507104
3240	-1588.13	-1588.99	0.860372	0.1541997
3250	-1587.89	-1588.64	0.743214	0.1604328
3260	-1588.59	-1589.11	0.519375	0.1723736
3270	-1588.07	-1588.91	0.843524	0.1550958
3280	-1588.15	-1589.01	0.865464	0.1539289
3290	-1588.98	-1589.97	0.996771	0.1469421
3300	-1587.9	-1588.61	0.715685	0.1618985
3310	-1588.02	-1588.67	0.643441	0.1657479
3320	-1588.17	-1589.04	0.870526	0.1536597
3330	-1588.77	-1589.74	0.971463	0.1482895
3340	-1590.12	-1591.22	1.10427	0.1412103
3350	-1588.92	-1589.91	0.990696	0.1472656
3360	-1587.93	-1588.71	0.783957	0.1582646
3370	-1587.98	-1588.64	0.661512	0.1647845
3380	-1588.15	-1588.75	0.60663	0.1677116
3390	-1587.9	-1588.62	0.718654	0.1617403
3400	-1589.19	-1589.63	0.43688	0.176793
3410	-1588.03	-1588.87	0.832959	0.1556578
3420	-1588.17	-1588.77	0.600963	0.168014
3430	-1587.94	-1588.62	0.681257	0.1637323
3440	-1588.01	-1588.66	0.649069	0.1654478
3450	-1587.89	-1588.62	0.724746	0.161416
3460	-1587.92	-1588.69	0.777261	0.1586208
3470	-1590.32	-1590.64	0.323179	0.1829064
3480	-1590.28	-1591.4	1.11724	0.1405175
3490	-1587.99	-1588.65	0.657289	0.1650096
3500	-1587.94	-1588.74	0.793959	0.1577324
3510	-1588.5	-1589.03	0.534238	0.1715786
3520	-1588.62	-1589.58	0.951771	0.1493376
3530	-1587.9	-1588.66	0.763078	0.1593756
3540	-1587.93	-1588.62	0.687764	0.1633856
3550	-1588.19	-1589.07	0.875672	0.153386
3560	-1588.53	-1589.06	0.528578	0.1718814
3570	-1588.11	-1588.72	0.61712	0.1671518
3580	-1587.9	-1588.66	0.761438	0.1594628
3590	-1588.26	-1588.84	0.578593	0.1692083
3600	-1588	-1588.65	0.652316	0.1652747
3610	-1589.58	-1589.98	0.393769	0.1791077
3620	-1587.91	-1588.69	0.776017	0.1586871
3630	-1588.18	-1588.78	0.598361	0.1681529
3640	-1587.96	-1588.76	0.803435	0.1572283
3650	-1588.21	-1588.8	0.590752	0.1685591
3660	-1588.45	-1589.37	0.924525	0.1507872
3670	-1587.94	-1588.73	0.792668	0.1578011
3680	-1588.25	-1588.83	0.581759	0.1690393
3690	-1588.64	-1589.6	0.954289	0.1492036
3700	-1589.33	-1589.75	0.421323	0.1776278
3710	-1588.05	-1588.68	0.634271	0.1662369
3720	-1588.31	-1588.88	0.568911	0.1697255
3730	-1588.22	-1589.1	0.881091	0.1530977
3740	-1589.84	-1590.93	1.0821	0.142394
3750	-1588.21	-1588.8	0.591466	0.168521
3760	-1588.6	-1589.12	0.51745	0.1724766
3770	-1587.9	-1588.65	0.756224	0.1597403
3780	-1588.77	-1589.74	0.971754	0.148274
3790	-1590.12	-1591.22	1.10437	0.1412051
3800	-1587.89	-1588.63	0.740844	0.160559
3810	-1587.99	-1588.65	0.655514	0.1651042
3820	-1587.91	-1588.61	0.701757	0.1626402
3830	-1587.9	-1588.66	0.761489	0.1594602
3840	-1587.91	-1588.61	0.704906	0.1624725
3850	-1588.59	-1589.54	0.947504	0.1495646
3860	-1589.73	-1590.81	1.07266	0.1428977
3870	-1588.66	-1589.17	0.507783	0.1729939
3880	-1588.23	-1589.12	0.884294	0.1529273
3890	-1588.03	-1588.67	0.64097	0.1658796
3900	-1587.89	-1588.62	0.724713	0.1614178
3910	-1588.02	-1588.66	0.646343	0.1655932
3920	-1588.81	-1589.29	0.486222	0.1741482
3930	-1588.13	-1588.74	0.61024	0.1675189
3940	-1588.07	-1588.7	0.627713	0.1665867
3950	-1587.96	-1588.77	0.804694	0.1571613
3960	-1588.13	-1588.74	0.610804	0.1674888
3970	-1588.25	-1589.14	0.887827	0.1527394
3980	-1590.61	-1590.91	0.298505	0.1842368
3990	-1590.06	-1590.4	0.347167	0.1816143
4000	-1587.89	-1588.63	0.740464	0.1605792
4010	-1587.98	-1588.64	0.659984	0.1648659
4020	-1588.9	-1589.37	0.474039	0.1748008
4030	-1587.91	-1588.61	0.699625	0.1627538
4040	-1588.7	-1589.2	0.502331	0.1732857
4050	-1589.54	-1589.94	0.397936	0.1788838
4060	-1588.3	-1588.87	0.570639	0.1696332
4070	-1588.15	-1588.75	0.605642	0.1677643
4080	-1587.98	-1588.64	0.660843	0.1648201
4090	-1587.93	-1588.62	0.686525	0.1634516
4100	-1587.91	-1588.68	0.770894	0.1589597
4110	-1589.05	-1589.5	0.454716	0.1758365
4120	-1587.93	-1588.72	0.78724	0.1580899
4130	-1587.89	-1588.63	0.737941	0.1607135
4140	-1587.89	-1588.63	0.737991	0.1607109
4150	-1587.89	-1588.64	0.743634	0.1604105
4160	-1588.27	-1588.85	0.576661	0.1693116
4170	-1588.13	-1588.74	0.610213	0.1675203
4180	-1589.16	-1589.6	0.440561	0.1765955
4190	-1588.34	-1588.9	0.563378	0.1700211
4200	-1588.91	-1589.9	0.988772	0.147368
4210	-1588.35	-1589.26	0.90838	0.1516462
4220	-1588.07	-1588.91	0.842997	0.1551239
4230	-1588.01	-1588.83	0.824514	0.156107
4240	-1588.09	-1588.71	0.622127	0.1668846
4250	-1587.93	-1588.71	0.785663	0.1581738
4260	-1587.99	-1588.81	0.818641	0.1564194
4270	-1589.01	-1589.47	0.459797	0.1755641
4280	-1588.29	-1588.87	0.572456	0.1695362
4290	-1587.94	-1588.62	0.678737	0.1638665
4300	-1588.38	-1588.94	0.555056	0.1704658
4310	-1587.91	-1588.61	0.699727	0.1627483
4320	-1588.21	-1589.09	0.879207	0.1531979
4330	-1588.91	-1589.38	0.472883	0.1748627
4340	-1588.01	-1588.66	0.648757	0.1654645
4350	-1587.93	-1588.62	0.686312	0.1634629
4360	-1588.09	-1588.94	0.850064	0.154748
4370	-1588.97	-1589.43	0.464748	0.1752987
4380	-1588.52	-1589.46	0.936891	0.1501294
4390	-1587.91	-1588.61	0.703095	0.1625689
4400	-1587.9	-1588.65	0.756443	0.1597287
4410	-1588.2	-1588.79	0.593545	0.16841
4420	-1587.89	-1588.62	0.72752	0.1612683
4430	-1588.53	-1589.06	0.528077	0.1719081
4440	-1587.89	-1588.65	0.751377	0.1599983
4450	-1588.68	-1589.64	0.959613	0.1489202
4460	-1588.85	-1589.83	0.981246	0.1477687
4470	-1588.16	-1588.76	0.602789	0.1679165
4480	-1587.89	-1588.62	0.727394	0.161275
4490	-1587.9	-1588.65	0.757216	0.1596876
4500	-1588.56	-1589.08	0.523704	0.1721421
4510	-1588.93	-1589.4	0.470238	0.1750044
4520	-1589.16	-1589.6	0.440952	0.1765746
4530	-1591.94	-1592.13	0.19778	0.1896836
4540	-1589.67	-1590.74	1.0669	0.1432048
4550	-1588.64	-1589.15	0.510565	0.172845
4560	-1587.99	-1588.8	0.815195	0.1566027
4570	-1588.01	-1588.83	0.823516	0.1561601
4580	-1588.2	-1588.79	0.593573	0.1684085
4590	-1587.96	-1588.63	0.671788	0.1642368
4600	-1587.89	-1588.63	0.735408	0.1608483
4610	-1588.13	-1588.99	0.860616	0.1541868
4620	-1588.4	-1588.95	0.5521	0.1706238
4630	-1588.76	-1589.26	0.492799	0.173796
4640	-1588.98	-1589.97	0.997005	0.1469296
4650	-1588.55	-1589.07	0.525996	0.1720194
4660	-1588.3	-1589.19	0.897675	0.1522156
4670	-1589.29	-1590.32	1.03058	0.145141
4680	-1587.95	-1588.63	0.674657	0.164084
4690	-1588.01	-1588.83	0.823438	0.1561643
4700	-1587.9	-1588.61	0.709205	0.1622435
4710	-1587.91	-1588.69	0.775521	0.1587135
4720	-1588.25	-1588.84	0.58066	0.1690979
4730	-1587.98	-1588.64	0.661015	0.164811
4740	-1589.58	-1589.97	0.394287	0.1790799
4750	-1589	-1589.46	0.461311	0.1754829
4760	-1588.54	-1589.07	0.527215	0.1719542
4770	-1588	-1588.65	0.653757	0.1651979
4780	-1587.9	-1588.61	0.711889	0.1621006
4790	-1588.76	-1589.73	0.970372	0.1483476
4800	-1587.89	-1588.63	0.742232	0.1604851
4810	-1588.85	-1589.33	0.480934	0.1744314
4820	-1587.99	-1588.64	0.657554	0.1649955
4830	-1588.9	-1589.37	0.473963	0.1748049
4840	-1588.84	-1589.32	0.48169	0.174391
4850	-1588.08	-1588.93	0.848344	0.1548395
4860	-1588.36	-1589.27	0.909424	0.1515906
4870	-1588.1	-1588.72	0.620178	0.1669887
4880	-1587.93	-1588.72	0.788305	0.1580332
4890	-1589.31	-1590.34	1.03304	0.1450099
4900	-1588.46	-1589.39	0.926641	0.1506747
4910	-1587.98	-1588.8	0.813566	0.1566894
4920	-1587.98	-1588.64	0.659223	0.1649065
4930	-1587.94	-1588.73	0.792378	0.1578165
4940	-1589.19	-1589.63	0.437177	0.1767771
4950	-1587.89	-1588.62	0.728617	0.1612099
4960	-1588.38	-1589.29	0.913101	0.151395
4970	-1587.89	-1588.64	0.750513	0.1600443
4980	-1592.98	-1594.26	1.27945	0.1318149
4990	-1588.83	-1589.31	0.483131	0.1743137
5000	-1590.48	-1591.61	1.13163	0.1397484
5010	-1587.94	-1588.73	0.792319	0.1578197
5020	-1587.91	-1588.61	0.702826	0.1625832
5030	-1587.92	-1588.7	0.780017	0.1584742
5040	-1589.25	-1590.28	1.02729	0.1453165
5050	-1587.93	-1588.72	0.788442	0.158026
5060	-1588.55	-1589.08	0.525319	0.1720557
5070	-1587.93	-1588.62	0.684342	0.1635679
5080	-1588	-1588.65	0.65179	0.1653028
5090	-1589	-1590	1.00014	0.1467628
5100	-1588.05	-1588.68	0.634327	0.1662339
5110	-1587.94	-1588.62	0.683232	0.163627
5120	-1587.89	-1588.64	0.749628	0.1600914
5130	-1588.75	-1589.25	0.49425	0.1737183
5140	-1587.91	-1588.61	0.705699	0.1624302
5150	-1590.1	-1591.21	1.10325	0.1412648
5160	-1588.91	-1589.38	0.472986	0.1748572
5170	-1588.08	-1588.92	0.845921	0.1549684
5180	-1588.19	-1588.78	0.595793	0.16829
5190	-1588.24	-1589.13	0.886345	0.1528183
5200	-1588.63	-1589.14	0.513099	0.1727094
5210	-1588.14	-1589	0.863513	0.1540327
5220	-1587.91	-1588.61	0.700908	0.1626854
5230	-1588.44	-1589.37	0.923667	0.1508329
5240	-1589.53	-1590.58	1.05409	0.1438877
5250	-1588.62	-1589.13	0.514125	0.1726545
5260	-1588.21	-1588.8	0.591609	0.1685133
5270	-1588.17	-1589.05	0.871499	0.1536079
5280	-1589.13	-1590.14	1.01367	0.146042
5290	-1587.96	-1588.76	0.803454	0.1572273
5300	-1588.13	-1589	0.861756	0.1541261
5310	-1589.44	-1590.48	1.04549	0.1443462
5320	-1587.98	-1588.79	0.811384	0.1568054
5330	-1587.92	-1588.7	0.77944	0.1585049
5340	-1587.99	-1588.81	0.817346	0.1564883
5350	-1588.33	-1589.24	0.904269	0.1518648
5360	-1589	-1590	0.999492	0.1467972
5370	-1588.38	-1588.94	0.554599	0.1704902
5380	-1587.97	-1588.78	0.809484	0.1569065
5390	-1588.51	-1589.05	0.531293	0.1717362
5400	-1587.99	-1588.64	0.65815	0.1649637
5410	-1588.13	-1588.74	0.610406	0.1675101
5420	-1589.11	-1589.56	0.446502	0.1762769
5430	-1588.78	-1589.27	0.490346	0.1739274
5440	-1589.14	-1590.16	1.01526	0.1459573
5450	-1587.89	-1588.63	0.734781	0.1608817
5460	-1588.7	-1589.67	0.962832	0.1487489
5470	-1587.9	-1588.62	0.720182	0.161659
5480	-1588.16	-1588.76	0.604018	0.1678509
5490	-1588.1	-1588.95	0.851624	0.154665
5500	-1589.18	-1589.62	0.438525	0.1767047
5510	-1587.89	-1588.64	0.743757	0.1604039
5520	-1587.9	-1588.61	0.714426	0.1619655
5530	-1588.59	-1589.53	0.946485	0.1496189
5540	-1588.43	-1589.35	0.921613	0.1509422
5550	-1587.89	-1588.63	0.738426	0.1606877
5560	-1589.08	-1589.53	0.451159	0.1760272
5570	-1588.32	-1589.22	0.90181	0.1519956
5580	-1588.08	-1588.7	0.625019	0.1667304
5590	-1587.9	-1588.62	0.721953	0.1615647
5600	-1588.04	-1588.68	0.636077	0.1661406
5610	-1587.96	-1588.77	0.805303	0.1571289
5620	-1588.01	-1588.83	0.824007	0.156134
5630	-1588.71	-1589.21	0.500167	0.1734015
5640	-1588.24	-1589.13	0.886208	0.1528256
5650	-1588.41	-1589.32	0.917781	0.151146
5660	-1588.07	-1588.7	0.626842	0.1666332
5670	-1588.1	-1588.72	0.618485	0.167079
5680	-1587.9	-1588.62	0.720777	0.1616273
5690	-1587.9	-1588.65	0.753721	0.1598736
5700	-1588.07	-1588.7	0.627852	0.1665793
5710	-1588.52	-1589.05	0.530079	0.1718011
5720	-1589.79	-1590.87	1.07746	0.1426417
5730	-1587.94	-1588.74	0.795709	0.1576394
5740	-1588.51	-1589.05	0.531293	0.1717362
5750	-1589.63	-1590.69	1.06345	0.1433886
5760	-1587.98	-1588.8	0.813693	0.1566826
5770	-1588.08	-1588.93	0.848036	0.1548559
5780	-1588.06	-1588.69	0.629932	0.1664683
5790	-1588.43	-1588.98	0.545106	0.1709976
5800	-1588.11	-1588.96	0.854695	0.1545017
5810	-1588.12	-1588.98	0.857859	0.1543334
5820	-1589.24	-1590.27	1.02612	0.1453785
5830	-1589.32	-1590.35	1.03392	0.1449631
5840	-1589.25	-1589.68	0.429966	0.177164
5850	-1588.53	-1589.06	0.528118	0.1719059
5860	-1588.41	-1588.96	0.549358	0.1707703
5870	-1589.89	-1590.25	0.363089	0.1807573
5880	-1588.46	-1589.39	0.926864	0.1506628
5890	-1588.48	-1589.02	0.537032	0.1714292
5900	-1588.22	-1589.1	0.881922	0.1530535
5910	-1591.11	-1592.29	1.17493	0.137431
5920	-1588.82	-1589.8	0.97814	0.1479341
5930	-1588.33	-1588.9	0.564562	0.1699579
5940	-1588	-1588.83	0.822777	0.1561994
5950	-1588.27	-1588.84	0.578332	0.1692223
5960	-1588	-1588.65	0.652121	0.1652851
5970	-1588.13	-1588.74	0.609666	0.1675496
5980	-1588.99	-1589.99	0.998159	0.1468682
5990	-1588.01	-1588.66	0.648667	0.1654693
6000	-1588.33	-1588.89	0.565588	0.169903
6010	-1587.9	-1588.67	0.765847	0.1592282
6020	-1589.03	-1589.49	0.456305	0.1757513
6030	-1589.58	-1590.63	1.05834	0.1436612
6040	-1588.24	-1589.12	0.885966	0.1528384
6050	-1588.68	-1589.18	0.505057	0.1731398
6060	-1590.01	-1591.1	1.0957	0.141668
6070	-1588.12	-1588.73	0.614746	0.1672785
6080	-1587.98	-1588.79	0.812884	0.1567256
6090	-1587.89	-1588.64	0.750037	0.1600696
6100	-1588.01	-1588.84	0.825217	0.1560696
6110	-1589.02	-1589.48	0.45829	0.1756448
6120	-1590.07	-1590.42	0.345806	0.1816875
6130	-1588.15	-1588.76	0.604778	0.1678104
6140	-1588.48	-1589.02	0.53683	0.17144
6150	-1588.07	-1588.69	0.629453	0.1664939
6160	-1588.43	-1588.97	0.54659	0.1709183
6170	-1587.92	-1588.7	0.781804	0.1583792
6180	-1587.93	-1588.62	0.687649	0.1633917
6190	-1590.21	-1590.54	0.333117	0.1823709
6200	-1588.74	-1589.71	0.967953	0.1484763
6210	-1587.91	-1588.68	0.769987	0.1590079
6220	-1587.9	-1588.62	0.719689	0.1616852
6230	-1588.08	-1588.71	0.624068	0.1667811
6240	-1587.97	-1588.63	0.666972	0.1644935
6250	-1587.91	-1588.61	0.700594	0.1627021
6260	-1587.91	-1588.61	0.707538	0.1623323
6270	-1588.27	-1589.17	0.893142	0.1524567
6280	-1587.96	-1588.77	0.804887	0.1571511
6290	-1590.61	-1590.91	0.298385	0.1842433
6300	-1588.04	-1588.67	0.639194	0.1659743
6310	-1588.38	-1588.94	0.554537	0.1704935
6320	-1589.6	-1590	0.391409	0.1792345
6330	-1587.93	-1588.71	0.783945	0.1582652
6340	-1588.04	-1588.87	0.834516	0.155575
6350	-1587.91	-1588.68	0.771767	0.1589132
6360	-1588.48	-1589.02	0.536312	0.1714678
6370	-1588.04	-1588.68	0.637509	0.1660642
6380	-1588.13	-1588.99	0.860009	0.1542191
6390	-1588	-1588.83	0.822506	0.1562138
6400	-1587.89	-1588.64	0.749121	0.1601184
6410	-1588.09	-1588.93	0.848817	0.1548143
6420	-1587.9	-1588.61	0.707968	0.1623094
6430	-1593.81	-1593.89	0.0788508	0.1961496
6440	-1588.4	-1588.95	0.550638	0.1707019
6450	-1588.13	-1588.99	0.860396	0.1541985
6460	-1587.96	-1588.63	0.668682	0.1644024
6470	-1588.25	-1588.83	0.581975	0.1690278
6480	-1588.85	-1589.84	0.98225	0.1477153
6490	-1587.89	-1588.64	0.747605	0.1601991
6500	-1587.97	-1588.64	0.66386	0.1646594
6510	-1587.91	-1588.68	0.768762	0.1590731
6520	-1588.81	-1589.79	0.977149	0.1479869
6530	-1587.96	-1588.76	0.802594	0.157273
6540	-1588.1	-1588.72	0.618751	0.1670648
6550	-1589.22	-1589.65	0.433881	0.1769539
6560	-1588	-1588.83	0.822175	0.1562314
6570	-1589.71	-1590.78	1.07053	0.1430111
6580	-1590.64	-1590.93	0.296032	0.1843702
6590	-1588.19	-1589.07	0.875726	0.1533831
6600	-1587.91	-1588.68	0.771695	0.158917
6610	-1588.56	-1589.08	0.523575	0.1721489
6620	-1588.29	-1589.18	0.896128	0.1522979
6630	-1589.13	-1589.57	0.444511	0.1763836
6640	-1588.03	-1588.67	0.641474	0.1658528
6650	-1587.89	-1588.64	0.748953	0.1601273
6660	-1587.9	-1588.65	0.756063	0.1597489
6670	-1588	-1588.65	0.651944	0.1652945
6680	-1588.95	-1589.94	0.993918	0.147094
6690	-1587.93	-1588.62	0.685772	0.1634917
6700	-1587.96	-1588.76	0.803366	0.157232
6710	-1589.14	-1589.58	0.443828	0.1764203
6720	-1589.29	-1589.72	0.425589	0.1773989
6730	-1589.44	-1590.48	1.04547	0.1443475
6740	-1587.91	-1588.67	0.768349	0.1590951
6750	-1588.23	-1589.11	0.884083	0.1529386
6760	-1588.14	-1589	0.862367	0.1540936
6770	-1587.89	-1588.62	0.723356	0.16149
6780	-1587.98	-1588.64	0.65993	0.1648688
6790	-1587.91	-1588.68	0.77167	0.1589183
6800	-1588.47	-1589.01	0.538183	0.1713677
6810	-1587.92	-1588.7	0.778623	0.1585484
6820	-1588.49	-1589.43	0.932139	0.1503822
6830	-1588.81	-1589.79	0.976651	0.1480133
6840	-1588.26	-1589.14	0.889376	0.1526571
6850	-1588.16	-1588.77	0.601737	0.1679727
6860	-1588.86	-1589.84	0.982836	0.1476841
6870	-1588.02	-1588.66	0.646144	0.1656038
6880	-1589.22	-1589.65	0.433775	0.1769596
6890	-1588.16	-1588.76	0.602538	0.1679299
6900	-1588.31	-1589.21	0.900032	0.1520902
6910	-1587.91	-1588.61	0.700166	0.1627249
6920	-1589.08	-1590.08	1.00826	0.1463301
6930	-1588.02	-1588.84	0.82658	0.1559971
6940	-1588.04	-1588.87	0.834412	0.1555805
6950	-1587.93	-1588.62	0.684784	0.1635444
6960	-1587.89	-1588.62	0.728503	0.161216
6970	-1587.99	-1588.81	0.818849	0.1564083
6980	-1588.95	-1589.94	0.993657	0.147108
6990	-1589.57	-1589.97	0.394878	0.1790481
7000	-1588.22	-1588.81	0.588997	0.1686528
7010	-1588.02	-1588.66	0.645652	0.16563
7020	-1587.92	-1588.62	0.690606	0.1632342
7030	-1588.19	-1589.06	0.875	0.1534217
7040	-1588.63	-1589.58	0.952037	0.1493234
7050	-1587.89	-1588.63	0.737781	0.160722
7060	-1588.72	-1589.22	0.499092	0.1734591
7070	-1589.62	-1590.01	0.389674	0.1793278
7080	-1589.84	-1590.92	1.08178	0.1424108
7090	-1588.04	-1588.87	0.834506	0.1555755
7100	-1587.97	-1588.64	0.663561	0.1646753
7110	-1587.95	-1588.74	0.796581	0.157593
7120	-1588.17	-1588.77	0.599961	0.1680675
7130	-1589.5	-1589.9	0.402605	0.178633
7140	-1588.23	-1588.81	0.587271	0.1687449
7150	-1587.89	-1588.63	0.73533	0.1608525
7160	-1588.31	-1588.88	0.568354	0.1697553
7170	-1588.53	-1589.06	0.52855	0.1718829
7180	-1588.26	-1589.15	0.890073	0.15262
7190	-1588.23	-1588.82	0.586231	0.1688005
7200	-1589.24	-1590.26	1.02538	0.1454181
7210	-1592.33	-1592.5	0.170817	0.1911461
7220	-1592.87	-1593	0.136221	0.1930255
7230	-1587.92	-1588.7	0.778684	0.1585452
7240	-1588.34	-1588.9	0.562507	0.1700676
7250	-1589.06	-1590.06	1.00592	0.1464549
7260	-1588.56	-1589.08	0.524345	0.1721078
7270	-1587.89	-1588.62	0.72525	0.1613891
7280	-1587.93	-1588.62	0.688808	0.16333
7290	-1591.87	-1592.07	0.202549	0.1894251
7300	-1590.21	-1591.32	1.11152	0.1408228
7310	-1588.41	-1589.33	0.918042	0.1511322
7320	-1588.09	-1588.72	0.620514	0.1669707
7330	-1587.93	-1588.62	0.687681	0.16339
7340	-1588.11	-1588.96	0.85489	0.1544913
7350	-1588.31	-1588.88	0.569785	0.1696788
7360	-1587.93	-1588.62	0.689813	0.1632764
7370	-1590.3	-1590.63	0.324567	0.1828315
7380	-1588.68	-1589.64	0.959498	0.1489263
7390	-1587.9	-1588.65	0.756331	0.1597346
7400	-1588.52	-1589.05	0.531092	0.1717469
7410	-1588.44	-1589.36	0.922731	0.1508827
7420	-1590.96	-1591.23	0.269561	0.1857994
7430	-1588.71	-1589.21	0.500506	0.1733834
7440	-1588.7	-1589.66	0.962408	0.1487715
7450	-1589.04	-1590.05	1.00428	0.146542
7460	-1589.33	-1589.75	0.420799	0.177656
7470	-1587.96	-1588.76	0.802755	0.1572645
7480	-1588.94	-1589.93	0.992608	0.1471638
7490	-1588.13	-1589	0.861799	0.1541238
7500	-1588.55	-1589.49	0.940396	0.1499428
7510	-1588.83	-1589.8	0.978615	0.1479088
7520	-1587.91	-1588.68	0.772897	0.1588531
7530	-1587.9	-1588.66	0.759755	0.1595524
7540	-1588.31	-1589.21	0.900346	0.1520735
7550	-1588.14	-1589	0.862681	0.1540769
7560	-1588.2	-1589.08	0.877212	0.153304
7570	-1588.66	-1589.17	0.507761	0.172995
7580	-1588.02	-1588.67	0.644474	0.1656928
7590	-1587.91	-1588.69	0.774041	0.1587922
7600	-1587.92	-1588.7	0.781812	0.1583787
7610	-1587.9	-1588.62	0.717951	0.1617778
7620	-1588.13	-1588.74	0.611551	0.1674489
7630	-1588.83	-1589.32	0.482758	0.1743337
7640	-1590.37	-1591.49	1.12366	0.1401746
7650	-1587.95	-1588.62	0.675505	0.1640387
7660	-1587.89	-1588.63	0.735659	0.160835
7670	-1588	-1588.82	0.820318	0.1563302
7680	-1588.45	-1589.37	0.925057	0.150759
7690	-1587.94	-1588.62	0.681186	0.163736
7700	-1588.24	-1588.82	0.585003	0.168866
7710	-1587.94	-1588.73	0.792767	0.1577958
7720	-1587.92	-1588.61	0.697986	0.1628411
7730	-1588.03	-1588.67	0.64055	0.1659021
7740	-1588.28	-1588.85	0.575355	0.1693813
7750	-1588.11	-1588.72	0.61746	0.1671336
7760	-1587.94	-1588.73	0.79176	0.1578494
7770	-1588.53	-1589.06	0.52869	0.1718753
7780	-1588.02	-1588.66	0.644993	0.1656651
7790	-1587.9	-1588.61	0.715912	0.1618864
7800	-1587.93	-1588.62	0.686106	0.1634739
7810	-1588.66	-1589.62	0.95668	0.1490763
7820	-1587.91	-1588.61	0.703286	0.1625587
7830	-1587.9	-1588.66	0.761268	0.1594719
7840	-1587.92	-1588.61	0.691928	0.1631638
7850	-1588.06	-1588.91	0.842266	0.1551628
7860	-1588.15	-1588.75	0.605725	0.1677599
7870	-1588.63	-1589.58	0.952266	0.1493112
7880	-1588.29	-1588.87	0.572478	0.169535
7890	-1588.4	-1588.95	0.551926	0.170633
7900	-1588.19	-1589.06	0.874968	0.1534234
7910	-1588.77	-1589.26	0.491333	0.1738745
7920	-1588.74	-1589.23	0.496531	0.1735962
7930	-1587.89	-1588.64	0.749927	0.1600755
7940	-1587.95	-1588.62	0.677053	0.1639562
7950	-1588.44	-1588.98	0.544012	0.1710561
7960	-1589.79	-1590.16	0.372527	0.1802497
7970	-1588.15	-1588.75	0.606614	0.1677124
7980	-1587.97	-1588.64	0.662917	0.1647096
7990	-1588.17	-1588.77	0.601568	0.1679817
8000	-1589.38	-1590.42	1.04029	0.1446237
8010	-1590.12	-1591.23	1.10489	0.1411772
8020	-1590.08	-1590.43	0.344842	0.1817394
8030	-1588.14	-1588.75	0.608985	0.1675859
8040	-1588.79	-1589.77	0.974288	0.1481391
8050	-1587.95	-1588.75	0.797735	0.1575315
8060	-1587.95	-1588.63	0.673469	0.1641472
8070	-1587.91	-1588.68	0.769579	0.1590296
8080	-1587.97	-1588.63	0.667297	0.1644762
8090	-1588.28	-1589.17	0.893586	0.1524331
8100	-1588.13	-1588.74	0.611038	0.1674763
8110	-1588.58	-1589.53	0.945743	0.1496583
8120	-1587.97	-1588.77	0.80659	0.1570604
8130	-1587.92	-1588.61	0.694275	0.1630387
8140	-1588.05	-1588.89	0.837632	0.1554093
8150	-1594.14	-1594.2	0.0601277	0.1971713
8160	-1589.88	-1590.97	1.08518	0.1422295
8170	-1587.92	-1588.69	0.777696	0.1585977
8180	-1587.93	-1588.62	0.687208	0.1634152
8190	-1587.9	-1588.62	0.722494	0.1615359
8200	-1588.36	-1588.92	0.559574	0.1702244
8210	-1588.75	-1589.72	0.969152	0.1484125
8220	-1589.22	-1590.24	1.02328	0.1455302
8230	-1587.91	-1588.61	0.701315	0.1626637
8240	-1587.96	-1588.76	0.802618	0.1572718
8250	-1588.36	-1589.27	0.909928	0.1515638
8260	-1587.9	-1588.61	0.709777	0.1622131
8270	-1588.01	-1588.66	0.649529	0.1654233
8280	-1589.26	-1589.69	0.429316	0.1771988
8290	-1587.96	-1588.63	0.668576	0.164408
8300	-1588.31	-1588.88	0.568263	0.1697601
8310	-1587.92	-1588.61	0.697507	0.1628666
8320	-1587.89	-1588.62	0.725119	0.1613961
8330	-1587.9	-1588.65	0.751978	0.1599663
8340	-1587.98	-1588.64	0.660664	0.1648297
8350	-1587.89	-1588.62	0.732601	0.1609978
8360	-1587.89	-1588.64	0.750199	0.160061
8370	-1589.66	-1590.73	1.066	0.1432526
8380	-1588.34	-1589.25	0.906087	0.1517681
8390	-1588.04	-1588.68	0.636612	0.1661121
8400	-1587.95	-1588.62	0.675559	0.1640359
8410	-1588.46	-1589	0.540624	0.1712372
8420	-1588.55	-1589.08	0.524728	0.1720873
8430	-1587.97	-1588.63	0.666795	0.1645029
8440	-1587.99	-1588.65	0.655424	0.165109
8450	-1588.59	-1589.54	0.947248	0.1495783
8460	-1587.9	-1588.61	0.709728	0.1622157
8470	-1587.89	-1588.63	0.739229	0.1606449
8480	-1589.46	-1590.51	1.04737	0.1442465
8490	-1588.12	-1588.73	0.61387	0.1673252
8500	-1587.94	-1588.62	0.67797	0.1639074
8510	-1588.37	-1588.93	0.556493	0.170389
8520	-1589.91	-1591	1.08787	0.1420858
8530	-1588.62	-1589.57	0.950704	0.1493944
8540	-1588.15	-1588.76	0.604763	0.1678112
8550	-1589.31	-1590.34	1.03258	0.1450347
8560	-1588.03	-1588.86	0.831953	0.1557113
8570	-1587.91	-1588.69	0.775853	0.1586958
8580	-1588.22	-1589.1	0.880913	0.1531072
8590	-1587.89	-1588.62	0.723164	0.1615002
8600	-1588.17	-1588.77	0.599157	0.1681104
8610	-1588.42	-1588.97	0.547055	0.1708934
8620	-1587.89	-1588.64	0.749189	0.1601148
8630	-1588.86	-1589.34	0.479532	0.1745065
8640	-1587.94	-1588.62	0.679966	0.163801
8650	-1588.2	-1589.08	0.877473	0.1532902
8660	-1588.47	-1589.01	0.538117	0.1713712
8670	-1589.11	-1589.56	0.446746	0.1762638
8680	-1588.17	-1589.04	0.870855	0.1536421
8690	-1588.04	-1588.88	0.835988	0.1554967
8700	-1589.08	-1589.53	0.450654	0.1760542
8710	-1589.45	-1590.5	1.04651	0.1442923
8720	-1589.68	-1590.75	1.06813	0.143139
8730	-1587.91	-1588.61	0.704258	0.162507
8740	-1588.13	-1588.74	0.609827	0.1675409
8750	-1590.17	-1591.28	1.10856	0.1409809
8760	-1588	-1588.65	0.651528	0.1653167
8770	-1587.9	-1588.61	0.708339	0.1622896
8780	-1588.19	-1588.79	0.595148	0.1683244
8790	-1588.31	-1589.21	0.899965	0.1520938
8800	-1587.97	-1588.77	0.806509	0.1570648
8810	-1588.98	-1589.44	0.463392	0.1753713
8820	-1589.24	-1589.67	0.431923	0.1770589
8830	-1588.46	-1589.38	0.926261	0.1506949
8840	-1587.9	-1588.62	0.717583	0.1617974
8850	-1587.92	-1588.7	0.779385	0.1585078
8860	-1587.99	-1588.81	0.816727	0.1565212
8870	-1587.93	-1588.62	0.684087	0.1635815
8880	-1593.47	-1593.57	0.0990242	0.19505
8890	-1588.3	-1589.2	0.898571	0.1521679
8900	-1588.57	-1589.52	0.944123	0.1497445
8910	-1587.91	-1588.68	0.772655	0.1588659
8920	-1588.52	-1589.05	0.530147	0.1717974
8930	-1587.9	-1588.61	0.71419	0.1619781
8940	-1588.62	-1589.57	0.951582	0.1493476
8950	-1587.98	-1588.64	0.660242	0.1648522
8960	-1588.02	-1588.84	0.826775	0.1559867
8970	-1588.09	-1588.71	0.622756	0.1668511
8980	-1588.49	-1589.03	0.535177	0.1715284
8990	-1588.34	-1588.9	0.562589	0.1700633
9000	-1588.13	-1588.74	0.610011	0.1675311
9010	-1588	-1588.82	0.821252	0.1562805
9020	-1587.9	-1588.61	0.713729	0.1620026
9030	-1587.93	-1588.71	0.785233	0.1581967
9040	-1588.13	-1588.74	0.611367	0.1674588
9050	-1588.49	-1589.02	0.535983	0.1714854
9060	-1587.9	-1588.61	0.707863	0.162315
9070	-1587.97	-1588.77	0.806314	0.1570752
9080	-1588.32	-1589.22	0.90187	0.1519924
9090	-1589.08	-1589.53	0.450235	0.1760767
9100	-1588.02	-1588.84	0.82704	0.1559726
9110	-1588.11	-1588.97	0.856068	0.1544286
9120	-1587.92	-1588.7	0.780224	0.1584632
9130	-1589.54	-1589.94	0.39793	0.1788841
9140	-1589.66	-1590.73	1.0661	0.1432477
9150	-1587.91	-1588.68	0.773287	0.1588323
9160	-1588.17	-1588.77	0.600089	0.1680606
9170	-1587.98	-1588.64	0.659659	0.1648833
9180	-1587.98	-1588.79	0.811827	0.1567819
9190	-1588.04	-1588.87	0.834086	0.1555978
9200	-1587.96	-1588.63	0.67186	0.164233
9210	-1588.07	-1588.7	0.627145	0.166617
9220	-1588.18	-1589.05	0.872355	0.1535624
9230	-1587.92	-1588.61	0.696284	0.1629317
9240	-1589.76	-1590.14	0.37533	0.1800989
9250	-1588.02	-1588.66	0.645486	0.1656388
9260	-1588.07	-1588.91	0.844418	0.1550483
9270	-1588.33	-1589.24	0.904227	0.1518671
9280	-1588.02	-1588.67	0.643078	0.1657672
9290	-1587.9	-1588.65	0.752077	0.1599611
9300	-1588.12	-1588.98	0.857806	0.1543362
9310	-1588.06	-1588.69	0.631101	0.166406
9320	-1589.19	-1590.21	1.02012	0.1456983
9330	-1588.48	-1589.41	0.929785	0.1505074
9340	-1589.61	-1590	0.391291	0.1792409
9350	-1587.9	-1588.61	0.71503	0.1619333
9360	-1588.19	-1589.06	0.875	0.1534217
9370	-1587.9	-1588.61	0.716637	0.1618477
9380	-1588.23	-1588.82	0.586465	0.168788
9390	-1588.22	-1589.1	0.882144	0.1530417
9400	-1587.93	-1588.62	0.6882	0.1633624
9410	-1587.91	-1588.68	0.772576	0.1588701
9420	-1587.93	-1588.62	0.690265	0.1632523
9430	-1592.3	-1592.47	0.172958	0.1910299
9440	-1588.02	-1588.85	0.829919	0.1558195
9450	-1588.08	-1588.93	0.84864	0.1548237
9460	-1588.31	-1589.21	0.899437	0.1521219
9470	-1587.98	-1588.79	0.812944	0.1567224
9480	-1589.11	-1589.56	0.447083	0.1762457
9490	-1588.35	-1589.26	0.908366	0.1516469
9500	-1588.41	-1588.96	0.550245	0.1707229
9510	-1588.61	-1589.13	0.515359	0.1725885
9520	-1587.97	-1588.64	0.664008	0.1646514
9530	-1588.04	-1588.67	0.639137	0.1659774
9540	-1587.97	-1588.63	0.665349	0.16458
9550	-1587.99	-1588.81	0.817297	0.1564909
9560	-1589.44	-1590.49	1.04574	0.144333
9570	-1588.27	-1589.16	0.892219	0.1525058
9580	-1587.99	-1588.65	0.65527	0.1651172
9590	-1588.98	-1589.98	0.997787	0.146888
9600	-1587.91	-1588.68	0.771855	0.1589085
9610	-1588.79	-1589.28	0.489072	0.1739956
9620	-1592.14	-1592.32	0.183764	0.1904436
9630	-1589.31	-1590.34	1.03307	0.1450083
9640	-1588.41	-1589.33	0.918809	0.1510914
9650	-1588.16	-1589.03	0.867823	0.1538034
9660	-1588.95	-1589.42	0.467173	0.1751687
9670	-1588.67	-1589.17	0.506991	0.1730363
9680	-1589.68	-1590.75	1.06805	0.1431436
9690	-1588.17	-1589.03	0.869497	0.1537144
9700	-1589.13	-1589.58	0.443971	0.1764126
9710	-1589.05	-1590.05	1.00482	0.1465134
9720	-1588.36	-1589.27	0.909453	0.1515891
9730	-1588.11	-1588.96	0.854406	0.154517
9740	-1587.94	-1588.62	0.681173	0.1637367
9750	-1589.35	-1589.77	0.418617	0.1777731
9760	-1587.92	-1588.61	0.691517	0.1631856
9770	-1590.1	-1590.44	0.343499	0.1818117
9780	-1588.54	-1589.48	0.939264	0.1500031
9790	-1587.93	-1588.72	0.786521	0.1581282
9800	-1587.93	-1588.72	0.789686	0.1579598
9810	-1587.89	-1588.63	0.734152	0.1609152
9820	-1587.89	-1588.64	0.74428	0.1603761
9830	-1588.36	-1589.28	0.910461	0.1515354
9840	-1588.02	-1588.67	0.643496	0.165745
9850	-1587.99	-1588.81	0.818303	0.1564374
9860	-1587.92	-1588.7	0.781478	0.1583965
9870	-1588.02	-1588.84	0.827261	0.1559609
9880	-1588.02	-1588.85	0.829825	0.1558245
9890	-1587.9	-1588.61	0.710544	0.1621722
9900	-1588.55	-1589.5	0.941546	0.1498817
9910	-1587.9	-1588.66	0.762676	0.159397
9920	-1588.4	-1588.95	0.551615	0.1706497
9930	-1588.02	-1588.67	0.643958	0.1657203
9940	-1587.92	-1588.61	0.695739	0.1629607
9950	-1588.12	-1588.73	0.613502	0.1673448
9960	-1589.25	-1589.68	0.43037	0.1771423
9970	-1588.42	-1588.97	0.547504	0.1708694
9980	-1587.92	-1588.7	0.781308	0.1584055
9990	-1588.16	-1589.03	0.869341	0.1537227
10000	-1588.04	-1588.87	0.833845	0.1556107
