Iteration	Posterior	Likelihood	Prior	birth_rate
0	-1589.04	-1590.04	1.00402	0.1465559
10	-1635.42	-1637.51	2.09487	0.08339528
20	-1589.54	-1590.6	1.05538	0.1438192
30	-1677.3	-1679.6	2.29636	0.06257691
40	-1588.01	-1588.66	0.649543	0.1654225
50	-1619.22	-1621.14	1.91683	0.09549548
60	-1708.89	-1711.18	2.29911	0.05191298
70	-1649.25	-1651.45	2.19395	0.07529496
80	-1589.06	-1589.51	0.453109	0.1759226
90	-1686.68	-1688.99	2.30796	0.05909001
100	-1670.66	-1672.94	2.28189	0.06524918
110	-1641.02	-1643.16	2.13984	0.07991923
120	-1646.43	-1648.61	2.17688	0.07682152
130	-1616.58	-1618.45	1.8789	0.09786784
140	-1611.71	-1613.51	1.80003	0.1026567
150	-1605.83	-1607.52	1.68501	0.1093845
160	-1814.87	-1816.59	1.72178	0.02998114
170	-1654.61	-1656.83	2.22257	0.07253927
180	-1673.96	-1676.25	2.28977	0.06389759
190	-1706.37	-1708.67	2.30247	0.05266157
200	-1594.94	-1596.3	1.3668	0.1270874
210	-1592.6	-1592.75	0.15324	0.1921005
220	-1601.42	-1603	1.57842	0.1154288
230	-1590.83	-1591.99	1.15629	0.1384294
240	-1601.94	-1603.53	1.59221	0.1146549
250	-1651.66	-1653.87	2.20744	0.07403179
260	-1594.42	-1595.77	1.34533	0.1282529
270	-1617.2	-1619.08	1.88806	0.09729925
280	-1593	-1593.13	0.127688	0.1934896
290	-1623.08	-1625.05	1.96711	0.09226402
300	-1700.21	-1702.52	2.30825	0.0545557
310	-1588.9	-1589.89	0.987639	0.1474284
320	-1605.41	-1607.09	1.67574	0.1099165
330	-1621.75	-1623.7	1.95046	0.09334676
340	-1692.58	-1694.89	2.31036	0.05704826
350	-1732.16	-1734.4	2.24226	0.04565161
360	-1654.1	-1656.32	2.22007	0.07279288
370	-1588.26	-1588.84	0.578551	0.1692106
380	-1592.48	-1592.64	0.160851	0.1916872
390	-1632.37	-1634.43	2.06727	0.08541717
400	-1587.9	-1588.67	0.764227	0.1593144
410	-1596.22	-1597.63	1.41635	0.1243875
420	-1591.2	-1592.38	1.18022	0.1371478
430	-1590.31	-1590.63	0.324329	0.1828444
440	-1620.56	-1619.66	-0.898175	0.2511229
450	-1605.49	-1607.17	1.67751	0.1098149
460	-1587.89	-1588.64	0.747259	0.1602175
470	-1595.18	-1595.19	0.00282698	0.2003045
480	-1590.64	-1590.93	0.296102	0.1843665
490	-1595.78	-1597.18	1.39995	0.1252828
500	-1666.16	-1668.43	2.26893	0.06716269
510	-1649.19	-1647.62	-1.56682	0.2910972
520	-1606.14	-1607.83	1.69168	0.1090012
530	-1600.06	-1601.6	1.54076	0.1175313
540	-1587.92	-1588.7	0.779061	0.1585251
550	-1589.01	-1590.01	1.00086	0.1467244
560	-1587.99	-1588.8	0.816348	0.1565414
570	-1659.44	-1661.69	2.24438	0.07020316
580	-1728.5	-1730.76	2.25412	0.04656381
590	-1709.24	-1711.54	2.29859	0.05180883
600	-1591.06	-1591.33	0.261725	0.1862227
610	-1644.35	-1646.52	2.16333	0.07798438
620	-1679.86	-1682.16	2.30052	0.06159475
630	-1589.46	-1590.5	1.04712	0.1442593
640	-1588.26	-1588.84	0.579015	0.1691858
650	-1665.4	-1667.67	2.26647	0.06749516
660	-1774.22	-1776.26	2.03468	0.03666053
670	-1749.96	-1752.13	2.16986	0.04153258
680	-1596.53	-1597.96	1.42773	0.1237655
690	-1706.58	-1708.88	2.30222	0.05259852
700	-1689.96	-1692.27	2.30975	0.05794097
710	-1660.8	-1663.05	2.24985	0.06957139
720	-1614.36	-1616.2	1.84454	0.09997581
730	-1634.08	-1636.17	2.08309	0.08426722
740	-1618.34	-1620.24	1.90451	0.09627149
750	-1609.69	-1611.45	1.76336	0.1048301
760	-1719.82	-1722.09	2.27803	0.04883367
770	-1754.81	-1756.96	2.1461	0.0404951
780	-1731.24	-1733.48	2.24535	0.04587936
790	-1643.92	-1646.08	2.16039	0.0782326
800	-1602.56	-1604.17	1.60811	0.1137596
810	-1685.21	-1687.51	2.30679	0.05961832
820	-1591.97	-1593.19	1.2261	0.1346864
830	-1630.84	-1632.9	2.0526	0.08646359
840	-1615.93	-1617.8	1.86911	0.09847193
850	-1607.78	-1609.51	1.72604	0.1070138
860	-1752.51	-1754.67	2.15758	0.04098299
870	-1685.07	-1687.38	2.30667	0.05966661
880	-1637.7	-1639.81	2.11405	0.08194402
890	-1610.8	-1612.59	1.78392	0.1036157
900	-1588.01	-1588.66	0.648135	0.1654976
910	-1599.7	-1601.23	1.53034	0.1181109
920	-1705.17	-1707.48	2.30387	0.05302082
930	-1863.88	-1865.09	1.21245	0.02374717
940	-1796.68	-1798.56	1.87459	0.03276973
950	-1742.58	-1744.78	2.20275	0.04317827
960	-1592.42	-1592.58	0.165366	0.191442
970	-1600.04	-1601.58	1.54009	0.117569
980	-1592.39	-1593.64	1.24938	0.1334346
990	-1629.41	-1631.44	2.03814	0.0874777
1000	-1635.32	-1634.05	-1.2655	0.2728198
1010	-1641.26	-1643.4	2.14158	0.079779
1020	-1629.46	-1631.5	2.03868	0.08744054
1030	-1688.36	-1690.67	2.30902	0.05849658
1040	-1588.87	-1589.85	0.984135	0.1476149
1050	-1589.04	-1589.49	0.455933	0.1757712
1060	-1649.08	-1647.51	-1.56459	0.2909602
1070	-1588.33	-1588.89	0.56534	0.1699163
1080	-1637.35	-1639.47	2.11123	0.08216015
1090	-1703.19	-1705.5	2.30589	0.05362727
1100	-1600.44	-1601.99	1.5516	0.1169279
1110	-1592.11	-1592.29	0.186014	0.1903215
1120	-1649.87	-1652.07	2.19752	0.07496627
1130	-1596.86	-1598.3	1.43933	0.12313
1140	-1592.42	-1592.58	0.165054	0.1914589
1150	-1620.67	-1622.61	1.93642	0.09424943
1160	-1591.1	-1592.27	1.17383	0.13749
1170	-1714.88	-1717.17	2.28883	0.05019231
1180	-1718.83	-1721.11	2.28036	0.04910152
1190	-1700.92	-1703.23	2.30776	0.05433198
1200	-1758.17	-1760.29	2.12871	0.03979771
1210	-1651.19	-1653.39	2.20487	0.07427731
1220	-1635.34	-1637.43	2.0942	0.08344582
1230	-1689.07	-1691.38	2.30938	0.05824859
1240	-1618.93	-1620.85	1.91287	0.09574587
1250	-1679.72	-1682.02	2.3003	0.06164938
1260	-1588.72	-1589.68	0.964989	0.1486341
1270	-1593.36	-1593.46	0.105891	0.1946759
1280	-1674.88	-1672.82	-2.05457	0.3216607
1290	-1621.84	-1620.91	-0.93259	0.2531295
1300	-1592.27	-1592.44	0.175028	0.1909175
1310	-1678.95	-1681.25	2.29912	0.06194197
1320	-1595.84	-1595.8	-0.031056	0.2021621
1330	-1649.18	-1651.38	2.19356	0.07533088
1340	-1587.99	-1588.65	0.655322	0.1651144
1350	-1590.13	-1591.24	1.10555	0.1411422
1360	-1588.12	-1588.74	0.612232	0.1674126
1370	-1628.95	-1630.98	2.03339	0.0878078
1380	-1727.12	-1729.38	2.25834	0.04691537
1390	-1715.88	-1718.17	2.2868	0.0499114
1400	-1838.84	-1840.33	1.49007	0.02672277
1410	-1728.74	-1730.99	2.2534	0.04650511
1420	-1603.99	-1605.63	1.64304	0.1117826
1430	-1591.15	-1592.33	1.17727	0.1373058
1440	-1650.17	-1652.37	2.19922	0.07480882
1450	-1604.38	-1606.03	1.65229	0.1112561
1460	-1588.01	-1588.83	0.824633	0.1561007
1470	-1592.99	-1594.27	1.28002	0.1317843
1480	-1596.3	-1597.72	1.4195	0.1242154
1490	-1597.91	-1599.38	1.47479	0.1211824
1500	-1634	-1636.08	2.08231	0.08432455
1510	-1639.36	-1641.49	2.12727	0.08091767
1520	-1641.33	-1643.48	2.14212	0.07973493
1530	-1639.1	-1641.23	2.12522	0.08107792
1540	-1599.96	-1601.5	1.53794	0.1176881
1550	-1606.84	-1608.55	1.70676	0.1081315
1560	-1637.47	-1639.58	2.11215	0.08208988
1570	-1587.91	-1588.68	0.769682	0.1590241
1580	-1660.77	-1663.02	2.24974	0.06958444
1590	-1599.31	-1600.82	1.51855	0.118765
1600	-1595.06	-1596.44	1.37204	0.1268029
1610	-1592.59	-1593.85	1.25953	0.1328881
1620	-1599.65	-1601.17	1.52863	0.1182057
1630	-1594.28	-1595.62	1.3393	0.1285798
1640	-1639.34	-1641.47	2.12706	0.08093361
1650	-1737.55	-1739.77	2.22285	0.04434958
1660	-1666.37	-1668.64	2.26958	0.06707379
1670	-1830.58	-1832.16	1.57367	0.02779575
1680	-1814.23	-1815.96	1.72749	0.03007433
1690	-1731.29	-1733.53	2.24517	0.04586643
1700	-1683.23	-1685.53	2.30483	0.06033943
1710	-1612.52	-1614.34	1.8142	0.1018089
1720	-1660.57	-1662.82	2.24895	0.06967754
1730	-1645.24	-1647.41	2.16918	0.07748711
1740	-1597.05	-1598.5	1.44606	0.1227612
1750	-1597.15	-1598.6	1.44955	0.1225698
1760	-1601.17	-1602.74	1.57169	0.1158057
1770	-1626.05	-1628.05	2.00198	0.08995182
1780	-1631.99	-1630.8	-1.18756	0.2681634
1790	-1616.2	-1618.07	1.87322	0.09821869
1800	-1635.69	-1637.79	2.09722	0.08321987
1810	-1599.15	-1600.66	1.51384	0.1190259
1820	-1645.77	-1647.95	2.17268	0.07718618
1830	-1619.4	-1621.32	1.91931	0.09533852
1840	-1661.33	-1659.53	-1.80683	0.3059816
1850	-1657.55	-1655.82	-1.73412	0.3014413
1860	-1599.95	-1601.49	1.53754	0.1177108
1870	-1663.32	-1665.58	2.25933	0.06842074
1880	-1651.62	-1653.82	2.20719	0.07405565
1890	-1597.2	-1598.65	1.45112	0.122484
1900	-1660.16	-1662.4	2.24729	0.06987001
1910	-1684.36	-1686.66	2.306	0.05992575
1920	-1810.11	-1811.88	1.76372	0.03068253
1930	-1714.58	-1716.87	2.28941	0.05027487
1940	-1773.12	-1775.16	2.04169	0.03686594
1950	-1620.9	-1622.84	1.93946	0.09405436
1960	-1587.9	-1588.67	0.764153	0.1593184
1970	-1620.28	-1622.21	1.93124	0.09458077
1980	-1722.34	-1724.61	2.27172	0.04815912
1990	-1773.65	-1775.69	2.03832	0.03676684
2000	-1746.98	-1749.16	2.18364	0.04218815
2010	-1777.03	-1779.04	2.01647	0.03614484
2020	-1599.98	-1601.52	1.5383	0.1176682
2030	-1633.12	-1635.2	2.07435	0.08490553
2040	-1643.93	-1646.09	2.16044	0.07822822
2050	-1589.84	-1590.21	0.367648	0.1805121
2060	-1619.6	-1621.52	1.92203	0.09516606
2070	-1645.73	-1647.9	2.17241	0.07720981
2080	-1627.21	-1629.22	2.0149	0.0890776
2090	-1740.51	-1742.72	2.21127	0.04365623
2100	-1716.29	-1718.57	2.28596	0.04979934
2110	-1622.67	-1624.63	1.96194	0.0926016
2120	-1606.4	-1608.1	1.69728	0.1086787
2130	-1718.03	-1720.31	2.28218	0.0493202
2140	-1588.2	-1589.08	0.877405	0.1532938
2150	-1630.12	-1632.17	2.0454	0.08697054
2160	-1633.44	-1635.52	2.07727	0.08469315
2170	-1617.08	-1618.97	1.88641	0.09740182
2180	-1612.21	-1614.02	1.80877	0.1021344
2190	-1639.93	-1642.06	2.1316	0.08057589
2200	-1625.76	-1627.76	1.99875	0.09016879
2210	-1630.71	-1632.76	2.05127	0.08655729
2220	-1702.2	-1704.51	2.30677	0.05393366
2230	-1685.89	-1688.19	2.30736	0.05937458
2240	-1622.14	-1624.09	1.95533	0.093031
2250	-1640.86	-1642.99	2.1386	0.08001872
2260	-1754.44	-1756.59	2.14797	0.04057313
2270	-1659.65	-1661.89	2.24522	0.07010742
2280	-1699.63	-1701.94	2.30861	0.05473951
2290	-1625.14	-1627.13	1.99167	0.09064259
2300	-1589.13	-1589.57	0.445021	0.1763563
2310	-1611.18	-1612.97	1.7907	0.103213
2320	-1801.69	-1803.52	1.83456	0.03197228
2330	-1820.43	-1822.1	1.67106	0.02918574
2340	-1750.06	-1752.23	2.16939	0.04151109
2350	-1593	-1594.28	1.28028	0.1317702
2360	-1592.17	-1593.41	1.23751	0.1340729
2370	-1686.68	-1688.99	2.30797	0.05908925
2380	-1602.72	-1604.33	1.61216	0.1135316
2390	-1588.37	-1588.93	0.556521	0.1703875
2400	-1704.84	-1707.15	2.30423	0.0531207
2410	-1746.89	-1749.08	2.18402	0.04220668
2420	-1742.93	-1745.13	2.20127	0.04309796
2430	-1666.99	-1669.26	2.27152	0.06680334
2440	-1762.21	-1764.32	2.10666	0.03897565
2450	-1647.83	-1650.01	2.1855	0.07605973
2460	-1594.62	-1595.97	1.35365	0.1278018
2470	-1602.04	-1603.64	1.59479	0.1145101
2480	-1589.54	-1589.94	0.398416	0.178858
2490	-1688.59	-1690.9	2.30914	0.05841706
2500	-1587.93	-1588.62	0.683897	0.1635916
2510	-1591.3	-1592.49	1.18698	0.1367853
2520	-1591.76	-1592.97	1.21429	0.1353207
2530	-1589.32	-1590.35	1.03339	0.1449913
2540	-1587.91	-1588.61	0.707587	0.1623297
2550	-1627.8	-1629.82	2.02123	0.08864524
2560	-1599.4	-1599.2	-0.197228	0.2113262
2570	-1592.4	-1592.56	0.166544	0.191378
2580	-1649.79	-1651.99	2.19707	0.07500847
2590	-1652.3	-1654.51	2.21081	0.07370741
2600	-1655.94	-1658.17	2.22895	0.07188185
2610	-1593.1	-1594.39	1.28533	0.1314977
2620	-1662.53	-1664.78	2.25644	0.06878006
2630	-1676.83	-1679.12	2.2955	0.06276315
2640	-1697.21	-1699.52	2.30976	0.05551752
2650	-1720.42	-1722.7	2.27657	0.04867123
2660	-1754.79	-1756.94	2.14621	0.04049944
2670	-1702.47	-1704.77	2.30654	0.05385051
2680	-1612.9	-1614.72	1.82054	0.1014276
2690	-1594.91	-1594.93	0.0173745	0.1995081
2700	-1588.1	-1588.96	0.85382	0.1545482
2710	-1603.35	-1604.98	1.62778	0.1126487
2720	-1598.5	-1599.99	1.4937	0.1201398
2730	-1607.46	-1609.18	1.71959	0.107388
2740	-1588.29	-1588.87	0.572227	0.1695484
2750	-1674.42	-1672.37	-2.04652	0.3211459
2760	-1707.53	-1709.83	2.30099	0.05231311
2770	-1616.41	-1618.29	1.87639	0.09802277
2780	-1629.65	-1631.69	2.04058	0.0873076
2790	-1614.1	-1615.94	1.84038	0.1002281
2800	-1608.54	-1610.28	1.74119	0.1061304
2810	-1606.34	-1608.03	1.69595	0.1087555
2820	-1596.94	-1598.39	1.44228	0.1229687
2830	-1589.71	-1590.78	1.07012	0.143033
2840	-1595.53	-1596.92	1.39025	0.1258114
2850	-1663.81	-1666.08	2.26108	0.0682
2860	-1593.69	-1595	1.31304	0.1300014
2870	-1637.16	-1639.27	2.10965	0.08228115
2880	-1645.79	-1647.96	2.17276	0.07717892
2890	-1602.92	-1604.54	1.61721	0.1132465
2900	-1590.12	-1590.46	0.341018	0.1819453
2910	-1601.91	-1601.61	-0.30097	0.2170957
2920	-1601.04	-1600.78	-0.266109	0.2151526
2930	-1628.28	-1630.31	2.02643	0.08828865
2940	-1625.59	-1627.59	1.9968	0.09029983
2950	-1706.54	-1708.84	2.30226	0.05261009
2960	-1598.92	-1600.43	1.50689	0.1194111
2970	-1632.33	-1634.4	2.06696	0.08543953
2980	-1622.46	-1624.42	1.95943	0.0927648
2990	-1631.58	-1633.64	2.05976	0.08595463
3000	-1614.93	-1616.78	1.85364	0.09942096
3010	-1623.89	-1625.87	1.9769	0.09162168
3020	-1602.02	-1603.62	1.59434	0.1145349
3030	-1588.04	-1588.87	0.833644	0.1556214
3040	-1674.62	-1676.91	2.29117	0.06363519
3050	-1674.22	-1676.51	2.29033	0.06379397
3060	-1606.22	-1607.92	1.69356	0.1088931
3070	-1629.72	-1631.76	2.04132	0.08725586
3080	-1595.32	-1596.7	1.38215	0.1262529
3090	-1683.76	-1686.07	2.30541	0.06014183
3100	-1652.01	-1654.22	2.2093	0.07385322
3110	-1641.88	-1644.02	2.14607	0.07941485
3120	-1685.32	-1687.63	2.30689	0.05957595
3130	-1731.29	-1733.54	2.24516	0.04586537
3140	-1648.7	-1650.89	2.19075	0.07558754
3150	-1595.66	-1595.64	-0.0219775	0.201664
3160	-1590.17	-1591.28	1.10824	0.140998
3170	-1611.95	-1613.76	1.80436	0.1023984
3180	-1632.9	-1634.98	2.0723	0.08505377
3190	-1610.58	-1612.36	1.7798	0.1038599
3200	-1600.58	-1602.14	1.55547	0.1167117
3210	-1635.19	-1637.28	2.09288	0.0835437
3220	-1669.83	-1672.11	2.27971	0.06559348
3230	-1593.25	-1594.55	1.29267	0.1311019
3240	-1603.01	-1604.63	1.61931	0.1131274
3250	-1807.53	-1809.32	1.78588	0.031071
3260	-1806.11	-1807.9	1.79795	0.03128796
3270	-1656.1	-1658.33	2.22968	0.07180538
3280	-1594.08	-1595.41	1.33072	0.1290445
3290	-1595.66	-1597.05	1.39531	0.1255357
3300	-1601.24	-1602.81	1.57355	0.1157012
3310	-1746.92	-1749.1	2.18392	0.04220186
3320	-1819.51	-1821.19	1.6796	0.02931594
3330	-1771.18	-1773.24	2.05382	0.03723009
3340	-1728.72	-1730.97	2.25345	0.04650933
3350	-1729.37	-1731.62	2.25141	0.04634561
3360	-1727.71	-1729.97	2.25655	0.04676446
3370	-1632.65	-1634.72	2.06996	0.08522295
3380	-1592.8	-1594.07	1.27032	0.1323073
3390	-1593.59	-1594.9	1.30852	0.1302458
3400	-1587.9	-1588.61	0.710953	0.1621505
3410	-1610.5	-1609.89	-0.60338	0.2341445
3420	-1620.56	-1622.49	1.93489	0.09434768
3430	-1589.77	-1590.14	0.375104	0.180111
3440	-1591.41	-1592.61	1.19368	0.1364265
3450	-1602.42	-1604.02	1.60454	0.1139613
3460	-1594.77	-1596.13	1.36003	0.1274553
3470	-1589.2	-1589.64	0.435959	0.1768424
3480	-1615.42	-1617.28	1.86122	0.09895641
3490	-1612.6	-1614.42	1.81554	0.1017286
3500	-1623.94	-1625.91	1.97745	0.09158529
3510	-1590.36	-1591.48	1.12265	0.1402285
3520	-1592.56	-1593.82	1.25833	0.1329529
3530	-1650.14	-1652.34	2.19906	0.07482314
3540	-1597.02	-1596.93	-0.0895252	0.2053761
3550	-1604.13	-1605.78	1.64652	0.1115851
3560	-1594.22	-1595.56	1.33675	0.1287181
3570	-1632.98	-1635.06	2.07304	0.08500031
3580	-1637.65	-1639.76	2.11362	0.08197716
3590	-1656.99	-1659.22	2.23375	0.07137446
3600	-1590.41	-1591.54	1.12668	0.1400132
3610	-1628.23	-1630.25	2.02585	0.08832839
3620	-1590.62	-1591.76	1.14148	0.1392217
3630	-1643.76	-1645.92	2.15932	0.07832197
3640	-1590.11	-1591.21	1.10376	0.1412374
3650	-1604.46	-1606.11	1.65402	0.111158
3660	-1597.13	-1598.58	1.44885	0.1226081
3670	-1590.76	-1591.05	0.285705	0.1849276
3680	-1590.11	-1590.45	0.342345	0.1818739
3690	-1592.5	-1593.75	1.25493	0.1331357
3700	-1588.04	-1588.88	0.835942	0.1554991
3710	-1594.74	-1596.1	1.35895	0.1275137
3720	-1590.48	-1590.79	0.309224	0.1836586
3730	-1648.01	-1650.2	2.18661	0.0759606
3740	-1615.43	-1617.29	1.86149	0.09894038
3750	-1619.57	-1621.49	1.92161	0.09519285
3760	-1625.26	-1627.25	1.99303	0.09055165
3770	-1587.94	-1588.73	0.793158	0.157775
3780	-1626.25	-1628.25	2.00429	0.08979654
3790	-1627.12	-1629.13	2.01391	0.08914474
3800	-1594.69	-1596.05	1.35677	0.1276321
3810	-1588.3	-1589.2	0.898897	0.1521506
3820	-1601.7	-1603.28	1.58578	0.1150157
3830	-1588.02	-1588.67	0.643359	0.1657523
3840	-1667.63	-1669.9	2.27344	0.06653002
3850	-1588.53	-1589.46	0.937409	0.1501018
3860	-1620.26	-1622.19	1.93096	0.09459814
3870	-1588.3	-1588.87	0.571933	0.1695641
3880	-1606.98	-1608.69	1.70958	0.107968
3890	-1625.56	-1627.55	1.99641	0.09032557
3900	-1630.11	-1632.15	2.04527	0.0869796
3910	-1637.63	-1639.75	2.1135	0.08198643
3920	-1588.2	-1589.08	0.87739	0.1532946
3930	-1668.46	-1670.74	2.2759	0.06617153
3940	-1613.44	-1615.27	1.82962	0.1008803
3950	-1658.86	-1661.1	2.24192	0.07047985
3960	-1591.92	-1593.15	1.22368	0.1348164
3970	-1721.4	-1723.68	2.27412	0.04840758
3980	-1668.47	-1670.75	2.27592	0.06616846
3990	-1641.9	-1644.04	2.14621	0.0794035
4000	-1654.58	-1656.8	2.22243	0.0725537
4010	-1639.94	-1642.07	2.13168	0.08057006
4020	-1659.93	-1662.18	2.24639	0.06997363
4030	-1664.98	-1667.24	2.26506	0.06768316
4040	-1601.4	-1602.98	1.57799	0.1154526
4050	-1609.91	-1611.68	1.76746	0.1045887
4060	-1614.63	-1616.47	1.84881	0.09971526
4070	-1660.36	-1662.61	2.24812	0.06977436
4080	-1600.69	-1602.25	1.55849	0.1165434
4090	-1608.36	-1610.1	1.73762	0.1063389
4100	-1670.37	-1672.66	2.28116	0.06536714
4110	-1736.29	-1738.52	2.2276	0.04464993
4120	-1609.7	-1611.46	1.76357	0.1048177
4130	-1620.88	-1622.82	1.93916	0.0940736
4140	-1591.98	-1592.18	0.194643	0.1898536
4150	-1672.08	-1674.37	2.28546	0.06466049
4160	-1588.26	-1589.15	0.890291	0.1526084
4170	-1699.2	-1701.5	2.30886	0.0548783
4180	-1606.53	-1608.23	1.70008	0.1085168
4190	-1697.04	-1699.35	2.30982	0.05557154
4200	-1611.78	-1613.58	1.80131	0.1025804
4210	-1589.51	-1590.56	1.05231	0.143983
4220	-1652.02	-1654.23	2.20934	0.07384878
4230	-1612.87	-1614.69	1.82011	0.1014535
4240	-1653.56	-1655.78	2.21735	0.07306465
4250	-1757.23	-1759.36	2.13365	0.03999085
4260	-1706.58	-1708.88	2.30221	0.05259818
4270	-1737.59	-1739.82	2.22269	0.04433933
4280	-1612.73	-1614.55	1.81767	0.1016002
4290	-1587.96	-1588.63	0.667662	0.1644567
4300	-1641.4	-1643.54	2.14261	0.07969557
4310	-1636.16	-1638.26	2.10122	0.08291925
4320	-1688.3	-1690.61	2.30899	0.05851726
4330	-1663.94	-1666.2	2.26151	0.06814415
4340	-1686.6	-1688.91	2.3079	0.05912
4350	-1600.76	-1602.32	1.5605	0.116431
4360	-1589.09	-1589.54	0.449899	0.1760947
4370	-1723.64	-1725.91	2.26827	0.04781699
4380	-1592.08	-1593.31	1.23213	0.1343621
4390	-1588.93	-1589.4	0.469516	0.1750431
4400	-1587.98	-1588.64	0.660245	0.1648521
4410	-1599.34	-1600.86	1.51961	0.1187065
4420	-1627.17	-1629.18	2.01443	0.08910949
4430	-1588.14	-1589	0.86322	0.1540483
4440	-1649.2	-1651.39	2.19366	0.07532168
4450	-1674.41	-1676.7	2.29073	0.06371814
4460	-1588.43	-1589.35	0.921648	0.1509404
4470	-1677	-1679.29	2.29581	0.06269634
4480	-1590.68	-1591.83	1.14618	0.1389703
4490	-1638.07	-1640.19	2.11703	0.0817148
4500	-1635.8	-1637.9	2.09822	0.0831451
4510	-1821.31	-1822.98	1.66282	0.02906146
4520	-1636.51	-1638.61	2.10418	0.08269644
4530	-1593.05	-1594.33	1.28285	0.1316318
4540	-1588.23	-1589.12	0.884558	0.1529133
4550	-1685.8	-1688.11	2.30729	0.05940381
4560	-1725.67	-1727.94	2.26259	0.04728729
4570	-1717.41	-1719.7	2.28355	0.04948867
4580	-1758.12	-1760.25	2.12897	0.03980762
4590	-1660.01	-1662.26	2.2467	0.06993808
4600	-1616.48	-1618.36	1.87746	0.09795643
4610	-1664.48	-1666.74	2.26337	0.06790419
4620	-1650.31	-1652.51	2.2	0.07473554
4630	-1777.99	-1780	2.01012	0.03597019
4640	-1754.21	-1756.36	2.14915	0.04062249
4650	-1787.73	-1789.68	1.94225	0.0342561
4660	-1591.01	-1592.18	1.16831	0.1377856
4670	-1672.26	-1674.55	2.28589	0.06458785
4680	-1648.7	-1650.89	2.19073	0.075589
4690	-1603.93	-1605.58	1.64179	0.1118539
4700	-1589.86	-1590.94	1.08311	0.1423402
4710	-1607.5	-1609.22	1.72026	0.1073496
4720	-1598.04	-1599.52	1.47915	0.1209423
4730	-1607.02	-1608.73	1.71032	0.1079255
4740	-1612.81	-1614.63	1.81904	0.1015178
4750	-1598.46	-1599.96	1.49265	0.1201976
4760	-1600.42	-1601.97	1.55095	0.116964
4770	-1615.93	-1617.8	1.86919	0.09846682
4780	-1609.69	-1611.45	1.7633	0.1048337
4790	-1705.72	-1708.03	2.30324	0.05285478
4800	-1645.76	-1647.93	2.17258	0.07719445
4810	-1687.1	-1689.41	2.30825	0.05894187
4820	-1622.52	-1624.48	1.96018	0.09271591
4830	-1610.78	-1612.56	1.78352	0.1036393
4840	-1597.89	-1599.37	1.47435	0.1212069
4850	-1594.75	-1596.11	1.35908	0.1275069
4860	-1592.66	-1593.92	1.26304	0.1326992
4870	-1617.73	-1616.91	-0.820041	0.2465865
4880	-1587.97	-1588.63	0.666759	0.1645048
4890	-1589.53	-1589.93	0.39923	0.1788143
4900	-1627.32	-1629.33	2.01606	0.08899826
4910	-1629.32	-1631.36	2.03728	0.08753786
4920	-1619.15	-1621.06	1.91585	0.09555748
4930	-1645.04	-1647.21	2.16788	0.07759854
4940	-1594.15	-1595.48	1.33359	0.1288894
4950	-1589.39	-1590.43	1.04059	0.1446074
4960	-1596.56	-1597.99	1.42882	0.1237057
4970	-1636.24	-1638.34	2.10195	0.08286483
4980	-1621.34	-1623.28	1.94513	0.09369013
4990	-1626.35	-1628.36	2.00544	0.08971895
5000	-1650.35	-1652.55	2.20022	0.07471551
5010	-1602.35	-1603.95	1.60276	0.1140611
5020	-1622.7	-1624.66	1.96231	0.09257721
5030	-1751.23	-1753.39	2.16384	0.0412591
5040	-1602.82	-1604.43	1.61458	0.113395
5050	-1728.43	-1730.68	2.25435	0.04658242
5060	-1588.3	-1589.19	0.897513	0.1522242
5070	-1623.5	-1625.47	1.97218	0.09193204
5080	-1678.42	-1680.72	2.29826	0.06214636
5090	-1646.17	-1648.34	2.1752	0.07696758
5100	-1648.41	-1650.6	2.18904	0.07574217
5110	-1747.66	-1749.84	2.18056	0.04203764
5120	-1600.73	-1602.29	1.5595	0.1164868
5130	-1589.92	-1591.01	1.08834	0.1420608
5140	-1681.46	-1683.76	2.30273	0.06099365
5150	-1588.82	-1589.8	0.978559	0.1479118
5160	-1622.4	-1624.36	1.95865	0.09281576
5170	-1781	-1782.99	1.98981	0.0354297
5180	-1657.88	-1660.12	2.23772	0.0709442
5190	-1635.31	-1637.4	2.09392	0.0834665
5200	-1589.03	-1589.49	0.457066	0.1757105
5210	-1611.83	-1613.64	1.80226	0.1025238
5220	-1589.17	-1590.19	1.01826	0.1457973
5230	-1596.47	-1596.41	-0.063027	0.2039181
5240	-1676.06	-1673.98	-2.0753	0.3229871
5250	-1589.23	-1589.67	0.432234	0.1770423
5260	-1612.5	-1614.31	1.81369	0.1018393
5270	-1592.79	-1594.06	1.27004	0.1323222
5280	-1618.37	-1620.28	1.90498	0.09624236
5290	-1597.47	-1597.36	-0.110719	0.2065438
5300	-1588.5	-1589.03	0.53441	0.1715694
5310	-1608.95	-1610.7	1.7493	0.1056562
5320	-1705.58	-1707.88	2.30341	0.05289878
5330	-1772.6	-1774.64	2.04498	0.03696356
5340	-1663.21	-1665.46	2.25891	0.06847315
5350	-1704.61	-1706.92	2.30448	0.053191
5360	-1588.2	-1589.08	0.877639	0.1532813
5370	-1593.9	-1595.23	1.32283	0.1294718
5380	-1594.48	-1594.52	0.0409622	0.1982182
5390	-1597.9	-1599.38	1.47457	0.1211945
5400	-1619.77	-1621.69	1.92433	0.0950205
5410	-1633.53	-1635.61	2.07806	0.08463554
5420	-1627.62	-1629.64	2.01933	0.08877535
5430	-1603.96	-1605.61	1.64246	0.1118154
5440	-1609.05	-1610.8	1.75117	0.1055465
5450	-1745.95	-1748.14	2.18823	0.04241657
5460	-1855.01	-1856.33	1.31481	0.02475502
5470	-1657.93	-1660.17	2.23796	0.07091854
5480	-1675.43	-1677.73	2.29283	0.06331171
5490	-1637.8	-1639.91	2.11486	0.08188168
5500	-1592.91	-1594.19	1.27587	0.1320079
5510	-1607	-1608.71	1.70991	0.1079493
5520	-1605.97	-1607.66	1.6881	0.1092072
5530	-1649.57	-1651.77	2.19581	0.07512447
5540	-1655.51	-1657.74	2.22691	0.07209452
5550	-1678.35	-1680.65	2.29816	0.06217187
5560	-1743.83	-1746.03	2.19745	0.04289325
5570	-1626.3	-1628.31	2.00485	0.08975862
5580	-1602.89	-1604.51	1.61645	0.1132894
5590	-1611.44	-1613.24	1.79542	0.1029319
5600	-1600.68	-1602.24	1.55827	0.1165555
5610	-1607.37	-1609.08	1.71759	0.1075041
5620	-1654.67	-1652.99	-1.67748	0.2979229
5630	-1631.47	-1633.53	2.0587	0.08603013
5640	-1609.96	-1611.73	1.76844	0.1045309
5650	-1652.63	-1654.84	2.21255	0.07353724
5660	-1615.24	-1617.1	1.85854	0.09912085
5670	-1627.38	-1629.4	2.01676	0.08895112
5680	-1588.51	-1589.45	0.934899	0.1502354
5690	-1663.08	-1665.34	2.25845	0.06853089
5700	-1623.04	-1625	1.96651	0.09230304
5710	-1725.67	-1727.93	2.26261	0.04728909
5720	-1632.71	-1634.78	2.07053	0.08518217
5730	-1623.71	-1625.68	1.97472	0.0917646
5740	-1588.67	-1589.63	0.958148	0.1489982
5750	-1595.94	-1595.9	-0.0363552	0.2024529
5760	-1627.68	-1629.7	2.02	0.0887297
5770	-1760.69	-1762.81	2.11508	0.0392821
5780	-1796	-1797.88	1.87992	0.03288017
5790	-1653.13	-1655.34	2.21514	0.07328347
5800	-1669.04	-1671.32	2.27753	0.06592803
5810	-1645.17	-1647.34	2.16878	0.07752179
5820	-1623.1	-1625.06	1.96725	0.09225491
5830	-1699.7	-1702.01	2.30857	0.05471826
5840	-1587.92	-1588.61	0.694343	0.1630351
5850	-1603.3	-1604.93	1.6265	0.1127209
5860	-1594.53	-1594.57	0.0381682	0.1983709
5870	-1592.9	-1594.18	1.27556	0.1320245
5880	-1677.59	-1679.89	2.29687	0.06246563
5890	-1618.24	-1620.14	1.9031	0.09636032
5900	-1592.48	-1593.73	1.25374	0.1331997
5910	-1597.46	-1598.92	1.46003	0.1219943
5920	-1648.06	-1650.25	2.18694	0.0759315
5930	-1588.29	-1588.86	0.573019	0.169506
5940	-1590.74	-1591.89	1.15014	0.1387582
5950	-1588.38	-1589.29	0.913248	0.1513872
5960	-1611.07	-1612.86	1.78877	0.1033274
5970	-1718.77	-1721.05	2.28049	0.04911758
5980	-1650.38	-1652.58	2.20037	0.07470073
5990	-1605.85	-1607.54	1.68554	0.1093545
6000	-1616.78	-1618.66	1.88195	0.09767871
6010	-1588.18	-1589.06	0.873627	0.1534947
6020	-1628.45	-1630.48	2.02818	0.08816777
6030	-1638.77	-1640.89	2.12261	0.08128214
6040	-1610.47	-1612.24	1.77778	0.1039792
6050	-1615.26	-1617.11	1.85874	0.09910877
6060	-1595.06	-1596.43	1.37182	0.1268144
6070	-1588.62	-1589.13	0.514425	0.1726385
6080	-1651.1	-1653.3	2.20437	0.07432438
6090	-1728.45	-1730.71	2.25428	0.04657649
6100	-1650.26	-1652.46	2.1997	0.07476369
6110	-1630.17	-1632.22	2.04589	0.08693606
6120	-1614.66	-1616.5	1.84929	0.0996863
6130	-1602.69	-1604.3	1.61142	0.113573
6140	-1688.83	-1691.14	2.30926	0.05833203
6150	-1591.44	-1592.63	1.19522	0.1363438
6160	-1588.73	-1589.23	0.496957	0.1735734
6170	-1709.34	-1711.64	2.29844	0.05178027
6180	-1788.62	-1790.55	1.93581	0.03410606
6190	-1718.47	-1720.76	2.28117	0.04919759
6200	-1661.2	-1663.45	2.25142	0.06938635
6210	-1620.89	-1622.83	1.93928	0.09406647
6220	-1666.46	-1668.73	2.26988	0.06703184
6230	-1858.37	-1859.65	1.27659	0.02436794
6240	-1814.09	-1815.82	1.72871	0.03009433
6250	-1622.94	-1624.9	1.96528	0.09238339
6260	-1658.23	-1660.47	2.23926	0.07077568
6270	-1625.12	-1627.11	1.99139	0.09066087
6280	-1639.41	-1641.54	2.12765	0.08088789
6290	-1603.28	-1604.9	1.62596	0.1127516
6300	-1601.54	-1603.12	1.58159	0.1152511
6310	-1588.11	-1588.97	0.855496	0.1544591
6320	-1600.74	-1602.3	1.55984	0.1164678
6330	-1604.17	-1605.82	1.64733	0.1115386
6340	-1634.42	-1636.51	2.08613	0.08404367
6350	-1620.28	-1622.22	1.93126	0.09457893
6360	-1640.65	-1642.79	2.13705	0.08014215
6370	-1587.93	-1588.72	0.78671	0.1581181
6380	-1691.06	-1693.37	2.31009	0.05756215
6390	-1598.94	-1600.45	1.50751	0.1193765
6400	-1588.4	-1589.31	0.915833	0.1512497
6410	-1752.96	-1755.12	2.15536	0.04088683
6420	-1731.26	-1733.51	2.24527	0.04587353
6430	-1590.89	-1591.17	0.275111	0.1854996
6440	-1591.94	-1592.14	0.19743	0.1897025
6450	-1597.31	-1598.77	1.45501	0.1222702
6460	-1587.9	-1588.67	0.763924	0.1593306
6470	-1735.93	-1738.16	2.22892	0.0447354
6480	-1609.11	-1610.87	1.75236	0.1054765
6490	-1598.42	-1598.26	-0.154182	0.2089433
6500	-1682.4	-1684.7	2.30389	0.06064469
6510	-1707.36	-1709.66	2.30121	0.05236444
6520	-1746.15	-1748.34	2.18736	0.04237263
6530	-1619.36	-1621.28	1.91875	0.09537391
6540	-1623.52	-1625.5	1.97249	0.09191139
6550	-1621.56	-1623.51	1.94798	0.09350646
6560	-1626.1	-1628.1	2.00256	0.08991258
6570	-1628.41	-1630.44	2.02776	0.0881972
6580	-1644.03	-1646.19	2.16114	0.07816902
6590	-1602.93	-1604.55	1.61747	0.1132313
6600	-1587.95	-1588.76	0.800948	0.1573606
6610	-1721.72	-1718.92	-2.80162	0.3709815
6620	-1588.23	-1588.81	0.586508	0.1687857
6630	-1616.92	-1618.8	1.88394	0.09755529
6640	-1630.95	-1629.79	-1.16293	0.2666981
6650	-1664.5	-1666.77	2.26346	0.06789299
6660	-1592.68	-1592.83	0.148316	0.1923681
6670	-1601.88	-1601.58	-0.299683	0.2170239
6680	-1634.76	-1636.85	2.08914	0.08382172
6690	-1616.13	-1618	1.87215	0.09828469
6700	-1590.9	-1592.06	1.16094	0.1381803
6710	-1668.35	-1670.62	2.27556	0.06622185
6720	-1592.6	-1593.86	1.26027	0.1328482
6730	-1592.07	-1593.3	1.23163	0.1343891
6740	-1685.2	-1682.96	-2.23208	0.3330973
6750	-1657.4	-1659.64	2.2356	0.07117459
6760	-1588.95	-1589.42	0.467409	0.1751561
6770	-1638.9	-1641.03	2.12368	0.08119854
6780	-1593.63	-1594.94	1.3104	0.130144
6790	-1650.91	-1653.11	2.20334	0.07442176
6800	-1668.48	-1670.76	2.27595	0.06616405
6810	-1588.89	-1589.37	0.474595	0.174771
6820	-1587.89	-1588.62	0.723796	0.1614666
6830	-1616.09	-1617.96	1.87152	0.09832366
6840	-1588.83	-1589.81	0.979249	0.147875
6850	-1683.97	-1686.28	2.30562	0.06006619
6860	-1650.78	-1652.98	2.20262	0.07448953
6870	-1607	-1608.71	1.70997	0.1079459
6880	-1591.6	-1592.8	1.20469	0.1358358
6890	-1589.29	-1590.32	1.03077	0.1451309
6900	-1588.7	-1589.2	0.501477	0.1733314
6910	-1592.89	-1594.17	1.27499	0.1320551
6920	-1718.01	-1720.29	2.28221	0.04932387
6930	-1598.91	-1600.42	1.50669	0.1194218
6940	-1603.1	-1604.72	1.62153	0.113002
6950	-1600.53	-1602.08	1.55403	0.1167925
6960	-1590.43	-1591.56	1.1282	0.1399317
6970	-1588.98	-1589.44	0.463219	0.1753806
6980	-1632.69	-1634.77	2.07036	0.08519396
6990	-1717.56	-1719.84	2.28323	0.04944897
7000	-1591.96	-1593.19	1.22579	0.1347028
7010	-1617.7	-1619.6	1.89543	0.09684014
7020	-1595.62	-1595.6	-0.0201165	0.201562
7030	-1606.24	-1605.78	-0.461337	0.2260923
7040	-1599.6	-1599.4	-0.206142	0.2118204
7050	-1623.48	-1625.46	1.97199	0.09194418
7060	-1588.29	-1589.18	0.895444	0.1523343
7070	-1587.93	-1588.72	0.789786	0.1579544
7080	-1618.02	-1617.19	-0.827954	0.2470447
7090	-1588.17	-1589.04	0.871408	0.1536127
7100	-1590.13	-1591.23	1.10506	0.1411682
7110	-1600.55	-1600.3	-0.245927	0.2140297
7120	-1593.43	-1594.73	1.30095	0.1306544
7130	-1590.68	-1591.83	1.14631	0.1389634
7140	-1629.85	-1631.9	2.04269	0.08716014
7150	-1591.65	-1592.86	1.20779	0.1356691
7160	-1591.99	-1593.21	1.22713	0.1346311
7170	-1588.9	-1589.89	0.987753	0.1474223
7180	-1591.61	-1591.83	0.220767	0.1884383
7190	-1629.03	-1627.91	-1.11619	0.2639253
7200	-1590.21	-1591.32	1.11161	0.140818
7210	-1661.82	-1664.08	2.25381	0.06910122
7220	-1740.32	-1742.53	2.21203	0.04369988
7230	-1725.01	-1727.28	2.26447	0.04745839
7240	-1602.07	-1603.67	1.59565	0.1144614
7250	-1653.34	-1655.56	2.21624	0.073175
7260	-1634.32	-1636.4	2.08522	0.08411077
7270	-1632.62	-1634.69	2.06969	0.08524281
7280	-1606.32	-1608.01	1.69552	0.1087802
7290	-1612.56	-1614.38	1.81481	0.1017721
7300	-1611.18	-1612.98	1.7908	0.1032068
7310	-1635.7	-1637.79	2.09729	0.08321496
7320	-1588.35	-1589.25	0.906852	0.1517274
7330	-1602.45	-1604.06	1.60532	0.1139171
7340	-1601.91	-1603.5	1.5914	0.1147006
7350	-1591.09	-1592.27	1.1737	0.1374973
7360	-1711.67	-1713.96	2.29472	0.05110305
7370	-1588.25	-1589.14	0.887827	0.1527394
7380	-1627.92	-1629.94	2.02258	0.08855295
7390	-1587.97	-1588.77	0.806801	0.1570492
7400	-1589.35	-1590.39	1.03727	0.1447844
7410	-1666.96	-1669.23	2.27142	0.06681798
7420	-1588.6	-1589.55	0.948343	0.14952
7430	-1594.33	-1595.67	1.34142	0.1284648
7440	-1603.57	-1605.2	1.63298	0.1123539
7450	-1646.91	-1649.09	2.17988	0.07655885
7460	-1653.7	-1655.91	2.21803	0.07299727
7470	-1702.11	-1704.41	2.30685	0.05396266
7480	-1746.24	-1748.43	2.18693	0.04235129
7490	-1646.49	-1648.67	2.17725	0.07678948
7500	-1620.56	-1622.5	1.93495	0.09434372
7510	-1636.02	-1638.12	2.10003	0.08300912
7520	-1657.83	-1660.07	2.23749	0.0709695
7530	-1778.47	-1780.47	2.00691	0.03588315
7540	-1817.19	-1818.89	1.70086	0.02964647
7550	-1746.3	-1748.49	2.18668	0.04233906
7560	-1715.4	-1717.69	2.28778	0.05004525
7570	-1649.54	-1651.73	2.1956	0.0751442
7580	-1650.99	-1653.2	2.2038	0.07437872
7590	-1615.28	-1617.14	1.85917	0.09908241
7600	-1664.88	-1667.14	2.26472	0.06772781
7610	-1600.7	-1602.26	1.55886	0.1165227
7620	-1642.58	-1644.73	2.15112	0.07900235
7630	-1587.91	-1588.61	0.706561	0.1623843
7640	-1631.9	-1633.96	2.06282	0.08573594
7650	-1589.71	-1590.78	1.07081	0.142996
7660	-1589.56	-1590.62	1.05734	0.1437144
7670	-1588.11	-1588.72	0.617151	0.1671501
7680	-1593.24	-1593.35	0.113237	0.194276
7690	-1609.87	-1609.29	-0.583236	0.2329976
7700	-1588.32	-1589.22	0.902588	0.1519543
7710	-1688.23	-1690.54	2.30895	0.05854293
7720	-1754.76	-1756.91	2.14637	0.04050622
7730	-1753.09	-1755.24	2.15476	0.04086078
7740	-1804.88	-1806.69	1.80822	0.03147606
7750	-1700.39	-1702.7	2.30813	0.05450056
7760	-1677.11	-1679.41	2.29602	0.06265205
7770	-1588.66	-1589.62	0.95695	0.149062
7780	-1587.99	-1588.81	0.818339	0.1564355
7790	-1636.9	-1639.01	2.10751	0.08244378
7800	-1629.97	-1632.02	2.04391	0.08707523
7810	-1669.82	-1672.1	2.27968	0.0655989
7820	-1735.25	-1737.48	2.2314	0.0448986
7830	-1708.58	-1710.88	2.29954	0.05200189
7840	-1662.9	-1665.15	2.2578	0.06861241
7850	-1616.04	-1617.91	1.87085	0.09836495
7860	-1600.4	-1601.95	1.55026	0.1170023
7870	-1588.39	-1588.94	0.553595	0.1705438
7880	-1594.59	-1595.95	1.35269	0.1278537
7890	-1630.49	-1632.54	2.04906	0.08671347
7900	-1605.07	-1606.74	1.66803	0.1103581
7910	-1588.35	-1589.26	0.908509	0.1516393
7920	-1675.37	-1677.66	2.2927	0.06333769
7930	-1589.31	-1590.34	1.03291	0.1450172
7940	-1621.88	-1620.95	-0.933707	0.2531947
7950	-1594.1	-1595.43	1.33129	0.1290138
7960	-1691.79	-1694.1	2.31025	0.05731594
7970	-1651.18	-1653.39	2.20483	0.0742808
7980	-1610.35	-1612.13	1.77571	0.1041018
7990	-1603.59	-1603.23	-0.365591	0.2207092
8000	-1674.9	-1677.19	2.29176	0.06352205
8010	-1681.5	-1683.8	2.30277	0.06098022
8020	-1611.93	-1613.73	1.80396	0.1024224
8030	-1624.38	-1623.38	-0.999245	0.257031
8040	-1590.41	-1591.54	1.12695	0.1399983
8050	-1616.25	-1618.12	1.87393	0.09817493
8060	-1597.09	-1598.54	1.44753	0.1226808
8070	-1662.75	-1665.01	2.25728	0.06867667
8080	-1654.26	-1656.48	2.22086	0.072713
8090	-1626.89	-1628.9	2.01139	0.08931587
8100	-1678.69	-1680.98	2.2987	0.06204367
8110	-1595.43	-1595.42	-0.0100933	0.2010124
8120	-1590.9	-1591.18	0.274548	0.18553
8130	-1643.58	-1645.74	2.15806	0.07842688
8140	-1750.61	-1752.78	2.16679	0.04139208
8150	-1596.9	-1598.34	1.44078	0.123051
8160	-1607.49	-1609.21	1.72015	0.1073555
8170	-1719.25	-1721.53	2.27938	0.04898747
8180	-1588.59	-1589.54	0.947027	0.14959
8190	-1588.1	-1588.72	0.619534	0.167023
8200	-1587.9	-1588.65	0.755857	0.1597599
8210	-1611.64	-1613.44	1.79882	0.1027291
8220	-1625.25	-1627.24	1.99287	0.09056208
8230	-1755.96	-1758.1	2.14024	0.04025491
8240	-1790.94	-1792.86	1.91858	0.03371408
8250	-1691.17	-1693.48	2.31012	0.05752707
8260	-1712.08	-1714.37	2.29402	0.05098645
8270	-1662.53	-1664.78	2.25644	0.06878054
8280	-1817.58	-1819.28	1.69724	0.02958959
8290	-1642.23	-1644.38	2.14859	0.07920911
8300	-1600.11	-1601.66	1.54223	0.1174495
8310	-1588	-1588.65	0.651888	0.1652975
8320	-1593.47	-1594.78	1.30315	0.1305357
8330	-1692.36	-1694.67	2.31034	0.0571203
8340	-1708.44	-1710.74	2.29974	0.05204438
8350	-1628.72	-1630.75	2.03098	0.08797467
8360	-1609.92	-1611.68	1.7676	0.1045808
8370	-1593.88	-1595.21	1.32193	0.1295203
8380	-1646.96	-1649.14	2.18018	0.07653218
8390	-1790.92	-1792.84	1.91875	0.03371793
8400	-1831.81	-1833.37	1.56149	0.02763309
8410	-1742.23	-1744.44	2.2042	0.04325799
8420	-1673.52	-1675.81	2.2888	0.06407523
8430	-1708.69	-1710.99	2.29938	0.0519699
8440	-1666.91	-1669.18	2.27126	0.06684056
8450	-1588.16	-1588.76	0.603887	0.167858
8460	-1595.33	-1596.71	1.38257	0.1262296
8470	-1646.59	-1648.76	2.17785	0.07673655
8480	-1601.76	-1603.35	1.58744	0.1149227
8490	-1601.97	-1603.56	1.59292	0.1146148
8500	-1612.07	-1613.88	1.80646	0.102273
8510	-1679.85	-1682.15	2.3005	0.06159926
8520	-1589.25	-1589.68	0.430454	0.1771378
8530	-1588.96	-1589.42	0.466417	0.1752092
8540	-1593.7	-1595.02	1.3137	0.1299655
8550	-1588.1	-1588.72	0.617651	0.1671234
8560	-1612.63	-1614.44	1.81591	0.101706
8570	-1595.86	-1595.83	-0.0325289	0.2022429
8580	-1623	-1624.97	1.96611	0.09232916
8590	-1587.95	-1588.75	0.797744	0.1575311
8600	-1628.51	-1630.53	2.02878	0.08812639
8610	-1589.83	-1590.92	1.08118	0.1424429
8620	-1597.18	-1598.63	1.45057	0.1225138
8630	-1591.78	-1591.99	0.208885	0.1890818
8640	-1624.36	-1626.35	1.98254	0.09124893
8650	-1638.24	-1640.36	2.11844	0.08160526
8660	-1681.33	-1683.63	2.30255	0.06104352
8670	-1609.34	-1611.09	1.75664	0.1052254
8680	-1650.84	-1653.05	2.20297	0.07445717
8690	-1729.76	-1732.01	2.25017	0.04624814
8700	-1604.56	-1604.16	-0.401383	0.2227175
8710	-1595.99	-1595.95	-0.0390388	0.2026002
8720	-1588.65	-1589.16	0.510076	0.1728712
8730	-1587.89	-1588.62	0.73273	0.1609909
8740	-1607.9	-1609.63	1.72852	0.1068691
8750	-1600.98	-1602.55	1.56662	0.1160893
8760	-1639.22	-1641.35	2.12618	0.08100292
8770	-1647.87	-1650.05	2.18576	0.07603661
8780	-1597.9	-1597.77	-0.130632	0.2076424
8790	-1592.11	-1592.29	0.185884	0.1903286
8800	-1589.49	-1589.89	0.403517	0.178584
8810	-1595.57	-1596.96	1.39183	0.1257253
8820	-1615.14	-1616.99	1.8569	0.09922137
8830	-1623.69	-1625.67	1.97454	0.09177654
8840	-1661.65	-1663.9	2.25314	0.06918072
8850	-1665.74	-1668.01	2.26759	0.06734551
8860	-1649.61	-1651.8	2.196	0.07510661
8870	-1618.65	-1620.55	1.90885	0.09599899
8880	-1588.03	-1588.87	0.832791	0.1556667
8890	-1589.78	-1590.86	1.07663	0.142686
8900	-1587.89	-1588.63	0.741278	0.1605358
8910	-1589.3	-1589.72	0.424506	0.177457
8920	-1597.07	-1598.52	1.44668	0.1227272
8930	-1603.95	-1605.59	1.64204	0.1118395
8940	-1631.57	-1633.63	2.0597	0.08595916
8950	-1640.67	-1642.81	2.1372	0.08013087
8960	-1591.2	-1592.38	1.18064	0.1371253
8970	-1664.12	-1666.38	2.26215	0.06806269
8980	-1587.94	-1588.62	0.678627	0.1638724
8990	-1589.83	-1590.2	0.368283	0.1804779
9000	-1591.67	-1592.88	1.20931	0.135588
9010	-1658.41	-1660.65	2.24003	0.07069079
9020	-1600.94	-1602.51	1.56551	0.1161511
9030	-1601.88	-1603.47	1.59068	0.1147411
9040	-1621.7	-1623.65	1.94977	0.09339106
9050	-1599.49	-1601.02	1.5242	0.1184519
9060	-1608.17	-1609.91	1.73392	0.1065548
9070	-1607.63	-1607.12	-0.509066	0.228789
9080	-1587.9	-1588.62	0.719842	0.1616771
9090	-1599.44	-1599.24	-0.199306	0.2114414
9100	-1617.79	-1619.69	1.89672	0.09675949
9110	-1598.44	-1599.93	1.49182	0.1202439
9120	-1644.89	-1647.06	2.16691	0.07768093
9130	-1750.76	-1752.93	2.16605	0.04135886
9140	-1633.36	-1635.43	2.07648	0.08475013
9150	-1600.01	-1601.55	1.53924	0.1176158
9160	-1656.15	-1658.38	2.2299	0.07178264
9170	-1784.56	-1786.53	1.96502	0.03480298
9180	-1732.01	-1734.25	2.24276	0.04568809
9190	-1587.93	-1588.62	0.684751	0.1635461
9200	-1684.69	-1687	2.30632	0.05980479
9210	-1708.11	-1710.41	2.3002	0.05214162
9220	-1605.66	-1607.34	1.68123	0.109602
9230	-1638.16	-1640.28	2.11776	0.08165825
9240	-1662.61	-1664.87	2.25676	0.06874083
9250	-1587.9	-1588.65	0.752866	0.1599191
9260	-1645.73	-1647.9	2.17239	0.0772113
9270	-1671.68	-1673.97	2.28448	0.06482623
9280	-1589.59	-1589.98	0.393048	0.1791464
9290	-1616.56	-1618.44	1.87864	0.09788369
9300	-1607.78	-1609.51	1.72608	0.1070112
9310	-1622.03	-1623.99	1.95403	0.0931158
9320	-1588.67	-1589.62	0.957701	0.149022
9330	-1730.22	-1732.47	2.24869	0.04613301
9340	-1704.89	-1707.19	2.30418	0.0531076
9350	-1716.02	-1718.31	2.2865	0.04987202
9360	-1630.53	-1632.58	2.04952	0.08668078
9370	-1680.9	-1683.2	2.30198	0.06120458
9380	-1703.09	-1705.4	2.30598	0.05365711
9390	-1756.3	-1758.44	2.1385	0.04018437
9400	-1616.87	-1618.75	1.88321	0.09760077
9410	-1626.01	-1628.01	2.0016	0.0899771
9420	-1588.04	-1588.68	0.637579	0.1660605
9430	-1600.49	-1602.05	1.55303	0.1168482
9440	-1674.73	-1677.02	2.29139	0.06359289
9450	-1673.85	-1676.14	2.28952	0.06394367
9460	-1614.77	-1616.62	1.85104	0.09957945
9470	-1634.68	-1636.76	2.08838	0.08387727
9480	-1591.06	-1592.23	1.1715	0.1376147
9490	-1591.72	-1591.94	0.212817	0.1888688
9500	-1626.11	-1628.11	2.00267	0.08990555
9510	-1653.3	-1655.51	2.21601	0.07319756
9520	-1602.03	-1603.63	1.59463	0.114519
9530	-1601.26	-1602.83	1.57404	0.1156739
9540	-1588.82	-1589.31	0.483993	0.1742676
9550	-1600.73	-1602.28	1.55949	0.1164873
9560	-1607.75	-1609.48	1.72547	0.1070465
9570	-1690.93	-1688.6	-2.32706	0.3392878
9580	-1614	-1613.29	-0.711633	0.2403363
9590	-1599.23	-1600.75	1.51629	0.1188905
9600	-1691.25	-1693.56	2.31014	0.05749795
9610	-1684.97	-1687.28	2.30658	0.05970367
9620	-1626.41	-1628.42	2.00607	0.08967619
9630	-1670.93	-1673.21	2.28259	0.06513686
9640	-1628.71	-1630.74	2.0309	0.08798029
9650	-1648.91	-1651.1	2.19197	0.07547652
9660	-1588.88	-1589.87	0.985943	0.1475187
9670	-1621.37	-1620.45	-0.919978	0.2523936
9680	-1593.02	-1594.3	1.28125	0.1317181
9690	-1596.16	-1597.57	1.41414	0.1245085
9700	-1588.61	-1589.12	0.516217	0.1725426
9710	-1589.61	-1590.67	1.0614	0.1434982
9720	-1600.52	-1602.07	1.55364	0.1168141
9730	-1592.28	-1593.53	1.24341	0.1337559
9740	-1597.83	-1599.31	1.47242	0.1213132
9750	-1679.55	-1681.85	2.30005	0.061714
9760	-1612.6	-1614.41	1.81546	0.1017334
9770	-1589.35	-1589.77	0.418734	0.1777668
9780	-1611.4	-1610.76	-0.631814	0.2357661
9790	-1595.89	-1595.85	-0.0336113	0.2023023
9800	-1604.81	-1604.4	-0.410387	0.2232234
9810	-1636.34	-1638.44	2.10274	0.08280524
9820	-1587.91	-1588.67	0.767994	0.159114
9830	-1655.31	-1657.54	2.22596	0.07219233
9840	-1644.36	-1646.52	2.16337	0.07798103
9850	-1603.83	-1605.47	1.63926	0.1119974
9860	-1603.32	-1604.94	1.6269	0.1126984
9870	-1600.21	-1601.76	1.54503	0.1172937
9880	-1626.33	-1628.33	2.00513	0.08973928
9890	-1591.92	-1592.12	0.199047	0.1896149
9900	-1605.35	-1604.92	-0.429775	0.2243139
9910	-1589.56	-1589.96	0.396154	0.1789796
9920	-1595.28	-1596.66	1.38061	0.1263367
9930	-1613.82	-1615.65	1.8358	0.1005062
9940	-1588.36	-1589.28	0.910435	0.1515368
9950	-1612.15	-1613.96	1.80774	0.1021961
9960	-1603.32	-1604.95	1.62693	0.1126963
9970	-1602.59	-1604.2	1.60877	0.1137228
9980	-1591.46	-1592.66	1.19678	0.1362599
9990	-1588.07	-1588.7	0.627028	0.1666232
10000	-1587.9	-1588.67	0.764573	0.159296
