Iteration	Posterior	Likelihood	Prior	birth_rate
0	-1588.24	-1588.83	0.582795	0.168984
10	-1589.4	-1589.81	0.413226	0.1780625
20	-1587.92	-1588.61	0.694806	0.1630104
30	-1588.03	-1588.67	0.640951	0.1658806
40	-1587.9	-1588.61	0.715727	0.1618962
50	-1602.15	-1601.84	-0.310183	0.2176099
60	-1587.92	-1588.61	0.69321	0.1630955
70	-1594.29	-1595.63	1.33971	0.1285577
80	-1588.79	-1589.28	0.488352	0.1740342
90	-1598.94	-1600.44	1.50736	0.1193846
100	-1590.26	-1590.59	0.328787	0.1826042
110	-1605.46	-1607.13	1.67678	0.1098571
120	-1591.16	-1591.41	0.254695	0.1866027
130	-1595.94	-1595.91	-0.0365698	0.2024647
140	-1598.5	-1599.99	1.49373	0.1201381
150	-1588	-1588.65	0.651088	0.1653402
160	-1588.85	-1589.83	0.981553	0.1477524
170	-1590.82	-1591.1	0.281221	0.1851696
180	-1622.35	-1624.3	1.95795	0.09286138
190	-1592.69	-1593.96	1.26504	0.1325917
200	-1589.29	-1589.72	0.425139	0.177423
210	-1602.57	-1604.18	1.60834	0.1137467
220	-1600.3	-1601.85	1.54761	0.11715
230	-1594.01	-1594.08	0.0675073	0.1967685
240	-1587.9	-1588.66	0.760794	0.1594971
250	-1624.67	-1626.66	1.98617	0.09100841
260	-1590.36	-1591.48	1.12278	0.1402214
270	-1588	-1588.82	0.821775	0.1562527
280	-1590.03	-1591.13	1.09763	0.1415649
290	-1588	-1588.65	0.651639	0.1653108
300	-1606.85	-1608.56	1.70689	0.1081241
310	-1598.31	-1599.8	1.48775	0.1204683
320	-1593.49	-1594.79	1.30387	0.130497
330	-1599.04	-1600.55	1.51058	0.1192065
340	-1588.25	-1588.83	0.580925	0.1690838
350	-1590.28	-1591.4	1.117	0.1405302
360	-1603.78	-1605.42	1.63817	0.1120594
370	-1588.75	-1589.72	0.969526	0.1483926
380	-1588.15	-1588.76	0.60479	0.1678098
390	-1597.55	-1599.02	1.46314	0.1218235
400	-1587.9	-1588.67	0.76403	0.1593249
410	-1587.95	-1588.63	0.673282	0.1641572
420	-1590.65	-1591.79	1.14379	0.1390979
430	-1608.69	-1610.43	1.74409	0.1059612
440	-1590.32	-1591.44	1.12004	0.1403677
450	-1618.55	-1620.46	1.90755	0.09608091
460	-1589.08	-1589.53	0.450276	0.1760745
470	-1591.88	-1593.1	1.22118	0.1349504
480	-1587.89	-1588.62	0.732847	0.1609847
490	-1613.83	-1615.67	1.83605	0.1004909
500	-1587.98	-1588.64	0.659859	0.1648726
510	-1587.99	-1588.65	0.654565	0.1651548
520	-1588.76	-1589.73	0.970764	0.1483267
530	-1590.19	-1591.3	1.11	0.1409042
540	-1598.78	-1600.29	1.50266	0.1196445
550	-1588.16	-1589.03	0.867925	0.153798
560	-1587.92	-1588.69	0.777733	0.1585957
570	-1590.32	-1591.44	1.12016	0.1403614
580	-1588.4	-1588.95	0.550851	0.1706905
590	-1589.13	-1590.14	1.01368	0.1460417
600	-1588.13	-1588.74	0.611596	0.1674465
610	-1600.13	-1601.68	1.54279	0.1174187
620	-1593.95	-1595.27	1.32464	0.129374
630	-1592.91	-1593.04	0.133461	0.1931756
640	-1588.52	-1589.05	0.530117	0.1717991
650	-1590.13	-1591.24	1.10573	0.1411325
660	-1597.73	-1599.2	1.46902	0.1215
670	-1594.01	-1594.08	0.0675802	0.1967645
680	-1588.08	-1588.71	0.623647	0.1668036
690	-1598.89	-1600.4	1.50601	0.1194597
700	-1589.12	-1589.56	0.446151	0.1762957
710	-1587.92	-1588.61	0.69482	0.1630097
720	-1592.51	-1592.67	0.159223	0.1917756
730	-1607.71	-1609.43	1.72454	0.1071006
740	-1591.21	-1591.46	0.250622	0.1868229
750	-1587.95	-1588.75	0.797755	0.1575305
760	-1589.79	-1590.16	0.372748	0.1802378
770	-1590.86	-1591.14	0.278064	0.1853401
780	-1592.35	-1593.6	1.24703	0.1335613
790	-1588.27	-1588.85	0.577625	0.16926
800	-1588.04	-1588.88	0.835475	0.155524
810	-1588.02	-1588.85	0.82895	0.155871
820	-1592.9	-1594.18	1.27564	0.1320205
830	-1592.91	-1594.19	1.27603	0.1319991
840	-1588.26	-1589.14	0.889454	0.1526529
850	-1587.89	-1588.64	0.744368	0.1603714
860	-1591.58	-1592.79	1.20402	0.1358718
870	-1591.11	-1592.28	1.17463	0.137447
880	-1620.63	-1622.57	1.93589	0.09428354
890	-1592.51	-1593.76	1.25541	0.13311
900	-1589.18	-1590.2	1.01923	0.1457457
910	-1594.46	-1595.8	1.3469	0.128168
920	-1607.39	-1609.1	1.71801	0.1074798
930	-1603.76	-1605.4	1.63761	0.112091
940	-1594.43	-1594.47	0.0439915	0.1980526
950	-1587.89	-1588.62	0.724779	0.1614142
960	-1601.51	-1603.09	1.58085	0.1152923
970	-1600.7	-1602.25	1.55866	0.1165336
980	-1617.88	-1619.77	1.89794	0.09668309
990	-1592.17	-1593.41	1.23749	0.1340738
1000	-1588.06	-1588.91	0.842661	0.1551418
1010	-1594.71	-1596.06	1.35733	0.1276019
1020	-1589.76	-1590.84	1.07494	0.1427758
1030	-1589.81	-1590.89	1.07934	0.142541
1040	-1588	-1588.65	0.653033	0.1652365
1050	-1595.5	-1596.89	1.38933	0.1258618
1060	-1590.61	-1591.75	1.14131	0.1392305
1070	-1592.26	-1592.44	0.17568	0.1908821
1080	-1592.56	-1592.71	0.155963	0.1919526
1090	-1587.99	-1588.65	0.656994	0.1650253
1100	-1599.84	-1601.37	1.53429	0.1178912
1110	-1596.67	-1596.6	-0.0726943	0.2044498
1120	-1613.53	-1615.36	1.83109	0.1007913
1130	-1587.97	-1588.77	0.807325	0.1570214
1140	-1601.7	-1601.41	-0.292624	0.2166301
1150	-1596.77	-1596.69	-0.0772641	0.2047012
1160	-1587.91	-1588.61	0.702473	0.162602
1170	-1591.86	-1592.07	0.202745	0.1894145
1180	-1605.79	-1607.48	1.68417	0.1094332
1190	-1593.73	-1595.05	1.31503	0.1298936
1200	-1590.06	-1590.41	0.346594	0.1816451
1210	-1598.08	-1599.56	1.48053	0.1208664
1220	-1587.94	-1588.74	0.795688	0.1576405
1230	-1588.34	-1589.25	0.906441	0.1517493
1240	-1606.15	-1607.85	1.69205	0.1089799
1250	-1590.25	-1591.36	1.1146	0.1406585
1260	-1590.94	-1592.11	1.16381	0.1380265
1270	-1589.03	-1590.04	1.0033	0.1465942
1280	-1591	-1592.17	1.16773	0.1378168
1290	-1588.39	-1589.3	0.914161	0.1513386
1300	-1665.54	-1667.8	2.2669	0.06743754
1310	-1594.08	-1594.14	0.0636054	0.1969814
1320	-1588.69	-1589.65	0.960818	0.1488561
1330	-1588.1	-1588.72	0.619168	0.1670425
1340	-1591.26	-1591.5	0.247032	0.187017
1350	-1593.43	-1593.54	0.101281	0.1949271
1360	-1588.53	-1589.46	0.937175	0.1501143
1370	-1590.21	-1590.55	0.332761	0.18239
1380	-1592.35	-1593.59	1.24685	0.1335704
1390	-1587.93	-1588.62	0.686684	0.1634431
1400	-1605.48	-1607.16	1.67735	0.1098243
1410	-1588.56	-1589.5	0.942347	0.1498391
1420	-1588.16	-1589.02	0.86733	0.1538296
1430	-1594.29	-1595.63	1.33997	0.1285433
1440	-1602.81	-1604.42	1.61439	0.1134057
1450	-1588.18	-1589.05	0.873359	0.153509
1460	-1588.84	-1589.32	0.482038	0.1743723
1470	-1603.83	-1605.47	1.63936	0.1119915
1480	-1612.67	-1614.48	1.81661	0.1016639
1490	-1591.99	-1593.21	1.22717	0.1346287
1500	-1592.56	-1592.71	0.155939	0.1919539
1510	-1600.37	-1601.92	1.54947	0.1170467
1520	-1598.52	-1600.01	1.49432	0.1201055
1530	-1587.89	-1588.62	0.730895	0.1610886
1540	-1600.75	-1600.5	-0.254238	0.2144919
1550	-1598.55	-1600.04	1.49523	0.1200553
1560	-1588.22	-1588.81	0.588677	0.1686699
1570	-1611.18	-1612.97	1.79065	0.103216
1580	-1601.57	-1603.15	1.58233	0.1152095
1590	-1589.85	-1590.22	0.366895	0.1805526
1600	-1623.87	-1625.85	1.97664	0.09163845
1610	-1589.24	-1590.26	1.02564	0.1454044
1620	-1588.01	-1588.66	0.646756	0.1655711
1630	-1588.32	-1588.88	0.567821	0.1697837
1640	-1605.13	-1606.8	1.66941	0.1102792
1650	-1587.89	-1588.64	0.747367	0.1602118
1660	-1592.66	-1593.92	1.26314	0.1326941
1670	-1590.44	-1591.57	1.12858	0.1399113
1680	-1587.93	-1588.62	0.690248	0.1632533
1690	-1593.3	-1594.59	1.29481	0.1309864
1700	-1588.23	-1588.81	0.586798	0.1687702
1710	-1617.41	-1619.3	1.89115	0.09710721
1720	-1587.98	-1588.64	0.660441	0.1648416
1730	-1591.14	-1592.32	1.17674	0.1373342
1740	-1589.16	-1589.6	0.440698	0.1765882
1750	-1623.63	-1625.6	1.97378	0.09182683
1760	-1597.93	-1597.79	-0.131954	0.2077154
1770	-1587.91	-1588.68	0.773201	0.1588369
1780	-1598.54	-1600.04	1.49506	0.1200646
1790	-1591.41	-1592.6	1.19326	0.1364487
1800	-1587.92	-1588.7	0.779219	0.1585167
1810	-1587.89	-1588.63	0.741981	0.1604984
1820	-1605.29	-1606.96	1.67302	0.1100721
1830	-1588.18	-1589.05	0.871936	0.1535847
1840	-1590.06	-1591.16	1.09971	0.141454
1850	-1588.68	-1589.64	0.959897	0.1489051
1860	-1626.02	-1628.02	2.00164	0.08997472
1870	-1588.95	-1589.42	0.467196	0.1751675
1880	-1588.31	-1589.21	0.899935	0.1520954
1890	-1590.28	-1590.61	0.326655	0.1827191
1900	-1590.02	-1591.12	1.09692	0.1416028
1910	-1607.25	-1608.96	1.71513	0.1076471
1920	-1589.73	-1590.8	1.07226	0.1429188
1930	-1605.54	-1607.22	1.67866	0.109749
1940	-1591.75	-1591.96	0.210905	0.1889723
1950	-1589.39	-1589.8	0.414617	0.1779879
1960	-1589.36	-1590.39	1.03754	0.14477
1970	-1594.94	-1596.31	1.36701	0.1270763
1980	-1587.92	-1588.7	0.779163	0.1585196
1990	-1601.05	-1602.62	1.56851	0.1159833
2000	-1592.13	-1593.37	1.23517	0.1341986
2010	-1609.47	-1611.23	1.75923	0.1050734
2020	-1592.49	-1593.74	1.25433	0.1331681
2030	-1587.93	-1588.73	0.790278	0.1579283
2040	-1590.4	-1591.53	1.12586	0.1400565
2050	-1624.09	-1626.07	1.97928	0.0914645
2060	-1595.92	-1597.32	1.40522	0.1249953
2070	-1587.91	-1588.61	0.699263	0.162773
2080	-1606.42	-1608.11	1.69768	0.1086555
2090	-1588.62	-1589.57	0.95143	0.1493557
2100	-1601.86	-1601.56	-0.298961	0.2169835
2110	-1594.21	-1594.26	0.0561904	0.1973863
2120	-1608.15	-1609.88	1.73341	0.1065844
2130	-1590.13	-1590.47	0.340537	0.1819713
2140	-1592.12	-1593.36	1.23485	0.1342159
2150	-1609.6	-1611.36	1.76165	0.1049311
2160	-1590.84	-1592	1.15706	0.138388
2170	-1591.09	-1591.35	0.259553	0.1863401
2180	-1651.91	-1654.12	2.20878	0.07390268
2190	-1588.17	-1589.04	0.87065	0.1536531
2200	-1590.79	-1591.07	0.283862	0.185027
2210	-1634.22	-1632.98	-1.24004	0.2712957
2220	-1603.07	-1604.69	1.62087	0.1130396
2230	-1588.45	-1588.99	0.542729	0.1711247
2240	-1588.97	-1589.44	0.464423	0.1753161
2250	-1588.36	-1589.27	0.908898	0.1516186
2260	-1596.65	-1598.08	1.43199	0.1235321
2270	-1594.41	-1594.46	0.0447038	0.1980137
2280	-1596.24	-1596.18	-0.0511932	0.2032678
2290	-1588.85	-1589.33	0.479846	0.1744897
2300	-1590.09	-1590.43	0.34434	0.1817665
2310	-1599.51	-1601.03	1.52461	0.1184291
2320	-1588.51	-1589.45	0.935381	0.1502097
2330	-1588.46	-1589.39	0.926669	0.1506732
2340	-1588.57	-1589.52	0.944322	0.149734
2350	-1605.04	-1606.71	1.66741	0.1103932
2360	-1592.91	-1594.18	1.27581	0.1320114
2370	-1601.99	-1603.58	1.59344	0.1145856
2380	-1605.58	-1607.26	1.67952	0.1096997
2390	-1596.38	-1597.8	1.42234	0.1240601
2400	-1590.24	-1591.35	1.11387	0.1406974
2410	-1590.89	-1591.17	0.2751	0.1855002
2420	-1588.12	-1588.98	0.859462	0.1542481
2430	-1589.69	-1590.75	1.06833	0.1431288
2440	-1590.36	-1591.49	1.12318	0.1401999
2450	-1588.81	-1589.78	0.976234	0.1480355
2460	-1588.16	-1589.02	0.867238	0.1538345
2470	-1601.57	-1603.15	1.58229	0.1152115
2480	-1587.91	-1588.67	0.768072	0.1591098
2490	-1588.55	-1589.08	0.524489	0.1721001
2500	-1600.71	-1602.27	1.5591	0.1165093
2510	-1619.44	-1621.36	1.91985	0.0953044
2520	-1590.99	-1592.15	1.16676	0.1378686
2530	-1596.13	-1597.54	1.41312	0.1245641
2540	-1593.03	-1594.31	1.2819	0.1316827
2550	-1590.38	-1591.5	1.12421	0.1401448
2560	-1587.9	-1588.62	0.721442	0.1615919
2570	-1598.75	-1600.26	1.50171	0.1196975
2580	-1587.89	-1588.63	0.742809	0.1604544
2590	-1587.89	-1588.63	0.737984	0.1607112
2600	-1589.34	-1590.37	1.03575	0.1448658
2610	-1594.15	-1594.21	0.0594494	0.1972083
2620	-1591.67	-1592.88	1.20928	0.1355895
2630	-1588.61	-1589.13	0.515158	0.1725992
2640	-1590.43	-1591.56	1.12846	0.139918
2650	-1606.41	-1605.95	-0.467429	0.226436
2660	-1588.03	-1588.86	0.832103	0.1557033
2670	-1608.98	-1610.73	1.74988	0.1056223
2680	-1592.23	-1592.4	0.177981	0.1907573
2690	-1589.57	-1590.63	1.05769	0.1436957
2700	-1604.51	-1606.16	1.65522	0.1110893
2710	-1593.03	-1594.31	1.28176	0.1316904
2720	-1594.99	-1596.36	1.3689	0.1269733
2730	-1588.34	-1588.9	0.563127	0.1700345
2740	-1592.56	-1592.71	0.156135	0.1919433
2750	-1602.27	-1603.87	1.6006	0.1141831
2760	-1601.9	-1603.49	1.59107	0.1147187
2770	-1610.12	-1611.89	1.77147	0.1043525
2780	-1587.89	-1588.63	0.736874	0.1607703
2790	-1594.6	-1595.95	1.353	0.1278369
2800	-1593.96	-1595.28	1.32511	0.1293482
2810	-1593.62	-1594.93	1.30982	0.1301752
2820	-1596.24	-1597.65	1.41704	0.1243501
2830	-1588.44	-1588.99	0.543678	0.1710739
2840	-1599.15	-1600.66	1.51373	0.1190322
2850	-1588.99	-1589.45	0.461929	0.1754498
2860	-1589.6	-1590.66	1.06077	0.1435315
2870	-1588.64	-1589.15	0.510363	0.1728558
2880	-1591.18	-1592.36	1.17929	0.1371978
2890	-1591.01	-1592.17	1.16799	0.137803
2900	-1592.76	-1594.03	1.26836	0.1324125
2910	-1587.92	-1588.7	0.779623	0.1584952
2920	-1587.99	-1588.8	0.815829	0.156569
2930	-1601.25	-1600.98	-0.274544	0.2156223
2940	-1591.47	-1591.7	0.231234	0.1878717
2950	-1587.97	-1588.79	0.810548	0.1568499
2960	-1588.05	-1588.69	0.633825	0.1662607
2970	-1590.9	-1592.06	1.16108	0.1381731
2980	-1588.42	-1589.33	0.91931	0.1510647
2990	-1619.4	-1621.32	1.91931	0.09533853
3000	-1588.01	-1588.84	0.825536	0.1560527
3010	-1604.97	-1606.64	1.66582	0.1104842
3020	-1588.47	-1589.4	0.928144	0.1505947
3030	-1604.21	-1605.86	1.64833	0.111482
3040	-1589.06	-1589.51	0.453066	0.1759249
3050	-1609.31	-1611.07	1.7562	0.1052514
3060	-1614.19	-1616.03	1.84186	0.1001387
3070	-1588.32	-1588.89	0.566556	0.1698513
3080	-1601.36	-1602.93	1.57669	0.1155258
3090	-1594.46	-1595.81	1.34724	0.1281494
3100	-1614.74	-1614	-0.733505	0.2415933
3110	-1599.59	-1601.12	1.52699	0.1182971
3120	-1591.2	-1591.45	0.251279	0.1867874
3130	-1606.09	-1605.63	-0.455933	0.2257875
3140	-1589.34	-1590.37	1.03565	0.144871
3150	-1628.92	-1630.95	2.03307	0.08783023
3160	-1594.04	-1594.11	0.0656796	0.1968682
3170	-1589.51	-1590.56	1.05201	0.1439987
3180	-1614.4	-1616.24	1.84519	0.09993609
3190	-1613.22	-1612.54	-0.688165	0.2389898
3200	-1590.21	-1591.32	1.11167	0.1408151
3210	-1588.74	-1589.7	0.967203	0.1485162
3220	-1588.69	-1589.65	0.960786	0.1488578
3230	-1600.05	-1601.59	1.54035	0.1175542
3240	-1620.91	-1622.85	1.93955	0.0940488
3250	-1589.45	-1589.86	0.407595	0.178365
3260	-1588.6	-1589.54	0.947563	0.1495615
3270	-1589.57	-1589.96	0.395452	0.1790173
3280	-1588.9	-1589.89	0.98842	0.1473868
3290	-1617.24	-1619.13	1.88873	0.09725747
3300	-1604.6	-1606.26	1.65744	0.1109628
3310	-1601.98	-1603.58	1.59326	0.1145961
3320	-1589.28	-1590.31	1.02986	0.1451797
3330	-1589.89	-1590.98	1.08619	0.1421758
3340	-1599.47	-1601	1.52355	0.1184875
3350	-1607.54	-1609.26	1.72108	0.1073016
3360	-1590.71	-1591	0.29004	0.1846936
3370	-1592.32	-1593.56	1.24532	0.1336529
3380	-1592.3	-1593.55	1.24462	0.1336905
3390	-1594.6	-1595.95	1.353	0.1278369
3400	-1589.49	-1589.9	0.403332	0.1785939
3410	-1596.59	-1596.52	-0.0686473	0.2042272
3420	-1596.87	-1598.31	1.43973	0.1231085
3430	-1628.36	-1630.38	2.0272	0.08823537
3440	-1590.16	-1591.26	1.10744	0.1410408
3450	-1590.79	-1591.94	1.15323	0.1385928
3460	-1590.78	-1591.06	0.284564	0.1849892
3470	-1605.67	-1607.35	1.68144	0.1095895
3480	-1588.47	-1589.01	0.538172	0.1713683
3490	-1589	-1589.46	0.460659	0.1755178
3500	-1608.36	-1610.09	1.73757	0.1063418
3510	-1587.89	-1588.63	0.734598	0.1608914
3520	-1588.21	-1589.09	0.880097	0.1531506
3530	-1588	-1588.65	0.652355	0.1652726
3540	-1589.36	-1589.78	0.41782	0.1778159
3550	-1624.75	-1626.74	1.98712	0.09094494
3560	-1602.21	-1603.81	1.59906	0.1142694
3570	-1595.76	-1595.73	-0.0271403	0.2019472
3580	-1597.9	-1599.37	1.47454	0.1211963
3590	-1587.89	-1588.62	0.72555	0.1613732
3600	-1607.86	-1607.34	-0.516796	0.2292266
3610	-1588.12	-1588.73	0.613754	0.1673314
3620	-1589.26	-1590.29	1.02781	0.1452886
3630	-1587.89	-1588.64	0.750569	0.1600413
3640	-1590.24	-1590.57	0.329887	0.1825449
3650	-1589.36	-1590.39	1.03744	0.1447753
3660	-1600.02	-1601.56	1.53956	0.1175983
3670	-1590.57	-1591.71	1.13812	0.1394011
3680	-1597.07	-1598.52	1.44682	0.1227197
3690	-1587.91	-1588.68	0.769156	0.1590521
3700	-1588.03	-1588.86	0.832276	0.1556941
3710	-1588.9	-1589.89	0.987846	0.1474174
3720	-1597.65	-1599.12	1.46633	0.1216483
3730	-1588.66	-1589.61	0.956385	0.149092
3740	-1612.63	-1614.44	1.81591	0.1017059
3750	-1590.42	-1590.74	0.314359	0.1833818
3760	-1599.31	-1600.83	1.5186	0.1187623
3770	-1589.6	-1589.99	0.392356	0.1791836
3780	-1588.64	-1589.15	0.510901	0.1728271
3790	-1588.91	-1589.89	0.988582	0.1473782
3800	-1588.2	-1588.79	0.592573	0.1684619
3810	-1617.54	-1619.43	1.89304	0.09698895
3820	-1590.11	-1591.21	1.1034	0.1412568
3830	-1587.99	-1588.8	0.815033	0.1566113
3840	-1596.5	-1597.92	1.42641	0.1238379
3850	-1588.2	-1589.07	0.876605	0.1533363
3860	-1590.15	-1591.25	1.10658	0.1410868
3870	-1588.69	-1589.66	0.961427	0.1488237
3880	-1587.89	-1588.64	0.750032	0.1600699
3890	-1588.11	-1588.73	0.615496	0.1672385
3900	-1617.25	-1616.44	-0.806337	0.2457936
3910	-1616.51	-1615.72	-0.785068	0.2445646
3920	-1596.14	-1597.56	1.41353	0.1245418
3930	-1628.77	-1630.81	2.03159	0.08793229
3940	-1606.25	-1605.78	-0.461545	0.226104
3950	-1595.63	-1595.61	-0.0207647	0.2015975
3960	-1588.14	-1588.75	0.608143	0.1676308
3970	-1588.99	-1589.99	0.998572	0.1468462
3980	-1590.06	-1591.16	1.09959	0.1414599
3990	-1588.63	-1589.58	0.952731	0.1492865
4000	-1588.31	-1589.21	0.899686	0.1521086
4010	-1589.29	-1589.72	0.425634	0.1773965
4020	-1591.97	-1592.16	0.195643	0.1897994
4030	-1598.57	-1600.06	1.49595	0.1200158
4040	-1601.09	-1602.66	1.56958	0.1159236
4050	-1588.21	-1588.8	0.591564	0.1685157
4060	-1589.1	-1590.11	1.01085	0.1461921
4070	-1589.23	-1590.25	1.02428	0.1454768
4080	-1598.12	-1599.61	1.48183	0.1207948
4090	-1609.61	-1611.37	1.7618	0.1049222
4100	-1589.76	-1590.84	1.07499	0.1427731
4110	-1588.74	-1589.7	0.967147	0.1485192
4120	-1593.25	-1594.55	1.29269	0.1311005
4130	-1588.06	-1588.91	0.842273	0.1551624
4140	-1599.03	-1600.54	1.51024	0.1192256
4150	-1614.6	-1613.87	-0.72942	0.2413583
4160	-1589.48	-1590.53	1.04928	0.1441444
4170	-1591.8	-1592.01	0.207394	0.1891626
4180	-1598.42	-1599.91	1.49122	0.1202766
4190	-1596.81	-1596.73	-0.0794917	0.2048238
4200	-1588.66	-1589.61	0.956258	0.1490988
4210	-1588.16	-1589.03	0.868961	0.1537429
4220	-1587.89	-1588.65	0.750762	0.1600311
4230	-1592.28	-1593.52	1.24323	0.1337653
4240	-1593.4	-1593.5	0.10324	0.1948204
4250	-1591.27	-1592.45	1.18458	0.1369142
4260	-1589.33	-1590.37	1.03535	0.144887
4270	-1591.74	-1592.96	1.21331	0.1353733
4280	-1588.73	-1589.23	0.49758	0.17354
4290	-1587.91	-1588.61	0.705194	0.1624571
4300	-1588.61	-1589.12	0.516152	0.172546
4310	-1588.81	-1589.79	0.977339	0.1479767
4320	-1589.99	-1591.09	1.09439	0.1417381
4330	-1601.33	-1601.05	-0.277634	0.2157945
4340	-1593.94	-1595.26	1.3243	0.1293922
4350	-1601.75	-1601.46	-0.294622	0.2167415
4360	-1587.99	-1588.8	0.815037	0.1566111
4370	-1596.35	-1596.29	-0.0566651	0.2035684
4380	-1592.12	-1593.36	1.23486	0.1342154
4390	-1591.74	-1591.95	0.211396	0.1889457
4400	-1598.98	-1600.49	1.50859	0.1193166
4410	-1587.9	-1588.67	0.763594	0.1593481
4420	-1594.45	-1594.49	0.0426232	0.1981274
4430	-1611.94	-1613.75	1.80415	0.1024108
4440	-1596.63	-1596.56	-0.0705883	0.2043339
4450	-1587.97	-1588.78	0.809874	0.1568858
4460	-1604.15	-1605.8	1.64694	0.111561
4470	-1593.65	-1593.74	0.0886414	0.1956158
4480	-1591.32	-1591.56	0.24218	0.1872795
4490	-1607.12	-1608.83	1.7124	0.1078049
4500	-1588.48	-1589.02	0.536796	0.1714419
4510	-1587.94	-1588.73	0.793689	0.1577468
4520	-1618.47	-1617.63	-0.840785	0.2477883
4530	-1590.2	-1591.31	1.11105	0.140848
4540	-1591.65	-1591.86	0.218251	0.1885745
4550	-1587.91	-1588.61	0.698843	0.1627954
4560	-1589.17	-1590.19	1.01823	0.1457993
4570	-1589.87	-1590.95	1.08413	0.1422857
4580	-1588.72	-1589.22	0.498883	0.1734703
4590	-1589.43	-1590.47	1.04465	0.1443912
4600	-1590.39	-1590.71	0.316994	0.1832397
4610	-1601	-1602.57	1.56701	0.1160676
4620	-1590.28	-1591.4	1.11724	0.1405174
4630	-1617.82	-1617	-0.822592	0.2467342
4640	-1591.49	-1591.72	0.229764	0.1879512
4650	-1603.02	-1604.64	1.61949	0.1131174
4660	-1593.11	-1594.39	1.28561	0.1314826
4670	-1588.36	-1589.27	0.909787	0.1515713
4680	-1613.56	-1615.39	1.83158	0.1007614
4690	-1594.94	-1596.31	1.36712	0.1270699
4700	-1599.6	-1601.13	1.52734	0.1182776
4710	-1605.52	-1607.2	1.67822	0.1097746
4720	-1592.57	-1593.82	1.25842	0.1329482
4730	-1589.26	-1589.69	0.429257	0.177202
4740	-1587.9	-1588.65	0.753253	0.1598985
4750	-1589.65	-1590.04	0.386891	0.1794773
4760	-1612.78	-1614.6	1.81861	0.1015438
4770	-1587.9	-1588.61	0.715849	0.1618897
4780	-1590.62	-1591.76	1.14155	0.1392176
4790	-1596.03	-1597.44	1.40949	0.1247626
4800	-1588.43	-1589.35	0.921832	0.1509305
4810	-1588.37	-1589.28	0.911082	0.1515024
4820	-1589.57	-1590.62	1.05743	0.1437098
4830	-1588.18	-1588.78	0.597281	0.1682106
4840	-1610.04	-1611.81	1.76984	0.1044483
4850	-1595.83	-1597.23	1.40187	0.1251781
4860	-1587.9	-1588.65	0.752881	0.1599183
4870	-1588.13	-1588.99	0.861465	0.1541416
4880	-1608.83	-1610.57	1.74685	0.1057998
4890	-1593.93	-1595.25	1.324	0.1294082
4900	-1598.28	-1599.77	1.48683	0.1205188
4910	-1601.68	-1603.26	1.58526	0.1150449
4920	-1593.77	-1595.09	1.31681	0.1297973
4930	-1600.37	-1600.14	-0.238652	0.2136253
4940	-1588.35	-1588.91	0.560159	0.1701931
4950	-1587.98	-1588.8	0.813718	0.1566813
4960	-1593.77	-1595.09	1.31695	0.1297896
4970	-1600.76	-1602.32	1.56048	0.1164322
4980	-1591.51	-1592.71	1.1994	0.1361195
4990	-1588.25	-1588.83	0.581857	0.169034
5000	-1588.58	-1589.53	0.945406	0.1496763
5010	-1613.02	-1614.84	1.82257	0.1013053
5020	-1610.41	-1612.18	1.77668	0.1040441
5030	-1590.1	-1591.2	1.1026	0.1412996
5040	-1590.16	-1590.5	0.337312	0.1821449
5050	-1638.29	-1640.41	2.11881	0.08157735
5060	-1593.93	-1595.25	1.32393	0.1294125
5070	-1589.28	-1589.7	0.427328	0.1773055
5080	-1610.16	-1611.93	1.77206	0.1043174
5090	-1588.19	-1589.07	0.87531	0.1534052
5100	-1589.08	-1590.09	1.00837	0.1463246
5110	-1612.5	-1614.31	1.81376	0.101835
5120	-1588.28	-1589.17	0.893902	0.1524163
5130	-1588.41	-1589.33	0.918333	0.1511167
5140	-1590.53	-1590.83	0.30539	0.1838654
5150	-1589.01	-1589.47	0.459007	0.1756064
5160	-1590.26	-1591.38	1.11568	0.1406008
5170	-1588.83	-1589.81	0.979616	0.1478555
5180	-1588.14	-1588.75	0.606805	0.1677022
5190	-1594.66	-1596.02	1.35556	0.1276982
5200	-1595.37	-1596.75	1.3841	0.1261465
5210	-1596.56	-1596.49	-0.0672063	0.2041479
5220	-1587.9	-1588.61	0.715326	0.1619175
5230	-1587.95	-1588.63	0.673661	0.164137
5240	-1590.57	-1590.87	0.302091	0.1840434
5250	-1588.28	-1589.17	0.89346	0.1524398
5260	-1588.73	-1589.7	0.966289	0.1485649
5270	-1600.19	-1599.95	-0.230768	0.2131873
5280	-1591.12	-1592.29	1.1753	0.1374112
5290	-1587.91	-1588.68	0.772627	0.1588674
5300	-1588.5	-1589.43	0.933085	0.1503319
5310	-1595.94	-1597.35	1.40603	0.1249514
5320	-1598.28	-1599.77	1.48679	0.1205212
5330	-1587.9	-1588.62	0.720211	0.1616574
5340	-1588.95	-1589.94	0.993313	0.1471263
5350	-1590.44	-1590.75	0.312873	0.1834619
5360	-1588.49	-1589.42	0.930997	0.1504429
5370	-1589.38	-1590.42	1.04008	0.1446348
5380	-1592.84	-1592.97	0.138123	0.1929221
5390	-1621.33	-1623.28	1.94504	0.09369616
5400	-1601.38	-1601.1	-0.279688	0.2159089
5410	-1591.61	-1592.82	1.20574	0.1357793
5420	-1590.87	-1591.14	0.277383	0.1853769
5430	-1587.92	-1588.61	0.697506	0.1628666
5440	-1615.31	-1617.17	1.85953	0.09906023
5450	-1588.33	-1589.24	0.904977	0.1518272
5460	-1600.29	-1601.84	1.54725	0.1171701
5470	-1587.99	-1588.81	0.816719	0.1565216
5480	-1588.49	-1589.42	0.931321	0.1504257
5490	-1615.63	-1617.5	1.86459	0.09875008
5500	-1596.98	-1598.42	1.44357	0.122898
5510	-1624.39	-1626.38	1.98289	0.09122582
5520	-1590.25	-1590.58	0.329203	0.1825817
5530	-1587.91	-1588.67	0.767314	0.1591502
5540	-1588.19	-1588.79	0.595115	0.1683262
5550	-1604.02	-1603.64	-0.381367	0.2215938
5560	-1588.9	-1589.89	0.988264	0.1473951
5570	-1588.94	-1589.94	0.993114	0.1471369
5580	-1588.1	-1588.95	0.852646	0.1546106
5590	-1590.46	-1590.77	0.31136	0.1835435
5600	-1588.32	-1588.89	0.566744	0.1698413
5610	-1587.93	-1588.71	0.783869	0.1582692
5620	-1588.68	-1589.18	0.504997	0.173143
5630	-1602.95	-1604.57	1.61798	0.1132027
5640	-1592.85	-1592.99	0.137047	0.1929806
5650	-1588.02	-1588.85	0.82936	0.1558492
5660	-1591.93	-1593.15	1.2238	0.13481
5670	-1594.04	-1595.37	1.32903	0.1291363
5680	-1589.46	-1590.51	1.04786	0.1442202
5690	-1590.61	-1591.75	1.14126	0.1392333
5700	-1590.34	-1590.66	0.3219	0.1829753
5710	-1610.73	-1612.52	1.78266	0.10369
5720	-1609	-1610.75	1.7501	0.1056092
5730	-1592.58	-1592.74	0.154359	0.1920398
5740	-1588.98	-1589.98	0.997184	0.1469201
5750	-1595.04	-1596.41	1.37106	0.1268557
5760	-1589.97	-1591.06	1.09215	0.1418573
5770	-1592.94	-1593.07	0.131611	0.1932762
5780	-1588.94	-1589.41	0.468307	0.1751079
5790	-1590.42	-1591.54	1.12721	0.1399847
5800	-1593.15	-1594.43	1.28748	0.1313816
5810	-1602.22	-1603.82	1.59938	0.1142518
5820	-1591.47	-1591.7	0.231189	0.1878741
5830	-1595.71	-1597.1	1.39723	0.1254312
5840	-1591.67	-1592.88	1.209	0.1356044
5850	-1597.57	-1599.03	1.46367	0.1217943
5860	-1620.76	-1622.69	1.93751	0.0941799
5870	-1608.23	-1609.97	1.73514	0.1064834
5880	-1603.4	-1605.03	1.6289	0.1125848
5890	-1590.38	-1591.51	1.12457	0.1401259
5900	-1588.48	-1589.41	0.929974	0.1504974
5910	-1590	-1591.1	1.09525	0.1416921
5920	-1617.96	-1619.86	1.89909	0.09661158
5930	-1588.25	-1588.83	0.582648	0.1689918
5940	-1603.85	-1605.48	1.63965	0.1119751
5950	-1591.91	-1593.13	1.22287	0.1348598
5960	-1589.1	-1590.11	1.01092	0.1461888
5970	-1600.92	-1602.48	1.56485	0.1161881
5980	-1589.36	-1590.39	1.03746	0.1447747
5990	-1587.99	-1588.81	0.817102	0.1565013
6000	-1589.47	-1590.51	1.04821	0.1442014
6010	-1589.1	-1590.11	1.01069	0.146201
6020	-1590.15	-1590.49	0.338458	0.1820832
6030	-1594.15	-1595.48	1.33351	0.1288933
6040	-1611.6	-1613.4	1.79819	0.1027667
6050	-1595.76	-1595.74	-0.0273883	0.2019608
6060	-1591.85	-1592.05	0.203704	0.1893625
6070	-1590.92	-1591.19	0.273071	0.1856098
6080	-1593.66	-1594.97	1.31159	0.1300799
6090	-1587.97	-1588.78	0.808916	0.1569367
6100	-1603.74	-1605.38	1.63716	0.1121167
6110	-1588.99	-1589.45	0.462062	0.1754427
6120	-1611.17	-1612.97	1.79062	0.1032176
6130	-1618.24	-1620.15	1.90317	0.09635568
6140	-1588.4	-1589.32	0.91718	0.151178
6150	-1589.2	-1590.23	1.02202	0.1455972
6160	-1589.49	-1589.89	0.40398	0.1785591
6170	-1602.74	-1604.35	1.61257	0.1135082
6180	-1587.91	-1588.67	0.767377	0.1591468
6190	-1588.91	-1589.38	0.472429	0.1748871
6200	-1597.53	-1598.99	1.46232	0.1218683
6210	-1592.85	-1594.13	1.27314	0.1321548
6220	-1588.94	-1589.93	0.992491	0.14717
6230	-1600.82	-1600.56	-0.25689	0.2146395
6240	-1588.27	-1589.17	0.892936	0.1524677
6250	-1593.55	-1594.85	1.30643	0.1303585
6260	-1626.35	-1625.3	-1.04954	0.2599883
6270	-1594.45	-1595.8	1.3468	0.1281735
6280	-1598.46	-1599.95	1.49241	0.120211
6290	-1587.9	-1588.67	0.763431	0.1593568
6300	-1588.85	-1589.83	0.981573	0.1477513
6310	-1587.93	-1588.71	0.784783	0.1582206
6320	-1606.5	-1608.2	1.69942	0.1085554
6330	-1603.31	-1602.96	-0.355036	0.2201179
6340	-1591.81	-1593.03	1.21738	0.1351547
6350	-1595.22	-1596.6	1.37829	0.1264628
6360	-1613.99	-1615.83	1.83854	0.1003398
6370	-1588.29	-1589.18	0.895951	0.1523073
6380	-1599.03	-1600.54	1.51024	0.1192252
6390	-1595.61	-1595.59	-0.0194961	0.2015279
6400	-1587.91	-1588.61	0.698777	0.1627989
6410	-1588.03	-1588.87	0.832856	0.1556633
6420	-1593.6	-1594.91	1.30888	0.1302262
6430	-1588.54	-1589.48	0.939941	0.1499671
6440	-1605.7	-1607.38	1.68216	0.1095481
6450	-1606.5	-1608.2	1.69943	0.1085547
6460	-1596.02	-1597.43	1.40892	0.1247934
6470	-1588.54	-1589.07	0.526687	0.1719825
6480	-1595.56	-1596.95	1.39156	0.1257403
6490	-1605.36	-1607.03	1.67458	0.1099831
6500	-1612.97	-1612.29	-0.68058	0.2385552
6510	-1589.65	-1590.72	1.06514	0.1432988
6520	-1596.9	-1596.82	-0.0837137	0.2050561
6530	-1591.41	-1592.6	1.19352	0.1364349
6540	-1592.72	-1592.87	0.145289	0.1925326
6550	-1599.53	-1601.06	1.52535	0.118388
6560	-1589.9	-1590.26	0.361633	0.1808357
6570	-1592.68	-1593.94	1.26428	0.1326326
6580	-1597.08	-1596.98	-0.0922444	0.2055258
6590	-1588.06	-1588.9	0.841942	0.15518
6600	-1598.85	-1600.36	1.50482	0.1195251
6610	-1591.98	-1593.21	1.22705	0.1346351
6620	-1592.47	-1593.73	1.25363	0.1332057
6630	-1592.77	-1592.91	0.142398	0.1926897
6640	-1597.11	-1597.01	-0.0936771	0.2056047
6650	-1587.89	-1588.64	0.748621	0.160145
6660	-1588.4	-1589.32	0.917266	0.1511735
6670	-1593.22	-1594.51	1.29091	0.1311969
6680	-1588.65	-1589.16	0.50946	0.1729041
6690	-1601.55	-1603.13	1.58189	0.1152343
6700	-1593.47	-1594.77	1.30294	0.1305474
6710	-1591.39	-1592.59	1.19253	0.1364881
6720	-1590.53	-1590.83	0.305498	0.1838596
6730	-1588.36	-1588.92	0.558944	0.170258
6740	-1592.26	-1592.44	0.175341	0.1909005
6750	-1588.08	-1588.93	0.847948	0.1548605
6760	-1588.58	-1589.1	0.521174	0.1722774
6770	-1589.14	-1589.58	0.443488	0.1764385
6780	-1588.25	-1589.14	0.889299	0.1526611
6790	-1590.91	-1592.07	1.16177	0.1381359
6800	-1592.97	-1594.24	1.27867	0.1318569
6810	-1588.5	-1589.03	0.533571	0.1716143
6820	-1623.91	-1625.89	1.97717	0.09160345
6830	-1592.26	-1593.51	1.24244	0.1338079
6840	-1593.52	-1594.83	1.30533	0.1304178
6850	-1589.2	-1589.64	0.436202	0.1768294
6860	-1591.69	-1592.9	1.2103	0.1355346
6870	-1588.11	-1588.72	0.616973	0.1671596
6880	-1594.73	-1596.08	1.35817	0.1275561
6890	-1592.19	-1592.37	0.180198	0.190637
6900	-1603.15	-1604.77	1.62273	0.112934
6910	-1592.8	-1592.94	0.140662	0.1927841
6920	-1626.08	-1628.08	2.00235	0.0899266
6930	-1588.04	-1588.87	0.834043	0.1556001
6940	-1600.1	-1599.87	-0.227117	0.2129845
6950	-1598.57	-1600.06	1.49595	0.1200156
6960	-1588.01	-1588.66	0.64685	0.1655661
6970	-1591.08	-1591.34	0.260642	0.1862813
6980	-1587.94	-1588.73	0.792979	0.1577846
6990	-1588.07	-1588.7	0.627818	0.1665811
7000	-1614.57	-1616.42	1.84794	0.09976873
7010	-1625.49	-1624.46	-1.02765	0.2586996
7020	-1604.84	-1606.5	1.66281	0.110656
7030	-1593.62	-1593.71	0.0902053	0.1955306
7040	-1603.25	-1604.88	1.62531	0.1127883
7050	-1617.07	-1618.96	1.88624	0.09741257
7060	-1606.74	-1608.44	1.70447	0.1082634
7070	-1604.48	-1604.08	-0.39831	0.2225448
7080	-1588.26	-1589.15	0.890718	0.1525856
7090	-1588.1	-1588.72	0.617661	0.1671229
7100	-1590.24	-1591.35	1.11389	0.1406966
7110	-1589.44	-1589.85	0.408722	0.1783044
7120	-1587.9	-1588.61	0.708158	0.1622993
7130	-1589.87	-1590.24	0.364458	0.1806837
7140	-1590.89	-1592.05	1.16044	0.1382071
7150	-1590.15	-1591.26	1.10715	0.1410563
7160	-1588.97	-1589.97	0.996557	0.1469535
7170	-1588.23	-1588.81	0.586653	0.1687779
7180	-1597.61	-1599.07	1.46498	0.1217222
7190	-1601.21	-1602.79	1.57284	0.1157412
7200	-1589.07	-1589.52	0.451471	0.1760104
7210	-1594.48	-1594.52	0.0407967	0.1982272
7220	-1597.87	-1599.34	1.4736	0.1212481
7230	-1591.22	-1591.47	0.2499	0.1868619
7240	-1604.34	-1605.99	1.65121	0.1113177
7250	-1590.66	-1590.95	0.29428	0.1844648
7260	-1588.78	-1589.27	0.489758	0.1739588
7270	-1591.49	-1591.72	0.229647	0.1879575
7280	-1611.66	-1613.45	1.79915	0.1027097
7290	-1587.99	-1588.65	0.656104	0.1650728
7300	-1587.95	-1588.75	0.797559	0.1575409
7310	-1595.44	-1596.83	1.38707	0.1259847
7320	-1588.04	-1588.88	0.83578	0.1555077
7330	-1596.29	-1597.7	1.41882	0.1242525
7340	-1593.33	-1594.63	1.29651	0.1308946
7350	-1590.77	-1591.92	1.1519	0.1386642
7360	-1613.8	-1615.64	1.83556	0.1005209
7370	-1592.42	-1593.67	1.25057	0.1333707
7380	-1601.24	-1602.81	1.57355	0.1157014
7390	-1591.32	-1591.56	0.242408	0.1872671
7400	-1589.24	-1590.27	1.02576	0.145398
7410	-1592.18	-1593.42	1.23801	0.1340463
7420	-1588	-1588.65	0.653353	0.1652194
7430	-1593.16	-1594.45	1.28839	0.1313325
7440	-1588.54	-1589.49	0.940079	0.1499597
7450	-1588.41	-1588.96	0.550091	0.1707311
7460	-1587.89	-1588.64	0.744043	0.1603887
7470	-1600.06	-1599.83	-0.22546	0.2128925
7480	-1588.5	-1589.43	0.933338	0.1503184
7490	-1604.82	-1606.49	1.66247	0.1106757
7500	-1594.82	-1596.19	1.36223	0.1273357
7510	-1636.59	-1638.7	2.1049	0.08264149
7520	-1607.97	-1609.7	1.72978	0.1067957
7530	-1614.62	-1616.47	1.84879	0.09971689
7540	-1588.35	-1588.91	0.561548	0.1701189
7550	-1587.97	-1588.63	0.666636	0.1645114
7560	-1588.63	-1589.58	0.951873	0.1493321
7570	-1588.33	-1588.89	0.565544	0.1699054
7580	-1595.75	-1597.15	1.39893	0.1253387
7590	-1590.69	-1591.83	1.14643	0.1389567
7600	-1598.85	-1600.35	1.5047	0.1195317
7610	-1615.48	-1614.72	-0.755259	0.2428455
7620	-1600.81	-1600.55	-0.256663	0.2146269
7630	-1603.11	-1604.73	1.6218	0.112987
7640	-1593.81	-1595.13	1.31847	0.1297079
7650	-1588.79	-1589.77	0.974307	0.1481381
7660	-1590.95	-1592.12	1.1645	0.1379897
7670	-1618	-1619.9	1.89976	0.09656916
7680	-1636.18	-1638.28	2.10143	0.08290393
7690	-1588.71	-1589.67	0.963176	0.1487306
7700	-1599.05	-1600.57	1.51095	0.119186
7710	-1588.65	-1589.16	0.509583	0.1728976
7720	-1588.5	-1589.04	0.533053	0.171642
7730	-1592.7	-1592.85	0.1468	0.1924505
7740	-1591.55	-1592.75	1.20211	0.1359742
7750	-1589.2	-1589.64	0.4357	0.1768563
7760	-1598.8	-1600.3	1.5032	0.1196151
7770	-1597.64	-1599.1	1.46595	0.1216692
7780	-1587.99	-1588.81	0.818718	0.1564153
7790	-1587.91	-1588.69	0.774895	0.1587468
7800	-1592.07	-1592.26	0.188314	0.1901968
7810	-1592.81	-1592.95	0.140095	0.1928149
7820	-1596.21	-1597.63	1.41606	0.1244035
7830	-1594.62	-1594.65	0.033365	0.1986334
7840	-1602.84	-1602.5	-0.336887	0.2191022
7850	-1588.12	-1588.98	0.858638	0.154292
7860	-1590.17	-1590.51	0.336338	0.1821974
7870	-1598.95	-1600.46	1.50787	0.1193563
7880	-1592.35	-1593.6	1.24725	0.133549
7890	-1594.28	-1594.33	0.0519987	0.1976152
7900	-1602.9	-1602.56	-0.339166	0.2192297
7910	-1587.9	-1588.66	0.76085	0.1594942
7920	-1590.68	-1591.82	1.14584	0.1389884
7930	-1589.12	-1589.56	0.446134	0.1762966
7940	-1598.81	-1600.32	1.50352	0.1195972
7950	-1592.92	-1594.2	1.27658	0.1319696
7960	-1589.74	-1590.81	1.07286	0.1428868
7970	-1594.25	-1595.58	1.33784	0.1286591
7980	-1591.44	-1592.63	1.19506	0.1363521
7990	-1595.54	-1596.93	1.39086	0.1257786
8000	-1588.76	-1589.26	0.492809	0.1737955
8010	-1588.09	-1588.94	0.850914	0.1547028
8020	-1613.38	-1615.2	1.82851	0.1009472
8030	-1594.57	-1595.92	1.35165	0.1279103
8040	-1588.5	-1589.43	0.93259	0.1503582
8050	-1600.17	-1601.71	1.54387	0.1173586
8060	-1589.17	-1589.61	0.439301	0.1766631
8070	-1588.1	-1588.96	0.85357	0.1545615
8080	-1588.23	-1588.82	0.585805	0.1688232
8090	-1588.46	-1589	0.541209	0.1712059
8100	-1600.92	-1602.49	1.56495	0.1161826
8110	-1590.84	-1592	1.15707	0.1383873
8120	-1588.19	-1589.06	0.874835	0.1534305
8130	-1597.79	-1599.26	1.47098	0.1213925
8140	-1598.9	-1600.41	1.50628	0.1194448
8150	-1592.17	-1593.41	1.23743	0.1340771
8160	-1588.11	-1588.96	0.854472	0.1545135
8170	-1588.15	-1589.02	0.866792	0.1538583
8180	-1588.9	-1589.89	0.988433	0.1473861
8190	-1591.16	-1592.34	1.17783	0.1372756
8200	-1594.08	-1595.41	1.33051	0.1290559
8210	-1593.85	-1595.17	1.32048	0.1295989
8220	-1597.1	-1598.55	1.44771	0.1226708
8230	-1589.01	-1590.01	1.00107	0.1467129
8240	-1589.55	-1589.94	0.397427	0.1789112
8250	-1592.78	-1592.92	0.141821	0.1927211
8260	-1591.15	-1591.41	0.255007	0.1865858
8270	-1588.57	-1589.1	0.521429	0.1722637
8280	-1609.57	-1611.33	1.76106	0.1049659
8290	-1593.52	-1594.82	1.3051	0.1304304
8300	-1588.59	-1589.54	0.947085	0.1495869
8310	-1597.76	-1599.23	1.47005	0.1214434
8320	-1587.93	-1588.62	0.686246	0.1634664
8330	-1588.05	-1588.88	0.837197	0.1554324
8340	-1588.56	-1589.08	0.524391	0.1721053
8350	-1601.33	-1602.91	1.57602	0.1155632
8360	-1620.47	-1622.4	1.93376	0.09441989
8370	-1588.73	-1589.22	0.497907	0.1735225
8380	-1593.71	-1595.03	1.31419	0.129939
8390	-1595.63	-1597.02	1.39412	0.1256007
8400	-1594.49	-1595.84	1.34822	0.1280963
8410	-1611.6	-1610.96	-0.63805	0.2361222
8420	-1611.24	-1610.61	-0.626968	0.2354895
8430	-1587.91	-1588.68	0.768723	0.1590752
8440	-1598.41	-1599.9	1.49106	0.1202854
8450	-1601.7	-1603.29	1.58596	0.1150059
8460	-1591.59	-1592.79	1.20431	0.1358563
8470	-1603.67	-1605.3	1.63536	0.1122185
8480	-1587.95	-1588.74	0.797198	0.1575601
8490	-1591.21	-1592.39	1.18129	0.1370903
8500	-1614.24	-1616.09	1.8427	0.1000871
8510	-1589.78	-1590.15	0.373635	0.1801901
8520	-1588.09	-1588.71	0.621546	0.1669157
8530	-1596.73	-1598.16	1.43474	0.1233819
8540	-1588.62	-1589.13	0.514514	0.1726337
8550	-1619.45	-1618.58	-0.867935	0.249364
8560	-1632.07	-1634.13	2.06446	0.08561894
8570	-1590.28	-1590.61	0.326401	0.1827327
8580	-1643.22	-1645.38	2.1556	0.07863156
8590	-1599.73	-1601.26	1.53109	0.1180693
8600	-1590.44	-1591.57	1.1291	0.1398834
8610	-1588.95	-1589.42	0.466842	0.1751864
8620	-1589.19	-1589.63	0.437292	0.1767709
8630	-1597.01	-1598.46	1.44467	0.1228374
8640	-1602.51	-1604.12	1.60691	0.1138277
8650	-1588.08	-1588.93	0.848448	0.154834
8660	-1588.21	-1589.09	0.879872	0.1531625
8670	-1597.24	-1598.69	1.45249	0.1224086
8680	-1608.83	-1610.58	1.7469	0.1057968
8690	-1589.87	-1590.23	0.365237	0.1806418
8700	-1591.19	-1592.37	1.17989	0.1371656
8710	-1590.26	-1591.38	1.11545	0.140613
8720	-1596.2	-1597.62	1.41574	0.1244211
8730	-1588.36	-1588.92	0.55909	0.1702502
8740	-1595.84	-1597.25	1.40243	0.1251475
8750	-1589.15	-1589.59	0.441776	0.1765304
8760	-1588.55	-1589.49	0.940378	0.1499438
8770	-1590.01	-1591.11	1.09594	0.1416549
8780	-1587.93	-1588.62	0.684778	0.1635447
8790	-1591.13	-1592.31	1.17594	0.1373771
8800	-1588.43	-1588.97	0.546683	0.1709133
8810	-1600.19	-1601.74	1.54453	0.1173215
8820	-1588.86	-1589.34	0.478796	0.1745459
8830	-1588.8	-1589.29	0.487338	0.1740884
8840	-1601.34	-1602.92	1.57626	0.1155495
8850	-1587.89	-1588.64	0.748429	0.1601552
8860	-1589.87	-1590.95	1.08419	0.1422823
8870	-1592.86	-1593	0.136429	0.1930142
8880	-1588.42	-1588.97	0.547653	0.1708614
8890	-1588.5	-1589.03	0.534083	0.171587
8900	-1588.13	-1588.99	0.860723	0.1541811
8910	-1596.84	-1598.28	1.4387	0.123165
8920	-1604.78	-1606.44	1.66139	0.1107373
8930	-1587.93	-1588.62	0.688571	0.1633426
8940	-1603.26	-1604.88	1.62542	0.1127822
8950	-1594.45	-1595.8	1.34672	0.1281774
8960	-1588.83	-1589.31	0.483775	0.1742792
8970	-1588.15	-1589.01	0.865004	0.1539534
8980	-1593.07	-1593.19	0.123513	0.1937167
8990	-1600.22	-1601.77	1.54528	0.11728
9000	-1592.96	-1593.09	0.130178	0.1933541
9010	-1608.48	-1610.22	1.74004	0.1061977
9020	-1606.24	-1605.78	-0.461472	0.2260999
9030	-1587.98	-1588.79	0.813196	0.156709
9040	-1601.29	-1602.86	1.57491	0.1156252
9050	-1590.19	-1591.3	1.10976	0.1409171
9060	-1589.44	-1589.85	0.40909	0.1782847
9070	-1592.97	-1593.1	0.129998	0.1933639
9080	-1588.23	-1588.82	0.586415	0.1687906
9090	-1589.48	-1590.53	1.04942	0.1441367
9100	-1587.9	-1588.66	0.760999	0.1594862
9110	-1590.07	-1590.42	0.345637	0.1816966
9120	-1592.44	-1593.69	1.25164	0.1333132
9130	-1588.01	-1588.66	0.6472	0.1655475
9140	-1606.72	-1608.43	1.7042	0.1082791
9150	-1590.57	-1591.71	1.13852	0.1393799
9160	-1592.1	-1593.33	1.23323	0.1343032
9170	-1587.9	-1588.67	0.764643	0.1592923
9180	-1634.51	-1633.26	-1.24675	0.271697
9190	-1598.36	-1599.85	1.48942	0.1203764
9200	-1588.75	-1589.25	0.494338	0.1737136
9210	-1605.2	-1606.87	1.67102	0.1101867
9220	-1596.79	-1598.22	1.43684	0.1232669
9230	-1599.02	-1600.53	1.50996	0.119241
9240	-1616.35	-1618.23	1.87557	0.0980735
9250	-1588.47	-1589.4	0.928102	0.150597
9260	-1587.95	-1588.75	0.799893	0.1574167
9270	-1588.94	-1589.41	0.468438	0.1751009
9280	-1590.84	-1591.99	1.15673	0.1384055
9290	-1587.89	-1588.62	0.723557	0.1614793
9300	-1598.73	-1600.23	1.50103	0.1197348
9310	-1599.72	-1601.25	1.53085	0.1180823
9320	-1597.58	-1599.04	1.4639	0.1217817
9330	-1593.77	-1595.09	1.3169	0.1297926
9340	-1595.34	-1596.72	1.3829	0.126212
9350	-1670.85	-1673.13	2.28239	0.0651699
9360	-1624.84	-1626.82	1.9881	0.0908801
9370	-1588.53	-1589.46	0.93709	0.1501187
9380	-1590.82	-1591.98	1.15567	0.1384625
9390	-1589.19	-1590.21	1.02052	0.1456771
9400	-1594.17	-1595.51	1.33472	0.1288282
9410	-1605.53	-1607.21	1.67846	0.1097608
9420	-1597.18	-1598.63	1.45059	0.1225126
9430	-1591.01	-1592.18	1.16854	0.1377735
9440	-1591.64	-1592.84	1.20699	0.1357121
9450	-1593.17	-1594.46	1.28886	0.1313076
9460	-1588.01	-1588.66	0.646614	0.1655787
9470	-1588.21	-1589.08	0.87871	0.1532243
9480	-1590.74	-1591.89	1.15012	0.1387597
9490	-1587.95	-1588.74	0.796533	0.1575955
9500	-1613.96	-1615.79	1.83803	0.100371
9510	-1592.13	-1593.36	1.23509	0.1342033
9520	-1588.1	-1588.95	0.85303	0.1545902
9530	-1590.67	-1591.81	1.14509	0.1390283
9540	-1610.07	-1611.84	1.77051	0.104409
9550	-1591.92	-1593.14	1.22333	0.134835
9560	-1600	-1601.54	1.53895	0.1176321
9570	-1595.17	-1596.54	1.37611	0.1265814
9580	-1627.18	-1629.19	2.01454	0.08910183
9590	-1587.9	-1588.61	0.710827	0.1621571
9600	-1598.23	-1599.71	1.48516	0.1206111
9610	-1597.75	-1599.22	1.46959	0.121469
9620	-1598.04	-1597.9	-0.137169	0.2080033
9630	-1590.34	-1590.66	0.321165	0.1830149
9640	-1593.13	-1594.42	1.28673	0.1314224
9650	-1603	-1604.62	1.61917	0.1131355
9660	-1629.68	-1631.72	2.04095	0.08728232
9670	-1598.39	-1599.88	1.49025	0.1203301
9680	-1587.92	-1588.69	0.776889	0.1586406
9690	-1588.22	-1589.1	0.880993	0.1531029
9700	-1615.48	-1617.34	1.86216	0.09889918
9710	-1589.78	-1590.85	1.07625	0.1427058
9720	-1588.71	-1589.21	0.499742	0.1734243
9730	-1594.54	-1595.89	1.35031	0.1279829
9740	-1588.16	-1588.76	0.603521	0.1678775
9750	-1591.99	-1593.22	1.2273	0.1346217
9760	-1604	-1605.64	1.64336	0.1117647
9770	-1587.91	-1588.69	0.776161	0.1586794
9780	-1589.18	-1589.62	0.438365	0.1767133
9790	-1590.6	-1590.9	0.299018	0.1842091
9800	-1593.46	-1593.56	0.0997443	0.1950108
9810	-1601.47	-1601.19	-0.283302	0.2161103
9820	-1593.3	-1594.6	1.29509	0.1309712
9830	-1589.98	-1591.08	1.09368	0.1417757
9840	-1589.89	-1590.26	0.362454	0.1807915
9850	-1591.49	-1591.72	0.229919	0.1879428
9860	-1587.99	-1588.81	0.817341	0.1564886
9870	-1587.92	-1588.61	0.692142	0.1631523
9880	-1608.24	-1609.98	1.73531	0.1064739
9890	-1639.88	-1642.01	2.13123	0.08060555
9900	-1589.37	-1589.79	0.416688	0.1778767
9910	-1587.99	-1588.81	0.818525	0.1564256
9920	-1588.72	-1589.22	0.499327	0.1734465
9930	-1591.55	-1591.78	0.225194	0.1881985
9940	-1590.82	-1591.98	1.15566	0.1384631
9950	-1611.27	-1613.06	1.79236	0.1031138
9960	-1614.33	-1616.18	1.84415	0.0999994
9970	-1596.81	-1596.73	-0.0792797	0.2048121
9980	-1588.1	-1588.96	0.854007	0.1545383
9990	-1587.96	-1588.63	0.669854	0.1643399
10000	-1591	-1592.17	1.1676	0.1378237
