Iteration	Posterior	Likelihood	Prior	birth_rate
0	-1588.66	-1589.17	0.508308	0.1729658
10	-1589.86	-1590.95	1.08366	0.1423107
20	-1588.37	-1589.28	0.910548	0.1515308
30	-1588.04	-1588.68	0.636619	0.1661117
40	-1588.48	-1589.01	0.537687	0.1713942
50	-1593.21	-1594.5	1.29041	0.1312236
60	-1602.53	-1604.14	1.60731	0.1138047
70	-1588	-1588.65	0.652551	0.1652622
80	-1588.02	-1588.85	0.828517	0.1558941
90	-1592.03	-1593.26	1.22938	0.1345099
100	-1594.58	-1594.61	0.0355079	0.1985163
110	-1588.77	-1589.74	0.971144	0.1483065
120	-1588.78	-1589.27	0.490759	0.1739053
130	-1587.89	-1588.63	0.742107	0.1604917
140	-1588.08	-1588.7	0.625042	0.1667292
150	-1588.06	-1588.69	0.630406	0.166443
160	-1587.96	-1588.76	0.80362	0.1572184
170	-1587.92	-1588.69	0.777635	0.1586009
180	-1588.95	-1589.42	0.467262	0.175164
190	-1596.29	-1596.23	-0.0537052	0.2034058
200	-1588.68	-1589.64	0.960201	0.1488889
210	-1589.57	-1590.63	1.05794	0.1436828
220	-1588.62	-1589.13	0.514701	0.1726237
230	-1592.65	-1592.8	0.150047	0.192274
240	-1596.38	-1597.8	1.42234	0.1240603
250	-1588.16	-1589.03	0.868529	0.1537658
260	-1590.98	-1592.15	1.1662	0.1378987
270	-1589.96	-1590.32	0.35608	0.1811345
280	-1588.99	-1589.99	0.998334	0.1468589
290	-1589.85	-1590.22	0.366906	0.180552
300	-1598.89	-1600.4	1.50596	0.1194624
310	-1601.07	-1602.64	1.56906	0.1159525
320	-1591.73	-1592.94	1.21254	0.1354142
330	-1589.78	-1590.86	1.07662	0.1426863
340	-1607.31	-1609.03	1.71643	0.1075714
350	-1596.74	-1598.17	1.43504	0.1233655
360	-1588.38	-1588.93	0.555348	0.1704502
370	-1589.4	-1590.44	1.04157	0.1445553
380	-1603.07	-1604.69	1.62086	0.1130401
390	-1593.61	-1593.7	0.0906205	0.1955079
400	-1593.02	-1594.3	1.28111	0.1317255
410	-1588.65	-1589.16	0.509958	0.1728775
420	-1590.25	-1591.36	1.11443	0.1406677
430	-1596.01	-1597.42	1.40874	0.1248035
440	-1587.98	-1588.64	0.662393	0.1647376
450	-1609.77	-1611.53	1.76484	0.104743
460	-1587.93	-1588.62	0.688259	0.1633592
470	-1591.58	-1591.8	0.223043	0.188315
480	-1587.92	-1588.7	0.78077	0.1584342
490	-1594.2	-1595.54	1.33586	0.1287661
500	-1594.72	-1594.74	0.0279811	0.1989279
510	-1593.01	-1594.29	1.28081	0.1317415
520	-1592.75	-1594.02	1.2678	0.1324429
530	-1589.07	-1590.07	1.0072	0.1463865
540	-1587.95	-1588.75	0.800439	0.1573877
550	-1590.2	-1591.31	1.11083	0.1408599
560	-1588.54	-1589.07	0.526288	0.1720038
570	-1589.59	-1590.65	1.05959	0.1435947
580	-1588.11	-1588.97	0.856056	0.1544293
590	-1588.12	-1588.98	0.857991	0.1543264
600	-1588.74	-1589.71	0.967354	0.1485082
610	-1590.58	-1591.72	1.13926	0.1393406
620	-1594.92	-1596.29	1.36635	0.1271117
630	-1588.86	-1589.85	0.983358	0.1476563
640	-1587.94	-1588.62	0.679077	0.1638484
650	-1588.04	-1588.68	0.637487	0.1660654
660	-1588.26	-1589.15	0.890351	0.1526051
670	-1591.87	-1593.09	1.22073	0.1349747
680	-1593.04	-1594.32	1.28225	0.131664
690	-1592.51	-1593.76	1.25531	0.1331154
700	-1589.68	-1590.75	1.06782	0.1431559
710	-1588.07	-1588.7	0.629187	0.1665081
720	-1587.92	-1588.71	0.783554	0.158286
730	-1588.03	-1588.86	0.830004	0.155815
740	-1590	-1591.09	1.09491	0.1417102
750	-1595.47	-1596.85	1.38795	0.1259369
760	-1588.34	-1588.91	0.561981	0.1700957
770	-1590.36	-1590.68	0.319444	0.1831077
780	-1610.49	-1612.26	1.77816	0.1039569
790	-1588.52	-1589.46	0.936527	0.1501487
800	-1592.47	-1592.63	0.161751	0.1916383
810	-1588.07	-1588.91	0.843885	0.1550766
820	-1592.3	-1593.54	1.24422	0.1337124
830	-1587.89	-1588.62	0.726051	0.1613465
840	-1592.27	-1592.44	0.175234	0.1909063
850	-1593.17	-1594.46	1.28881	0.1313102
860	-1599.18	-1600.69	1.51461	0.1189831
870	-1602.09	-1601.78	-0.307921	0.2174836
880	-1595.46	-1596.84	1.38757	0.1259576
890	-1589.67	-1590.06	0.384177	0.1796233
900	-1589.19	-1589.62	0.437697	0.1767492
910	-1588.28	-1589.18	0.895002	0.1523578
920	-1591.79	-1593	1.21585	0.1352365
930	-1588.22	-1588.81	0.589374	0.1686326
940	-1589.81	-1590.89	1.07938	0.1425389
950	-1587.89	-1588.63	0.733555	0.160947
960	-1592.53	-1593.79	1.25653	0.13305
970	-1597.58	-1599.05	1.46407	0.1217721
980	-1587.9	-1588.66	0.758954	0.1595951
990	-1589.99	-1591.08	1.09391	0.1417636
1000	-1587.92	-1588.61	0.697321	0.1628765
1010	-1587.91	-1588.61	0.706679	0.1623781
1020	-1600.52	-1602.07	1.55378	0.1168061
1030	-1588.04	-1588.68	0.636569	0.1661143
1040	-1589.47	-1590.52	1.0489	0.1441645
1050	-1591.55	-1591.78	0.225201	0.1881982
1060	-1591.72	-1591.93	0.212907	0.1888639
1070	-1589.69	-1590.07	0.383084	0.179682
1080	-1588.03	-1588.67	0.641448	0.1658542
1090	-1595.11	-1596.48	1.37389	0.126702
1100	-1592.29	-1593.53	1.24361	0.1337451
1110	-1594.29	-1595.63	1.3396	0.1285637
1120	-1588.19	-1589.06	0.874474	0.1534496
1130	-1590.03	-1591.13	1.09747	0.1415732
1140	-1587.92	-1588.71	0.782501	0.158342
1150	-1588.74	-1589.23	0.496629	0.173591
1160	-1598.52	-1600.02	1.49453	0.120094
1170	-1589.86	-1590.94	1.08303	0.142344
1180	-1588.88	-1589.86	0.985345	0.1475505
1190	-1590.32	-1591.44	1.11974	0.1403839
1200	-1602.72	-1604.34	1.61223	0.1135273
1210	-1588.21	-1589.09	0.879672	0.1531732
1220	-1594.53	-1594.57	0.0381844	0.19837
1230	-1588.19	-1588.78	0.595952	0.1682815
1240	-1588.16	-1588.76	0.603438	0.1678819
1250	-1589	-1589.46	0.460731	0.175514
1260	-1591.78	-1593	1.21566	0.1352467
1270	-1602.46	-1604.06	1.6055	0.1139068
1280	-1588.31	-1589.21	0.900882	0.152045
1290	-1599.16	-1598.97	-0.186912	0.2107545
1300	-1588.59	-1589.11	0.518822	0.1724032
1310	-1600.99	-1602.56	1.56678	0.1160803
1320	-1588.22	-1588.81	0.587817	0.1687158
1330	-1588.96	-1589.43	0.465835	0.1752404
1340	-1604.05	-1605.7	1.64455	0.1116966
1350	-1607.55	-1609.27	1.72144	0.107281
1360	-1588.27	-1589.16	0.891891	0.1525232
1370	-1588.09	-1588.71	0.623224	0.1668262
1380	-1594.79	-1596.15	1.36074	0.1274168
1390	-1590.9	-1592.06	1.16071	0.1381926
1400	-1589.84	-1590.92	1.08171	0.1424148
1410	-1600.76	-1602.32	1.56047	0.1164326
1420	-1590.31	-1590.63	0.3244	0.1828405
1430	-1587.89	-1588.62	0.72668	0.161313
1440	-1591.29	-1591.53	0.244424	0.1871581
1450	-1588.42	-1589.34	0.92022	0.1510163
1460	-1592.03	-1592.22	0.191296	0.1900351
1470	-1595.01	-1596.38	1.36964	0.1269333
1480	-1591.49	-1592.68	1.19804	0.1361922
1490	-1588.02	-1588.85	0.829229	0.1558562
1500	-1589.52	-1590.57	1.0533	0.1439299
1510	-1588.56	-1589.5	0.94237	0.1498378
1520	-1589.01	-1590.01	1.00023	0.1467579
1530	-1596.86	-1598.3	1.43941	0.1231257
1540	-1587.9	-1588.61	0.714294	0.1619725
1550	-1589.34	-1590.38	1.03605	0.1448497
1560	-1590.94	-1592.1	1.16359	0.1380385
1570	-1591.4	-1591.64	0.236056	0.1876107
1580	-1592.32	-1592.49	0.171591	0.1911041
1590	-1588.14	-1589	0.862348	0.1540946
1600	-1590.27	-1591.39	1.11615	0.1405756
1610	-1595.99	-1595.95	-0.0386857	0.2025808
1620	-1595.54	-1595.52	-0.0159121	0.2013314
1630	-1587.9	-1588.61	0.711527	0.1621199
1640	-1591.67	-1591.88	0.216758	0.1886553
1650	-1589.38	-1590.42	1.03962	0.1446595
1660	-1589.69	-1590.07	0.382843	0.179695
1670	-1596.86	-1596.78	-0.0820036	0.204962
1680	-1591.87	-1592.07	0.202254	0.1894411
1690	-1588.03	-1588.86	0.830567	0.155785
1700	-1588.43	-1589.35	0.921097	0.1509697
1710	-1588.34	-1589.24	0.905693	0.1517891
1720	-1590.13	-1591.23	1.10513	0.1411643
1730	-1593.1	-1593.22	0.121455	0.1938287
1740	-1589.89	-1590.98	1.08604	0.1421837
1750	-1587.98	-1588.8	0.814353	0.1566475
1760	-1588.33	-1589.23	0.904109	0.1518733
1770	-1588.24	-1589.12	0.885704	0.1528524
1780	-1588.49	-1589.03	0.534572	0.1715608
1790	-1592.86	-1594.14	1.27352	0.1321345
1800	-1588.22	-1589.1	0.882229	0.1530372
1810	-1589.63	-1590.02	0.389157	0.1793555
1820	-1593.23	-1593.35	0.1134	0.1942671
1830	-1590.1	-1590.44	0.343054	0.1818357
1840	-1588.14	-1589.01	0.864576	0.1539761
1850	-1588.19	-1588.78	0.596497	0.1682524
1860	-1587.97	-1588.78	0.809468	0.1569073
1870	-1604.11	-1605.75	1.64588	0.111621
1880	-1590.58	-1591.72	1.13897	0.139356
1890	-1588.09	-1588.71	0.62338	0.1668178
1900	-1591.47	-1592.67	1.19742	0.1362257
1910	-1598.82	-1598.64	-0.171941	0.2099256
1920	-1589.71	-1590.79	1.07087	0.1429932
1930	-1590.5	-1590.81	0.307819	0.1837344
1940	-1590.23	-1590.56	0.331059	0.1824817
1950	-1594.98	-1596.34	1.36843	0.1269989
1960	-1595.12	-1595.13	0.0059853	0.2001316
1970	-1587.95	-1588.74	0.796489	0.1575978
1980	-1595.9	-1597.31	1.4047	0.1250239
1990	-1588.33	-1588.89	0.565709	0.1698966
2000	-1587.94	-1588.74	0.795762	0.1576365
2010	-1588	-1588.65	0.65404	0.1651828
2020	-1588.48	-1589.41	0.929284	0.1505341
2030	-1588.1	-1588.95	0.852723	0.1546065
2040	-1587.98	-1588.64	0.658707	0.164934
2050	-1587.9	-1588.61	0.71481	0.161945
2060	-1588.07	-1588.92	0.845328	0.1549999
2070	-1588.77	-1589.75	0.972171	0.1482518
2080	-1592.65	-1593.91	1.26285	0.1327096
2090	-1592.89	-1594.16	1.2747	0.1320708
2100	-1595.86	-1595.83	-0.0324289	0.2022374
2110	-1589.41	-1590.46	1.0431	0.1444736
2120	-1588.46	-1589.38	0.926368	0.1506892
2130	-1588.2	-1589.08	0.877782	0.1532737
2140	-1588.18	-1589.05	0.871856	0.1535889
2150	-1588.25	-1588.83	0.581816	0.1690362
2160	-1587.92	-1588.61	0.694505	0.1630265
2170	-1591.4	-1592.59	1.19287	0.1364694
2180	-1600.41	-1601.96	1.55077	0.1169739
2190	-1588.06	-1588.69	0.630188	0.1664547
2200	-1588.04	-1588.68	0.637861	0.1660454
2210	-1589.77	-1590.85	1.07602	0.1427182
2220	-1587.89	-1588.63	0.733311	0.16096
2230	-1593.26	-1594.55	1.29282	0.1310936
2240	-1587.97	-1588.78	0.808723	0.156947
2250	-1591.31	-1592.5	1.18749	0.136758
2260	-1587.91	-1588.68	0.771138	0.1589467
2270	-1591.17	-1592.35	1.17879	0.1372245
2280	-1587.89	-1588.62	0.725783	0.1613607
2290	-1587.97	-1588.78	0.810223	0.1568672
2300	-1591.42	-1592.61	1.19389	0.1364152
2310	-1593.19	-1594.48	1.28942	0.1312773
2320	-1593.77	-1595.09	1.31678	0.1297988
2330	-1590.04	-1591.14	1.09834	0.1415269
2340	-1588.05	-1588.89	0.839405	0.1553149
2350	-1605.98	-1607.67	1.68825	0.1091987
2360	-1591.93	-1593.15	1.22396	0.1348011
2370	-1589	-1590	0.99957	0.1467931
2380	-1587.9	-1588.65	0.755982	0.1597532
2390	-1604.1	-1605.74	1.64567	0.111633
2400	-1590.19	-1591.3	1.11017	0.1408949
2410	-1590.1	-1591.21	1.10328	0.1412634
2420	-1591.84	-1592.05	0.204173	0.1893371
2430	-1588.13	-1588.74	0.610287	0.1675164
2440	-1587.99	-1588.65	0.65583	0.1650874
2450	-1588	-1588.82	0.819514	0.156373
2460	-1592.62	-1593.88	1.26108	0.1328046
2470	-1588.23	-1589.11	0.883816	0.1529528
2480	-1590.15	-1591.26	1.10719	0.1410546
2490	-1591.04	-1591.3	0.263901	0.1861052
2500	-1593.54	-1594.84	1.30607	0.1303778
2510	-1590.06	-1591.16	1.1001	0.1414328
2520	-1590.9	-1592.06	1.1612	0.1381666
2530	-1588.8	-1589.78	0.975573	0.1480707
2540	-1588.21	-1589.09	0.879376	0.153189
2550	-1589.04	-1589.49	0.456075	0.1757636
2560	-1595.9	-1595.87	-0.0344788	0.2023499
2570	-1594.93	-1596.3	1.36668	0.1270939
2580	-1593.46	-1594.76	1.30234	0.1305795
2590	-1592.58	-1593.84	1.25923	0.1329046
2600	-1587.99	-1588.65	0.654778	0.1651435
2610	-1588.75	-1589.25	0.494282	0.1737166
2620	-1603.06	-1602.72	-0.345399	0.2195785
2630	-1588.94	-1589.94	0.993114	0.1471368
2640	-1601.58	-1601.29	-0.287738	0.2163576
2650	-1589.74	-1590.12	0.377709	0.179971
2660	-1592.49	-1593.74	1.2542	0.1331753
2670	-1588.64	-1589.15	0.510756	0.1728348
2680	-1589.17	-1589.61	0.439455	0.1766549
2690	-1588.75	-1589.72	0.969525	0.1483927
2700	-1592.69	-1593.95	1.26463	0.1326136
2710	-1589.08	-1590.09	1.00848	0.1463184
2720	-1588.89	-1589.88	0.986919	0.1474667
2730	-1591.81	-1593.03	1.21718	0.1351654
2740	-1593.52	-1594.82	1.30505	0.1304334
2750	-1587.91	-1588.61	0.703082	0.1625696
2760	-1589.06	-1589.51	0.453447	0.1759045
2770	-1588.86	-1589.84	0.982535	0.1477001
2780	-1594.41	-1594.45	0.0449003	0.198003
2790	-1597.73	-1597.6	-0.12271	0.2072052
2800	-1598.15	-1599.63	1.48261	0.1207518
2810	-1587.96	-1588.77	0.804761	0.1571578
2820	-1589.47	-1590.52	1.04836	0.1441936
2830	-1594.22	-1595.56	1.33668	0.1287218
2840	-1595.77	-1595.75	-0.0279163	0.2019898
2850	-1587.9	-1588.62	0.719619	0.1616889
2860	-1589.14	-1589.58	0.443255	0.176451
2870	-1592.71	-1593.97	1.26561	0.1325611
2880	-1590.45	-1590.76	0.312049	0.1835063
2890	-1588.83	-1589.81	0.978797	0.1478991
2900	-1588.45	-1589.37	0.924605	0.150783
2910	-1590.82	-1591.97	1.1553	0.1384821
2920	-1598.19	-1599.67	1.48393	0.1206788
2930	-1588.16	-1588.77	0.601978	0.1679598
2940	-1588.42	-1588.97	0.547316	0.1708795
2950	-1591.88	-1593.1	1.22122	0.1349481
2960	-1591.09	-1591.35	0.259843	0.1863244
2970	-1589.92	-1590.28	0.359802	0.1809342
2980	-1592.27	-1593.52	1.24295	0.1337802
2990	-1588.92	-1589.91	0.99043	0.1472798
3000	-1588.21	-1589.08	0.87884	0.1532174
3010	-1596.13	-1596.08	-0.0459508	0.2029798
3020	-1587.91	-1588.69	0.773674	0.1588117
3030	-1587.9	-1588.67	0.764691	0.1592897
3040	-1590.13	-1590.47	0.340072	0.1819963
3050	-1603.97	-1603.59	-0.379518	0.2214901
3060	-1591.02	-1591.29	0.264824	0.1860553
3070	-1588.86	-1589.34	0.479729	0.174496
3080	-1588.11	-1588.96	0.854277	0.1545239
3090	-1591.97	-1593.2	1.22642	0.1346692
3100	-1596.63	-1598.06	1.43107	0.1235828
3110	-1588.78	-1589.75	0.972234	0.1482485
3120	-1591.95	-1592.15	0.196817	0.1897358
3130	-1592.91	-1594.19	1.27599	0.1320014
3140	-1591.35	-1591.59	0.240014	0.1873966
3150	-1598.95	-1600.46	1.50791	0.1193544
3160	-1589.14	-1590.15	1.01487	0.1459783
3170	-1587.96	-1588.76	0.803344	0.1572331
3180	-1589.15	-1590.17	1.01648	0.1458922
3190	-1588.94	-1589.93	0.992659	0.1471611
3200	-1590.12	-1590.46	0.340932	0.18195
3210	-1587.94	-1588.74	0.794664	0.1576949
3220	-1602.86	-1602.52	-0.337588	0.2191414
3230	-1595.46	-1596.85	1.38763	0.1259544
3240	-1588.08	-1588.93	0.848697	0.1548207
3250	-1588.4	-1588.95	0.552272	0.1706146
3260	-1590.9	-1592.06	1.16083	0.1381861
3270	-1588.09	-1588.71	0.620871	0.1669517
3280	-1587.97	-1588.63	0.666461	0.1645207
3290	-1589.04	-1590.04	1.00379	0.1465685
3300	-1588.98	-1589.98	0.997716	0.1468918
3310	-1595.32	-1596.7	1.38213	0.126254
3320	-1588.53	-1589.06	0.529221	0.171847
3330	-1592.18	-1593.42	1.23786	0.1340542
3340	-1588.29	-1588.86	0.572592	0.1695289
3350	-1594.48	-1594.52	0.0409046	0.1982213
3360	-1590.52	-1591.65	1.13448	0.1395959
3370	-1588.18	-1589.05	0.87325	0.1535148
3380	-1588.19	-1589.07	0.875642	0.1533876
3390	-1589.52	-1590.58	1.05361	0.1439134
3400	-1588.32	-1589.22	0.901755	0.1519986
3410	-1593.73	-1595.04	1.31474	0.1299091
3420	-1593.31	-1594.61	1.29549	0.1309496
3430	-1594.47	-1595.81	1.34732	0.128145
3440	-1611.78	-1613.58	1.80132	0.1025802
3450	-1588.27	-1588.85	0.57721	0.1692822
3460	-1588.17	-1588.77	0.600989	0.1680126
3470	-1595.47	-1596.86	1.3881	0.1259289
3480	-1587.94	-1588.62	0.681699	0.1637087
3490	-1590.11	-1591.21	1.10376	0.1412377
3500	-1588.8	-1589.29	0.486933	0.1741101
3510	-1597.2	-1598.65	1.4511	0.1224846
3520	-1588.83	-1589.81	0.979712	0.1478504
3530	-1587.92	-1588.7	0.781571	0.1583915
3540	-1589.22	-1589.65	0.434155	0.1769392
3550	-1591.58	-1592.79	1.20381	0.1358829
3560	-1588.75	-1589.24	0.494886	0.1736843
3570	-1587.93	-1588.72	0.788656	0.1580146
3580	-1589.21	-1589.64	0.435087	0.1768892
3590	-1588.49	-1589.03	0.53485	0.1715459
3600	-1590.17	-1591.28	1.10823	0.1409988
3610	-1590.09	-1591.19	1.10184	0.1413401
3620	-1605.8	-1605.36	-0.445985	0.2252268
3630	-1590.96	-1592.13	1.16519	0.137953
3640	-1589.36	-1590.39	1.03756	0.1447689
3650	-1595.27	-1596.65	1.38014	0.1263623
3660	-1588.77	-1589.26	0.49119	0.1738821
3670	-1596.17	-1597.58	1.41442	0.1244929
3680	-1593.97	-1594.04	0.0695171	0.1966588
3690	-1591.22	-1592.4	1.18145	0.1370816
3700	-1587.89	-1588.63	0.733938	0.1609266
3710	-1593.01	-1594.29	1.2809	0.1317369
3720	-1589.54	-1590.6	1.05554	0.1438109
3730	-1594.54	-1595.89	1.35035	0.1279808
3740	-1595.42	-1596.8	1.38593	0.1260467
3750	-1587.9	-1588.66	0.760085	0.1595349
3760	-1588.02	-1588.84	0.827065	0.1559713
3770	-1593.1	-1593.23	0.121429	0.1938301
3780	-1589.43	-1590.47	1.04425	0.1444124
3790	-1588.53	-1589.47	0.937896	0.1500759
3800	-1587.98	-1588.64	0.662745	0.1647188
3810	-1592.52	-1593.77	1.25587	0.1330856
3820	-1588.96	-1589.43	0.46587	0.1752386
3830	-1587.91	-1588.61	0.702531	0.162599
3840	-1588.44	-1588.98	0.544906	0.1710083
3850	-1588.03	-1588.86	0.832028	0.1557073
3860	-1588.16	-1588.76	0.604152	0.1678438
3870	-1588.01	-1588.66	0.648955	0.1654539
3880	-1590.49	-1591.62	1.13249	0.1397025
3890	-1594.48	-1595.82	1.34768	0.1281257
3900	-1595.14	-1595.15	0.00506288	0.2001821
3910	-1591.99	-1593.22	1.22733	0.1346202
3920	-1590.41	-1591.54	1.12687	0.140003
3930	-1596.3	-1596.25	-0.0544942	0.2034491
3940	-1589.69	-1590.76	1.06874	0.1431069
3950	-1596.46	-1597.88	1.42513	0.1239075
3960	-1591.46	-1592.66	1.19659	0.1362701
3970	-1588.14	-1589	0.863608	0.1540276
3980	-1594.67	-1596.02	1.35571	0.1276899
3990	-1596.01	-1597.41	1.40851	0.1248161
4000	-1596.98	-1598.42	1.44351	0.122901
4010	-1592.23	-1593.47	1.24057	0.1339087
4020	-1587.93	-1588.72	0.787368	0.1580831
4030	-1589.13	-1590.15	1.01436	0.1460056
4040	-1591.57	-1591.79	0.223988	0.1882639
4050	-1592.41	-1593.66	1.25045	0.1333772
4060	-1592.1	-1593.33	1.23354	0.1342862
4070	-1589.68	-1590.75	1.0677	0.1431623
4080	-1588.21	-1588.8	0.589631	0.1686189
4090	-1591.65	-1592.86	1.2079	0.1356637
4100	-1592.21	-1592.39	0.178938	0.1907054
4110	-1588.04	-1588.68	0.637106	0.1660857
4120	-1588.33	-1588.89	0.565877	0.1698876
4130	-1588.71	-1589.21	0.500016	0.1734096
4140	-1587.93	-1588.62	0.689126	0.163313
4150	-1590.07	-1591.17	1.10084	0.1413935
4160	-1588.16	-1588.76	0.602486	0.1679327
4170	-1592.02	-1593.25	1.22887	0.1345371
4180	-1589.03	-1590.04	1.00341	0.1465884
4190	-1591.15	-1591.4	0.255207	0.186575
4200	-1598	-1597.86	-0.135246	0.2078972
4210	-1592.1	-1593.34	1.23367	0.1342795
4220	-1592	-1593.23	1.22808	0.13458
4230	-1597.91	-1599.39	1.47503	0.1211692
4240	-1589.55	-1590.6	1.05558	0.1438086
4250	-1600.38	-1601.92	1.54968	0.1170345
4260	-1590.4	-1591.53	1.12612	0.140043
4270	-1588.61	-1589.13	0.515156	0.1725993
4280	-1591.03	-1591.3	0.264186	0.1860897
4290	-1588.48	-1589.02	0.53751	0.1714037
4300	-1587.95	-1588.75	0.79808	0.1575132
4310	-1591.97	-1592.17	0.195332	0.1898163
4320	-1588.36	-1588.92	0.559138	0.1702476
4330	-1590.08	-1591.18	1.10148	0.1413595
4340	-1588.1	-1588.72	0.618305	0.1670886
4350	-1588.51	-1589.04	0.532164	0.1716896
4360	-1599.99	-1601.53	1.53883	0.117639
4370	-1588.77	-1589.26	0.491459	0.1738678
4380	-1590.55	-1591.69	1.13697	0.139463
4390	-1588.97	-1589.97	0.996055	0.1469802
4400	-1588.85	-1589.83	0.981943	0.1477316
4410	-1587.94	-1588.73	0.792455	0.1578124
4420	-1589	-1589.46	0.460671	0.1755172
4430	-1588.07	-1588.91	0.843784	0.155082
4440	-1598.39	-1599.88	1.49021	0.1203326
4450	-1589.61	-1590	0.390861	0.179264
4460	-1587.92	-1588.62	0.690373	0.1632466
4470	-1588.12	-1588.73	0.613791	0.1673294
4480	-1598.52	-1598.36	-0.158744	0.2091956
4490	-1594.27	-1594.32	0.0526042	0.1975821
4500	-1587.89	-1588.62	0.72565	0.1613679
4510	-1588.55	-1589.08	0.524582	0.1720951
4520	-1593.28	-1593.39	0.110482	0.194426
4530	-1589.05	-1589.51	0.4542	0.1758641
4540	-1591.37	-1591.61	0.238599	0.1874732
4550	-1587.91	-1588.68	0.771844	0.1589091
4560	-1589.28	-1590.31	1.03021	0.145161
4570	-1588.99	-1589.99	0.998129	0.1468698
4580	-1588.08	-1588.93	0.848673	0.154822
4590	-1587.94	-1588.73	0.792402	0.1578153
4600	-1592.17	-1593.41	1.23749	0.134074
4610	-1593.08	-1594.36	1.28413	0.1315624
4620	-1588	-1588.83	0.8221	0.1562354
4630	-1597.02	-1598.46	1.44477	0.1228321
4640	-1600.73	-1602.29	1.55975	0.1164731
4650	-1588.68	-1589.19	0.504586	0.173165
4660	-1587.9	-1588.61	0.712483	0.162069
4670	-1588.72	-1589.69	0.965354	0.1486147
4680	-1600.39	-1601.94	1.55	0.1170168
4690	-1594.1	-1595.43	1.33139	0.1290084
4700	-1588.07	-1588.7	0.6281	0.166566
4710	-1587.98	-1588.64	0.66134	0.1647937
4720	-1588.94	-1589.93	0.992705	0.1471587
4730	-1591.8	-1593.02	1.21658	0.1351977
4740	-1591.42	-1591.66	0.234475	0.1876962
4750	-1587.89	-1588.62	0.730133	0.1611292
4760	-1589.71	-1590.78	1.07082	0.1429956
4770	-1588.25	-1589.14	0.889365	0.1526576
4780	-1593.31	-1594.6	1.2953	0.1309597
4790	-1587.99	-1588.81	0.818615	0.1564208
4800	-1587.9	-1588.61	0.711172	0.1621387
4810	-1588.94	-1589.93	0.992745	0.1471565
4820	-1591.11	-1592.29	1.17498	0.1374283
4830	-1589.2	-1590.22	1.02114	0.1456442
4840	-1596.48	-1597.91	1.42598	0.1238612
4850	-1587.92	-1588.71	0.783201	0.1583048
4860	-1588.87	-1589.35	0.478219	0.1745769
4870	-1588.26	-1588.84	0.580219	0.1691215
4880	-1589.69	-1590.76	1.06862	0.1431129
4890	-1592.29	-1593.53	1.24381	0.1337343
4900	-1591.98	-1593.21	1.22699	0.1346384
4910	-1590.35	-1591.47	1.12187	0.1402703
4920	-1588.86	-1589.34	0.478929	0.1745388
4930	-1589.24	-1590.27	1.02569	0.1454017
4940	-1608.11	-1609.85	1.73276	0.1066226
4950	-1589.01	-1590.01	1.00103	0.1467155
4960	-1588.12	-1588.74	0.612698	0.1673877
4970	-1591.33	-1592.52	1.18844	0.136707
4980	-1589.17	-1589.61	0.44015	0.1766176
4990	-1594.04	-1594.1	0.0659143	0.1968554
5000	-1588.8	-1589.77	0.97525	0.1480879
5010	-1601.98	-1601.67	-0.303423	0.2172325
5020	-1597.34	-1598.79	1.45583	0.1222249
5030	-1589.91	-1590.27	0.360788	0.1808811
5040	-1587.91	-1588.61	0.699277	0.1627723
5050	-1590.72	-1591.01	0.288904	0.1847549
5060	-1589.36	-1589.78	0.417763	0.1778189
5070	-1587.97	-1588.63	0.666179	0.1645357
5080	-1587.9	-1588.67	0.765625	0.15924
5090	-1588.86	-1589.84	0.982716	0.1476905
5100	-1592.35	-1592.52	0.169934	0.191194
5110	-1587.93	-1588.62	0.689339	0.1633017
5120	-1587.91	-1588.68	0.769215	0.159049
5130	-1588	-1588.81	0.819127	0.1563935
5140	-1588.04	-1588.68	0.638586	0.1660068
5150	-1589.46	-1589.87	0.406485	0.1784246
5160	-1587.94	-1588.62	0.679159	0.1638441
5170	-1588.37	-1589.28	0.911115	0.1515006
5180	-1589.4	-1590.44	1.0416	0.1445537
5190	-1596.11	-1597.52	1.41235	0.1246061
5200	-1588.17	-1588.77	0.600661	0.1680301
5210	-1588.9	-1589.89	0.988218	0.1473975
5220	-1588.1	-1588.72	0.61894	0.1670547
5230	-1593.68	-1594.99	1.31263	0.1300233
5240	-1588.02	-1588.85	0.828512	0.1558943
5250	-1589.72	-1590.1	0.379732	0.1798622
5260	-1595.41	-1595.4	-0.00910904	0.2009585
5270	-1617.38	-1619.27	1.8908	0.09712896
5280	-1589.08	-1590.09	1.00883	0.1462997
5290	-1587.93	-1588.62	0.684984	0.1635337
5300	-1587.89	-1588.63	0.741662	0.1605154
5310	-1589.35	-1590.39	1.03732	0.1447819
5320	-1588.83	-1589.81	0.978841	0.1478968
5330	-1590.61	-1590.91	0.298413	0.1842418
5340	-1588.09	-1588.71	0.620751	0.1669581
5350	-1590.16	-1591.27	1.10782	0.1410209
5360	-1590.18	-1591.29	1.10917	0.1409485
5370	-1589.33	-1589.76	0.420589	0.1776673
5380	-1587.93	-1588.72	0.787457	0.1580784
5390	-1588.11	-1588.72	0.616969	0.1671599
5400	-1593.88	-1595.21	1.32188	0.1295229
5410	-1591.05	-1592.22	1.17074	0.1376554
5420	-1596.98	-1598.42	1.44347	0.1229031
5430	-1590.13	-1590.47	0.34057	0.1819695
5440	-1587.98	-1588.8	0.814182	0.1566566
5450	-1588.4	-1588.96	0.550598	0.1707041
5460	-1588.85	-1589.33	0.480182	0.1744717
5470	-1589.26	-1590.29	1.02791	0.1452832
5480	-1587.92	-1588.61	0.69131	0.1631967
5490	-1595.84	-1597.24	1.40235	0.1251518
5500	-1601.11	-1602.68	1.56999	0.1159007
5510	-1596.9	-1596.82	-0.0837935	0.2050605
5520	-1587.94	-1588.62	0.683175	0.1636301
5530	-1598.27	-1599.75	1.48642	0.1205416
5540	-1588.79	-1589.28	0.488834	0.1740083
5550	-1587.89	-1588.62	0.730705	0.1610987
5560	-1590.93	-1592.09	1.16307	0.1380664
5570	-1592.61	-1593.87	1.2605	0.132836
5580	-1588.44	-1589.37	0.923905	0.1508203
5590	-1590.52	-1591.65	1.13448	0.1395957
5600	-1596.6	-1598.03	1.43021	0.1236297
5610	-1602.83	-1604.45	1.61494	0.1133744
5620	-1588.86	-1589.34	0.478532	0.1745601
5630	-1599.39	-1600.91	1.52093	0.1186331
5640	-1602.39	-1604	1.60388	0.1139984
5650	-1587.96	-1588.63	0.668971	0.164387
5660	-1589.39	-1590.43	1.04043	0.1446159
5670	-1589.59	-1590.65	1.0601	0.1435672
5680	-1587.89	-1588.62	0.728527	0.1612146
5690	-1589.44	-1590.48	1.04528	0.1443578
5700	-1590.19	-1591.3	1.10987	0.1409114
5710	-1587.9	-1588.65	0.755231	0.1597932
5720	-1590.71	-1591.86	1.14834	0.1388548
5730	-1590.05	-1590.39	0.348038	0.1815673
5740	-1591.96	-1593.19	1.22571	0.1347072
5750	-1591.57	-1591.8	0.22348	0.1882914
5760	-1587.92	-1588.61	0.694198	0.1630428
5770	-1587.89	-1588.63	0.734346	0.1609049
5780	-1589.41	-1590.46	1.04306	0.1444758
5790	-1594.51	-1595.86	1.34904	0.1280518
5800	-1587.96	-1588.63	0.669273	0.1643708
5810	-1592.17	-1593.4	1.23709	0.1340953
5820	-1591.59	-1592.8	1.20447	0.1358476
5830	-1588.71	-1589.67	0.963641	0.1487059
5840	-1591.1	-1592.28	1.17421	0.1374696
5850	-1592.19	-1593.42	1.23823	0.1340343
5860	-1590.32	-1590.64	0.323357	0.1828968
5870	-1592.85	-1594.12	1.27276	0.1321758
5880	-1593.51	-1594.82	1.30501	0.1304354
5890	-1587.9	-1588.67	0.764421	0.1593041
5900	-1588.25	-1589.14	0.888414	0.1527082
5910	-1602.38	-1603.98	1.60342	0.1140244
5920	-1587.9	-1588.65	0.752594	0.1599336
5930	-1588.23	-1588.82	0.586017	0.1688119
5940	-1587.91	-1588.68	0.772431	0.1588779
5950	-1591.7	-1591.91	0.214724	0.1887655
5960	-1587.97	-1588.77	0.80651	0.1570647
5970	-1588.33	-1589.24	0.904555	0.1518496
5980	-1589.01	-1589.47	0.459498	0.1755801
5990	-1591.75	-1592.96	1.2136	0.1353577
6000	-1588.02	-1588.66	0.644595	0.1656864
6010	-1588.46	-1589.39	0.926474	0.1506836
6020	-1594.43	-1595.77	1.34566	0.128235
6030	-1587.89	-1588.63	0.734199	0.1609127
6040	-1597.5	-1598.96	1.46121	0.1219295
6050	-1587.98	-1588.64	0.660876	0.1648184
6060	-1596.45	-1597.87	1.42476	0.1239278
6070	-1593.89	-1595.21	1.32204	0.1295145
6080	-1593.21	-1594.5	1.2905	0.1312186
6090	-1588.17	-1588.77	0.600761	0.1680248
6100	-1588.67	-1589.63	0.95821	0.1489949
6110	-1587.95	-1588.74	0.797059	0.1575675
6120	-1588.76	-1589.72	0.969652	0.1483859
6130	-1592.93	-1593.06	0.132329	0.1932371
6140	-1587.91	-1588.61	0.703436	0.1625507
6150	-1588.5	-1589.43	0.932723	0.1503511
6160	-1589.34	-1590.37	1.03575	0.1448654
6170	-1590.64	-1591.78	1.14302	0.1391393
6180	-1589.73	-1590.11	0.378368	0.1799356
6190	-1596.62	-1596.55	-0.069994	0.2043012
6200	-1595.83	-1597.23	1.40185	0.1251792
6210	-1587.9	-1588.62	0.717217	0.1618168
6220	-1589.7	-1590.09	0.381233	0.1797815
6230	-1587.96	-1588.63	0.671644	0.1642445
6240	-1595.11	-1596.49	1.37394	0.1266992
6250	-1590.37	-1590.69	0.318551	0.1831558
6260	-1588.37	-1589.28	0.91066	0.1515249
6270	-1594.44	-1595.78	1.34608	0.1282124
6280	-1588.41	-1589.33	0.918114	0.1511284
6290	-1590.44	-1590.76	0.312429	0.1834858
6300	-1587.89	-1588.63	0.738074	0.1607064
6310	-1593.84	-1595.16	1.32014	0.1296173
6320	-1591.82	-1593.04	1.21768	0.1351385
6330	-1590.74	-1591.89	1.15027	0.1387513
6340	-1588.82	-1589.31	0.484453	0.174243
6350	-1597.16	-1598.61	1.44978	0.122557
6360	-1595.56	-1596.95	1.39159	0.1257386
6370	-1587.99	-1588.65	0.657093	0.16502
6380	-1589.87	-1590.24	0.364365	0.1806887
6390	-1587.9	-1588.62	0.719216	0.1617104
6400	-1588.63	-1589.58	0.952567	0.1492952
6410	-1588.06	-1588.91	0.842373	0.1551571
6420	-1595.56	-1596.95	1.39161	0.1257375
6430	-1589.73	-1590.11	0.378556	0.1799254
6440	-1589.82	-1590.19	0.370058	0.1803824
6450	-1587.94	-1588.73	0.790807	0.1579001
6460	-1591.38	-1592.57	1.19157	0.1365395
6470	-1588.82	-1589.31	0.484222	0.1742553
6480	-1589.43	-1590.48	1.04499	0.1443733
6490	-1598.03	-1599.5	1.47863	0.1209709
6500	-1588.25	-1589.14	0.888128	0.1527234
6510	-1587.94	-1588.62	0.681574	0.1637154
6520	-1592.06	-1593.29	1.23132	0.1344057
6530	-1588.64	-1589.6	0.954128	0.1492121
6540	-1588.2	-1588.79	0.592543	0.1684635
6550	-1592.02	-1592.21	0.192252	0.1899832
6560	-1590.33	-1591.45	1.12097	0.1403182
6570	-1591.66	-1591.88	0.217145	0.1886344
6580	-1588	-1588.83	0.82247	0.1562157
6590	-1593.11	-1594.39	1.28565	0.1314808
6600	-1588.82	-1589.8	0.977731	0.1479559
6610	-1588.25	-1589.14	0.888596	0.1526985
6620	-1588.58	-1589.52	0.94479	0.1497091
6630	-1589.53	-1590.58	1.05418	0.1438833
6640	-1595.17	-1596.55	1.37625	0.1265739
6650	-1597.3	-1597.2	-0.102786	0.2061066
6660	-1591.15	-1591.4	0.255161	0.1865775
6670	-1590.75	-1591.9	1.15048	0.1387403
6680	-1591.56	-1591.78	0.224846	0.1882174
6690	-1590.99	-1592.15	1.16659	0.1378778
6700	-1591.13	-1592.31	1.17599	0.1373742
6710	-1592.85	-1594.13	1.27313	0.1321555
6720	-1593.73	-1593.81	0.0838362	0.1958778
6730	-1591.03	-1592.2	1.16935	0.1377298
6740	-1588.52	-1589.05	0.530292	0.1717897
6750	-1588.02	-1588.84	0.827052	0.155972
6760	-1590.93	-1591.2	0.272057	0.1856645
6770	-1588.59	-1589.11	0.519437	0.1723703
6780	-1591.49	-1592.69	1.19839	0.1361738
6790	-1588.42	-1588.97	0.5472	0.1708856
6800	-1604.03	-1605.67	1.64403	0.1117267
6810	-1588.7	-1589.2	0.50168	0.1733205
6820	-1598.11	-1599.6	1.48149	0.1208132
6830	-1589.09	-1590.1	1.0095	0.1462643
6840	-1588.3	-1589.2	0.898929	0.1521489
6850	-1590.65	-1590.95	0.294716	0.1844413
6860	-1595.79	-1597.19	1.40018	0.1252703
6870	-1590.71	-1591.85	1.14783	0.1388821
6880	-1590.63	-1591.77	1.14261	0.1391613
6890	-1588.99	-1589.99	0.998907	0.1468284
6900	-1588.67	-1589.18	0.506381	0.1730689
6910	-1588.19	-1589.06	0.874413	0.1534529
6920	-1592.47	-1593.72	1.25342	0.1332171
6930	-1587.91	-1588.69	0.773413	0.1588256
6940	-1592.04	-1593.27	1.2304	0.1344553
6950	-1587.95	-1588.75	0.799304	0.1574481
6960	-1588.23	-1588.81	0.586699	0.1687755
6970	-1587.98	-1588.64	0.66183	0.1647675
6980	-1588.62	-1589.13	0.514397	0.17264
6990	-1587.99	-1588.81	0.817678	0.1564706
7000	-1587.89	-1588.62	0.724412	0.1614337
7010	-1588.77	-1589.26	0.492396	0.1738176
7020	-1587.94	-1588.73	0.79068	0.1579069
7030	-1588.73	-1589.7	0.966559	0.1485505
7040	-1591.05	-1592.22	1.17091	0.1376463
7050	-1588.37	-1589.28	0.91073	0.1515211
7060	-1593.2	-1594.49	1.29022	0.1312339
7070	-1587.89	-1588.64	0.744188	0.160381
7080	-1600.74	-1602.3	1.55996	0.1164615
7090	-1588.94	-1589.93	0.992171	0.147187
7100	-1588.94	-1589.4	0.469034	0.175069
7110	-1591.66	-1592.87	1.20835	0.1356391
7120	-1589.73	-1590.11	0.378367	0.1799356
7130	-1590.8	-1591.96	1.15439	0.1385309
7140	-1595.12	-1596.49	1.3742	0.1266854
7150	-1588.97	-1589.97	0.996294	0.1469675
7160	-1594.02	-1595.35	1.3281	0.1291867
7170	-1589.63	-1590.69	1.06345	0.143389
7180	-1587.91	-1588.61	0.704083	0.1625163
7190	-1588.07	-1588.92	0.84525	0.155004
7200	-1602.3	-1601.99	-0.316256	0.2179491
7210	-1590.87	-1592.03	1.1592	0.1382735
7220	-1591.77	-1591.98	0.209391	0.1890544
7230	-1587.91	-1588.68	0.77022	0.1589955
7240	-1588.23	-1589.12	0.885126	0.1528831
7250	-1590.92	-1592.08	1.16222	0.1381119
7260	-1589.98	-1590.34	0.353825	0.1812559
7270	-1595.95	-1597.36	1.40657	0.1249217
7280	-1588.43	-1588.98	0.545134	0.1709961
7290	-1589.85	-1590.93	1.08223	0.142387
7300	-1589.08	-1590.09	1.00843	0.146321
7310	-1595.55	-1596.94	1.3913	0.1257546
7320	-1588.26	-1588.84	0.579722	0.1691481
7330	-1593.74	-1595.05	1.31532	0.1298782
7340	-1590.91	-1592.08	1.16187	0.1381308
7350	-1590.28	-1591.39	1.11668	0.1405473
7360	-1588.81	-1589.79	0.977171	0.1479857
7370	-1589.19	-1590.21	1.02027	0.1456904
7380	-1590.05	-1590.4	0.347259	0.1816093
7390	-1594.32	-1594.37	0.050084	0.1977198
7400	-1588.43	-1588.97	0.546402	0.1709283
7410	-1588.37	-1589.28	0.91141	0.151485
7420	-1588.47	-1589.39	0.927869	0.1506094
7430	-1588.54	-1589.48	0.940059	0.1499608
7440	-1593.45	-1594.75	1.30204	0.130596
7450	-1588.59	-1589.11	0.519398	0.1723724
7460	-1587.94	-1588.73	0.791552	0.1578605
7470	-1588.39	-1588.95	0.552857	0.1705833
7480	-1587.97	-1588.78	0.808011	0.1569849
7490	-1588.87	-1589.85	0.983778	0.1476339
7500	-1588.37	-1589.28	0.911771	0.1514657
7510	-1600.82	-1602.38	1.56218	0.1163373
7520	-1588.05	-1588.68	0.634273	0.1662368
7530	-1590.98	-1592.15	1.16625	0.1378961
7540	-1593.31	-1594.61	1.29554	0.1309466
7550	-1587.97	-1588.63	0.665761	0.164558
7560	-1588.09	-1588.71	0.620895	0.1669504
7570	-1588.17	-1588.77	0.599755	0.1680785
7580	-1587.89	-1588.62	0.730612	0.1611037
7590	-1588.76	-1589.73	0.970812	0.1483241
7600	-1588.4	-1589.32	0.91718	0.151178
7610	-1587.95	-1588.74	0.797115	0.1575645
7620	-1589.3	-1589.72	0.424833	0.1774394
7630	-1591.31	-1592.49	1.18702	0.1367833
7640	-1594.86	-1596.22	1.36373	0.1272543
7650	-1591.3	-1592.48	1.18649	0.1368118
7660	-1588.14	-1589	0.863288	0.1540446
7670	-1588.96	-1589.42	0.466092	0.1752266
7680	-1601.31	-1602.89	1.57557	0.1155886
7690	-1587.94	-1588.73	0.791357	0.1578709
7700	-1588.05	-1588.89	0.838879	0.1553429
7710	-1589.88	-1590.96	1.08492	0.1422436
7720	-1588.29	-1589.18	0.895552	0.1523285
7730	-1605.04	-1606.71	1.66748	0.1103892
7740	-1588.69	-1589.19	0.504111	0.1731904
7750	-1591.41	-1591.64	0.235838	0.1876225
7760	-1597.36	-1598.82	1.45662	0.1221819
7770	-1588.74	-1589.71	0.967658	0.148492
7780	-1592.55	-1593.81	1.25759	0.1329929
7790	-1590.24	-1590.57	0.330346	0.1825202
7800	-1587.92	-1588.7	0.780641	0.158441
7810	-1588.41	-1589.32	0.917783	0.151146
7820	-1587.92	-1588.61	0.695701	0.1629628
7830	-1587.9	-1588.66	0.759513	0.1595653
7840	-1591.02	-1592.18	1.16859	0.1377708
7850	-1588.42	-1589.34	0.920683	0.1509917
7860	-1591.55	-1592.75	1.20176	0.135993
7870	-1591.23	-1591.48	0.249099	0.1869053
7880	-1588.31	-1588.87	0.569982	0.1696683
7890	-1599.13	-1600.64	1.51319	0.119062
7900	-1588.06	-1588.9	0.841722	0.1551917
7910	-1588.61	-1589.56	0.949518	0.1494575
7920	-1597.88	-1597.75	-0.129603	0.2075856
7930	-1590.68	-1590.97	0.2928	0.1845446
7940	-1599.46	-1600.98	1.52302	0.118517
7950	-1590.85	-1592	1.15729	0.1383757
7960	-1587.9	-1588.62	0.721438	0.1615921
7970	-1591.85	-1592.06	0.203484	0.1893744
7980	-1595.38	-1596.76	1.38453	0.126123
7990	-1588.73	-1589.7	0.966866	0.1485342
8000	-1588.37	-1589.28	0.910848	0.1515149
8010	-1587.9	-1588.61	0.713496	0.162015
8020	-1591.88	-1592.08	0.201905	0.18946
8030	-1588.98	-1589.97	0.996753	0.1469431
8040	-1587.89	-1588.62	0.731039	0.1610809
8050	-1592.29	-1592.46	0.173903	0.1909786
8060	-1603.39	-1605.02	1.62866	0.1125988
8070	-1593.47	-1594.77	1.30288	0.1305503
8080	-1594.51	-1595.86	1.34906	0.1280507
8090	-1592.62	-1592.77	0.151805	0.1921785
8100	-1587.91	-1588.61	0.699927	0.1627376
8110	-1604.94	-1606.61	1.66518	0.1105207
8120	-1588.09	-1588.71	0.620766	0.1669573
8130	-1591	-1591.26	0.266998	0.1859378
8140	-1587.89	-1588.62	0.723224	0.161497
8150	-1594.85	-1594.87	0.0209269	0.1993137
8160	-1590.48	-1591.61	1.13145	0.1397578
8170	-1589.65	-1590.71	1.06511	0.1433002
8180	-1588.38	-1589.3	0.913505	0.1513735
8190	-1600.19	-1601.74	1.54449	0.1173237
8200	-1589.28	-1590.31	1.03021	0.1451611
8210	-1590.58	-1590.88	0.300498	0.1841293
8220	-1588.94	-1589.41	0.468521	0.1750965
8230	-1588.01	-1588.66	0.648492	0.1654786
8240	-1636.29	-1635	-1.28784	0.2741595
8250	-1588.38	-1588.94	0.554349	0.1705036
8260	-1589.42	-1589.83	0.411326	0.1781646
8270	-1591.03	-1591.3	0.264337	0.1860816
8280	-1588.04	-1588.68	0.638046	0.1660356
8290	-1589.82	-1590.9	1.07974	0.1425197
8300	-1603.67	-1605.3	1.63542	0.1122151
8310	-1587.99	-1588.65	0.655701	0.1650943
8320	-1588.86	-1589.34	0.479212	0.1745237
8330	-1591.04	-1592.21	1.1699	0.1377006
8340	-1594.44	-1595.79	1.34614	0.1282091
8350	-1596.19	-1596.14	-0.049073	0.2031513
8360	-1587.9	-1588.65	0.756602	0.1597202
8370	-1589.9	-1590.99	1.08687	0.1421393
8380	-1606.13	-1607.82	1.69144	0.1090152
8390	-1587.9	-1588.61	0.716691	0.1618449
8400	-1587.89	-1588.62	0.730642	0.1611021
8410	-1597.92	-1597.79	-0.131736	0.2077034
8420	-1596.89	-1598.33	1.44042	0.1230705
8430	-1594.6	-1595.95	1.35278	0.1278486
8440	-1590.42	-1591.54	1.12715	0.1399881
8450	-1591.05	-1592.22	1.17099	0.1376422
8460	-1595.29	-1596.67	1.38082	0.126325
8470	-1588.76	-1589.73	0.969742	0.1483811
8480	-1588.23	-1588.81	0.586724	0.1687741
8490	-1589.87	-1590.24	0.364321	0.180691
8500	-1589.73	-1590.8	1.07178	0.1429442
8510	-1596.87	-1598.31	1.43968	0.1231112
8520	-1595.2	-1596.57	1.37732	0.1265156
8530	-1589.47	-1589.87	0.405866	0.1784578
8540	-1589.82	-1590.9	1.08003	0.1425046
8550	-1594.76	-1596.12	1.35945	0.1274869
8560	-1588.76	-1589.73	0.969953	0.1483699
8570	-1588.09	-1588.72	0.620686	0.1669616
8580	-1588.66	-1589.17	0.507178	0.1730263
8590	-1587.93	-1588.71	0.784826	0.1582183
8600	-1588.06	-1588.9	0.84092	0.1552344
8610	-1588.17	-1589.04	0.871393	0.1536136
8620	-1590.35	-1591.47	1.12231	0.1402466
8630	-1587.92	-1588.71	0.783558	0.1582858
8640	-1587.97	-1588.78	0.807826	0.1569947
8650	-1591.02	-1592.18	1.16857	0.1377717
8660	-1591.49	-1592.69	1.19837	0.1361748
8670	-1588.85	-1589.83	0.981955	0.147731
8680	-1594.12	-1594.18	0.0610361	0.1971217
8690	-1587.93	-1588.62	0.686102	0.1634741
8700	-1588.04	-1588.88	0.836492	0.1554699
8710	-1594.77	-1596.13	1.36002	0.1274557
8720	-1589.01	-1590.01	1.00046	0.1467457
8730	-1588.1	-1588.95	0.853039	0.1545897
8740	-1591.97	-1593.2	1.22633	0.1346738
8750	-1588.39	-1589.31	0.915502	0.1512673
8760	-1596.74	-1596.67	-0.0761024	0.2046373
8770	-1588.61	-1589.13	0.515278	0.1725928
8780	-1592.76	-1592.91	0.142802	0.1926677
8790	-1593.17	-1594.46	1.28857	0.1313227
8800	-1587.93	-1588.62	0.689266	0.1633056
8810	-1604.85	-1606.52	1.66313	0.110638
8820	-1596.62	-1598.05	1.43098	0.1235874
8830	-1587.96	-1588.77	0.806081	0.1570875
8840	-1588.33	-1588.9	0.564764	0.169947
8850	-1602.77	-1604.38	1.61336	0.1134638
8860	-1589.72	-1590.8	1.07167	0.1429502
8870	-1590.17	-1591.28	1.10825	0.1409979
8880	-1588.16	-1589.03	0.868859	0.1537483
8890	-1595.69	-1595.66	-0.0234476	0.2017447
8900	-1589.75	-1590.13	0.376255	0.1800492
8910	-1598.28	-1599.77	1.48685	0.1205179
8920	-1587.98	-1588.64	0.661634	0.164778
8930	-1596.62	-1596.55	-0.0702409	0.2043148
8940	-1588.08	-1588.92	0.846694	0.1549272
8950	-1598.24	-1599.72	1.48545	0.1205951
8960	-1588.91	-1589.9	0.989329	0.1473384
8970	-1587.89	-1588.63	0.735102	0.1608646
8980	-1588.93	-1589.4	0.470305	0.1750009
8990	-1590.01	-1590.37	0.351006	0.1814076
9000	-1587.89	-1588.64	0.74694	0.1602345
9010	-1587.97	-1588.63	0.666877	0.1644985
9020	-1589.32	-1590.35	1.03399	0.1449594
9030	-1589.7	-1590.08	0.381532	0.1797654
9040	-1595.94	-1597.35	1.40606	0.1249494
9050	-1589.1	-1589.55	0.44842	0.176174
9060	-1587.93	-1588.62	0.688561	0.1633431
9070	-1593.31	-1593.42	0.108578	0.1945296
9080	-1588.11	-1588.96	0.855055	0.1544825
9090	-1591.53	-1592.73	1.20052	0.1360593
9100	-1588.63	-1589.14	0.512742	0.1727285
9110	-1594.88	-1596.25	1.36471	0.1272009
9120	-1589.53	-1589.93	0.399605	0.1787941
9130	-1599.59	-1599.38	-0.205467	0.211783
9140	-1592.45	-1593.7	1.25224	0.1332806
9150	-1587.98	-1588.79	0.811648	0.1567914
9160	-1618.94	-1620.85	1.91295	0.09574058
9170	-1593.26	-1594.55	1.29283	0.1310931
9180	-1604.23	-1603.84	-0.389043	0.2220245
9190	-1591.42	-1592.61	1.1941	0.1364037
9200	-1588.3	-1588.87	0.571605	0.1695816
9210	-1587.94	-1588.62	0.679188	0.1638425
9220	-1588.58	-1589.53	0.945303	0.1496817
9230	-1590.19	-1591.3	1.11013	0.1408971
9240	-1592.48	-1593.74	1.2541	0.1331807
9250	-1589.22	-1590.24	1.02369	0.145508
9260	-1602.78	-1604.39	1.61357	0.113452
9270	-1587.99	-1588.65	0.657339	0.1650069
9280	-1589.5	-1590.55	1.05146	0.144028
9290	-1589.48	-1589.88	0.40467	0.178522
9300	-1591.04	-1591.31	0.263496	0.186127
9310	-1590.22	-1591.34	1.11256	0.1407675
9320	-1593.04	-1593.16	0.12544	0.1936119
9330	-1589.39	-1589.8	0.414749	0.1779808
9340	-1606.87	-1608.58	1.70725	0.108103
9350	-1587.91	-1588.61	0.704165	0.1625119
9360	-1588.79	-1589.28	0.489094	0.1739944
9370	-1587.97	-1588.78	0.809553	0.1569028
9380	-1602.32	-1602.01	-0.316982	0.2179896
9390	-1591.28	-1591.53	0.245071	0.1871231
9400	-1587.9	-1588.66	0.762522	0.1594052
9410	-1596.28	-1597.69	1.41847	0.1242716
9420	-1588.14	-1589.01	0.864082	0.1540024
9430	-1587.98	-1588.64	0.65927	0.164904
9440	-1590.6	-1590.9	0.299282	0.1841949
9450	-1589.94	-1591.03	1.08994	0.1419753
9460	-1590.62	-1591.76	1.14187	0.1392007
9470	-1588.75	-1589.25	0.494242	0.1737188
9480	-1588.73	-1589.22	0.498106	0.1735119
9490	-1588.9	-1589.89	0.988102	0.1474037
9500	-1591.42	-1592.61	1.19392	0.1364134
9510	-1595.3	-1596.68	1.38142	0.1262923
9520	-1594.74	-1596.1	1.35863	0.1275313
9530	-1610.64	-1612.42	1.78095	0.1037915
9540	-1590.86	-1592.02	1.15821	0.1383267
9550	-1588.45	-1589.37	0.924939	0.1507652
9560	-1587.89	-1588.63	0.735896	0.1608224
9570	-1595.15	-1596.52	1.37539	0.1266205
9580	-1590.68	-1591.82	1.14572	0.1389946
9590	-1598.38	-1599.87	1.48987	0.1203514
9600	-1611.07	-1610.45	-0.621605	0.2351835
9610	-1589.21	-1590.23	1.02235	0.1455795
9620	-1587.89	-1588.64	0.743937	0.1603943
9630	-1589.72	-1590.79	1.07161	0.1429538
9640	-1589.38	-1590.42	1.03981	0.1446491
9650	-1587.97	-1588.64	0.664343	0.1646336
9660	-1588.14	-1589.01	0.864232	0.1539944
9670	-1592.6	-1593.86	1.26014	0.1328552
9680	-1592.96	-1594.24	1.27845	0.1318691
9690	-1589.16	-1590.18	1.01738	0.1458446
9700	-1590.25	-1591.36	1.11457	0.14066
9710	-1593.53	-1594.84	1.30592	0.1303863
9720	-1590.66	-1591.8	1.14447	0.1390618
9730	-1588.05	-1588.69	0.634039	0.1662493
9740	-1590.19	-1591.3	1.10999	0.1409048
9750	-1589.63	-1590.69	1.06297	0.1434145
9760	-1588.17	-1589.04	0.870138	0.1536803
9770	-1595.39	-1595.38	-0.00812925	0.2009048
9780	-1588.11	-1588.97	0.855699	0.1544483
9790	-1591.77	-1592.98	1.21484	0.1352909
9800	-1604.11	-1603.73	-0.384909	0.2217925
9810	-1588.27	-1589.16	0.892386	0.1524969
9820	-1604.37	-1606.02	1.65204	0.1112708
9830	-1593.2	-1594.5	1.29035	0.1312268
9840	-1601.8	-1603.39	1.58851	0.1148626
9850	-1593.98	-1595.3	1.32599	0.129301
9860	-1597.47	-1598.93	1.46014	0.1219885
9870	-1589.32	-1589.74	0.421926	0.1775955
9880	-1594.37	-1595.71	1.34302	0.1283779
9890	-1587.91	-1588.69	0.774944	0.1587441
9900	-1588.38	-1588.94	0.554454	0.1704979
9910	-1590.3	-1591.42	1.11859	0.1404451
9920	-1589.02	-1589.48	0.458439	0.1756368
9930	-1590	-1591.1	1.09529	0.1416896
9940	-1588.11	-1588.96	0.855403	0.154464
9950	-1588.46	-1589	0.540144	0.1712628
9960	-1589.42	-1590.46	1.04353	0.1444509
9970	-1589.47	-1590.52	1.04827	0.1441985
9980	-1588.93	-1589.93	0.991941	0.1471993
9990	-1588.74	-1589.7	0.967179	0.1485175
10000	-1600.76	-1600.51	-0.2546	0.2145121
