Iteration	Posterior	Likelihood	Prior	birth_rate
0	-1591	-1592.17	1.1676	0.1378237
10	-1592.75	-1594.01	1.26765	0.1324511
20	-1591.59	-1592.8	1.20446	0.1358482
30	-1610.15	-1611.92	1.77199	0.1043214
40	-1587.91	-1588.69	0.774603	0.1587623
50	-1589.4	-1590.44	1.04196	0.1445344
60	-1598.78	-1600.28	1.50253	0.1196518
70	-1604.98	-1604.56	-0.416575	0.2235713
80	-1594.84	-1594.86	0.0211442	0.1993018
90	-1592.19	-1593.43	1.23848	0.134021
100	-1588.53	-1589.47	0.93768	0.1500874
110	-1591.15	-1592.32	1.17711	0.1373146
120	-1588.65	-1589.16	0.509098	0.1729235
130	-1608.84	-1610.58	1.74701	0.1057901
140	-1590.99	-1592.16	1.16682	0.1378657
150	-1591.14	-1592.31	1.17639	0.1373527
160	-1594.34	-1594.39	0.0488736	0.1977859
170	-1588.47	-1589.4	0.929095	0.1505442
180	-1602.38	-1603.99	1.60361	0.1140135
190	-1587.89	-1588.62	0.723921	0.1614599
200	-1605.33	-1607.01	1.67403	0.1100145
210	-1588.72	-1589.22	0.49824	0.1735047
220	-1593.19	-1593.31	0.11593	0.1941294
230	-1589.96	-1591.05	1.0915	0.1418923
240	-1588.17	-1589.04	0.871049	0.1536318
250	-1606.32	-1605.85	-0.464075	0.2262468
260	-1590.66	-1591.81	1.14474	0.1390472
270	-1587.9	-1588.65	0.752525	0.1599372
280	-1589.54	-1590.6	1.05549	0.1438132
290	-1591.33	-1591.57	0.241832	0.1872983
300	-1601.92	-1603.52	1.59174	0.1146815
310	-1590.61	-1590.91	0.298384	0.1842433
320	-1588.16	-1589.03	0.868101	0.1537886
330	-1588.12	-1588.98	0.85788	0.1543323
340	-1588.78	-1589.75	0.972387	0.1482403
350	-1617.87	-1619.77	1.89788	0.09668674
360	-1596.31	-1597.73	1.41955	0.1242128
370	-1590.59	-1591.73	1.13961	0.1393214
380	-1596.49	-1597.91	1.42617	0.123851
390	-1588.06	-1588.9	0.841039	0.155228
400	-1588.19	-1589.07	0.875577	0.153391
410	-1599.97	-1601.5	1.53798	0.1176863
420	-1589.24	-1590.27	1.02618	0.1453757
430	-1596.56	-1597.99	1.42885	0.1237041
440	-1602.18	-1603.78	1.5983	0.1143123
450	-1592.47	-1593.72	1.25322	0.1332279
460	-1600.73	-1602.29	1.55962	0.1164801
470	-1602.05	-1603.64	1.59496	0.1145004
480	-1588.27	-1589.16	0.892339	0.1524994
490	-1588.12	-1588.98	0.859494	0.1542464
500	-1587.91	-1588.68	0.769975	0.1590086
510	-1650.92	-1653.13	2.20341	0.07441503
520	-1587.91	-1588.68	0.768983	0.1590613
530	-1588.28	-1589.18	0.895089	0.1523531
540	-1591.3	-1592.49	1.1866	0.1368058
550	-1591.81	-1592.02	0.206407	0.189216
560	-1592.85	-1594.12	1.2727	0.132179
570	-1590.18	-1590.52	0.335567	0.1822389
580	-1588.34	-1589.25	0.906097	0.1517676
590	-1595.99	-1597.4	1.40805	0.1248412
600	-1588.19	-1588.78	0.596482	0.1682532
610	-1604.76	-1606.42	1.66109	0.1107547
620	-1594.28	-1594.33	0.0521658	0.1976061
630	-1593.57	-1594.88	1.30759	0.1302962
640	-1589.77	-1590.15	0.374133	0.1801633
650	-1589.76	-1590.13	0.375838	0.1800716
660	-1591.75	-1592.97	1.21387	0.1353431
670	-1591.24	-1591.49	0.248327	0.186947
680	-1607.21	-1608.92	1.71435	0.1076921
690	-1591.95	-1593.18	1.2254	0.1347236
700	-1595.1	-1595.1	0.00738184	0.2000551
710	-1590.61	-1591.75	1.14124	0.1392345
720	-1591.65	-1591.86	0.218234	0.1885754
730	-1588.22	-1589.1	0.8815	0.153076
740	-1624.4	-1626.38	1.98298	0.09121959
750	-1596.22	-1597.63	1.41635	0.1243877
760	-1587.89	-1588.62	0.72768	0.1612597
770	-1596.8	-1596.72	-0.0789437	0.2047936
780	-1593.15	-1594.43	1.28749	0.1313812
790	-1588.57	-1589.52	0.944184	0.1497413
800	-1588.98	-1589.44	0.463217	0.1753807
810	-1592.61	-1593.87	1.26085	0.1328171
820	-1598.47	-1599.96	1.4927	0.120195
830	-1600.21	-1599.98	-0.2319	0.2132502
840	-1595.69	-1595.67	-0.0235612	0.2017509
850	-1590.88	-1591.16	0.276034	0.1854498
860	-1604.54	-1604.14	-0.400544	0.2226703
870	-1590.24	-1591.35	1.11374	0.1407045
880	-1591.27	-1592.45	1.18481	0.1369019
890	-1589.58	-1590.64	1.0589	0.1436314
900	-1588.08	-1588.7	0.625298	0.1667155
910	-1587.9	-1588.61	0.709676	0.1622184
920	-1592.84	-1594.11	1.27244	0.1321929
930	-1587.92	-1588.61	0.696396	0.1629257
940	-1593.78	-1595.1	1.31718	0.1297772
950	-1589.38	-1590.42	1.03993	0.1446428
960	-1590.85	-1592.01	1.15745	0.1383672
970	-1588.01	-1588.83	0.82387	0.1561413
980	-1587.9	-1588.65	0.756024	0.159751
990	-1597.87	-1599.34	1.47352	0.1212524
1000	-1588.24	-1588.82	0.584661	0.1688843
1010	-1591.93	-1592.13	0.198079	0.1896673
1020	-1594.14	-1595.47	1.3333	0.1289051
1030	-1588.33	-1588.9	0.563947	0.1699907
1040	-1593.86	-1595.18	1.32062	0.1295911
1050	-1589.74	-1590.82	1.07326	0.1428657
1060	-1588.41	-1589.33	0.917867	0.1511415
1070	-1588.49	-1589.03	0.535157	0.1715295
1080	-1592.59	-1592.75	0.153819	0.1920691
1090	-1592.48	-1592.64	0.161337	0.1916607
1100	-1588.52	-1589.45	0.935898	0.1501822
1110	-1594.49	-1595.83	1.34813	0.1281009
1120	-1593.14	-1594.43	1.28729	0.1313919
1130	-1603.48	-1605.11	1.63093	0.1124701
1140	-1588.29	-1589.19	0.896447	0.1522809
1150	-1601.56	-1601.27	-0.28687	0.2163093
1160	-1591.04	-1592.21	1.1703	0.137679
1170	-1588.21	-1588.8	0.591484	0.16852
1180	-1593.98	-1594.05	0.0694117	0.1966646
1190	-1594.91	-1596.27	1.36572	0.1271459
1200	-1604.9	-1606.56	1.6642	0.110577
1210	-1603.56	-1605.19	1.63276	0.1123664
1220	-1597.71	-1599.17	1.46818	0.1215464
1230	-1589.76	-1590.84	1.07488	0.1427792
1240	-1623.83	-1625.8	1.97615	0.09167083
1250	-1599.32	-1600.84	1.51901	0.1187396
1260	-1600.54	-1602.09	1.55433	0.1167756
1270	-1594.05	-1595.38	1.32916	0.1291293
1280	-1589.1	-1590.11	1.01033	0.14622
1290	-1588.93	-1589.4	0.469439	0.1750473
1300	-1589.18	-1590.2	1.01919	0.1457481
1310	-1598.02	-1599.49	1.47832	0.1209881
1320	-1589.19	-1589.63	0.437498	0.1767598
1330	-1588.3	-1589.19	0.897409	0.1522297
1340	-1587.94	-1588.74	0.794919	0.1576814
1350	-1595.39	-1596.77	1.38486	0.1261052
1360	-1597.52	-1598.99	1.46208	0.1218819
1370	-1590.9	-1592.06	1.16119	0.1381667
1380	-1588.51	-1589.44	0.934192	0.150273
1390	-1588.74	-1589.71	0.967746	0.1484873
1400	-1588.02	-1588.85	0.829452	0.1558443
1410	-1589.31	-1590.34	1.03263	0.1450318
1420	-1587.9	-1588.67	0.76335	0.1593611
1430	-1603.69	-1605.32	1.63585	0.1121912
1440	-1588.33	-1588.89	0.565297	0.1699186
1450	-1597.26	-1598.71	1.45306	0.1223774
1460	-1587.97	-1588.78	0.809578	0.1569015
1470	-1588.1	-1588.95	0.852621	0.154612
1480	-1603.46	-1603.1	-0.360643	0.220432
1490	-1588.5	-1589.43	0.933217	0.1503248
1500	-1592.77	-1592.91	0.142576	0.19268
1510	-1587.98	-1588.64	0.65988	0.1648715
1520	-1597.51	-1598.97	1.46163	0.1219064
1530	-1588.27	-1589.17	0.893068	0.1524607
1540	-1592.75	-1592.9	0.143521	0.1926287
1550	-1588.35	-1589.25	0.907295	0.1517039
1560	-1587.94	-1588.62	0.679931	0.1638029
1570	-1592.54	-1593.8	1.25712	0.1330182
1580	-1593.55	-1593.64	0.0945738	0.1952925
1590	-1588.07	-1588.92	0.845784	0.1549756
1600	-1618.25	-1617.41	-0.834427	0.2474197
1610	-1589.38	-1590.42	1.04012	0.1446326
1620	-1588.58	-1589.1	0.520486	0.1723142
1630	-1590.21	-1590.54	0.332877	0.1823838
1640	-1606.32	-1608.02	1.69562	0.1087744
1650	-1588.54	-1589.07	0.527194	0.1719554
1660	-1589.46	-1590.5	1.0473	0.1442498
1670	-1603.57	-1605.21	1.63317	0.1123431
1680	-1593.72	-1593.8	0.0842751	0.1958538
1690	-1590.97	-1592.14	1.16591	0.1379144
1700	-1588.24	-1588.83	0.583196	0.1689626
1710	-1591.58	-1591.8	0.223083	0.1883128
1720	-1588.99	-1589.99	0.998586	0.1468455
1730	-1614.68	-1616.53	1.84974	0.09965847
1740	-1649.55	-1651.74	2.19565	0.07513913
1750	-1588.31	-1588.88	0.569145	0.169713
1760	-1607.33	-1609.04	1.71681	0.1075496
1770	-1593.41	-1594.71	1.3003	0.1306895
1780	-1588.37	-1589.28	0.910475	0.1515347
1790	-1596.33	-1596.28	-0.0561283	0.2035389
1800	-1614.19	-1616.03	1.84177	0.100144
1810	-1587.91	-1588.68	0.771797	0.1589116
1820	-1588.24	-1588.82	0.583771	0.1689318
1830	-1598.46	-1599.95	1.49255	0.1202031
1840	-1587.99	-1588.81	0.816465	0.1565352
1850	-1589.01	-1590.01	1.00044	0.146747
1860	-1603.39	-1605.02	1.62877	0.1125923
1870	-1589.44	-1590.48	1.04555	0.1443434
1880	-1588.98	-1589.97	0.996827	0.1469391
1890	-1625.76	-1627.76	1.9988	0.09016563
1900	-1589.06	-1590.06	1.00627	0.1464364
1910	-1587.92	-1588.7	0.780322	0.158458
1920	-1587.9	-1588.62	0.720559	0.1616389
1930	-1588.32	-1589.22	0.902262	0.1519716
1940	-1600.45	-1602	1.55184	0.1169145
1950	-1588.94	-1589.94	0.992913	0.1471476
1960	-1593.95	-1594.02	0.0707239	0.196593
1970	-1597.5	-1598.96	1.46134	0.1219227
1980	-1588.75	-1589.72	0.969276	0.1484059
1990	-1591.85	-1593.07	1.21941	0.1350455
2000	-1591.26	-1592.44	1.18423	0.1369327
2010	-1599.83	-1601.36	1.53405	0.1179049
2020	-1621.56	-1623.51	1.94797	0.09350695
2030	-1588.01	-1588.84	0.825527	0.1560531
2040	-1595.98	-1597.39	1.40748	0.1248719
2050	-1589.24	-1589.67	0.431447	0.1770845
2060	-1601.61	-1603.19	1.58341	0.1151488
2070	-1588.97	-1589.97	0.996603	0.1469511
2080	-1587.92	-1588.62	0.690566	0.1632363
2090	-1598.12	-1599.6	1.48178	0.1207976
2100	-1593.74	-1595.05	1.31526	0.1298815
2110	-1588.37	-1589.28	0.911674	0.1514709
2120	-1587.89	-1588.62	0.724565	0.1614256
2130	-1591.84	-1592.05	0.204412	0.1893241
2140	-1616.67	-1615.88	-0.789737	0.2448343
2150	-1588.65	-1589.6	0.955294	0.1491501
2160	-1591.68	-1592.89	1.20949	0.1355781
2170	-1592.35	-1592.52	0.169953	0.1911929
2180	-1587.89	-1588.63	0.735294	0.1608544
2190	-1590.51	-1591.65	1.13406	0.1396186
2200	-1594.08	-1595.41	1.33057	0.1290529
2210	-1588.32	-1589.23	0.902901	0.1519376
2220	-1613.72	-1615.55	1.83413	0.1006073
2230	-1588.08	-1588.71	0.623563	0.1668081
2240	-1607.49	-1609.21	1.72015	0.1073557
2250	-1587.98	-1588.64	0.65981	0.1648752
2260	-1593	-1594.28	1.28039	0.131764
2270	-1588.98	-1589.44	0.463731	0.1753532
2280	-1589.26	-1589.69	0.429062	0.1772125
2290	-1608.2	-1609.93	1.73444	0.1065244
2300	-1588.62	-1589.57	0.950629	0.1493983
2310	-1600.32	-1601.87	1.54819	0.1171178
2320	-1591.75	-1592.97	1.21378	0.1353476
2330	-1596.35	-1597.77	1.42128	0.1241181
2340	-1588.67	-1589.18	0.505999	0.1730894
2350	-1589.62	-1590.68	1.06225	0.1434526
2360	-1588.09	-1588.72	0.620616	0.1669653
2370	-1588.36	-1589.27	0.909271	0.1515987
2380	-1599.1	-1600.61	1.51223	0.1191151
2390	-1589.8	-1590.88	1.07816	0.1426039
2400	-1588.03	-1588.86	0.832383	0.1556885
2410	-1605.67	-1607.35	1.68141	0.1095917
2420	-1589.9	-1590.26	0.361604	0.1808372
2430	-1588.74	-1589.23	0.496406	0.1736029
2440	-1593.59	-1593.68	0.0921007	0.1954273
2450	-1590.12	-1590.46	0.341257	0.1819325
2460	-1598.1	-1597.96	-0.139788	0.208148
2470	-1588.13	-1588.74	0.610073	0.1675278
2480	-1588.34	-1589.24	0.905602	0.1517939
2490	-1590.51	-1591.65	1.13409	0.1396168
2500	-1596.59	-1598.02	1.42965	0.1236601
2510	-1587.9	-1588.61	0.711137	0.1621406
2520	-1589.47	-1590.51	1.04818	0.1442032
2530	-1608.54	-1610.28	1.74115	0.1061329
2540	-1601.68	-1603.27	1.58536	0.1150395
2550	-1589.49	-1589.9	0.4032	0.178601
2560	-1600.98	-1602.54	1.56644	0.1160991
2570	-1590.14	-1591.25	1.10634	0.1410995
2580	-1588.84	-1589.32	0.481432	0.1744048
2590	-1601.9	-1603.5	1.59123	0.1147097
2600	-1593.32	-1594.61	1.29571	0.1309376
2610	-1596.96	-1598.4	1.44282	0.1229389
2620	-1588.09	-1588.95	0.851382	0.1546779
2630	-1607.98	-1609.71	1.73018	0.1067729
2640	-1607.24	-1608.95	1.71496	0.1076567
2650	-1605.79	-1607.47	1.68401	0.1094421
2660	-1590.37	-1591.5	1.12396	0.1401584
2670	-1594.97	-1596.34	1.36833	0.1270043
2680	-1592.84	-1594.11	1.27217	0.1322076
2690	-1618.47	-1617.63	-0.840608	0.247778
2700	-1588.88	-1589.87	0.985854	0.1475234
2710	-1588.08	-1588.92	0.845886	0.1549702
2720	-1600.59	-1602.15	1.55574	0.1166967
2730	-1588.02	-1588.85	0.828751	0.1558816
2740	-1616.3	-1618.17	1.87474	0.09812485
2750	-1590.15	-1591.25	1.10674	0.1410783
2760	-1628.71	-1630.74	2.03095	0.08797697
2770	-1599.78	-1601.31	1.53253	0.1179894
2780	-1587.91	-1588.61	0.707658	0.1623259
2790	-1588.35	-1588.91	0.560745	0.1701618
2800	-1607.78	-1609.5	1.726	0.1070161
2810	-1588.58	-1589.52	0.945228	0.1496857
2820	-1599.19	-1600.7	1.51497	0.1189632
2830	-1590.38	-1591.5	1.12416	0.1401479
2840	-1609.55	-1611.31	1.76079	0.1049816
2850	-1592.96	-1593.09	0.130542	0.1933344
2860	-1589.15	-1590.16	1.01611	0.1459123
2870	-1588.47	-1589.01	0.538947	0.1713269
2880	-1599.55	-1599.35	-0.203843	0.2116929
2890	-1589.33	-1590.36	1.03457	0.1449288
2900	-1590.24	-1591.35	1.11351	0.1407169
2910	-1628.49	-1630.52	2.02864	0.08813647
2920	-1588.04	-1588.87	0.833883	0.1556086
2930	-1590.81	-1591.96	1.15458	0.1385208
2940	-1642.55	-1644.7	2.15085	0.07902388
2950	-1588.03	-1588.67	0.641176	0.1658687
2960	-1589.24	-1590.27	1.02614	0.1453775
2970	-1593.74	-1593.82	0.0831873	0.1959131
2980	-1588.87	-1589.35	0.477827	0.1745979
2990	-1587.93	-1588.62	0.689012	0.1633191
3000	-1613.97	-1615.81	1.83826	0.1003573
3010	-1588.75	-1589.72	0.968998	0.1484207
3020	-1590.32	-1590.64	0.323653	0.1828808
3030	-1621.38	-1623.32	1.94564	0.09365768
3040	-1605.51	-1607.19	1.67804	0.1097847
3050	-1610.51	-1612.29	1.77862	0.1039296
3060	-1589.33	-1590.36	1.03473	0.1449202
3070	-1589.09	-1590.09	1.00927	0.1462764
3080	-1587.93	-1588.62	0.688295	0.1633573
3090	-1599.2	-1600.71	1.51528	0.1189463
3100	-1599.65	-1601.18	1.52868	0.1182032
3110	-1588.29	-1588.87	0.572225	0.1695485
3120	-1590.6	-1591.74	1.14005	0.1392983
3130	-1594.89	-1596.25	1.36476	0.1271985
3140	-1590.29	-1590.62	0.325656	0.1827729
3150	-1622.95	-1624.91	1.96541	0.09237499
3160	-1588.11	-1588.72	0.616811	0.1671683
3170	-1625.73	-1627.73	1.99839	0.09019268
3180	-1634.17	-1636.26	2.0839	0.08420754
3190	-1620.32	-1622.25	1.93177	0.09454643
3200	-1588.97	-1589.96	0.995789	0.1469944
3210	-1591.92	-1592.12	0.19911	0.1896115
3220	-1587.93	-1588.62	0.686532	0.1634512
3230	-1614.85	-1616.71	1.85242	0.09949543
3240	-1588.97	-1589.97	0.996442	0.1469596
3250	-1594.67	-1596.03	1.35594	0.1276772
3260	-1596.23	-1597.65	1.41675	0.1243656
3270	-1589.18	-1589.62	0.438539	0.176704
3280	-1596.07	-1596.03	-0.0428226	0.202808
3290	-1592.58	-1593.84	1.25929	0.1329014
3300	-1588.22	-1588.81	0.588687	0.1686694
3310	-1593.7	-1595.01	1.31358	0.1299722
3320	-1588.4	-1588.95	0.551701	0.1706451
3330	-1593.21	-1594.5	1.29047	0.1312203
3340	-1587.99	-1588.65	0.656352	0.1650596
3350	-1643.43	-1645.59	2.15704	0.07851256
3360	-1593.39	-1594.69	1.2994	0.1307383
3370	-1626.32	-1628.33	2.00507	0.08974349
3380	-1589.92	-1591	1.08811	0.1420732
3390	-1592.77	-1592.91	0.142441	0.1926873
3400	-1588.42	-1589.35	0.92089	0.1509807
3410	-1651.28	-1653.49	2.20536	0.07423007
3420	-1647.59	-1649.77	2.18406	0.07618871
3430	-1588.98	-1589.44	0.463003	0.1753922
3440	-1591	-1592.17	1.16777	0.1378145
3450	-1588.27	-1589.16	0.891791	0.1525286
3460	-1649.17	-1651.36	2.19348	0.07533833
3470	-1601.21	-1602.79	1.57288	0.1157387
3480	-1602.95	-1604.57	1.61794	0.1132052
3490	-1593.71	-1595.02	1.31397	0.129951
3500	-1588	-1588.65	0.651799	0.1653022
3510	-1588.55	-1589.49	0.940358	0.1499449
3520	-1594.69	-1596.05	1.35684	0.1276287
3530	-1590.43	-1591.56	1.12812	0.1399362
3540	-1596.22	-1597.64	1.41645	0.124382
3550	-1617.51	-1619.4	1.89262	0.09701565
3560	-1605.58	-1607.26	1.67958	0.1096965
3570	-1596.28	-1597.7	1.41868	0.1242605
3580	-1592.38	-1593.62	1.24841	0.1334866
3590	-1588.1	-1588.96	0.854107	0.154533
3600	-1616.55	-1618.43	1.87856	0.09788842
3610	-1587.89	-1588.64	0.750471	0.1600465
3620	-1587.89	-1588.63	0.73343	0.1609536
3630	-1598.96	-1598.78	-0.178273	0.2102761
3640	-1594.65	-1594.68	0.0314504	0.1987381
3650	-1588.07	-1588.91	0.844039	0.1550685
3660	-1588.18	-1589.05	0.872496	0.1535549
3670	-1604.74	-1604.33	-0.407856	0.2230812
3680	-1588.11	-1588.96	0.855305	0.1544692
3690	-1630.77	-1632.82	2.05183	0.08651784
3700	-1588.53	-1589.47	0.937725	0.150085
3710	-1589.01	-1589.47	0.459891	0.175559
3720	-1588.7	-1589.21	0.501249	0.1733436
3730	-1590.33	-1591.46	1.12101	0.1403159
3740	-1596.66	-1598.1	1.43241	0.1235092
3750	-1591.08	-1592.25	1.1725	0.1375613
3760	-1619.16	-1621.08	1.91601	0.09554779
3770	-1604.92	-1604.51	-0.414378	0.2234478
3780	-1620.09	-1622.01	1.9286	0.09474857
3790	-1595.11	-1596.48	1.37373	0.1267107
3800	-1588.41	-1589.32	0.917697	0.1511505
3810	-1656.12	-1658.35	2.22978	0.07179443
3820	-1643.37	-1645.52	2.1566	0.07854855
3830	-1611.8	-1613.6	1.80173	0.1025557
3840	-1595.48	-1595.46	-0.0124927	0.201144
3850	-1606.13	-1607.83	1.69159	0.1090061
3860	-1611.99	-1611.34	-0.650282	0.2368212
3870	-1600.41	-1600.17	-0.24001	0.2137008
3880	-1593.64	-1593.73	0.0890048	0.195596
3890	-1591.12	-1591.38	0.257508	0.1864507
3900	-1591.05	-1592.22	1.17054	0.1376664
3910	-1588.83	-1589.81	0.978883	0.1478945
3920	-1587.94	-1588.62	0.678711	0.1638679
3930	-1588.56	-1589.08	0.524146	0.1721184
3940	-1587.95	-1588.74	0.796642	0.1575897
3950	-1599.17	-1598.98	-0.187256	0.2107736
3960	-1610.53	-1612.31	1.77898	0.1039082
3970	-1591.16	-1591.41	0.25435	0.1866213
3980	-1590.94	-1592.11	1.16392	0.1380207
3990	-1611.54	-1610.9	-0.636179	0.2360154
4000	-1588.19	-1588.79	0.595384	0.1683118
4010	-1588.66	-1589.61	0.95616	0.149104
4020	-1590.27	-1591.39	1.11644	0.1405602
4030	-1598.95	-1600.46	1.50777	0.1193621
4040	-1589.2	-1589.64	0.435544	0.1768647
4050	-1588.61	-1589.57	0.95038	0.1494116
4060	-1589.44	-1589.85	0.409358	0.1782702
4070	-1588.64	-1589.6	0.954114	0.1492129
4080	-1589.19	-1589.63	0.437262	0.1767725
4090	-1588.94	-1589.93	0.992204	0.1471853
4100	-1607.42	-1609.14	1.71874	0.1074373
4110	-1597.92	-1599.39	1.47515	0.1211626
4120	-1587.91	-1588.69	0.776164	0.1586792
4130	-1588.76	-1589.72	0.969653	0.1483859
4140	-1593.52	-1594.83	1.3054	0.1304145
4150	-1600.22	-1599.99	-0.232426	0.2132794
4160	-1595.07	-1596.44	1.37212	0.1267984
4170	-1588.16	-1589.03	0.868479	0.1537685
4180	-1588.54	-1589.06	0.52764	0.1719315
4190	-1595.65	-1595.63	-0.0217935	0.2016539
4200	-1590.07	-1590.42	0.345581	0.1816997
4210	-1601.72	-1603.3	1.58631	0.1149861
4220	-1599.05	-1600.56	1.51072	0.1191987
4230	-1597.24	-1598.69	1.45242	0.1224126
4240	-1595.52	-1596.91	1.38988	0.1258317
4250	-1603.71	-1605.34	1.63633	0.1121639
4260	-1627.04	-1629.05	2.01304	0.08920386
4270	-1588.76	-1589.25	0.493127	0.1737785
4280	-1589.21	-1590.23	1.0227	0.145561
4290	-1587.89	-1588.63	0.737186	0.1607537
4300	-1588.26	-1588.84	0.579317	0.1691697
4310	-1592.75	-1594.02	1.26801	0.1324316
4320	-1590.35	-1591.47	1.12216	0.1402546
4330	-1590.45	-1590.76	0.312243	0.1834958
4340	-1588.14	-1588.75	0.608463	0.1676138
4350	-1587.93	-1588.72	0.788769	0.1580085
4360	-1588.73	-1589.7	0.966327	0.1485629
4370	-1589.31	-1590.34	1.033	0.1450124
4380	-1588.29	-1588.86	0.573998	0.1694538
4390	-1591.09	-1591.35	0.260032	0.1863143
4400	-1588.17	-1589.04	0.871122	0.153628
4410	-1589	-1589.46	0.46076	0.1755124
4420	-1593.48	-1594.79	1.30356	0.1305138
4430	-1595.12	-1596.49	1.37413	0.126689
4440	-1611.38	-1613.17	1.79422	0.1030031
4450	-1587.99	-1588.8	0.815721	0.1565747
4460	-1588.18	-1589.05	0.873092	0.1535231
4470	-1592.42	-1592.59	0.164979	0.191463
4480	-1588.47	-1589.4	0.928861	0.1505566
4490	-1641.81	-1643.95	2.14558	0.07945461
4500	-1598.38	-1599.87	1.49008	0.1203394
4510	-1590.78	-1591.94	1.15305	0.1386025
4520	-1598.02	-1599.5	1.47843	0.1209819
4530	-1589.57	-1590.63	1.05825	0.1436659
4540	-1589.04	-1590.04	1.00377	0.1465696
4550	-1588.52	-1589.05	0.530942	0.1717549
4560	-1588.1	-1588.72	0.619355	0.1670325
4570	-1594.84	-1594.87	0.0209834	0.1993106
4580	-1588.94	-1589.94	0.993191	0.1471327
4590	-1590.74	-1591.02	0.287914	0.1848083
4600	-1590.4	-1591.53	1.12624	0.1400363
4610	-1593.22	-1594.51	1.29098	0.1311931
4620	-1587.89	-1588.62	0.725433	0.1613794
4630	-1588.9	-1589.38	0.473343	0.1748381
4640	-1594.19	-1594.25	0.0572379	0.1973291
4650	-1588.9	-1589.89	0.987805	0.1474195
4660	-1594.34	-1594.39	0.0486212	0.1977997
4670	-1588.27	-1588.84	0.578146	0.1692322
4680	-1591.82	-1593.04	1.21781	0.1351314
4690	-1598.86	-1600.37	1.50504	0.119513
4700	-1606.31	-1608	1.69533	0.108791
4710	-1611.34	-1613.14	1.79361	0.1030395
4720	-1594.93	-1596.29	1.36642	0.1271083
4730	-1591.25	-1592.43	1.18363	0.1369652
4740	-1590.27	-1591.38	1.11595	0.1405864
4750	-1589.01	-1590.01	1.00061	0.1467375
4760	-1589.88	-1590.97	1.08525	0.1422257
4770	-1609.76	-1611.52	1.76461	0.1047566
4780	-1593.18	-1594.47	1.28912	0.1312935
4790	-1615.98	-1617.85	1.86992	0.09842204
4800	-1592.88	-1594.15	1.27421	0.1320973
4810	-1587.98	-1588.64	0.662243	0.1647455
4820	-1589.48	-1590.53	1.04965	0.1441248
4830	-1588.11	-1588.73	0.614897	0.1672704
4840	-1588.59	-1589.54	0.9472	0.1495808
4850	-1603.36	-1603.01	-0.356879	0.2202211
4860	-1588.31	-1588.88	0.56829	0.1697587
4870	-1614.1	-1615.94	1.84044	0.1002247
4880	-1588.51	-1589.04	0.531603	0.1717196
4890	-1594.1	-1595.43	1.33153	0.1290007
4900	-1605.36	-1607.03	1.67456	0.1099841
4910	-1599.39	-1600.91	1.52113	0.1186222
4920	-1590.78	-1591.07	0.284127	0.1850128
4930	-1596.79	-1596.71	-0.0786024	0.2047748
4940	-1590.78	-1591.93	1.15263	0.138625
4950	-1593.9	-1593.97	0.0739322	0.1964179
4960	-1587.91	-1588.68	0.768673	0.1590778
4970	-1610.24	-1612.01	1.77364	0.104224
4980	-1598.1	-1599.58	1.48095	0.1208432
4990	-1589.51	-1589.92	0.40089	0.1787251
5000	-1603.68	-1605.31	1.63561	0.1122048
5010	-1588.24	-1589.12	0.885272	0.1528753
5020	-1589.01	-1590.02	1.00122	0.1467053
5030	-1605.25	-1604.82	-0.42624	0.224115
5040	-1588.69	-1589.19	0.50377	0.1732087
5050	-1587.93	-1588.71	0.786073	0.158152
5060	-1596.73	-1598.16	1.43466	0.1233861
5070	-1602.86	-1604.48	1.61565	0.1133344
5080	-1609.65	-1609.08	-0.576253	0.2326004
5090	-1600.06	-1601.6	1.54071	0.1175341
5100	-1595.72	-1597.12	1.39787	0.1253966
5110	-1590.97	-1591.24	0.269206	0.1858185
5120	-1592.69	-1593.96	1.26485	0.1326015
5130	-1587.94	-1588.62	0.680054	0.1637964
5140	-1587.92	-1588.61	0.693248	0.1630934
5150	-1595.57	-1596.96	1.3918	0.1257269
5160	-1593.1	-1594.38	1.28517	0.1315065
5170	-1617.28	-1619.17	1.88929	0.09722273
5180	-1588.18	-1589.06	0.873512	0.1535008
5190	-1590.05	-1591.15	1.0991	0.1414866
5200	-1593.41	-1594.71	1.30002	0.1307051
5210	-1605.84	-1607.52	1.68513	0.1093776
5220	-1658.75	-1656.99	-1.75724	0.3028816
5230	-1588.06	-1588.9	0.840579	0.1552525
5240	-1598.54	-1600.03	1.49498	0.1200691
5250	-1588.52	-1589.45	0.935555	0.1502004
5260	-1587.91	-1588.67	0.768329	0.1590962
5270	-1590.43	-1590.74	0.313565	0.1834246
5280	-1610.33	-1612.11	1.77529	0.1041264
5290	-1628	-1626.91	-1.0909	0.2624288
5300	-1602.41	-1604.02	1.60436	0.1139713
5310	-1590.55	-1590.85	0.303575	0.1839633
5320	-1607.56	-1609.28	1.72154	0.107275
5330	-1596.19	-1597.6	1.41515	0.1244531
5340	-1618.71	-1620.62	1.90974	0.09594303
5350	-1587.92	-1588.61	0.695571	0.1629697
5360	-1587.89	-1588.63	0.739562	0.1606272
5370	-1587.99	-1588.65	0.655519	0.165104
5380	-1587.9	-1588.65	0.755139	0.1597981
5390	-1604.78	-1604.37	-0.409317	0.2231633
5400	-1611.64	-1613.43	1.79878	0.1027314
5410	-1588.42	-1589.34	0.919536	0.1510527
5420	-1591.12	-1591.37	0.257789	0.1864355
5430	-1599.97	-1601.51	1.53807	0.1176813
5440	-1592.49	-1592.65	0.160612	0.1917001
5450	-1591.44	-1592.64	1.1955	0.1363284
5460	-1588.48	-1589.01	0.537791	0.1713887
5470	-1621.61	-1623.56	1.94861	0.09346565
5480	-1596.15	-1597.57	1.41398	0.1245171
5490	-1592.02	-1593.25	1.22923	0.134518
5500	-1593.92	-1595.24	1.3234	0.1294409
5510	-1594.89	-1596.26	1.365	0.1271855
5520	-1621.59	-1623.54	1.94841	0.09347908
5530	-1614.89	-1616.75	1.85305	0.09945666
5540	-1587.9	-1588.67	0.764148	0.1593187
5550	-1587.89	-1588.63	0.737475	0.1607383
5560	-1589.21	-1590.23	1.02251	0.1455713
5570	-1612.1	-1613.91	1.80689	0.1022469
5580	-1604.39	-1606.04	1.65238	0.1112514
5590	-1596.45	-1597.88	1.42489	0.1239208
5600	-1615.16	-1617.01	1.85721	0.0992024
5610	-1593.57	-1594.87	1.30746	0.1303031
5620	-1592.82	-1592.96	0.139013	0.1928737
5630	-1589.98	-1590.33	0.354466	0.1812214
5640	-1594.47	-1595.82	1.34736	0.1281428
5650	-1623.72	-1625.69	1.97483	0.09175779
5660	-1593.14	-1593.26	0.118902	0.1939676
5670	-1589.95	-1590.3	0.357486	0.1810588
5680	-1589.4	-1590.45	1.04219	0.1445225
5690	-1589.26	-1589.69	0.429426	0.1771929
5700	-1615.03	-1614.29	-0.742059	0.2420854
5710	-1592.05	-1593.28	1.23088	0.1344295
5720	-1590.19	-1590.53	0.334577	0.1822922
5730	-1592.96	-1594.24	1.27837	0.131873
5740	-1636.59	-1635.3	-1.29469	0.2745711
5750	-1592.69	-1593.95	1.26472	0.1326087
5760	-1598.52	-1600.01	1.49428	0.120108
5770	-1615.71	-1617.58	1.8658	0.09867528
5780	-1594.49	-1595.84	1.34832	0.1280908
5790	-1588.17	-1589.05	0.871664	0.1535991
5800	-1588.72	-1589.68	0.964632	0.1486531
5810	-1589.24	-1590.27	1.02621	0.1453742
5820	-1588.21	-1588.8	0.589936	0.1686027
5830	-1594.57	-1594.61	0.0359391	0.1984927
5840	-1593.46	-1594.76	1.30257	0.130567
5850	-1588.74	-1589.23	0.49656	0.1735947
5860	-1600.45	-1602	1.55171	0.1169217
5870	-1587.89	-1588.64	0.750166	0.1600628
5880	-1601.49	-1603.07	1.58038	0.115319
5890	-1610.29	-1612.06	1.77449	0.104174
5900	-1614.39	-1616.23	1.84499	0.09994794
5910	-1591.86	-1593.08	1.22001	0.1350134
5920	-1589.38	-1589.79	0.41576	0.1779265
5930	-1590.74	-1591.89	1.15007	0.1387619
5940	-1606.45	-1608.15	1.69838	0.1086153
5950	-1602.2	-1603.8	1.59891	0.1142781
5960	-1587.99	-1588.64	0.658054	0.1649688
5970	-1588.26	-1588.84	0.580374	0.1691132
5980	-1589.1	-1590.11	1.01054	0.1462087
5990	-1590.71	-1591	0.290388	0.1846748
6000	-1588.35	-1589.26	0.90759	0.1516882
6010	-1592.84	-1592.98	0.137956	0.1929312
6020	-1588.03	-1588.86	0.830249	0.1558019
6030	-1587.89	-1588.62	0.724565	0.1614256
6040	-1592.16	-1592.34	0.18236	0.1905197
6050	-1596.55	-1597.97	1.42821	0.1237392
6060	-1589.94	-1591.03	1.09009	0.1419672
6070	-1589.78	-1590.15	0.373683	0.1801875
6080	-1593.68	-1594.99	1.31246	0.1300329
6090	-1588.27	-1589.16	0.891901	0.1525227
6100	-1588.35	-1589.26	0.907583	0.1516885
6110	-1607.12	-1608.84	1.71257	0.1077951
6120	-1593.4	-1594.7	1.2997	0.1307221
6130	-1592.61	-1593.87	1.26072	0.132824
6140	-1587.96	-1588.76	0.803312	0.1572349
6150	-1599.32	-1599.13	-0.194091	0.2111523
6160	-1589.03	-1589.49	0.457131	0.175707
6170	-1606.33	-1608.02	1.69574	0.1087672
6180	-1592.31	-1593.56	1.24512	0.1336638
6190	-1588.99	-1589.98	0.998005	0.1468764
6200	-1605.29	-1606.96	1.67305	0.1100708
6210	-1588.03	-1588.86	0.832451	0.1556848
6220	-1592.3	-1593.54	1.24428	0.1337087
6230	-1604.98	-1606.65	1.66613	0.1104666
6240	-1588.01	-1588.84	0.82551	0.156054
6250	-1597.73	-1599.2	1.46892	0.1215057
6260	-1591.79	-1593	1.21576	0.1352414
6270	-1603.9	-1605.54	1.64096	0.1119007
6280	-1596.97	-1598.41	1.44308	0.122925
6290	-1592.54	-1592.7	0.156993	0.1918967
6300	-1589.62	-1590.69	1.06276	0.1434258
6310	-1587.92	-1588.61	0.69493	0.1630038
6320	-1598.13	-1597.99	-0.141325	0.2082329
6330	-1589.62	-1590.68	1.06249	0.1434399
6340	-1595.89	-1597.29	1.40396	0.1250641
6350	-1604.96	-1604.54	-0.415664	0.2235201
6360	-1590.7	-1591.84	1.14707	0.1389225
6370	-1607.58	-1609.3	1.72189	0.1072548
6380	-1590.72	-1591.87	1.14853	0.1388446
6390	-1609.72	-1611.48	1.76384	0.104802
6400	-1606.71	-1608.41	1.70391	0.1082961
6410	-1590.74	-1591.89	1.15001	0.1387653
6420	-1589.13	-1589.58	0.444362	0.1763916
6430	-1588.2	-1589.07	0.876538	0.1533399
6440	-1591.94	-1593.16	1.22457	0.1347682
6450	-1601.88	-1603.47	1.59061	0.114745
6460	-1602	-1603.59	1.59374	0.1145687
6470	-1612.34	-1614.15	1.81101	0.1020004
6480	-1652.96	-1655.17	2.21425	0.07337092
6490	-1595.94	-1597.34	1.40591	0.124958
6500	-1587.94	-1588.62	0.680041	0.1637971
6510	-1623.09	-1625.06	1.96722	0.09225667
6520	-1595.77	-1597.17	1.3996	0.125302
6530	-1596.85	-1598.29	1.43916	0.1231394
6540	-1587.9	-1588.61	0.713132	0.1620344
6550	-1587.92	-1588.71	0.783682	0.1582792
6560	-1594.43	-1595.78	1.34593	0.1282203
6570	-1591.91	-1593.13	1.22264	0.1348722
6580	-1592.35	-1593.59	1.24682	0.1335721
6590	-1602.11	-1603.71	1.59665	0.1144054
6600	-1587.93	-1588.62	0.685833	0.1634885
6610	-1588.1	-1588.72	0.619393	0.1670305
6620	-1602.38	-1603.98	1.60343	0.1140235
6630	-1591.14	-1592.31	1.17638	0.1373533
6640	-1595.56	-1596.95	1.39155	0.1257408
6650	-1592.37	-1593.62	1.24812	0.1335024
6660	-1587.9	-1588.65	0.756294	0.1597366
6670	-1592.19	-1593.42	1.23821	0.1340351
6680	-1610.83	-1612.61	1.78433	0.103591
6690	-1594.4	-1595.75	1.34467	0.1282889
6700	-1600.84	-1600.58	-0.257812	0.2146908
6710	-1588.01	-1588.83	0.823735	0.1561484
6720	-1589.76	-1590.83	1.07469	0.142789
6730	-1591.24	-1591.49	0.247868	0.1869718
6740	-1588.03	-1588.86	0.83092	0.1557662
6750	-1589.84	-1590.2	0.368142	0.1804855
6760	-1594.57	-1594.61	0.0358189	0.1984993
6770	-1588.57	-1589.09	0.522674	0.1721971
6780	-1594.92	-1596.29	1.36614	0.1271235
6790	-1610.85	-1612.63	1.78477	0.103565
6800	-1591.91	-1592.11	0.199261	0.1896033
6810	-1592.02	-1593.25	1.22932	0.1345131
6820	-1588.19	-1589.06	0.874424	0.1534523
6830	-1587.9	-1588.61	0.713954	0.1619906
6840	-1597.69	-1599.15	1.46755	0.1215809
6850	-1588.39	-1589.31	0.915463	0.1512694
6860	-1588.02	-1588.67	0.643911	0.1657228
6870	-1604.11	-1605.76	1.64597	0.1116161
6880	-1621.01	-1622.95	1.94078	0.09396975
6890	-1605.66	-1607.34	1.68122	0.1096022
6900	-1588.11	-1588.73	0.616284	0.1671964
6910	-1596.27	-1597.69	1.41839	0.1242763
6920	-1605.9	-1607.58	1.68647	0.1093009
6930	-1625.94	-1627.94	2.00079	0.09003212
6940	-1588.16	-1588.76	0.604134	0.1678448
6950	-1588.19	-1589.06	0.87511	0.1534159
6960	-1588.34	-1588.9	0.563911	0.1699926
6970	-1587.95	-1588.76	0.801244	0.1573449
6980	-1588.31	-1589.21	0.89994	0.1520951
6990	-1636.72	-1638.82	2.10593	0.08256364
7000	-1590.85	-1592.01	1.15765	0.1383566
7010	-1612.49	-1614.3	1.81354	0.1018486
7020	-1602.77	-1604.38	1.61329	0.1134677
7030	-1621.84	-1623.8	1.95161	0.09327196
7040	-1592.71	-1593.98	1.26606	0.1325365
7050	-1600.3	-1600.06	-0.235374	0.2134432
7060	-1589.46	-1590.51	1.04741	0.1442438
7070	-1622.45	-1624.41	1.95931	0.09277249
7080	-1588.22	-1588.81	0.588944	0.1686556
7090	-1589.41	-1590.45	1.04241	0.1445107
7100	-1589.23	-1590.26	1.02503	0.1454367
7110	-1600.91	-1602.47	1.56448	0.1162091
7120	-1597.79	-1597.66	-0.12553	0.2073608
7130	-1589.49	-1590.54	1.05031	0.1440897
7140	-1598.48	-1599.97	1.49307	0.1201749
7150	-1595.9	-1595.87	-0.034434	0.2023475
7160	-1587.9	-1588.61	0.707749	0.1623211
7170	-1598.36	-1599.85	1.48926	0.120385
7180	-1595.43	-1595.42	-0.0101006	0.2010128
7190	-1643.51	-1645.67	2.15759	0.07846635
7200	-1587.89	-1588.62	0.73118	0.1610734
7210	-1607.32	-1609.04	1.71664	0.1075595
7220	-1606.43	-1608.13	1.69797	0.1086389
7230	-1592.77	-1594.04	1.26873	0.1323928
7240	-1588.14	-1589	0.863006	0.1540596
7250	-1599.71	-1601.24	1.53061	0.1180955
7260	-1589.24	-1590.27	1.02581	0.1453951
7270	-1595.84	-1597.24	1.40224	0.1251582
7280	-1596.46	-1596.4	-0.0625036	0.2038894
7290	-1588.16	-1589.03	0.868686	0.1537575
7300	-1587.91	-1588.69	0.775981	0.158689
7310	-1589.54	-1590.59	1.05475	0.1438529
7320	-1631.68	-1633.75	2.06078	0.08588203
7330	-1621.63	-1623.58	1.94888	0.0934486
7340	-1591.01	-1591.27	0.266285	0.1859764
7350	-1598.56	-1600.05	1.49555	0.1200378
7360	-1597.97	-1599.44	1.47671	0.1210766
7370	-1601.3	-1602.87	1.57509	0.115615
7380	-1587.94	-1588.73	0.793631	0.1577499
7390	-1602.63	-1604.24	1.60993	0.113657
7400	-1588.56	-1589.08	0.523493	0.1721533
7410	-1588.03	-1588.86	0.831567	0.1557318
7420	-1593.49	-1594.79	1.30392	0.1304942
7430	-1593	-1594.28	1.28057	0.1317543
7440	-1591.79	-1592	0.207727	0.1891445
7450	-1588.46	-1589	0.540405	0.1712489
7460	-1597.35	-1598.8	1.45613	0.1222086
7470	-1604.84	-1606.5	1.66289	0.1106518
7480	-1605.75	-1607.43	1.68325	0.1094856
7490	-1602.13	-1601.82	-0.309269	0.2175588
7500	-1587.94	-1588.62	0.678835	0.1638613
7510	-1591.33	-1591.57	0.241544	0.1873139
7520	-1588.63	-1589.14	0.51303	0.1727131
7530	-1587.98	-1588.64	0.660866	0.1648189
7540	-1597.43	-1598.89	1.45885	0.1220595
7550	-1589.22	-1590.24	1.02334	0.1455268
7560	-1625.04	-1627.03	1.99046	0.09072321
7570	-1588	-1588.83	0.822772	0.1561997
7580	-1590.7	-1591.85	1.1473	0.1389105
7590	-1587.94	-1588.74	0.795138	0.1576697
7600	-1616.54	-1618.42	1.87836	0.09790088
7610	-1588.62	-1589.13	0.514851	0.1726156
7620	-1589.38	-1590.42	1.04011	0.1446333
7630	-1589.81	-1590.18	0.370207	0.1803744
7640	-1592.9	-1594.17	1.27523	0.1320424
7650	-1588.65	-1589.61	0.956026	0.1491111
7660	-1608.13	-1609.86	1.733	0.1066086
7670	-1595.55	-1596.94	1.39107	0.1257668
7680	-1588.08	-1588.7	0.625411	0.1667095
7690	-1610.36	-1612.13	1.77576	0.1040986
7700	-1590.41	-1591.53	1.12647	0.1400243
7710	-1604.58	-1606.24	1.65694	0.1109913
7720	-1587.91	-1588.68	0.770032	0.1590055
7730	-1591.88	-1592.08	0.201981	0.1894559
7740	-1590	-1591.1	1.09521	0.141694
7750	-1589.3	-1590.33	1.03197	0.1450669
7760	-1589.57	-1590.63	1.05791	0.1436842
7770	-1589.92	-1591.01	1.08861	0.1420464
7780	-1588.24	-1588.83	0.583308	0.1689566
7790	-1588.31	-1589.21	0.900963	0.1520407
7800	-1589.07	-1589.52	0.45143	0.1760126
7810	-1592.74	-1594.01	1.26734	0.1324678
7820	-1604.01	-1605.65	1.64347	0.1117584
7830	-1589.03	-1589.49	0.456981	0.175715
7840	-1588.72	-1589.69	0.96561	0.1486011
7850	-1588.64	-1589.15	0.511698	0.1727844
7860	-1612.43	-1614.24	1.81255	0.1019076
7870	-1589.77	-1590.85	1.07593	0.1427231
7880	-1591.15	-1592.33	1.1775	0.1372936
7890	-1589.88	-1590.97	1.08532	0.1422218
7900	-1587.89	-1588.63	0.737498	0.1607371
7910	-1587.99	-1588.81	0.816886	0.1565128
7920	-1591.11	-1592.28	1.17451	0.1374539
7930	-1588.35	-1588.91	0.560569	0.1701712
7940	-1587.96	-1588.63	0.668473	0.1644135
7950	-1588.6	-1589.54	0.947793	0.1495493
7960	-1587.91	-1588.61	0.705414	0.1624454
7970	-1593.57	-1594.87	1.30748	0.1303021
7980	-1587.93	-1588.72	0.789905	0.1579481
7990	-1593.26	-1593.38	0.111569	0.1943668
8000	-1620.34	-1622.27	1.93196	0.09453471
8010	-1596.47	-1597.89	1.42534	0.1238964
8020	-1600.37	-1600.13	-0.238584	0.2136215
8030	-1604.94	-1606.61	1.66522	0.1105186
8040	-1594.51	-1595.86	1.34924	0.128041
8050	-1600.57	-1600.32	-0.246577	0.2140658
8060	-1588.94	-1589.41	0.468537	0.1750956
8070	-1590.68	-1591.83	1.14606	0.1389765
8080	-1590.83	-1591.11	0.280564	0.1852051
8090	-1592.46	-1593.71	1.25293	0.1332434
8100	-1616.74	-1618.62	1.88139	0.09771363
8110	-1588.81	-1589.29	0.486488	0.1741339
8120	-1587.9	-1588.61	0.709854	0.162209
8130	-1588.01	-1588.66	0.649011	0.1654509
8140	-1588.54	-1589.07	0.527195	0.1719553
8150	-1591.81	-1592.01	0.206949	0.1891867
8160	-1602.3	-1603.91	1.60159	0.1141273
8170	-1595.42	-1596.81	1.38611	0.126037
8180	-1600.08	-1601.62	1.54116	0.117509
8190	-1606.08	-1607.77	1.69044	0.1090727
8200	-1598.19	-1599.67	1.48379	0.1206866
8210	-1589.13	-1590.15	1.01447	0.1459997
8220	-1591.21	-1592.39	1.181	0.137106
8230	-1590.14	-1590.48	0.339188	0.1820439
8240	-1590.5	-1590.8	0.307979	0.1837258
8250	-1588.92	-1589.4	0.470437	0.1749938
8260	-1604.07	-1603.69	-0.383469	0.2217117
8270	-1589.82	-1590.9	1.08037	0.1424861
8280	-1590.17	-1590.51	0.336599	0.1821833
8290	-1597.44	-1597.33	-0.109276	0.2064643
8300	-1588.74	-1589.71	0.967897	0.1484793
8310	-1599.04	-1600.55	1.51063	0.119204
8320	-1618.12	-1620.02	1.90147	0.09646256
8330	-1600.84	-1602.41	1.56273	0.1163064
8340	-1608.59	-1610.33	1.74221	0.1060712
8350	-1588.15	-1588.76	0.605515	0.1677711
8360	-1590.01	-1590.36	0.35186	0.1813616
8370	-1591.65	-1592.86	1.20816	0.1356496
8380	-1587.9	-1588.61	0.710126	0.1621945
8390	-1590.83	-1591.11	0.280609	0.1852027
8400	-1600.7	-1602.26	1.55878	0.116527
8410	-1594.89	-1594.91	0.0184455	0.1994495
8420	-1588.03	-1588.86	0.831203	0.1557512
8430	-1587.91	-1588.61	0.700988	0.1626811
8440	-1588.13	-1589	0.861962	0.1541151
8450	-1587.9	-1588.67	0.765783	0.1592316
8460	-1588.98	-1589.98	0.997126	0.1469232
8470	-1589.07	-1589.53	0.451255	0.176022
8480	-1614.72	-1616.57	1.85031	0.09962384
8490	-1591.89	-1593.12	1.22196	0.1349088
8500	-1589.16	-1590.18	1.01769	0.1458279
8510	-1597.42	-1598.88	1.45874	0.1220655
8520	-1619.17	-1618.31	-0.860008	0.2489036
8530	-1592.38	-1593.63	1.24882	0.1334649
8540	-1603.34	-1604.97	1.62754	0.1126622
8550	-1593.19	-1594.48	1.28979	0.1312571
8560	-1595.65	-1597.05	1.39511	0.1255466
8570	-1595.32	-1596.7	1.38213	0.1262536
8580	-1597.84	-1597.71	-0.127939	0.2074938
8590	-1587.94	-1588.73	0.791738	0.1578506
8600	-1640.25	-1642.39	2.13407	0.08038026
8610	-1594.64	-1596	1.35466	0.1277468
8620	-1589.65	-1590.72	1.06515	0.1432981
8630	-1588.62	-1589.57	0.951502	0.1493519
8640	-1590.87	-1592.03	1.15897	0.1382859
8650	-1594.34	-1595.68	1.34183	0.1284425
8660	-1591.66	-1592.87	1.20847	0.1356326
8670	-1587.98	-1588.64	0.662702	0.1647211
8680	-1593.33	-1594.63	1.29629	0.1309063
8690	-1588.16	-1589.03	0.86778	0.1538057
8700	-1587.93	-1588.62	0.686317	0.1634627
8710	-1599.9	-1601.44	1.53608	0.1177919
8720	-1592.15	-1593.39	1.23627	0.1341396
8730	-1595.63	-1595.61	-0.0206191	0.2015895
8740	-1590.46	-1591.59	1.13027	0.1398208
8750	-1605.52	-1607.2	1.67824	0.1097735
8760	-1590.46	-1591.59	1.13014	0.1398277
8770	-1634.73	-1636.81	2.08883	0.08384442
8780	-1594.33	-1595.67	1.34134	0.1284693
8790	-1589.31	-1589.73	0.423959	0.1774864
8800	-1600.7	-1602.26	1.55871	0.1165309
8810	-1600.8	-1602.36	1.56151	0.1163746
8820	-1609.85	-1611.61	1.76628	0.1046583
8830	-1599.43	-1600.95	1.52229	0.1185575
8840	-1588.19	-1589.07	0.876361	0.1533493
8850	-1588	-1588.66	0.650362	0.1653789
8860	-1604.07	-1605.71	1.64491	0.1116764
8870	-1589.28	-1590.32	1.03033	0.1451545
8880	-1589.4	-1590.45	1.04228	0.1445175
8890	-1592.91	-1593.04	0.133729	0.193161
8900	-1592.9	-1594.17	1.27526	0.1320409
8910	-1590.75	-1591.04	0.286527	0.1848832
8920	-1588.08	-1588.71	0.624592	0.1667532
8930	-1587.89	-1588.62	0.732888	0.1609825
8940	-1611.76	-1611.11	-0.643077	0.2364094
8950	-1588.33	-1589.23	0.90364	0.1518983
8960	-1602.39	-1603.99	1.60367	0.1140099
8970	-1588.57	-1589.52	0.944466	0.1497263
8980	-1612.83	-1614.65	1.81933	0.1015005
8990	-1597.37	-1598.83	1.4569	0.1221661
9000	-1596.33	-1597.75	1.4203	0.1241718
9010	-1587.9	-1588.67	0.764743	0.159287
9020	-1588.33	-1589.23	0.903725	0.1518938
9030	-1589.59	-1589.99	0.392458	0.1791782
9040	-1623.96	-1625.94	1.97776	0.09156488
9050	-1594.3	-1594.35	0.0509341	0.1976733
9060	-1590.96	-1592.13	1.165	0.1379631
9070	-1623.21	-1625.18	1.96869	0.09216068
9080	-1614.07	-1615.91	1.83991	0.100257
9090	-1589.55	-1589.95	0.397015	0.1789333
9100	-1595.87	-1595.84	-0.0327714	0.2022562
9110	-1588.58	-1589.1	0.520967	0.1722884
9120	-1590.09	-1590.43	0.344401	0.1817632
9130	-1591.63	-1592.83	1.20647	0.1357403
9140	-1591.63	-1592.83	1.20657	0.1357349
9150	-1590.72	-1591.87	1.14894	0.1388224
9160	-1593.01	-1593.14	0.127372	0.1935068
9170	-1597.25	-1598.7	1.45276	0.1223939
9180	-1598.15	-1599.63	1.4825	0.1207577
9190	-1606.13	-1607.82	1.69156	0.1090082
9200	-1612.81	-1614.63	1.81905	0.1015172
9210	-1591.69	-1591.9	0.21543	0.1887273
9220	-1587.9	-1588.65	0.752071	0.1599614
9230	-1591.52	-1592.72	1.19996	0.1360897
9240	-1591	-1592.17	1.16774	0.1378162
9250	-1591.13	-1592.31	1.17622	0.137362
9260	-1596.86	-1598.3	1.43933	0.1231301
9270	-1592.17	-1592.35	0.181922	0.1905435
9280	-1588.31	-1589.21	0.900613	0.1520593
9290	-1587.89	-1588.63	0.741598	0.1605188
9300	-1600.62	-1602.17	1.55643	0.1166584
9310	-1603.55	-1603.18	-0.36377	0.2206072
9320	-1588.14	-1589.01	0.864113	0.1540007
9330	-1589.51	-1590.57	1.05256	0.1439697
9340	-1588.03	-1588.67	0.640167	0.1659225
9350	-1588.63	-1589.58	0.952022	0.1493242
9360	-1588.29	-1588.86	0.573858	0.1694612
9370	-1588.19	-1589.07	0.87541	0.1533999
9380	-1590.75	-1591.9	1.15066	0.1387306
9390	-1607.22	-1606.72	-0.495208	0.2280051
9400	-1602.2	-1603.79	1.59878	0.1142855
9410	-1590.52	-1590.83	0.305507	0.1838591
9420	-1587.91	-1588.61	0.705272	0.162453
9430	-1603.48	-1605.11	1.63096	0.112468
9440	-1589.15	-1589.59	0.442234	0.1765058
9450	-1591.54	-1591.76	0.226057	0.1881519
9460	-1588.48	-1589.02	0.536506	0.1714574
9470	-1610.9	-1610.29	-0.616293	0.2348805
9480	-1594.58	-1594.62	0.0353858	0.198523
9490	-1592.39	-1592.56	0.166871	0.1913603
9500	-1588.76	-1589.73	0.97005	0.1483647
9510	-1589.03	-1590.03	1.00264	0.1466296
9520	-1622.54	-1624.5	1.9604	0.09270182
9530	-1588.61	-1589.56	0.949941	0.1494349
9540	-1592.33	-1592.5	0.171176	0.1911266
9550	-1588.03	-1588.67	0.642076	0.1658207
9560	-1608.95	-1610.69	1.74913	0.1056661
9570	-1624.29	-1626.27	1.98162	0.09130965
9580	-1588.08	-1588.93	0.84738	0.1548908
9590	-1595.78	-1597.18	1.40016	0.1252714
9600	-1590.81	-1591.96	1.15459	0.1385201
9610	-1588.33	-1589.23	0.903733	0.1518934
9620	-1588.89	-1589.88	0.987006	0.1474621
9630	-1588.12	-1588.98	0.857814	0.1543358
9640	-1590.36	-1591.48	1.12298	0.1402105
9650	-1587.96	-1588.63	0.669905	0.1643372
9660	-1595.44	-1595.43	-0.0107291	0.2010473
9670	-1604.34	-1605.99	1.65134	0.1113102
9680	-1607.15	-1608.86	1.71305	0.1077673
9690	-1594.62	-1595.98	1.35393	0.1277861
9700	-1600.56	-1602.12	1.55498	0.1167395
9710	-1590.55	-1591.69	1.13677	0.1394735
9720	-1597.5	-1598.97	1.46146	0.1219161
9730	-1592.25	-1593.49	1.24158	0.1338542
9740	-1595.53	-1596.92	1.39057	0.1257944
9750	-1587.89	-1588.62	0.728866	0.1611966
9760	-1589.66	-1590.05	0.385545	0.1795497
9770	-1595.3	-1596.68	1.38136	0.1262959
9780	-1588.5	-1589.03	0.534042	0.1715891
9790	-1588.74	-1589.24	0.496003	0.1736244
9800	-1592.32	-1592.49	0.171586	0.1911043
9810	-1588.95	-1589.42	0.466733	0.1751923
9820	-1591.05	-1592.22	1.17092	0.1376457
9830	-1598.05	-1599.53	1.47931	0.1209336
9840	-1588.99	-1589.99	0.998905	0.1468285
9850	-1632.15	-1634.22	2.06527	0.08556066
9860	-1588.14	-1589	0.862369	0.1540935
9870	-1587.9	-1588.61	0.711215	0.1621365
9880	-1592.15	-1592.34	0.18283	0.1904942
9890	-1589.28	-1590.31	1.03025	0.1451586
9900	-1588.78	-1589.75	0.9723	0.148245
9910	-1590.21	-1590.55	0.332574	0.1824001
9920	-1612.88	-1614.7	1.82025	0.1014452
9930	-1597.99	-1597.86	-0.134921	0.2078792
9940	-1592.73	-1594	1.26687	0.1324931
9950	-1594.22	-1595.55	1.33654	0.1287292
9960	-1588.04	-1588.67	0.63931	0.1659682
9970	-1592.37	-1592.54	0.168468	0.1912736
9980	-1602.35	-1602.03	-0.31815	0.2180549
9990	-1589.56	-1590.62	1.05684	0.1437415
10000	-1597.94	-1599.42	1.4759	0.1211215
