Iteration	Posterior	Likelihood	Prior	birth_rate
0	-1592.64	-1593.91	1.26245	0.1327309
10	-1611.98	-1613.78	1.80475	0.1023751
20	-1629.31	-1631.34	2.03713	0.08754863
30	-1651.61	-1653.81	2.20713	0.07406199
40	-1604.23	-1605.88	1.64869	0.1114611
50	-1588.7	-1589.66	0.961861	0.1488006
60	-1611.45	-1613.24	1.79548	0.1029285
70	-1604.01	-1605.65	1.64345	0.1117592
80	-1600.93	-1602.49	1.56509	0.1161749
90	-1592.67	-1593.93	1.26364	0.1326667
100	-1643.19	-1645.34	2.15535	0.07865259
110	-1596.12	-1597.53	1.41255	0.1245952
120	-1617.2	-1619.09	1.88816	0.09729342
130	-1628.26	-1630.29	2.02622	0.08830311
140	-1643.13	-1645.28	2.15494	0.07868633
150	-1590.03	-1591.13	1.09777	0.1415575
160	-1638.99	-1641.11	2.12432	0.08114841
170	-1595.01	-1596.38	1.36997	0.1269151
180	-1588.79	-1589.27	0.489516	0.1739718
190	-1589.31	-1589.73	0.423686	0.177501
200	-1587.94	-1588.62	0.678776	0.1638645
210	-1631.93	-1633.99	2.06312	0.08571508
220	-1596.31	-1597.73	1.41974	0.1242024
230	-1601.38	-1602.96	1.5773	0.1154914
240	-1590.24	-1591.35	1.11381	0.1407005
250	-1626.94	-1628.95	2.01195	0.08927793
260	-1588.08	-1588.92	0.8463	0.1549482
270	-1590.91	-1591.18	0.274122	0.185553
280	-1686.73	-1689.03	2.308	0.05907427
290	-1597.34	-1598.8	1.45591	0.122221
300	-1599.71	-1599.5	-0.210722	0.2120745
310	-1611.82	-1613.62	1.80195	0.1025423
320	-1639.99	-1642.12	2.13208	0.08053783
330	-1592.16	-1593.4	1.23673	0.1341152
340	-1588.83	-1589.81	0.97976	0.1478478
350	-1623.11	-1625.08	1.96749	0.0922394
360	-1588.16	-1588.76	0.604091	0.1678471
370	-1588.38	-1589.3	0.913849	0.1513552
380	-1600.45	-1602	1.55185	0.1169135
390	-1600.41	-1601.96	1.55057	0.1169854
400	-1609.72	-1611.49	1.764	0.1047927
410	-1597.09	-1598.54	1.44732	0.1226921
420	-1597.05	-1596.95	-0.0907501	0.2054435
430	-1604.24	-1605.89	1.64893	0.1114475
440	-1587.9	-1588.61	0.716383	0.1618613
450	-1591.06	-1591.32	0.262375	0.1861876
460	-1588.1	-1588.72	0.619163	0.1670428
470	-1590.18	-1591.29	1.10906	0.1409546
480	-1599.36	-1600.88	1.52022	0.1186725
490	-1590.06	-1591.16	1.09963	0.1414581
500	-1588.09	-1588.71	0.621795	0.1669024
510	-1625.82	-1627.82	1.99939	0.09012587
520	-1594.38	-1595.73	1.34382	0.1283347
530	-1595.98	-1595.95	-0.0386055	0.2025765
540	-1610.76	-1612.54	1.78309	0.1036649
550	-1631.05	-1633.11	2.05464	0.08631909
560	-1618.67	-1620.58	1.90923	0.09597494
570	-1624.36	-1626.35	1.98254	0.09124857
580	-1612.75	-1614.57	1.8181	0.1015744
590	-1603.83	-1605.47	1.63933	0.1119936
600	-1593.18	-1593.3	0.116444	0.1941014
610	-1594.88	-1596.24	1.36448	0.1272138
620	-1588.27	-1588.85	0.576394	0.1693258
630	-1592.92	-1594.19	1.27629	0.1319854
640	-1591.53	-1592.74	1.201	0.1360335
650	-1617.08	-1616.28	-0.801501	0.245514
660	-1607.75	-1609.48	1.72543	0.1070489
670	-1617.58	-1619.48	1.89374	0.09694569
680	-1616.97	-1618.86	1.88481	0.0975013
690	-1659.85	-1662.1	2.24605	0.07001239
700	-1603.64	-1605.27	1.63462	0.1122607
710	-1588.23	-1589.11	0.883383	0.1529758
720	-1589.82	-1590.9	1.08007	0.142502
730	-1728.42	-1730.68	2.25437	0.04658416
740	-1605.56	-1607.24	1.67904	0.1097274
750	-1619.51	-1621.44	1.92088	0.09523938
760	-1591.71	-1592.92	1.21119	0.1354869
770	-1591.2	-1591.46	0.250926	0.1868064
780	-1589.3	-1590.34	1.03236	0.1450465
790	-1612.91	-1614.73	1.82079	0.1014127
800	-1607.55	-1609.27	1.72135	0.1072859
810	-1588.63	-1589.59	0.953133	0.1492651
820	-1588.55	-1589.49	0.940545	0.1499349
830	-1637.79	-1639.9	2.11474	0.0818906
840	-1590.33	-1590.66	0.322026	0.1829685
850	-1589.57	-1590.63	1.05789	0.1436853
860	-1587.91	-1588.69	0.774128	0.1587876
870	-1599.35	-1600.87	1.51993	0.1186883
880	-1590.18	-1590.51	0.335839	0.1822242
890	-1601.23	-1602.8	1.5732	0.1157208
900	-1588.01	-1588.84	0.82549	0.1560551
910	-1590.45	-1590.76	0.311988	0.1835096
920	-1597.53	-1597.41	-0.113465	0.2066953
930	-1659.99	-1658.21	-1.78113	0.3043737
940	-1594.11	-1595.44	1.3319	0.128981
950	-1617.8	-1619.7	1.89682	0.09675326
960	-1650.45	-1652.65	2.20077	0.07466387
970	-1653.25	-1655.46	2.21575	0.07322321
980	-1644.13	-1646.3	2.16185	0.07810958
990	-1591.02	-1591.28	0.265373	0.1860256
1000	-1600.17	-1601.72	1.54396	0.1173534
1010	-1589.15	-1590.17	1.01649	0.1458921
1020	-1597.83	-1599.3	1.47219	0.1213258
1030	-1603.39	-1605.02	1.6288	0.1125905
1040	-1605.77	-1605.32	-0.444681	0.2251533
1050	-1609.2	-1610.95	1.75406	0.105377
1060	-1611.72	-1611.08	-0.641984	0.2363469
1070	-1593.99	-1595.31	1.32641	0.1292779
1080	-1604.82	-1604.41	-0.410829	0.2232482
1090	-1591.87	-1593.09	1.22048	0.1349879
1100	-1591.18	-1592.35	1.17887	0.13722
1110	-1611.29	-1613.08	1.7927	0.1030937
1120	-1637.77	-1639.89	2.11464	0.0818987
1130	-1624.3	-1626.28	1.98178	0.091299
1140	-1591.9	-1592.1	0.200164	0.1895543
1150	-1609.03	-1610.78	1.75079	0.1055685
1160	-1599.56	-1599.35	-0.204274	0.2117168
1170	-1616.07	-1617.94	1.87124	0.09834046
1180	-1605.04	-1606.71	1.66748	0.1103892
1190	-1594.12	-1595.45	1.33234	0.1289568
1200	-1589.21	-1590.24	1.02308	0.1455409
1210	-1619.29	-1618.43	-0.863579	0.249111
1220	-1588.94	-1589.41	0.468443	0.1751006
1230	-1605.19	-1606.87	1.6709	0.110194
1240	-1588.34	-1589.24	0.905366	0.1518065
1250	-1606.93	-1608.63	1.70845	0.1080337
1260	-1589.25	-1590.28	1.02714	0.1453243
1270	-1603.84	-1605.48	1.63956	0.1119805
1280	-1588.71	-1589.21	0.501136	0.1733497
1290	-1594.47	-1595.82	1.34748	0.1281366
1300	-1649.52	-1651.71	2.19548	0.07515471
1310	-1590.07	-1590.42	0.345408	0.181709
1320	-1589.52	-1590.57	1.05304	0.1439439
1330	-1588.43	-1588.97	0.546755	0.1709094
1340	-1669.42	-1671.7	2.27859	0.06576694
1350	-1619.64	-1621.57	1.92263	0.0951284
1360	-1604.99	-1606.66	1.6663	0.1104571
1370	-1600.8	-1602.37	1.56168	0.1163653
1380	-1591.73	-1592.94	1.21241	0.1354216
1390	-1587.89	-1588.62	0.725098	0.1613972
1400	-1590.49	-1590.8	0.308386	0.1837038
1410	-1604.34	-1603.95	-0.393348	0.2222662
1420	-1613.96	-1615.8	1.83812	0.1003653
1430	-1587.89	-1588.63	0.74258	0.1604666
1440	-1588	-1588.83	0.822366	0.1562213
1450	-1614.09	-1615.93	1.84027	0.1002349
1460	-1588.47	-1589.01	0.53964	0.1712898
1470	-1588.64	-1589.15	0.511328	0.1728042
1480	-1588	-1588.82	0.819936	0.1563505
1490	-1587.91	-1588.61	0.699954	0.1627362
1500	-1587.92	-1588.61	0.69635	0.1629282
1510	-1588.3	-1588.87	0.570663	0.1696319
1520	-1590.26	-1591.37	1.11529	0.1406214
1530	-1600.89	-1600.63	-0.259877	0.2148057
1540	-1591.8	-1593.02	1.21666	0.135193
1550	-1588.06	-1588.69	0.629646	0.1664836
1560	-1639.38	-1641.51	2.12741	0.08090637
1570	-1596.87	-1598.31	1.43964	0.1231132
1580	-1618.86	-1620.77	1.91183	0.0958113
1590	-1589.05	-1590.06	1.00559	0.1464723
1600	-1594.89	-1596.25	1.36486	0.1271928
1610	-1624.61	-1626.6	1.98545	0.09105594
1620	-1646.46	-1648.63	2.17702	0.07680922
1630	-1648.03	-1650.22	2.18675	0.07594785
1640	-1587.98	-1588.79	0.812383	0.1567523
1650	-1613.79	-1613.09	-0.705418	0.2399795
1660	-1588.86	-1589.34	0.479751	0.1744948
1670	-1592.76	-1594.03	1.26838	0.1324118
1680	-1592.9	-1593.04	0.134016	0.1931454
1690	-1594.03	-1594.09	0.0665991	0.196818
1700	-1595.5	-1596.89	1.38908	0.1258752
1710	-1588.74	-1589.7	0.967203	0.1485163
1720	-1600.27	-1600.04	-0.234347	0.2133861
1730	-1632.32	-1634.38	2.06682	0.08544949
1740	-1698.78	-1701.09	2.30908	0.05500975
1750	-1591.08	-1592.25	1.1727	0.1375504
1760	-1588.16	-1589.03	0.869164	0.1537321
1770	-1611.53	-1613.33	1.79692	0.1028425
1780	-1596.22	-1596.17	-0.050335	0.2032206
1790	-1608.32	-1610.06	1.73693	0.106379
1800	-1587.99	-1588.65	0.657125	0.1650183
1810	-1633.39	-1635.47	2.07679	0.08472771
1820	-1589.73	-1590.81	1.07247	0.1429079
1830	-1601.59	-1603.17	1.58282	0.1151819
1840	-1593.24	-1594.53	1.29213	0.1311306
1850	-1622.99	-1624.95	1.96593	0.09234119
1860	-1650.72	-1652.93	2.20231	0.0745191
1870	-1604.82	-1606.48	1.6624	0.1106795
1880	-1605.32	-1606.99	1.67364	0.1100368
1890	-1618.9	-1620.81	1.91234	0.09577903
1900	-1602.14	-1601.83	-0.309925	0.2175955
1910	-1590.59	-1591.73	1.13945	0.1393302
1920	-1590.05	-1591.14	1.09862	0.1415118
1930	-1593.93	-1595.25	1.3238	0.129419
1940	-1588.81	-1589.3	0.485784	0.1741716
1950	-1608.65	-1610.39	1.7434	0.1060014
1960	-1587.89	-1588.63	0.741941	0.1605006
1970	-1588.26	-1589.15	0.889841	0.1526323
1980	-1589.69	-1590.76	1.06842	0.143124
1990	-1589.04	-1590.04	1.004	0.1465573
2000	-1594.23	-1595.57	1.33729	0.1286888
2010	-1591.48	-1592.68	1.1978	0.1362053
2020	-1587.92	-1588.61	0.697504	0.1628667
2030	-1589.15	-1590.16	1.01575	0.1459314
2040	-1597.74	-1599.2	1.46916	0.1214926
2050	-1640.2	-1642.34	2.1337	0.08040952
2060	-1685.39	-1687.7	2.30695	0.05955129
2070	-1605.68	-1607.36	1.6817	0.1095745
2080	-1608.97	-1608.41	-0.553856	0.2313279
2090	-1610.08	-1611.85	1.77061	0.1044033
2100	-1588.45	-1589	0.541776	0.1711756
2110	-1593.58	-1593.67	0.0925078	0.1954051
2120	-1602.41	-1604.02	1.60434	0.1139721
2130	-1613.19	-1615.02	1.8255	0.1011291
2140	-1595.86	-1597.26	1.40285	0.1251246
2150	-1587.92	-1588.7	0.780015	0.1584743
2160	-1590.43	-1591.56	1.12806	0.1399392
2170	-1588.17	-1588.77	0.601397	0.1679908
2180	-1588.58	-1589.53	0.945511	0.1496707
2190	-1616.42	-1618.3	1.87661	0.09800914
2200	-1588.8	-1589.29	0.486798	0.1741174
2210	-1590.95	-1592.12	1.16441	0.1379943
2220	-1600.91	-1602.48	1.56463	0.1162003
2230	-1641.25	-1643.39	2.14148	0.07978708
2240	-1589.05	-1589.5	0.454843	0.1758296
2250	-1619.77	-1621.69	1.92435	0.09501895
2260	-1605.32	-1607	1.67378	0.1100289
2270	-1588.1	-1588.96	0.853631	0.1545583
2280	-1633.23	-1635.31	2.07536	0.08483176
2290	-1589.24	-1590.27	1.02576	0.1453978
2300	-1588.22	-1589.1	0.881192	0.1530923
2310	-1593.03	-1593.15	0.1261	0.193576
2320	-1607.6	-1607.09	-0.508277	0.2287443
2330	-1594.26	-1595.6	1.3384	0.1286288
2340	-1614.47	-1616.32	1.8464	0.09986256
2350	-1588.2	-1589.08	0.878289	0.1532467
2360	-1661.61	-1663.86	2.25301	0.06919741
2370	-1587.93	-1588.71	0.785502	0.1581824
2380	-1588.21	-1589.08	0.87885	0.1532169
2390	-1624.21	-1626.19	1.98069	0.09137113
2400	-1597.25	-1598.71	1.45299	0.1223808
2410	-1648.27	-1650.46	2.18817	0.07582016
2420	-1603.81	-1605.45	1.63889	0.1120182
2430	-1594.08	-1594.14	0.0637313	0.1969746
2440	-1596.24	-1596.19	-0.0516367	0.2032921
2450	-1587.99	-1588.8	0.815531	0.1565849
2460	-1593.18	-1594.46	1.28894	0.1313031
2470	-1597.69	-1597.57	-0.121284	0.2071265
2480	-1596.53	-1596.46	-0.0657514	0.2040679
2490	-1613.41	-1612.71	-0.693747	0.2393099
2500	-1603.26	-1602.9	-0.352845	0.2199953
2510	-1593.95	-1595.27	1.32466	0.1293728
2520	-1591.14	-1591.4	0.255608	0.1865534
2530	-1590.81	-1591.97	1.15505	0.1384957
2540	-1638.41	-1640.53	2.1198	0.0815006
2550	-1590.33	-1591.45	1.12054	0.140341
2560	-1618.41	-1620.32	1.90557	0.09620517
2570	-1618.94	-1620.86	1.91301	0.09573701
2580	-1602.4	-1604	1.60401	0.113991
2590	-1600.54	-1602.1	1.55446	0.116768
2600	-1601.55	-1603.13	1.58182	0.1152379
2610	-1590.85	-1592.01	1.15785	0.138346
2620	-1591.92	-1592.11	0.199188	0.1896072
2630	-1618.53	-1617.69	-0.842441	0.2478843
2640	-1588.07	-1588.92	0.844789	0.1550285
2650	-1588.08	-1588.93	0.847599	0.1548791
2660	-1642.95	-1645.1	2.15367	0.07879184
2670	-1588.55	-1589.49	0.940939	0.1499139
2680	-1590.51	-1590.81	0.307092	0.1837736
2690	-1600.73	-1602.29	1.55971	0.1164751
2700	-1588.28	-1588.85	0.57618	0.1693372
2710	-1598.56	-1600.05	1.49552	0.1200392
2720	-1589.71	-1590.09	0.380617	0.1798146
2730	-1603.27	-1604.9	1.62584	0.1127581
2740	-1621.94	-1623.9	1.95285	0.09319175
2750	-1597.4	-1598.85	1.45782	0.1221158
2760	-1643.57	-1645.73	2.15803	0.07842997
2770	-1616.48	-1618.36	1.87746	0.0979565
2780	-1694.33	-1696.64	2.31039	0.05646117
2790	-1628.21	-1630.24	2.02568	0.08834028
2800	-1588.66	-1589.62	0.956722	0.1490741
2810	-1606.53	-1608.23	1.70007	0.1085176
2820	-1589.82	-1590.9	1.08021	0.1424949
2830	-1645.04	-1647.21	2.16792	0.07759471
2840	-1588.21	-1588.8	0.589692	0.1686157
2850	-1591.93	-1593.16	1.22408	0.1347948
2860	-1595.32	-1596.7	1.38229	0.1262448
2870	-1594.84	-1596.21	1.36299	0.1272946
2880	-1595.46	-1595.45	-0.0118725	0.20111
2890	-1597.84	-1599.31	1.47266	0.1213001
2900	-1611.83	-1613.63	1.80224	0.1025249
2910	-1598.35	-1599.83	1.48891	0.1204045
2920	-1592.59	-1592.75	0.153644	0.1920786
2930	-1608.98	-1608.43	-0.554316	0.231354
2940	-1590.62	-1591.76	1.14174	0.1392077
2950	-1588.31	-1589.21	0.900153	0.1520838
2960	-1591.31	-1592.49	1.1871	0.136779
2970	-1587.97	-1588.64	0.663071	0.1647014
2980	-1587.89	-1588.62	0.729757	0.1611492
2990	-1594.45	-1594.49	0.0427993	0.1981178
3000	-1602.21	-1603.81	1.59917	0.1142636
3010	-1593.32	-1593.42	0.108471	0.1945355
3020	-1598.32	-1599.81	1.48823	0.1204416
3030	-1587.99	-1588.81	0.818388	0.1564328
3040	-1591.45	-1592.65	1.19604	0.1362996
3050	-1627.95	-1629.98	2.02294	0.08852805
3060	-1590.04	-1591.13	1.09787	0.1415522
3070	-1593.81	-1595.13	1.31855	0.1297033
3080	-1619.28	-1621.2	1.91773	0.09543846
3090	-1598.94	-1600.44	1.50733	0.1193865
3100	-1659.29	-1661.53	2.24374	0.07027514
3110	-1595.69	-1597.09	1.39674	0.1254582
3120	-1595.8	-1597.2	1.4006	0.1252476
3130	-1589.82	-1590.19	0.369404	0.1804176
3140	-1590.98	-1591.24	0.268709	0.1858454
3150	-1600.36	-1601.91	1.5494	0.1170504
3160	-1642.72	-1644.87	2.1521	0.07892102
3170	-1590.04	-1591.14	1.09855	0.1415155
3180	-1602.81	-1604.42	1.61435	0.1134078
3190	-1590.35	-1591.47	1.12203	0.1402616
3200	-1615.06	-1616.91	1.85565	0.09929777
3210	-1594.78	-1596.14	1.3603	0.1274407
3220	-1596.87	-1598.31	1.43957	0.1231173
3230	-1600.26	-1601.81	1.54649	0.1172124
3240	-1588.96	-1589.96	0.995013	0.1470357
3250	-1645.49	-1647.66	2.17081	0.07734748
3260	-1602.16	-1603.76	1.59793	0.1143333
3270	-1594.97	-1594.98	0.0143644	0.1996729
3280	-1588.9	-1589.38	0.473263	0.1748424
3290	-1657.2	-1659.43	2.23469	0.07127339
3300	-1634.74	-1636.83	2.08894	0.08383625
3310	-1676.74	-1679.03	2.29534	0.06279787
3320	-1590.64	-1591.78	1.14326	0.1391265
3330	-1616.1	-1615.32	-0.773242	0.2438821
3340	-1591.96	-1592.15	0.196346	0.1897613
3350	-1588.22	-1589.1	0.880924	0.1531066
3360	-1590.59	-1591.73	1.13992	0.139305
3370	-1591.73	-1591.94	0.212552	0.1888831
3380	-1600.93	-1602.5	1.56526	0.1161652
3390	-1590.91	-1591.18	0.274044	0.1855572
3400	-1657.02	-1659.25	2.23388	0.07135961
3410	-1597.41	-1597.31	-0.108237	0.206407
3420	-1638.63	-1640.75	2.12148	0.08136955
3430	-1596.46	-1597.88	1.42504	0.1239127
3440	-1609.74	-1611.5	1.7643	0.1047748
3450	-1597.54	-1597.43	-0.114101	0.2067303
3460	-1591.19	-1592.37	1.17995	0.137162
3470	-1592.03	-1593.26	1.22969	0.1344935
3480	-1613.19	-1615.02	1.8255	0.1011288
3490	-1612.05	-1613.85	1.80601	0.1022998
3500	-1655.74	-1657.97	2.22798	0.07198295
3510	-1606.86	-1608.56	1.707	0.1081174
3520	-1595.16	-1595.16	0.00409135	0.2002353
3530	-1590.96	-1592.12	1.16487	0.1379701
3540	-1598.89	-1600.4	1.50607	0.1194564
3550	-1588.49	-1589.42	0.931372	0.150423
3560	-1610.02	-1611.79	1.76948	0.1044699
3570	-1600.6	-1602.15	1.55594	0.1166856
3580	-1588.31	-1588.88	0.569268	0.1697064
3590	-1597.61	-1599.07	1.46492	0.1217257
3600	-1590.09	-1591.19	1.10234	0.1413133
3610	-1596.58	-1598.01	1.42944	0.1236721
3620	-1604.49	-1606.14	1.65474	0.111117
3630	-1588.88	-1589.86	0.984882	0.1475751
3640	-1595	-1596.37	1.36952	0.1269396
3650	-1594.19	-1594.24	0.0574762	0.197316
3660	-1618.67	-1620.58	1.90917	0.09597903
3670	-1588.27	-1588.85	0.577065	0.16929
3680	-1595.07	-1595.08	0.00903925	0.1999644
3690	-1588.49	-1589.03	0.535088	0.1715332
3700	-1592.42	-1593.68	1.25098	0.1333484
3710	-1595.69	-1597.09	1.39669	0.1254607
3720	-1587.9	-1588.65	0.755702	0.1597681
3730	-1620.48	-1622.41	1.93388	0.09441216
3740	-1614.19	-1616.03	1.84181	0.1001414
3750	-1620.02	-1621.95	1.92778	0.09480101
3760	-1667.81	-1670.09	2.27399	0.06645047
3770	-1621.55	-1623.5	1.94786	0.09351452
3780	-1595.07	-1596.44	1.37229	0.126789
3790	-1595.18	-1596.56	1.37682	0.1265429
3800	-1587.92	-1588.61	0.697717	0.1628554
3810	-1588.56	-1589.5	0.942126	0.1498508
3820	-1589.07	-1590.07	1.007	0.1463972
3830	-1595.57	-1596.96	1.392	0.1257163
3840	-1588.06	-1588.9	0.840399	0.1552621
3850	-1594.84	-1594.86	0.0214804	0.1992835
3860	-1587.91	-1588.61	0.703237	0.1625614
3870	-1596.86	-1598.3	1.43948	0.123122
3880	-1620.12	-1622.05	1.9291	0.09471686
3890	-1590.17	-1591.28	1.10844	0.1409878
3900	-1664.26	-1666.52	2.26262	0.06800156
3910	-1592.12	-1593.35	1.23438	0.1342414
3920	-1635.55	-1637.65	2.09604	0.08330791
3930	-1610	-1611.77	1.76918	0.1044871
3940	-1590.33	-1591.45	1.12069	0.1403332
3950	-1624.41	-1626.39	1.98309	0.09121228
3960	-1600.81	-1602.37	1.5618	0.1163588
3970	-1699.99	-1702.3	2.30839	0.05462554
3980	-1598.98	-1598.8	-0.179204	0.2103277
3990	-1599.21	-1600.72	1.51563	0.1189268
4000	-1589.94	-1591.03	1.08997	0.1419739
4010	-1589.28	-1590.31	1.03029	0.1451565
4020	-1630.36	-1632.41	2.04777	0.08680426
4030	-1652.93	-1655.14	2.21411	0.0733848
4040	-1611.09	-1612.88	1.78915	0.1033048
4050	-1641.11	-1643.25	2.1405	0.07986567
4060	-1601.18	-1602.75	1.57193	0.115792
4070	-1599.5	-1601.03	1.52437	0.1184421
4080	-1606.4	-1608.09	1.69722	0.1086821
4090	-1591.9	-1593.12	1.22208	0.1349022
4100	-1612.43	-1614.24	1.81255	0.101908
4110	-1614.56	-1616.41	1.84776	0.09977916
4120	-1589.6	-1590.67	1.06101	0.1435189
4130	-1587.9	-1588.61	0.714892	0.1619407
4140	-1592.3	-1593.55	1.2446	0.1336917
4150	-1608.07	-1609.81	1.73197	0.1066684
4160	-1592.61	-1593.87	1.26068	0.1328262
4170	-1593.1	-1594.38	1.28516	0.1315072
4180	-1635.83	-1634.55	-1.27724	0.2735233
4190	-1590.98	-1591.25	0.268054	0.1858808
4200	-1588.94	-1589.94	0.992884	0.1471491
4210	-1592.67	-1592.82	0.148604	0.1923524
4220	-1595.57	-1596.96	1.39179	0.1257277
4230	-1616.02	-1617.89	1.87046	0.09838877
4240	-1609.82	-1611.58	1.76573	0.104691
4250	-1607.23	-1608.94	1.71475	0.1076692
4260	-1590.66	-1591.8	1.14433	0.1390693
4270	-1598.23	-1599.71	1.48508	0.1206156
4280	-1680.26	-1682.56	2.30109	0.06144465
4290	-1620.18	-1622.11	1.92993	0.09466435
4300	-1606.35	-1608.05	1.69635	0.1087319
4310	-1627.64	-1629.66	2.01958	0.08875853
4320	-1587.92	-1588.61	0.69155	0.1631839
4330	-1588.61	-1589.56	0.950151	0.1494238
4340	-1595.61	-1595.59	-0.0192334	0.2015135
4350	-1591.32	-1591.56	0.242318	0.187272
4360	-1620.95	-1620.04	-0.908652	0.2517332
4370	-1612.23	-1614.04	1.80916	0.1021108
4380	-1678.68	-1680.98	2.2987	0.06204455
4390	-1589.63	-1590.69	1.0634	0.1433916
4400	-1602.11	-1603.7	1.59653	0.1144119
4410	-1603.17	-1604.79	1.62332	0.1129009
4420	-1603.17	-1604.79	1.62332	0.1129008
4430	-1589.57	-1589.96	0.395262	0.1790275
4440	-1588.49	-1589.02	0.536118	0.1714781
4450	-1587.9	-1588.65	0.755274	0.1597909
4460	-1616.18	-1618.05	1.87292	0.09823722
4470	-1593.62	-1594.93	1.31003	0.1301643
4480	-1592.27	-1593.51	1.24257	0.1338009
4490	-1588.76	-1589.73	0.969798	0.1483782
4500	-1621.39	-1623.33	1.94573	0.09365151
4510	-1589.49	-1590.55	1.05084	0.1440613
4520	-1589.34	-1590.37	1.03555	0.1448763
4530	-1590.06	-1591.16	1.09983	0.1414474
4540	-1651.26	-1653.47	2.20526	0.07423968
4550	-1592.01	-1593.24	1.22833	0.1345663
4560	-1592.91	-1594.19	1.27613	0.131994
4570	-1600.04	-1601.58	1.54026	0.1175595
4580	-1589.98	-1591.07	1.09322	0.1418005
4590	-1600.87	-1600.61	-0.259068	0.2147607
4600	-1588.21	-1588.8	0.589732	0.1686136
4610	-1608.02	-1609.75	1.73087	0.1067327
4620	-1601.77	-1603.35	1.58761	0.1149133
4630	-1609.02	-1610.77	1.75051	0.1055854
4640	-1588.03	-1588.67	0.640791	0.1658892
4650	-1591.31	-1592.5	1.18751	0.1367571
4660	-1590.12	-1591.22	1.10433	0.1412071
4670	-1653.14	-1655.35	2.2152	0.07327791
4680	-1605.17	-1606.84	1.67027	0.1102299
4690	-1607.11	-1608.82	1.7122	0.1078165
4700	-1616.64	-1618.52	1.87986	0.0978079
4710	-1599.99	-1599.76	-0.222412	0.2127232
4720	-1589.91	-1590.27	0.361089	0.1808649
4730	-1588.37	-1588.92	0.558016	0.1703076
4740	-1588.24	-1588.82	0.584274	0.168905
4750	-1595.46	-1596.84	1.38756	0.1259579
4760	-1589.8	-1590.18	0.371175	0.1803224
4770	-1590.22	-1591.33	1.11214	0.1407898
4780	-1602.65	-1604.26	1.61026	0.1136387
4790	-1596.46	-1597.89	1.42524	0.1239016
4800	-1657.92	-1660.16	2.23789	0.07092651
4810	-1657.65	-1659.88	2.2367	0.07105618
4820	-1627.65	-1626.57	-1.08225	0.2619177
4830	-1622.02	-1623.98	1.9539	0.09312385
4840	-1637.88	-1639.99	2.11548	0.08183409
4850	-1587.9	-1588.67	0.763613	0.1593471
4860	-1593.95	-1594.02	0.0711158	0.1965716
4870	-1587.89	-1588.62	0.723578	0.1614782
4880	-1588.48	-1589.41	0.930421	0.1504736
4890	-1607.8	-1609.53	1.72653	0.1069852
4900	-1620.31	-1622.25	1.93166	0.09455388
4910	-1587.95	-1588.63	0.673686	0.1641357
4920	-1665.65	-1667.92	2.26728	0.06738647
4930	-1604.99	-1606.66	1.66638	0.1104526
4940	-1678.53	-1680.83	2.29845	0.06210297
4950	-1623.94	-1625.92	1.9775	0.09158198
4960	-1593.12	-1593.24	0.120602	0.1938751
4970	-1588.17	-1589.04	0.870332	0.15367
4980	-1595.07	-1596.44	1.37226	0.1267909
4990	-1597.09	-1598.54	1.44745	0.1226851
5000	-1642.36	-1644.51	2.14955	0.07913124
5010	-1590.2	-1591.31	1.11108	0.1408468
5020	-1591.17	-1592.34	1.17828	0.1372519
5030	-1589.15	-1590.17	1.01648	0.1458926
5040	-1588.28	-1589.17	0.894418	0.1523888
5050	-1587.89	-1588.63	0.738811	0.1606672
5060	-1609.09	-1610.84	1.75186	0.1055057
5070	-1611.72	-1613.52	1.80021	0.102646
5080	-1613.91	-1615.75	1.83732	0.1004142
5090	-1587.92	-1588.61	0.696437	0.1629235
5100	-1630.22	-1632.27	2.04642	0.08689884
5110	-1643.89	-1646.05	2.16018	0.07824947
5120	-1592.09	-1593.33	1.23319	0.1343054
5130	-1587.97	-1588.78	0.809679	0.1568961
5140	-1592.73	-1592.87	0.145066	0.1925447
5150	-1591.14	-1592.32	1.17689	0.1373263
5160	-1593.17	-1593.28	0.117572	0.19404
5170	-1660.88	-1659.08	-1.79823	0.3054428
5180	-1587.93	-1588.62	0.68522	0.1635211
5190	-1609.68	-1611.44	1.76318	0.1048409
5200	-1592.7	-1593.97	1.26554	0.1325646
5210	-1614.08	-1615.92	1.83999	0.1002519
5220	-1592.99	-1593.12	0.128336	0.1934543
5230	-1608.85	-1610.6	1.74734	0.1057709
5240	-1587.9	-1588.61	0.713034	0.1620396
5250	-1591.55	-1591.77	0.225492	0.1881824
5260	-1598.85	-1600.36	1.50484	0.1195245
5270	-1588.73	-1589.7	0.966287	0.148565
5280	-1629.07	-1631.1	2.03464	0.08772107
5290	-1588.73	-1589.69	0.966131	0.1485733
5300	-1594.79	-1594.81	0.023948	0.1991485
5310	-1588.02	-1588.67	0.643335	0.1657535
5320	-1618.68	-1620.59	1.90929	0.09597149
5330	-1625.56	-1627.55	1.99642	0.09032474
5340	-1649.61	-1651.8	2.196	0.07510652
5350	-1600.89	-1602.45	1.56395	0.1162384
5360	-1640.14	-1638.76	-1.37413	0.2793573
5370	-1588.76	-1589.73	0.970419	0.1483451
5380	-1594.62	-1594.66	0.0329502	0.1986561
5390	-1617.16	-1619.05	1.8876	0.09732769
5400	-1660.26	-1662.51	2.24772	0.06981967
5410	-1605.33	-1607	1.67391	0.1100213
5420	-1587.95	-1588.75	0.800879	0.1573643
5430	-1615.96	-1617.83	1.86961	0.0984412
5440	-1600.88	-1602.45	1.56382	0.1162457
5450	-1596.53	-1597.96	1.42768	0.1237684
5460	-1589.39	-1590.43	1.04047	0.1446139
5470	-1602.36	-1603.97	1.60311	0.1140417
5480	-1595.87	-1597.28	1.40358	0.125085
5490	-1590.33	-1591.45	1.12053	0.1403417
5500	-1597.95	-1599.43	1.47624	0.1211025
5510	-1601.22	-1602.8	1.57315	0.115724
5520	-1590.76	-1591.04	0.286093	0.1849066
5530	-1589.47	-1590.52	1.04879	0.1441705
5540	-1594.07	-1595.4	1.33028	0.1290686
5550	-1595.47	-1596.86	1.38801	0.1259338
5560	-1591.97	-1593.19	1.22608	0.1346875
5570	-1591.02	-1591.29	0.265158	0.1860373
5580	-1595.45	-1596.84	1.38742	0.1259656
5590	-1620.06	-1621.98	1.9282	0.09477425
5600	-1614.77	-1616.63	1.85118	0.09957103
5610	-1654.77	-1657	2.22337	0.07245824
5620	-1704.23	-1706.53	2.30488	0.05330799
5630	-1645.91	-1648.08	2.17356	0.07711054
5640	-1601.28	-1602.85	1.57454	0.1156459
5650	-1606.3	-1605.83	-0.463323	0.2262044
5660	-1597.68	-1599.15	1.46736	0.1215914
5670	-1607.79	-1607.28	-0.514682	0.2291069
5680	-1654.45	-1656.67	2.2218	0.07261791
5690	-1671.82	-1674.1	2.28482	0.06476894
5700	-1594.76	-1594.79	0.0252988	0.1990746
5710	-1607.39	-1609.11	1.71813	0.1074731
5720	-1617.25	-1619.13	1.8888	0.09725306
5730	-1588.08	-1588.71	0.623972	0.1667863
5740	-1591.03	-1592.2	1.16925	0.1377354
5750	-1599.47	-1601	1.52356	0.1184872
5760	-1595.92	-1597.33	1.4054	0.1249856
5770	-1618.3	-1617.47	-0.836044	0.2475135
5780	-1588.86	-1589.34	0.479128	0.1745282
5790	-1595.37	-1596.76	1.38428	0.1261368
5800	-1591.94	-1593.16	1.22431	0.1347824
5810	-1588.06	-1588.9	0.84071	0.1552455
5820	-1594.34	-1595.68	1.34196	0.1284355
5830	-1590.69	-1591.84	1.14659	0.1389482
5840	-1588.21	-1588.8	0.590282	0.1685842
5850	-1618.97	-1620.89	1.91342	0.09571117
5860	-1588.02	-1588.85	0.828639	0.1558876
5870	-1592.26	-1592.44	0.175663	0.190883
5880	-1650.43	-1652.63	2.20069	0.0746712
5890	-1654.05	-1656.27	2.21979	0.07282022
5900	-1593.63	-1594.94	1.31027	0.1301509
5910	-1593.49	-1594.8	1.30397	0.1304913
5920	-1599.76	-1599.55	-0.212762	0.2121876
5930	-1588.2	-1588.79	0.59263	0.1684588
5940	-1676.25	-1678.54	2.29443	0.06298911
5950	-1628.19	-1630.21	2.02543	0.08835748
5960	-1614.04	-1615.88	1.83944	0.1002853
5970	-1601.19	-1600.92	-0.272101	0.2154863
5980	-1618.64	-1620.55	1.90879	0.09600253
5990	-1605.64	-1605.2	-0.440308	0.224907
6000	-1604.36	-1606.01	1.65174	0.1112875
6010	-1598.33	-1599.82	1.48842	0.1204312
6020	-1587.99	-1588.64	0.658071	0.1649679
6030	-1666.04	-1668.3	2.26852	0.06721862
6040	-1590.64	-1591.78	1.14297	0.1391418
6050	-1595.75	-1597.15	1.3989	0.1253402
6060	-1627.02	-1629.03	2.01278	0.08922175
6070	-1592	-1593.23	1.22799	0.1345847
6080	-1651.2	-1653.4	2.2049	0.07427376
6090	-1613.01	-1614.83	1.82243	0.1013141
6100	-1587.95	-1588.63	0.67288	0.1641786
6110	-1588.97	-1589.43	0.465129	0.1752783
6120	-1595.42	-1595.41	-0.009728	0.2009924
6130	-1591.72	-1591.93	0.212898	0.1888644
6140	-1591.26	-1592.45	1.18434	0.1369272
6150	-1593.65	-1594.97	1.31148	0.1300857
6160	-1615.68	-1617.55	1.86533	0.09870455
6170	-1602.43	-1604.03	1.60471	0.1139515
6180	-1604.69	-1606.35	1.65952	0.1108444
6190	-1665.63	-1667.9	2.26721	0.0673959
6200	-1589.15	-1590.17	1.01651	0.1458909
6210	-1588.23	-1589.11	0.8837	0.152959
6220	-1588.25	-1589.14	0.888206	0.1527193
6230	-1588.03	-1588.67	0.639711	0.1659468
6240	-1590.49	-1590.8	0.308788	0.1836822
6250	-1601.94	-1603.53	1.59217	0.1146573
6260	-1593.54	-1594.85	1.30629	0.1303661
6270	-1589.2	-1590.22	1.02161	0.1456193
6280	-1614.72	-1616.57	1.85035	0.09962152
6290	-1588.84	-1589.82	0.980379	0.1478149
6300	-1593.56	-1594.86	1.30699	0.1303283
6310	-1644.17	-1646.33	2.16206	0.07809167
6320	-1597.6	-1599.07	1.46474	0.1217353
6330	-1608.28	-1610.01	1.73603	0.1064315
6340	-1641.51	-1643.65	2.14342	0.07963019
6350	-1590.09	-1590.43	0.344213	0.1817733
6360	-1600.44	-1600.2	-0.241342	0.2137748
6370	-1617.78	-1619.68	1.89655	0.09677014
6380	-1601.57	-1601.28	-0.287256	0.2163308
6390	-1601.49	-1601.2	-0.283991	0.2161488
6400	-1587.96	-1588.76	0.801586	0.1573267
6410	-1592.29	-1593.54	1.24393	0.1337278
6420	-1600.98	-1602.55	1.56654	0.1160939
6430	-1591.35	-1592.54	1.18993	0.1366273
6440	-1587.89	-1588.62	0.730314	0.1611195
6450	-1593.05	-1593.17	0.124964	0.1936378
6460	-1607.87	-1607.35	-0.517161	0.2292473
6470	-1630.39	-1629.24	-1.14934	0.2658907
6480	-1588.69	-1589.65	0.960768	0.1488588
6490	-1599.84	-1601.37	1.53427	0.1178925
6500	-1591.56	-1591.79	0.224261	0.1882491
6510	-1587.89	-1588.63	0.741481	0.1605251
6520	-1596.47	-1597.9	1.42555	0.1238845
6530	-1599.18	-1599	-0.188065	0.2108184
6540	-1588.61	-1589.13	0.51508	0.1726034
6550	-1593.4	-1594.7	1.2998	0.1307168
6560	-1603.81	-1605.45	1.63887	0.1120193
6570	-1661.17	-1663.42	2.25129	0.06940151
6580	-1640.38	-1642.51	2.13502	0.08030414
6590	-1594.33	-1595.67	1.34139	0.1284664
6600	-1596.29	-1597.71	1.419	0.1242427
6610	-1595.13	-1596.5	1.37449	0.1266696
6620	-1605.47	-1607.15	1.67715	0.109836
6630	-1592.09	-1593.33	1.23305	0.1343126
6640	-1590.94	-1592.1	1.16357	0.1380393
6650	-1607.19	-1608.9	1.71387	0.1077197
6660	-1587.9	-1588.61	0.711038	0.1621459
6670	-1592.6	-1592.75	0.153347	0.1920947
6680	-1618.07	-1619.97	1.90065	0.09651383
6690	-1613.3	-1615.13	1.82723	0.1010246
6700	-1613.53	-1615.36	1.8311	0.1007909
6710	-1612.7	-1614.52	1.81717	0.1016304
6720	-1647.19	-1649.37	2.18158	0.07640838
6730	-1621.82	-1623.77	1.9513	0.09329197
6740	-1616.01	-1617.88	1.87038	0.09839393
6750	-1595.02	-1596.39	1.37004	0.1269114
6760	-1588.55	-1589.49	0.940276	0.1499492
6770	-1607.26	-1608.97	1.71535	0.1076343
6780	-1591.46	-1592.65	1.19641	0.1362798
6790	-1588.59	-1589.11	0.518159	0.1724387
6800	-1594.37	-1594.42	0.0470674	0.1978846
6810	-1597.12	-1598.57	1.44844	0.1226308
6820	-1592.24	-1592.42	0.177001	0.1908104
6830	-1605.31	-1606.98	1.67346	0.1100471
6840	-1664.65	-1666.91	2.26395	0.0678287
6850	-1630.49	-1632.54	2.04907	0.08671258
6860	-1590.7	-1590.99	0.290817	0.1846516
6870	-1590.44	-1591.57	1.12914	0.1398817
6880	-1622.64	-1624.6	1.96159	0.09262431
6890	-1688.9	-1691.21	2.3093	0.05830749
6900	-1636.38	-1638.48	2.10313	0.08277566
6910	-1593.03	-1594.31	1.28195	0.1316803
6920	-1696.93	-1699.24	2.30986	0.05560607
6930	-1629.35	-1631.38	2.03751	0.08752178
6940	-1607.5	-1609.22	1.72033	0.1073454
6950	-1603.12	-1604.75	1.62214	0.1129673
6960	-1590.14	-1590.48	0.339645	0.1820193
6970	-1632.19	-1634.25	2.06559	0.08553731
6980	-1588.15	-1588.75	0.606267	0.1677309
6990	-1587.89	-1588.63	0.73839	0.1606896
7000	-1589.43	-1590.47	1.04458	0.144395
7010	-1597.94	-1597.81	-0.132547	0.2077482
7020	-1588.17	-1589.04	0.870154	0.1536794
7030	-1587.94	-1588.62	0.680322	0.1637821
7040	-1636.91	-1639.01	2.10752	0.08244329
7050	-1683.55	-1685.85	2.30518	0.06022171
7060	-1633.12	-1635.2	2.07435	0.08490541
7070	-1588.74	-1589.24	0.4961	0.1736193
7080	-1598.61	-1600.11	1.49736	0.1199379
7090	-1595.46	-1595.45	-0.0118032	0.2011062
7100	-1593.36	-1594.65	1.29755	0.1308381
7110	-1588.75	-1589.72	0.969483	0.1483949
7120	-1587.92	-1588.69	0.776511	0.1586608
7130	-1589.5	-1589.9	0.402653	0.1786304
7140	-1629.62	-1631.66	2.04033	0.08732562
7150	-1588.23	-1588.82	0.585718	0.1688279
7160	-1620.84	-1619.93	-0.905704	0.2515614
7170	-1592.57	-1592.73	0.155235	0.1919921
7180	-1596.67	-1598.1	1.43261	0.1234983
7190	-1589.93	-1590.29	0.359259	0.1809634
7200	-1588.05	-1588.88	0.836684	0.1554596
7210	-1589.61	-1590.67	1.06144	0.1434959
7220	-1609.77	-1611.53	1.76484	0.1047435
7230	-1620.57	-1622.51	1.93511	0.09433305
7240	-1605.4	-1604.97	-0.431712	0.224423
7250	-1591.91	-1593.13	1.22276	0.1348656
7260	-1588.21	-1588.8	0.590047	0.1685967
7270	-1589.75	-1590.12	0.377068	0.1800054
7280	-1633.65	-1635.73	2.07921	0.0845513
7290	-1590.88	-1592.04	1.15939	0.1382635
7300	-1607.83	-1609.55	1.727	0.1069579
7310	-1591.8	-1593.01	1.21634	0.1352102
7320	-1598.41	-1599.9	1.49081	0.1202991
7330	-1602.13	-1603.72	1.59702	0.1143845
7340	-1591.92	-1593.14	1.22325	0.1348392
7350	-1588.18	-1588.78	0.597545	0.1681964
7360	-1587.97	-1588.63	0.666836	0.1645008
7370	-1601.47	-1603.05	1.57966	0.1153594
7380	-1588.09	-1588.94	0.849332	0.1547869
7390	-1592.87	-1593.01	0.135877	0.1930442
7400	-1588.1	-1588.72	0.619914	0.1670027
7410	-1588.31	-1588.88	0.568725	0.1697354
7420	-1603.79	-1603.42	-0.37305	0.2211274
7430	-1594.41	-1595.75	1.34471	0.1282866
7440	-1594.81	-1594.84	0.0226082	0.1992218
7450	-1592.86	-1594.14	1.27355	0.132133
7460	-1612.37	-1614.18	1.81157	0.1019669
7470	-1595.32	-1595.31	-0.00413677	0.200686
7480	-1601.71	-1603.29	1.58608	0.1149994
7490	-1594.36	-1595.7	1.34281	0.1283898
7500	-1606.41	-1608.11	1.69758	0.1086613
7510	-1607.6	-1609.32	1.72232	0.10723
7520	-1605.77	-1607.45	1.68363	0.1094638
7530	-1615.58	-1617.44	1.86371	0.09880418
7540	-1588.15	-1588.76	0.604904	0.1678037
7550	-1590.02	-1591.12	1.09679	0.1416095
7560	-1609.1	-1610.86	1.7522	0.1054862
7570	-1604.46	-1604.06	-0.397676	0.2225092
7580	-1587.91	-1588.61	0.699832	0.1627427
7590	-1588.36	-1589.27	0.910064	0.1515566
7600	-1588.37	-1589.28	0.910514	0.1515327
7610	-1595.58	-1596.97	1.39221	0.1257048
7620	-1682.4	-1684.7	2.30389	0.06064477
7630	-1592.01	-1593.24	1.22858	0.1345532
7640	-1621.89	-1623.84	1.95214	0.09323795
7650	-1591.24	-1592.42	1.18272	0.1370137
7660	-1589.18	-1589.62	0.438837	0.176688
7670	-1588.3	-1588.87	0.57196	0.1695626
7680	-1595.24	-1596.62	1.37914	0.1264162
7690	-1618	-1619.9	1.89966	0.09657582
7700	-1597.56	-1599.02	1.4633	0.1218144
7710	-1587.9	-1588.61	0.707904	0.1623128
7720	-1605.34	-1607.01	1.67407	0.1100125
7730	-1589.18	-1589.62	0.437953	0.1767354
7740	-1588	-1588.65	0.65131	0.1653283
7750	-1589.74	-1590.81	1.07294	0.1428826
7760	-1597.77	-1597.64	-0.124552	0.2073069
7770	-1591	-1592.17	1.16745	0.1378317
7780	-1596.87	-1598.31	1.43964	0.1231135
7790	-1590.14	-1591.25	1.10646	0.1410935
7800	-1598.34	-1599.83	1.48884	0.120408
7810	-1594.19	-1595.52	1.33533	0.1287951
7820	-1591.03	-1592.2	1.16929	0.1377334
7830	-1670.84	-1673.13	2.28237	0.06517204
7840	-1598.1	-1599.58	1.48101	0.1208401
7850	-1607.34	-1609.06	1.71714	0.1075303
7860	-1617.81	-1619.7	1.89695	0.09674538
7870	-1600.41	-1601.96	1.55065	0.1169804
7880	-1591.44	-1592.63	1.19509	0.1363508
7890	-1592.61	-1593.87	1.26087	0.1328163
7900	-1594.76	-1596.11	1.3594	0.1274895
7910	-1641.77	-1643.91	2.14529	0.07947837
7920	-1619.65	-1618.78	-0.873438	0.2496838
7930	-1588.82	-1589.3	0.485205	0.1742027
7940	-1628.12	-1630.15	2.02473	0.08840512
7950	-1630.67	-1632.72	2.05083	0.08658856
7960	-1587.94	-1588.73	0.791083	0.1578855
7970	-1589.1	-1589.55	0.447611	0.1762174
7980	-1602.05	-1603.65	1.59506	0.1144947
7990	-1649.11	-1651.3	2.19313	0.07537071
8000	-1589.65	-1590.72	1.06513	0.1432993
8010	-1601.72	-1601.42	-0.293158	0.2166598
8020	-1594.14	-1595.47	1.33311	0.128915
8030	-1616.24	-1615.46	-0.777464	0.2441258
8040	-1615.71	-1617.57	1.86573	0.09867989
8050	-1602.28	-1603.88	1.60103	0.1141587
8060	-1600.73	-1602.29	1.55964	0.1164789
8070	-1614.72	-1616.57	1.85032	0.09962328
8080	-1601.97	-1601.67	-0.303249	0.2172228
8090	-1587.94	-1588.62	0.680855	0.1637537
8100	-1588.2	-1588.79	0.593331	0.1684214
8110	-1589.03	-1589.48	0.457476	0.1756885
8120	-1587.94	-1588.62	0.681808	0.1637029
8130	-1592.15	-1592.34	0.182802	0.1904957
8140	-1627.68	-1626.6	-1.083	0.2619619
8150	-1588.22	-1589.11	0.882621	0.1530164
8160	-1615.61	-1617.47	1.86422	0.09877271
8170	-1596.94	-1598.38	1.4422	0.1229731
8180	-1588.22	-1588.81	0.588688	0.1686693
8190	-1617.69	-1619.58	1.89522	0.09685303
8200	-1591.18	-1592.36	1.17917	0.1372038
8210	-1610.87	-1612.65	1.78507	0.1035471
8220	-1620.39	-1622.33	1.93274	0.0944848
8230	-1606.62	-1608.32	1.70199	0.1084067
8240	-1625.96	-1627.96	2.00103	0.09001574
8250	-1603.86	-1605.5	1.63998	0.1119565
8260	-1658.22	-1660.46	2.23921	0.0707816
8270	-1587.89	-1588.62	0.726633	0.1613155
8280	-1607.91	-1609.64	1.72863	0.1068631
8290	-1619	-1618.14	-0.855365	0.2486341
8300	-1597.11	-1598.56	1.44814	0.1226471
8310	-1587.96	-1588.76	0.803918	0.1572026
8320	-1614.57	-1616.42	1.84791	0.0997702
8330	-1618.14	-1620.04	1.90171	0.09644737
8340	-1591.62	-1591.84	0.220164	0.1884709
8350	-1601	-1602.57	1.56704	0.1160654
8360	-1588.85	-1589.83	0.981259	0.147768
8370	-1588.31	-1588.88	0.569662	0.1696854
8380	-1588.23	-1589.11	0.883777	0.1529549
8390	-1591.74	-1592.96	1.21339	0.1353686
8400	-1599.34	-1600.86	1.51955	0.1187098
8410	-1591.09	-1592.27	1.17367	0.1374986
8420	-1611.07	-1612.86	1.7888	0.1033259
8430	-1588.37	-1588.92	0.558004	0.1703082
8440	-1588.66	-1589.62	0.956812	0.1490693
8450	-1610.47	-1612.24	1.77777	0.1039796
8460	-1595.18	-1596.55	1.37652	0.1265588
8470	-1592.37	-1593.61	1.24791	0.1335136
8480	-1618.43	-1620.34	1.90585	0.09618782
8490	-1588.51	-1589.04	0.532364	0.1716789
8500	-1601.26	-1602.84	1.57418	0.1156664
8510	-1588.32	-1589.22	0.90235	0.1519669
8520	-1640.59	-1642.73	2.13664	0.08017565
8530	-1587.92	-1588.61	0.691382	0.1631928
8540	-1626.77	-1628.78	2.0101	0.08940345
8550	-1675.13	-1677.42	2.29223	0.06343152
8560	-1613.11	-1614.94	1.8241	0.1012131
8570	-1593.01	-1594.29	1.28085	0.1317395
8580	-1636.59	-1638.7	2.10491	0.08264108
8590	-1588.43	-1589.35	0.921265	0.1509607
8600	-1616.4	-1618.27	1.87621	0.09803422
8610	-1592.99	-1593.12	0.128279	0.1934574
8620	-1592.55	-1593.81	1.25764	0.1329898
8630	-1589.93	-1591.02	1.08946	0.142001
8640	-1590.78	-1591.94	1.15314	0.138598
8650	-1588.2	-1588.79	0.592844	0.1684474
8660	-1613.32	-1615.15	1.8276	0.1010019
8670	-1607.11	-1608.83	1.71236	0.1078076
8680	-1594.5	-1595.85	1.34863	0.1280737
8690	-1587.9	-1588.61	0.71611	0.1618758
8700	-1614.07	-1613.36	-0.713784	0.2404598
8710	-1590.54	-1591.68	1.13614	0.139507
8720	-1591	-1592.16	1.16729	0.1378403
8730	-1598.61	-1600.11	1.49727	0.1199427
8740	-1594.56	-1595.91	1.35117	0.1279362
8750	-1587.92	-1588.69	0.776293	0.1586724
8760	-1594.43	-1595.77	1.34568	0.128234
8770	-1588.64	-1589.15	0.510583	0.1728441
8780	-1590.62	-1590.92	0.297633	0.1842838
8790	-1587.93	-1588.72	0.78957	0.157966
8800	-1590.2	-1591.31	1.11073	0.1408652
8810	-1609.5	-1611.26	1.7597	0.1050457
8820	-1599.81	-1601.34	1.53344	0.1179383
8830	-1588.52	-1589.45	0.935563	0.1502
8840	-1606.75	-1608.46	1.70478	0.1082455
8850	-1629.35	-1631.39	2.03757	0.08751789
8860	-1615.89	-1617.75	1.86847	0.09851149
8870	-1588.05	-1588.69	0.633229	0.1662925
8880	-1592.89	-1594.16	1.27485	0.132063
8890	-1595.32	-1596.7	1.38216	0.126252
8900	-1596.72	-1598.16	1.43446	0.1233971
8910	-1587.93	-1588.72	0.787664	0.1580673
8920	-1602.58	-1604.19	1.60858	0.1137335
8930	-1625.29	-1627.28	1.99335	0.09053025
8940	-1588.96	-1589.95	0.99484	0.1470449
8950	-1587.93	-1588.62	0.686201	0.1634688
8960	-1588.33	-1589.23	0.903583	0.1519013
8970	-1601.67	-1603.25	1.58497	0.1150611
8980	-1588.76	-1589.25	0.493357	0.1737661
8990	-1594.92	-1596.29	1.36613	0.1271239
9000	-1588.15	-1589.01	0.864926	0.1539575
9010	-1588.06	-1588.69	0.630656	0.1664297
9020	-1609.74	-1611.5	1.76422	0.1047797
9030	-1612.59	-1614.4	1.81528	0.101744
9040	-1662.26	-1664.52	2.25547	0.06889959
9050	-1594.5	-1595.85	1.3488	0.1280648
9060	-1592.52	-1592.68	0.158315	0.1918248
9070	-1641.75	-1643.89	2.14515	0.0794899
9080	-1592.77	-1594.04	1.26902	0.1323771
9090	-1636.9	-1639.01	2.10746	0.08244746
9100	-1594.34	-1595.68	1.34187	0.1284403
9110	-1590.6	-1591.74	1.14053	0.1392725
9120	-1619.02	-1620.93	1.91407	0.09566995
9130	-1602.96	-1604.58	1.61813	0.1131945
9140	-1590.43	-1591.55	1.12783	0.1399515
9150	-1613.52	-1615.35	1.83091	0.100802
9160	-1613.37	-1615.2	1.82839	0.1009543
9170	-1599.35	-1599.16	-0.195457	0.211228
9180	-1594.1	-1595.43	1.33137	0.1290095
9190	-1601.2	-1600.92	-0.272301	0.2154974
9200	-1587.91	-1588.67	0.768384	0.1590932
9210	-1588.88	-1589.36	0.476623	0.1746624
9220	-1588.11	-1588.73	0.616543	0.1671826
9230	-1605.31	-1604.88	-0.428305	0.2242312
9240	-1665.49	-1667.75	2.26675	0.06745868
9250	-1598.87	-1600.38	1.50545	0.1194903
9260	-1592.38	-1593.63	1.24886	0.1334625
9270	-1589.08	-1590.09	1.00906	0.1462878
9280	-1604.12	-1605.76	1.64605	0.1116115
9290	-1589.37	-1589.79	0.416786	0.1778714
9300	-1593.85	-1595.17	1.32048	0.1295991
9310	-1588.13	-1588.99	0.860217	0.154208
9320	-1593.09	-1594.37	1.28455	0.1315399
9330	-1594.48	-1595.82	1.34774	0.128122
9340	-1599.18	-1598.99	-0.18802	0.2108159
9350	-1602.11	-1601.8	-0.308632	0.2175233
9360	-1589.19	-1589.63	0.437145	0.1767788
9370	-1604.54	-1606.2	1.65596	0.1110473
9380	-1628.3	-1630.32	2.02657	0.08827906
9390	-1588.12	-1588.73	0.613932	0.1673219
9400	-1588.59	-1589.53	0.94654	0.1496159
9410	-1614.21	-1616.05	1.84216	0.1001203
9420	-1611.03	-1612.82	1.78808	0.1033688
9430	-1693.65	-1695.96	2.31042	0.05668753
9440	-1593.7	-1593.79	0.0854646	0.195789
9450	-1625.7	-1627.7	1.99811	0.09021148
9460	-1608.65	-1610.39	1.7433	0.1060074
9470	-1589.78	-1590.85	1.07634	0.1427014
9480	-1588.92	-1589.92	0.990793	0.1472605
9490	-1588.96	-1589.43	0.465815	0.1752415
9500	-1656.07	-1658.3	2.22952	0.07182178
9510	-1611.33	-1613.12	1.79336	0.1030543
9520	-1590.02	-1590.37	0.350882	0.1814143
9530	-1591.25	-1592.43	1.1836	0.1369667
9540	-1587.93	-1588.71	0.784544	0.1582333
9550	-1591.3	-1592.49	1.18693	0.1367882
9560	-1597.99	-1599.47	1.47744	0.1210365
9570	-1590.78	-1591.94	1.15312	0.1385987
9580	-1624.95	-1626.94	1.98943	0.09079164
9590	-1656	-1658.23	2.2292	0.07185581
9600	-1629.43	-1631.47	2.03841	0.0874595
9610	-1595.92	-1597.32	1.4052	0.1249966
9620	-1589.83	-1590.2	0.368653	0.180458
9630	-1590.32	-1591.45	1.12031	0.1403535
9640	-1591.37	-1592.56	1.19093	0.1365736
9650	-1589.14	-1590.16	1.01572	0.1459328
9660	-1610.86	-1610.25	-0.615073	0.2348109
9670	-1597.18	-1598.63	1.45051	0.1225169
9680	-1590.49	-1591.62	1.1324	0.1397073
9690	-1589.09	-1590.1	1.0099	0.1462432
9700	-1600.24	-1601.79	1.54592	0.1172443
9710	-1636.42	-1638.52	2.10345	0.08275159
9720	-1592.26	-1593.5	1.24235	0.1338129
9730	-1616.07	-1617.94	1.87131	0.09833626
9740	-1589.71	-1590.09	0.380715	0.1798093
9750	-1588.15	-1589.02	0.865787	0.1539117
9760	-1587.89	-1588.63	0.735416	0.1608479
9770	-1590.26	-1591.38	1.11577	0.1405959
9780	-1610.12	-1611.89	1.77146	0.1043528
9790	-1637.71	-1639.82	2.11411	0.08193903
9800	-1588.1	-1588.72	0.618507	0.1670778
9810	-1588.65	-1589.16	0.510107	0.1728695
9820	-1590.36	-1591.48	1.12263	0.1402295
9830	-1626.75	-1628.76	2.0098	0.0894242
9840	-1593.11	-1593.23	0.1209	0.1938589
9850	-1631.28	-1633.34	2.05689	0.08615891
9860	-1595.8	-1597.2	1.40078	0.1252375
9870	-1632.37	-1634.44	2.06734	0.08541152
9880	-1636.08	-1638.18	2.10054	0.08297092
9890	-1642.78	-1644.94	2.15254	0.07888504
9900	-1608.02	-1609.75	1.73079	0.106737
9910	-1609.89	-1611.66	1.76719	0.1046048
9920	-1588.22	-1588.81	0.588037	0.1687041
9930	-1631.95	-1634.01	2.06327	0.08570369
9940	-1703.41	-1705.72	2.30568	0.0535579
9950	-1590.92	-1592.08	1.1623	0.1381077
9960	-1588.53	-1589.46	0.937196	0.1501131
9970	-1630.4	-1632.45	2.04817	0.08677582
9980	-1601.06	-1602.63	1.56875	0.1159699
9990	-1635.81	-1637.91	2.09826	0.08314173
10000	-1588.24	-1589.13	0.887006	0.1527831
