Iteration	Posterior	Likelihood	Prior	birth_rate
0	-1587.91	-1588.61	0.699453	0.1627629
10	-1588.19	-1588.79	0.5945	0.168359
20	-1587.95	-1588.75	0.799632	0.1574306
30	-1588.18	-1588.78	0.597326	0.1682081
40	-1587.89	-1588.62	0.725245	0.1613894
50	-1589.98	-1591.07	1.09314	0.1418045
60	-1588.36	-1588.92	0.558954	0.1702575
70	-1588.02	-1588.85	0.829269	0.1558541
80	-1588.27	-1589.16	0.891924	0.1525215
90	-1588.54	-1589.47	0.938634	0.1500366
100	-1588.66	-1589.17	0.507736	0.1729964
110	-1588.03	-1588.67	0.642874	0.1657782
120	-1587.95	-1588.75	0.799047	0.1574618
130	-1589.36	-1590.4	1.03785	0.1447535
140	-1588.92	-1589.39	0.471733	0.1749244
150	-1588	-1588.81	0.819078	0.1563962
160	-1587.89	-1588.64	0.749559	0.1600951
170	-1588.82	-1589.8	0.978489	0.1479155
180	-1590.27	-1590.6	0.327778	0.1826585
190	-1587.99	-1588.8	0.815194	0.1566028
200	-1588.99	-1589.99	0.998255	0.1468631
210	-1587.9	-1588.65	0.756012	0.1597516
220	-1589.69	-1590.07	0.383006	0.1796862
230	-1588.03	-1588.67	0.641005	0.1658778
240	-1588.62	-1589.13	0.514585	0.1726299
250	-1591.12	-1592.3	1.1755	0.1374005
260	-1588.07	-1588.7	0.628428	0.1665486
270	-1589.37	-1589.78	0.417035	0.1778581
280	-1589.04	-1589.5	0.455242	0.1758082
290	-1588.11	-1588.72	0.617213	0.1671468
300	-1587.9	-1588.61	0.715703	0.1618975
310	-1589.75	-1590.12	0.376895	0.1800148
320	-1589.16	-1590.17	1.01689	0.1458706
330	-1589.33	-1590.37	1.03525	0.1448924
340	-1590.37	-1591.49	1.12363	0.1401758
350	-1587.92	-1588.7	0.778279	0.1585667
360	-1588.28	-1588.86	0.574446	0.1694298
370	-1587.93	-1588.62	0.689483	0.163294
380	-1588.71	-1589.21	0.500142	0.1734029
390	-1588.1	-1588.95	0.852323	0.1546278
400	-1588.05	-1588.89	0.838752	0.1553497
410	-1588.49	-1589.43	0.932039	0.1503875
420	-1588.06	-1588.9	0.841674	0.1551942
430	-1587.92	-1588.62	0.691044	0.1632108
440	-1589.22	-1589.65	0.433626	0.1769676
450	-1587.89	-1588.62	0.723684	0.1614725
460	-1588.21	-1588.8	0.591524	0.1685179
470	-1587.91	-1588.61	0.704374	0.1625008
480	-1588.21	-1588.8	0.590801	0.1685565
490	-1588.42	-1589.34	0.920385	0.1510075
500	-1588.76	-1589.25	0.493378	0.173765
510	-1587.91	-1588.69	0.774791	0.1587523
520	-1588.44	-1589.37	0.924222	0.1508034
530	-1588.13	-1588.74	0.611537	0.1674497
540	-1588.27	-1589.17	0.893039	0.1524622
550	-1587.94	-1588.62	0.678903	0.1638577
560	-1589.49	-1589.89	0.403485	0.1785857
570	-1588.38	-1589.29	0.912615	0.1514208
580	-1587.91	-1588.68	0.76865	0.159079
590	-1589.34	-1590.37	1.03553	0.1448775
600	-1587.9	-1588.65	0.753306	0.1598956
610	-1588.84	-1589.33	0.481326	0.1744104
620	-1587.91	-1588.61	0.703459	0.1625495
630	-1588.09	-1588.71	0.621501	0.166918
640	-1590.68	-1590.97	0.292654	0.1845525
650	-1589.53	-1589.93	0.398948	0.1788294
660	-1588.46	-1589.39	0.926537	0.1506802
670	-1589.47	-1590.52	1.04893	0.1441629
680	-1588.84	-1589.82	0.980665	0.1477996
690	-1587.9	-1588.61	0.712711	0.1620568
700	-1588.41	-1588.96	0.548884	0.1707956
710	-1589.11	-1589.56	0.446969	0.1762518
720	-1588.07	-1588.92	0.844931	0.155021
730	-1587.95	-1588.74	0.79692	0.1575749
740	-1587.9	-1588.62	0.718649	0.1617406
750	-1588.15	-1589.02	0.865987	0.1539011
760	-1587.9	-1588.65	0.756696	0.1597152
770	-1587.9	-1588.61	0.709165	0.1622456
780	-1589.51	-1590.56	1.05246	0.1439751
790	-1592.11	-1592.3	0.185632	0.1903422
800	-1587.98	-1588.64	0.660237	0.1648525
810	-1587.95	-1588.62	0.677024	0.1639578
820	-1589.55	-1590.61	1.05647	0.1437609
830	-1587.9	-1588.66	0.760974	0.1594875
840	-1588.96	-1589.95	0.994507	0.1470627
850	-1590.89	-1592.05	1.16012	0.1382244
860	-1589.61	-1590.68	1.0619	0.1434717
870	-1591.26	-1591.5	0.246903	0.187024
880	-1589.05	-1590.06	1.00567	0.1464684
890	-1587.94	-1588.73	0.793768	0.1577426
900	-1588.81	-1589.29	0.486395	0.1741389
910	-1587.93	-1588.62	0.690078	0.1632623
920	-1588.58	-1589.1	0.520855	0.1722945
930	-1588.34	-1589.25	0.906415	0.1517507
940	-1590.23	-1590.56	0.330899	0.1824904
950	-1590.22	-1590.55	0.33224	0.1824181
960	-1588.01	-1588.66	0.649309	0.165435
970	-1592.97	-1593.1	0.130009	0.1933633
980	-1588.46	-1589	0.54119	0.171207
990	-1587.96	-1588.76	0.803742	0.157212
1000	-1588.02	-1588.85	0.829742	0.1558289
1010	-1588.21	-1589.08	0.878712	0.1532243
1020	-1587.9	-1588.67	0.766205	0.1592092
1030	-1588.19	-1589.07	0.876238	0.1533559
1040	-1587.91	-1588.61	0.702375	0.1626073
1050	-1589.07	-1589.52	0.451746	0.1759957
1060	-1588.14	-1588.75	0.607902	0.1676437
1070	-1589.32	-1589.74	0.422657	0.1775563
1080	-1590.19	-1591.3	1.10995	0.1409067
1090	-1589.1	-1589.54	0.448604	0.1761642
1100	-1592.3	-1592.47	0.173007	0.1910272
1110	-1589.71	-1590.09	0.380645	0.1798131
1120	-1587.99	-1588.64	0.657636	0.1649911
1130	-1589.26	-1590.29	1.02783	0.1452879
1140	-1591.58	-1591.8	0.223123	0.1883107
1150	-1589.19	-1589.63	0.436969	0.1767882
1160	-1588.01	-1588.66	0.647121	0.1655517
1170	-1588.04	-1588.68	0.63637	0.166125
1180	-1587.96	-1588.63	0.670853	0.1642866
1190	-1587.93	-1588.71	0.785557	0.1581794
1200	-1588.34	-1588.9	0.563077	0.1700372
1210	-1587.91	-1588.68	0.77285	0.1588556
1220	-1588.18	-1588.78	0.59767	0.1681898
1230	-1587.9	-1588.61	0.708667	0.1622722
1240	-1588.7	-1589.2	0.502018	0.1733024
1250	-1588.52	-1589.05	0.529478	0.1718332
1260	-1588.16	-1589.03	0.869158	0.1537324
1270	-1587.91	-1588.68	0.772	0.1589008
1280	-1587.92	-1588.69	0.777325	0.1586175
1290	-1587.89	-1588.63	0.735855	0.1608245
1300	-1588.82	-1589.8	0.978242	0.1479287
1310	-1588.69	-1589.65	0.960986	0.1488471
1320	-1589.1	-1590.11	1.0104	0.1462164
1330	-1587.89	-1588.63	0.734814	0.1608799
1340	-1588.01	-1588.66	0.647849	0.1655129
1350	-1589.36	-1590.39	1.03741	0.1447773
1360	-1588.28	-1588.85	0.576122	0.1693403
1370	-1597.85	-1597.72	-0.128496	0.2075245
1380	-1590.14	-1590.48	0.339254	0.1820403
1390	-1588.17	-1589.04	0.870053	0.1536848
1400	-1588.24	-1588.82	0.584933	0.1688698
1410	-1587.9	-1588.66	0.76136	0.159467
1420	-1587.89	-1588.62	0.731751	0.161043
1430	-1587.97	-1588.78	0.808206	0.1569745
1440	-1588	-1588.82	0.819412	0.1563784
1450	-1588.35	-1589.25	0.907185	0.1517097
1460	-1587.94	-1588.73	0.793391	0.1577627
1470	-1588	-1588.65	0.65086	0.1653523
1480	-1588.2	-1589.07	0.87649	0.1533425
1490	-1587.93	-1588.62	0.6902	0.1632558
1500	-1588.17	-1589.04	0.870771	0.1536466
1510	-1587.95	-1588.75	0.797528	0.1575425
1520	-1588.64	-1589.6	0.954574	0.1491884
1530	-1589.2	-1589.63	0.436491	0.1768139
1540	-1589.06	-1590.07	1.00664	0.1464164
1550	-1587.89	-1588.62	0.726074	0.1613452
1560	-1588.3	-1589.2	0.898606	0.1521661
1570	-1588.77	-1589.26	0.491892	0.1738446
1580	-1588.04	-1588.88	0.835145	0.1555415
1590	-1588.13	-1588.99	0.860696	0.1541825
1600	-1587.9	-1588.66	0.761719	0.1594479
1610	-1587.91	-1588.69	0.774986	0.1587419
1620	-1591.01	-1592.18	1.16806	0.1377993
1630	-1588.09	-1588.71	0.620987	0.1669455
1640	-1589.89	-1590.97	1.08561	0.1422066
1650	-1589.55	-1589.95	0.396612	0.1789549
1660	-1590.48	-1591.61	1.13159	0.1397505
1670	-1589.69	-1590.75	1.06836	0.1431267
1680	-1587.89	-1588.63	0.74148	0.1605251
1690	-1588.54	-1589.48	0.939268	0.1500029
1700	-1588.33	-1589.23	0.904028	0.1518777
1710	-1587.94	-1588.73	0.793266	0.1577693
1720	-1587.91	-1588.68	0.770005	0.159007
1730	-1588.99	-1589.45	0.462163	0.1754372
1740	-1588.38	-1588.94	0.554374	0.1705022
1750	-1588.52	-1589.46	0.936553	0.1501473
1760	-1588.62	-1589.14	0.513684	0.1726781
1770	-1587.94	-1588.73	0.793834	0.1577391
1780	-1587.92	-1588.61	0.694512	0.1630261
1790	-1588.44	-1588.98	0.544006	0.1710564
1800	-1588.44	-1588.99	0.543833	0.1710657
1810	-1588.01	-1588.66	0.649905	0.1654033
1820	-1587.91	-1588.68	0.769011	0.1590598
1830	-1588.16	-1589.03	0.868723	0.1537556
1840	-1588.5	-1589.43	0.933139	0.150329
1850	-1587.91	-1588.68	0.770411	0.1589853
1860	-1588.68	-1589.18	0.505226	0.1731307
1870	-1587.91	-1588.69	0.774078	0.1587902
1880	-1589.99	-1591.09	1.09451	0.1417313
1890	-1588.18	-1589.05	0.87302	0.153527
1900	-1588.64	-1589.15	0.510992	0.1728221
1910	-1587.91	-1588.68	0.772797	0.1588584
1920	-1587.99	-1588.8	0.815216	0.1566016
1930	-1587.92	-1588.61	0.696545	0.1629178
1940	-1587.91	-1588.61	0.704019	0.1625197
1950	-1588.31	-1588.88	0.568103	0.1697686
1960	-1588.42	-1589.34	0.920476	0.1510027
1970	-1589.48	-1589.89	0.404245	0.1785449
1980	-1588.44	-1588.98	0.543979	0.1710579
1990	-1588.95	-1589.42	0.467274	0.1751633
2000	-1588.02	-1588.85	0.828072	0.1559177
2010	-1587.91	-1588.68	0.772829	0.1588567
2020	-1589.49	-1590.54	1.05041	0.1440844
2030	-1588.15	-1589.01	0.865656	0.1539187
2040	-1588.56	-1589.09	0.523197	0.1721692
2050	-1587.9	-1588.65	0.753741	0.1598725
2060	-1588.19	-1588.79	0.594742	0.1683461
2070	-1589.6	-1589.99	0.391556	0.1792266
2080	-1588.59	-1589.11	0.51877	0.172406
2090	-1588.24	-1588.83	0.583241	0.1689602
2100	-1588.6	-1589.55	0.947871	0.1495451
2110	-1588.91	-1589.38	0.472171	0.1749009
2120	-1587.92	-1588.7	0.78053	0.1584469
2130	-1588.14	-1589.01	0.864548	0.1539776
2140	-1589.05	-1589.51	0.453967	0.1758766
2150	-1588.02	-1588.85	0.827543	0.1559459
2160	-1589.21	-1589.65	0.434586	0.1769161
2170	-1588.59	-1589.54	0.947289	0.149576
2180	-1587.93	-1588.62	0.687745	0.1633866
2190	-1591.92	-1593.14	1.22333	0.1348352
2200	-1588.08	-1588.71	0.624783	0.166743
2210	-1591.17	-1591.42	0.253529	0.1866657
2220	-1587.9	-1588.62	0.719532	0.1616936
2230	-1587.99	-1588.65	0.654392	0.165164
2240	-1588.07	-1588.91	0.844438	0.1550472
2250	-1589.31	-1589.73	0.423628	0.1775041
2260	-1588.53	-1589.06	0.528953	0.1718613
2270	-1588.57	-1589.09	0.521848	0.1722413
2280	-1587.89	-1588.63	0.739821	0.1606134
2290	-1588.15	-1589.01	0.864954	0.153956
2300	-1587.95	-1588.62	0.677006	0.1639588
2310	-1588.07	-1588.7	0.627552	0.1665953
2320	-1588.74	-1589.71	0.968066	0.1484703
2330	-1587.89	-1588.62	0.726789	0.1613072
2340	-1588.9	-1589.88	0.987354	0.1474435
2350	-1587.89	-1588.64	0.743407	0.1604226
2360	-1589.6	-1589.99	0.391894	0.1792084
2370	-1588.09	-1588.71	0.62185	0.1668994
2380	-1587.89	-1588.64	0.744542	0.1603621
2390	-1589.51	-1589.91	0.401323	0.1787018
2400	-1587.89	-1588.64	0.74538	0.1603175
2410	-1588.13	-1588.99	0.861676	0.1541304
2420	-1588.26	-1589.15	0.889838	0.1526324
2430	-1588.09	-1588.94	0.849687	0.1547681
2440	-1588.39	-1588.95	0.552496	0.1706026
2450	-1587.93	-1588.62	0.689337	0.1633018
2460	-1587.99	-1588.64	0.657765	0.1649842
2470	-1590.82	-1591.98	1.15563	0.1384643
2480	-1589.78	-1590.86	1.07645	0.1426952
2490	-1587.99	-1588.8	0.816228	0.1565477
2500	-1588.95	-1589.94	0.993661	0.1471077
2510	-1588.3	-1588.87	0.571202	0.1696031
2520	-1588.52	-1589.46	0.936533	0.1501484
2530	-1588.56	-1589.08	0.524209	0.1721151
2540	-1588	-1588.82	0.819518	0.1563728
2550	-1588.56	-1589.09	0.523146	0.1721719
2560	-1587.89	-1588.64	0.746872	0.1602381
2570	-1589.67	-1590.06	0.384386	0.179612
2580	-1588.93	-1589.4	0.469396	0.1750496
2590	-1588.16	-1589.03	0.86886	0.1537482
2600	-1589.11	-1589.56	0.446842	0.1762586
2610	-1589.47	-1589.88	0.405215	0.1784928
2620	-1588.03	-1588.87	0.832659	0.1556737
2630	-1588.21	-1589.09	0.879568	0.1531787
2640	-1588.14	-1589.01	0.86431	0.1539903
2650	-1587.96	-1588.76	0.801871	0.1573115
2660	-1589.09	-1590.1	1.00956	0.146261
2670	-1589.11	-1590.12	1.01161	0.146152
2680	-1587.89	-1588.63	0.741449	0.1605267
2690	-1588.55	-1589.49	0.940256	0.1499503
2700	-1587.98	-1588.64	0.662256	0.1647449
2710	-1587.89	-1588.62	0.730609	0.1611038
2720	-1591.26	-1592.44	1.184	0.1369453
2730	-1588.37	-1588.93	0.556498	0.1703887
2740	-1587.92	-1588.71	0.783631	0.1582819
2750	-1587.92	-1588.61	0.693579	0.1630758
2760	-1587.94	-1588.73	0.792816	0.1577932
2770	-1588.17	-1589.04	0.870809	0.1536446
2780	-1587.93	-1588.71	0.785312	0.1581925
2790	-1588.88	-1589.87	0.985786	0.147527
2800	-1588.12	-1588.98	0.859059	0.1542696
2810	-1589.21	-1590.24	1.02308	0.1455408
2820	-1588.77	-1589.74	0.971382	0.1482938
2830	-1588.54	-1589.48	0.939324	0.1499999
2840	-1587.92	-1588.61	0.693994	0.1630537
2850	-1589.01	-1590.02	1.00121	0.1467055
2860	-1587.99	-1588.81	0.816679	0.1565238
2870	-1588.12	-1588.98	0.857932	0.1543295
2880	-1588.02	-1588.66	0.646092	0.1656065
2890	-1587.91	-1588.68	0.771131	0.158947
2900	-1588.04	-1588.68	0.63654	0.1661159
2910	-1590.98	-1591.25	0.26839	0.1858626
2920	-1588.66	-1589.62	0.956918	0.1490637
2930	-1588.57	-1589.51	0.943146	0.1497965
2940	-1588.65	-1589.16	0.508821	0.1729384
2950	-1590.62	-1590.92	0.297612	0.184285
2960	-1591.26	-1591.5	0.247028	0.1870172
2970	-1588.57	-1589.52	0.944064	0.1497477
2980	-1588	-1588.65	0.652709	0.1652538
2990	-1588.65	-1589.16	0.510122	0.1728687
3000	-1589.41	-1589.82	0.412368	0.1781086
3010	-1587.93	-1588.62	0.684693	0.1635492
3020	-1588.2	-1589.08	0.877824	0.1532715
3030	-1587.95	-1588.75	0.798827	0.1574734
3040	-1588.9	-1589.37	0.474388	0.1747821
3050	-1588.06	-1588.69	0.629716	0.1664799
3060	-1587.94	-1588.62	0.682348	0.1636741
3070	-1587.89	-1588.62	0.731215	0.1610716
3080	-1587.9	-1588.65	0.752745	0.1599255
3090	-1587.93	-1588.71	0.784591	0.1582309
3100	-1589.77	-1590.84	1.07537	0.1427528
3110	-1587.93	-1588.62	0.690072	0.1632626
3120	-1588.03	-1588.86	0.830367	0.1557957
3130	-1588.01	-1588.84	0.826321	0.1560109
3140	-1587.92	-1588.61	0.692722	0.1631215
3150	-1591.25	-1591.49	0.247845	0.1869731
3160	-1587.99	-1588.81	0.818967	0.156402
3170	-1587.95	-1588.75	0.798364	0.1574981
3180	-1588.87	-1589.35	0.477481	0.1746164
3190	-1588.07	-1588.92	0.844658	0.1550355
3200	-1588.08	-1588.71	0.624176	0.1667753
3210	-1588.13	-1588.74	0.611014	0.1674776
3220	-1588	-1588.65	0.653311	0.1652217
3230	-1588.54	-1589.47	0.938695	0.1500334
3240	-1589.23	-1589.66	0.432512	0.1770273
3250	-1588.02	-1588.66	0.64484	0.1656733
3260	-1589.22	-1589.65	0.434132	0.1769405
3270	-1588.64	-1589.15	0.510291	0.1728597
3280	-1587.91	-1588.61	0.698342	0.1628221
3290	-1588	-1588.82	0.819674	0.1563645
3300	-1588.41	-1589.33	0.918627	0.151101
3310	-1590	-1591.09	1.09458	0.1417276
3320	-1589.13	-1589.58	0.443975	0.1764124
3330	-1587.89	-1588.63	0.742288	0.1604821
3340	-1587.94	-1588.73	0.793719	0.1577452
3350	-1588.19	-1588.79	0.594627	0.1683522
3360	-1588.12	-1588.97	0.857234	0.1543666
3370	-1588.02	-1588.66	0.645289	0.1656494
3380	-1587.96	-1588.63	0.669839	0.1643407
3390	-1588.07	-1588.91	0.844054	0.1550677
3400	-1592.89	-1593.02	0.135053	0.193089
3410	-1587.95	-1588.62	0.676006	0.164012
3420	-1588.76	-1589.25	0.493306	0.1737688
3430	-1588.39	-1589.3	0.914358	0.1513282
3440	-1588.33	-1588.9	0.564626	0.1699544
3450	-1588.82	-1589.31	0.484363	0.1742478
3460	-1590.27	-1591.38	1.11587	0.1405909
3470	-1587.92	-1588.61	0.69437	0.1630337
3480	-1589.69	-1590.75	1.06839	0.1431251
3490	-1588.38	-1588.94	0.55495	0.1704714
3500	-1587.94	-1588.62	0.678916	0.163857
3510	-1589.61	-1590	0.390945	0.1792595
3520	-1588.15	-1588.76	0.605163	0.1677899
3530	-1588.03	-1588.87	0.832935	0.1556591
3540	-1587.89	-1588.64	0.750547	0.1600425
3550	-1587.89	-1588.62	0.732324	0.1610125
3560	-1588.52	-1589.45	0.935845	0.150185
3570	-1588.05	-1588.69	0.633625	0.1662714
3580	-1588.06	-1588.69	0.631327	0.1663939
3590	-1588.9	-1589.37	0.474222	0.174791
3600	-1587.94	-1588.73	0.79123	0.1578776
3610	-1588.3	-1589.2	0.898221	0.1521866
3620	-1588.19	-1589.07	0.876349	0.1533499
3630	-1588.56	-1589.5	0.941816	0.1498673
3640	-1587.9	-1588.61	0.714535	0.1619597
3650	-1588.78	-1589.75	0.972287	0.1482457
3660	-1587.98	-1588.64	0.661526	0.1647837
3670	-1588.06	-1588.69	0.630053	0.1664619
3680	-1588.36	-1588.92	0.558905	0.1702601
3690	-1587.98	-1588.64	0.661856	0.1647662
3700	-1588.63	-1589.15	0.51202	0.1727672
3710	-1588.13	-1588.74	0.610754	0.1674915
3720	-1587.91	-1588.68	0.769409	0.1590387
3730	-1589.14	-1590.16	1.01553	0.145943
3740	-1587.9	-1588.66	0.760311	0.1595229
3750	-1593.93	-1594	0.0720431	0.196521
3760	-1587.91	-1588.69	0.773861	0.1588018
3770	-1587.95	-1588.75	0.799385	0.1574438
3780	-1588.14	-1589.01	0.864412	0.1539848
3790	-1589.52	-1590.58	1.05347	0.1439208
3800	-1587.91	-1588.61	0.703562	0.1625441
3810	-1589.19	-1589.63	0.437496	0.1767599
3820	-1588.01	-1588.66	0.646935	0.1655616
3830	-1588.14	-1588.75	0.609127	0.1675783
3840	-1588.89	-1589.36	0.475596	0.1747174
3850	-1590.02	-1590.37	0.350799	0.1814187
3860	-1591.24	-1592.42	1.18307	0.1369953
3870	-1587.9	-1588.62	0.721307	0.1615991
3880	-1588.12	-1588.73	0.614777	0.1672768
3890	-1588.21	-1588.8	0.589852	0.1686071
3900	-1589.24	-1590.26	1.02527	0.1454243
3910	-1587.9	-1588.66	0.760475	0.1595141
3920	-1589.58	-1589.97	0.394427	0.1790723
3930	-1588.03	-1588.67	0.639857	0.165939
3940	-1588.53	-1589.46	0.937263	0.1501095
3950	-1588.35	-1589.26	0.907404	0.1516981
3960	-1588.13	-1588.99	0.860488	0.1541936
3970	-1588.1	-1588.95	0.853288	0.1545765
3980	-1589.21	-1589.64	0.435166	0.1768849
3990	-1588.07	-1588.7	0.628732	0.1665323
4000	-1588.21	-1588.8	0.591813	0.1685025
4010	-1587.94	-1588.73	0.791911	0.1578414
4020	-1587.94	-1588.62	0.680889	0.1637519
4030	-1587.92	-1588.61	0.692633	0.1631262
4040	-1588.32	-1588.89	0.566477	0.1698555
4050	-1590.61	-1590.91	0.298527	0.1842356
4060	-1588.07	-1588.7	0.626741	0.1666385
4070	-1587.96	-1588.76	0.802823	0.1572608
4080	-1589.48	-1589.89	0.40408	0.1785537
4090	-1588.15	-1588.76	0.605486	0.1677726
4100	-1588.32	-1588.89	0.567219	0.1698159
4110	-1588.03	-1588.86	0.831109	0.1557562
4120	-1588.1	-1588.95	0.852047	0.1546425
4130	-1587.91	-1588.61	0.704819	0.1624771
4140	-1588.93	-1589.4	0.469531	0.1750424
4150	-1587.98	-1588.64	0.661966	0.1647603
4160	-1589.81	-1590.18	0.370902	0.180337
4170	-1589.54	-1589.94	0.398467	0.1788553
4180	-1588.01	-1588.84	0.824768	0.1560935
4190	-1588.12	-1588.73	0.612909	0.1673765
4200	-1589.26	-1590.29	1.02821	0.1452675
4210	-1588.58	-1589.52	0.945085	0.1496933
4220	-1588.36	-1588.92	0.559497	0.1702285
4230	-1588.65	-1589.16	0.509912	0.17288
4240	-1588	-1588.82	0.819381	0.15638
4250	-1587.99	-1588.65	0.656922	0.1650292
4260	-1588.63	-1589.14	0.513205	0.1727038
4270	-1588.57	-1589.1	0.521367	0.172267
4280	-1587.92	-1588.61	0.692322	0.1631427
4290	-1588.34	-1589.24	0.905621	0.1517929
4300	-1592.23	-1593.47	1.24073	0.1338999
4310	-1590.41	-1591.53	1.12649	0.1400231
4320	-1588.01	-1588.83	0.823336	0.1561697
4330	-1590.29	-1590.62	0.325556	0.1827783
4340	-1588.06	-1588.9	0.840122	0.1552768
4350	-1588.06	-1588.69	0.629586	0.1664868
4360	-1588.19	-1589.07	0.876108	0.1533627
4370	-1587.9	-1588.65	0.756763	0.1597117
4380	-1589.1	-1590.11	1.01067	0.1462017
4390	-1588.03	-1588.87	0.833248	0.1556424
4400	-1587.89	-1588.64	0.743773	0.160403
4410	-1589.46	-1590.51	1.04782	0.1442223
4420	-1587.92	-1588.61	0.695253	0.1629866
4430	-1590.22	-1590.55	0.33254	0.182402
4440	-1588.73	-1589.23	0.497667	0.1735354
4450	-1588.17	-1588.77	0.601205	0.1680011
4460	-1587.94	-1588.73	0.792566	0.1578065
4470	-1588.86	-1589.85	0.983287	0.1476601
4480	-1587.93	-1588.62	0.689305	0.1633035
4490	-1588.03	-1588.67	0.639471	0.1659596
4500	-1588.38	-1589.29	0.913058	0.1513973
4510	-1588.74	-1589.23	0.496311	0.173608
4520	-1588.02	-1588.84	0.826814	0.1559846
4530	-1587.9	-1588.62	0.719496	0.1616955
4540	-1588.61	-1589.57	0.950416	0.1494097
4550	-1587.93	-1588.62	0.685565	0.1635027
4560	-1589.51	-1590.57	1.05258	0.1439687
4570	-1588.43	-1588.98	0.545177	0.1709938
4580	-1588.13	-1588.74	0.609485	0.1675592
4590	-1588.33	-1588.9	0.564	0.1699878
4600	-1588.65	-1589.61	0.955987	0.1491132
4610	-1590.94	-1592.1	1.16329	0.1380547
4620	-1587.9	-1588.61	0.710643	0.1621669
4630	-1588.02	-1588.67	0.643311	0.1657548
4640	-1588.44	-1588.98	0.544776	0.1710152
4650	-1588.85	-1589.33	0.480228	0.1744693
4660	-1588.1	-1588.72	0.618899	0.1670569
4670	-1587.89	-1588.64	0.74543	0.1603149
4680	-1588.71	-1589.67	0.963647	0.1487055
4690	-1587.91	-1588.61	0.705967	0.162416
4700	-1588.4	-1588.95	0.551228	0.1706704
4710	-1588.2	-1589.08	0.877415	0.1532932
4720	-1587.94	-1588.73	0.790787	0.1579012
4730	-1587.89	-1588.64	0.74486	0.1603452
4740	-1587.97	-1588.63	0.66622	0.1645336
4750	-1588.46	-1589	0.541403	0.1711956
4760	-1588.03	-1588.67	0.640922	0.1658822
4770	-1588.24	-1589.12	0.885648	0.1528553
4780	-1588.24	-1589.12	0.885418	0.1528675
4790	-1589.42	-1590.47	1.04408	0.1444214
4800	-1590.24	-1590.57	0.329946	0.1825417
4810	-1588.96	-1589.43	0.465399	0.1752638
4820	-1588.25	-1589.13	0.887656	0.1527485
4830	-1587.92	-1588.61	0.695299	0.1629842
4840	-1588.04	-1588.88	0.836395	0.155475
4850	-1589.1	-1589.55	0.447752	0.1762099
4860	-1588.21	-1588.8	0.58966	0.1686174
4870	-1587.96	-1588.63	0.669219	0.1643737
4880	-1588.07	-1588.92	0.845582	0.1549864
4890	-1589.21	-1589.64	0.435091	0.176889
4900	-1588.28	-1588.86	0.575047	0.1693977
4910	-1588.03	-1588.67	0.642196	0.1658143
4920	-1588.08	-1588.71	0.624671	0.166749
4930	-1588.08	-1588.92	0.846311	0.1549476
4940	-1588.24	-1588.82	0.583775	0.1689316
4950	-1588.9	-1589.88	0.987406	0.1474408
4960	-1588.05	-1588.89	0.837563	0.1554129
4970	-1588.03	-1588.67	0.639927	0.1659353
4980	-1588.08	-1588.7	0.6256	0.1666994
4990	-1587.96	-1588.76	0.803144	0.1572438
5000	-1588.32	-1589.22	0.901593	0.1520072
5010	-1588.45	-1589.38	0.925343	0.1507437
5020	-1587.95	-1588.62	0.675962	0.1640144
5030	-1588.05	-1588.69	0.632897	0.1663102
5040	-1588.03	-1588.67	0.639833	0.1659403
5050	-1588.33	-1589.23	0.903466	0.1519076
5060	-1587.99	-1588.81	0.817064	0.1565033
5070	-1590.23	-1590.56	0.331648	0.18245
5080	-1588.04	-1588.88	0.836318	0.1554791
5090	-1588.37	-1589.28	0.911251	0.1514934
5100	-1589.98	-1590.33	0.354271	0.1812319
5110	-1587.95	-1588.62	0.677356	0.1639401
5120	-1588.96	-1589.96	0.99518	0.1470268
5130	-1587.95	-1588.62	0.677692	0.1639222
5140	-1588.36	-1589.27	0.90887	0.1516201
5150	-1589.09	-1590.1	1.00956	0.1462611
5160	-1587.94	-1588.62	0.682484	0.1636669
5170	-1587.89	-1588.63	0.742246	0.1604843
5180	-1588.63	-1589.58	0.952053	0.1493226
5190	-1588.03	-1588.87	0.833132	0.1556486
5200	-1587.89	-1588.64	0.749144	0.1601172
5210	-1590.88	-1592.04	1.15947	0.1382592
5220	-1587.91	-1588.61	0.700575	0.1627032
5230	-1587.9	-1588.61	0.710981	0.1621489
5240	-1589.94	-1590.3	0.358117	0.1810249
5250	-1588.01	-1588.66	0.648779	0.1654633
5260	-1588.43	-1589.36	0.922452	0.1508976
5270	-1589.55	-1590.61	1.05611	0.1437801
5280	-1589.8	-1590.88	1.07859	0.142581
5290	-1587.97	-1588.63	0.666959	0.1644942
5300	-1587.91	-1588.68	0.768808	0.1590706
5310	-1588.17	-1588.77	0.599145	0.168111
5320	-1588.64	-1589.59	0.953332	0.1492545
5330	-1587.95	-1588.62	0.676829	0.1639682
5340	-1588.15	-1589.01	0.865537	0.153925
5350	-1588.2	-1589.08	0.877128	0.1533085
5360	-1589.75	-1590.83	1.07439	0.1428051
5370	-1587.98	-1588.79	0.811006	0.1568255
5380	-1588.01	-1588.66	0.648247	0.1654916
5390	-1588.29	-1589.19	0.897344	0.1522332
5400	-1590.9	-1592.06	1.16065	0.1381959
5410	-1587.92	-1588.71	0.78251	0.1583416
5420	-1588.39	-1589.3	0.91407	0.1513435
5430	-1587.97	-1588.64	0.664571	0.1646214
5440	-1589.77	-1590.14	0.374802	0.1801273
5450	-1588.29	-1589.18	0.89565	0.1523233
5460	-1588.01	-1588.66	0.649161	0.1654429
5470	-1588.28	-1588.86	0.574637	0.1694196
5480	-1587.98	-1588.79	0.811687	0.1567893
5490	-1590.62	-1591.76	1.14148	0.1392214
5500	-1587.89	-1588.64	0.746074	0.1602806
5510	-1588.12	-1588.73	0.614312	0.1673016
5520	-1589.07	-1590.08	1.00799	0.1463445
5530	-1588.27	-1588.85	0.576879	0.1692999
5540	-1588.7	-1589.66	0.961889	0.1487991
5550	-1587.91	-1588.61	0.706089	0.1624095
5560	-1591.42	-1592.62	1.19427	0.1363946
5570	-1588.06	-1588.69	0.62983	0.1664737
5580	-1588.01	-1588.84	0.825352	0.1560624
5590	-1588.5	-1589.03	0.533465	0.17162
5600	-1589.05	-1590.05	1.00483	0.1465131
5610	-1587.92	-1588.61	0.693863	0.1630607
5620	-1588.17	-1589.04	0.870973	0.1536359
5630	-1587.92	-1588.61	0.694733	0.1630144
5640	-1590.76	-1591.91	1.15149	0.1386862
5650	-1588.16	-1588.76	0.603298	0.1678894
5660	-1588.81	-1589.29	0.486617	0.174127
5670	-1588.03	-1588.67	0.642368	0.1658051
5680	-1587.99	-1588.8	0.815171	0.156604
5690	-1588.09	-1588.93	0.848775	0.1548166
5700	-1588.17	-1589.04	0.871057	0.1536314
5710	-1587.89	-1588.63	0.737209	0.1607525
5720	-1588.16	-1589.02	0.867086	0.1538426
5730	-1587.9	-1588.61	0.714314	0.1619714
5740	-1588.01	-1588.66	0.649279	0.1654366
5750	-1587.93	-1588.62	0.687073	0.1634224
5760	-1588.02	-1588.67	0.64294	0.1657746
5770	-1588.77	-1589.74	0.971182	0.1483045
5780	-1589.44	-1589.85	0.408657	0.1783079
5790	-1588.27	-1589.16	0.892402	0.1524961
5800	-1588.02	-1588.67	0.644158	0.1657096
5810	-1587.89	-1588.64	0.74956	0.160095
5820	-1588.11	-1588.97	0.856698	0.1543952
5830	-1589.07	-1590.08	1.0075	0.1463707
5840	-1588.05	-1588.69	0.632896	0.1663102
5850	-1588.06	-1588.69	0.629906	0.1664697
5860	-1588.08	-1588.93	0.848695	0.1548208
5870	-1588.15	-1588.76	0.605567	0.1677683
5880	-1588.6	-1589.12	0.516974	0.1725021
5890	-1588.02	-1588.85	0.829511	0.1558412
5900	-1588.03	-1588.86	0.830717	0.155777
5910	-1588.59	-1589.54	0.94722	0.1495797
5920	-1588.48	-1589.02	0.536486	0.1714585
5930	-1591.36	-1591.6	0.23891	0.1874563
5940	-1588.04	-1588.87	0.833897	0.1556079
5950	-1587.94	-1588.73	0.79088	0.1578963
5960	-1587.9	-1588.61	0.711692	0.1621111
5970	-1588.2	-1588.79	0.593826	0.168395
5980	-1590	-1591.1	1.09514	0.1416981
5990	-1587.93	-1588.72	0.786534	0.1581275
6000	-1589.16	-1589.6	0.440757	0.176585
6010	-1588.43	-1588.97	0.54656	0.1709199
6020	-1588.29	-1588.86	0.573974	0.169455
6030	-1588.28	-1588.85	0.575412	0.1693782
6040	-1587.92	-1588.7	0.779238	0.1585156
6050	-1588.07	-1588.7	0.628901	0.1665233
6060	-1587.92	-1588.62	0.690618	0.1632335
6070	-1588.34	-1588.9	0.563219	0.1700296
6080	-1589.06	-1589.51	0.453406	0.1759067
6090	-1587.92	-1588.7	0.78071	0.1584373
6100	-1588.23	-1589.12	0.884298	0.1529271
6110	-1587.9	-1588.62	0.71731	0.1618119
6120	-1587.93	-1588.62	0.687877	0.1633796
6130	-1588.58	-1589.1	0.520312	0.1723235
6140	-1589.27	-1589.7	0.427649	0.1772883
6150	-1588.34	-1588.9	0.563036	0.1700394
6160	-1588.27	-1589.17	0.893194	0.1524539
6170	-1587.89	-1588.64	0.742875	0.1604508
6180	-1590.68	-1590.97	0.292925	0.1845379
6190	-1587.89	-1588.63	0.737479	0.1607381
6200	-1588.21	-1589.1	0.880881	0.1531089
6210	-1589.61	-1590.67	1.06153	0.1434914
6220	-1587.95	-1588.74	0.79694	0.1575738
6230	-1588.19	-1588.79	0.594969	0.168334
6240	-1590.33	-1590.65	0.322455	0.1829454
6250	-1590.49	-1590.8	0.308726	0.1836855
6260	-1587.95	-1588.75	0.798431	0.1574945
6270	-1587.92	-1588.69	0.77699	0.1586353
6280	-1589.17	-1590.19	1.01871	0.1457737
6290	-1588.11	-1588.97	0.856016	0.1544314
6300	-1588.03	-1588.67	0.642276	0.16581
6310	-1588.83	-1589.31	0.482989	0.1743214
6320	-1589.31	-1590.34	1.03264	0.1450311
6330	-1588.69	-1589.65	0.960525	0.1488717
6340	-1588.5	-1589.03	0.533441	0.1716213
6350	-1590.81	-1591.09	0.281756	0.1851408
6360	-1587.93	-1588.62	0.685404	0.1635113
6370	-1587.9	-1588.65	0.754565	0.1598287
6380	-1587.91	-1588.61	0.700041	0.1627316
6390	-1588.16	-1589.03	0.86898	0.1537419
6400	-1587.94	-1588.62	0.678957	0.1638548
6410	-1587.89	-1588.64	0.748951	0.1601275
6420	-1588.71	-1589.68	0.964258	0.148673
6430	-1590.61	-1591.75	1.14086	0.1392546
6440	-1589.21	-1590.24	1.02289	0.1455511
6450	-1588.12	-1588.73	0.613602	0.1673395
6460	-1587.98	-1588.79	0.81327	0.1567051
6470	-1588.68	-1589.18	0.505429	0.1731199
6480	-1590.39	-1590.7	0.317331	0.1832216
6490	-1588.29	-1588.86	0.573594	0.1694753
6500	-1588.03	-1588.86	0.832494	0.1556825
6510	-1589.98	-1591.07	1.09318	0.1418024
6520	-1588.57	-1589.51	0.943951	0.1497537
6530	-1588.33	-1589.24	0.904856	0.1518336
6540	-1587.96	-1588.63	0.671192	0.1642686
6550	-1588.08	-1588.92	0.846547	0.1549351
6560	-1590.03	-1591.13	1.09757	0.1415682
6570	-1588.1	-1588.96	0.853369	0.1545722
6580	-1588.42	-1589.35	0.920831	0.1509838
6590	-1587.95	-1588.63	0.672547	0.1641964
6600	-1588.06	-1588.9	0.841401	0.1552088
6610	-1590.01	-1591.1	1.09543	0.1416823
6620	-1588.82	-1589.8	0.978258	0.1479278
6630	-1592.08	-1592.26	0.18807	0.19021
6640	-1588.34	-1589.25	0.906585	0.1517416
6650	-1587.89	-1588.63	0.735247	0.1608569
6660	-1587.94	-1588.73	0.792786	0.1577949
6670	-1588.26	-1588.84	0.57929	0.1691711
6680	-1588.06	-1588.69	0.630513	0.1664374
6690	-1588.38	-1588.93	0.555585	0.1704375
6700	-1589.14	-1589.58	0.443104	0.1764591
6710	-1587.98	-1588.8	0.814241	0.1566534
6720	-1588.1	-1588.95	0.851589	0.1546669
6730	-1588.15	-1589.02	0.865785	0.1539118
6740	-1589.26	-1589.69	0.429464	0.1771909
6750	-1589.49	-1590.54	1.05017	0.1440968
6760	-1587.89	-1588.64	0.743172	0.160435
6770	-1588.09	-1588.71	0.623038	0.166836
6780	-1587.89	-1588.63	0.739135	0.1606499
6790	-1588.49	-1589.02	0.535916	0.1714889
6800	-1588.31	-1589.21	0.90011	0.152086
6810	-1588.28	-1588.85	0.57554	0.1693714
6820	-1588.42	-1589.34	0.919437	0.1510579
6830	-1588.11	-1588.73	0.61657	0.1671811
6840	-1587.89	-1588.64	0.750299	0.1600557
6850	-1588.83	-1589.31	0.483728	0.1742818
6860	-1590.48	-1591.61	1.13172	0.1397433
6870	-1588	-1588.65	0.650801	0.1653555
6880	-1591.48	-1592.68	1.19771	0.13621
6890	-1590.76	-1591.04	0.286338	0.1848934
6900	-1588.13	-1589	0.862034	0.1541113
6910	-1590.13	-1591.23	1.10499	0.1411721
6920	-1587.9	-1588.61	0.708607	0.1622754
6930	-1588.02	-1588.84	0.827119	0.1559684
6940	-1589.37	-1589.78	0.417133	0.1778528
6950	-1588.09	-1588.94	0.850755	0.1547112
6960	-1587.9	-1588.66	0.762547	0.1594038
6970	-1588.25	-1588.83	0.580794	0.1690908
6980	-1587.89	-1588.63	0.73471	0.1608855
6990	-1588.46	-1589	0.540599	0.1712385
7000	-1587.93	-1588.62	0.683764	0.1635987
7010	-1588.25	-1588.84	0.580736	0.1690939
7020	-1588.61	-1589.13	0.515271	0.1725932
7030	-1588.17	-1589.04	0.87114	0.153627
7040	-1589.52	-1590.58	1.0536	0.1439143
7050	-1587.93	-1588.71	0.786022	0.1581547
7060	-1587.97	-1588.63	0.665751	0.1645586
7070	-1588.28	-1589.18	0.894952	0.1523604
7080	-1589.1	-1590.11	1.01035	0.1462191
7090	-1588.02	-1588.67	0.644339	0.1657
7100	-1587.89	-1588.62	0.730023	0.161135
7110	-1588.3	-1589.2	0.897947	0.1522012
7120	-1588.64	-1589.15	0.511467	0.1727967
7130	-1587.9	-1588.66	0.760811	0.1594962
7140	-1587.95	-1588.62	0.676023	0.1640112
7150	-1587.94	-1588.62	0.680356	0.1637803
7160	-1587.97	-1588.77	0.806902	0.1570439
7170	-1588.95	-1589.42	0.466678	0.1751952
7180	-1588.39	-1589.3	0.914225	0.1513352
7190	-1588.33	-1588.9	0.564634	0.169954
7200	-1588.77	-1589.75	0.972007	0.1482605
7210	-1591.6	-1592.8	1.20484	0.1358278
7220	-1590.24	-1591.35	1.11394	0.1406936
7230	-1590.39	-1591.51	1.12494	0.140106
7240	-1589.01	-1589.47	0.459227	0.1755946
7250	-1587.89	-1588.62	0.72707	0.1612922
7260	-1589.15	-1590.17	1.01639	0.145897
7270	-1588.23	-1589.12	0.884762	0.1529024
7280	-1588.01	-1588.84	0.825805	0.1560383
7290	-1589.78	-1590.15	0.373985	0.1801712
7300	-1587.95	-1588.63	0.674172	0.1641098
7310	-1587.9	-1588.62	0.719342	0.1617037
7320	-1588.16	-1589.03	0.868294	0.1537784
7330	-1587.94	-1588.73	0.791909	0.1578415
7340	-1589.81	-1590.89	1.07906	0.1425562
7350	-1588.97	-1589.44	0.464108	0.175333
7360	-1590.15	-1590.49	0.338405	0.182086
7370	-1587.9	-1588.67	0.764929	0.1592771
7380	-1588.11	-1588.73	0.616399	0.1671903
7390	-1588.55	-1589.49	0.940397	0.1499428
7400	-1588.07	-1588.92	0.84555	0.1549881
7410	-1588.63	-1589.14	0.512827	0.172724
7420	-1587.89	-1588.62	0.72467	0.16142
7430	-1588	-1588.83	0.822463	0.1562161
7440	-1589.08	-1590.09	1.0087	0.1463069
7450	-1587.92	-1588.61	0.694664	0.163018
7460	-1588.01	-1588.83	0.823423	0.156165
7470	-1588.47	-1589.01	0.538466	0.1713526
7480	-1588.19	-1588.79	0.594297	0.1683699
7490	-1588.52	-1589.05	0.530881	0.1717582
7500	-1588.15	-1589.02	0.866648	0.1538659
7510	-1588.13	-1588.99	0.860005	0.1542193
7520	-1587.92	-1588.69	0.777368	0.1586152
7530	-1588.02	-1588.85	0.829624	0.1558352
7540	-1587.93	-1588.73	0.790245	0.15793
7550	-1587.89	-1588.62	0.723759	0.1614685
7560	-1587.93	-1588.72	0.789134	0.1579891
7570	-1591.75	-1592.96	1.21358	0.1353583
7580	-1587.91	-1588.69	0.774763	0.1587538
7590	-1588.02	-1588.67	0.644177	0.1657086
7600	-1588.91	-1589.39	0.472011	0.1749095
7610	-1588.27	-1589.17	0.893375	0.1524443
7620	-1587.89	-1588.63	0.737442	0.1607401
7630	-1588.34	-1588.91	0.562363	0.1700753
7640	-1588.48	-1589.41	0.929645	0.1505149
7650	-1591.84	-1593.05	1.21864	0.1350868
7660	-1589.41	-1590.45	1.0429	0.1444844
7670	-1588.36	-1589.26	0.908824	0.1516225
7680	-1588.03	-1588.67	0.641632	0.1658443
7690	-1588.7	-1589.2	0.50139	0.1733361
7700	-1588.03	-1588.86	0.830619	0.1557823
7710	-1588.41	-1588.96	0.550443	0.1707123
7720	-1587.99	-1588.81	0.816585	0.1565287
7730	-1588.63	-1589.58	0.951905	0.1493304
7740	-1588.6	-1589.54	0.947691	0.1495547
7750	-1587.95	-1588.75	0.799038	0.1574622
7760	-1589.85	-1590.94	1.08276	0.1423589
7770	-1589.25	-1589.68	0.430531	0.1771336
7780	-1588.02	-1588.85	0.828862	0.1558757
7790	-1588.55	-1589.49	0.940141	0.1499564
7800	-1588.24	-1589.13	0.886065	0.1528331
7810	-1588.55	-1589.5	0.941485	0.1498849
7820	-1588.18	-1589.05	0.873331	0.1535105
7830	-1587.96	-1588.76	0.801607	0.1573256
7840	-1588.16	-1589.03	0.869178	0.1537313
7850	-1588.02	-1588.66	0.645964	0.1656133
7860	-1587.93	-1588.62	0.685572	0.1635024
7870	-1587.91	-1588.69	0.775994	0.1586883
7880	-1587.91	-1588.61	0.702496	0.1626008
7890	-1588.47	-1589.01	0.538249	0.1713642
7900	-1589.96	-1591.05	1.09155	0.1418895
7910	-1587.92	-1588.7	0.778805	0.1585387
7920	-1588.73	-1589.69	0.965805	0.1485907
7930	-1587.93	-1588.62	0.684081	0.1635818
7940	-1588.19	-1588.79	0.595189	0.1683222
7950	-1590.22	-1591.33	1.11241	0.1407753
7960	-1587.91	-1588.69	0.775169	0.1587322
7970	-1587.9	-1588.65	0.755111	0.1597996
7980	-1589.1	-1589.55	0.448258	0.1761827
7990	-1587.91	-1588.61	0.701438	0.1626572
8000	-1588.81	-1589.79	0.977224	0.1479828
8010	-1587.95	-1588.74	0.796971	0.1575722
8020	-1588.35	-1589.25	0.907248	0.1517064
8030	-1588.02	-1588.85	0.828528	0.1558935
8040	-1588.29	-1588.86	0.573663	0.1694717
8050	-1589.12	-1589.56	0.446106	0.1762981
8060	-1589.77	-1590.15	0.374451	0.1801462
8070	-1587.9	-1588.61	0.713127	0.1620347
8080	-1589.46	-1590.51	1.0474	0.1442448
8090	-1592.61	-1592.76	0.152683	0.1921308
8100	-1590.54	-1590.85	0.304081	0.183936
8110	-1587.99	-1588.64	0.657975	0.164973
8120	-1587.93	-1588.62	0.687778	0.1633848
8130	-1588.45	-1588.99	0.542235	0.1711511
8140	-1588.01	-1588.66	0.647825	0.1655142
8150	-1587.9	-1588.67	0.766279	0.1592052
8160	-1587.91	-1588.61	0.705423	0.162445
8170	-1589.3	-1589.73	0.424243	0.1774711
8180	-1590.26	-1590.58	0.328918	0.1825971
8190	-1588	-1588.83	0.8223	0.1562248
8200	-1587.95	-1588.75	0.799593	0.1574327
8210	-1588.08	-1588.7	0.626452	0.166654
8220	-1588.13	-1588.99	0.861397	0.1541452
8230	-1587.97	-1588.64	0.663982	0.1646528
8240	-1589.4	-1590.44	1.04196	0.1445346
8250	-1588.06	-1588.9	0.841104	0.1552246
8260	-1588.86	-1589.84	0.982967	0.1476771
8270	-1587.92	-1588.7	0.778303	0.1585654
8280	-1588.89	-1589.87	0.986273	0.1475011
8290	-1587.89	-1588.63	0.735788	0.1608281
8300	-1587.9	-1588.61	0.711171	0.1621388
8310	-1590.07	-1591.18	1.10093	0.1413884
8320	-1589.15	-1589.59	0.44242	0.1764958
8330	-1587.97	-1588.78	0.808061	0.1569822
8340	-1589.32	-1590.36	1.03412	0.1449526
8350	-1587.91	-1588.69	0.775779	0.1586997
8360	-1587.93	-1588.62	0.687399	0.163405
8370	-1591.64	-1592.84	1.20702	0.1357107
8380	-1588.56	-1589.5	0.941607	0.1498784
8390	-1588.51	-1589.45	0.935233	0.1502175
8400	-1588.01	-1588.83	0.823217	0.156176
8410	-1588.01	-1588.66	0.648138	0.1654975
8420	-1588.06	-1588.69	0.631198	0.1664008
8430	-1587.92	-1588.71	0.783762	0.1582749
8440	-1587.93	-1588.62	0.685798	0.1634903
8450	-1587.9	-1588.65	0.756678	0.1597162
8460	-1588.14	-1588.75	0.60834	0.1676203
8470	-1587.95	-1588.75	0.800817	0.1573676
8480	-1590.4	-1591.53	1.12598	0.1400503
8490	-1593.22	-1593.34	0.113977	0.1942357
8500	-1588.47	-1589.01	0.538002	0.1713774
8510	-1590.77	-1591.92	1.15213	0.1386517
8520	-1589.61	-1590	0.390656	0.179275
8530	-1588.7	-1589.2	0.502221	0.1732916
8540	-1588.09	-1588.94	0.849459	0.1547802
8550	-1588.44	-1588.98	0.543978	0.1710579
8560	-1589.81	-1590.89	1.07956	0.1425295
8570	-1588.42	-1588.96	0.548382	0.1708225
8580	-1588.21	-1588.8	0.591695	0.1685087
8590	-1588.79	-1589.28	0.489471	0.1739742
8600	-1588.83	-1589.31	0.483592	0.1742891
8610	-1587.93	-1588.72	0.786738	0.1581166
8620	-1588.66	-1589.17	0.5079	0.1729876
8630	-1587.93	-1588.62	0.687571	0.1633959
8640	-1587.89	-1588.64	0.749796	0.1600825
8650	-1590.34	-1591.46	1.12165	0.1402819
8660	-1588.37	-1588.92	0.557639	0.1703278
8670	-1587.89	-1588.62	0.730386	0.1611157
8680	-1589.68	-1590.06	0.383948	0.1796355
8690	-1587.92	-1588.61	0.695611	0.1629676
8700	-1588.01	-1588.66	0.650192	0.1653879
8710	-1588.32	-1589.22	0.902231	0.1519732
8720	-1587.95	-1588.75	0.799864	0.1574183
8730	-1587.93	-1588.62	0.68993	0.1632702
8740	-1588.24	-1588.83	0.583442	0.1689494
8750	-1588.97	-1589.43	0.464885	0.1752913
8760	-1589.83	-1590.92	1.0812	0.1424418
8770	-1587.9	-1588.66	0.75826	0.159632
8780	-1587.92	-1588.61	0.697974	0.1628417
8790	-1587.95	-1588.62	0.675312	0.164049
8800	-1591.64	-1591.85	0.219012	0.1885333
8810	-1588.09	-1588.71	0.621689	0.166908
8820	-1588.73	-1589.23	0.49786	0.173525
8830	-1587.99	-1588.81	0.816471	0.1565349
8840	-1588.03	-1588.87	0.833093	0.1556507
8850	-1591.68	-1592.89	1.20954	0.1355756
8860	-1589.61	-1590.68	1.06189	0.1434718
8870	-1588.12	-1588.98	0.8593	0.1542567
8880	-1590.7	-1590.99	0.290669	0.1846596
8890	-1588.65	-1589.6	0.954835	0.1491745
8900	-1588.32	-1588.89	0.566825	0.1698369
8910	-1588.21	-1588.8	0.590994	0.1685462
8920	-1588.27	-1589.16	0.891439	0.1525473
8930	-1587.95	-1588.62	0.675466	0.1640408
8940	-1587.93	-1588.62	0.688938	0.1633231
8950	-1587.91	-1588.68	0.770982	0.158955
8960	-1587.9	-1588.61	0.711035	0.1621461
8970	-1590.46	-1590.78	0.310643	0.1835821
8980	-1588.18	-1589.05	0.872135	0.1535741
8990	-1588.82	-1589.3	0.484734	0.1742279
9000	-1587.91	-1588.61	0.703718	0.1625358
9010	-1588.53	-1589.06	0.529209	0.1718476
9020	-1588.15	-1589.02	0.867037	0.1538452
9030	-1588.72	-1589.22	0.498487	0.1734915
9040	-1587.9	-1588.67	0.76325	0.1593664
9050	-1588.53	-1589.06	0.529093	0.1718538
9060	-1587.89	-1588.63	0.732988	0.1609772
9070	-1588.07	-1588.92	0.844967	0.1550191
9080	-1588.82	-1589.3	0.484886	0.1742197
9090	-1589.69	-1590.07	0.382791	0.1796978
9100	-1588.49	-1589.42	0.931897	0.1503951
9110	-1587.89	-1588.62	0.723079	0.1615047
9120	-1587.98	-1588.79	0.811618	0.156793
9130	-1588.43	-1589.35	0.921729	0.150936
9140	-1590.32	-1591.44	1.12006	0.140367
9150	-1588.33	-1588.9	0.564175	0.1699785
9160	-1589.43	-1590.47	1.04453	0.1443976
9170	-1588.35	-1588.91	0.561094	0.1701431
9180	-1588.49	-1589.03	0.534624	0.171558
9190	-1588.46	-1589	0.540265	0.1712564
9200	-1588.12	-1588.98	0.857976	0.1543271
9210	-1587.9	-1588.61	0.713106	0.1620358
9220	-1587.89	-1588.62	0.729322	0.1611724
9230	-1588.09	-1588.71	0.621841	0.1668999
9240	-1588.34	-1588.9	0.563558	0.1700115
9250	-1588.54	-1589.48	0.938793	0.1500282
9260	-1588.25	-1589.13	0.887426	0.1527607
9270	-1588.5	-1589.04	0.533027	0.1716434
9280	-1588.27	-1589.16	0.891903	0.1525226
9290	-1588.16	-1589.03	0.869246	0.1537277
9300	-1588.05	-1588.89	0.838481	0.1553641
9310	-1587.9	-1588.62	0.7198	0.1616793
9320	-1587.91	-1588.68	0.771025	0.1589527
9330	-1587.91	-1588.61	0.698577	0.1628096
9340	-1588.21	-1589.09	0.8792	0.1531983
9350	-1588.09	-1588.94	0.850363	0.1547321
9360	-1587.95	-1588.63	0.675168	0.1640567
9370	-1588.03	-1588.86	0.831355	0.1557431
9380	-1588.05	-1588.69	0.633687	0.1662681
9390	-1587.91	-1588.67	0.767265	0.1591528
9400	-1588.31	-1588.88	0.569643	0.1696864
9410	-1589.83	-1590.2	0.368882	0.1804457
9420	-1591.69	-1592.9	1.2101	0.1355456
9430	-1588.91	-1589.89	0.988497	0.1473827
9440	-1587.93	-1588.72	0.789255	0.1579827
9450	-1587.9	-1588.65	0.754073	0.1598548
9460	-1587.96	-1588.77	0.804675	0.1571623
9470	-1588.48	-1589.01	0.537547	0.1714018
9480	-1588.8	-1589.29	0.487473	0.1740812
9490	-1588.23	-1588.82	0.585088	0.1688615
9500	-1587.91	-1588.61	0.70053	0.1627056
9510	-1587.91	-1588.68	0.773204	0.1588367
9520	-1588.01	-1588.66	0.649086	0.1654469
9530	-1590	-1591.1	1.09511	0.1416995
9540	-1588.39	-1589.3	0.914327	0.1513298
9550	-1588.81	-1589.78	0.976428	0.1480252
9560	-1588.56	-1589.5	0.941881	0.1498638
9570	-1587.93	-1588.72	0.787033	0.1581009
9580	-1588.83	-1589.81	0.979369	0.1478687
9590	-1588.25	-1589.14	0.888353	0.1527114
9600	-1589.17	-1589.61	0.439525	0.1766511
9610	-1588.22	-1589.1	0.882388	0.1530287
9620	-1591.1	-1591.36	0.259297	0.186354
9630	-1587.96	-1588.76	0.801398	0.1573367
9640	-1587.91	-1588.68	0.768621	0.1590806
9650	-1587.93	-1588.62	0.689122	0.1633132
9660	-1588.37	-1588.92	0.557871	0.1703154
9670	-1588.45	-1588.99	0.542721	0.1711251
9680	-1588.87	-1589.86	0.984668	0.1475865
9690	-1588.44	-1588.98	0.544525	0.1710287
9700	-1587.9	-1588.67	0.763517	0.1593522
9710	-1588.09	-1588.94	0.85021	0.1547402
9720	-1591.01	-1591.28	0.265957	0.1859941
9730	-1589.06	-1589.51	0.453024	0.1759271
9740	-1588.28	-1588.85	0.575711	0.1693623
9750	-1590.49	-1590.8	0.30832	0.1837074
9760	-1587.93	-1588.73	0.790268	0.1579288
9770	-1589.15	-1589.59	0.442354	0.1764994
9780	-1589.32	-1590.35	1.03346	0.1449876
9790	-1588.66	-1589.17	0.508061	0.172979
9800	-1587.9	-1588.67	0.763594	0.1593481
9810	-1587.89	-1588.62	0.72959	0.1611581
9820	-1588.34	-1589.24	0.905215	0.1518145
9830	-1588.3	-1589.2	0.898048	0.1521957
9840	-1588.51	-1589.45	0.935167	0.1502211
9850	-1587.95	-1588.63	0.67416	0.1641104
9860	-1587.89	-1588.62	0.725676	0.1613665
9870	-1588.44	-1588.99	0.543886	0.1710628
9880	-1587.94	-1588.62	0.680629	0.1637657
9890	-1588.1	-1588.72	0.619928	0.167002
9900	-1587.92	-1588.7	0.779608	0.158496
9910	-1588.06	-1588.69	0.631762	0.1663707
9920	-1587.92	-1588.71	0.782424	0.1583461
9930	-1589.24	-1589.67	0.431884	0.1770611
9940	-1589.83	-1590.91	1.08065	0.142471
9950	-1587.89	-1588.64	0.748764	0.1601374
9960	-1588.02	-1588.67	0.643948	0.1657209
9970	-1587.92	-1588.62	0.69072	0.1632281
9980	-1588	-1588.82	0.820001	0.156347
9990	-1589.18	-1590.19	1.01898	0.145759
10000	-1588.47	-1589.4	0.928435	0.1505792
