Iteration	Posterior	Likelihood	Prior	birth_rate
0	-1734.47	-1736.71	2.2342	0.04508616
10	-1612.52	-1614.33	1.81409	0.1018155
20	-1676.41	-1678.7	2.29473	0.06292716
30	-1709.28	-1711.57	2.29853	0.05179812
40	-1744.37	-1746.57	2.19515	0.04277171
50	-1704.52	-1706.83	2.30457	0.05321817
60	-1752.4	-1754.56	2.15814	0.04100733
70	-1623.96	-1625.94	1.9778	0.09156229
80	-1632.52	-1634.58	2.06868	0.08531541
90	-1615.82	-1617.68	1.86739	0.09857785
100	-1705.71	-1708.01	2.30326	0.05285932
110	-1655.74	-1657.97	2.22799	0.07198205
120	-1631.89	-1633.95	2.06275	0.08574134
130	-1635.71	-1637.81	2.09739	0.08320718
140	-1763.97	-1766.06	2.09677	0.0386269
150	-1749.65	-1751.82	2.17133	0.04160056
160	-1797.12	-1798.99	1.87118	0.03269967
170	-1741.33	-1743.54	2.20793	0.04346586
180	-1662.17	-1664.42	2.25511	0.06894363
190	-1662.08	-1664.33	2.25478	0.06898323
200	-1590.18	-1590.51	0.335912	0.1822203
210	-1592.66	-1593.92	1.26319	0.132691
220	-1595.21	-1596.58	1.37767	0.1264966
230	-1648.03	-1650.22	2.18675	0.07594809
240	-1798.56	-1800.41	1.85981	0.0324688
250	-1629.56	-1631.6	2.03974	0.08736625
260	-1636.98	-1639.09	2.10813	0.08239692
270	-1689.29	-1691.6	2.30948	0.05817165
280	-1739.67	-1741.88	2.21463	0.04385197
290	-1609.92	-1611.69	1.76766	0.1045769
300	-1609.63	-1611.39	1.76225	0.1048957
310	-1655.41	-1657.64	2.22643	0.07214414
320	-1718.07	-1720.35	2.28208	0.04930784
330	-1600.22	-1601.76	1.54518	0.1172854
340	-1626.89	-1628.9	2.0114	0.08931568
350	-1587.89	-1588.62	0.726811	0.161306
360	-1597.18	-1598.63	1.45034	0.1225264
370	-1590.95	-1591.23	0.270327	0.185758
380	-1588.93	-1589.4	0.469359	0.1750516
390	-1595.31	-1596.69	1.38177	0.1262731
400	-1637.41	-1639.52	2.11171	0.08212359
410	-1611.55	-1613.35	1.79726	0.1028223
420	-1658.41	-1660.65	2.24003	0.07069021
430	-1736.08	-1738.31	2.22837	0.04469977
440	-1867.77	-1868.94	1.1661	0.02331927
450	-1713.5	-1715.79	2.29147	0.0505804
460	-1679.18	-1681.48	2.29948	0.06185504
470	-1746.13	-1748.32	2.18743	0.04237636
480	-1607.74	-1609.47	1.72531	0.1070559
490	-1595.95	-1597.35	1.40627	0.1249383
500	-1611.07	-1612.86	1.78877	0.1033277
510	-1717.79	-1720.08	2.2827	0.04938379
520	-1686.31	-1688.62	2.30769	0.05922335
530	-1653.25	-1655.47	2.21576	0.07322186
540	-1615.78	-1617.65	1.86691	0.09860715
550	-1746.55	-1748.73	2.18558	0.04228406
560	-1666.06	-1668.33	2.2686	0.06720815
570	-1673.41	-1675.7	2.28854	0.06412185
580	-1632.05	-1634.11	2.06428	0.08563189
590	-1588.96	-1589.42	0.466476	0.175206
600	-1617.75	-1619.65	1.89619	0.09679249
610	-1647.43	-1649.62	2.18312	0.0762724
620	-1709.32	-1711.62	2.29846	0.05178445
630	-1784.18	-1786.15	1.96771	0.03486935
640	-1825.59	-1827.21	1.62231	0.02846916
650	-1752.99	-1755.15	2.15521	0.04088046
660	-1622.6	-1624.56	1.96108	0.09265734
670	-1652.08	-1654.29	2.20967	0.07381737
680	-1669.13	-1671.41	2.27779	0.06588818
690	-1649.14	-1651.33	2.19331	0.07535386
700	-1675.63	-1677.93	2.29324	0.06323159
710	-1728.22	-1730.48	2.25499	0.0466348
720	-1752.05	-1754.21	2.15986	0.04108293
730	-1811.78	-1813.53	1.74917	0.03043448
740	-1610.34	-1612.12	1.77551	0.1041133
750	-1834.4	-1835.94	1.53548	0.02729308
760	-1880.28	-1881.29	1.01158	0.02200305
770	-1863.52	-1864.73	1.21676	0.02378779
780	-1681.75	-1684.06	2.3031	0.06088404
790	-1696.42	-1698.73	2.31002	0.05577438
800	-1654.48	-1656.7	2.22193	0.0726047
810	-1597.09	-1598.54	1.44729	0.1226939
820	-1649.99	-1652.18	2.19817	0.07490619
830	-1628.57	-1630.6	2.02951	0.08807618
840	-1618.52	-1620.42	1.90705	0.09611211
850	-1588.61	-1589.56	0.95013	0.1494249
860	-1613.52	-1612.82	-0.697204	0.2395082
870	-1633.51	-1635.59	2.07793	0.08464501
880	-1594.42	-1595.77	1.34546	0.128246
890	-1618.09	-1619.99	1.90099	0.09649226
900	-1616.25	-1618.12	1.87401	0.09816983
910	-1587.89	-1588.63	0.740131	0.1605969
920	-1628.73	-1630.76	2.03113	0.08796405
930	-1698.56	-1700.86	2.30919	0.05508295
940	-1717.74	-1720.02	2.28282	0.04939802
950	-1599.21	-1600.73	1.51574	0.1189205
960	-1589.11	-1590.12	1.01177	0.1461434
970	-1612.47	-1614.28	1.8132	0.101869
980	-1700.76	-1703.06	2.30788	0.05438418
990	-1756.49	-1758.63	2.13749	0.04014388
1000	-1590.5	-1591.63	1.1333	0.1396593
1010	-1680.13	-1682.43	2.30091	0.06149374
1020	-1709.09	-1711.39	2.2988	0.05185219
1030	-1784.68	-1786.65	1.96417	0.03478201
1040	-1589.08	-1589.53	0.450711	0.1760511
1050	-1588.37	-1589.28	0.911383	0.1514864
1060	-1683.32	-1685.62	2.30494	0.06030524
1070	-1770.37	-1772.42	2.05885	0.0373847
1080	-1747.96	-1750.14	2.17916	0.04197014
1090	-1593.85	-1595.17	1.32022	0.129613
1100	-1654.98	-1657.2	2.22436	0.07235676
1110	-1602.51	-1604.12	1.60691	0.1138274
1120	-1590.68	-1591.83	1.1463	0.1389637
1130	-1594.31	-1595.65	1.34058	0.1285105
1140	-1611.86	-1613.67	1.80279	0.1024919
1150	-1646.77	-1648.95	2.17899	0.07663653
1160	-1683.79	-1686.09	2.30543	0.06013432
1170	-1708.67	-1710.97	2.29942	0.05197701
1180	-1654.61	-1656.84	2.22259	0.07253786
1190	-1654.84	-1657.06	2.22369	0.07242568
1200	-1704.4	-1706.71	2.3047	0.05325515
1210	-1642.15	-1644.3	2.14803	0.07925499
1220	-1740.32	-1742.53	2.21202	0.04369952
1230	-1692.16	-1694.47	2.31031	0.05718875
1240	-1613.23	-1615.06	1.82612	0.1010914
1250	-1720.09	-1722.37	2.27737	0.04875967
1260	-1846.96	-1848.36	1.40398	0.02571363
1270	-1793.49	-1795.39	1.89929	0.03329037
1280	-1716.2	-1718.49	2.28613	0.04982213
1290	-1672.35	-1674.64	2.2861	0.06455165
1300	-1616.42	-1618.3	1.87663	0.09800818
1310	-1706.69	-1708.99	2.30207	0.05256378
1320	-1749.43	-1751.61	2.17235	0.04164794
1330	-1589.34	-1590.38	1.03587	0.1448591
1340	-1605.2	-1604.78	-0.424638	0.2240248
1350	-1590.76	-1591.05	0.285825	0.1849211
1360	-1607.96	-1607.44	-0.520312	0.2294257
1370	-1681.19	-1679.02	-2.16419	0.3287027
1380	-1590.62	-1591.76	1.14193	0.1391974
1390	-1654.18	-1656.4	2.22047	0.07275261
1400	-1630.28	-1632.33	2.047	0.08685849
1410	-1648.63	-1650.82	2.19031	0.07562756
1420	-1656.29	-1658.52	2.23057	0.07171187
1430	-1602.68	-1602.35	-0.331009	0.2187735
1440	-1664.86	-1662.99	-1.87315	0.3101472
1450	-1621.58	-1620.65	-0.92561	0.2527221
1460	-1617.62	-1619.51	1.89421	0.09691623
1470	-1847.17	-1848.57	1.40165	0.02568747
1480	-1822.67	-1824.32	1.65008	0.02887189
1490	-1694.85	-1697.16	2.31034	0.05628819
1500	-1626.54	-1628.55	2.00755	0.08957633
1510	-1698.29	-1700.6	2.30932	0.05516657
1520	-1598.73	-1600.24	1.50111	0.1197306
1530	-1588.84	-1589.32	0.481674	0.1743918
1540	-1588.09	-1588.94	0.850087	0.1547468
1550	-1594.89	-1596.26	1.3651	0.1271796
1560	-1620.66	-1622.59	1.93621	0.09426312
1570	-1664.22	-1666.49	2.2625	0.06801721
1580	-1716.68	-1718.97	2.28512	0.04968977
1590	-1762.06	-1764.16	2.10754	0.03900719
1600	-1726.59	-1728.85	2.25992	0.04705121
1610	-1789.87	-1791.79	1.92659	0.03389478
1620	-1718.86	-1721.14	2.28028	0.04909282
1630	-1736.03	-1738.26	2.22855	0.04471125
1640	-1607.24	-1608.95	1.71489	0.1076606
1650	-1597.1	-1598.55	1.44771	0.1226706
1660	-1778.44	-1780.45	2.00711	0.03588835
1670	-1722.33	-1724.61	2.27174	0.04816055
1680	-1589.91	-1591	1.08792	0.142083
1690	-1829.18	-1830.76	1.58755	0.0279839
1700	-1720.25	-1722.53	2.27698	0.04871663
1710	-1731.66	-1733.91	2.24393	0.04577383
1720	-1798.29	-1800.15	1.86191	0.03251111
1730	-1658.16	-1660.39	2.23892	0.07081327
1740	-1665.11	-1667.38	2.26551	0.06762366
1750	-1700.23	-1702.54	2.30824	0.05455073
1760	-1710.27	-1712.56	2.29702	0.05150879
1770	-1646.45	-1648.63	2.17699	0.07681209
1780	-1633.96	-1636.04	2.08194	0.08435133
1790	-1653.15	-1655.37	2.21526	0.07327129
1800	-1620.64	-1622.58	1.93604	0.09427411
1810	-1588.41	-1588.96	0.55001	0.1707355
1820	-1592.04	-1593.27	1.23032	0.1344596
1830	-1597.02	-1596.93	-0.0896139	0.205381
1840	-1595.59	-1595.57	-0.0183188	0.2014634
1850	-1710.63	-1712.93	2.29643	0.051402
1860	-1767.58	-1769.66	2.07567	0.03791826
1870	-1740.41	-1742.62	2.21166	0.04367868
1880	-1746.25	-1748.44	2.18691	0.0423504
1890	-1717.34	-1719.62	2.28371	0.04950935
1900	-1771.42	-1773.47	2.05236	0.03718573
1910	-1687.61	-1689.92	2.30859	0.05876032
1920	-1618.67	-1620.57	1.90913	0.09598121
1930	-1611.08	-1612.87	1.78891	0.1033193
1940	-1615.13	-1616.99	1.8568	0.09922759
1950	-1673.19	-1675.48	2.28804	0.06421096
1960	-1717	-1719.28	2.28444	0.04960223
1970	-1686.83	-1689.14	2.30807	0.05903659
1980	-1669.97	-1672.25	2.28007	0.06553801
1990	-1617.45	-1619.35	1.89183	0.09706437
2000	-1591.34	-1591.58	0.240453	0.1873729
2010	-1594.9	-1596.27	1.36536	0.127166
2020	-1588.86	-1589.84	0.982967	0.1476771
2030	-1596.17	-1596.12	-0.0480035	0.2030925
2040	-1601.65	-1601.36	-0.290631	0.2165189
2050	-1753.99	-1750.74	-3.24866	0.402042
2060	-1642.57	-1641.14	-1.42722	0.2825736
2070	-1686.76	-1684.5	-2.25825	0.3347983
2080	-1588.92	-1589.39	0.471614	0.1749307
2090	-1617.96	-1619.86	1.89912	0.09660964
2100	-1605.16	-1604.74	-0.423025	0.2239341
2110	-1648.56	-1647.01	-1.55401	0.2903107
2120	-1588.5	-1589.04	0.533098	0.1716396
2130	-1623.31	-1625.28	1.96992	0.09208022
2140	-1606.48	-1608.18	1.699	0.1085796
2150	-1651.96	-1654.17	2.20903	0.07387926
2160	-1591.47	-1592.66	1.19685	0.1362563
2170	-1635.83	-1637.92	2.0984	0.08313137
2180	-1618.71	-1620.62	1.90978	0.09594045
2190	-1645.61	-1647.78	2.1716	0.07727971
2200	-1701.82	-1704.13	2.30708	0.05405063
2210	-1654.49	-1656.71	2.22196	0.07260156
2220	-1593.68	-1594.99	1.31269	0.1300202
2230	-1679.13	-1681.43	2.29941	0.06187198
2240	-1835.87	-1837.39	1.52064	0.02710354
2250	-1665.84	-1668.1	2.26788	0.06730554
2260	-1609.73	-1611.49	1.76406	0.1047894
2270	-1667.33	-1669.6	2.27256	0.0666565
2280	-1650.69	-1652.9	2.20214	0.07453471
2290	-1621.05	-1622.99	1.94137	0.09393237
2300	-1710.6	-1712.89	2.29649	0.05141258
2310	-1591.21	-1592.39	1.18105	0.1371031
2320	-1703.63	-1705.93	2.30548	0.05349214
2330	-1663.85	-1666.12	2.26121	0.06818227
2340	-1596.08	-1596.04	-0.043593	0.2028503
2350	-1650.67	-1649.08	-1.59728	0.29297
2360	-1591.27	-1591.51	0.246102	0.1870673
2370	-1794.82	-1791.06	-3.76116	0.4391539
2380	-1593.47	-1593.57	0.0993357	0.195033
2390	-1588.68	-1589.19	0.504311	0.1731797
2400	-1605.05	-1606.72	1.66773	0.1103752
2410	-1594.11	-1595.44	1.33201	0.1289747
2420	-1605.89	-1607.58	1.68641	0.1093043
2430	-1683.14	-1685.44	2.30474	0.06037121
2440	-1718.25	-1720.54	2.28167	0.04925792
2450	-1760.64	-1762.75	2.11538	0.03929303
2460	-1731.95	-1734.2	2.24296	0.04570264
2470	-1650.34	-1652.54	2.20016	0.07472038
2480	-1724.73	-1727	2.26526	0.04753163
2490	-1736.1	-1738.33	2.22829	0.04469484
2500	-1784.39	-1786.35	1.96624	0.03483296
2510	-1777.24	-1779.26	2.01504	0.0361053
2520	-1650.5	-1652.7	2.20106	0.0746369
2530	-1678.81	-1681.1	2.29889	0.06199769
2540	-1649.11	-1651.3	2.19314	0.07536956
2550	-1601.16	-1602.73	1.57128	0.1158285
2560	-1636.52	-1638.62	2.10426	0.08268996
2570	-1597.51	-1597.4	-0.112825	0.20666
2580	-1769.94	-1766.49	-3.45508	0.4167925
2590	-1588.18	-1589.05	0.872235	0.1535688
2600	-1673.59	-1675.88	2.28895	0.06404812
2610	-1654.34	-1656.57	2.22126	0.07267233
2620	-1706.41	-1708.71	2.30243	0.05264953
2630	-1618.92	-1620.84	1.91275	0.09575307
2640	-1610.46	-1612.24	1.77766	0.1039866
2650	-1680.34	-1682.64	2.3012	0.06141545
2660	-1608.62	-1610.36	1.74278	0.1060375
2670	-1941.34	-1941.48	0.134772	0.01665328
2680	-1689.52	-1691.83	2.30957	0.05809206
2690	-1616.07	-1617.94	1.87125	0.09833982
2700	-1647.44	-1649.63	2.18317	0.07626772
2710	-1700.31	-1702.61	2.30819	0.05452625
2720	-1672.41	-1674.7	2.28624	0.06452687
2730	-1613.91	-1615.75	1.83736	0.1004114
2740	-1600.62	-1602.17	1.55643	0.1166581
2750	-1603.3	-1604.93	1.62657	0.1127171
2760	-1596.46	-1596.4	-0.062504	0.2038894
2770	-1689.31	-1691.62	2.30948	0.05816483
2780	-1649.54	-1651.73	2.19561	0.07514322
2790	-1687.8	-1690.1	2.3087	0.05869578
2800	-1647.1	-1649.28	2.18106	0.07645444
2810	-1614.58	-1616.43	1.84815	0.09975596
2820	-1591.13	-1592.31	1.17606	0.1373707
2830	-1588.79	-1589.77	0.974456	0.1481302
2840	-1644.77	-1646.93	2.16609	0.07775103
2850	-1624.73	-1626.72	1.98686	0.09096253
2860	-1737.56	-1739.78	2.22281	0.04434705
2870	-1710.33	-1712.63	2.29691	0.05149012
2880	-1748.56	-1750.73	2.17643	0.0418397
2890	-1590.87	-1592.03	1.15908	0.1382798
2900	-1630.37	-1632.42	2.04788	0.08679628
2910	-1588.41	-1588.96	0.549043	0.1707871
2920	-1679.75	-1677.61	-2.13955	0.327114
2930	-1596.06	-1596.01	-0.0422147	0.2027746
2940	-1588.14	-1589.01	0.864099	0.1540015
2950	-1602.73	-1604.34	1.61225	0.1135261
2960	-1606.77	-1608.48	1.70519	0.1082223
2970	-1640.66	-1642.8	2.13715	0.08013482
2980	-1594.15	-1595.48	1.33355	0.1288916
2990	-1712.1	-1714.39	2.29399	0.05097999
3000	-1679.49	-1681.79	2.29996	0.06173557
3010	-1588.45	-1589.38	0.925473	0.1507368
3020	-1614.18	-1616.02	1.84161	0.1001538
3030	-1655.05	-1657.28	2.22473	0.07231904
3040	-1848.91	-1850.29	1.38275	0.02547792
3050	-1870.38	-1871.51	1.13462	0.02303784
3060	-1951.63	-1951.6	-0.032456	0.01590109
3070	-1734.48	-1736.71	2.23419	0.04508574
3080	-1656.18	-1658.41	2.23003	0.0717686
3090	-1589.91	-1591	1.08749	0.1421059
3100	-1710	-1712.3	2.29743	0.0515867
3110	-1689.09	-1691.39	2.30938	0.05824431
3120	-1633.06	-1635.13	2.07374	0.08494934
3130	-1706.33	-1708.63	2.30252	0.05267235
3140	-1658.01	-1660.25	2.2383	0.07088091
3150	-1816.52	-1818.23	1.70693	0.02974268
3160	-1755.54	-1757.68	2.14239	0.04034225
3170	-1686.93	-1689.24	2.30814	0.05900053
3180	-1781.41	-1783.39	1.98701	0.03535712
3190	-1616.53	-1618.4	1.87815	0.09791378
3200	-1620.06	-1621.99	1.92827	0.09476995
3210	-1589.77	-1590.84	1.07549	0.1427464
3220	-1666.6	-1668.87	2.2703	0.0669741
3230	-1609.91	-1611.68	1.76749	0.1045873
3240	-1588.41	-1588.96	0.550282	0.1707209
3250	-1697	-1694.58	-2.42522	0.3457383
3260	-1591.48	-1592.68	1.19759	0.1362168
3270	-1595.13	-1596.51	1.37469	0.1266585
3280	-1588.39	-1589.31	0.915015	0.1512932
3290	-1627.81	-1626.72	-1.08614	0.2621477
3300	-1595.51	-1596.9	1.38951	0.125852
3310	-1606.01	-1607.69	1.68883	0.1091651
3320	-1589.94	-1591.03	1.08987	0.1419794
3330	-1638.6	-1640.72	2.1213	0.08138407
3340	-1602.67	-1604.28	1.61078	0.113609
3350	-1597.92	-1599.39	1.47508	0.1211667
3360	-1776.45	-1778.47	2.02025	0.03624979
3370	-1776.9	-1778.91	2.01733	0.03616847
3380	-1652.44	-1654.66	2.21159	0.07363094
3390	-1640.07	-1642.2	2.13267	0.08049164
3400	-1587.89	-1588.63	0.735754	0.1608299
3410	-1599.88	-1599.66	-0.218034	0.2124802
3420	-1591.61	-1592.82	1.20553	0.1357905
3430	-1614.54	-1616.39	1.84742	0.09979995
3440	-1650.47	-1652.67	2.20089	0.0746523
3450	-1782.69	-1784.67	1.97816	0.03513074
3460	-1727.03	-1729.29	2.2586	0.04693743
3470	-1738.56	-1740.78	2.21897	0.0441109
3480	-1695.04	-1697.35	2.31031	0.05622639
3490	-1593.13	-1594.42	1.28685	0.1314159
3500	-1620.2	-1622.13	1.93013	0.09465152
3510	-1598.52	-1600.01	1.49429	0.1201074
3520	-1650.77	-1652.97	2.20257	0.07449418
3530	-1848.75	-1850.13	1.38448	0.02549694
3540	-1709.33	-1711.63	2.29844	0.0517811
3550	-1627.14	-1629.15	2.01411	0.08913105
3560	-1624.48	-1626.47	1.98398	0.09115367
3570	-1663.02	-1665.28	2.25826	0.06855486
3580	-1616.7	-1618.58	1.88073	0.09775418
3590	-1696.94	-1699.25	2.30986	0.05560537
3600	-1621.16	-1623.11	1.94285	0.0938367
3610	-1609.99	-1611.76	1.76908	0.1044935
3620	-1616.48	-1618.36	1.87743	0.09795835
3630	-1595.14	-1596.51	1.37492	0.1266463
3640	-1593.82	-1595.14	1.31892	0.1296831
3650	-1592.06	-1593.29	1.2313	0.134407
3660	-1593.99	-1595.32	1.32665	0.1292649
3670	-1588.4	-1589.32	0.916625	0.1512075
3680	-1600.83	-1602.39	1.56235	0.1163276
3690	-1767.38	-1769.45	2.07691	0.03795856
3700	-1861.31	-1862.56	1.24256	0.02403424
3710	-1877.09	-1878.14	1.05186	0.02233098
3720	-1742.52	-1744.73	2.203	0.04319186
3730	-1696.12	-1698.43	2.3101	0.05587203
3740	-1610.08	-1611.85	1.77068	0.1043991
3750	-1600.94	-1600.67	-0.261747	0.2149098
3760	-1676.9	-1674.81	-2.0901	0.3239357
3770	-1789.67	-1785.97	-3.69923	0.434582
3780	-1588.4	-1589.32	0.916403	0.1512194
3790	-1659.16	-1661.4	2.2432	0.07033662
3800	-1733.43	-1735.67	2.23787	0.04533893
3810	-1632.75	-1634.82	2.07084	0.08515978
3820	-1668.66	-1670.94	2.27647	0.06608649
3830	-1621.12	-1623.07	1.94233	0.09387044
3840	-1711.94	-1714.23	2.29427	0.05102665
3850	-1720.06	-1722.34	2.27745	0.04876833
3860	-1780.56	-1782.56	1.99277	0.03550688
3870	-1758.15	-1760.27	2.12882	0.03980187
3880	-1694.1	-1696.41	2.3104	0.05653764
3890	-1612.83	-1614.65	1.81934	0.1015002
3900	-1592.52	-1593.77	1.2559	0.1330839
3910	-1588.2	-1588.79	0.59273	0.1684535
3920	-1645.69	-1647.86	2.17214	0.07723293
3930	-1593.13	-1594.42	1.28694	0.1314109
3940	-1588.01	-1588.84	0.825842	0.1560363
3950	-1588.59	-1589.11	0.519391	0.1723728
3960	-1656.64	-1658.87	2.23216	0.07154355
3970	-1738.61	-1740.83	2.21878	0.04409977
3980	-1862.26	-1863.49	1.23151	0.02392802
3990	-1941.74	-1941.87	0.128411	0.01662349
4000	-1764.27	-1766.37	2.09501	0.03856598
4010	-1615.6	-1617.47	1.86415	0.09877661
4020	-1645.25	-1647.42	2.16929	0.07747793
4030	-1589.09	-1590.1	1.00968	0.1462545
4040	-1592.33	-1593.58	1.24608	0.1336121
4050	-1717.44	-1719.73	2.28348	0.04947994
4060	-1695.17	-1697.48	2.31029	0.05618228
4070	-1600.12	-1601.66	1.54234	0.1174438
4080	-1618.83	-1620.74	1.91137	0.09584036
4090	-1595.6	-1597	1.39319	0.1256515
4100	-1610.33	-1609.74	-0.598165	0.2338474
4110	-1614.4	-1613.68	-0.723631	0.2410255
4120	-1589.08	-1590.08	1.00826	0.1463302
4130	-1588.28	-1589.18	0.894992	0.1523583
4140	-1603.76	-1605.39	1.63754	0.112095
4150	-1710.69	-1712.99	2.29634	0.0513853
4160	-1698.48	-1700.79	2.30923	0.05510679
4170	-1626.29	-1628.29	2.00469	0.0897695
4180	-1590.09	-1590.44	0.343683	0.1818018
4190	-1689.2	-1686.9	-2.2987	0.3374341
4200	-1588.14	-1588.74	0.609337	0.1675671
4210	-1648.36	-1650.55	2.18873	0.07577031
4220	-1608.33	-1610.07	1.73704	0.1063726
4230	-1630.86	-1632.91	2.05271	0.08645522
4240	-1626.19	-1628.19	2.00359	0.08984364
4250	-1613.06	-1614.88	1.82325	0.1012647
4260	-1587.92	-1588.71	0.783254	0.158302
4270	-1589.54	-1590.6	1.05526	0.1438257
4280	-1591.08	-1591.34	0.260311	0.1862992
4290	-1716.46	-1718.75	2.28559	0.04975131
4300	-1654.92	-1657.14	2.22406	0.07238799
4310	-1603.65	-1605.28	1.63486	0.1122472
4320	-1590.93	-1592.09	1.16263	0.13809
4330	-1588.11	-1588.96	0.855271	0.1544711
4340	-1627.79	-1626.7	-1.08562	0.262117
4350	-1588.3	-1589.2	0.899221	0.1521333
4360	-1774.58	-1776.61	2.0324	0.03659485
4370	-1709.27	-1711.57	2.29854	0.05179931
4380	-1605.82	-1607.51	1.68479	0.1093971
4390	-1619.81	-1618.93	-0.877734	0.2499335
4400	-1588.38	-1589.3	0.913701	0.1513631
4410	-1590.97	-1592.14	1.16579	0.1379205
4420	-1592.15	-1593.39	1.23645	0.13413
4430	-1640.13	-1642.27	2.13316	0.08045242
4440	-1591.23	-1592.41	1.18221	0.137041
4450	-1591.83	-1593.05	1.21836	0.1351019
4460	-1622.02	-1623.97	1.9538	0.09313019
4470	-1724.29	-1726.55	2.26649	0.04764705
4480	-1606.19	-1607.89	1.69292	0.10893
4490	-1610.03	-1611.8	1.76975	0.1044536
4500	-1590.99	-1591.25	0.267825	0.1858931
4510	-1683.72	-1686.03	2.30536	0.06015808
4520	-1709.74	-1712.04	2.29784	0.05166294
4530	-1698.56	-1700.87	2.30919	0.05508128
4540	-1648.53	-1650.72	2.18973	0.07567927
4550	-1809.28	-1811.05	1.77092	0.03080736
4560	-1588.61	-1589.55	0.949106	0.1494794
4570	-1689.45	-1691.76	2.30954	0.05811784
4580	-1618.08	-1619.98	1.90091	0.0964973
4590	-1588.01	-1588.66	0.64859	0.1654734
4600	-1643.19	-1645.35	2.15539	0.07864921
4610	-1658.65	-1660.9	2.24106	0.0705757
4620	-1593.35	-1594.65	1.29739	0.1308471
4630	-1661.98	-1664.24	2.25441	0.06902798
4640	-1729.18	-1731.43	2.252	0.04639273
4650	-1702.95	-1705.26	2.30611	0.05370055
4660	-1644.76	-1646.93	2.16605	0.07775436
4670	-1834.98	-1836.51	1.52967	0.0272185
4680	-1646.41	-1648.59	2.17673	0.07683421
4690	-1719.89	-1722.17	2.27785	0.04881354
4700	-1715.64	-1717.93	2.2873	0.04997929
4710	-1752.28	-1754.44	2.15871	0.04103239
4720	-1825.94	-1827.56	1.61892	0.02842097
4730	-1714.01	-1716.3	2.29052	0.05043726
4740	-1601.37	-1602.95	1.57709	0.1155034
4750	-1666.6	-1668.87	2.27029	0.06697479
4760	-1652.69	-1654.9	2.21287	0.07350621
4770	-1721.59	-1723.86	2.27365	0.04835777
4780	-1795.28	-1797.17	1.88554	0.03299756
4790	-1698.15	-1700.46	2.30938	0.05521434
4800	-1639.63	-1641.76	2.12933	0.08075552
4810	-1592.86	-1594.13	1.27334	0.1321446
4820	-1633.85	-1635.93	2.08095	0.08442419
4830	-1590.13	-1591.24	1.10563	0.1411379
4840	-1628.03	-1630.05	2.02373	0.0884739
4850	-1592.16	-1593.39	1.23667	0.1341182
4860	-1592.64	-1593.91	1.26239	0.1327342
4870	-1612.9	-1612.22	-0.678425	0.2384317
4880	-1634.81	-1636.9	2.08955	0.08379108
4890	-1700.2	-1702.51	2.30825	0.05455931
4900	-1627.68	-1629.7	2.02003	0.08872745
4910	-1589.77	-1590.84	1.07536	0.1427534
4920	-1617.77	-1619.67	1.8964	0.09677977
4930	-1593.82	-1595.14	1.31898	0.1296798
4940	-1636.53	-1638.64	2.10439	0.08268059
4950	-1629.37	-1631.41	2.03782	0.08750044
4960	-1642.76	-1644.91	2.15234	0.07890126
4970	-1647.18	-1649.37	2.18157	0.07640902
4980	-1605.44	-1607.12	1.67649	0.1098737
4990	-1610.24	-1612.01	1.77358	0.1042279
5000	-1615.2	-1617.06	1.85792	0.09915862
5010	-1598.45	-1599.94	1.49226	0.1202192
5020	-1698.91	-1701.22	2.30901	0.05496992
5030	-1699.94	-1702.25	2.30842	0.05464104
5040	-1798.67	-1800.53	1.85892	0.03245103
5050	-1605.18	-1606.86	1.67068	0.1102066
5060	-1600.78	-1600.52	-0.255275	0.2145496
5070	-1608.05	-1609.78	1.73152	0.1066949
5080	-1639.57	-1641.7	2.12885	0.08079301
5090	-1588	-1588.65	0.653791	0.1651961
5100	-1598.3	-1599.78	1.48731	0.1204928
5110	-1675	-1677.29	2.29196	0.06348385
5120	-1631.6	-1633.66	2.05998	0.08593904
5130	-1610.39	-1612.17	1.77642	0.10406
5140	-1715.41	-1717.69	2.28777	0.05004411
5150	-1747.77	-1749.95	2.18005	0.042013
5160	-1633.73	-1635.81	2.07994	0.08449803
5170	-1605.85	-1607.54	1.68543	0.1093606
5180	-1587.93	-1588.72	0.787007	0.1581023
5190	-1606.45	-1605.98	-0.468652	0.226505
5200	-1588.57	-1589.09	0.521857	0.1722409
5210	-1633.46	-1635.53	2.0774	0.08468341
5220	-1629.72	-1631.76	2.04129	0.08725809
5230	-1794.49	-1796.38	1.89164	0.03312669
5240	-1613.61	-1615.44	1.83237	0.100714
5250	-1658.42	-1660.66	2.24007	0.07068582
5260	-1624.22	-1626.2	1.98083	0.09136179
5270	-1764.55	-1766.64	2.09344	0.03851177
5280	-1606.75	-1608.45	1.70471	0.1082498
5290	-1689.51	-1691.82	2.30957	0.05809813
5300	-1674.24	-1676.53	2.29036	0.06378797
5310	-1593.6	-1594.91	1.30899	0.1302201
5320	-1733.49	-1735.72	2.23769	0.04532642
5330	-1819.89	-1821.56	1.6761	0.02926244
5340	-1986.35	-1985.72	-0.637903	0.01361978
5350	-1856.93	-1858.22	1.29306	0.0245331
5360	-1664.44	-1666.71	2.26325	0.06791991
5370	-1723.87	-1726.14	2.26763	0.04775496
5380	-1729.84	-1732.09	2.2499	0.04622658
5390	-1687.78	-1690.09	2.30869	0.05869972
5400	-1656.6	-1658.83	2.23198	0.07156235
5410	-1793.51	-1795.41	1.89917	0.03328783
5420	-1889.53	-1890.43	0.891622	0.02108214
5430	-1945.28	-1945.35	0.0714377	0.01636099
5440	-1954.58	-1954.49	-0.0814183	0.0156923
5450	-1863.86	-1865.07	1.21275	0.02374999
5460	-1734.07	-1736.3	2.23565	0.04518528
5470	-1602.85	-1604.47	1.61539	0.113349
5480	-1596.15	-1597.57	1.41397	0.1245175
5490	-1609.11	-1608.55	-0.558453	0.2315889
5500	-1590.42	-1590.74	0.314068	0.1833975
5510	-1810.76	-1812.52	1.75808	0.03058581
5520	-1784.91	-1786.87	1.96257	0.03474292
5530	-1705.22	-1707.53	2.30381	0.05300558
5540	-1636.39	-1638.49	2.10321	0.08276939
5550	-1601.22	-1602.8	1.57312	0.1157254
5560	-1611.82	-1613.62	1.80201	0.1025385
5570	-1755.89	-1758.03	2.14059	0.04026878
5580	-1785.9	-1787.86	1.95548	0.03457075
5590	-1737.96	-1740.18	2.22128	0.04425219
5600	-1819.96	-1821.64	1.6754	0.0292517
5610	-1671.98	-1674.27	2.28521	0.06470294
5620	-1614.45	-1616.3	1.846	0.09988668
5630	-1650.92	-1653.12	2.20339	0.07441705
5640	-1676.31	-1678.61	2.29454	0.06296494
5650	-1685.69	-1688	2.3072	0.05944421
5660	-1636.91	-1639.02	2.10755	0.08244034
5670	-1726.69	-1728.95	2.25963	0.0470266
5680	-1634.67	-1636.76	2.08838	0.08387788
5690	-1589.05	-1590.05	1.0051	0.1464984
5700	-1588.54	-1589.07	0.527073	0.1719618
5710	-1621.8	-1623.76	1.9511	0.09330484
5720	-1975.99	-1975.54	-0.450639	0.01426153
5730	-1812.45	-1814.19	1.74327	0.03033528
5740	-1755.15	-1757.3	2.14438	0.04042386
5750	-1728.68	-1730.93	2.25359	0.04652006
5760	-1731.21	-1733.46	2.24543	0.04588554
5770	-1645.72	-1647.89	2.17232	0.07721703
5780	-1591.19	-1591.44	0.25215	0.1867403
5790	-1629.72	-1631.76	2.04133	0.08725522
5800	-1598.6	-1600.1	1.49702	0.1199563
5810	-1610.32	-1612.09	1.77502	0.1041426
5820	-1625.86	-1627.86	1.99984	0.09009565
5830	-1725.49	-1727.76	2.2631	0.04733375
5840	-1589.19	-1590.21	1.02073	0.1456662
5850	-1609.37	-1611.13	1.75738	0.1051823
5860	-1623.72	-1625.7	1.97487	0.0917548
5870	-1644.1	-1646.26	2.16163	0.07812801
5880	-1598.53	-1598.37	-0.159242	0.2092231
5890	-1588.61	-1589.56	0.949625	0.1494518
5900	-1650.2	-1648.61	-1.58754	0.2923705
5910	-1594.23	-1595.57	1.33738	0.128684
5920	-1678.55	-1680.85	2.29849	0.06209457
5930	-1775.97	-1777.99	2.0234	0.03633826
5940	-1685.88	-1688.19	2.30735	0.05937655
5950	-1619.86	-1621.79	1.92558	0.0949409
5960	-1624.04	-1626.02	1.97866	0.09150564
5970	-1620.67	-1622.61	1.93642	0.09424953
5980	-1588.11	-1588.73	0.614976	0.1672662
5990	-1591.61	-1592.82	1.20562	0.1357859
6000	-1621.49	-1623.44	1.94708	0.09356455
6010	-1626.99	-1629	2.01252	0.08923964
6020	-1633.21	-1631.99	-1.21645	0.2698858
6030	-1613.34	-1615.17	1.82797	0.1009797
6040	-1600.5	-1602.06	1.55334	0.1168309
6050	-1692.01	-1694.32	2.31029	0.05723974
6060	-1762.8	-1764.91	2.10335	0.03885767
6070	-1744.33	-1746.52	2.19533	0.04278138
6080	-1706.55	-1708.85	2.30224	0.05260544
6090	-1745.63	-1747.82	2.18964	0.04248802
6100	-1641.8	-1643.95	2.14552	0.07945968
6110	-1591.69	-1592.9	1.21035	0.1355322
6120	-1647.23	-1649.41	2.18186	0.07638333
6130	-1654.86	-1657.08	2.22379	0.0724157
6140	-1664.8	-1667.06	2.26446	0.06776246
6150	-1662.45	-1664.71	2.25616	0.0688152
6160	-1662.45	-1664.71	2.25618	0.06881281
6170	-1621.2	-1623.14	1.94331	0.0938071
6180	-1588.23	-1588.82	0.585215	0.1688547
6190	-1703.19	-1705.49	2.3059	0.05362772
6200	-1738.79	-1741.01	2.21807	0.04405685
6210	-1637.55	-1639.66	2.11279	0.08204086
6220	-1622.5	-1624.46	1.95992	0.09273325
6230	-1668.53	-1670.8	2.27608	0.0661457
6240	-1590.75	-1591.9	1.15093	0.1387161
6250	-1600.04	-1599.82	-0.224873	0.2128599
6260	-1596.4	-1596.34	-0.059336	0.2037152
6270	-1717.34	-1719.62	2.2837	0.04950813
6280	-1671.87	-1674.16	2.28495	0.06474727
6290	-1621.89	-1623.84	1.95216	0.09323688
6300	-1588.53	-1589.47	0.938348	0.1500518
6310	-1706.84	-1709.14	2.30188	0.0525187
6320	-1658.71	-1660.95	2.24131	0.07054882
6330	-1644.12	-1646.28	2.16174	0.07811914
6340	-1608.01	-1609.74	1.73075	0.1067393
6350	-1673.32	-1675.61	2.28835	0.0641568
6360	-1617.34	-1619.23	1.89024	0.09716399
6370	-1623.09	-1622.13	-0.965765	0.2550689
6380	-1590.09	-1590.43	0.344172	0.1817755
6390	-1590.83	-1591.99	1.15637	0.1384247
6400	-1588.61	-1589.12	0.515815	0.1725641
6410	-1629.65	-1631.69	2.04062	0.08730485
6420	-1601.3	-1601.02	-0.276313	0.2157209
6430	-1590.06	-1591.16	1.09957	0.1414614
6440	-1662.53	-1664.78	2.25644	0.06878051
6450	-1733.93	-1736.16	2.23614	0.04521886
6460	-1803.49	-1805.31	1.81977	0.03169095
6470	-1728.22	-1730.47	2.25501	0.04663654
6480	-1637.25	-1639.36	2.11036	0.08222649
6490	-1599.36	-1600.88	1.5203	0.1186681
6500	-1592.9	-1593.04	0.133898	0.1931518
6510	-1588.14	-1589	0.862167	0.1541042
6520	-1615.3	-1614.55	-0.750173	0.2425525
6530	-1880.28	-1875.58	-4.70071	0.5115946
6540	-1778.6	-1775.04	-3.56373	0.4246626
6550	-1657.17	-1655.45	-1.72674	0.300982
6560	-1591.71	-1592.92	1.21113	0.1354902
6570	-1634.33	-1636.41	2.08531	0.08410438
6580	-1588.72	-1589.22	0.498628	0.1734839
6590	-1716.66	-1718.95	2.28516	0.04969523
6600	-1640.6	-1642.74	2.13671	0.08016966
6610	-1712.98	-1715.27	2.29243	0.05072963
6620	-1760.49	-1762.61	2.11619	0.03932294
6630	-1674.78	-1677.07	2.29151	0.06357095
6640	-1628.95	-1627.84	-1.11427	0.2638116
6650	-1664.84	-1667.1	2.26459	0.06774512
6660	-1615.23	-1617.09	1.85838	0.09913047
6670	-1678.91	-1681.2	2.29905	0.06195931
6680	-1649.05	-1651.25	2.19281	0.07540011
6690	-1671.79	-1674.08	2.28475	0.06478015
6700	-1626.04	-1625	-1.04167	0.2595247
6710	-1634.44	-1633.19	-1.24513	0.2715996
6720	-1601.74	-1603.32	1.58679	0.1149593
6730	-1670.39	-1672.67	2.2812	0.06536077
6740	-1653.17	-1655.38	2.21533	0.07326435
6750	-1782.22	-1784.2	1.98141	0.03521348
6760	-1763.54	-1765.64	2.09918	0.03871059
6770	-1850.44	-1851.8	1.36591	0.02529437
6780	-1601.5	-1603.08	1.58047	0.1153139
6790	-1596.4	-1596.34	-0.0595657	0.2037279
6800	-1694.22	-1696.53	2.3104	0.05649624
6810	-1612.46	-1614.27	1.81301	0.1018801
6820	-1631.8	-1633.86	2.06188	0.08580352
6830	-1592.26	-1593.5	1.24208	0.1338274
6840	-1611.34	-1610.71	-0.630145	0.2356708
6850	-1620.98	-1622.92	1.94049	0.0939887
6860	-1616.44	-1618.32	1.87685	0.09799407
6870	-1666.21	-1668.48	2.26909	0.06714063
6880	-1622.66	-1624.63	1.96192	0.09260267
6890	-1588.54	-1589.48	0.9395	0.1499905
6900	-1588.62	-1589.57	0.950821	0.1493881
6910	-1649.56	-1651.76	2.19574	0.07513071
6920	-1600.26	-1601.81	1.54648	0.1172133
6930	-1593.39	-1594.69	1.29918	0.13075
6940	-1668.07	-1670.34	2.27476	0.06633975
6950	-1703.8	-1706.1	2.30531	0.05344032
6960	-1710.81	-1713.1	2.29615	0.05135179
6970	-1686.4	-1688.71	2.30776	0.05918967
6980	-1688.09	-1690.4	2.30887	0.05859212
6990	-1740.17	-1742.38	2.21262	0.04373442
7000	-1764.16	-1766.26	2.09566	0.03858824
7010	-1650.06	-1652.26	2.19858	0.07486809
7020	-1609.82	-1611.59	1.7658	0.1046865
7030	-1622.96	-1624.93	1.96561	0.09236245
7040	-1749.16	-1751.33	2.17365	0.04170857
7050	-1771.6	-1773.65	2.05124	0.03715157
7060	-1750.69	-1752.85	2.16642	0.04137537
7070	-1699.36	-1701.67	2.30877	0.05482592
7080	-1883.05	-1884.03	0.976086	0.02172213
7090	-1729.01	-1731.26	2.25255	0.04643629
7100	-1605.13	-1606.8	1.66953	0.110272
7110	-1650.21	-1652.41	2.19944	0.07478806
7120	-1825.58	-1827.2	1.62244	0.02847097
7130	-1795.05	-1796.93	1.88735	0.03303576
7140	-1884.07	-1885.03	0.962985	0.02162029
7150	-1970.69	-1970.33	-0.356998	0.01460224
7160	-1846.23	-1847.65	1.41179	0.02580156
7170	-1812.96	-1814.7	1.73875	0.03026
7180	-1773.58	-1775.62	2.03875	0.03677933
7190	-1707.33	-1709.63	2.30125	0.05237328
7200	-1793.6	-1795.5	1.8985	0.03327344
7210	-1850.89	-1852.25	1.36092	0.02524053
7220	-1913.17	-1913.73	0.564233	0.01891932
7230	-1733.6	-1735.84	2.23729	0.04529857
7240	-1718.65	-1720.93	2.28077	0.04915081
7250	-1694.38	-1696.69	2.31039	0.05644591
7260	-1588.02	-1588.85	0.829499	0.1558419
7270	-1590.54	-1590.85	0.30396	0.1839426
7280	-1607.82	-1609.54	1.72681	0.1069686
7290	-1616.73	-1615.94	-0.791472	0.2449345
7300	-1591.58	-1591.81	0.222769	0.1883298
7310	-1649.71	-1651.91	2.19662	0.07504924
7320	-1590.12	-1591.22	1.10451	0.1411974
7330	-1655.84	-1658.06	2.22845	0.07193423
7340	-1691.96	-1694.27	2.31028	0.05725654
7350	-1692.6	-1694.91	2.31037	0.05704049
7360	-1588.13	-1588.99	0.860084	0.1542151
7370	-1646.58	-1648.76	2.17782	0.07673942
7380	-1720.24	-1722.52	2.27701	0.0487193
7390	-1645.48	-1647.65	2.17074	0.07735313
7400	-1673.14	-1675.43	2.28793	0.06423117
7410	-1707.93	-1710.23	2.30045	0.05219586
7420	-1614.57	-1616.41	1.84788	0.09977214
7430	-1683.22	-1685.53	2.30483	0.06034113
7440	-1648.49	-1650.68	2.1895	0.07570036
7450	-1607.68	-1609.4	1.72395	0.1071353
7460	-1666.03	-1668.3	2.26851	0.06722029
7470	-1592.58	-1593.83	1.25889	0.1329229
7480	-1595.63	-1597.03	1.39433	0.1255895
7490	-1639.94	-1642.07	2.1317	0.08056825
7500	-1685.89	-1688.2	2.30736	0.05937243
7510	-1636.1	-1638.2	2.10073	0.08295626
7520	-1626.32	-1628.33	2.0051	0.08974158
7530	-1601.91	-1603.5	1.59125	0.1147087
7540	-1596.35	-1597.77	1.42125	0.1241196
7550	-1624.87	-1626.86	1.98848	0.09085458
7560	-1702.57	-1704.88	2.30645	0.05381859
7570	-1859.47	-1860.73	1.26392	0.02424259
7580	-1845.4	-1846.82	1.42074	0.02590313
7590	-1765.98	-1768.06	2.08516	0.03823114
7600	-1690.2	-1692.51	2.30983	0.05785816
7610	-1606.15	-1607.84	1.6919	0.1089883
7620	-1615.02	-1616.87	1.85505	0.09933457
7630	-1589.42	-1590.47	1.04421	0.1444149
7640	-1587.98	-1588.64	0.661325	0.1647945
7650	-1588.34	-1589.24	0.905217	0.1518144
7660	-1604.04	-1603.66	-0.382162	0.2216384
7670	-1588.43	-1589.35	0.92157	0.1509445
7680	-1684.39	-1686.7	2.30604	0.05991247
7690	-1593.16	-1594.45	1.28809	0.1313489
7700	-1670.06	-1672.35	2.28034	0.06549651
7710	-1659.56	-1661.81	2.24487	0.07014702
7720	-1698.88	-1701.19	2.30903	0.05497855
7730	-1765.3	-1767.39	2.08911	0.03836407
7740	-1616.33	-1618.2	1.8752	0.09809636
7750	-1644.57	-1646.74	2.16478	0.07786195
7760	-1604.17	-1605.81	1.64728	0.1115414
7770	-1709.82	-1712.11	2.29772	0.05164021
7780	-1593.73	-1595.04	1.3148	0.129906
7790	-1624.24	-1626.22	1.98107	0.09134601
7800	-1698.34	-1700.65	2.30929	0.05515195
7810	-1812.64	-1814.38	1.74164	0.03030806
7820	-1897.94	-1898.72	0.778617	0.02028285
7830	-1863.35	-1864.57	1.21872	0.02380628
7840	-1847.03	-1848.44	1.40316	0.02570436
7850	-1794.69	-1796.58	1.89013	0.03309449
7860	-1742.77	-1744.97	2.20197	0.04313606
7870	-1637.15	-1639.26	2.10955	0.08228858
7880	-1596.8	-1598.24	1.43725	0.123244
7890	-1588.2	-1589.08	0.878616	0.1532294
7900	-1650.04	-1652.24	2.19849	0.07487635
7910	-1597.73	-1599.2	1.469	0.121501
7920	-1587.99	-1588.64	0.657468	0.1650001
7930	-1596.33	-1597.75	1.42057	0.1241569
7940	-1589.77	-1590.84	1.07535	0.1427542
7950	-1743.36	-1745.56	2.19948	0.04300133
7960	-1687.87	-1690.17	2.30874	0.05867146
7970	-1703.65	-1705.96	2.30545	0.05348513
7980	-1705.62	-1707.92	2.30336	0.05288642
7990	-1593.79	-1595.11	1.31767	0.129751
8000	-1641.75	-1643.9	2.14516	0.07948912
8010	-1603.03	-1604.65	1.61987	0.1130962
8020	-1587.95	-1588.74	0.796157	0.1576155
8030	-1619.83	-1621.76	1.92522	0.09496409
8040	-1598.58	-1600.08	1.49637	0.1199926
8050	-1588.71	-1589.21	0.500994	0.1733573
8060	-1608.91	-1610.66	1.74851	0.1057024
8070	-1609.81	-1611.57	1.76558	0.1046995
8080	-1675.82	-1678.12	2.2936	0.06315764
8090	-1656.45	-1658.68	2.2313	0.07163472
8100	-1588.86	-1589.84	0.982916	0.1476798
8110	-1606.52	-1608.22	1.69995	0.1085244
8120	-1588.49	-1589.03	0.535223	0.171526
8130	-1587.96	-1588.63	0.669117	0.1643792
8140	-1633.03	-1631.82	-1.21221	0.2696328
8150	-1591.25	-1592.44	1.18379	0.1369566
8160	-1631.33	-1633.39	2.05733	0.08612814
8170	-1703.85	-1706.16	2.30526	0.05342299
8180	-1670.58	-1672.87	2.2817	0.06527972
8190	-1757.06	-1759.2	2.13451	0.0400252
8200	-1657.15	-1659.39	2.2345	0.07129345
8210	-1714.47	-1716.76	2.28963	0.05030692
8220	-1658.83	-1661.07	2.24179	0.07049473
8230	-1718.04	-1720.32	2.28216	0.04931693
8240	-1727.87	-1730.13	2.25607	0.0467238
8250	-1731.05	-1733.3	2.24596	0.04592521
8260	-1612.15	-1613.96	1.80772	0.1021973
8270	-1626.91	-1628.93	2.01167	0.08929733
8280	-1634.64	-1636.73	2.08806	0.08390123
8290	-1594	-1594.07	0.0678693	0.1967487
8300	-1622.55	-1621.6	-0.951443	0.254231
8310	-1592.81	-1594.08	1.27089	0.1322766
8320	-1637.45	-1639.57	2.11205	0.08209773
8330	-1685.86	-1688.17	2.30734	0.05938429
8340	-1674.5	-1676.79	2.29091	0.063684
8350	-1669.86	-1672.14	2.27977	0.06558427
8360	-1724.88	-1727.15	2.26483	0.04749164
8370	-1641.12	-1643.26	2.14055	0.07986172
8380	-1879.47	-1880.49	1.02182	0.02208543
8390	-1702.56	-1704.86	2.30646	0.05382213
8400	-1591.9	-1593.12	1.22209	0.1349018
8410	-1598.35	-1599.84	1.48905	0.1203966
8420	-1684.54	-1686.85	2.30618	0.05985899
8430	-1640.54	-1642.67	2.13621	0.08020957
8440	-1702.42	-1704.73	2.30658	0.05386538
8450	-1654.37	-1656.6	2.22141	0.07265716
8460	-1724.59	-1726.86	2.26565	0.04756763
8470	-1666.93	-1669.2	2.27133	0.06682959
8480	-1707.74	-1710.04	2.30071	0.05225118
8490	-1689.13	-1691.44	2.3094	0.05822745
8500	-1764.8	-1766.9	2.09196	0.03846115
8510	-1727.21	-1729.47	2.25806	0.04689187
8520	-1833.33	-1834.88	1.54631	0.02743344
8530	-1677.97	-1680.26	2.29751	0.06232107
8540	-1671.94	-1674.22	2.28511	0.06472001
8550	-1649.76	-1651.96	2.1969	0.07502415
8560	-1692.8	-1695.11	2.31039	0.05697233
8570	-1764.49	-1766.58	2.09379	0.03852388
8580	-1810.52	-1812.28	1.76013	0.03062097
8590	-1758.28	-1760.41	2.12812	0.03977477
8600	-1718.66	-1720.94	2.28075	0.04914757
8610	-1608.35	-1610.08	1.73739	0.1063525
8620	-1647.93	-1650.12	2.18613	0.0760041
8630	-1615.01	-1616.87	1.85493	0.09934166
8640	-1589.83	-1590.91	1.08082	0.142462
8650	-1589.91	-1590.99	1.08735	0.1421137
8660	-1628.19	-1630.22	2.02546	0.08835539
8670	-1596.81	-1598.25	1.43776	0.1232161
8680	-1596.5	-1596.43	-0.0641629	0.2039806
8690	-1614.23	-1616.07	1.84249	0.1001003
8700	-1651.24	-1653.44	2.20513	0.07425242
8710	-1761.17	-1763.28	2.11245	0.03918557
8720	-1675.17	-1677.46	2.2923	0.06341689
8730	-1641.29	-1643.43	2.14178	0.07976262
8740	-1621.08	-1623.03	1.94182	0.0939029
8750	-1596.35	-1597.77	1.42108	0.1241293
8760	-1603.3	-1604.93	1.62649	0.1127213
8770	-1697.56	-1699.87	2.30963	0.05540347
8780	-1588.52	-1589.05	0.529934	0.1718088
8790	-1632.52	-1634.58	2.06868	0.08531569
8800	-1595.96	-1595.93	-0.0375526	0.2025186
8810	-1674.72	-1677.01	2.29139	0.06359367
8820	-1604.2	-1605.85	1.64814	0.1114926
8830	-1589.06	-1590.06	1.00627	0.1464364
8840	-1672.26	-1674.54	2.28588	0.0645894
8850	-1737.47	-1739.69	2.22316	0.04436888
8860	-1694.36	-1696.67	2.31039	0.05645076
8870	-1663.91	-1666.18	2.26142	0.06815553
8880	-1644.62	-1646.79	2.16514	0.07783152
8890	-1823.09	-1824.74	1.64611	0.02881352
8900	-1794	-1795.9	1.89539	0.03320664
8910	-1668.56	-1670.84	2.27618	0.06613044
8920	-1588.1	-1588.72	0.618723	0.1670663
8930	-1599.19	-1600.71	1.51513	0.1189548
8940	-1588.06	-1588.69	0.630761	0.1664241
8950	-1608.5	-1607.96	-0.538445	0.2304534
8960	-1597.66	-1599.13	1.46678	0.1216234
8970	-1594.5	-1595.85	1.3488	0.1280646
8980	-1626.58	-1628.59	2.00802	0.08954446
8990	-1631.79	-1633.85	2.06181	0.08580863
9000	-1611.49	-1613.28	1.79619	0.1028859
9010	-1611.59	-1613.39	1.798	0.1027781
9020	-1749.63	-1751.81	2.17141	0.04160413
9030	-1614.38	-1616.23	1.84494	0.09995093
9040	-1590.8	-1591.96	1.15447	0.1385267
9050	-1651.07	-1653.27	2.20422	0.07433871
9060	-1686.04	-1688.35	2.30748	0.05931886
9070	-1727.17	-1729.42	2.25821	0.04690405
9080	-1681.42	-1683.73	2.30268	0.0610067
9090	-1615.49	-1617.35	1.86241	0.09888354
9100	-1589.43	-1589.84	0.410204	0.1782248
9110	-1631.98	-1634.05	2.06365	0.08567647
9120	-1662.81	-1665.07	2.2575	0.06864979
9130	-1611.17	-1612.96	1.7905	0.1032247
9140	-1737.22	-1739.44	2.22411	0.04442829
9150	-1604.48	-1606.14	1.65467	0.1111207
9160	-1651.15	-1653.36	2.20466	0.07429702
9170	-1834.65	-1836.18	1.533	0.02726124
9180	-1725.51	-1727.77	2.26305	0.04732934
9190	-1752.01	-1754.17	2.16005	0.04109106
9200	-1776.61	-1778.63	2.01921	0.03622088
9210	-1683.92	-1686.23	2.30557	0.06008433
9220	-1588.47	-1589.39	0.927531	0.1506273
9230	-1589.68	-1590.06	0.383771	0.179645
9240	-1590.07	-1591.17	1.10061	0.1414058
9250	-1598.24	-1599.73	1.48557	0.1205882
9260	-1594.39	-1595.73	1.34392	0.1283292
9270	-1739.59	-1741.8	2.21494	0.04386987
9280	-1682.26	-1684.57	2.30373	0.06069506
9290	-1737.48	-1739.7	2.22314	0.0443672
9300	-1614.92	-1616.77	1.85343	0.09943351
9310	-1588.18	-1588.77	0.598875	0.1681254
9320	-1666.64	-1668.91	2.27042	0.06695745
9330	-1591.25	-1592.44	1.18373	0.1369595
9340	-1601.92	-1603.51	1.59161	0.1146887
9350	-1621.96	-1623.91	1.95307	0.09317776
9360	-1683.91	-1686.22	2.30556	0.06008721
9370	-1695.39	-1697.7	2.31025	0.05611092
9380	-1645.62	-1647.79	2.17167	0.07727357
9390	-1776.79	-1778.81	2.01803	0.03618811
9400	-1649.1	-1651.29	2.19305	0.07537762
9410	-1736.92	-1739.15	2.22522	0.04449833
9420	-1764.94	-1767.03	2.0912	0.03843518
9430	-1685.57	-1687.87	2.3071	0.0594886
9440	-1597.88	-1599.35	1.47385	0.1212342
9450	-1672.15	-1674.44	2.28563	0.0646321
9460	-1792.98	-1794.89	1.90317	0.03337439
9470	-1724.61	-1726.88	2.26559	0.04756168
9480	-1681.91	-1684.21	2.3033	0.06082555
9490	-1632.07	-1634.13	2.06444	0.0856203
9500	-1694.65	-1696.96	2.31036	0.05635533
9510	-1735.49	-1737.72	2.23052	0.04484068
9520	-1689.78	-1692.09	2.30968	0.05800468
9530	-1588.65	-1589.16	0.51005	0.1728726
9540	-1655.25	-1657.47	2.22566	0.07222334
9550	-1632.67	-1634.74	2.07014	0.08521004
9560	-1602.34	-1603.94	1.60239	0.1140821
9570	-1687.71	-1690.02	2.30864	0.05872709
9580	-1726.5	-1728.76	2.26017	0.04707357
9590	-1629.67	-1631.71	2.04084	0.08729003
9600	-1604.51	-1606.17	1.65532	0.1110839
9610	-1587.93	-1588.73	0.790322	0.157926
9620	-1672.9	-1675.18	2.28738	0.06432894
9630	-1770.54	-1772.6	2.05777	0.03735134
9640	-1670.48	-1672.76	2.28143	0.06532303
9650	-1665.62	-1667.88	2.26717	0.06740204
9660	-1615.8	-1617.66	1.8671	0.09859571
9670	-1599.64	-1601.17	1.52845	0.1182158
9680	-1646.7	-1648.88	2.17854	0.07667616
9690	-1691.13	-1693.44	2.31011	0.05753894
9700	-1638.66	-1640.79	2.12178	0.08134635
9710	-1634.68	-1633.43	-1.25085	0.2719423
9720	-1664.1	-1666.36	2.26207	0.06807278
9730	-1684.18	-1686.48	2.30583	0.05999171
9740	-1803.93	-1805.75	1.81612	0.03162257
9750	-1775.04	-1777.07	2.02945	0.0365099
9760	-1708.7	-1711	2.29938	0.05196855
9770	-1708.4	-1710.7	2.29979	0.05205512
9780	-1641.23	-1643.38	2.14139	0.07979431
9790	-1642.05	-1644.2	2.14735	0.07931095
9800	-1600.41	-1601.96	1.55056	0.1169858
9810	-1588.38	-1588.93	0.555272	0.1704543
9820	-1633.65	-1632.43	-1.22687	0.2705085
9830	-1620.83	-1622.77	1.93851	0.09411545
9840	-1651.92	-1654.12	2.20879	0.0739022
9850	-1622.14	-1624.09	1.95534	0.09303027
9860	-1615.96	-1617.83	1.86954	0.09844528
9870	-1644.21	-1646.37	2.16235	0.07806718
9880	-1642	-1644.14	2.14694	0.07934417
9890	-1601.24	-1602.81	1.5736	0.1156985
9900	-1687.58	-1689.89	2.30856	0.05877255
9910	-1615.92	-1617.79	1.86894	0.09848245
9920	-1662.18	-1664.44	2.25517	0.06893603
9930	-1633.95	-1636.03	2.08189	0.0843551
9940	-1663.94	-1666.2	2.26151	0.06814394
9950	-1588.78	-1589.27	0.49093	0.1738961
9960	-1597.77	-1599.24	1.47021	0.1214344
9970	-1588.02	-1588.84	0.827117	0.1559685
9980	-1645	-1647.17	2.16764	0.07761899
9990	-1752.26	-1754.42	2.15881	0.04103655
10000	-1718.77	-1721.05	2.2805	0.04911798
