Iteration	Posterior	Likelihood	Prior	birth_rate
0	-1644.53	-1646.69	2.1645	0.07788595
10	-1593.96	-1595.29	1.32547	0.1293288
20	-1597.22	-1598.67	1.45176	0.1224484
30	-1590.27	-1591.39	1.1164	0.1405621
40	-1615.97	-1615.2	-0.769484	0.2436654
50	-1588.08	-1588.92	0.845876	0.1549708
60	-1655.47	-1657.69	2.2267	0.07211571
70	-1735	-1737.23	2.23233	0.04496033
80	-1688.14	-1690.44	2.30889	0.05857631
90	-1676.43	-1678.72	2.29477	0.06291857
100	-1700.24	-1702.55	2.30823	0.05454681
110	-1658.83	-1661.07	2.24179	0.0704945
120	-1616.23	-1618.1	1.87364	0.09819243
130	-1589.65	-1590.71	1.06513	0.1432994
140	-1604.76	-1606.42	1.66093	0.1107634
150	-1683.97	-1686.27	2.30562	0.06006744
160	-1660.84	-1663.09	2.25001	0.06955363
170	-1627.14	-1629.15	2.01412	0.08913047
180	-1604.47	-1606.12	1.65425	0.1111448
190	-1660.74	-1662.99	2.24964	0.06959705
200	-1606.24	-1607.93	1.69381	0.1088783
210	-1601.32	-1602.9	1.57584	0.1155734
220	-1658.81	-1661.05	2.24172	0.07050252
230	-1679.64	-1681.94	2.30018	0.06167925
240	-1639.72	-1641.85	2.12998	0.08070377
250	-1596.51	-1597.93	1.4268	0.1238161
260	-1646.07	-1648.24	2.17455	0.07702427
270	-1594.81	-1594.84	0.0226292	0.1992206
280	-1627.63	-1629.65	2.01942	0.08876957
290	-1609.91	-1611.67	1.76742	0.1045913
300	-1710.81	-1713.11	2.29615	0.05135139
310	-1704.58	-1706.88	2.30452	0.05320249
320	-1587.89	-1588.64	0.746771	0.1602435
330	-1595.25	-1596.63	1.37957	0.1263933
340	-1639.74	-1641.87	2.13018	0.08068825
350	-1621.36	-1623.3	1.94535	0.09367645
360	-1598.54	-1600.04	1.49514	0.1200605
370	-1667.32	-1669.59	2.27251	0.06666365
380	-1617.08	-1618.97	1.88639	0.09740287
390	-1626.48	-1628.49	2.00683	0.08962453
400	-1590.67	-1590.96	0.293578	0.1845027
410	-1589.07	-1589.53	0.451366	0.176016
420	-1678.23	-1676.11	-2.11316	0.3254164
430	-1587.99	-1588.81	0.81772	0.1564684
440	-1680.97	-1683.27	2.30208	0.0611774
450	-1590.01	-1591.11	1.09573	0.1416666
460	-1652.77	-1654.98	2.21329	0.07346552
470	-1590.45	-1591.58	1.1293	0.1398731
480	-1621.84	-1623.79	1.95156	0.09327537
490	-1678.37	-1680.67	2.29819	0.06216495
500	-1645.33	-1647.5	2.16981	0.07743349
510	-1639.59	-1641.72	2.12903	0.08077927
520	-1624.81	-1626.8	1.98781	0.09089913
530	-1705.38	-1707.68	2.30364	0.05295942
540	-1634	-1636.08	2.08234	0.08432206
550	-1593.78	-1595.09	1.31706	0.1297836
560	-1597.91	-1599.38	1.47484	0.12118
570	-1609.04	-1610.79	1.75096	0.1055591
580	-1588.13	-1588.74	0.610139	0.1675243
590	-1594.46	-1595.81	1.34706	0.1281592
600	-1603.32	-1604.94	1.62693	0.1126967
610	-1588.69	-1589.19	0.503222	0.173238
620	-1616.84	-1618.73	1.88288	0.09762129
630	-1655.19	-1657.41	2.22536	0.07225464
640	-1587.89	-1588.63	0.736195	0.1608064
650	-1615.02	-1616.87	1.85502	0.09933648
660	-1615.1	-1616.96	1.85635	0.09925491
670	-1599.49	-1601.02	1.52417	0.1184532
680	-1602.46	-1604.07	1.60561	0.1139008
690	-1590.86	-1592.01	1.158	0.138338
700	-1710.48	-1707.85	-2.63467	0.3596844
710	-1592.96	-1593.09	0.130599	0.1933312
720	-1605.91	-1607.59	1.68665	0.1092906
730	-1640.31	-1642.45	2.13453	0.08034361
740	-1607.83	-1609.55	1.72699	0.1069583
750	-1633.8	-1635.88	2.08056	0.0844529
760	-1590.64	-1591.79	1.14333	0.1391224
770	-1805.95	-1807.75	1.79922	0.03131116
780	-1875.58	-1876.65	1.07067	0.02248771
790	-1846.6	-1848.01	1.40785	0.02575707
800	-1781.86	-1783.84	1.98391	0.03527743
810	-1633.44	-1635.52	2.07726	0.08469352
820	-1708.03	-1710.33	2.30031	0.05216403
830	-1780.29	-1782.28	1.99465	0.03555605
840	-1594.3	-1595.64	1.34019	0.1285314
850	-1632.33	-1634.4	2.06693	0.08544121
860	-1604.58	-1606.23	1.65683	0.1109975
870	-1680.5	-1682.8	2.30144	0.06135285
880	-1600.93	-1600.67	-0.261686	0.2149064
890	-1603.18	-1602.83	-0.350127	0.2198431
900	-1682.74	-1685.05	2.30429	0.06051707
910	-1621.63	-1623.58	1.94887	0.09344888
920	-1589.66	-1590.73	1.06597	0.1432545
930	-1588.1	-1588.96	0.853705	0.1545543
940	-1599.95	-1601.49	1.53756	0.1177098
950	-1711.51	-1713.81	2.29498	0.05114803
960	-1606.06	-1607.75	1.69002	0.1090967
970	-1634.05	-1632.81	-1.23614	0.271062
980	-1588.28	-1588.85	0.575286	0.169385
990	-1589.16	-1590.17	1.01686	0.145872
1000	-1593.95	-1594.02	0.0710238	0.1965766
1010	-1596.82	-1596.74	-0.0800827	0.2048563
1020	-1625.75	-1627.75	1.99859	0.09017933
1030	-1611.47	-1613.26	1.79579	0.1029101
1040	-1713.83	-1716.12	2.29085	0.05048696
1050	-1634.87	-1636.96	2.09008	0.08375157
1060	-1696.26	-1698.57	2.31006	0.05582575
1070	-1775.76	-1777.78	2.02478	0.03637712
1080	-1752.84	-1754.99	2.15598	0.04091366
1090	-1682.07	-1684.38	2.3035	0.06076502
1100	-1618.31	-1620.22	1.90414	0.09629487
1110	-1676.08	-1678.37	2.2941	0.06305748
1120	-1637.45	-1639.56	2.11203	0.0820989
1130	-1597.19	-1598.64	1.4507	0.1225069
1140	-1636.31	-1635.02	-1.28829	0.2741862
1150	-1590.15	-1591.26	1.10729	0.1410492
1160	-1605.09	-1606.76	1.66851	0.1103304
1170	-1621.04	-1622.98	1.94128	0.09393762
1180	-1623.63	-1625.61	1.97383	0.0918235
1190	-1600.26	-1600.03	-0.233972	0.2133652
1200	-1597.05	-1598.5	1.44603	0.1227632
1210	-1606.16	-1607.85	1.69212	0.1089761
1220	-1635.15	-1637.24	2.09256	0.08356787
1230	-1587.89	-1588.62	0.727573	0.1612655
1240	-1631.18	-1633.24	2.05593	0.08622714
1250	-1641.97	-1644.12	2.14674	0.07936044
1260	-1675.11	-1677.4	2.29218	0.06344094
1270	-1684.65	-1686.95	2.30628	0.05982067
1280	-1664.88	-1667.14	2.26473	0.06772713
1290	-1588.41	-1589.33	0.918935	0.1510847
1300	-1601.51	-1603.09	1.58092	0.1152886
1310	-1796.45	-1798.32	1.87645	0.03280803
1320	-1727.05	-1729.31	2.25856	0.0469342
1330	-1720.71	-1722.98	2.27586	0.04859345
1340	-1658.15	-1660.39	2.23888	0.07081743
1350	-1710.37	-1712.67	2.29685	0.05147885
1360	-1619.81	-1621.74	1.92494	0.09498167
1370	-1733.02	-1735.26	2.23932	0.04544103
1380	-1653.39	-1655.61	2.21649	0.07314958
1390	-1587.91	-1588.61	0.704578	0.1624899
1400	-1592.24	-1593.48	1.24091	0.1338902
1410	-1722.11	-1724.39	2.27231	0.04821905
1420	-1769.94	-1772	2.06149	0.03746671
1430	-1650.64	-1652.84	2.20184	0.0745633
1440	-1622.72	-1624.68	1.96257	0.09256027
1450	-1694.07	-1696.38	2.3104	0.05654843
1460	-1731.52	-1733.77	2.24439	0.04580839
1470	-1614.75	-1616.6	1.85074	0.09959759
1480	-1732.9	-1735.14	2.23974	0.04547075
1490	-1590.56	-1591.7	1.13747	0.1394359
1500	-1599.16	-1600.68	1.51426	0.1190027
1510	-1663.01	-1665.27	2.25822	0.06855952
1520	-1629.25	-1631.28	2.03651	0.0875913
1530	-1612.95	-1614.77	1.82133	0.1013802
1540	-1615.95	-1617.82	1.86948	0.0984492
1550	-1588.64	-1589.59	0.953974	0.1492203
1560	-1722.69	-1724.96	2.27079	0.04806539
1570	-1604.86	-1606.52	1.66325	0.1106311
1580	-1596.18	-1597.59	1.41479	0.1244731
1590	-1607.38	-1609.1	1.71796	0.107483
1600	-1592.24	-1592.41	0.17725	0.190797
1610	-1625.53	-1627.52	1.9961	0.09034612
1620	-1591.36	-1592.55	1.19067	0.1365875
1630	-1624.4	-1623.4	-0.999696	0.2570575
1640	-1596.83	-1598.27	1.43822	0.1231909
1650	-1720.74	-1723.02	2.27578	0.04858459
1660	-1621.54	-1623.49	1.94769	0.09352509
1670	-1631.98	-1634.05	2.06363	0.08567833
1680	-1590.79	-1591.07	0.283551	0.1850439
1690	-1593.09	-1594.38	1.2849	0.1315209
1700	-1590.85	-1592.01	1.15751	0.138364
1710	-1601.63	-1603.21	1.58393	0.1151195
1720	-1593.3	-1594.59	1.29488	0.1309826
1730	-1645.84	-1648.02	2.17313	0.07714772
1740	-1625.82	-1627.82	1.99943	0.09012285
1750	-1592.62	-1593.88	1.26123	0.1327968
1760	-1623.73	-1625.7	1.97494	0.09175033
1770	-1712.37	-1714.66	2.29351	0.05090201
1780	-1631.57	-1633.63	2.05965	0.08596282
1790	-1732.86	-1735.1	2.23987	0.04547982
1800	-1643.88	-1646.04	2.16012	0.07825514
1810	-1750	-1752.17	2.1697	0.04152518
1820	-1588.43	-1589.35	0.921003	0.1509746
1830	-1705.85	-1708.15	2.30309	0.05281694
1840	-1626.01	-1628.01	2.0016	0.08997732
1850	-1609.46	-1608.89	-0.569985	0.2322441
1860	-1603.33	-1604.96	1.62729	0.1126762
1870	-1625.84	-1627.84	1.99971	0.0901047
1880	-1598.34	-1599.83	1.48883	0.1204087
1890	-1596.6	-1596.53	-0.0692305	0.2042593
1900	-1587.99	-1588.65	0.657324	0.1650077
1910	-1600.79	-1602.35	1.56123	0.1163906
1920	-1645.1	-1647.27	2.1683	0.07756229
1930	-1624.2	-1626.18	1.98061	0.09137664
1940	-1649.22	-1651.42	2.19378	0.0753105
1950	-1588.08	-1588.93	0.848214	0.1548464
1960	-1625.63	-1627.63	1.99731	0.09026518
1970	-1724.21	-1726.48	2.2667	0.04766626
1980	-1727.98	-1730.23	2.25574	0.04669704
1990	-1589.83	-1590.2	0.368331	0.1804753
2000	-1691.16	-1693.47	2.31012	0.05752951
2010	-1662.47	-1664.73	2.25623	0.0688061
2020	-1588.98	-1589.44	0.463521	0.1753644
2030	-1593.13	-1594.42	1.28689	0.1314137
2040	-1613.06	-1614.89	1.82333	0.1012599
2050	-1596.43	-1597.85	1.42394	0.1239729
2060	-1609.93	-1611.7	1.76789	0.1045634
2070	-1588.19	-1588.79	0.595002	0.1683322
2080	-1621.66	-1623.6	1.94919	0.09342844
2090	-1703.02	-1705.33	2.30605	0.05367963
2100	-1600.88	-1602.45	1.56389	0.1162418
2110	-1591.62	-1592.82	1.2058	0.1357761
2120	-1605.16	-1606.83	1.67013	0.110238
2130	-1616.18	-1618.05	1.87289	0.09823887
2140	-1608.32	-1607.78	-0.532272	0.2301034
2150	-1589.67	-1590.06	0.384384	0.1796121
2160	-1598.49	-1598.33	-0.157297	0.2091156
2170	-1614.04	-1613.32	-0.712689	0.2403969
2180	-1600.61	-1602.16	1.55621	0.1166704
2190	-1606.11	-1607.8	1.69103	0.1090387
2200	-1629.81	-1628.67	-1.13519	0.2650509
2210	-1634.95	-1633.69	-1.25698	0.2723092
2220	-1602.72	-1604.33	1.61217	0.1135311
2230	-1647.94	-1650.13	2.18621	0.07599639
2240	-1615.7	-1617.56	1.86559	0.0986882
2250	-1590.73	-1591.88	1.14921	0.1388083
2260	-1668.32	-1670.6	2.27549	0.06623258
2270	-1715.62	-1717.91	2.28734	0.04998507
2280	-1593.52	-1594.83	1.30527	0.130421
2290	-1694.73	-1697.04	2.31035	0.05632827
2300	-1591.22	-1592.4	1.18179	0.1370635
2310	-1598.75	-1600.25	1.50145	0.1197116
2320	-1673.35	-1675.64	2.28842	0.0641434
2330	-1612.6	-1614.42	1.81553	0.1017291
2340	-1639.19	-1641.31	2.12589	0.08102529
2350	-1612.54	-1614.35	1.81438	0.1017982
2360	-1589.43	-1590.47	1.04446	0.1444016
2370	-1607.24	-1608.96	1.71502	0.1076533
2380	-1622.64	-1624.6	1.96159	0.09262429
2390	-1728.28	-1730.54	2.25481	0.04661994
2400	-1611.26	-1613.05	1.7921	0.1031294
2410	-1617.62	-1619.52	1.89429	0.09691119
2420	-1601.96	-1603.55	1.59269	0.1146277
2430	-1588.34	-1588.9	0.563317	0.1700243
2440	-1632.68	-1634.75	2.0702	0.0852059
2450	-1716.51	-1718.79	2.28549	0.04973796
2460	-1629.5	-1631.54	2.03915	0.0874077
2470	-1654.04	-1656.26	2.21977	0.07282259
2480	-1707.97	-1710.27	2.30039	0.05218216
2490	-1634.86	-1636.95	2.09002	0.08375634
2500	-1750.86	-1753.03	2.16558	0.0413376
2510	-1640.51	-1642.65	2.13605	0.0802227
2520	-1611.18	-1612.97	1.7907	0.103213
2530	-1590.11	-1591.21	1.1035	0.1412515
2540	-1587.93	-1588.62	0.6844	0.1635648
2550	-1687.24	-1689.55	2.30835	0.05889315
2560	-1758.88	-1761.01	2.1249	0.0396508
2570	-1694.48	-1696.79	2.31038	0.0564104
2580	-1648.68	-1650.87	2.19062	0.07559856
2590	-1633.81	-1635.89	2.08064	0.08444665
2600	-1655.16	-1657.39	2.22525	0.07226604
2610	-1589.46	-1590.51	1.0477	0.1442287
2620	-1590.28	-1591.4	1.11682	0.1405398
2630	-1594.37	-1595.71	1.34315	0.1283713
2640	-1643.07	-1645.23	2.15455	0.07871904
2650	-1610.29	-1612.06	1.77456	0.1041697
2660	-1588.27	-1589.17	0.892918	0.1524686
2670	-1632.32	-1634.39	2.06688	0.08544523
2680	-1770.65	-1772.7	2.05713	0.03733144
2690	-1590.05	-1591.15	1.09873	0.1415063
2700	-1618.09	-1619.99	1.90096	0.09649456
2710	-1610.33	-1612.11	1.77537	0.1041216
2720	-1651.23	-1653.43	2.20509	0.07425633
2730	-1660.31	-1662.56	2.24792	0.06979659
2740	-1621.15	-1623.09	1.94268	0.09384768
2750	-1601	-1602.56	1.56697	0.1160693
2760	-1615.66	-1617.52	1.86498	0.09872619
2770	-1637.66	-1639.77	2.11372	0.08196951
2780	-1609.76	-1611.52	1.76464	0.1047548
2790	-1599.03	-1600.54	1.51008	0.1192343
2800	-1675.87	-1673.79	-2.07196	0.3227732
2810	-1605.71	-1605.27	-0.442597	0.2250359
2820	-1684.79	-1687.09	2.30641	0.05977055
2830	-1639.11	-1641.24	2.12531	0.08107111
2840	-1654.09	-1656.31	2.22	0.07279931
2850	-1604.55	-1606.21	1.65619	0.1110339
2860	-1592.22	-1593.46	1.23997	0.1339407
2870	-1593.57	-1594.88	1.30761	0.1302947
2880	-1617.29	-1616.48	-0.807445	0.2458577
2890	-1606.34	-1608.04	1.69602	0.1087512
2900	-1658.82	-1661.06	2.24175	0.07049874
2910	-1593.82	-1593.9	0.0786494	0.1961606
2920	-1630.94	-1629.78	-1.16269	0.2666836
2930	-1624.92	-1626.9	1.98902	0.09081869
2940	-1605.55	-1605.11	-0.436833	0.2247113
2950	-1616.88	-1618.77	1.88347	0.09758457
2960	-1598.68	-1600.18	1.49946	0.1198219
2970	-1589.11	-1590.12	1.01155	0.1461548
2980	-1589.17	-1590.19	1.0189	0.1457637
2990	-1589.26	-1590.29	1.02787	0.1452855
3000	-1627.28	-1629.3	2.01568	0.08902428
3010	-1588.03	-1588.86	0.831173	0.1557528
3020	-1592.36	-1592.53	0.168874	0.1912515
3030	-1634.63	-1633.38	-1.24968	0.2718721
3040	-1594.55	-1594.58	0.0372881	0.198419
3050	-1596.14	-1597.56	1.41361	0.1245372
3060	-1620.95	-1622.89	1.94003	0.0940181
3070	-1595.73	-1597.12	1.39796	0.1253914
3080	-1618.64	-1620.55	1.90884	0.0959993
3090	-1594.93	-1596.3	1.36657	0.1271002
3100	-1596.67	-1598.1	1.43256	0.1235012
3110	-1610.86	-1612.64	1.78494	0.1035553
3120	-1683.42	-1685.73	2.30505	0.06026667
3130	-1632.01	-1634.07	2.06386	0.08566179
3140	-1689.57	-1691.88	2.30959	0.05807617
3150	-1736.65	-1738.87	2.22626	0.04456411
3160	-1745.27	-1747.46	2.19123	0.04256922
3170	-1708.09	-1710.39	2.30024	0.05214889
3180	-1639.23	-1641.35	2.12619	0.08100174
3190	-1602.71	-1604.32	1.61179	0.1135521
3200	-1605.21	-1604.78	-0.424827	0.2240355
3210	-1587.97	-1588.63	0.667361	0.1644727
3220	-1602.08	-1601.77	-0.307541	0.2174624
3230	-1589.28	-1589.71	0.426397	0.1773555
3240	-1590.7	-1590.99	0.291102	0.1846362
3250	-1626.43	-1625.37	-1.05148	0.2601025
3260	-1593.03	-1593.16	0.125779	0.1935934
3270	-1591.41	-1592.6	1.19343	0.1364394
3280	-1589.12	-1590.13	1.01309	0.1460732
3290	-1652.79	-1655	2.2134	0.0734545
3300	-1844.58	-1846.01	1.42961	0.02600475
3310	-1626.04	-1628.04	2.00188	0.08995846
3320	-1675.03	-1677.33	2.29203	0.06346973
3330	-1638.64	-1640.76	2.12159	0.08136107
3340	-1632.33	-1634.39	2.06691	0.0854429
3350	-1606.16	-1607.85	1.6922	0.1089714
3360	-1589.39	-1589.8	0.414691	0.1779839
3370	-1601.34	-1602.91	1.57618	0.115554
3380	-1623.09	-1625.05	1.96714	0.09226231
3390	-1627.62	-1629.63	2.0193	0.08877782
3400	-1662.09	-1664.34	2.25481	0.0689801
3410	-1606.9	-1608.61	1.70788	0.1080668
3420	-1588.13	-1588.99	0.859797	0.1542303
3430	-1753.69	-1755.84	2.15177	0.0407331
3440	-1611.82	-1613.63	1.80208	0.1025347
3450	-1588.37	-1588.93	0.556256	0.1704017
3460	-1589.17	-1590.19	1.01858	0.1457807
3470	-1649.58	-1651.78	2.19588	0.07511829
3480	-1729	-1731.25	2.25257	0.0464382
3490	-1714.63	-1716.92	2.2893	0.05026036
3500	-1645.22	-1647.39	2.1691	0.07749455
3510	-1620.94	-1622.88	1.93987	0.09402806
3520	-1598.97	-1600.48	1.50848	0.1193226
3530	-1588.3	-1589.2	0.898849	0.1521532
3540	-1627.91	-1629.93	2.02245	0.08856195
3550	-1603.69	-1605.32	1.63584	0.1121913
3560	-1621.97	-1623.92	1.9532	0.09316946
3570	-1757.19	-1759.33	2.13384	0.03999852
3580	-1656.89	-1659.13	2.23332	0.07141961
3590	-1636.66	-1638.76	2.10543	0.08260124
3600	-1639.84	-1641.97	2.13094	0.08062794
3610	-1587.94	-1588.73	0.790459	0.1579186
3620	-1591.29	-1592.48	1.18604	0.1368357
3630	-1609.7	-1611.46	1.76346	0.1048245
3640	-1680.82	-1683.12	2.30187	0.06123489
3650	-1675.55	-1677.84	2.29306	0.06326666
3660	-1615.01	-1616.87	1.85491	0.09934307
3670	-1637.03	-1639.14	2.10857	0.08236287
3680	-1619.58	-1621.5	1.9218	0.09518104
3690	-1623.16	-1625.13	1.96809	0.09219972
3700	-1684.86	-1687.17	2.30648	0.05974195
3710	-1663.8	-1666.06	2.26103	0.06820571
3720	-1830.96	-1832.53	1.56991	0.02774526
3730	-1787.99	-1789.93	1.94038	0.03421247
3740	-1656.99	-1659.22	2.23377	0.07137215
3750	-1606.36	-1608.06	1.69644	0.108727
3760	-1599.79	-1601.32	1.53288	0.1179697
3770	-1603.95	-1605.6	1.64223	0.1118286
3780	-1636.84	-1638.95	2.10696	0.08248581
3790	-1641.13	-1643.27	2.14059	0.07985879
3800	-1709.91	-1712.21	2.29757	0.05161283
3810	-1745.67	-1747.86	2.18948	0.04248
3820	-1610.15	-1611.92	1.77198	0.1043221
3830	-1589.1	-1590.11	1.01109	0.1461796
3840	-1587.91	-1588.68	0.769414	0.1590384
3850	-1630.12	-1628.98	-1.14275	0.2654996
3860	-1600.62	-1600.37	-0.248765	0.2141875
3870	-1622.65	-1624.62	1.96179	0.09261125
3880	-1794.18	-1796.08	1.89401	0.03317716
3890	-1718.96	-1721.24	2.28005	0.04906516
3900	-1630.47	-1632.52	2.04892	0.08672275
3910	-1653.37	-1655.58	2.21637	0.0731623
3920	-1611.6	-1613.39	1.79811	0.1027716
3930	-1702.78	-1700.26	-2.51634	0.3517749
3940	-1608.98	-1608.43	-0.554261	0.2313509
3950	-1587.91	-1588.68	0.771619	0.1589211
3960	-1590.31	-1591.43	1.11915	0.1404152
3970	-1603.73	-1605.37	1.63691	0.1121307
3980	-1626.93	-1628.94	2.01178	0.08928936
3990	-1587.95	-1588.62	0.676852	0.163967
4000	-1587.91	-1588.69	0.776232	0.1586756
4010	-1626.61	-1628.62	2.00835	0.08952238
4020	-1618.64	-1620.54	1.90872	0.09600703
4030	-1645.08	-1647.25	2.16819	0.07757228
4040	-1642.21	-1644.36	2.14846	0.07922046
4050	-1604.31	-1605.96	1.65059	0.1113533
4060	-1624.14	-1623.14	-0.992967	0.2566627
4070	-1588.06	-1588.69	0.631171	0.1664023
4080	-1616.17	-1618.04	1.87281	0.09824384
4090	-1591.64	-1592.84	1.20708	0.1357073
4100	-1591.36	-1592.55	1.19028	0.1366086
4110	-1636.67	-1638.77	2.10551	0.08259519
4120	-1595.75	-1595.72	-0.0265283	0.2019137
4130	-1647.98	-1650.16	2.18641	0.07597862
4140	-1588.21	-1588.8	0.591296	0.16853
4150	-1595.47	-1596.86	1.38812	0.1259277
4160	-1596.9	-1598.34	1.44087	0.1230459
4170	-1607.59	-1609.31	1.72221	0.1072363
4180	-1595.56	-1596.95	1.39158	0.1257393
4190	-1598.25	-1598.1	-0.146613	0.2085251
4200	-1597.95	-1599.42	1.47603	0.1211143
4210	-1591.26	-1592.45	1.18432	0.1369278
4220	-1657.25	-1659.48	2.23493	0.07124733
4230	-1588.44	-1588.98	0.544957	0.1710056
4240	-1739.57	-1741.78	2.21501	0.04387442
4250	-1727.45	-1729.7	2.25736	0.04683222
4260	-1636.9	-1639.01	2.10746	0.08244723
4270	-1716.89	-1719.17	2.28468	0.04963325
4280	-1688.64	-1690.95	2.30916	0.05840103
4290	-1588.94	-1589.41	0.468413	0.1751023
4300	-1590.96	-1592.12	1.16492	0.1379671
4310	-1591.13	-1591.39	0.256337	0.186514
4320	-1650.93	-1653.14	2.20346	0.07441078
4330	-1671.92	-1674.2	2.28506	0.0647286
4340	-1632.24	-1634.31	2.06612	0.08549983
4350	-1603.31	-1604.94	1.62685	0.1127011
4360	-1610.42	-1612.19	1.77686	0.1040336
4370	-1613.12	-1614.94	1.82419	0.1012079
4380	-1589.96	-1591.05	1.0914	0.1418977
4390	-1615.09	-1616.94	1.85612	0.09926925
4400	-1612.54	-1614.35	1.8144	0.1017968
4410	-1630.98	-1633.03	2.05394	0.08636871
4420	-1617.03	-1618.91	1.88559	0.09745255
4430	-1598.08	-1599.56	1.48047	0.1208694
4440	-1591.52	-1592.72	1.20034	0.1360691
4450	-1594.14	-1595.47	1.33307	0.1289172
4460	-1625.25	-1627.24	1.99285	0.09056368
4470	-1598.97	-1600.48	1.50849	0.1193225
4480	-1640.5	-1642.64	2.13595	0.08023031
4490	-1616.85	-1618.74	1.88301	0.0976128
4500	-1595.89	-1597.29	1.40401	0.1250614
4510	-1590.36	-1590.68	0.319362	0.1831121
4520	-1609.91	-1611.67	1.76744	0.1045902
4530	-1588.71	-1589.21	0.500432	0.1733874
4540	-1599.86	-1601.4	1.53501	0.1178511
4550	-1588.03	-1588.67	0.641104	0.1658725
4560	-1623.18	-1622.21	-0.967985	0.2551988
4570	-1600.08	-1601.62	1.54121	0.1175065
4580	-1641.76	-1643.91	2.14523	0.07948297
4590	-1693.28	-1695.59	2.31041	0.05681292
4600	-1631.31	-1633.37	2.05718	0.08613865
4610	-1612.23	-1614.04	1.80921	0.1021079
4620	-1594.71	-1596.07	1.35749	0.1275929
4630	-1587.92	-1588.71	0.783277	0.1583008
4640	-1596.34	-1596.28	-0.0562907	0.2035479
4650	-1622.17	-1624.13	1.95578	0.0930022
4660	-1647.86	-1650.05	2.18571	0.07604098
4670	-1673.56	-1675.85	2.28888	0.06406079
4680	-1702.18	-1704.48	2.30679	0.05394024
4690	-1670.96	-1673.25	2.28268	0.0651227
4700	-1596.4	-1597.83	1.42306	0.1240207
4710	-1645.07	-1647.24	2.1681	0.07757954
4720	-1607.5	-1609.22	1.72037	0.1073429
4730	-1636.66	-1638.77	2.10549	0.08259692
4740	-1609.63	-1611.39	1.76227	0.1048943
4750	-1587.93	-1588.62	0.689289	0.1633043
4760	-1604.18	-1603.8	-0.387537	0.22194
4770	-1620.75	-1619.85	-0.903381	0.2514261
4780	-1589.08	-1590.09	1.0083	0.1463284
4790	-1587.96	-1588.63	0.671157	0.1642704
4800	-1650.29	-1652.49	2.19988	0.0747472
4810	-1653.61	-1655.83	2.21761	0.07303842
4820	-1590.04	-1591.14	1.09804	0.1415432
4830	-1598.76	-1600.27	1.50203	0.1196795
4840	-1587.91	-1588.68	0.769632	0.1590268
4850	-1595.21	-1596.59	1.37796	0.1264806
4860	-1599.88	-1601.42	1.53552	0.1178232
4870	-1605.2	-1606.87	1.67106	0.1101849
4880	-1684.25	-1686.56	2.3059	0.05996519
4890	-1761.15	-1763.27	2.11254	0.03918879
4900	-1612.96	-1614.78	1.82161	0.1013636
4910	-1620.24	-1619.35	-0.889618	0.2506248
4920	-1674.79	-1677.08	2.29153	0.06356588
4930	-1621.17	-1623.11	1.94294	0.09383106
4940	-1689.04	-1691.35	2.30936	0.05825917
4950	-1625.66	-1627.65	1.99757	0.09024804
4960	-1588.93	-1589.4	0.469804	0.1750277
4970	-1592.96	-1594.24	1.27849	0.1318667
4980	-1615.23	-1617.09	1.85829	0.09913608
4990	-1588.44	-1588.98	0.544285	0.1710415
5000	-1628.75	-1630.78	2.03131	0.08795226
5010	-1639.55	-1641.68	2.12873	0.08080289
5020	-1594.71	-1594.74	0.0282111	0.1989153
5030	-1601.74	-1603.33	1.58701	0.114947
5040	-1611.72	-1613.52	1.80025	0.1026439
5050	-1765.8	-1767.89	2.08617	0.03826487
5060	-1700.05	-1702.36	2.30835	0.05460735
5070	-1708.9	-1711.2	2.29908	0.0519074
5080	-1651.1	-1653.3	2.20437	0.07432458
5090	-1603.03	-1604.65	1.61985	0.1130971
5100	-1590.37	-1590.69	0.319173	0.1831223
5110	-1588.01	-1588.83	0.824131	0.1561274
5120	-1592.57	-1593.83	1.25859	0.1329388
5130	-1673.31	-1675.6	2.28833	0.06415976
5140	-1602.18	-1603.78	1.59837	0.1143085
5150	-1587.92	-1588.69	0.777441	0.1586113
5160	-1600.95	-1602.52	1.56581	0.1161342
5170	-1637.18	-1639.29	2.10983	0.082267
5180	-1588.99	-1589.45	0.461831	0.175455
5190	-1620.97	-1622.91	1.94037	0.0939962
5200	-1630.22	-1632.27	2.04643	0.08689799
5210	-1605.48	-1607.16	1.67738	0.1098227
5220	-1594.06	-1594.13	0.0643792	0.1969392
5230	-1631.4	-1630.22	-1.17356	0.2673302
5240	-1588.05	-1588.69	0.632863	0.166312
5250	-1596.39	-1596.33	-0.0589461	0.2036938
5260	-1654.78	-1657	2.22339	0.07245637
5270	-1588.01	-1588.66	0.646816	0.165568
5280	-1589.81	-1590.89	1.07896	0.1425615
5290	-1598.59	-1600.08	1.49648	0.1199864
5300	-1616.88	-1618.76	1.88339	0.0975893
5310	-1673.42	-1675.71	2.28857	0.06411646
5320	-1587.9	-1588.61	0.710802	0.1621585
5330	-1708.32	-1710.62	2.29991	0.05208
5340	-1599.59	-1601.12	1.52714	0.1182885
5350	-1636.21	-1638.31	2.10168	0.08288504
5360	-1605.34	-1607.02	1.67421	0.1100042
5370	-1618.22	-1620.12	1.90279	0.09637945
5380	-1591.84	-1592.04	0.204629	0.1893124
5390	-1588.46	-1589.38	0.926248	0.1506956
5400	-1608.12	-1609.85	1.73281	0.1066193
5410	-1600.05	-1601.59	1.5404	0.1175516
5420	-1588.54	-1589.07	0.527289	0.1719503
5430	-1589.37	-1590.41	1.03889	0.1446982
5440	-1619.93	-1619.05	-0.88111	0.2501298
5450	-1609.65	-1611.41	1.76255	0.1048782
5460	-1610.5	-1609.89	-0.60336	0.2341434
5470	-1591.55	-1592.76	1.20222	0.1359683
5480	-1590.25	-1591.36	1.11445	0.1406663
5490	-1704.86	-1707.16	2.30421	0.05311622
5500	-1662.33	-1664.58	2.2557	0.06887111
5510	-1649.72	-1651.91	2.19664	0.07504746
5520	-1705.8	-1708.1	2.30315	0.05283216
5530	-1705.15	-1707.46	2.30389	0.05302753
5540	-1699.08	-1701.38	2.30892	0.0549167
5550	-1588.9	-1589.88	0.987484	0.1474366
5560	-1623.22	-1625.19	1.96875	0.09215702
5570	-1662.92	-1665.18	2.25787	0.06860324
5580	-1661.06	-1663.31	2.25087	0.06945166
5590	-1675.91	-1678.21	2.29378	0.06312228
5600	-1670.91	-1673.19	2.28255	0.06514397
5610	-1666.37	-1668.64	2.2696	0.06707149
5620	-1709.14	-1711.44	2.29873	0.05183804
5630	-1682.9	-1685.21	2.30447	0.06045872
5640	-1590.92	-1592.09	1.16252	0.1380957
5650	-1591.78	-1591.98	0.209069	0.1890718
5660	-1588.2	-1588.79	0.593226	0.168427
5670	-1616.66	-1618.54	1.88008	0.09779437
5680	-1595.56	-1596.95	1.39145	0.1257465
5690	-1600.23	-1601.77	1.54545	0.1172706
5700	-1588.98	-1589.44	0.463049	0.1753898
5710	-1599.59	-1601.11	1.52689	0.1183027
5720	-1708.69	-1710.99	2.29939	0.05197012
5730	-1621.1	-1623.05	1.94206	0.09388762
5740	-1589.82	-1590.9	1.07988	0.1425121
5750	-1602.15	-1603.75	1.59769	0.1143466
5760	-1731.39	-1733.64	2.24483	0.04584102
5770	-1715.9	-1718.19	2.28677	0.04990718
5780	-1695.01	-1697.32	2.31032	0.05623619
5790	-1622.84	-1624.8	1.96405	0.09246397
5800	-1601.93	-1603.53	1.59202	0.1146652
5810	-1596.01	-1597.42	1.40877	0.1248017
5820	-1624.26	-1626.24	1.98127	0.09133285
5830	-1596.03	-1597.44	1.4094	0.1247671
5840	-1598.73	-1600.23	1.50101	0.1197358
5850	-1596.64	-1598.08	1.43174	0.1235458
5860	-1618.78	-1620.69	1.91072	0.09588116
5870	-1591.36	-1591.6	0.239323	0.187434
5880	-1619.44	-1621.36	1.91989	0.0953018
5890	-1724.87	-1727.13	2.26488	0.04749612
5900	-1589.16	-1590.17	1.01696	0.1458669
5910	-1597.04	-1596.95	-0.0904925	0.2054294
5920	-1751.84	-1748.62	-3.22014	0.400024
5930	-1588.76	-1589.25	0.493331	0.1737675
5940	-1705.19	-1702.64	-2.55375	0.3542668
5950	-1657.6	-1655.87	-1.7351	0.3015021
5960	-1588.48	-1589.41	0.929598	0.1505174
5970	-1595.94	-1597.35	1.40601	0.1249522
5980	-1590.08	-1591.18	1.10104	0.1413829
5990	-1690.59	-1692.9	2.30996	0.05772437
6000	-1725.93	-1728.19	2.26184	0.04722037
6010	-1595.03	-1596.4	1.37078	0.1268712
6020	-1611.59	-1613.38	1.79792	0.1027826
6030	-1652.48	-1654.69	2.21179	0.0736118
6040	-1607.03	-1608.74	1.71055	0.1079118
6050	-1600.86	-1602.42	1.56318	0.1162812
6060	-1610.85	-1612.64	1.7848	0.103563
6070	-1712.39	-1714.69	2.29347	0.05089564
6080	-1607.87	-1609.6	1.72787	0.1069073
6090	-1590.47	-1591.6	1.13103	0.1397806
6100	-1608.61	-1610.35	1.74256	0.1060505
6110	-1593.88	-1595.21	1.32192	0.1295212
6120	-1589.85	-1590.22	0.366856	0.1805547
6130	-1588.66	-1589.16	0.508583	0.1729511
6140	-1588.03	-1588.86	0.830461	0.1557907
6150	-1619.65	-1618.77	-0.873306	0.2496761
6160	-1605.36	-1607.03	1.67451	0.1099871
6170	-1597.61	-1597.5	-0.117555	0.2069208
6180	-1599.18	-1598.99	-0.188005	0.2108151
6190	-1591.64	-1591.86	0.218473	0.1885625
6200	-1597.87	-1599.35	1.47366	0.1212446
6210	-1588.5	-1589.03	0.53443	0.1715684
6220	-1658.53	-1660.77	2.24052	0.07063671
6230	-1590.07	-1591.17	1.10061	0.1414059
6240	-1593.5	-1594.8	1.30429	0.1304744
6250	-1665.85	-1668.11	2.26791	0.06730126
6260	-1595.3	-1595.3	-0.00344664	0.2006482
6270	-1641.06	-1643.2	2.14009	0.07989894
6280	-1592.4	-1593.65	1.24953	0.1334264
6290	-1588.25	-1589.14	0.888365	0.1527108
6300	-1629.37	-1628.25	-1.12465	0.2644262
6310	-1598.5	-1599.99	1.49375	0.120137
6320	-1605.02	-1606.69	1.667	0.1104169
6330	-1593.81	-1595.13	1.31866	0.1296976
6340	-1591.18	-1591.43	0.252789	0.1867058
6350	-1595.06	-1596.43	1.37174	0.1268187
6360	-1650.87	-1653.07	2.20311	0.07444366
6370	-1609.94	-1611.71	1.768	0.104557
6380	-1644.01	-1646.17	2.16098	0.07818292
6390	-1788.17	-1790.11	1.93908	0.03418218
6400	-1625.91	-1627.91	2.00048	0.09005282
6410	-1690.03	-1692.34	2.30977	0.05791674
6420	-1826.01	-1827.63	1.61831	0.0284123
6430	-1638.71	-1640.83	2.12211	0.08132087
6440	-1633.43	-1635.51	2.07716	0.08470059
6450	-1619.08	-1620.99	1.91487	0.09561938
6460	-1609.21	-1610.96	1.75419	0.1053692
6470	-1588.68	-1589.18	0.505432	0.1731197
6480	-1588.04	-1588.88	0.835062	0.1555459
6490	-1604.49	-1606.14	1.65477	0.1111151
6500	-1660.61	-1662.85	2.24909	0.06966101
6510	-1596.51	-1597.94	1.42693	0.1238093
6520	-1600.19	-1601.74	1.54456	0.1173199
6530	-1651.52	-1653.72	2.20664	0.07410818
6540	-1588.03	-1588.67	0.640671	0.1658956
6550	-1640.5	-1642.63	2.13592	0.08023284
6560	-1605.09	-1606.76	1.66862	0.1103241
6570	-1678.23	-1680.52	2.29795	0.06222046
6580	-1611.99	-1613.79	1.80496	0.1023623
6590	-1591	-1591.27	0.266609	0.1859589
6600	-1605.54	-1607.22	1.67862	0.1097514
6610	-1603.82	-1605.46	1.63897	0.1120136
6620	-1613.67	-1615.5	1.83331	0.1006569
6630	-1599.73	-1599.51	-0.211353	0.2121095
6640	-1611.57	-1613.37	1.79763	0.1027999
6650	-1619.98	-1621.91	1.92719	0.09483836
6660	-1607.42	-1609.14	1.71876	0.1074365
6670	-1595.2	-1596.58	1.37753	0.1265039
6680	-1614.47	-1616.31	1.84629	0.09986929
6690	-1591.08	-1592.25	1.17274	0.1375483
6700	-1589.6	-1590	0.391508	0.1792292
6710	-1631.94	-1634.01	2.06325	0.08570528
6720	-1609.63	-1609.06	-0.575578	0.232562
6730	-1599.62	-1601.15	1.52801	0.1182402
6740	-1663.26	-1665.51	2.25909	0.06845055
6750	-1603.2	-1604.82	1.62395	0.1128653
6760	-1630.23	-1632.27	2.04647	0.08689568
6770	-1697.88	-1700.19	2.3095	0.05529902
6780	-1674.8	-1677.09	2.29155	0.06356179
6790	-1629.02	-1631.05	2.0341	0.0877584
6800	-1615.15	-1617.01	1.85716	0.09920569
6810	-1648.58	-1650.77	2.19002	0.07565307
6820	-1599.3	-1600.82	1.51836	0.1187756
6830	-1616.55	-1618.42	1.87845	0.09789567
6840	-1590.17	-1591.28	1.10884	0.1409661
6850	-1652.89	-1655.1	2.2139	0.0734056
6860	-1669.57	-1671.85	2.27901	0.0657023
6870	-1612.82	-1614.64	1.81924	0.1015062
6880	-1621.87	-1623.82	1.95189	0.09325413
6890	-1587.97	-1588.78	0.80823	0.1569732
6900	-1588.75	-1589.71	0.968389	0.1484531
6910	-1600.97	-1602.54	1.56635	0.1161045
6920	-1597.29	-1598.74	1.45406	0.1223222
6930	-1732.34	-1734.58	2.24164	0.04560718
6940	-1592.68	-1592.82	0.148369	0.1923652
6950	-1661.97	-1664.22	2.25436	0.06903365
6960	-1672.26	-1674.54	2.28588	0.06458941
6970	-1601.64	-1603.22	1.58418	0.1151057
6980	-1651.82	-1654.03	2.20829	0.07395048
6990	-1786.83	-1788.78	1.94879	0.03441053
7000	-1603.51	-1605.15	1.63169	0.1124268
7010	-1690.84	-1693.15	2.31003	0.05763697
7020	-1684.63	-1686.94	2.30626	0.05982638
7030	-1745.11	-1747.3	2.19195	0.04260614
7040	-1634.86	-1636.95	2.09003	0.08375536
7050	-1639.75	-1641.89	2.13028	0.08068044
7060	-1591.98	-1593.21	1.22673	0.1346526
7070	-1608.32	-1610.06	1.73696	0.1063773
7080	-1593.58	-1593.67	0.0926281	0.1953985
7090	-1670.89	-1673.18	2.2825	0.0651517
7100	-1734.88	-1737.11	2.23274	0.0449879
7110	-1695.48	-1697.79	2.31024	0.05608241
7120	-1698.93	-1701.24	2.309	0.05496296
7130	-1606.98	-1608.69	1.7096	0.1079672
7140	-1640.36	-1642.49	2.13485	0.08031777
7150	-1588.34	-1589.24	0.905035	0.1518241
7160	-1635.2	-1637.29	2.09298	0.08353629
7170	-1688.68	-1690.99	2.30919	0.05838547
7180	-1674.32	-1676.61	2.29053	0.0637553
7190	-1596.36	-1597.78	1.42151	0.1241059
7200	-1640.16	-1642.29	2.13334	0.08043818
7210	-1678.05	-1680.35	2.29766	0.06228718
7220	-1644.7	-1646.87	2.16566	0.07778729
7230	-1659.67	-1661.91	2.2453	0.07009883
7240	-1704.01	-1706.32	2.3051	0.05337433
7250	-1666.1	-1668.37	2.26874	0.06718882
7260	-1670.16	-1672.44	2.2806	0.06545511
7270	-1588.83	-1589.81	0.979844	0.1478434
7280	-1629	-1631.04	2.03399	0.08776617
7290	-1595.38	-1596.76	1.3845	0.1261248
7300	-1647.18	-1649.36	2.18157	0.07640979
7310	-1606.92	-1608.63	1.70826	0.1080443
7320	-1588.87	-1589.35	0.47793	0.1745923
7330	-1602.43	-1602.11	-0.321294	0.2182305
7340	-1592.1	-1592.29	0.186492	0.1902956
7350	-1588.31	-1589.21	0.900861	0.1520461
7360	-1627.4	-1629.42	2.01696	0.08893749
7370	-1597.79	-1599.26	1.47097	0.1213926
7380	-1604.28	-1605.93	1.64995	0.1113894
7390	-1616.13	-1618	1.87214	0.098285
7400	-1591.99	-1592.18	0.194272	0.1898737
7410	-1588.01	-1588.66	0.647286	0.1655429
7420	-1590.93	-1592.1	1.16324	0.1380572
7430	-1694.58	-1696.89	2.31037	0.05637857
7440	-1589.69	-1590.07	0.382851	0.1796945
7450	-1628.25	-1630.28	2.02609	0.08831225
7460	-1589.19	-1590.21	1.0206	0.1456728
7470	-1591.76	-1592.97	1.2143	0.1353198
7480	-1743.02	-1745.22	2.20093	0.04307931
7490	-1805.85	-1807.65	1.80008	0.03132678
7500	-1626.23	-1628.23	2.00405	0.08981221
7510	-1684.1	-1686.4	2.30575	0.06002016
7520	-1597.75	-1599.22	1.46977	0.1214587
7530	-1862.32	-1863.55	1.2308	0.02392126
7540	-1739.46	-1741.68	2.21543	0.04389927
7550	-1759.32	-1761.44	2.12257	0.03956212
7560	-1706.92	-1709.23	2.30178	0.0524943
7570	-1598.68	-1600.18	1.49931	0.1198298
7580	-1608.14	-1609.88	1.73334	0.1065885
7590	-1599.04	-1600.55	1.51042	0.1192155
7600	-1640.75	-1642.89	2.13781	0.08008176
7610	-1641.57	-1643.71	2.14383	0.0795972
7620	-1668.06	-1670.33	2.27472	0.06634487
7630	-1605.86	-1607.55	1.68568	0.1093459
7640	-1626.5	-1628.5	2.00702	0.08961181
7650	-1603.7	-1605.34	1.63622	0.1121699
7660	-1641.58	-1643.73	2.14394	0.07958824
7670	-1591.01	-1592.18	1.16832	0.1377854
7680	-1624.06	-1626.04	1.97892	0.09148808
7690	-1620.19	-1622.12	1.93002	0.09465854
7700	-1641.12	-1643.26	2.14056	0.07986067
7710	-1588.22	-1588.81	0.588697	0.1686688
7720	-1677.16	-1679.46	2.2961	0.06263347
7730	-1743.14	-1745.34	2.2004	0.04305062
7740	-1591.35	-1592.54	1.18977	0.1366356
7750	-1587.93	-1588.71	0.784168	0.1582533
7760	-1589.05	-1590.05	1.00482	0.1465132
7770	-1590.07	-1591.17	1.10068	0.1414019
7780	-1623.37	-1625.34	1.97064	0.09203308
7790	-1734.57	-1736.8	2.23386	0.04506316
7800	-1781.54	-1783.53	1.98606	0.03533269
7810	-1643.75	-1645.91	2.15925	0.0783281
7820	-1650.74	-1652.94	2.20237	0.07451317
7830	-1665.29	-1667.55	2.26609	0.06754608
7840	-1632.03	-1634.09	2.06409	0.08564514
7850	-1695.37	-1697.68	2.31026	0.05611617
7860	-1655.07	-1657.3	2.22483	0.07230922
7870	-1692.24	-1694.55	2.31032	0.05716141
7880	-1676.56	-1678.85	2.295	0.06286874
7890	-1598.02	-1599.5	1.47855	0.1209753
7900	-1797.16	-1799.04	1.87082	0.0326921
7910	-1658.5	-1660.74	2.2404	0.07064978
7920	-1588.37	-1588.92	0.557838	0.1703171
7930	-1587.9	-1588.61	0.711758	0.1621075
7940	-1651.06	-1653.26	2.20416	0.07434426
7950	-1647.19	-1649.37	2.18159	0.07640798
7960	-1662	-1664.26	2.25449	0.06901848
7970	-1635.13	-1637.22	2.09238	0.08358079
7980	-1644.32	-1646.49	2.16312	0.0780025
7990	-1591.49	-1592.69	1.19823	0.1361821
8000	-1607.87	-1609.6	1.72788	0.1069064
8010	-1652.33	-1654.54	2.21098	0.07368998
8020	-1599.07	-1600.58	1.51139	0.1191616
8030	-1588.29	-1588.86	0.573863	0.169461
8040	-1691.83	-1689.49	-2.34184	0.3402558
8050	-1610.68	-1612.46	1.78161	0.1037526
8060	-1612.38	-1614.2	1.8118	0.1019529
8070	-1624.9	-1626.89	1.9889	0.09082685
8080	-1675.67	-1677.96	2.29331	0.06321751
8090	-1588.25	-1588.83	0.581273	0.1690652
8100	-1587.93	-1588.72	0.787485	0.1580769
8110	-1608.28	-1610.01	1.73602	0.1064321
8120	-1599.94	-1599.72	-0.220582	0.2126216
8130	-1609.92	-1611.69	1.76771	0.1045744
8140	-1645.53	-1647.71	2.17112	0.07732047
8150	-1666.68	-1668.95	2.27056	0.06693831
8160	-1640.87	-1643.01	2.13869	0.08001131
8170	-1686.19	-1688.5	2.3076	0.05926595
8180	-1593.07	-1594.35	1.28385	0.1315776
8190	-1669.35	-1671.63	2.2784	0.06579635
8200	-1644.28	-1646.44	2.16283	0.07802689
8210	-1609.88	-1611.64	1.76684	0.1046254
8220	-1589.28	-1590.31	1.03017	0.1451632
8230	-1592.45	-1592.61	0.163325	0.1915528
8240	-1597.54	-1597.43	-0.114233	0.2067376
8250	-1625.97	-1627.97	2.00116	0.09000698
8260	-1654.26	-1656.48	2.22083	0.07271544
8270	-1610.05	-1611.82	1.7701	0.1044332
8280	-1670.71	-1673	2.28204	0.06522549
8290	-1594.24	-1595.58	1.33775	0.128664
8300	-1626.05	-1628.05	2.00203	0.08994854
8310	-1724.62	-1726.89	2.26557	0.04756037
8320	-1625.87	-1627.87	1.99997	0.09008701
8330	-1601.04	-1602.61	1.56825	0.1159977
8340	-1643.05	-1645.2	2.15439	0.07873232
8350	-1659.65	-1661.89	2.24522	0.07010811
8360	-1703.15	-1705.46	2.30593	0.05363848
8370	-1665.8	-1668.06	2.26776	0.06732276
8380	-1608.87	-1610.61	1.74758	0.1057569
8390	-1608.14	-1609.87	1.73329	0.1065917
8400	-1609.13	-1610.89	1.75277	0.1054529
8410	-1588.44	-1588.98	0.544545	0.1710276
8420	-1659.12	-1661.36	2.24304	0.07035483
8430	-1638.14	-1640.26	2.11763	0.0816683
8440	-1641.65	-1643.79	2.14442	0.07954874
8450	-1802.47	-1804.3	1.82818	0.03185011
8460	-1654.68	-1656.9	2.22291	0.07250471
8470	-1590.57	-1590.87	0.301967	0.18405
8480	-1588.31	-1589.21	0.899661	0.1521099
8490	-1624.93	-1626.92	1.98919	0.09080739
8500	-1642.61	-1644.77	2.15134	0.07898422
8510	-1644.95	-1647.12	2.16731	0.07764729
8520	-1669.7	-1671.98	2.27935	0.06565025
8530	-1614.21	-1616.05	1.8422	0.1001179
8540	-1588.48	-1589.41	0.929522	0.1505214
8550	-1657.05	-1659.28	2.23401	0.07134586
8560	-1669.31	-1671.59	2.27829	0.06581342
8570	-1592.42	-1592.59	0.164981	0.1914629
8580	-1647.53	-1649.71	2.18369	0.07622179
8590	-1589.73	-1590.11	0.378852	0.1799095
8600	-1590.18	-1591.29	1.1092	0.1409467
8610	-1625.04	-1627.03	1.99046	0.09072296
8620	-1616.8	-1618.68	1.88225	0.09766031
8630	-1593.9	-1595.22	1.32241	0.1294947
8640	-1701.17	-1703.48	2.30758	0.05425439
8650	-1588.62	-1589.13	0.514726	0.1726224
8660	-1618.26	-1620.17	1.90345	0.09633831
8670	-1587.89	-1588.62	0.729599	0.1611576
8680	-1590.79	-1591.94	1.15328	0.1385906
8690	-1626.29	-1628.29	2.00469	0.08976923
8700	-1592.45	-1593.7	1.25227	0.1332789
8710	-1587.92	-1588.61	0.696741	0.1629073
8720	-1649.77	-1651.97	2.19693	0.07502107
8730	-1592.77	-1592.92	0.142051	0.1927085
8740	-1669.87	-1672.15	2.27982	0.06557771
8750	-1627.67	-1629.69	2.01989	0.08873686
8760	-1638.75	-1640.88	2.12249	0.0812911
8770	-1593.29	-1594.59	1.29451	0.1310026
8780	-1659.05	-1661.29	2.24272	0.07039076
8790	-1678.22	-1680.52	2.29794	0.0622225
8800	-1628.19	-1630.21	2.02543	0.08835724
8810	-1589.51	-1590.56	1.0521	0.1439941
8820	-1607.77	-1609.5	1.72591	0.1070213
8830	-1596.55	-1597.98	1.42837	0.1237303
8840	-1631.52	-1633.58	2.05922	0.08599351
8850	-1662.18	-1664.43	2.25515	0.06893786
8860	-1645.69	-1647.86	2.17213	0.07723344
8870	-1588.81	-1589.79	0.976967	0.1479965
8880	-1607.59	-1609.31	1.72217	0.1072384
8890	-1640.98	-1643.12	2.13949	0.07994711
8900	-1619.38	-1618.51	-0.865911	0.2492464
8910	-1589.4	-1589.81	0.413623	0.1780412
8920	-1590.65	-1590.95	0.294835	0.1844348
8930	-1599.67	-1599.46	-0.20915	0.2119873
8940	-1671.96	-1674.24	2.28515	0.06471237
8950	-1815.37	-1817.09	1.71726	0.02990809
8960	-1661.89	-1664.14	2.25406	0.06907031
8970	-1625.36	-1627.36	1.99421	0.09047273
8980	-1588.43	-1589.35	0.921058	0.1509717
8990	-1589.11	-1590.13	1.01227	0.1461168
9000	-1616.56	-1618.44	1.87867	0.0978821
9010	-1588.3	-1589.2	0.898258	0.1521846
9020	-1643.03	-1645.18	2.15423	0.07874573
9030	-1599.81	-1601.35	1.53361	0.1179294
9040	-1598.6	-1600.1	1.49696	0.1199597
9050	-1659.76	-1662	2.24567	0.07005666
9060	-1626.1	-1628.1	2.00261	0.08990953
9070	-1610.08	-1611.85	1.77058	0.1044049
9080	-1629.54	-1631.58	2.03955	0.08737979
9090	-1619	-1620.92	1.91386	0.09568304
9100	-1588.19	-1589.06	0.874795	0.1534326
9110	-1587.95	-1588.75	0.798603	0.1574854
9120	-1591.86	-1593.08	1.22027	0.1349994
9130	-1610.16	-1611.93	1.7722	0.1043093
9140	-1643.25	-1645.41	2.15583	0.07861317
9150	-1593.43	-1593.53	0.101636	0.1949077
9160	-1589.88	-1590.24	0.364113	0.1807022
9170	-1606.17	-1607.87	1.69246	0.108956
9180	-1614.67	-1616.52	1.84947	0.0996751
9190	-1603.37	-1605	1.62814	0.1126281
9200	-1593.61	-1594.92	1.30938	0.1301993
9210	-1587.94	-1588.62	0.682103	0.1636872
9220	-1588.2	-1588.8	0.592048	0.1684899
9230	-1599.97	-1601.51	1.53819	0.1176747
9240	-1598.63	-1600.13	1.49793	0.1199064
9250	-1602.33	-1602.01	-0.317117	0.2179971
9260	-1600.99	-1600.73	-0.263977	0.2150339
9270	-1597.46	-1598.92	1.46007	0.1219922
9280	-1619.56	-1621.48	1.92151	0.09519923
9290	-1617.3	-1619.19	1.8896	0.09720337
9300	-1603.41	-1605.04	1.62929	0.1125631
9310	-1612.8	-1614.62	1.81895	0.1015237
9320	-1602.32	-1603.93	1.60206	0.1141009
9330	-1674.25	-1676.54	2.2904	0.06378134
9340	-1649.78	-1651.97	2.19698	0.07501618
9350	-1817.65	-1819.35	1.69662	0.0295798
9360	-1676.69	-1678.98	2.29525	0.06281688
9370	-1776.64	-1778.66	2.01901	0.03621533
9380	-1737.81	-1740.03	2.22187	0.04428865
9390	-1674	-1676.29	2.28984	0.06388494
9400	-1596.48	-1597.91	1.42588	0.1238668
9410	-1635.43	-1637.52	2.09499	0.08338662
9420	-1595.7	-1597.1	1.39705	0.1254412
9430	-1638.46	-1640.59	2.1202	0.08146917
9440	-1648.67	-1650.86	2.19052	0.07560787
9450	-1666.18	-1668.45	2.26897	0.06715706
9460	-1600.18	-1601.72	1.54414	0.1173436
9470	-1613.34	-1615.17	1.82795	0.1009812
9480	-1593.93	-1595.25	1.32397	0.12941
9490	-1589.95	-1591.05	1.09122	0.1419069
9500	-1591.92	-1593.15	1.2237	0.1348152
9510	-1609.54	-1611.3	1.76055	0.1049957
9520	-1588.26	-1589.15	0.889942	0.1526269
9530	-1601.46	-1603.04	1.57957	0.115364
9540	-1627.11	-1629.12	2.01378	0.08915374
9550	-1690.64	-1692.95	2.30998	0.05770634
9560	-1707.96	-1710.26	2.30041	0.05218652
9570	-1702.14	-1704.45	2.30682	0.05395048
9580	-1588.12	-1588.98	0.859379	0.1542526
9590	-1588.21	-1589.09	0.88024	0.153143
9600	-1661.54	-1663.79	2.25272	0.06923186
9610	-1612.13	-1613.94	1.80741	0.1022158
9620	-1625.25	-1627.24	1.99287	0.09056231
9630	-1651.81	-1654.02	2.20824	0.07395504
9640	-1634.22	-1636.3	2.08431	0.084178
9650	-1589.17	-1589.61	0.439691	0.1766422
9660	-1622.65	-1621.7	-0.954101	0.2543865
9670	-1618.43	-1617.59	-0.839473	0.2477122
9680	-1614.64	-1616.49	1.849	0.09970384
9690	-1689.77	-1692.08	2.30967	0.05800603
9700	-1734.47	-1736.7	2.23423	0.04508829
9710	-1616.8	-1618.68	1.88224	0.09766088
9720	-1590.43	-1590.74	0.31401	0.1834006
9730	-1640.96	-1643.1	2.13936	0.07995745
9740	-1614.82	-1616.67	1.85186	0.09952969
9750	-1597.82	-1599.3	1.47209	0.1213312
9760	-1640.76	-1642.89	2.13785	0.0800785
9770	-1591.54	-1592.74	1.20139	0.1360127
9780	-1598.59	-1598.43	-0.162139	0.2093833
9790	-1611.51	-1613.3	1.79652	0.1028661
9800	-1618.42	-1620.32	1.90563	0.09620124
9810	-1588.38	-1589.29	0.913365	0.1513809
9820	-1623.4	-1625.38	1.97104	0.09200678
9830	-1626.71	-1628.72	2.00938	0.08945267
9840	-1636.15	-1638.25	2.10117	0.08292361
9850	-1589.88	-1590.96	1.08505	0.1422362
9860	-1629.12	-1631.15	2.03516	0.08768549
9870	-1589.29	-1590.32	1.03048	0.1451465
9880	-1595.22	-1596.6	1.37834	0.1264601
9890	-1600.36	-1601.91	1.54917	0.1170634
9900	-1642.39	-1644.54	2.14977	0.07911281
9910	-1596.05	-1596.01	-0.0418666	0.2027555
9920	-1588.08	-1588.92	0.846552	0.1549348
9930	-1591.93	-1593.15	1.22402	0.1347982
9940	-1593.79	-1593.87	0.0803347	0.1960687
9950	-1601.78	-1603.36	1.58786	0.1148993
9960	-1609.98	-1611.75	1.76883	0.104508
9970	-1707.52	-1709.82	2.301	0.05231687
9980	-1670.35	-1672.63	2.28109	0.06537817
9990	-1614.18	-1616.02	1.8416	0.1001542
10000	-1589.04	-1590.04	1.00402	0.1465559
