Iteration	Posterior	Likelihood	Prior	birth_rate
0	-1609.08	-1610.83	1.75171	0.1055148
10	-1588.43	-1588.98	0.545199	0.1709926
20	-1589.4	-1590.44	1.04188	0.1445386
30	-1589.35	-1589.77	0.41883	0.1777617
40	-1592.33	-1592.5	0.171225	0.1911239
50	-1608.39	-1610.13	1.73825	0.1063022
60	-1587.95	-1588.62	0.677023	0.1639579
70	-1595	-1595.01	0.0125159	0.199774
80	-1594.21	-1595.55	1.33633	0.1287409
90	-1587.9	-1588.66	0.761391	0.1594654
100	-1613.13	-1614.95	1.82438	0.1011966
110	-1594.04	-1594.1	0.0659552	0.1968532
120	-1645.11	-1647.28	2.16835	0.0775587
130	-1615.37	-1617.23	1.86058	0.09899595
140	-1589.5	-1589.91	0.402009	0.178665
150	-1588.63	-1589.58	0.952392	0.1493045
160	-1590.72	-1591.87	1.14896	0.1388214
170	-1599.58	-1601.11	1.52673	0.1183115
180	-1591.54	-1592.74	1.20138	0.1360135
190	-1588.12	-1588.74	0.612156	0.1674167
200	-1596.84	-1598.28	1.43881	0.1231585
210	-1589.41	-1590.45	1.04295	0.1444817
220	-1597.23	-1598.69	1.45229	0.1224195
230	-1590.74	-1591.89	1.15036	0.1387466
240	-1600.27	-1600.03	-0.234232	0.2133797
250	-1596.42	-1596.36	-0.0602321	0.2037645
260	-1593.2	-1593.32	0.115397	0.1941584
270	-1606.11	-1607.8	1.69104	0.109038
280	-1593.26	-1593.37	0.111966	0.1943452
290	-1587.94	-1588.62	0.68351	0.1636122
300	-1598.77	-1600.27	1.5022	0.1196702
310	-1596.12	-1596.07	-0.0452989	0.202944
320	-1588.43	-1588.97	0.546617	0.1709168
330	-1594.4	-1595.75	1.34455	0.1282955
340	-1595.69	-1597.08	1.39649	0.1254717
350	-1591.79	-1593	1.21585	0.1352367
360	-1591.02	-1591.28	0.265379	0.1860253
370	-1588.97	-1589.97	0.996495	0.1469568
380	-1605.97	-1607.66	1.68802	0.1092119
390	-1592.56	-1593.82	1.25821	0.1329596
400	-1604.5	-1606.16	1.65504	0.1110994
410	-1588.09	-1588.71	0.622782	0.1668497
420	-1598.05	-1599.53	1.4793	0.120934
430	-1588.35	-1589.26	0.907856	0.151674
440	-1593.27	-1594.56	1.29331	0.1310671
450	-1588.01	-1588.83	0.823237	0.1561749
460	-1589.75	-1590.12	0.376977	0.1800103
470	-1619.84	-1621.77	1.92532	0.09495747
480	-1622.2	-1624.16	1.9561	0.09298114
490	-1593.34	-1594.63	1.29671	0.1308838
500	-1594.12	-1595.45	1.33232	0.1289582
510	-1591.3	-1592.49	1.18685	0.1367922
520	-1599.55	-1601.08	1.52594	0.1183551
530	-1588.08	-1588.7	0.626031	0.1666764
540	-1588.89	-1589.88	0.986831	0.1474714
550	-1590.16	-1590.5	0.337095	0.1821566
560	-1592.03	-1593.26	1.22989	0.1344827
570	-1626.31	-1628.31	2.00494	0.08975234
580	-1588.99	-1589.99	0.998899	0.1468288
590	-1588.33	-1589.23	0.903519	0.1519047
600	-1616.52	-1618.39	1.878	0.09792299
610	-1604.06	-1605.7	1.6447	0.1116885
620	-1595.45	-1596.84	1.3874	0.1259668
630	-1609.5	-1611.26	1.75974	0.1050432
640	-1595.47	-1596.86	1.38821	0.1259229
650	-1592.37	-1593.62	1.24822	0.133497
660	-1592.5	-1592.66	0.159863	0.1917408
670	-1589.23	-1590.25	1.02474	0.1454525
680	-1620.7	-1619.8	-0.901959	0.2513432
690	-1607.67	-1609.39	1.72376	0.1071462
700	-1588.7	-1589.21	0.501273	0.1733423
710	-1599.62	-1601.15	1.52796	0.1182432
720	-1598.7	-1598.54	-0.166949	0.2096494
730	-1594.52	-1594.56	0.0388944	0.1983312
740	-1601.96	-1603.55	1.59258	0.1146343
750	-1589.58	-1590.64	1.05911	0.1436203
760	-1589.47	-1589.88	0.405498	0.1784776
770	-1589.11	-1589.56	0.446744	0.1762639
780	-1587.91	-1588.68	0.770266	0.158993
790	-1596.58	-1598.01	1.42941	0.1236736
800	-1589.93	-1591.02	1.08941	0.1420039
810	-1588.1	-1588.95	0.852505	0.1546182
820	-1588.65	-1589.61	0.955538	0.1491371
830	-1622.61	-1624.57	1.9613	0.09264347
840	-1589.5	-1590.55	1.051	0.1440528
850	-1588.24	-1588.82	0.58483	0.1688753
860	-1598.13	-1599.62	1.48212	0.1207787
870	-1629.5	-1631.54	2.0391	0.08741092
880	-1601.85	-1603.44	1.58988	0.1147859
890	-1599.8	-1601.33	1.53307	0.1179592
900	-1606.92	-1608.63	1.7083	0.1080424
910	-1590.03	-1591.13	1.09722	0.1415866
920	-1587.9	-1588.62	0.720831	0.1616244
930	-1588.83	-1589.31	0.483138	0.1743134
940	-1588.21	-1589.09	0.878933	0.1532125
950	-1596.6	-1598.03	1.43001	0.1236405
960	-1588.14	-1589	0.862777	0.1540718
970	-1607.93	-1609.66	1.72903	0.1068396
980	-1645.4	-1647.57	2.17024	0.07739645
990	-1591.18	-1591.44	0.252594	0.1867163
1000	-1589.75	-1590.83	1.07405	0.1428232
1010	-1594.64	-1594.67	0.032108	0.1987022
1020	-1594.08	-1595.42	1.33081	0.1290397
1030	-1588.92	-1589.91	0.989907	0.1473076
1040	-1587.89	-1588.64	0.747363	0.160212
1050	-1661.09	-1663.34	2.25101	0.06943566
1060	-1587.92	-1588.7	0.7782	0.1585709
1070	-1588.84	-1589.83	0.981113	0.1477758
1080	-1637.98	-1640.1	2.11635	0.08176696
1090	-1600.71	-1602.27	1.559	0.1165147
1100	-1588.39	-1588.94	0.553051	0.1705729
1110	-1596.47	-1597.89	1.42536	0.1238951
1120	-1598.6	-1600.1	1.4969	0.1199632
1130	-1594.98	-1596.35	1.36877	0.1269806
1140	-1597.89	-1597.76	-0.13011	0.2076136
1150	-1587.98	-1588.79	0.812467	0.1567478
1160	-1616.81	-1618.69	1.88238	0.09765222
1170	-1587.93	-1588.71	0.784862	0.1582164
1180	-1593.47	-1594.77	1.30279	0.1305551
1190	-1588.02	-1588.67	0.643282	0.1657564
1200	-1644.69	-1646.86	2.16559	0.07779364
1210	-1631.49	-1633.55	2.05889	0.08601714
1220	-1587.97	-1588.78	0.807497	0.1570122
1230	-1600.14	-1601.68	1.54289	0.1174132
1240	-1601.04	-1602.61	1.56822	0.1159995
1250	-1588.46	-1589	0.540427	0.1712477
1260	-1588	-1588.65	0.650889	0.1653508
1270	-1590.31	-1590.64	0.323855	0.1828699
1280	-1615.45	-1617.32	1.86183	0.09891957
1290	-1590.25	-1591.36	1.11446	0.140666
1300	-1595.02	-1596.39	1.37013	0.1269064
1310	-1629.13	-1631.16	2.03526	0.08767818
1320	-1593.53	-1593.63	0.0953037	0.1952527
1330	-1616.38	-1618.25	1.87592	0.0980519
1340	-1592.96	-1594.23	1.27822	0.1318813
1350	-1588.48	-1589.01	0.53762	0.1713978
1360	-1590.43	-1590.75	0.313242	0.183442
1370	-1588.26	-1589.15	0.889983	0.1526247
1380	-1622.43	-1624.39	1.95907	0.09278869
1390	-1587.89	-1588.62	0.724777	0.1614143
1400	-1589.21	-1589.65	0.43458	0.1769164
1410	-1591.5	-1592.7	1.19906	0.1361377
1420	-1595.83	-1597.23	1.40178	0.1251828
1430	-1589.73	-1590.81	1.07263	0.142899
1440	-1587.9	-1588.62	0.722289	0.1615468
1450	-1600.82	-1602.38	1.56198	0.1163487
1460	-1591.37	-1591.61	0.238228	0.1874932
1470	-1590.3	-1590.63	0.324929	0.182812
1480	-1588.27	-1588.84	0.578131	0.169233
1490	-1592.5	-1593.76	1.25503	0.1331307
1500	-1593.78	-1595.1	1.31717	0.1297777
1510	-1588.11	-1588.72	0.617334	0.1671404
1520	-1603.65	-1605.29	1.63505	0.1122365
1530	-1588.26	-1589.16	0.891192	0.1525605
1540	-1616.88	-1616.08	-0.795773	0.245183
1550	-1604.96	-1606.62	1.66551	0.1105022
1560	-1602.95	-1602.61	-0.34106	0.2193356
1570	-1598.69	-1600.19	1.4998	0.1198029
1580	-1595.26	-1595.26	-0.00118823	0.2005245
1590	-1590.51	-1591.64	1.13372	0.1396363
1600	-1596.91	-1596.82	-0.0840716	0.2050758
1610	-1617.37	-1619.26	1.89062	0.09714002
1620	-1588.82	-1589.79	0.977354	0.1479759
1630	-1609.36	-1611.12	1.75716	0.1051948
1640	-1588.3	-1588.87	0.571479	0.1695883
1650	-1607.98	-1609.71	1.73	0.1067831
1660	-1588.68	-1589.18	0.505316	0.1731259
1670	-1588.25	-1588.83	0.581775	0.1690384
1680	-1590.49	-1590.79	0.308846	0.183679
1690	-1631.18	-1630.01	-1.16825	0.2670145
1700	-1590.11	-1591.21	1.10342	0.1412559
1710	-1598.04	-1599.51	1.47895	0.1209532
1720	-1632.17	-1634.24	2.06543	0.08554937
1730	-1610.62	-1612.4	1.78057	0.1038141
1740	-1587.89	-1588.63	0.733705	0.160939
1750	-1614.5	-1613.77	-0.726507	0.2411909
1760	-1589.52	-1590.57	1.05306	0.1439426
1770	-1597.1	-1598.55	1.44782	0.1226646
1780	-1614.45	-1616.29	1.84593	0.09989067
1790	-1603.08	-1604.7	1.62098	0.1130333
1800	-1596.04	-1597.45	1.4098	0.1247453
1810	-1594.55	-1594.59	0.0371071	0.1984289
1820	-1590.07	-1590.42	0.345853	0.181685
1830	-1604.65	-1606.31	1.65854	0.1108999
1840	-1592.71	-1593.97	1.26573	0.1325542
1850	-1589.29	-1589.71	0.425856	0.1773845
1860	-1595.28	-1595.28	-0.00252724	0.2005978
1870	-1600.03	-1599.81	-0.224274	0.2128266
1880	-1589.01	-1590.01	1.00032	0.146753
1890	-1611.87	-1613.67	1.80287	0.1024873
1900	-1587.98	-1588.79	0.813136	0.1567123
1910	-1588.1	-1588.72	0.619614	0.1670187
1920	-1620.12	-1622.05	1.92904	0.09472053
1930	-1602.96	-1602.62	-0.341442	0.219357
1940	-1588.45	-1589.38	0.925254	0.1507485
1950	-1588.94	-1589.93	0.992063	0.1471928
1960	-1589.76	-1590.13	0.375792	0.1800741
1970	-1588.38	-1589.29	0.912334	0.1514358
1980	-1589.69	-1590.07	0.38247	0.179715
1990	-1612.28	-1614.09	1.80998	0.1020617
2000	-1616.52	-1618.4	1.87811	0.09791648
2010	-1599.33	-1600.85	1.51916	0.1187313
2020	-1602.51	-1604.12	1.6068	0.1138337
2030	-1611.84	-1611.19	-0.645599	0.2365535
2040	-1589.99	-1591.09	1.09451	0.1417313
2050	-1587.89	-1588.63	0.733427	0.1609538
2060	-1588.28	-1588.85	0.576141	0.1693393
2070	-1613.88	-1613.18	-0.708083	0.2401324
2080	-1597.1	-1598.55	1.44775	0.1226688
2090	-1588.54	-1589.06	0.527495	0.1719393
2100	-1594.09	-1594.15	0.0630351	0.1970126
2110	-1597.91	-1599.38	1.47477	0.1211835
2120	-1587.9	-1588.61	0.710309	0.1621847
2130	-1588.24	-1589.13	0.887088	0.1527787
2140	-1613.98	-1615.82	1.83841	0.1003478
2150	-1598.26	-1599.74	1.48605	0.1205621
2160	-1598.9	-1600.4	1.5061	0.1194546
2170	-1627.09	-1629.1	2.01358	0.08916724
2180	-1587.96	-1588.76	0.801458	0.1573335
2190	-1587.91	-1588.61	0.70221	0.162616
2200	-1596.33	-1597.75	1.42049	0.1241612
2210	-1623.34	-1625.32	1.97031	0.09205476
2220	-1612.96	-1614.78	1.82153	0.1013684
2230	-1589.21	-1590.23	1.02274	0.145559
2240	-1598.8	-1600.3	1.5031	0.1196205
2250	-1600.34	-1601.89	1.54879	0.1170841
2260	-1598.72	-1600.22	1.50068	0.1197542
2270	-1613.35	-1615.18	1.82809	0.1009724
2280	-1596.86	-1596.78	-0.0820258	0.2049632
2290	-1626.48	-1628.49	2.00691	0.08961964
2300	-1588.26	-1588.84	0.579345	0.1691682
2310	-1587.95	-1588.63	0.672951	0.1641749
2320	-1589.25	-1590.28	1.02675	0.1453454
2330	-1613.14	-1612.45	-0.685569	0.238841
2340	-1590.3	-1591.42	1.11857	0.1404466
2350	-1590.03	-1591.13	1.09767	0.1415627
2360	-1587.98	-1588.8	0.814474	0.1566411
2370	-1588.9	-1589.38	0.473464	0.1748316
2380	-1608.7	-1610.44	1.74427	0.1059506
2390	-1603.05	-1604.67	1.62029	0.1130721
2400	-1663.75	-1666.01	2.26084	0.06822974
2410	-1618.91	-1620.83	1.91259	0.09576335
2420	-1588.38	-1589.3	0.913706	0.1513628
2430	-1588.06	-1588.69	0.63115	0.1664034
2440	-1622.96	-1624.93	1.96562	0.09236118
2450	-1600.55	-1602.1	1.55447	0.1167677
2460	-1588.01	-1588.83	0.823562	0.1561577
2470	-1588.12	-1588.98	0.859279	0.1542579
2480	-1587.93	-1588.71	0.785606	0.1581768
2490	-1601.16	-1602.73	1.57138	0.1158229
2500	-1587.99	-1588.65	0.656894	0.1650306
2510	-1623.64	-1625.61	1.97387	0.09182106
2520	-1587.97	-1588.78	0.808122	0.1569789
2530	-1626.97	-1628.98	2.01229	0.0892548
2540	-1637.16	-1639.27	2.1096	0.08228451
2550	-1591.04	-1591.3	0.263713	0.1861153
2560	-1588.75	-1589.72	0.969533	0.1483923
2570	-1589.14	-1590.15	1.01506	0.1459679
2580	-1593.24	-1594.53	1.2918	0.1311486
2590	-1591.83	-1593.04	1.21811	0.1351151
2600	-1589.9	-1590.99	1.08673	0.1421465
2610	-1591.05	-1592.22	1.17054	0.1376662
2620	-1589.19	-1590.21	1.02076	0.1456642
2630	-1630.79	-1632.84	2.05208	0.08649998
2640	-1598.06	-1597.92	-0.138094	0.2080544
2650	-1587.89	-1588.64	0.743287	0.1604289
2660	-1588.35	-1588.91	0.56003	0.1702
2670	-1590.74	-1591.89	1.15011	0.1387597
2680	-1622.29	-1624.24	1.9572	0.09291014
2690	-1593.51	-1594.81	1.3048	0.1304465
2700	-1588.87	-1589.85	0.984265	0.147608
2710	-1588.23	-1588.81	0.586484	0.168787
2720	-1598.02	-1599.5	1.47849	0.1209787
2730	-1598.89	-1600.4	1.50598	0.1194611
2740	-1601.07	-1602.64	1.56909	0.1159513
2750	-1591.57	-1592.77	1.20284	0.1359349
2760	-1621.9	-1623.86	1.95236	0.09322362
2770	-1607.61	-1609.33	1.72252	0.1072184
2780	-1589.34	-1589.76	0.419466	0.1777275
2790	-1614.32	-1613.6	-0.721002	0.2408745
2800	-1597.12	-1598.57	1.44843	0.1226313
2810	-1592.84	-1594.11	1.27221	0.1322052
2820	-1589.9	-1590.26	0.362037	0.1808139
2830	-1601.07	-1602.63	1.56885	0.1159643
2840	-1599.93	-1599.71	-0.220101	0.212595
2850	-1608.84	-1610.59	1.7471	0.1057851
2860	-1613.39	-1615.22	1.82872	0.1009348
2870	-1602.02	-1603.61	1.59423	0.1145411
2880	-1628.29	-1630.32	2.02654	0.0882809
2890	-1596.76	-1596.68	-0.0770959	0.2046919
2900	-1621.06	-1623.01	1.94155	0.09392082
2910	-1590.46	-1591.59	1.13058	0.1398046
2920	-1618.93	-1620.84	1.91276	0.09575276
2930	-1616.26	-1618.14	1.87422	0.09815697
2940	-1631.43	-1633.49	2.05834	0.08605594
2950	-1644.37	-1646.54	2.16345	0.07797427
2960	-1624.82	-1626.8	1.98786	0.09089584
2970	-1593.91	-1593.98	0.0732585	0.1964547
2980	-1595.43	-1596.82	1.38652	0.1260148
2990	-1588.43	-1589.36	0.922381	0.1509013
3000	-1588.78	-1589.27	0.489712	0.1739613
3010	-1589.89	-1590.98	1.08593	0.1421896
3020	-1592.86	-1594.13	1.27333	0.1321449
3030	-1608.2	-1609.94	1.73456	0.1065177
3040	-1626.56	-1628.57	2.00777	0.08956155
3050	-1616.42	-1618.3	1.87655	0.09801263
3060	-1599.37	-1600.89	1.52058	0.1186526
3070	-1594.52	-1595.87	1.34973	0.128014
3080	-1612.36	-1614.17	1.81142	0.1019757
3090	-1588.74	-1589.7	0.967329	0.1485096
3100	-1588.01	-1588.66	0.647482	0.1655324
3110	-1588.25	-1589.13	0.887575	0.1527528
3120	-1588.1	-1588.95	0.851569	0.154668
3130	-1590.37	-1591.5	1.12395	0.1401587
3140	-1588.27	-1589.17	0.892954	0.1524667
3150	-1590.39	-1590.71	0.317098	0.1832341
3160	-1591.94	-1593.16	1.22433	0.1347815
3170	-1637.76	-1639.87	2.11451	0.08190841
3180	-1606.47	-1608.16	1.69872	0.1085958
3190	-1589.83	-1590.91	1.08063	0.1424723
3200	-1601.44	-1603.01	1.57885	0.1154045
3210	-1588.16	-1588.76	0.602329	0.1679411
3220	-1594.39	-1594.44	0.0458055	0.1979535
3230	-1591.82	-1592.03	0.205883	0.1892444
3240	-1587.9	-1588.65	0.752569	0.1599349
3250	-1642.13	-1644.28	2.14792	0.07926467
3260	-1591.1	-1592.27	1.17382	0.1374904
3270	-1588.92	-1589.91	0.990544	0.1472737
3280	-1619.86	-1621.78	1.92556	0.094942
3290	-1601.52	-1603.1	1.5811	0.1152786
3300	-1589.06	-1589.52	0.452701	0.1759445
3310	-1596.25	-1597.67	1.41769	0.1243145
3320	-1589.05	-1590.06	1.00561	0.1464713
3330	-1590.63	-1590.93	0.296635	0.1843377
3340	-1607.97	-1609.7	1.72988	0.1067901
3350	-1589.32	-1590.36	1.03411	0.144953
3360	-1587.9	-1588.66	0.762545	0.159404
3370	-1593.68	-1595	1.31277	0.1300158
3380	-1589.71	-1590.78	1.07076	0.1429988
3390	-1614.94	-1614.2	-0.73961	0.2419445
3400	-1588.37	-1589.28	0.911023	0.1515055
3410	-1607.84	-1609.57	1.72734	0.1069381
3420	-1588.74	-1589.24	0.496184	0.1736148
3430	-1605.93	-1607.62	1.68713	0.1092627
3440	-1590.32	-1590.64	0.32313	0.182909
3450	-1587.99	-1588.64	0.657498	0.1649985
3460	-1588.54	-1589.07	0.527148	0.1719579
3470	-1602.12	-1601.81	-0.309072	0.2175479
3480	-1590.2	-1591.31	1.11091	0.1408559
3490	-1588.47	-1589.01	0.538381	0.1713571
3500	-1587.94	-1588.73	0.791578	0.1578591
3510	-1591.05	-1592.22	1.17091	0.1376465
3520	-1627.8	-1629.82	2.0213	0.08864086
3530	-1623.68	-1622.7	-0.981176	0.2559714
3540	-1592.54	-1593.79	1.25696	0.1330267
3550	-1599.44	-1600.96	1.52259	0.118541
3560	-1595.59	-1596.98	1.39256	0.1256856
3570	-1588.52	-1589.46	0.936613	0.1501441
3580	-1588.34	-1588.9	0.562615	0.1700618
3590	-1590.48	-1591.61	1.1315	0.1397552
3600	-1587.91	-1588.61	0.702413	0.1626052
3610	-1596.9	-1598.34	1.4408	0.1230494
3620	-1588.57	-1589.51	0.943466	0.1497795
3630	-1588.74	-1589.7	0.9671	0.1485217
3640	-1589.34	-1590.38	1.03598	0.1448535
3650	-1589.83	-1590.92	1.0812	0.1424421
3660	-1587.89	-1588.62	0.732134	0.1610226
3670	-1592.47	-1593.72	1.25325	0.1332264
3680	-1588.57	-1589.51	0.943761	0.1497638
3690	-1587.9	-1588.65	0.756247	0.1597391
3700	-1599.64	-1601.16	1.52838	0.1182196
3710	-1588.09	-1588.94	0.850724	0.1547129
3720	-1592.05	-1593.28	1.23069	0.1344396
3730	-1590.46	-1590.77	0.311326	0.1835453
3740	-1627.43	-1629.45	2.01733	0.08891224
3750	-1663.76	-1666.02	2.26088	0.06822472
3760	-1592.38	-1593.63	1.24854	0.13348
3770	-1605.69	-1605.25	-0.442084	0.225007
3780	-1594.15	-1595.48	1.33347	0.1288956
3790	-1635.97	-1638.07	2.09964	0.08303855
3800	-1606.33	-1608.03	1.69582	0.1087628
3810	-1605.29	-1606.97	1.67313	0.110066
3820	-1605.26	-1606.93	1.67229	0.1101142
3830	-1674.64	-1676.93	2.29122	0.06362554
3840	-1612.58	-1614.39	1.81508	0.1017562
3850	-1591.62	-1592.82	1.20587	0.1357723
3860	-1589.45	-1589.86	0.407995	0.1783435
3870	-1596.76	-1596.68	-0.0767756	0.2046743
3880	-1626.98	-1628.99	2.01236	0.08924999
3890	-1591.84	-1593.05	1.21864	0.1350868
3900	-1595.74	-1597.14	1.3985	0.1253621
3910	-1587.99	-1588.8	0.81577	0.1565721
3920	-1591.46	-1592.65	1.19633	0.1362843
3930	-1600.33	-1601.88	1.5484	0.1171058
3940	-1592.54	-1592.69	0.157384	0.1918754
3950	-1615.53	-1617.39	1.86302	0.09884617
3960	-1592.15	-1593.38	1.23601	0.1341535
3970	-1639.93	-1642.06	2.1316	0.08057631
3980	-1592.58	-1593.83	1.25889	0.1329228
3990	-1607.65	-1609.37	1.72334	0.1071707
4000	-1660.31	-1662.56	2.24792	0.06979717
4010	-1589.36	-1590.4	1.03765	0.1447644
4020	-1643.55	-1645.7	2.15784	0.0784453
4030	-1626.28	-1628.29	2.00463	0.0897736
4040	-1615.86	-1617.73	1.8681	0.09853398
4050	-1609.01	-1610.76	1.75036	0.1055941
4060	-1598.66	-1600.16	1.4989	0.1198525
4070	-1629.36	-1631.4	2.03765	0.08751181
4080	-1620.81	-1622.75	1.93827	0.09413103
4090	-1588.53	-1589.47	0.937684	0.1500872
4100	-1588.64	-1589.59	0.953319	0.1492552
4110	-1588.55	-1589.49	0.940222	0.1499521
4120	-1684.94	-1682.71	-2.22774	0.332816
4130	-1589.7	-1590.09	0.381135	0.1797868
4140	-1600.9	-1602.46	1.56421	0.1162236
4150	-1589.06	-1589.52	0.452577	0.1759511
4160	-1609.06	-1608.5	-0.556931	0.2315025
4170	-1588.31	-1589.21	0.900344	0.1520736
4180	-1588.51	-1589.44	0.934342	0.150265
4190	-1644.48	-1646.64	2.16415	0.0779151
4200	-1588.03	-1588.86	0.831339	0.1557439
4210	-1609.68	-1609.1	-0.577098	0.2326485
4220	-1653.35	-1655.56	2.21626	0.0731727
4230	-1665.88	-1668.15	2.26804	0.06728489
4240	-1588.94	-1589.93	0.992542	0.1471673
4250	-1598.46	-1599.96	1.49268	0.1201963
4260	-1616.14	-1618.01	1.87226	0.0982776
4270	-1590.59	-1591.73	1.13946	0.1393297
4280	-1594.97	-1594.99	0.0141239	0.199686
4290	-1589.38	-1589.8	0.415065	0.1779638
4300	-1588.16	-1588.76	0.603214	0.1678939
4310	-1610.29	-1612.07	1.77459	0.1041678
4320	-1590.3	-1591.42	1.11856	0.1404467
4330	-1588.84	-1589.82	0.980237	0.1478224
4340	-1597.09	-1598.53	1.44728	0.1226943
4350	-1596.32	-1596.27	-0.0555877	0.2035092
4360	-1631.33	-1633.39	2.05739	0.08612343
4370	-1603.25	-1604.88	1.62528	0.1127899
4380	-1589.13	-1590.15	1.01463	0.1459909
4390	-1587.9	-1588.61	0.712207	0.1620836
4400	-1601.6	-1601.31	-0.288547	0.2164027
4410	-1611.06	-1612.84	1.78849	0.1033442
4420	-1588.46	-1589.39	0.927208	0.1506445
4430	-1597.66	-1599.12	1.46648	0.1216396
4440	-1587.92	-1588.61	0.69135	0.1631945
4450	-1590.11	-1590.45	0.342553	0.1818627
4460	-1587.9	-1588.61	0.715779	0.1618934
4470	-1587.89	-1588.62	0.731525	0.1610551
4480	-1610.68	-1612.46	1.78168	0.1037483
4490	-1621.29	-1623.24	1.9445	0.09373104
4500	-1587.89	-1588.64	0.750275	0.1600569
4510	-1592.13	-1593.37	1.23535	0.1341893
4520	-1588.08	-1588.93	0.847793	0.1548688
4530	-1667.19	-1669.46	2.27213	0.06671725
4540	-1591.79	-1593.01	1.21629	0.1352129
4550	-1594.52	-1595.87	1.34969	0.1280164
4560	-1589.72	-1590.79	1.07152	0.1429582
4570	-1590.39	-1590.71	0.317247	0.1832261
4580	-1597.68	-1599.15	1.46739	0.1215899
4590	-1590.86	-1592.01	1.15803	0.1383362
4600	-1596.12	-1597.54	1.41285	0.1245791
4610	-1628.2	-1630.22	2.02554	0.08834952
4620	-1608.45	-1610.19	1.7394	0.1062349
4630	-1593.33	-1594.63	1.29645	0.1308974
4640	-1595.22	-1596.6	1.37835	0.1264594
4650	-1592.91	-1594.18	1.27566	0.132019
4660	-1612.53	-1614.35	1.81435	0.1017996
4670	-1588.69	-1589.65	0.960848	0.1488545
4680	-1594.36	-1595.7	1.34265	0.1283983
4690	-1618.52	-1620.43	1.90715	0.09610577
4700	-1672.04	-1674.33	2.28536	0.06467748
4710	-1619.42	-1621.34	1.91965	0.09531705
4720	-1598.08	-1597.94	-0.138956	0.208102
4730	-1587.92	-1588.71	0.783592	0.158284
4740	-1600.99	-1602.55	1.56669	0.1160851
4750	-1594.04	-1595.36	1.32864	0.1291574
4760	-1591.74	-1591.95	0.21155	0.1889374
4770	-1589.75	-1590.82	1.07375	0.1428391
4780	-1591.11	-1591.37	0.258263	0.1864098
4790	-1587.92	-1588.61	0.692409	0.1631381
4800	-1587.89	-1588.64	0.750476	0.1600463
4810	-1598.79	-1600.3	1.50297	0.1196277
4820	-1620.9	-1619.99	-0.907447	0.251663
4830	-1587.99	-1588.81	0.817322	0.1564896
4840	-1611.06	-1612.85	1.78861	0.1033369
4850	-1596.72	-1598.15	1.43445	0.1233976
4860	-1649.03	-1651.22	2.19266	0.07541306
4870	-1587.99	-1588.65	0.656905	0.1650301
4880	-1603	-1604.62	1.61908	0.1131404
4890	-1593.51	-1594.81	1.30465	0.1304545
4900	-1596.42	-1597.84	1.42357	0.1239932
4910	-1597.24	-1597.14	-0.0999502	0.2059503
4920	-1625.33	-1624.3	-1.02364	0.2584637
4930	-1588.86	-1589.33	0.479799	0.1744922
4940	-1592.42	-1592.59	0.164959	0.1914641
4950	-1599.42	-1600.94	1.52196	0.1185758
4960	-1621.18	-1623.12	1.94308	0.09382199
4970	-1589.29	-1590.32	1.03077	0.145131
4980	-1588.1	-1588.96	0.854047	0.1545361
4990	-1590.18	-1591.29	1.10911	0.1409517
5000	-1597.97	-1597.84	-0.133934	0.2078247
5010	-1626.6	-1628.6	2.00815	0.08953565
5020	-1589.5	-1589.9	0.402966	0.1786136
5030	-1588.77	-1589.26	0.492087	0.1738341
5040	-1607.37	-1609.09	1.71772	0.1074968
5050	-1596.98	-1596.9	-0.0877806	0.20528
5060	-1590.35	-1591.47	1.12209	0.140258
5070	-1592.24	-1592.41	0.17724	0.1907975
5080	-1587.93	-1588.62	0.690101	0.1632611
5090	-1589.1	-1589.54	0.448762	0.1761557
5100	-1606.7	-1606.23	-0.477519	0.2270056
5110	-1669.78	-1667.82	-1.9635	0.3158592
5120	-1603.02	-1602.68	-0.343969	0.2194984
5130	-1587.93	-1588.62	0.689613	0.1632871
5140	-1609.88	-1611.65	1.76702	0.1046145
5150	-1588.02	-1588.66	0.64614	0.165604
5160	-1590.62	-1591.76	1.14142	0.139225
5170	-1588.05	-1588.69	0.6332	0.166294
5180	-1588.17	-1589.04	0.870255	0.1536741
5190	-1588.6	-1589.55	0.947984	0.1495391
5200	-1612.6	-1614.42	1.81555	0.1017276
5210	-1622.48	-1624.44	1.95958	0.09275511
5220	-1634.73	-1636.82	2.08887	0.08384097
5230	-1589.13	-1590.14	1.01386	0.1460321
5240	-1596.01	-1595.97	-0.0397847	0.2026412
5250	-1592.98	-1594.26	1.27934	0.1318206
5260	-1588.11	-1588.96	0.854842	0.1544939
5270	-1592.36	-1593.61	1.24747	0.1335371
5280	-1595.55	-1595.53	-0.0162496	0.2013499
5290	-1595.51	-1595.49	-0.0140862	0.2012313
5300	-1595.35	-1596.73	1.38324	0.1261935
5310	-1659.93	-1662.18	2.24637	0.06997607
5320	-1601.3	-1602.87	1.57516	0.1156114
5330	-1595.59	-1596.98	1.39264	0.1256816
5340	-1607.98	-1607.46	-0.520984	0.2294638
5350	-1608.67	-1610.41	1.74379	0.1059787
5360	-1591.9	-1593.12	1.22237	0.1348864
5370	-1589.77	-1590.84	1.0755	0.142746
5380	-1597.23	-1598.68	1.45224	0.1224221
5390	-1614.12	-1615.96	1.84065	0.1002119
5400	-1615.08	-1614.33	-0.743477	0.242167
5410	-1590.82	-1591.98	1.15582	0.1384545
5420	-1616.77	-1618.65	1.88179	0.09768892
5430	-1597.89	-1599.36	1.47418	0.1212161
5440	-1590.84	-1592	1.15723	0.1383788
5450	-1590	-1591.09	1.09481	0.1417152
5460	-1595.38	-1595.38	-0.00777877	0.2008856
5470	-1594.46	-1595.81	1.34706	0.1281593
5480	-1588.04	-1588.88	0.835766	0.1555085
5490	-1587.9	-1588.61	0.713454	0.1620172
5500	-1588.22	-1589.1	0.881307	0.1530862
5510	-1598.03	-1599.51	1.47886	0.1209583
5520	-1593.67	-1594.98	1.31214	0.1300499
5530	-1631.28	-1633.33	2.05683	0.08616332
5540	-1591.43	-1592.62	1.19454	0.1363802
5550	-1589.94	-1591.03	1.0899	0.1419776
5560	-1588.11	-1588.97	0.856407	0.1544106
5570	-1602.41	-1604.01	1.60428	0.1139759
5580	-1612.64	-1614.46	1.81615	0.1016917
5590	-1618.46	-1620.36	1.90623	0.09616397
5600	-1592.48	-1593.74	1.25401	0.1331852
5610	-1685.59	-1687.9	2.30711	0.05948105
5620	-1588.52	-1589.05	0.530273	0.1717907
5630	-1593.18	-1594.47	1.28924	0.131287
5640	-1599.83	-1601.36	1.53401	0.1179069
5650	-1588.04	-1588.88	0.836299	0.1554802
5660	-1608.07	-1609.81	1.73197	0.1066683
5670	-1590.38	-1591.51	1.12461	0.1401236
5680	-1593.39	-1594.69	1.29911	0.1307542
5690	-1602.86	-1604.48	1.61569	0.1133322
5700	-1593.87	-1595.2	1.32149	0.1295445
5710	-1645.48	-1647.65	2.17074	0.07735322
5720	-1597.66	-1599.12	1.46655	0.1216359
5730	-1618.15	-1620.05	1.90182	0.09644053
5740	-1611.72	-1613.52	1.80035	0.1026379
5750	-1598.42	-1599.91	1.49125	0.1202751
5760	-1664.22	-1666.48	2.26249	0.06801811
5770	-1600.19	-1601.73	1.54433	0.117333
5780	-1597.31	-1598.77	1.45491	0.1222755
5790	-1628.72	-1630.75	2.03099	0.08797385
5800	-1596.13	-1597.54	1.41314	0.1245628
5810	-1594.57	-1595.92	1.35152	0.127917
5820	-1608.1	-1609.83	1.7324	0.1066435
5830	-1603.72	-1603.35	-0.370356	0.2209763
5840	-1588.34	-1588.9	0.562689	0.1700579
5850	-1593.24	-1594.53	1.29217	0.1311287
5860	-1588.41	-1589.33	0.917905	0.1511395
5870	-1592.71	-1592.85	0.146411	0.1924716
5880	-1678.84	-1681.13	2.29894	0.06198635
5890	-1635.52	-1637.61	2.09574	0.08333088
5900	-1641.78	-1643.92	2.14536	0.07947261
5910	-1591.69	-1592.9	1.21031	0.1355342
5920	-1621.67	-1623.62	1.94941	0.09341425
5930	-1588.07	-1588.7	0.628129	0.1665645
5940	-1621.18	-1623.12	1.94308	0.09382197
5950	-1603.54	-1605.18	1.6324	0.1123868
5960	-1590.87	-1592.03	1.15895	0.1382868
5970	-1594.56	-1594.6	0.0365509	0.1984593
5980	-1593.09	-1594.37	1.28459	0.1315376
5990	-1593.54	-1593.64	0.0949362	0.1952727
6000	-1589.08	-1590.09	1.00867	0.1463082
6010	-1595.58	-1595.56	-0.017719	0.2014305
6020	-1590.34	-1591.46	1.12128	0.1403018
6030	-1589.52	-1589.92	0.39989	0.1787788
6040	-1589.17	-1589.61	0.439448	0.1766552
6050	-1588.63	-1589.14	0.512676	0.172732
6060	-1659.5	-1661.74	2.24459	0.07017914
6070	-1628.79	-1630.82	2.03174	0.08792246
6080	-1590.8	-1591.96	1.15431	0.1385351
6090	-1593.73	-1595.04	1.31477	0.1299079
6100	-1639.3	-1641.43	2.12679	0.08095493
6110	-1686.39	-1688.7	2.30775	0.05919492
6120	-1637.53	-1639.64	2.11264	0.08205243
6130	-1588	-1588.83	0.82218	0.1562312
6140	-1600.43	-1601.98	1.55129	0.1169448
6150	-1605.51	-1607.19	1.67789	0.1097934
6160	-1602.42	-1604.03	1.60455	0.1139606
6170	-1597.49	-1598.95	1.46094	0.1219442
6180	-1591.52	-1592.72	1.19986	0.1360947
6190	-1589.33	-1589.75	0.420857	0.1776529
6200	-1626.15	-1628.15	2.00317	0.08987147
6210	-1587.93	-1588.62	0.687459	0.1634018
6220	-1589.02	-1589.48	0.458314	0.1756436
6230	-1603.64	-1605.28	1.63476	0.112253
6240	-1591.96	-1593.19	1.22566	0.1347099
6250	-1610.99	-1612.77	1.78724	0.1034182
6260	-1588.92	-1589.39	0.471232	0.1749512
6270	-1588.61	-1589.56	0.95034	0.1494137
6280	-1588	-1588.82	0.820321	0.15633
6290	-1588.19	-1588.78	0.596276	0.1682642
6300	-1596.74	-1598.18	1.43519	0.123357
6310	-1683.78	-1686.08	2.30542	0.06013755
6320	-1609.75	-1611.52	1.76459	0.1047582
6330	-1588.15	-1588.76	0.604535	0.1678233
6340	-1590.45	-1591.58	1.12952	0.1398614
6350	-1591.54	-1591.77	0.225806	0.1881654
6360	-1589.52	-1590.58	1.05357	0.1439155
6370	-1595.07	-1596.44	1.37227	0.1267904
6380	-1588.07	-1588.7	0.627861	0.1665788
6390	-1601.4	-1602.98	1.5779	0.1154575
6400	-1602.03	-1603.63	1.59456	0.1145227
6410	-1603.79	-1605.43	1.63839	0.1120467
6420	-1592.42	-1592.59	0.164792	0.1914731
6430	-1587.89	-1588.64	0.743191	0.160434
6440	-1590.74	-1591.03	0.287263	0.1848435
6450	-1588.11	-1588.73	0.615531	0.1672366
6460	-1602.21	-1601.89	-0.312445	0.2177362
6470	-1604.78	-1604.37	-0.409325	0.2231637
6480	-1595.69	-1595.66	-0.023405	0.2017423
6490	-1587.9	-1588.67	0.764976	0.1592746
6500	-1646.12	-1648.3	2.17491	0.07699313
6510	-1604.92	-1606.58	1.66461	0.1105534
6520	-1589.79	-1590.87	1.07725	0.1426525
6530	-1591.75	-1592.96	1.21362	0.1353565
6540	-1602.02	-1601.72	-0.305244	0.2173342
6550	-1597.31	-1598.77	1.45496	0.1222727
6560	-1589.5	-1589.9	0.402593	0.1786336
6570	-1588.02	-1588.85	0.829821	0.1558247
6580	-1587.98	-1588.64	0.660902	0.164817
6590	-1627.06	-1629.07	2.01327	0.08918851
6600	-1590.97	-1592.13	1.16539	0.1379422
6610	-1598.7	-1600.2	1.50002	0.1197905
6620	-1599.81	-1601.34	1.53333	0.1179447
6630	-1590.55	-1591.69	1.13669	0.1394776
6640	-1588.14	-1588.75	0.607003	0.1676916
6650	-1591.66	-1592.86	1.20816	0.1356495
6660	-1640.38	-1642.51	2.135	0.08030583
6670	-1603.56	-1605.19	1.63281	0.1123632
6680	-1587.89	-1588.65	0.750821	0.1600279
6690	-1587.98	-1588.64	0.662017	0.1647576
6700	-1600.07	-1601.62	1.54111	0.117512
6710	-1593.1	-1594.38	1.28504	0.1315135
6720	-1587.95	-1588.63	0.672583	0.1641944
6730	-1590.62	-1591.76	1.14193	0.1391976
6740	-1630.81	-1632.86	2.05227	0.08648673
6750	-1607.74	-1609.47	1.72528	0.1070576
6760	-1612.26	-1614.07	1.80965	0.1020816
6770	-1590.55	-1590.85	0.30327	0.1839798
6780	-1588.65	-1589.16	0.509636	0.1728947
6790	-1587.91	-1588.61	0.702752	0.1625872
6800	-1587.95	-1588.63	0.673483	0.1641465
6810	-1589.13	-1590.15	1.01437	0.146005
6820	-1587.97	-1588.78	0.808732	0.1569465
6830	-1587.99	-1588.81	0.818207	0.1564425
6840	-1595.02	-1595.03	0.0116405	0.199822
6850	-1615.62	-1617.49	1.86442	0.09876046
6860	-1589.71	-1590.78	1.07033	0.1430216
6870	-1592.93	-1594.2	1.27678	0.1319588
6880	-1629.6	-1631.64	2.04008	0.08734304
6890	-1588.67	-1589.18	0.5059	0.1730947
6900	-1601.56	-1603.14	1.58218	0.1152179
6910	-1609.23	-1610.98	1.75458	0.1053465
6920	-1599.91	-1601.44	1.53626	0.1177816
6930	-1673.54	-1675.83	2.28883	0.06406985
6940	-1594.5	-1595.85	1.34893	0.1280576
6950	-1594.57	-1595.92	1.3517	0.1279073
6960	-1594.7	-1596.06	1.35723	0.1276072
6970	-1589	-1590	0.999557	0.1467938
6980	-1617.34	-1619.23	1.89023	0.09716457
6990	-1590.57	-1590.87	0.301845	0.1840566
7000	-1597.52	-1598.98	1.46187	0.1218934
7010	-1623.31	-1625.28	1.9699	0.09208117
7020	-1608.55	-1610.29	1.74147	0.106114
7030	-1587.97	-1588.64	0.66464	0.1646178
7040	-1602.49	-1604.1	1.60631	0.1138611
7050	-1593.45	-1594.75	1.30211	0.1305918
7060	-1598.18	-1599.66	1.48366	0.1206937
7070	-1615.58	-1617.44	1.86372	0.0988032
7080	-1598.32	-1598.17	-0.149706	0.208696
7090	-1589.81	-1590.89	1.07906	0.1425563
7100	-1594.01	-1595.34	1.32768	0.1292094
7110	-1608.2	-1609.93	1.73447	0.1065227
7120	-1601.26	-1602.84	1.57415	0.1156679
7130	-1594.96	-1596.33	1.36781	0.1270324
7140	-1588.48	-1589.42	0.93073	0.1504571
7150	-1588.66	-1589.62	0.956589	0.1490811
7160	-1592.58	-1592.73	0.15463	0.192025
7170	-1589.7	-1590.08	0.381458	0.1797694
7180	-1594.58	-1595.93	1.35211	0.1278849
7190	-1596.83	-1598.27	1.43838	0.1231822
7200	-1588.11	-1588.73	0.615402	0.1672434
7210	-1592.44	-1592.6	0.164045	0.1915137
7220	-1609	-1610.75	1.75027	0.1055995
7230	-1599.51	-1601.04	1.52467	0.1184258
7240	-1595.88	-1597.29	1.40388	0.1250683
7250	-1589.02	-1590.03	1.00236	0.1466445
7260	-1593.62	-1594.93	1.30972	0.1301807
7270	-1589.54	-1589.94	0.397842	0.1788889
7280	-1592.43	-1592.6	0.164162	0.1915073
7290	-1596.17	-1597.58	1.41457	0.1244847
7300	-1603.23	-1604.86	1.62479	0.1128177
7310	-1588.41	-1588.96	0.550343	0.1707176
7320	-1587.95	-1588.62	0.675204	0.1640548
7330	-1597.18	-1598.63	1.45058	0.1225134
7340	-1588.96	-1589.96	0.995043	0.1470341
7350	-1587.91	-1588.61	0.699632	0.1627534
7360	-1589.56	-1590.61	1.0566	0.1437542
7370	-1608.72	-1610.47	1.74476	0.1059218
7380	-1588.58	-1589.52	0.944998	0.149698
7390	-1587.95	-1588.63	0.673014	0.1641715
7400	-1596.71	-1598.14	1.43392	0.1234269
7410	-1690.86	-1693.17	2.31004	0.05763255
7420	-1604.46	-1606.12	1.65419	0.1111483
7430	-1587.94	-1588.62	0.68109	0.1637412
7440	-1587.89	-1588.63	0.7334	0.1609553
7450	-1588.44	-1588.99	0.54384	0.1710653
7460	-1590.25	-1591.37	1.11478	0.1406489
7470	-1589.73	-1590.8	1.07213	0.142926
7480	-1597.21	-1597.12	-0.0987942	0.2058866
7490	-1589.94	-1591.03	1.08981	0.1419826
7500	-1587.96	-1588.76	0.803227	0.1572394
7510	-1608.17	-1609.91	1.73396	0.1065525
7520	-1604.35	-1606	1.65147	0.1113028
7530	-1588.07	-1588.91	0.843844	0.1550788
7540	-1617.87	-1619.77	1.89784	0.09668934
7550	-1596.48	-1597.9	1.42575	0.1238738
7560	-1593.43	-1593.53	0.101768	0.1949005
7570	-1599.78	-1601.31	1.53258	0.1179864
7580	-1606.03	-1607.71	1.68924	0.1091413
7590	-1602.56	-1602.23	-0.326094	0.2184987
7600	-1588.35	-1589.26	0.908282	0.1516514
7610	-1604.74	-1606.4	1.66049	0.110789
7620	-1587.94	-1588.74	0.795347	0.1576586
7630	-1591.93	-1592.13	0.198193	0.1896612
7640	-1595.32	-1596.7	1.38225	0.126247
7650	-1600.6	-1602.16	1.55613	0.116675
7660	-1597.8	-1599.28	1.47141	0.1213686
7670	-1630.17	-1632.21	2.04584	0.08693954
7680	-1592.38	-1593.63	1.24874	0.1334688
7690	-1588	-1588.65	0.653151	0.1652302
7700	-1593.93	-1594	0.071978	0.1965245
7710	-1588.84	-1589.82	0.980417	0.1478129
7720	-1594.79	-1596.15	1.36084	0.1274111
7730	-1606.25	-1607.94	1.69408	0.1088632
7740	-1595.29	-1595.29	-0.00296334	0.2006217
7750	-1591.44	-1591.68	0.233017	0.1877752
7760	-1588.24	-1588.82	0.583755	0.1689327
7770	-1635.1	-1637.19	2.09214	0.08359919
7780	-1611.31	-1613.1	1.79303	0.103074
7790	-1602.29	-1603.89	1.60112	0.1141537
7800	-1591.8	-1592.01	0.206957	0.1891862
7810	-1587.96	-1588.77	0.804963	0.157147
7820	-1606.99	-1608.7	1.70972	0.1079603
7830	-1601.04	-1602.61	1.56821	0.1160005
7840	-1588.43	-1589.35	0.921138	0.1509675
7850	-1588.2	-1589.08	0.877912	0.1532668
7860	-1592.08	-1593.31	1.23242	0.1343466
7870	-1588	-1588.82	0.821979	0.1562419
7880	-1587.94	-1588.62	0.680602	0.1637671
7890	-1588.4	-1588.95	0.551435	0.1706593
7900	-1591.91	-1592.11	0.199808	0.1895737
7910	-1613	-1614.83	1.82229	0.1013223
7920	-1609.77	-1611.54	1.76491	0.1047389
7930	-1589.47	-1589.88	0.405206	0.1784932
7940	-1588.95	-1589.42	0.466753	0.1751912
7950	-1617.69	-1619.58	1.89521	0.09685356
7960	-1614.41	-1613.68	-0.723694	0.2410292
7970	-1634.7	-1636.79	2.08863	0.08385927
7980	-1587.91	-1588.68	0.772236	0.1588882
7990	-1602.14	-1603.74	1.59735	0.114366
8000	-1590.01	-1590.37	0.350998	0.181408
8010	-1588.55	-1589.49	0.940324	0.1499467
8020	-1598.17	-1599.65	1.48319	0.1207199
8030	-1590.12	-1591.23	1.10494	0.1411745
8040	-1593.67	-1594.98	1.31222	0.1300457
8050	-1590.41	-1590.72	0.315585	0.1833157
8060	-1588.49	-1589.42	0.931419	0.1504205
8070	-1599.96	-1601.5	1.53791	0.1176902
8080	-1613.14	-1612.46	-0.685681	0.2388474
8090	-1634.08	-1636.17	2.08311	0.08426606
8100	-1599.74	-1599.53	-0.212122	0.2121521
8110	-1601.67	-1603.26	1.58507	0.1150555
8120	-1587.92	-1588.7	0.780298	0.1584592
8130	-1624.62	-1626.6	1.98552	0.09105161
8140	-1617.52	-1619.42	1.89283	0.09700212
8150	-1589.83	-1590.92	1.08122	0.1424407
8160	-1588.04	-1588.68	0.636818	0.1661011
8170	-1589.86	-1590.22	0.36599	0.1806012
8180	-1590.73	-1591.88	1.14915	0.1388115
8190	-1598.26	-1599.75	1.48622	0.1205525
8200	-1591.1	-1592.27	1.17406	0.1374778
8210	-1588.21	-1589.09	0.880342	0.1531376
8220	-1591	-1592.17	1.16777	0.1378148
8230	-1592.91	-1594.19	1.27607	0.1319973
8240	-1604.97	-1606.63	1.66579	0.110486
8250	-1592.04	-1593.27	1.22992	0.1344807
8260	-1599.02	-1600.53	1.51004	0.1192365
8270	-1612	-1611.35	-0.65072	0.2368462
8280	-1588.46	-1589	0.540526	0.1712424
8290	-1589.32	-1590.35	1.03354	0.1449834
8300	-1588.68	-1589.64	0.959881	0.1489059
8310	-1589.59	-1590.65	1.05946	0.1436016
8320	-1697.11	-1699.42	2.3098	0.05554809
8330	-1625.61	-1627.61	1.99703	0.09028388
8340	-1627.47	-1629.49	2.01774	0.08888396
8350	-1588.17	-1588.77	0.601503	0.1679852
8360	-1605.09	-1606.76	1.66851	0.1103304
8370	-1588.35	-1588.91	0.560792	0.1701593
8380	-1588.3	-1589.19	0.897423	0.152229
8390	-1589.66	-1590.04	0.386111	0.1795193
8400	-1611.79	-1613.59	1.80153	0.1025677
8410	-1637.83	-1639.95	2.11512	0.08186151
8420	-1588.04	-1588.88	0.835188	0.1555392
8430	-1589.27	-1590.29	1.02835	0.1452601
8440	-1593.87	-1595.2	1.32149	0.1295443
8450	-1592.38	-1593.63	1.24849	0.1334825
8460	-1604.63	-1606.29	1.65813	0.1109234
8470	-1591.05	-1591.31	0.262674	0.1861715
8480	-1588.78	-1589.75	0.972418	0.1482387
8490	-1588.85	-1589.83	0.981366	0.1477623
8500	-1602.44	-1604.04	1.60497	0.1139371
8510	-1604.16	-1605.81	1.64716	0.1115484
8520	-1588.02	-1588.84	0.82704	0.1559726
8530	-1695.67	-1697.98	2.3102	0.05601702
8540	-1587.96	-1588.76	0.803911	0.157203
8550	-1600.63	-1600.38	-0.249127	0.2142077
8560	-1589.96	-1591.05	1.09147	0.1418937
8570	-1595.08	-1595.08	0.00852186	0.1999927
8580	-1587.9	-1588.61	0.712525	0.1620667
8590	-1587.9	-1588.67	0.763481	0.1593542
8600	-1588.05	-1588.89	0.837562	0.155413
8610	-1601.34	-1602.92	1.57632	0.1155464
8620	-1602.16	-1601.85	-0.31054	0.2176298
8630	-1593.17	-1594.46	1.2885	0.131327
8640	-1587.97	-1588.63	0.666485	0.1645195
8650	-1588.73	-1589.69	0.965826	0.1485895
8660	-1588.21	-1589.09	0.879257	0.1531952
8670	-1603.13	-1604.76	1.62239	0.1129536
8680	-1595.08	-1596.46	1.37274	0.1267645
8690	-1592.97	-1594.25	1.27908	0.131835
8700	-1592.8	-1594.08	1.27062	0.1322911
8710	-1593.15	-1594.44	1.28781	0.1313642
8720	-1617.93	-1619.83	1.89868	0.09663701
8730	-1633.88	-1635.97	2.08131	0.08439814
8740	-1594.59	-1594.63	0.0347846	0.1985558
8750	-1589.35	-1590.39	1.03708	0.1447945
8760	-1677.6	-1679.9	2.29689	0.06246083
8770	-1596.19	-1597.61	1.41541	0.124439
8780	-1608.31	-1610.05	1.73675	0.1063898
8790	-1595.85	-1597.25	1.4026	0.1251382
8800	-1590.35	-1591.47	1.12237	0.1402432
8810	-1597.06	-1598.51	1.44643	0.1227409
8820	-1622.59	-1624.55	1.96102	0.09266139
8830	-1599.12	-1600.64	1.51308	0.1190679
8840	-1588.79	-1589.77	0.974767	0.1481136
8850	-1592.62	-1593.88	1.26114	0.1328018
8860	-1593.36	-1594.66	1.2978	0.1308246
8870	-1603.35	-1604.98	1.62776	0.1126496
8880	-1644.12	-1646.28	2.16173	0.07811933
8890	-1638.5	-1640.62	2.12048	0.08144786
8900	-1590.39	-1591.51	1.12493	0.1401062
8910	-1598.36	-1599.85	1.48942	0.120376
8920	-1599.53	-1601.05	1.52509	0.1184021
8930	-1609.3	-1611.06	1.75598	0.105264
8940	-1610.24	-1612.01	1.77356	0.1042288
8950	-1626.45	-1628.46	2.00651	0.08964665
8960	-1588.15	-1588.76	0.605456	0.1677742
8970	-1595.57	-1596.97	1.39212	0.12571
8980	-1601.16	-1602.73	1.57143	0.1158199
8990	-1614.01	-1615.84	1.83885	0.1003213
9000	-1638.49	-1640.61	2.12037	0.08145597
9010	-1594.71	-1594.74	0.0282988	0.1989105
9020	-1594.61	-1595.96	1.35333	0.1278191
9030	-1650.14	-1652.34	2.19905	0.07482468
9040	-1588.55	-1589.5	0.941564	0.1498807
9050	-1594.08	-1595.41	1.33076	0.1290427
9060	-1602.37	-1603.97	1.60325	0.1140335
9070	-1592.69	-1593.95	1.26462	0.132614
9080	-1626.63	-1628.64	2.00848	0.08951293
9090	-1589.7	-1590.76	1.0692	0.143082
9100	-1587.89	-1588.62	0.724627	0.1614223
9110	-1587.91	-1588.69	0.776027	0.1586865
9120	-1664.27	-1666.53	2.26264	0.06799857
9130	-1587.9	-1588.65	0.756008	0.1597519
9140	-1609.68	-1611.44	1.76309	0.1048465
9150	-1588.64	-1589.59	0.95399	0.1492195
9160	-1614.58	-1616.43	1.84815	0.09975556
9170	-1600.74	-1600.48	-0.253582	0.2144554
9180	-1587.9	-1588.65	0.75571	0.1597677
9190	-1588.32	-1589.23	0.903078	0.1519282
9200	-1593.99	-1595.32	1.32664	0.1292657
9210	-1589.29	-1590.32	1.03097	0.1451201
9220	-1589.1	-1590.11	1.01105	0.1461815
9230	-1589.33	-1589.75	0.421006	0.1776449
9240	-1588	-1588.82	0.819484	0.1563745
9250	-1591.77	-1592.98	1.21466	0.1353005
9260	-1588.47	-1589.01	0.538625	0.1713441
9270	-1647.42	-1649.6	2.18303	0.07628006
9280	-1593.61	-1594.92	1.30937	0.1301995
9290	-1722.55	-1724.82	2.27118	0.04810445
9300	-1595.31	-1596.69	1.38175	0.1262743
9310	-1602.9	-1604.52	1.61663	0.113279
9320	-1724.1	-1726.37	2.267	0.04769521
9330	-1706.35	-1708.65	2.3025	0.05266724
9340	-1590.06	-1591.16	1.09985	0.1414464
9350	-1613.26	-1612.57	-0.68914	0.2390457
9360	-1589.04	-1589.49	0.455828	0.1757768
9370	-1592.23	-1593.47	1.24051	0.133912
9380	-1617.36	-1619.25	1.89045	0.09715068
9390	-1592.38	-1593.63	1.24859	0.1334771
9400	-1587.89	-1588.63	0.738046	0.1607079
9410	-1592.92	-1594.2	1.27664	0.1319662
9420	-1588.45	-1588.99	0.543082	0.1711058
9430	-1588.35	-1588.91	0.560795	0.1701591
9440	-1592.76	-1594.03	1.26844	0.1324081
9450	-1591.62	-1592.82	1.20601	0.135765
9460	-1597.44	-1598.9	1.45936	0.122031
9470	-1589.16	-1590.18	1.01741	0.1458428
9480	-1593.08	-1594.36	1.28427	0.1315552
9490	-1653.92	-1656.14	2.21915	0.07288523
9500	-1595.14	-1596.52	1.37517	0.1266326
9510	-1590.97	-1592.14	1.16582	0.1379193
9520	-1630	-1632.04	2.04416	0.08705743
9530	-1624.08	-1626.05	1.97912	0.09147523
9540	-1613.73	-1615.57	1.83442	0.1005896
9550	-1628.36	-1630.39	2.02723	0.08823315
9560	-1591.93	-1592.13	0.198436	0.189648
9570	-1588.43	-1589.35	0.921809	0.1509318
9580	-1606.89	-1608.6	1.70771	0.1080764
9590	-1591.12	-1592.3	1.17559	0.1373956
9600	-1640.29	-1642.43	2.13437	0.08035637
9610	-1601.32	-1602.9	1.57576	0.1155778
9620	-1587.89	-1588.62	0.7233	0.161493
9630	-1590.18	-1590.51	0.336028	0.1822141
9640	-1592.85	-1594.13	1.27303	0.132161
9650	-1613.73	-1615.57	1.8344	0.1005909
9660	-1594.36	-1594.4	0.0478768	0.1978403
9670	-1592.21	-1593.45	1.23963	0.1339593
9680	-1603	-1604.62	1.61904	0.1131427
9690	-1616.3	-1615.52	-0.77924	0.2442282
9700	-1620.75	-1622.68	1.93738	0.0941877
9710	-1587.93	-1588.71	0.785709	0.1581713
9720	-1588.82	-1589.31	0.484399	0.1742458
9730	-1594.58	-1595.94	1.35225	0.1278776
9740	-1603.42	-1605.05	1.62936	0.1125587
9750	-1608.77	-1610.51	1.74567	0.1058686
9760	-1589.6	-1590.66	1.06047	0.1435477
9770	-1590.87	-1592.03	1.15884	0.1382928
9780	-1639.92	-1642.05	2.13153	0.08058163
9790	-1638.6	-1640.72	2.1213	0.08138372
9800	-1601.41	-1602.99	1.57819	0.1154417
9810	-1588.01	-1588.66	0.647814	0.1655147
9820	-1605.42	-1607.09	1.67589	0.1099079
9830	-1644	-1646.16	2.16096	0.07818423
9840	-1652.54	-1654.75	2.21211	0.07358099
9850	-1605.52	-1607.2	1.67811	0.1097805
9860	-1609.3	-1608.73	-0.564704	0.231944
9870	-1601.02	-1602.59	1.56761	0.1160338
9880	-1587.9	-1588.61	0.714947	0.1619377
9890	-1588.5	-1589.03	0.53379	0.1716026
9900	-1588.51	-1589.44	0.934213	0.1502718
9910	-1599.06	-1600.57	1.51114	0.1191754
9920	-1600.95	-1602.51	1.56565	0.1161432
9930	-1589.06	-1590.07	1.00688	0.1464037
9940	-1603.47	-1605.1	1.63072	0.1124818
9950	-1593.83	-1595.15	1.31942	0.129656
9960	-1627.4	-1629.41	2.01693	0.08893928
9970	-1596.48	-1597.9	1.42583	0.1238692
9980	-1589.22	-1590.25	1.02395	0.1454946
9990	-1603.86	-1603.48	-0.375448	0.2212618
10000	-1588.72	-1589.68	0.964619	0.1486538
