state	power	likelihood
2510	0.0147008	-1603.18
2520	0.0147008	-1619.06
2530	0.0147008	-1620.05
2540	0.0147008	-1619.55
2550	0.0147008	-1593.32
2560	0.0147008	-1590.76
2570	0.0147008	-1589.43
2580	0.0147008	-1590.89
2590	0.0147008	-1588.68
2600	0.0147008	-1588.78
2610	0.0147008	-1599.7
2620	0.0147008	-1597.43
2630	0.0147008	-1591.65
2640	0.0147008	-1605.29
2650	0.0147008	-1634.13
2660	0.0147008	-1589.07
2670	0.0147008	-1629.73
2680	0.0147008	-1590.65
2690	0.0147008	-1614.25
2700	0.0147008	-1607.26
2710	0.0147008	-1594.25
2720	0.0147008	-1591.72
2730	0.0147008	-1668.82
2740	0.0147008	-1653.35
2750	0.0147008	-1610.98
2760	0.0147008	-1588.84
2770	0.0147008	-1590.99
2780	0.0147008	-1589.15
2790	0.0147008	-1593.7
2800	0.0147008	-1610.68
2810	0.0147008	-1618.07
2820	0.0147008	-1667.71
2830	0.0147008	-1605.99
2840	0.0147008	-1653.4
2850	0.0147008	-1601.64
2860	0.0147008	-1601.52
2870	0.0147008	-1588.9
2880	0.0147008	-1606.01
2890	0.0147008	-1641.03
2900	0.0147008	-1703.69
2910	0.0147008	-1625.6
2920	0.0147008	-1636.59
2930	0.0147008	-1589.56
2940	0.0147008	-1591.87
2950	0.0147008	-1595.19
2960	0.0147008	-1589.66
2970	0.0147008	-1588.62
2980	0.0147008	-1615.3
2990	0.0147008	-1648.89
3000	0.0147008	-1595.39
3010	0.0147008	-1609.6
3020	0.0147008	-1672.3
3030	0.0147008	-1601.66
3040	0.0147008	-1684.15
3050	0.0147008	-1655.92
3060	0.0147008	-1627.72
3070	0.0147008	-1638.49
3080	0.0147008	-1590.32
3090	0.0147008	-1609.57
3100	0.0147008	-1600.47
3110	0.0147008	-1589.87
3120	0.0147008	-1589.59
3130	0.0147008	-1594.58
3140	0.0147008	-1609.29
3150	0.0147008	-1656.1
3160	0.0147008	-1588.7
3170	0.0147008	-1598.34
3180	0.0147008	-1595.09
3190	0.0147008	-1608.59
3200	0.0147008	-1732.04
3210	0.0147008	-1657.45
3220	0.0147008	-1596.3
3230	0.0147008	-1606.39
3240	0.0147008	-1593.59
3250	0.0147008	-1635.55
3260	0.0147008	-1590.75
3270	0.0147008	-1590.15
3280	0.0147008	-1589.83
3290	0.0147008	-1607.6
3300	0.0147008	-1618.12
3310	0.0147008	-1591.8
3320	0.0147008	-1626.16
3330	0.0147008	-1597.71
3340	0.0147008	-1588.71
3350	0.0147008	-1588.65
3360	0.0147008	-1706.08
3370	0.0147008	-1662.51
3380	0.0147008	-1597.51
3390	0.0147008	-1588.98
3400	0.0147008	-1598.21
3410	0.0147008	-1640.2
3420	0.0147008	-1610.17
3430	0.0147008	-1628.9
3440	0.0147008	-1588.84
3450	0.0147008	-1592.72
3460	0.0147008	-1589.75
3470	0.0147008	-1590.86
3480	0.0147008	-1690.01
3490	0.0147008	-1653.48
3500	0.0147008	-1609.16
3510	0.0147008	-1601.83
3520	0.0147008	-1656.36
3530	0.0147008	-1594.31
3540	0.0147008	-1613.42
3550	0.0147008	-1588.77
3560	0.0147008	-1590.03
3570	0.0147008	-1618.57
3580	0.0147008	-1590.05
3590	0.0147008	-1652.17
3600	0.0147008	-1594.49
3610	0.0147008	-1618.89
3620	0.0147008	-1693.46
3630	0.0147008	-1699.09
3640	0.0147008	-1598.48
3650	0.0147008	-1598.83
3660	0.0147008	-1590.16
3670	0.0147008	-1596.62
3680	0.0147008	-1606.36
3690	0.0147008	-1625.06
3700	0.0147008	-1620.86
3710	0.0147008	-1588.62
3720	0.0147008	-1613.6
3730	0.0147008	-1633.97
3740	0.0147008	-1687.04
3750	0.0147008	-1702.07
3760	0.0147008	-1639.25
3770	0.0147008	-1642.47
3780	0.0147008	-1622.88
3790	0.0147008	-1632.1
3800	0.0147008	-1622
3810	0.0147008	-1610.23
3820	0.0147008	-1703.46
3830	0.0147008	-1615.55
3840	0.0147008	-1588.61
3850	0.0147008	-1590.06
3860	0.0147008	-1597.96
3870	0.0147008	-1629.17
3880	0.0147008	-1592.4
3890	0.0147008	-1601.37
3900	0.0147008	-1588.92
3910	0.0147008	-1589.35
3920	0.0147008	-1603.03
3930	0.0147008	-1625.42
3940	0.0147008	-1589.29
3950	0.0147008	-1596.55
3960	0.0147008	-1591.39
3970	0.0147008	-1643.47
3980	0.0147008	-1616.96
3990	0.0147008	-1588.84
4000	0.0147008	-1624.33
4010	0.0147008	-1629.88
4020	0.0147008	-1590.08
4030	0.0147008	-1626.62
4040	0.0147008	-1633.94
4050	0.0147008	-1641.5
4060	0.0147008	-1641.64
4070	0.0147008	-1631.82
4080	0.0147008	-1660.85
4090	0.0147008	-1614.8
4100	0.0147008	-1711.92
4110	0.0147008	-1645.13
4120	0.0147008	-1636.15
4130	0.0147008	-1588.82
4140	0.0147008	-1597.28
4150	0.0147008	-1674.41
4160	0.0147008	-1621.75
4170	0.0147008	-1590.61
4180	0.0147008	-1589.69
4190	0.0147008	-1592.25
4200	0.0147008	-1591.64
4210	0.0147008	-1647.95
4220	0.0147008	-1601.06
4230	0.0147008	-1589.81
4240	0.0147008	-1604.47
4250	0.0147008	-1589.09
4260	0.0147008	-1615.14
4270	0.0147008	-1637.93
4280	0.0147008	-1671.88
4290	0.0147008	-1589.49
4300	0.0147008	-1603.02
4310	0.0147008	-1617.67
4320	0.0147008	-1644.23
4330	0.0147008	-1618.67
4340	0.0147008	-1588.7
4350	0.0147008	-1607.5
4360	0.0147008	-1729.33
4370	0.0147008	-1645.99
4380	0.0147008	-1596.07
4390	0.0147008	-1610.68
4400	0.0147008	-1602.69
4410	0.0147008	-1642.81
4420	0.0147008	-1620.06
4430	0.0147008	-1600.51
4440	0.0147008	-1588.95
4450	0.0147008	-1623.52
4460	0.0147008	-1716.54
4470	0.0147008	-1607.65
4480	0.0147008	-1598.14
4490	0.0147008	-1591.48
4500	0.0147008	-1589.65
4510	0.0147008	-1642.61
4520	0.0147008	-1599.29
4530	0.0147008	-1593.62
4540	0.0147008	-1603.72
4550	0.0147008	-1636.44
4560	0.0147008	-1620.35
4570	0.0147008	-1604.75
4580	0.0147008	-1588.61
4590	0.0147008	-1592.74
4600	0.0147008	-1594.93
4610	0.0147008	-1593.13
4620	0.0147008	-1599.91
4630	0.0147008	-1645.9
4640	0.0147008	-1590.56
4650	0.0147008	-1589.87
4660	0.0147008	-1593.35
4670	0.0147008	-1630.55
4680	0.0147008	-1643.66
4690	0.0147008	-1698.67
4700	0.0147008	-1618.11
4710	0.0147008	-1622.57
4720	0.0147008	-1663.41
4730	0.0147008	-1594.58
4740	0.0147008	-1745.52
4750	0.0147008	-1715.19
4760	0.0147008	-1625.85
4770	0.0147008	-1638.77
4780	0.0147008	-1621.63
4790	0.0147008	-1607.52
4800	0.0147008	-1598.79
4810	0.0147008	-1605.73
4820	0.0147008	-1590.13
4830	0.0147008	-1651.67
4840	0.0147008	-1671.44
4850	0.0147008	-1616.19
4860	0.0147008	-1645.16
4870	0.0147008	-1604.04
4880	0.0147008	-1603.26
4890	0.0147008	-1613.93
4900	0.0147008	-1589.39
4910	0.0147008	-1640.98
4920	0.0147008	-1590.24
4930	0.0147008	-1608.07
4940	0.0147008	-1589.89
4950	0.0147008	-1625.35
4960	0.0147008	-1593.36
4970	0.0147008	-1639.5
4980	0.0147008	-1589.11
4990	0.0147008	-1636.31
5000	0.0147008	-1701.62
5010	0.0147008	-1664.18
5020	0.0147008	-1682.31
5030	0.0147008	-1687.48
5040	0.0147008	-1645
5050	0.0147008	-1640.07
5060	0.0147008	-1674.33
5070	0.0147008	-1588.63
5080	0.0147008	-1589.84
5090	0.0147008	-1626.9
5100	0.0147008	-1644.28
5110	0.0147008	-1604.25
5120	0.0147008	-1604.37
5130	0.0147008	-1616.12
5140	0.0147008	-1625.34
5150	0.0147008	-1604.65
5160	0.0147008	-1597.6
5170	0.0147008	-1653.56
5180	0.0147008	-1648.11
5190	0.0147008	-1627.89
5200	0.0147008	-1644.23
5210	0.0147008	-1665.98
5220	0.0147008	-1641.65
5230	0.0147008	-1722.91
5240	0.0147008	-1739.94
5250	0.0147008	-1623
5260	0.0147008	-1697.55
5270	0.0147008	-1674.12
5280	0.0147008	-1689.4
5290	0.0147008	-1685.39
5300	0.0147008	-1683.24
5310	0.0147008	-1616.98
5320	0.0147008	-1588.65
5330	0.0147008	-1599.04
5340	0.0147008	-1630.33
5350	0.0147008	-1640.83
5360	0.0147008	-1696.63
5370	0.0147008	-1661.68
5380	0.0147008	-1598.35
5390	0.0147008	-1601.35
5400	0.0147008	-1588.89
5410	0.0147008	-1592.76
5420	0.0147008	-1592.37
5430	0.0147008	-1590.38
5440	0.0147008	-1597.87
5450	0.0147008	-1599.53
5460	0.0147008	-1593.93
5470	0.0147008	-1591.24
5480	0.0147008	-1604.33
5490	0.0147008	-1589.97
5500	0.0147008	-1616.82
5510	0.0147008	-1606.13
5520	0.0147008	-1606.6
5530	0.0147008	-1623.27
5540	0.0147008	-1589.31
5550	0.0147008	-1601.76
5560	0.0147008	-1683.62
5570	0.0147008	-1596.19
5580	0.0147008	-1595.31
5590	0.0147008	-1626.97
5600	0.0147008	-1606.75
5610	0.0147008	-1614.27
5620	0.0147008	-1630.84
5630	0.0147008	-1659.74
5640	0.0147008	-1716.65
5650	0.0147008	-1707.55
5660	0.0147008	-1623.62
5670	0.0147008	-1616
5680	0.0147008	-1685.55
5690	0.0147008	-1613.39
5700	0.0147008	-1590.3
5710	0.0147008	-1588.99
5720	0.0147008	-1589.36
5730	0.0147008	-1677.98
5740	0.0147008	-1628.47
5750	0.0147008	-1712.67
5760	0.0147008	-1663.81
5770	0.0147008	-1677.99
5780	0.0147008	-1631.52
5790	0.0147008	-1608.48
5800	0.0147008	-1611.87
5810	0.0147008	-1597.25
5820	0.0147008	-1619.25
5830	0.0147008	-1604.61
5840	0.0147008	-1660.66
5850	0.0147008	-1644.84
5860	0.0147008	-1614.17
5870	0.0147008	-1596.99
5880	0.0147008	-1591.65
5890	0.0147008	-1594.86
5900	0.0147008	-1610.9
5910	0.0147008	-1676.97
5920	0.0147008	-1660.23
5930	0.0147008	-1683.27
5940	0.0147008	-1590.76
5950	0.0147008	-1602.39
5960	0.0147008	-1616.51
5970	0.0147008	-1595.81
5980	0.0147008	-1609.23
5990	0.0147008	-1715.39
6000	0.0147008	-1592
6010	0.0147008	-1629.21
6020	0.0147008	-1614.17
6030	0.0147008	-1654.99
6040	0.0147008	-1629.98
6050	0.0147008	-1596.25
6060	0.0147008	-1589.38
6070	0.0147008	-1592.56
6080	0.0147008	-1595.27
6090	0.0147008	-1621.25
6100	0.0147008	-1598.71
6110	0.0147008	-1591.9
6120	0.0147008	-1645.78
6130	0.0147008	-1589.14
6140	0.0147008	-1588.65
6150	0.0147008	-1665.96
6160	0.0147008	-1603.92
6170	0.0147008	-1683.95
6180	0.0147008	-1595.04
6190	0.0147008	-1588.77
6200	0.0147008	-1589.11
6210	0.0147008	-1595.29
6220	0.0147008	-1613.61
6230	0.0147008	-1590.5
6240	0.0147008	-1591.57
6250	0.0147008	-1595.09
6260	0.0147008	-1651.49
6270	0.0147008	-1616.87
6280	0.0147008	-1658.91
6290	0.0147008	-1643.22
6300	0.0147008	-1631.27
6310	0.0147008	-1593.17
6320	0.0147008	-1605.1
6330	0.0147008	-1597.73
6340	0.0147008	-1589.8
6350	0.0147008	-1646.84
6360	0.0147008	-1594.53
6370	0.0147008	-1594.31
6380	0.0147008	-1633.25
6390	0.0147008	-1591.75
6400	0.0147008	-1602.6
6410	0.0147008	-1588.69
6420	0.0147008	-1601.19
6430	0.0147008	-1651.1
6440	0.0147008	-1670.46
6450	0.0147008	-1593.9
6460	0.0147008	-1627.06
6470	0.0147008	-1596.3
6480	0.0147008	-1590.85
6490	0.0147008	-1606.87
6500	0.0147008	-1597.27
6510	0.0147008	-1588.76
6520	0.0147008	-1594.3
6530	0.0147008	-1693.87
6540	0.0147008	-1588.92
6550	0.0147008	-1618.76
6560	0.0147008	-1668.2
6570	0.0147008	-1652.53
6580	0.0147008	-1653.08
6590	0.0147008	-1597.57
6600	0.0147008	-1620.78
6610	0.0147008	-1588.77
6620	0.0147008	-1602.74
6630	0.0147008	-1591.56
6640	0.0147008	-1601.67
6650	0.0147008	-1616.1
6660	0.0147008	-1646.57
6670	0.0147008	-1683.51
6680	0.0147008	-1691.31
6690	0.0147008	-1588.76
6700	0.0147008	-1596.27
6710	0.0147008	-1590.68
6720	0.0147008	-1589.1
6730	0.0147008	-1669.85
6740	0.0147008	-1689.39
6750	0.0147008	-1620.37
6760	0.0147008	-1645.17
6770	0.0147008	-1679.52
6780	0.0147008	-1599.84
6790	0.0147008	-1605.73
6800	0.0147008	-1588.92
6810	0.0147008	-1708.95
6820	0.0147008	-1594.91
6830	0.0147008	-1624.23
6840	0.0147008	-1604.68
6850	0.0147008	-1596.24
6860	0.0147008	-1604.74
6870	0.0147008	-1631.76
6880	0.0147008	-1602.34
6890	0.0147008	-1590.28
6900	0.0147008	-1635.42
6910	0.0147008	-1691.19
6920	0.0147008	-1589.08
6930	0.0147008	-1588.62
6940	0.0147008	-1607.26
6950	0.0147008	-1700.48
6960	0.0147008	-1589.51
6970	0.0147008	-1596.02
6980	0.0147008	-1592.47
6990	0.0147008	-1646.51
7000	0.0147008	-1596.47
7010	0.0147008	-1596.58
7020	0.0147008	-1674.5
7030	0.0147008	-1603.85
7040	0.0147008	-1590.22
7050	0.0147008	-1595.82
7060	0.0147008	-1591.64
7070	0.0147008	-1596.61
7080	0.0147008	-1590.24
7090	0.0147008	-1602.13
7100	0.0147008	-1625.98
7110	0.0147008	-1595.49
7120	0.0147008	-1650.54
7130	0.0147008	-1734.59
7140	0.0147008	-1602.65
7150	0.0147008	-1609.01
7160	0.0147008	-1641.58
7170	0.0147008	-1589.86
7180	0.0147008	-1589.34
7190	0.0147008	-1596.81
7200	0.0147008	-1589.21
7210	0.0147008	-1590.84
7220	0.0147008	-1618.42
7230	0.0147008	-1588.64
7240	0.0147008	-1628.15
7250	0.0147008	-1636.59
7260	0.0147008	-1618.48
7270	0.0147008	-1629.28
7280	0.0147008	-1619.28
7290	0.0147008	-1607.97
7300	0.0147008	-1590.88
7310	0.0147008	-1608.52
7320	0.0147008	-1602.3
7330	0.0147008	-1588.64
7340	0.0147008	-1590.1
7350	0.0147008	-1621.75
7360	0.0147008	-1589.11
7370	0.0147008	-1657.78
7380	0.0147008	-1707.66
7390	0.0147008	-1589.44
7400	0.0147008	-1590.65
7410	0.0147008	-1639.39
7420	0.0147008	-1631.74
7430	0.0147008	-1616.54
7440	0.0147008	-1593.52
7450	0.0147008	-1631.56
7460	0.0147008	-1601.58
7470	0.0147008	-1608.11
7480	0.0147008	-1595.02
7490	0.0147008	-1610.01
7500	0.0147008	-1591.75
7510	0.0147008	-1629.98
7520	0.0147008	-1659.07
7530	0.0147008	-1596.65
7540	0.0147008	-1761.34
7550	0.0147008	-1703.16
7560	0.0147008	-1589.81
7570	0.0147008	-1607.94
7580	0.0147008	-1588.68
7590	0.0147008	-1614.38
7600	0.0147008	-1636.66
7610	0.0147008	-1654.31
7620	0.0147008	-1638.38
7630	0.0147008	-1611.49
7640	0.0147008	-1589.82
7650	0.0147008	-1694.69
7660	0.0147008	-1608.48
7670	0.0147008	-1651.74
7680	0.0147008	-1619.91
7690	0.0147008	-1602.36
7700	0.0147008	-1601.89
7710	0.0147008	-1618.02
7720	0.0147008	-1590.21
7730	0.0147008	-1594.13
7740	0.0147008	-1620.67
7750	0.0147008	-1635.88
7760	0.0147008	-1593.18
7770	0.0147008	-1601.92
7780	0.0147008	-1619.13
7790	0.0147008	-1596.9
7800	0.0147008	-1652.53
7810	0.0147008	-1590.11
7820	0.0147008	-1623.79
7830	0.0147008	-1624.37
7840	0.0147008	-1618.75
7850	0.0147008	-1611.65
7860	0.0147008	-1597.47
7870	0.0147008	-1589.83
7880	0.0147008	-1600.92
7890	0.0147008	-1606.81
7900	0.0147008	-1589.57
7910	0.0147008	-1591.09
7920	0.0147008	-1683.41
7930	0.0147008	-1600.48
7940	0.0147008	-1591.53
7950	0.0147008	-1628.14
7960	0.0147008	-1600.85
7970	0.0147008	-1744.01
7980	0.0147008	-1686.6
7990	0.0147008	-1594.82
8000	0.0147008	-1658.64
8010	0.0147008	-1746.89
8020	0.0147008	-1608.2
8030	0.0147008	-1624.65
8040	0.0147008	-1591.3
8050	0.0147008	-1622.42
8060	0.0147008	-1599.45
8070	0.0147008	-1688.29
8080	0.0147008	-1614.89
8090	0.0147008	-1589.86
8100	0.0147008	-1595.86
8110	0.0147008	-1600.22
8120	0.0147008	-1642.62
8130	0.0147008	-1588.76
8140	0.0147008	-1588.83
8150	0.0147008	-1637.22
8160	0.0147008	-1653.23
8170	0.0147008	-1637.68
8180	0.0147008	-1599.97
8190	0.0147008	-1599.71
8200	0.0147008	-1591.41
8210	0.0147008	-1633.43
8220	0.0147008	-1605.57
8230	0.0147008	-1600.1
8240	0.0147008	-1590.21
8250	0.0147008	-1588.64
8260	0.0147008	-1607.86
8270	0.0147008	-1604.02
8280	0.0147008	-1590.78
8290	0.0147008	-1647.84
8300	0.0147008	-1588.69
8310	0.0147008	-1614.82
8320	0.0147008	-1668.46
8330	0.0147008	-1650.27
8340	0.0147008	-1638.65
8350	0.0147008	-1618.6
8360	0.0147008	-1621.24
8370	0.0147008	-1622.52
8380	0.0147008	-1607.68
8390	0.0147008	-1669.69
8400	0.0147008	-1592.36
8410	0.0147008	-1594.66
8420	0.0147008	-1589.67
8430	0.0147008	-1601.26
8440	0.0147008	-1627.56
8450	0.0147008	-1592.47
8460	0.0147008	-1590.55
8470	0.0147008	-1622.55
8480	0.0147008	-1714.02
8490	0.0147008	-1608.33
8500	0.0147008	-1634.66
8510	0.0147008	-1630.5
8520	0.0147008	-1668.83
8530	0.0147008	-1591.61
8540	0.0147008	-1610.57
8550	0.0147008	-1641.75
8560	0.0147008	-1624.02
8570	0.0147008	-1599.24
8580	0.0147008	-1597.49
8590	0.0147008	-1627.75
8600	0.0147008	-1589.2
8610	0.0147008	-1697.86
8620	0.0147008	-1712.23
8630	0.0147008	-1631.98
8640	0.0147008	-1603.44
8650	0.0147008	-1675.82
8660	0.0147008	-1603.06
8670	0.0147008	-1588.86
8680	0.0147008	-1606.34
8690	0.0147008	-1590.74
8700	0.0147008	-1592.48
8710	0.0147008	-1592.61
8720	0.0147008	-1604.32
8730	0.0147008	-1590.25
8740	0.0147008	-1595.99
8750	0.0147008	-1588.81
8760	0.0147008	-1636.17
8770	0.0147008	-1610.47
8780	0.0147008	-1631.72
8790	0.0147008	-1589.86
8800	0.0147008	-1593.01
8810	0.0147008	-1589.18
8820	0.0147008	-1751.8
8830	0.0147008	-1627.23
8840	0.0147008	-1656.23
8850	0.0147008	-1626.52
8860	0.0147008	-1665.68
8870	0.0147008	-1630.21
8880	0.0147008	-1616.96
8890	0.0147008	-1654.35
8900	0.0147008	-1597.28
8910	0.0147008	-1591.23
8920	0.0147008	-1658.71
8930	0.0147008	-1588.64
8940	0.0147008	-1593.96
8950	0.0147008	-1612.86
8960	0.0147008	-1623.76
8970	0.0147008	-1588.78
8980	0.0147008	-1588.61
8990	0.0147008	-1608.77
9000	0.0147008	-1675.96
9010	0.0147008	-1646
9020	0.0147008	-1595.14
9030	0.0147008	-1667.41
9040	0.0147008	-1590
9050	0.0147008	-1592.93
9060	0.0147008	-1610.24
9070	0.0147008	-1611.58
9080	0.0147008	-1589.22
9090	0.0147008	-1603.29
9100	0.0147008	-1588.81
9110	0.0147008	-1589.34
9120	0.0147008	-1589.29
9130	0.0147008	-1592.02
9140	0.0147008	-1639.22
9150	0.0147008	-1595.04
9160	0.0147008	-1593.93
9170	0.0147008	-1604.02
9180	0.0147008	-1590.58
9190	0.0147008	-1607.49
9200	0.0147008	-1592.09
9210	0.0147008	-1620.85
9220	0.0147008	-1686.73
9230	0.0147008	-1603.72
9240	0.0147008	-1704.64
9250	0.0147008	-1668.06
9260	0.0147008	-1634.29
9270	0.0147008	-1593.18
9280	0.0147008	-1596.27
9290	0.0147008	-1592.72
9300	0.0147008	-1629.94
9310	0.0147008	-1588.67
9320	0.0147008	-1643.63
9330	0.0147008	-1597.44
9340	0.0147008	-1661.44
9350	0.0147008	-1591.16
9360	0.0147008	-1665.62
9370	0.0147008	-1589.81
9380	0.0147008	-1600.67
9390	0.0147008	-1602.72
9400	0.0147008	-1692.25
9410	0.0147008	-1660.83
9420	0.0147008	-1589.69
9430	0.0147008	-1618.26
9440	0.0147008	-1624.19
9450	0.0147008	-1607.68
9460	0.0147008	-1637.4
9470	0.0147008	-1701.67
9480	0.0147008	-1614.73
9490	0.0147008	-1622.44
9500	0.0147008	-1588.98
9510	0.0147008	-1612.98
9520	0.0147008	-1591.69
9530	0.0147008	-1640.23
9540	0.0147008	-1590.06
9550	0.0147008	-1665.16
9560	0.0147008	-1608.38
9570	0.0147008	-1745.08
9580	0.0147008	-1604.63
9590	0.0147008	-1627.34
9600	0.0147008	-1588.63
9610	0.0147008	-1599.96
9620	0.0147008	-1596.6
9630	0.0147008	-1601.36
9640	0.0147008	-1592.58
9650	0.0147008	-1592.16
9660	0.0147008	-1591.61
9670	0.0147008	-1607.86
9680	0.0147008	-1597.39
9690	0.0147008	-1607.88
9700	0.0147008	-1589.96
9710	0.0147008	-1630.65
9720	0.0147008	-1601.9
9730	0.0147008	-1721.92
9740	0.0147008	-1617.2
9750	0.0147008	-1660.71
9760	0.0147008	-1656.05
9770	0.0147008	-1601.83
9780	0.0147008	-1643.67
9790	0.0147008	-1687.91
9800	0.0147008	-1650.22
9810	0.0147008	-1698.72
9820	0.0147008	-1601.27
9830	0.0147008	-1598.45
9840	0.0147008	-1652.59
9850	0.0147008	-1590.55
9860	0.0147008	-1623.32
9870	0.0147008	-1588.62
9880	0.0147008	-1618.79
9890	0.0147008	-1631.63
9900	0.0147008	-1590.62
9910	0.0147008	-1589.81
9920	0.0147008	-1620.2
9930	0.0147008	-1590.37
9940	0.0147008	-1621.78
9950	0.0147008	-1621.12
9960	0.0147008	-1588.72
9970	0.0147008	-1622.28
9980	0.0147008	-1606
9990	0.0147008	-1588.61
10000	0.0147008	-1615.04
