Iteration	Posterior	Likelihood	Prior	clado_type_probs[1]	clado_type_probs[2]	distance_scale	epoch_times[1]	epoch_times[2]	epoch_times[3]	epoch_times[4]	extirpation_rate	p_allopatry	p_sympatry	rate_bg
0	-118.446	-119.089	0.642982	0.835963	0.164037	0.01	3.54132	1.41388	0.452597	0	1.076612	0.1640372	0.8359628	0.01
10	-55.4615	-49.6348	-5.82663	0.240403	0.759597	0.005767746	3.5656	1.60847	0.663094	0	1.595351	0.7595974	0.2404026	2.337484
20	-52.2551	-45.7837	-6.47138	0.730158	0.269842	0.02278623	3.38134	1.45369	0.699852	0	0.4050188	0.2698417	0.7301583	10.51459
30	-53.9631	-47.0375	-6.92561	0.325287	0.674713	0.02664982	2.81348	1.7828	0.387597	0	0.6974296	0.6747134	0.3252866	28.95881
40	-52.8735	-46.1086	-6.76496	0.0433103	0.95669	0.02723766	2.76019	1.64435	0.674816	0	0.4348211	0.9566897	0.04331032	16.22327
50	-51.8819	-45.6654	-6.21647	0.869307	0.130693	0.02353345	3.23553	1.66925	0.499079	0	0.5591407	0.1306932	0.8693068	13.09188
60	-53.0309	-47.0098	-6.02114	0.100185	0.899815	0.01734879	3.14528	1.69301	0.54265	0	0.7462591	0.8998152	0.1001848	11.56844
70	-52.2249	-45.9257	-6.29918	0.802582	0.197418	0.02293997	3.06207	1.69502	0.379545	0	0.6980711	0.197418	0.802582	15.4775
80	-52.71	-45.9263	-6.78368	0.174328	0.825672	0.02605075	3.37682	1.73142	0.361377	0	0.4702506	0.8256725	0.1743275	18.84676
90	-53.3801	-45.8115	-7.5686	0.784898	0.215102	0.02896073	3.37299	1.33103	0.647761	0	0.3847683	0.2151017	0.7848983	28.11271
100	-52.7403	-47.9382	-4.80209	0.815287	0.184713	0.0112483	2.93569	1.61132	0.462475	0	0.8389285	0.1847133	0.8152867	3.200435
110	-51.9555	-45.9367	-6.01884	0.899677	0.100323	0.02103727	3.15165	1.33345	0.493719	0	0.8734121	0.1003225	0.8996775	10.42979
120	-52.4216	-46.0065	-6.41518	0.701381	0.298619	0.02185996	2.69667	1.75101	0.432352	0	0.5567581	0.298619	0.701381	15.91311
130	-54.2116	-48.5443	-5.66727	0.929397	0.0706035	0.01309709	2.92088	1.71907	0.627428	0	0.7842076	0.07060348	0.9293965	7.94988
140	-54.9149	-49.5198	-5.39508	0.476117	0.523883	0.02156028	3.4594	1.63761	0.445667	0	1.103884	0.5238828	0.4761172	4.001746
150	-52.9145	-47.2156	-5.69891	0.762943	0.237057	0.01229171	3.60626	1.55984	0.420024	0	1.39909	0.2370571	0.7629429	3.092773
160	-52.1214	-46.6444	-5.47705	0.201175	0.798825	0.01345977	3.41521	1.31575	0.504402	0	1.167726	0.798825	0.201175	3.879927
170	-52.9477	-46.1824	-6.76537	0.504135	0.495865	0.02284486	3.1173	1.43491	0.662852	0	1.250705	0.4958653	0.5041347	12.05116
180	-55.2972	-48.169	-7.12819	0.184708	0.815292	0.03529555	2.92527	1.34027	0.69839	0	0.5361262	0.8152923	0.1847077	31.35873
190	-53.7393	-47.1153	-6.62397	0.494573	0.505427	0.02222938	2.26015	1.43617	0.610958	0	0.6361045	0.5054272	0.4945728	21.17193
200	-53.2201	-46.8911	-6.32897	0.54915	0.45085	0.01836908	3.08704	1.7366	0.494781	0	0.4966495	0.4508504	0.5491496	12.91746
210	-55.0607	-47.7884	-7.2723	0.725036	0.274964	0.02943864	2.85903	1.71901	0.581773	0	0.939409	0.274964	0.725036	33.70616
220	-55.35	-48.0139	-7.33607	0.801425	0.198575	0.02316584	2.75705	1.53417	0.583823	0	0.4262929	0.1985749	0.8014251	27.67434
230	-54.7379	-47.0583	-7.67963	0.743242	0.256758	0.03659863	2.23452	1.40147	0.50349	0	0.532395	0.2567577	0.7432423	54.04916
240	-53.0139	-46.5238	-6.49011	0.944809	0.0551907	0.02939202	2.5569	1.68343	0.62047	0	0.6221855	0.05519073	0.9448093	18.37494
250	-54.7195	-46.988	-7.73154	0.64333	0.35667	0.02599948	3.13233	1.51758	0.598063	0	1.539803	0.3566705	0.6433295	17.65203
260	-52.4116	-45.9431	-6.46843	0.013032	0.986968	0.02275161	3.68578	1.63268	0.452075	0	0.5218279	0.986968	0.01303201	15.75903
270	-52.4834	-46.7103	-5.77311	0.154253	0.845747	0.01811282	2.81979	1.4522	0.349104	0	0.6456798	0.8457474	0.1542526	9.07929
280	-53.3922	-46.5953	-6.79691	0.576139	0.423861	0.02002748	3.32024	1.69089	0.552281	0	1.230455	0.4238615	0.5761385	12.92623
290	-54.5005	-47.8728	-6.62766	0.339564	0.660436	0.02854035	3.08408	1.67979	0.496593	0	1.110353	0.6604361	0.3395639	13.57417
300	-52.7603	-45.6297	-7.13055	0.817758	0.182242	0.02728	3.59072	1.4711	0.522897	0	0.4530522	0.1822423	0.8177577	25.1255
310	-53.7593	-46.5309	-7.22838	0.624328	0.375672	0.03301905	2.75623	1.41237	0.435232	0	0.6227892	0.3756718	0.6243282	38.4609
320	-52.7569	-46.6311	-6.12572	0.288247	0.711753	0.01986453	2.34037	1.40184	0.327848	0	0.5770204	0.7117527	0.2882473	12.24659
330	-54.9303	-48.2262	-6.70411	0.45523	0.54477	0.02129132	2.32974	1.47181	0.550654	0	0.6134445	0.5447696	0.4552304	22.62277
340	-51.5566	-46.0407	-5.51591	0.869515	0.130485	0.01878975	2.92571	1.49666	0.693392	0	0.8531244	0.1304849	0.8695151	6.44403
350	-54.8606	-48.1071	-6.75352	0.693264	0.306736	0.03039481	2.49328	1.37302	0.405428	0	0.4488344	0.3067356	0.6932644	16.96388
360	-55.5664	-46.0995	-9.46687	0.375117	0.624883	0.0347171	3.06304	1.46712	0.387733	0	0.2600719	0.6248833	0.3751167	55.63333
370	-54.2244	-47.2469	-6.97751	0.755079	0.244921	0.02515383	2.68336	1.36691	0.410807	0	0.9272491	0.2449212	0.7550788	25.50403
380	-53.3472	-46.4821	-6.86513	0.922314	0.0776856	0.02443548	3.36616	1.35488	0.315121	0	0.4225025	0.07768561	0.9223144	16.98521
390	-53.7234	-46.0828	-7.64057	0.538551	0.461449	0.02742024	2.99888	1.39968	0.33	0	0.3666197	0.4614487	0.5385513	26.88072
400	-53.4199	-45.7689	-7.65093	0.694282	0.305718	0.02745606	3.56166	1.59877	0.402464	0	0.344307	0.3057183	0.6942817	23.01269
410	-51.9791	-46.2427	-5.73645	0.573258	0.426742	0.01748028	3.16389	1.65154	0.41019	0	0.7952749	0.4267421	0.5732579	8.453258
420	-53.0454	-46.5963	-6.44913	0.00644015	0.99356	0.01880713	2.65518	1.40849	0.475503	0	1.386914	0.9935598	0.006440151	6.712561
430	-54.8522	-48.559	-6.29321	0.58139	0.41861	0.02069197	2.45534	1.34991	0.594444	0	1.477884	0.41861	0.58139	4.766337
440	-53.0723	-46.7079	-6.36442	0.105149	0.894851	0.01965081	2.24338	1.30843	0.571133	0	0.3927268	0.8948505	0.1051495	8.83496
450	-51.975	-46.3106	-5.66441	0.615114	0.384886	0.01782249	3.65781	1.41977	0.646356	0	1.155351	0.3848856	0.6151144	4.785252
460	-55.6193	-49.4868	-6.1325	0.0842671	0.915733	0.02942963	2.94185	1.44199	0.361302	0	0.7749395	0.9157329	0.08426712	12.73531
470	-52.9464	-47.1182	-5.82816	0.933593	0.0664073	0.0126464	2.62135	1.3133	0.518097	0	1.359762	0.06640727	0.9335927	3.810491
480	-53.046	-46.2231	-6.82285	0.819517	0.180483	0.03013696	3.49246	1.62733	0.355014	0	0.5926489	0.1804831	0.8195169	25.01913
490	-52.9211	-46.1981	-6.72301	0.329547	0.670453	0.02790756	3.16806	1.36208	0.435728	0	0.7834379	0.6704534	0.3295466	22.86056
500	-53.9209	-46.7257	-7.19518	0.643445	0.356555	0.0310519	3.3858	1.32335	0.613365	0	0.3942568	0.3565551	0.6434449	20.45341
510	-51.6869	-45.9399	-5.74701	0.806019	0.193981	0.02247715	3.61954	1.52155	0.665327	0	0.7166907	0.1939814	0.8060186	8.883417
520	-51.406	-45.4561	-5.94982	0.696657	0.303343	0.02084522	3.62565	1.4371	0.67442	0	0.5986782	0.303343	0.696657	10.51081
530	-52.2856	-46.5946	-5.69102	0.630442	0.369558	0.0204391	2.59989	1.32078	0.595323	0	0.5176691	0.3695582	0.6304418	7.17823
540	-54.913	-47.8256	-7.08738	0.871814	0.128186	0.03378518	3.15496	1.60695	0.613172	0	0.433934	0.1281862	0.8718138	22.31187
550	-51.5687	-45.5206	-6.04815	0.115974	0.884026	0.02107778	2.99915	1.65276	0.633025	0	0.7552206	0.8840255	0.1159745	11.83515
560	-53.6451	-47.5038	-6.14127	0.743025	0.256975	0.02879419	3.587	1.77913	0.508727	0	0.754085	0.2569748	0.7430252	12.99744
570	-52.9031	-46.0327	-6.87043	0.286971	0.713029	0.02130243	2.89867	1.7945	0.515833	0	1.342564	0.7130287	0.2869713	11.18347
580	-53.0665	-47.6002	-5.46632	0.902301	0.0976995	0.01696043	2.66765	1.35893	0.392504	0	0.5652446	0.09769948	0.9023005	6.237453
590	-52.7161	-46.1177	-6.59843	0.781255	0.218745	0.02404674	3.39717	1.33506	0.589779	0	0.6307499	0.2187449	0.7812551	20.58124
600	-53.5088	-46.966	-6.54278	0.154685	0.845315	0.0184306	2.63262	1.49257	0.663222	0	0.4468206	0.8453151	0.1546849	13.63499
610	-52.2994	-46.263	-6.03642	0.714857	0.285143	0.02333278	2.22157	1.70606	0.627073	0	0.5082691	0.2851433	0.7148567	9.92458
620	-52.7783	-46.0776	-6.70067	0.969316	0.0306838	0.02598594	3.12274	1.67443	0.543128	0	0.7153806	0.03068379	0.9693162	23.0611
630	-51.3715	-46.1684	-5.20306	0.508077	0.491923	0.01675545	3.15479	1.5838	0.591791	0	0.5996469	0.4919231	0.5080769	4.98551
640	-52.3534	-46.1493	-6.20415	0.89614	0.10386	0.02060553	2.9382	1.38675	0.663365	0	0.6897351	0.1038605	0.8961395	14.08087
650	-53.7954	-46.892	-6.90336	0.606341	0.393659	0.02544788	3.52465	1.60618	0.360669	0	0.9196139	0.393659	0.606341	23.9139
660	-52.9559	-47.0634	-5.89244	0.0789718	0.921028	0.01322517	2.85273	1.45265	0.466873	0	1.44141	0.9210282	0.07897183	3.442127
670	-53.5309	-47.5682	-5.96275	0.405505	0.594495	0.01536149	3.28609	1.51762	0.692129	0	0.877996	0.5944948	0.4055052	9.810932
680	-52.2735	-45.6048	-6.66875	0.317465	0.682535	0.02563556	3.41272	1.31384	0.653505	0	0.5130991	0.6825345	0.3174655	18.8889
690	-52.486	-46.486	-5.99991	0.81587	0.18413	0.0167619	2.86805	1.41585	0.401147	0	1.148696	0.1841302	0.8158698	6.773217
700	-52.6272	-46.6462	-5.98106	0.847631	0.152369	0.02404953	2.73157	1.32935	0.444885	0	0.632955	0.1523693	0.8476307	11.1138
710	-52.5995	-46.4611	-6.13842	0.163533	0.836467	0.01818803	2.68881	1.52191	0.527175	0	0.4127239	0.8364674	0.1635326	7.837832
720	-52.733	-47.3247	-5.40822	0.467282	0.532718	0.01282342	2.60021	1.65697	0.618507	0	0.7241374	0.5327183	0.4672817	6.31835
730	-52.4787	-45.9016	-6.57709	0.760002	0.239998	0.02469548	3.32004	1.77936	0.533429	0	0.9357738	0.2399975	0.7600025	16.8996
740	-60.5746	-53.5556	-7.01898	0.773098	0.226902	0.04035891	3.07179	1.73308	0.567503	0	0.4253574	0.2269017	0.7730983	20.06962
750	-57.2181	-49.123	-8.09511	0.0574741	0.942526	0.04337593	3.50742	1.59252	0.541506	0	0.5883132	0.9425259	0.05747407	88.89389
760	-53.9419	-46.6769	-7.26504	0.930438	0.069562	0.02898144	3.28099	1.55734	0.435001	0	0.5462442	0.06956199	0.930438	36.60626
770	-53.7544	-46.9057	-6.84868	0.589399	0.410601	0.02567795	3.60302	1.72242	0.582315	0	0.6397625	0.4106005	0.5893995	26.55189
780	-54.7057	-47.26	-7.44574	0.643603	0.356397	0.0310923	3.07612	1.63176	0.583202	0	0.5381136	0.3563968	0.6436032	43.23659
790	-52.2889	-45.5028	-6.78618	0.227842	0.772158	0.02624609	2.90063	1.73835	0.602991	0	0.4276366	0.7721583	0.2278417	16.06436
800	-53.0271	-46.9729	-6.05416	0.86902	0.13098	0.01705793	2.29115	1.45952	0.53459	0	0.4807983	0.1309796	0.8690204	9.38871
810	-53.1771	-46.2794	-6.89772	0.954635	0.0453651	0.02936547	3.68597	1.33991	0.567961	0	0.6834338	0.04536507	0.9546349	28.17257
820	-53.7986	-46.716	-7.08253	0.241672	0.758328	0.0297742	3.56474	1.49675	0.388239	0	0.7807685	0.7583279	0.2416721	32.80886
830	-54.2883	-48.8089	-5.47936	0.586364	0.413636	0.01037873	3.46035	1.49118	0.347734	0	1.074749	0.4136355	0.5863645	4.573481
840	-51.8456	-45.9973	-5.84833	0.27958	0.72042	0.01771444	2.7126	1.39686	0.621741	0	1.147606	0.7204201	0.2795799	5.83187
850	-54.1849	-47.0031	-7.18182	0.269112	0.730888	0.02850677	3.65728	1.34363	0.525027	0	1.196237	0.7308884	0.2691116	20.25246
860	-52.1893	-45.951	-6.23821	0.00235593	0.997644	0.02363994	2.22726	1.32341	0.613663	0	0.6579255	0.9976441	0.002355927	14.51355
870	-54.4428	-46.9881	-7.45475	0.849362	0.150638	0.03081272	2.84707	1.40762	0.676063	0	0.347572	0.1506381	0.8493619	19.40994
880	-56.3946	-47.0705	-9.32408	0.447056	0.552944	0.01557998	2.93012	1.32537	0.512933	0	2.888024	0.5529441	0.4470559	5.170826
890	-52.4957	-46.3712	-6.12447	0.620969	0.379031	0.01321633	3.0157	1.48666	0.595787	0	1.392579	0.3790305	0.6209695	4.796309
900	-51.9428	-46.516	-5.42675	0.0337625	0.966238	0.01476444	3.67658	1.34459	0.620933	0	0.7294891	0.9662375	0.03376248	6.425899
910	-52.9419	-46.9963	-5.94562	0.758815	0.241185	0.01634398	3.30977	1.52783	0.513875	0	0.502764	0.2411848	0.7588152	8.942644
920	-52.5218	-47.2207	-5.30116	0.480845	0.519155	0.01372692	3.15109	1.33977	0.469437	0	0.6089315	0.5191553	0.4808447	5.543024
930	-53.1424	-47.4439	-5.69855	0.0112948	0.988705	0.01455811	3.10248	1.57567	0.697497	0	0.7329327	0.9887052	0.01129484	8.42306
940	-52.5043	-45.9913	-6.513	0.686956	0.313044	0.02006653	2.89749	1.55212	0.487389	0	1.222137	0.313044	0.686956	9.885393
950	-52.7143	-46.0048	-6.70953	0.863059	0.136941	0.02629663	2.25008	1.50032	0.380474	0	0.6944481	0.1369413	0.8630587	23.33614
960	-52.365	-45.9567	-6.40825	0.840877	0.159123	0.0250677	2.78351	1.52921	0.364601	0	0.7057376	0.1591225	0.8408775	17.24522
970	-53.1229	-46.1743	-6.94858	0.256142	0.743858	0.01961367	3.14736	1.58583	0.523407	0	1.427631	0.7438584	0.2561416	10.18073
980	-51.5525	-45.9119	-5.64062	0.242295	0.757705	0.01981976	3.14545	1.46561	0.491103	0	0.6854089	0.7577055	0.2422945	8.014809
990	-52.7853	-46.2011	-6.58419	0.168365	0.831635	0.02380501	2.50665	1.47517	0.650212	0	1.121787	0.8316347	0.1683653	12.74106
1000	-53.3009	-46.1614	-7.13959	0.46675	0.53325	0.02933594	3.54766	1.45845	0.662674	0	0.5054847	0.5332502	0.4667498	29.71009
1010	-56.0477	-47.7611	-8.2866	0.0113106	0.988689	0.02494901	2.84122	1.6314	0.620285	0	2.04024	0.9886894	0.01131058	10.58578
1020	-51.892	-46.7505	-5.14148	0.723284	0.276716	0.01689771	2.32889	1.78111	0.672531	0	0.5956973	0.2767158	0.7232842	4.67048
1030	-51.3485	-45.4928	-5.85571	0.493332	0.506668	0.01973408	2.55219	1.62397	0.656298	0	0.8835254	0.5066677	0.4933323	8.760337
1040	-54.3294	-46.6544	-7.67505	0.374701	0.625299	0.03613855	2.47076	1.61354	0.497935	0	0.4705824	0.6252992	0.3747008	46.00645
1050	-52.9985	-46.0921	-6.90638	0.515416	0.484584	0.03034943	3.05827	1.48423	0.48745	0	0.606605	0.4845843	0.5154157	27.54658
1060	-51.9963	-46.1707	-5.82555	0.00944843	0.990552	0.02117114	3.39839	1.7963	0.440045	0	0.8170543	0.9905516	0.009448434	9.083123
1070	-52.7325	-46.1133	-6.61913	0.431016	0.568984	0.02767472	3.52307	1.65683	0.329913	0	0.6025728	0.5689837	0.4310163	20.59843
1080	-54.1567	-46.6863	-7.4704	0.207361	0.792639	0.02897105	3.62897	1.49287	0.359527	0	0.4696306	0.7926393	0.2073607	37.37701
1090	-54.5224	-47.4583	-7.06412	0.53956	0.46044	0.03320555	3.64614	1.33673	0.474052	0	0.8521429	0.4604398	0.5395602	30.33689
1100	-52.6184	-46.9233	-5.69514	0.417284	0.582716	0.01916774	3.49103	1.40362	0.383009	0	0.4925047	0.5827164	0.4172836	6.778207
1110	-53.0488	-45.8728	-7.17595	0.937345	0.0626552	0.02800347	3.68301	1.58694	0.388241	0	0.4704301	0.06265524	0.9373448	27.91589
1120	-54.8304	-47.3702	-7.46024	0.809733	0.190267	0.0358085	2.91093	1.34641	0.606692	0	0.5007732	0.1902666	0.8097334	40.4658
1130	-54.4992	-46.0467	-8.45253	0.493335	0.506665	0.03409794	2.96438	1.47504	0.381623	0	0.3358409	0.5066653	0.4933347	47.82624
1140	-54.4416	-45.5968	-8.84476	0.361662	0.638338	0.03025741	3.5057	1.55382	0.52244	0	0.2663527	0.6383379	0.3616621	32.72989
1150	-56.8718	-49.1084	-7.76341	0.589367	0.410633	0.03612336	2.3982	1.53735	0.529004	0	0.3451138	0.4106327	0.5893673	25.91928
1160	-53.3946	-46.5074	-6.88714	0.273737	0.726263	0.02707066	2.51819	1.74457	0.496831	0	0.6971891	0.7262634	0.2737366	27.86643
1170	-53.7084	-47.8023	-5.90611	0.463218	0.536782	0.01820093	2.31934	1.77617	0.31385	0	0.4256426	0.5367817	0.4632183	6.603638
1180	-52.8165	-46.0815	-6.73501	0.854482	0.145518	0.02691355	3.14356	1.68836	0.558777	0	0.805327	0.1455185	0.8544815	22.77037
1190	-52.4259	-45.7188	-6.70712	0.382076	0.617924	0.02576334	2.79751	1.68112	0.408848	0	0.4697663	0.6179238	0.3820762	17.43042
1200	-54.6551	-48.1266	-6.52847	0.34037	0.65963	0.0202188	2.46693	1.47419	0.604477	0	0.777262	0.6596296	0.3403704	18.8948
1210	-55.8394	-48.6078	-7.23152	0.487166	0.512834	0.03627687	2.37693	1.69519	0.619065	0	0.4542478	0.5128339	0.4871661	27.91684
1220	-55.0726	-47.3342	-7.73838	0.236911	0.763089	0.03078339	3.05932	1.75986	0.581344	0	0.3008613	0.7630888	0.2369112	16.67929
1230	-52.7288	-46.036	-6.69283	0.696299	0.303701	0.02477513	3.21637	1.75674	0.482022	0	1.038582	0.3037015	0.6962985	16.32366
1240	-54.7018	-47.0435	-7.6583	0.534155	0.465845	0.0188544	2.67865	1.74109	0.484839	0	1.723377	0.4658448	0.5341552	11.12084
1250	-53.6668	-47.0068	-6.65996	0.512602	0.487398	0.02242568	2.2547	1.78255	0.502238	0	0.8894987	0.4873977	0.5126023	19.44562
1260	-51.9839	-45.8298	-6.1541	0.0128937	0.987106	0.02301518	2.89453	1.43262	0.68051	0	0.8109471	0.9871063	0.01289368	12.68019
1270	-52.5171	-46.1875	-6.32963	0.593022	0.406978	0.0222347	2.79675	1.42172	0.616834	0	0.4069429	0.4069782	0.5930218	9.216529
1280	-53.2501	-47.0715	-6.1786	0.174693	0.825307	0.01710899	2.70571	1.63652	0.625039	0	0.9470856	0.8253069	0.1746931	11.17498
1290	-50.9475	-45.8145	-5.13306	0.231108	0.768892	0.01607449	3.0979	1.79739	0.69585	0	0.8604623	0.7688924	0.2311076	4.361227
1300	-56.4114	-49.2391	-7.17238	0.131403	0.868597	0.0259254	2.67594	1.79437	0.652793	0	1.659515	0.8685971	0.1314029	7.83731
1310	-52.0062	-46.1599	-5.8463	0.49858	0.50142	0.01452523	2.62732	1.75323	0.624365	0	1.389809	0.5014203	0.4985797	3.652044
1320	-52.9917	-46.4982	-6.49346	0.00155938	0.998441	0.02737541	3.31008	1.43168	0.695703	0	0.838219	0.9984406	0.001559378	17.38006
1330	-52.6728	-46.1952	-6.47755	0.214461	0.785539	0.02354542	2.38917	1.73204	0.668726	0	1.157419	0.7855394	0.2144606	10.75058
1340	-54.4383	-46.7192	-7.71915	0.703039	0.296961	0.02357027	2.20741	1.76765	0.569912	0	1.595814	0.2969611	0.7030389	15.49662
1350	-54.4039	-46.8163	-7.58756	0.340123	0.659877	0.02605868	2.98805	1.51022	0.527093	0	1.466352	0.6598771	0.3401229	17.81065
1360	-52.6303	-46.0172	-6.61311	0.0701118	0.929888	0.0268248	3.16835	1.59558	0.459464	0	0.7971887	0.9298882	0.07011181	20.28321
1370	-55.1158	-51.0016	-4.11421	0.912396	0.0876041	0.008199547	3.59268	1.36788	0.57698	0	0.6945617	0.08760414	0.9123959	1.741381
1380	-54.291	-48.1474	-6.14365	0.472317	0.527683	0.007527319	3.44717	1.38146	0.674055	0	2.016697	0.5276833	0.4723167	1.305784
1390	-52.0376	-46.5733	-5.4643	0.800755	0.199245	0.01596505	3.22707	1.46032	0.497246	0	0.6504973	0.1992453	0.8007547	6.678784
1400	-51.399	-46.1163	-5.28274	0.19597	0.80403	0.01589876	3.28023	1.57997	0.51784	0	0.8661596	0.8040298	0.1959702	5.035039
1410	-52.2083	-46.0725	-6.13585	0.198093	0.801907	0.02057895	2.98065	1.68087	0.639538	0	1.191043	0.801907	0.198093	7.184414
1420	-52.2473	-47.8243	-4.42299	0.483839	0.516161	0.008367635	3.50818	1.54974	0.663283	0	0.9815732	0.5161613	0.4838387	1.839758
1430	-52.7607	-46.5373	-6.22343	0.0271729	0.972827	0.01695518	2.92618	1.51618	0.643298	0	1.456408	0.9728271	0.02717292	4.646908
1440	-56.295	-47.9814	-8.31359	0.176504	0.823496	0.028923	3.07901	1.5101	0.626751	0	1.693056	0.8234956	0.1765044	22.84533
1450	-54.1813	-49.6342	-4.54712	0.324302	0.675698	0.008126349	2.92607	1.3694	0.615601	0	0.5359001	0.6756979	0.3243021	2.372638
1460	-51.6161	-45.7045	-5.9116	0.161613	0.838387	0.01920167	2.63814	1.3711	0.625683	0	0.9207841	0.8383869	0.1616131	8.856997
1470	-51.6655	-45.6926	-5.97288	0.405289	0.594711	0.01965148	2.36873	1.39111	0.643623	0	0.8023178	0.5947107	0.4052893	10.65123
1480	-52.0578	-45.609	-6.44878	0.23199	0.76801	0.0256884	2.37357	1.62364	0.532196	0	0.5638088	0.7680098	0.2319902	16.62697
1490	-52.5396	-47.1686	-5.37099	0.777145	0.222855	0.0206326	3.02926	1.57467	0.523475	0	0.6197092	0.2228546	0.7771454	5.990948
1500	-54.5739	-46.6619	-7.91201	0.0845254	0.915475	0.01220241	2.68925	1.58077	0.606836	0	2.354537	0.9154746	0.08452538	3.744491
1510	-53.2508	-46.4765	-6.77425	0.146723	0.853277	0.01987789	2.91603	1.37427	0.384791	0	1.305356	0.8532774	0.1467226	10.93488
1520	-59.7336	-49.721	-10.0127	0.892385	0.107615	0.01614324	2.85774	1.62839	0.354828	0	2.86539	0.1076152	0.8923848	10.76934
1530	-53.6287	-49.177	-4.45171	0.79801	0.20199	0.008593576	2.68346	1.53634	0.567236	0	0.763803	0.2019896	0.7980104	2.387177
1540	-54.3365	-47.8479	-6.4886	0.392736	0.607264	0.01860705	2.74984	1.50896	0.632873	0	0.9747053	0.6072637	0.3927363	14.66049
1550	-51.8197	-45.9457	-5.87401	0.751012	0.248988	0.01842735	3.46358	1.43564	0.57963	0	0.5553861	0.2489883	0.7510117	9.243117
1560	-53.7903	-48.5859	-5.20439	0.0877053	0.912295	0.02251372	3.58304	1.5931	0.670825	0	0.643606	0.9122947	0.08770526	5.136947
1570	-52.2679	-47.1858	-5.08211	0.298015	0.701985	0.01158109	3.06001	1.58045	0.67596	0	0.661755	0.701985	0.298015	4.571907
1580	-51.2067	-46.2718	-4.9349	0.283843	0.716157	0.01401043	3.11646	1.61707	0.686147	0	0.6302817	0.7161571	0.2838429	3.898501
1590	-53.8951	-48.8484	-5.04665	0.872312	0.127688	0.02127531	3.50743	1.68589	0.5775	0	0.7741449	0.1276884	0.8723116	4.301709
1600	-53.35	-46.4911	-6.85889	0.0631775	0.936823	0.02373759	3.58944	1.39401	0.520272	0	1.083949	0.9368225	0.06317746	17.89322
1610	-53.9277	-46.5092	-7.41847	0.890465	0.109535	0.03271621	3.49488	1.58976	0.411524	0	0.4142274	0.1095354	0.8904646	28.40031
1620	-56.0435	-49.6626	-6.38083	0.319352	0.680648	0.03221309	3.18252	1.72028	0.37268	0	0.8261975	0.6806482	0.3193518	15.70139
1630	-52.5266	-46.3228	-6.20377	0.696657	0.303343	0.01766233	3.29639	1.54444	0.420543	0	1.114896	0.3033427	0.6966573	8.814557
1640	-52.175	-46.8613	-5.31374	0.861746	0.138254	0.01578923	3.3857	1.72625	0.412151	0	0.7173108	0.1382544	0.8617456	5.759051
1650	-54.0585	-46.6301	-7.42849	0.530962	0.469038	0.02176457	2.22941	1.66037	0.434898	0	1.50645	0.4690383	0.5309617	13.9782
1660	-53.1215	-46.5446	-6.57692	0.329136	0.670864	0.01731571	2.22894	1.73786	0.343767	0	1.422874	0.6708636	0.3291364	7.089242
1670	-54.9385	-47.3057	-7.63279	0.0961992	0.903801	0.01294899	3.4696	1.72365	0.350507	0	2.155116	0.9038008	0.09619923	4.31153
1680	-54.251	-46.9434	-7.30765	0.871603	0.128397	0.01503924	3.00803	1.59738	0.395587	0	1.823807	0.1283971	0.8716029	6.318438
1690	-53.0444	-48.7873	-4.2571	0.379157	0.620843	0.00938084	2.92163	1.53647	0.46922	0	0.7661785	0.6208428	0.3791572	1.962419
1700	-51.6553	-45.6534	-6.00191	0.469778	0.530222	0.01782812	2.82571	1.75783	0.598028	0	1.039455	0.5302224	0.4697776	8.168686
1710	-52.6589	-46.5416	-6.11726	0.132427	0.867573	0.01892417	3.35036	1.75115	0.6424	0	0.7236178	0.8675732	0.1324268	12.84097
1720	-51.9046	-45.7254	-6.17919	0.647586	0.352414	0.02182048	3.26986	1.6176	0.468582	0	0.7785196	0.3524145	0.6475855	13.31392
1730	-52.6253	-46.4297	-6.19562	0.388172	0.611828	0.02036145	2.4002	1.66211	0.302067	0	0.9636585	0.6118278	0.3881722	11.11005
1740	-51.9458	-45.9778	-5.96793	0.600512	0.399488	0.01853518	2.86873	1.62529	0.434016	0	0.9878885	0.3994875	0.6005125	8.545078
1750	-51.3494	-45.6292	-5.72014	0.114646	0.885354	0.01766311	2.64468	1.77927	0.625795	0	0.8103571	0.8853539	0.1146461	8.219959
1760	-52.2812	-46.2362	-6.04495	0.537626	0.462374	0.02165411	3.05096	1.73232	0.699057	0	1.131445	0.4623743	0.5376257	7.305659
1770	-51.352	-45.7957	-5.55627	0.348328	0.651672	0.01810244	3.09138	1.30435	0.578459	0	0.6605261	0.6516723	0.3483277	7.343397
1780	-54.2744	-46.4307	-7.84372	0.931461	0.0685387	0.0243217	2.36677	1.38799	0.478172	0	0.2975834	0.06853866	0.9314613	17.86904
1790	-52.8965	-46.2924	-6.60409	0.399898	0.600102	0.02318457	2.62075	1.56622	0.560039	0	0.8955457	0.6001023	0.3998977	18.25918
1800	-52.6066	-46.7774	-5.82923	0.0535685	0.946432	0.01546082	3.50152	1.66114	0.432493	0	0.9859394	0.9464315	0.05356846	7.459626
1810	-52.9023	-47.1591	-5.74321	0.962126	0.0378737	0.01546391	3.56497	1.71288	0.650611	0	0.7166358	0.03787366	0.9621263	8.849895
1820	-54.6072	-47.8299	-6.77725	0.845962	0.154038	0.03126438	3.18289	1.61889	0.670973	0	0.4257864	0.154038	0.845962	15.79054
1830	-51.6312	-46.1162	-5.51499	0.142092	0.857908	0.02023458	3.57332	1.67684	0.550454	0	0.8051011	0.8579077	0.1420923	6.72355
1840	-57.3377	-50.6181	-6.71951	0.439225	0.560775	0.01567243	2.2711	1.55699	0.305142	0	0.4084203	0.560775	0.439225	13.71444
1850	-53.2604	-46.4048	-6.85555	0.689781	0.310219	0.02649496	2.67299	1.30212	0.363628	0	0.6446358	0.3102189	0.6897811	26.79012
1860	-53.3046	-47.2431	-6.06153	0.236771	0.763229	0.02152156	2.91435	1.4964	0.334212	0	1.101393	0.7632288	0.2367712	7.826006
1870	-53.3803	-46.6248	-6.75558	0.777532	0.222468	0.02278512	2.34608	1.76708	0.374262	0	1.027605	0.2224676	0.7775324	17.68448
1880	-52.2283	-46.0399	-6.18842	0.130295	0.869705	0.02121756	2.63785	1.61939	0.414339	0	0.7463192	0.869705	0.130295	13.67441
1890	-53.4057	-45.9489	-7.45681	0.896859	0.103141	0.02689264	2.69268	1.55986	0.443045	0	0.4081531	0.1031407	0.8968593	28.62786
1900	-52.4045	-46.2111	-6.1934	0.761229	0.238771	0.01697158	3.09515	1.6319	0.440909	0	1.224909	0.2387713	0.7612287	7.143702
1910	-51.9554	-46.5714	-5.38401	0.483732	0.516268	0.01503309	3.42826	1.68679	0.605943	0	0.4544458	0.5162675	0.4837325	4.403708
1920	-52.1039	-46.3341	-5.76984	0.394161	0.605839	0.01904306	3.6131	1.77982	0.688311	0	1.20844	0.6058387	0.3941613	4.823941
1930	-53.9193	-47.1126	-6.80675	0.049231	0.950769	0.02356129	3.51751	1.77021	0.595333	0	0.5494246	0.950769	0.04923097	23.27072
1940	-54.3785	-46.0376	-8.34093	0.181671	0.818329	0.02710571	3.52021	1.74884	0.531904	0	0.256385	0.8183294	0.1816706	17.06334
1950	-53.3335	-46.083	-7.25054	0.534825	0.465175	0.02946129	3.08963	1.51667	0.631226	0	0.4848238	0.4651746	0.5348254	31.42702
1960	-54.5124	-48.1135	-6.39889	0.640402	0.359598	0.01931439	2.53069	1.4176	0.528983	0	1.561511	0.3595982	0.6404018	4.448813
1970	-51.826	-46.1615	-5.66456	0.526587	0.473413	0.02228962	2.58705	1.76971	0.567346	0	0.6653234	0.4734128	0.5265872	8.191855
1980	-52.0749	-46.3455	-5.72941	0.241468	0.758532	0.01663684	2.32916	1.3827	0.535894	0	0.6584698	0.7585324	0.2414676	8.727028
1990	-52.6684	-46.7368	-5.93164	0.21379	0.78621	0.01252794	2.32929	1.50785	0.616289	0	1.252322	0.7862096	0.2137904	5.21913
2000	-52.0056	-45.4608	-6.5448	0.522402	0.477598	0.02548908	2.94119	1.66323	0.634812	0	0.5743526	0.4775977	0.5224023	18.56064
2010	-56.8979	-49.4997	-7.39818	0.943348	0.0566524	0.03826245	2.71198	1.54874	0.539082	0	0.9242846	0.0566524	0.9433476	38.99093
2020	-54.6118	-48.0954	-6.51639	0.845963	0.154037	0.03091939	2.78809	1.48872	0.601334	0	0.4998603	0.1540374	0.8459626	15.70991
2030	-52.7275	-46.1632	-6.56436	0.425514	0.574486	0.025391	2.66147	1.52259	0.356443	0	0.8959868	0.5744857	0.4255143	17.53882
2040	-53.4031	-46.3367	-7.06632	0.504219	0.495781	0.01721211	2.64748	1.37648	0.615051	0	1.593859	0.4957814	0.5042186	8.100454
2050	-50.9524	-45.4421	-5.51028	0.218803	0.781197	0.01801366	3.03146	1.67146	0.664416	0	0.7297882	0.7811967	0.2188033	6.985013
2060	-53.0914	-46.4173	-6.67403	0.306282	0.693718	0.02395944	2.3932	1.40616	0.525539	0	0.6492404	0.6937181	0.3062819	22.38151
2070	-54.1686	-47.0674	-7.10119	0.189501	0.810499	0.03115918	2.27142	1.38146	0.415803	0	0.9396939	0.8104988	0.1895012	28.39431
2080	-54.327	-46.6813	-7.64564	0.677373	0.322627	0.02618575	2.73763	1.43461	0.391544	0	0.391308	0.3226274	0.6773726	31.55739
2090	-53.9435	-46.9086	-7.03482	0.778112	0.221888	0.02993977	2.4053	1.70861	0.562468	0	1.070914	0.2218884	0.7781116	21.80421
2100	-56.7641	-48.1222	-8.64189	0.112532	0.887468	0.02716255	3.6515	1.46993	0.387731	0	1.818031	0.8874678	0.1125322	24.29029
2110	-52.2205	-46.7166	-5.50399	0.882526	0.117474	0.02085353	3.5326	1.51244	0.500769	0	0.6603593	0.1174741	0.8825259	6.969103
2120	-53.0182	-47.9333	-5.08484	0.943587	0.0564126	0.01245997	3.16413	1.43035	0.575054	0	0.6554539	0.05641259	0.9435874	4.576945
2130	-53.9336	-47.4656	-6.46791	0.24143	0.75857	0.02025998	3.39455	1.3095	0.609315	0	0.8252986	0.7585701	0.2414299	17.14362
2140	-53.3958	-46.552	-6.84379	0.760769	0.239231	0.0310052	3.34447	1.50505	0.41491	0	0.7299067	0.2392311	0.7607689	26.50247
2150	-52.7096	-46.1741	-6.53555	0.647398	0.352602	0.02456365	3.38533	1.39758	0.434014	0	0.4369439	0.3526022	0.6473978	13.0125
2160	-53.2978	-46.4336	-6.86414	0.00139542	0.998605	0.0190976	2.82298	1.41823	0.520774	0	1.35924	0.9986046	0.001395424	10.74873
2170	-52.7461	-47.9409	-4.80528	0.853828	0.146172	0.009670713	3.17512	1.4998	0.660115	0	0.9671388	0.1461717	0.8538283	2.752754
2180	-54.8137	-49.6313	-5.18236	0.259409	0.740591	0.005203105	3.34227	1.33376	0.543473	0	1.594558	0.7405911	0.2594089	1.229342
2190	-52.6656	-47.319	-5.34662	0.544263	0.455737	0.01005434	2.34332	1.31172	0.603762	0	1.222617	0.4557367	0.5442633	3.076427
2200	-51.5728	-45.612	-5.9608	0.485296	0.514704	0.02041003	3.28687	1.45604	0.636805	0	0.9587054	0.5147036	0.4852964	8.845795
2210	-53.1508	-46.2911	-6.85964	0.65299	0.34701	0.01968143	2.34365	1.5609	0.455593	0	1.477101	0.34701	0.65299	8.411738
2220	-53.6044	-48.2394	-5.36507	0.695763	0.304237	0.02105096	2.81219	1.31634	0.402835	0	0.6147663	0.3042367	0.6957633	5.93515
2230	-52.237	-47.0039	-5.23313	0.594597	0.405403	0.01671043	3.34521	1.37022	0.373263	0	0.7454979	0.4054028	0.5945972	5.262449
2240	-51.4681	-45.686	-5.78211	0.285084	0.714916	0.01866121	3.03349	1.59181	0.56873	0	0.5242168	0.7149158	0.2850842	7.973184
2250	-54.2779	-49.1648	-5.1131	0.526721	0.473279	0.01107345	2.55591	1.51382	0.368792	0	0.5716983	0.4732786	0.5267214	4.419251
2260	-55.4328	-47.1952	-8.23751	0.109252	0.890748	0.01929093	3.63448	1.78569	0.38931	0	2.253612	0.8907476	0.1092524	6.409131
2270	-52.8177	-46.1289	-6.68881	0.605661	0.394339	0.02227818	3.10921	1.63451	0.498131	0	1.281368	0.3943393	0.6056607	10.52145
2280	-51.9189	-45.5465	-6.37246	0.0209777	0.979022	0.02364658	3.0766	1.71358	0.699377	0	0.5576659	0.9790223	0.02097767	15.26848
2290	-54.4773	-46.9401	-7.53726	0.692159	0.307841	0.03400135	2.76685	1.39752	0.687003	0	0.46343	0.3078412	0.6921588	39.1469
2300	-53.328	-47.3134	-6.01461	0.10348	0.89652	0.02044383	2.34766	1.34966	0.676135	0	1.227106	0.8965198	0.1034802	5.949396
2310	-52.8678	-46.4878	-6.37995	0.658848	0.341152	0.01955962	2.70534	1.46222	0.328838	0	1.09842	0.3411521	0.6588479	10.81523
2320	-52.3365	-45.6027	-6.7338	0.527508	0.472492	0.0259686	2.29233	1.77274	0.422652	0	0.4737113	0.4724917	0.5275083	18.12863
2330	-53.1037	-46.2608	-6.84289	0.333874	0.666126	0.02610335	2.40619	1.6278	0.50514	0	0.9366929	0.6661264	0.3338736	22.01826
2340	-52.6711	-45.7333	-6.93775	0.204578	0.795422	0.02036029	3.20391	1.68915	0.65758	0	0.3561188	0.7954223	0.2045777	12.35247
2350	-52.9829	-46.7724	-6.21044	0.415407	0.584593	0.0140091	3.46421	1.43111	0.429886	0	1.552789	0.5845925	0.4154075	3.752824
2360	-51.7439	-46.4777	-5.26619	0.270331	0.729669	0.01545101	3.68808	1.70924	0.425191	0	0.9498166	0.7296687	0.2703313	4.470753
2370	-52.1618	-45.83	-6.33179	0.673223	0.326777	0.02228108	3.64076	1.62494	0.594953	0	0.6799792	0.326777	0.673223	15.99467
2380	-53.0701	-46.6341	-6.43597	0.400125	0.599875	0.02122832	3.2415	1.49381	0.437862	0	0.8262225	0.5998748	0.4001252	16.59109
2390	-53.4809	-46.9723	-6.50866	0.148922	0.851078	0.01978207	2.94993	1.44865	0.378552	0	1.013958	0.8510779	0.1489221	14.11051
2400	-52.3289	-47.2675	-5.06145	0.816268	0.183732	0.01745469	2.98491	1.60698	0.510118	0	0.7101973	0.1837316	0.8162684	4.481653
2410	-51.9281	-45.4993	-6.42875	0.423379	0.576621	0.02255169	2.85149	1.69598	0.488817	0	0.4823351	0.5766212	0.4233788	13.71711
2420	-52.4246	-47.0549	-5.36968	0.759835	0.240165	0.02039562	3.41529	1.37613	0.630727	0	0.8755141	0.2401653	0.7598347	5.436803
2430	-54.5756	-49.7587	-4.81695	0.845147	0.154853	0.007659952	2.87835	1.55847	0.519517	0	1.396784	0.1548527	0.8451473	1.286327
2440	-52.0776	-46.5973	-5.48038	0.151594	0.848406	0.01131141	3.53626	1.46886	0.649334	0	1.223088	0.848406	0.151594	3.513613
2450	-56.1681	-46.8173	-9.3508	0.693701	0.306299	0.01471524	3.58902	1.78964	0.637173	0	2.93642	0.3062991	0.6937009	4.824831
2460	-51.3663	-45.586	-5.78032	0.305108	0.694892	0.02188355	3.17432	1.64114	0.635134	0	0.7510088	0.6948921	0.3051079	9.072859
2470	-52.6546	-47.4223	-5.23224	0.840961	0.159039	0.01464298	2.6507	1.58716	0.414232	0	0.6563505	0.1590393	0.8409607	5.305208
2480	-52.5547	-47.673	-4.88164	0.832365	0.167635	0.0125917	2.48265	1.66241	0.632162	0	1.07096	0.167635	0.832365	2.531599
2490	-55.2346	-48.8259	-6.40879	0.394498	0.605502	0.02060461	3.13665	1.76227	0.632418	0	1.6387	0.6055023	0.3944977	3.817099
2500	-58.0087	-50.8946	-7.1141	0.923227	0.0767728	0.02201423	2.68254	1.59009	0.335228	0	0.5411836	0.07677279	0.9232272	31.20416
2510	-57.3849	-49.0995	-8.28544	0.0248287	0.975171	0.03413721	2.9796	1.5284	0.401266	0	1.321082	0.9751713	0.02482875	48.04463
2520	-54.9732	-47.5626	-7.41061	0.558256	0.441744	0.03344333	3.373	1.44957	0.547432	0	0.9075829	0.4417445	0.5582555	40.31419
2530	-51.7746	-45.5952	-6.17934	0.560703	0.439297	0.02160437	3.11819	1.56281	0.533101	0	0.6587014	0.4392965	0.5607035	13.68663
2540	-52.2999	-45.6645	-6.63539	0.699005	0.300995	0.02549905	2.99885	1.71306	0.443887	0	0.4716781	0.3009949	0.6990051	16.32408
2550	-53.1848	-48.1873	-4.99745	0.53899	0.46101	0.01525746	3.31847	1.53994	0.577816	0	1.164772	0.4610101	0.5389899	2.414689
2560	-51.0808	-45.3598	-5.721	0.237282	0.762718	0.01996052	3.23681	1.61087	0.653357	0	0.6948498	0.762718	0.237282	8.683703
2570	-53.0839	-45.9583	-7.1256	0.8004	0.1996	0.03073741	3.42368	1.58507	0.394302	0	0.5101656	0.1996	0.8004	29.62605
2580	-54.2838	-47.1318	-7.15193	0.835338	0.164662	0.03418267	3.24447	1.49809	0.571144	0	0.5022326	0.1646625	0.8353375	29.83895
2590	-55.4108	-47.8722	-7.53862	0.10908	0.89092	0.03413655	2.3574	1.68432	0.340424	0	0.7798902	0.8909205	0.1090795	51.7985
2600	-52.7547	-46.1608	-6.59392	0.277745	0.722255	0.02772848	2.57412	1.74648	0.3328	0	0.7098646	0.7222554	0.2777446	20.74948
2610	-54.4006	-46.932	-7.46856	0.0628615	0.937139	0.02969813	3.2164	1.66209	0.337672	0	0.360645	0.9371385	0.0628615	21.70543
2620	-55.0705	-46.2172	-8.85326	0.334577	0.665423	0.03670183	2.75457	1.72238	0.399937	0	0.3152247	0.6654235	0.3345765	59.07474
2630	-53.5262	-47.0399	-6.48637	0.269479	0.730521	0.01939171	3.20968	1.65048	0.485661	0	0.5031123	0.7305215	0.2694785	15.37049
2640	-51.9496	-45.687	-6.2626	0.501172	0.498828	0.02190355	3.18184	1.79887	0.581442	0	0.8422168	0.498828	0.501172	13.74458
2650	-51.8335	-45.5622	-6.27126	0.195336	0.804664	0.02490709	3.16953	1.58453	0.580725	0	0.6451157	0.8046641	0.1953359	14.93834
2660	-53.9715	-47.3625	-6.60893	0.963313	0.0366867	0.01565023	2.22997	1.61426	0.433207	0	1.319207	0.0366867	0.9633133	9.019012
2670	-53.6064	-46.5131	-7.09327	0.319396	0.680604	0.02852913	2.58031	1.66392	0.50297	0	0.5973976	0.6806041	0.3193959	32.9393
2680	-56.2687	-48.9742	-7.29457	0.657114	0.342886	0.03213575	3.21262	1.51688	0.529706	0	1.274532	0.3428864	0.6571136	19.53972
2690	-54.1442	-46.3171	-7.82709	0.378095	0.621905	0.02921325	2.77145	1.3799	0.439968	0	0.3179959	0.6219052	0.3780948	21.75347
2700	-54.333	-47.2842	-7.04881	0.639135	0.360865	0.03012925	3.31737	1.53959	0.627719	0	1.093853	0.3608653	0.6391347	21.27626
2710	-52.3853	-46.8333	-5.55202	0.740046	0.259954	0.01442838	3.21969	1.66417	0.554625	0	1.317486	0.2599537	0.7400463	3.145014
2720	-51.175	-45.7634	-5.41155	0.176852	0.823148	0.01761854	2.65926	1.66122	0.606135	0	0.7102165	0.823148	0.176852	6.360399
2730	-52.8805	-46.6235	-6.25697	0.0874873	0.912513	0.02658306	2.329	1.58688	0.558181	0	0.5712821	0.9125127	0.08748735	13.86408
2740	-52.0727	-46.3962	-5.67649	0.790274	0.209726	0.01643925	2.24574	1.53258	0.445413	0	0.9739337	0.2097263	0.7902737	6.515325
2750	-53.7545	-47.6747	-6.07982	0.0827311	0.917269	0.0165973	2.4006	1.5469	0.379655	0	0.4685709	0.9172689	0.08273112	9.272246
2760	-52.3525	-46.3798	-5.97267	0.277881	0.722119	0.0245561	3.17733	1.31069	0.513826	0	0.6821175	0.7221191	0.2778809	11.17011
2770	-51.7651	-45.7761	-5.98905	0.383136	0.616864	0.02302127	3.68748	1.32714	0.524989	0	0.5920455	0.6168636	0.3831364	10.86164
2780	-52.9083	-45.7584	-7.14989	0.651042	0.348958	0.02705089	2.96876	1.58146	0.375063	0	0.4353659	0.348958	0.651042	23.89503
2790	-53.217	-46.0957	-7.12128	0.375779	0.624221	0.02835463	3.06821	1.61654	0.486468	0	0.5315564	0.6242212	0.3757788	30.87445
2800	-51.9443	-45.6455	-6.29878	0.697854	0.302146	0.02493595	2.72851	1.47658	0.673905	0	0.6127814	0.3021456	0.6978544	15.07654
2810	-57.3304	-49.5551	-7.77531	0.297041	0.702959	0.02217012	3.25305	1.36876	0.499153	0	1.45309	0.7029594	0.2970406	22.08544
2820	-52.9793	-46.3739	-6.60545	0.635602	0.364398	0.02042746	3.36148	1.444	0.467656	0	1.114591	0.3643984	0.6356016	13.17894
2830	-53.0002	-47.8098	-5.19041	0.72156	0.27844	0.01813358	2.7616	1.3275	0.673583	0	0.9949279	0.27844	0.72156	3.886164
2840	-52.5984	-46.2447	-6.35367	0.455347	0.544653	0.01899707	2.60643	1.4999	0.601727	0	0.4829949	0.544653	0.455347	12.74953
2850	-53.3278	-45.9767	-7.35101	0.993271	0.00672926	0.02791302	3.1954	1.45074	0.593357	0	0.4395446	0.006729255	0.9932707	29.72697
2860	-53.3236	-46.4724	-6.85123	0.128002	0.871998	0.02550324	2.9473	1.4037	0.648039	0	1.11239	0.8719984	0.1280016	16.91523
2870	-51.9567	-45.5552	-6.40149	0.267621	0.732379	0.02152792	2.81493	1.37471	0.657843	0	0.4862696	0.7323787	0.2676213	13.50087
2880	-53.4328	-47.0482	-6.38464	0.977527	0.022473	0.02048284	2.60615	1.74169	0.625072	0	0.6782013	0.02247299	0.977527	16.8605
2890	-51.3631	-45.5765	-5.78654	0.530579	0.469421	0.01939568	2.9922	1.43691	0.67646	0	0.8920576	0.469421	0.530579	8.094793
2900	-51.0645	-45.3975	-5.66698	0.613611	0.386389	0.01957628	2.99044	1.72006	0.696523	0	0.7640215	0.3863894	0.6136106	8.046756
2910	-53.7642	-46.4068	-7.3574	0.701556	0.298444	0.01995652	2.30054	1.63499	0.499542	0	1.720337	0.2984437	0.7015563	8.28468
2920	-53.3294	-46.3611	-6.96823	0.214649	0.785351	0.02904381	2.37623	1.56181	0.491367	0	0.7656466	0.7853513	0.2146487	29.53603
2930	-54.7978	-47.2508	-7.547	0.216409	0.783591	0.02523328	2.85423	1.47268	0.604719	0	1.631777	0.7835907	0.2164093	12.09007
2940	-53.3873	-49.4055	-3.98182	0.449342	0.550658	0.01052834	3.01448	1.63486	0.606354	0	0.6770811	0.5506576	0.4493424	1.525105
2950	-52.5199	-46.8183	-5.70159	0.545026	0.454974	0.01825276	2.23015	1.39945	0.465995	0	1.082256	0.4549738	0.5450262	5.640451
2960	-53.1914	-46.454	-6.73739	0.157265	0.842735	0.02711859	2.67809	1.46945	0.374199	0	0.9506081	0.8427349	0.1572651	19.44672
2970	-53.7684	-47.1473	-6.62113	0.723238	0.276762	0.03028279	3.21995	1.33046	0.531431	0	0.5084826	0.2767622	0.7232378	17.81827
2980	-51.6074	-46.2799	-5.32751	0.676364	0.323636	0.01827863	3.01082	1.39156	0.630322	0	0.8240688	0.323636	0.676364	5.486629
2990	-53.2313	-46.4545	-6.77675	0.583705	0.416295	0.02326025	2.20784	1.76906	0.334734	0	0.5034152	0.416295	0.583705	20.56469
3000	-52.8148	-46.9824	-5.83239	0.0985408	0.901459	0.02317833	3.6841	1.33959	0.411425	0	0.810767	0.9014592	0.09854082	9.19336
3010	-52.2556	-46.7229	-5.53261	0.730232	0.269768	0.02216337	3.53221	1.31172	0.620107	0	0.7194812	0.2697679	0.7302321	7.164279
3020	-51.6145	-45.6973	-5.91725	0.335243	0.664757	0.0181147	2.68753	1.76781	0.510225	0	0.9951578	0.6647566	0.3352434	8.035949
3030	-53.4579	-46.0223	-7.43561	0.139432	0.860568	0.02167097	3.06549	1.63985	0.56013	0	0.3187897	0.8605678	0.1394322	14.81982
3040	-54.8515	-47.6273	-7.22414	0.816768	0.183232	0.02836821	3.167	1.70109	0.58045	0	0.5761398	0.1832322	0.8167678	36.69309
3050	-52.9696	-46.0139	-6.95574	0.388536	0.611464	0.03096224	3.35028	1.75569	0.62228	0	0.5110868	0.6114639	0.3885361	25.05178
3060	-51.4054	-45.4081	-5.99728	0.653942	0.346058	0.02276755	3.69711	1.6719	0.598441	0	0.6524674	0.3460579	0.6539421	11.38809
3070	-52.515	-46.7923	-5.72264	0.0194106	0.980589	0.01996598	3.40246	1.64325	0.512517	0	1.045315	0.9805894	0.01941064	6.120713
3080	-51.3453	-45.8449	-5.50046	0.247321	0.752679	0.01587375	2.32056	1.52365	0.67005	0	0.8011177	0.7526788	0.2473212	6.647095
3090	-51.6621	-45.6753	-5.98679	0.480408	0.519592	0.02204625	3.29394	1.51949	0.596718	0	0.504223	0.5195916	0.4804084	9.352168
3100	-53.9228	-46.8054	-7.11747	0.360834	0.639166	0.02849395	3.58853	1.5079	0.595351	0	1.112321	0.6391659	0.3608341	22.07779
3110	-54.7709	-47.709	-7.06199	0.786906	0.213094	0.01740415	3.46206	1.46442	0.515251	0	1.40955	0.213094	0.786906	11.83252
3120	-52.7629	-47.462	-5.30096	0.622787	0.377213	0.01423348	3.37678	1.67758	0.316168	0	1.090373	0.3772129	0.6227871	3.72718
3130	-52.8691	-46.8852	-5.98386	0.749674	0.250326	0.01765503	2.49588	1.60595	0.40191	0	0.7486179	0.2503258	0.7496742	11.13332
3140	-53.8737	-47.0066	-6.86712	0.641113	0.358887	0.03250627	2.85785	1.56235	0.537076	0	0.726847	0.3588872	0.6411128	27.15468
3150	-53.9655	-47.4022	-6.56323	0.952183	0.0478168	0.02188942	2.43906	1.33445	0.692566	0	0.8185633	0.04781676	0.9521832	18.96913
3160	-52.0023	-46.923	-5.07925	0.360802	0.639198	0.01406238	2.44032	1.45085	0.47913	0	0.9447264	0.6391982	0.3608018	3.734134
3170	-54.5681	-50.3586	-4.20946	0.277626	0.722374	0.01157125	2.75709	1.41122	0.389337	0	0.7734049	0.7223742	0.2776258	1.863174
3180	-55.4931	-49.5227	-5.97033	0.42498	0.57502	0.007189276	2.79705	1.51784	0.548558	0	1.510316	0.5750198	0.4249802	3.226124
3190	-54.456	-48.9967	-5.45929	0.838141	0.161859	0.02206416	2.26648	1.50182	0.565574	0	0.5272071	0.1618589	0.8381411	5.808702
3200	-51.6616	-45.9235	-5.73806	0.0151758	0.984824	0.01682733	2.5635	1.72434	0.627389	0	1.091133	0.9848242	0.01517582	5.763004
3210	-52.9353	-46.0439	-6.89142	0.403186	0.596814	0.01524275	2.59015	1.64656	0.630338	0	1.722268	0.5968136	0.4031864	5.177417
3220	-52.2524	-46.5176	-5.73488	0.902245	0.097755	0.01784046	2.74456	1.52866	0.384393	0	0.7768407	0.09775498	0.902245	8.54686
3230	-52.8825	-46.8148	-6.06776	0.20165	0.79835	0.01394987	2.52079	1.44885	0.482822	0	1.224529	0.7983505	0.2016495	6.304752
3240	-52.4369	-46.2016	-6.23525	0.101641	0.898359	0.02196965	2.43026	1.44817	0.522963	0	1.063255	0.8983595	0.1016405	9.926048
3250	-53.1765	-46.626	-6.55049	0.775339	0.224661	0.02915516	2.70708	1.47473	0.523126	0	0.7605374	0.2246606	0.7753394	19.50487
3260	-53.0136	-45.6166	-7.39698	0.596153	0.403847	0.02657803	2.32276	1.41317	0.626904	0	0.3772188	0.4038472	0.5961528	22.5975
3270	-51.89	-45.7202	-6.16981	0.238254	0.761746	0.02336144	2.39281	1.3755	0.68342	0	0.7002438	0.7617457	0.2382543	13.5963
3280	-53.785	-46.7016	-7.08338	0.233982	0.766018	0.02965349	2.26205	1.5777	0.312128	0	0.7166027	0.7660181	0.2339819	33.80393
3290	-51.5412	-45.8026	-5.73858	0.475621	0.524379	0.01751374	2.50492	1.55357	0.557139	0	0.7937328	0.5243793	0.4756207	8.480759
3300	-56.2634	-47.8296	-8.43382	0.79861	0.20139	0.02010802	2.74591	1.51232	0.649695	0	0.2530293	0.2013898	0.7986102	17.77001
3310	-55.7751	-48.6869	-7.08824	0.0377303	0.96227	0.02334714	2.39983	1.31663	0.583345	0	1.040125	0.9622697	0.03773034	24.18125
3320	-53.1601	-46.4649	-6.69522	0.649674	0.350326	0.02286836	2.96561	1.47982	0.590556	0	0.9959397	0.350326	0.649674	17.47428
3330	-53.5989	-46.5304	-7.06843	0.783754	0.216246	0.02737274	3.47171	1.55173	0.659019	0	0.5273286	0.2162462	0.7837538	29.04203
3340	-54.5842	-47.191	-7.39318	0.859431	0.140569	0.02718476	3.58499	1.33931	0.669367	0	1.353405	0.1405686	0.8594314	18.45838
3350	-53.7554	-46.0469	-7.70851	0.16312	0.83688	0.02437287	3.38008	1.3915	0.454011	0	0.3187547	0.8368798	0.1631202	19.46324
3360	-53.9637	-46.7756	-7.18819	0.768138	0.231862	0.03378319	3.40568	1.60022	0.610226	0	0.4913967	0.2318621	0.7681379	30.07678
3370	-52.5449	-47.9237	-4.62112	0.288599	0.711401	0.009970413	3.03161	1.58373	0.510095	0	1.070813	0.7114006	0.2885994	1.951442
3380	-53.4858	-46.4804	-7.00541	0.308498	0.691502	0.01341324	2.70392	1.30539	0.670012	0	1.814563	0.6915021	0.3084979	4.763672
3390	-52.1452	-46.2012	-5.94402	0.610513	0.389487	0.0206673	2.82103	1.38082	0.685024	0	0.4511023	0.3894868	0.6105132	7.615003
3400	-53.297	-47.8718	-5.42515	0.158275	0.841725	0.01116005	2.76983	1.53651	0.624389	0	0.9421932	0.8417245	0.1582755	5.295259
3410	-53.8807	-47.4283	-6.45238	0.27416	0.72584	0.01040034	2.51174	1.3929	0.675833	0	1.96653	0.7258402	0.2741598	1.979266
3420	-55.4778	-47.9445	-7.53335	0.67928	0.32072	0.009075031	2.40025	1.37241	0.659187	0	2.216391	0.3207196	0.6792804	3.428483
3430	-61.9088	-48.3461	-13.5627	0.301935	0.698065	0.008212478	2.35879	1.41197	0.654523	0	5.940854	0.6980653	0.3019347	2.012433
3440	-64.7215	-49.7272	-14.9943	0.68151	0.31849	0.02247668	3.24064	1.33884	0.480521	0	5.81018	0.3184895	0.6815105	10.19461
3450	-51.7763	-46.254	-5.52231	0.523089	0.476911	0.01507225	2.79195	1.32843	0.548458	0	0.8862482	0.4769113	0.5230887	6.257152
3460	-52.9731	-46.3851	-6.58794	0.0331491	0.966851	0.02071597	2.9528	1.47383	0.381421	0	1.237504	0.9668509	0.03314907	10.34922
3470	-51.971	-46.4255	-5.54548	0.706982	0.293018	0.01883346	2.48495	1.51984	0.426831	0	0.7296673	0.2930182	0.7069818	7.235557
3480	-53.6646	-46.1551	-7.5095	0.966957	0.0330431	0.025432	2.31062	1.55135	0.372152	0	0.3707555	0.03304308	0.9669569	24.24681
3490	-54.2237	-47.3957	-6.82796	0.72457	0.27543	0.0310609	3.05521	1.43662	0.365104	0	0.8952795	0.2754305	0.7245695	22.84791
3500	-53.7047	-46.7584	-6.94633	0.270999	0.729001	0.03128201	2.53511	1.57621	0.303118	0	0.5493507	0.7290007	0.2709993	26.75301
3510	-53.2198	-46.3944	-6.82536	0.985597	0.0144034	0.02514738	2.54996	1.42919	0.63981	0	1.065341	0.01440343	0.9855966	17.84714
3520	-54.319	-47.2335	-7.08549	0.228706	0.771294	0.02859999	2.34636	1.44934	0.686989	0	0.5977831	0.7712938	0.2287062	32.69574
3530	-53.349	-46.4575	-6.89156	0.0153302	0.98467	0.03027827	2.36345	1.52687	0.643267	0	0.6358279	0.9846698	0.0153302	27.66401
3540	-55.4559	-47.5921	-7.86383	0.636051	0.363949	0.03421742	2.76641	1.32222	0.670206	0	0.4487658	0.3639493	0.6360507	51.47711
3550	-55.8217	-48.1163	-7.70536	0.05036	0.94964	0.0375286	3.60328	1.55098	0.640526	0	0.5627394	0.94964	0.05036004	58.32902
3560	-59.0474	-50.8821	-8.16534	0.545773	0.454227	0.04642063	3.53851	1.38029	0.401885	0	0.7974575	0.4542272	0.5457728	95.75803
3570	-57.18	-48.5765	-8.60347	0.650142	0.349858	0.03915472	3.41231	1.32913	0.405217	0	0.4187245	0.3498581	0.6501419	94.91973
3580	-53.1191	-47.9793	-5.13975	0.176568	0.823432	0.01636658	2.61064	1.33802	0.366871	0	0.6340484	0.8234318	0.1765682	4.794335
3590	-53.4583	-47.022	-6.43635	0.797715	0.202285	0.01493583	2.45783	1.73126	0.3282	0	1.532741	0.2022853	0.7977147	4.905936
3600	-52.2894	-46.4206	-5.86876	0.176536	0.823464	0.02373925	2.68739	1.64539	0.497423	0	0.6497452	0.8234642	0.1765358	10.0055
3610	-54.9631	-48.57	-6.39309	0.943088	0.0569123	0.0291872	3.6612	1.39199	0.330295	0	0.4889461	0.05691228	0.9430877	13.48923
3620	-55.2368	-48.0515	-7.18532	0.163595	0.836405	0.03447741	3.67291	1.7259	0.552359	0	0.9736615	0.8364051	0.1635949	29.47004
3630	-52.4307	-46.8177	-5.61295	0.704325	0.295675	0.01667917	2.80746	1.62134	0.419819	0	0.5411592	0.295675	0.704325	6.954264
3640	-52.2423	-46.1059	-6.13641	0.566148	0.433852	0.02283159	3.14123	1.79551	0.319965	0	0.6996916	0.4338521	0.5661479	13.15056
3650	-51.9428	-46.5788	-5.36404	0.829688	0.170312	0.0146558	2.60764	1.69868	0.553969	0	0.7449516	0.1703124	0.8296876	5.999962
3660	-52.196	-46.3964	-5.79964	0.232133	0.767867	0.01812963	3.024	1.62855	0.474552	0	1.154954	0.7678669	0.2321331	5.482055
3670	-54.0814	-46.9987	-7.08274	0.491223	0.508777	0.01624678	3.31078	1.46235	0.412093	0	1.586213	0.5087765	0.4912235	8.368489
3680	-53.9585	-46.8648	-7.09367	0.33841	0.66159	0.0299307	3.26592	1.30078	0.426636	0	0.9339015	0.6615897	0.3384103	28.39843
3690	-55.7755	-48.1059	-7.66964	0.169292	0.830708	0.03321749	2.89627	1.35521	0.474645	0	1.029561	0.8307085	0.1692915	43.97761
3700	-54.1504	-47.151	-6.99935	0.616675	0.383325	0.03287642	2.42452	1.49009	0.535909	0	0.7861364	0.3833252	0.6166748	30.08192
3710	-55.3022	-47.0264	-8.2758	0.454195	0.545805	0.01615566	2.65255	1.38589	0.416108	0	2.227353	0.5458052	0.4541948	7.038616
3720	-52.8086	-46.3573	-6.45125	0.878031	0.121969	0.02160651	2.82501	1.46058	0.3668	0	0.9317908	0.1219694	0.8780306	14.97941
3730	-52.9944	-47.1734	-5.821	0.220856	0.779144	0.02255438	3.19528	1.38604	0.310349	0	0.7718275	0.7791444	0.2208556	9.344372
3740	-54.955	-47.41	-7.54493	0.296421	0.703579	0.03498034	3.521	1.67958	0.347659	0	0.6420083	0.7035791	0.2964209	53.3211
3750	-54.2554	-46.8719	-7.38342	0.914216	0.0857842	0.01994678	3.08625	1.7782	0.329154	0	1.600868	0.08578421	0.9142158	10.95955
3760	-51.9989	-45.7535	-6.24542	0.812979	0.187021	0.02293074	3.58911	1.57888	0.480539	0	0.8534569	0.1870206	0.8129794	13.36085
3770	-54.4983	-46.9609	-7.53736	0.338944	0.661056	0.02409956	2.30836	1.62502	0.303168	0	0.3112121	0.6610562	0.3389438	15.22029
3780	-53.295	-46.4706	-6.8244	0.00973077	0.990269	0.02618759	3.12979	1.4742	0.374479	0	0.9236774	0.9902692	0.009730772	21.98409
3790	-52.745	-45.692	-7.05306	0.371066	0.628934	0.02867758	3.22573	1.76767	0.624023	0	0.4931322	0.6289342	0.3710658	26.39924
3800	-54.32	-47.6439	-6.67612	0.708425	0.291575	0.02924109	3.04221	1.72297	0.312689	0	0.4522793	0.291575	0.708425	15.90452
3810	-58.6443	-51.9106	-6.73369	0.367678	0.632322	0.01466317	2.95994	1.6593	0.338929	0	1.138959	0.6323216	0.3676784	14.35502
3820	-53.0288	-46.201	-6.82785	0.363386	0.636614	0.02824278	2.43326	1.46444	0.371417	0	0.7558799	0.6366145	0.3633855	25.80178
3830	-54.3668	-47.1785	-7.18825	0.997693	0.00230668	0.02690947	2.43772	1.31695	0.3446	0	0.5525929	0.002306683	0.9976933	34.25311
3840	-53.5265	-47.4935	-6.03299	0.82398	0.17602	0.02266831	2.3857	1.46073	0.451492	0	1.085463	0.1760202	0.8239798	7.814455
3850	-52.9927	-46.6091	-6.38362	0.841682	0.158318	0.01488076	3.24752	1.37364	0.457276	0	1.497825	0.1583183	0.8416817	5.005716
3860	-55.976	-48.4265	-7.54948	0.534573	0.465427	0.01477308	3.35197	1.52234	0.502304	0	1.76116	0.4654268	0.5345732	9.200965
3870	-51.7627	-45.6521	-6.11054	0.782258	0.217742	0.02359736	3.22585	1.65	0.498869	0	0.6824497	0.2177416	0.7822584	12.82158
3880	-53.4962	-46.0692	-7.42698	0.114415	0.885585	0.02921232	3.69203	1.60678	0.342706	0	0.4132834	0.8855846	0.1144154	28.51074
3890	-54.6214	-47.4189	-7.20249	0.843082	0.156918	0.03617404	3.45317	1.78845	0.438805	0	0.6979656	0.1569179	0.8430821	38.19495
3900	-52.9366	-46.3557	-6.58086	0.361386	0.638614	0.0288198	2.99941	1.62245	0.396168	0	0.7258224	0.6386142	0.3613858	20.4013
3910	-52.0396	-46.2963	-5.74328	0.95976	0.0402396	0.01958312	3.63175	1.79472	0.439638	0	0.5971899	0.04023961	0.9597604	8.537544
3920	-53.8716	-46.8488	-7.02286	0.855971	0.144029	0.02867539	3.66525	1.75539	0.319639	0	1.068028	0.1440287	0.8559713	21.64816
3930	-53.1189	-46.2574	-6.86155	0.292175	0.707825	0.03023275	2.88651	1.6329	0.55675	0	0.727662	0.7078249	0.2921751	26.99688
3940	-52.21	-45.6951	-6.51482	0.174058	0.825942	0.02297772	2.41939	1.76841	0.536482	0	0.4279515	0.8259415	0.1740585	12.26366
3950	-52.684	-46.0323	-6.65169	0.0831307	0.916869	0.0217296	2.93875	1.7039	0.631209	0	1.165667	0.9168693	0.08313069	12.60618
3960	-53.4318	-47.5019	-5.92989	0.181111	0.818889	0.01726431	2.83663	1.45688	0.307398	0	0.6060571	0.818889	0.181111	10.37023
3970	-53.8605	-46.8224	-7.03813	0.268267	0.731733	0.0324119	3.23032	1.33294	0.48795	0	0.697297	0.7317329	0.2682671	32.40788
3980	-54.2726	-46.7942	-7.47848	0.727096	0.272904	0.02213699	3.19694	1.48621	0.674627	0	0.2705426	0.2729042	0.7270958	8.852528
3990	-54.8331	-47.6211	-7.21208	0.878719	0.121281	0.02422122	3.23474	1.42999	0.318685	0	1.531317	0.1212805	0.8787195	10.68838
4000	-52.6244	-46.8043	-5.82005	0.294767	0.705233	0.02224997	3.06509	1.39202	0.379176	0	0.8504625	0.7052331	0.2947669	8.758138
4010	-53.7255	-47.1095	-6.61596	0.173834	0.826166	0.02464087	2.42307	1.56085	0.38313	0	1.199045	0.8261661	0.1738339	11.44111
4020	-52.6181	-46.2245	-6.39357	0.530571	0.469429	0.02237647	2.7073	1.46224	0.393392	0	0.4505397	0.4694285	0.5305715	11.9123
4030	-53.7263	-47.1099	-6.61635	0.85335	0.14665	0.01564843	2.22766	1.69255	0.30927	0	1.570595	0.1466497	0.8533503	5.424825
4040	-52.4477	-45.9099	-6.53773	0.593276	0.406724	0.02552427	2.5955	1.34137	0.476519	0	0.7433046	0.4067236	0.5932764	19.41691
4050	-55.0647	-46.9273	-8.13736	0.164049	0.835951	0.03774802	3.39333	1.49514	0.49791	0	0.4053533	0.8359513	0.1640487	55.72856
4060	-54.5564	-46.284	-8.27235	0.320586	0.679414	0.02657237	2.44348	1.36941	0.36982	0	0.2995609	0.6794136	0.3205864	28.04444
4070	-52.9094	-46.3496	-6.55978	0.164798	0.835202	0.02638117	2.55546	1.61551	0.423541	0	0.4758658	0.8352025	0.1647975	15.33565
4080	-52.7443	-47.082	-5.66234	0.209806	0.790194	0.02281042	2.69748	1.3907	0.491301	0	0.7518027	0.790194	0.209806	8.060129
4090	-53.8667	-46.5992	-7.26754	0.722855	0.277145	0.03238227	2.79997	1.78102	0.53357	0	0.6160409	0.277145	0.722855	39.81639
4100	-53.3422	-46.9224	-6.41979	0.508987	0.491013	0.01823017	2.34097	1.73366	0.388899	0	1.076149	0.4910132	0.5089868	11.68577
4110	-53.3305	-46.976	-6.35449	0.0101695	0.98983	0.02661134	3.15906	1.51874	0.47331	0	0.934207	0.9898305	0.01016952	13.55496
4120	-53.2853	-45.901	-7.38434	0.820908	0.179092	0.03043427	2.73998	1.40576	0.422966	0	0.457267	0.1790915	0.8209085	32.88234
4130	-54.0413	-47.1605	-6.88073	0.901197	0.0988027	0.02934035	2.39542	1.42866	0.434616	0	1.02347	0.09880267	0.9011973	20.17207
4140	-52.0558	-46.4352	-5.62057	0.37067	0.62933	0.01747049	2.46837	1.76352	0.42794	0	1.060237	0.6293299	0.3706701	5.394771
4150	-52.0697	-46.2287	-5.84099	0.226585	0.773415	0.01835907	3.21546	1.70692	0.462489	0	1.136327	0.7734146	0.2265854	5.906572
4160	-51.7272	-45.4254	-6.30182	0.636488	0.363512	0.02377625	2.93675	1.7495	0.631353	0	0.487977	0.3635121	0.6364879	12.27936
4170	-51.3549	-45.882	-5.47297	0.0805371	0.919463	0.01888582	2.74838	1.57919	0.686026	0	0.6955659	0.9194629	0.08053706	6.775937
4180	-52.9988	-46.7131	-6.28565	0.593637	0.406363	0.01362107	3.33534	1.76734	0.688257	0	1.357972	0.4063632	0.5936368	6.042599
4190	-52.1058	-47.0827	-5.02309	0.204072	0.795928	0.01061771	3.66653	1.72705	0.548024	0	1.209252	0.7959281	0.2040719	2.28262
4200	-53.6971	-48.8501	-4.84696	0.73455	0.26545	0.007803792	2.91066	1.54225	0.462611	0	1.177181	0.2654505	0.7345495	2.030946
4210	-52.2023	-46.1325	-6.06979	0.422147	0.577853	0.01820447	2.34449	1.7116	0.676579	0	0.5603545	0.5778531	0.4221469	11.32597
4220	-52.7565	-46.3448	-6.41176	0.156415	0.843585	0.02755123	2.24637	1.65143	0.532187	0	0.7694048	0.843585	0.156415	16.89431
4230	-52.5043	-45.9787	-6.52559	0.102631	0.897369	0.0270395	2.3239	1.68884	0.47683	0	0.5512353	0.8973694	0.1026306	17.61871
4240	-52.8493	-47.7176	-5.1317	0.431345	0.568655	0.01562597	2.56863	1.55602	0.332108	0	0.9345432	0.5686552	0.4313448	3.988908
4250	-57.056	-50.6023	-6.45371	0.273357	0.726643	0.02967259	2.26804	1.63812	0.322548	0	1.090394	0.7266426	0.2733574	11.80315
4260	-51.6974	-45.7535	-5.9439	0.58071	0.41929	0.01916043	3.55403	1.7429	0.545477	0	0.7551275	0.4192903	0.5807097	10.66391
4270	-53.839	-46.8306	-7.00847	0.422054	0.577946	0.02397514	3.6875	1.76679	0.554494	0	1.483361	0.5779463	0.4220537	9.635818
4280	-53.075	-46.1684	-6.90657	0.799174	0.200826	0.02068111	3.39008	1.36507	0.541316	0	1.394823	0.2008257	0.7991743	10.43732
4290	-51.9309	-46.4727	-5.45811	0.9186	0.0813995	0.01472169	3.54365	1.35311	0.597085	0	0.9283218	0.08139954	0.9186005	5.573667
4300	-54.7339	-47.7897	-6.94417	0.316099	0.683901	0.03422356	3.32241	1.35959	0.57315	0	0.5661005	0.6839014	0.3160986	27.37422
4310	-54.4515	-47.144	-7.30746	0.00457095	0.995429	0.03250199	3.31041	1.49719	0.427361	0	0.7594469	0.995429	0.004570952	41.60479
4320	-52.7561	-47.1457	-5.61035	0.111411	0.888589	0.02147756	2.8908	1.36014	0.444739	0	0.6240023	0.8885893	0.1114107	7.632234
4330	-51.3349	-45.7396	-5.5953	0.30537	0.69463	0.0187018	3.36784	1.34933	0.572532	0	0.6139224	0.6946295	0.3053705	7.467098
4340	-52.002	-47.0055	-4.99652	0.641554	0.358446	0.01812139	3.45923	1.52833	0.623794	0	0.7436331	0.3584457	0.6415543	4.156978
4350	-52.9396	-47.2156	-5.72397	0.712403	0.287597	0.01445094	3.65123	1.58785	0.466125	0	0.9001954	0.287597	0.712403	7.530925
4360	-54.0521	-46.8384	-7.21367	0.354113	0.645887	0.03311294	2.71886	1.533	0.329993	0	0.7429487	0.6458866	0.3541134	38.17703
4370	-54.1326	-46.8699	-7.26265	0.304599	0.695401	0.02984475	2.33435	1.67914	0.418301	0	1.13596	0.6954012	0.3045988	24.49253
4380	-52.2665	-46.6011	-5.66532	0.14368	0.85632	0.01787037	3.30089	1.5969	0.340799	0	0.8749639	0.8563205	0.1436795	7.311434
4390	-53.0967	-46.7498	-6.34688	0.49242	0.50758	0.02054438	2.65034	1.63148	0.408331	0	0.7703929	0.5075801	0.4924199	15.82378
4400	-52.6263	-46.5223	-6.10402	0.111203	0.888797	0.0182767	2.72252	1.71156	0.447935	0	0.4638853	0.8887971	0.1112029	9.352292
4410	-53.3949	-47.5168	-5.87802	0.416106	0.583894	0.01117933	2.78299	1.77777	0.337933	0	1.427997	0.5838941	0.4161059	3.487524
4420	-53.0601	-46.3941	-6.66593	0.678771	0.321229	0.02038449	3.11472	1.73895	0.348171	0	1.246434	0.321229	0.678771	10.99992
4430	-51.8356	-46.9059	-4.92968	0.708355	0.291645	0.01591254	3.21261	1.73073	0.516174	0	0.750078	0.2916453	0.7083547	3.877072
4440	-51.3327	-45.4129	-5.91983	0.117948	0.882052	0.02028346	3.07348	1.74882	0.693524	0	0.6727993	0.8820517	0.1179483	10.58687
4450	-53.6686	-49.1851	-4.48348	0.803216	0.196784	0.009503928	3.67235	1.35966	0.453532	0	0.9533522	0.196784	0.803216	2.034012
4460	-52.3395	-47.4382	-4.90131	0.357366	0.642634	0.01190639	3.16062	1.6014	0.438329	0	1.072714	0.6426344	0.3573656	2.574372
4470	-51.8491	-45.8832	-5.96589	0.609009	0.390991	0.01609368	3.48642	1.62255	0.568803	0	1.152141	0.3909907	0.6090093	6.506354
4480	-54.2501	-46.7807	-7.46943	0.695848	0.304152	0.02006817	3.05671	1.49332	0.691277	0	1.628342	0.304152	0.695848	11.26942
4490	-51.2884	-45.7964	-5.49195	0.411611	0.588389	0.01443688	3.65018	1.72867	0.613826	0	1.140591	0.5883893	0.4116107	4.134901
4500	-51.8626	-45.6055	-6.2571	0.205009	0.794991	0.02212861	3.61745	1.7831	0.602711	0	0.6448061	0.7949908	0.2050092	14.72653
4510	-52.4083	-45.959	-6.44922	0.0600866	0.939913	0.0225163	2.96311	1.79668	0.672179	0	0.9927902	0.9399134	0.06008663	13.7276
4520	-52.9403	-46.078	-6.86231	0.710801	0.289199	0.02147254	3.2159	1.64518	0.659964	0	1.37602	0.2891994	0.7108006	10.37277
4530	-52.9835	-46.3619	-6.62159	0.766557	0.233443	0.02886905	3.37438	1.72197	0.516701	0	0.484916	0.2334434	0.7665566	16.75987
4540	-52.2643	-45.8922	-6.37202	0.605051	0.394949	0.02291234	2.25658	1.64557	0.616974	0	1.054435	0.3949487	0.6050513	11.54589
4550	-51.4002	-46.0385	-5.3617	0.668872	0.331128	0.01834375	2.54561	1.55041	0.680235	0	0.6971761	0.3311279	0.6688721	6.061619
4560	-54.6999	-49.3546	-5.34525	0.686308	0.313692	0.01128881	2.79218	1.45719	0.464154	0	0.6024348	0.3136916	0.6863084	5.761593
4570	-51.9095	-47.1917	-4.71783	0.494533	0.505467	0.01021873	2.99165	1.7044	0.555924	0	1.020372	0.505467	0.494533	2.330796
4580	-50.8406	-45.6074	-5.23326	0.388574	0.611426	0.0154725	3.21294	1.69604	0.678246	0	0.7545715	0.6114255	0.3885745	5.240975
4590	-51.5596	-45.6525	-5.90704	0.788991	0.211009	0.02148414	3.54962	1.73753	0.579899	0	0.8793316	0.2110091	0.7889909	9.265521
4600	-55.1135	-48.509	-6.60457	0.0805992	0.919401	0.02047373	2.65645	1.40552	0.566469	0	0.7999506	0.9194008	0.08059921	20.06893
4610	-53.8377	-46.7667	-7.07108	0.40861	0.59139	0.02491811	2.68956	1.41742	0.317683	0	1.154893	0.5913898	0.4086102	19.55106
4620	-54.4204	-47.2701	-7.15023	0.180254	0.819746	0.01982131	3.57724	1.58756	0.347392	0	1.732652	0.8197463	0.1802537	6.559735
4630	-53.2853	-45.8928	-7.39251	0.149498	0.850502	0.02305105	2.86263	1.74009	0.492449	0	0.3370376	0.8505023	0.1494977	16.73858
4640	-54.1103	-46.9761	-7.1342	0.860011	0.139989	0.02945523	3.05025	1.67277	0.497007	0	0.846514	0.1399891	0.8600109	32.72213
4650	-55.1119	-47.3597	-7.75223	0.0559435	0.944056	0.02641702	3.3136	1.46888	0.683272	0	1.610261	0.9440565	0.05594354	15.53609
4660	-51.3346	-45.4142	-5.92044	0.125039	0.874961	0.02142529	3.58861	1.60087	0.632127	0	0.6170768	0.8749615	0.1250385	10.35952
4670	-53.2574	-46.3548	-6.90264	0.517931	0.482069	0.02383144	3.53855	1.75969	0.682884	0	1.356831	0.4820689	0.5179311	11.22466
4680	-52.7196	-45.7992	-6.92039	0.641387	0.358613	0.02476108	3.65167	1.64079	0.603141	0	0.4720846	0.3586129	0.6413871	21.73528
4690	-53.5468	-47.0644	-6.48243	0.411471	0.588529	0.01276259	3.4241	1.32024	0.480552	0	1.795034	0.5885285	0.4114715	2.944181
4700	-53.7953	-49.3729	-4.42245	0.946763	0.0532366	0.009258535	3.40411	1.45304	0.595125	0	0.9326174	0.05323658	0.9467634	1.967571
4710	-52.0331	-46.3619	-5.67129	0.16838	0.83162	0.01641507	2.2605	1.70104	0.60442	0	0.4816856	0.8316203	0.1683797	6.419045
4720	-52.274	-46.0114	-6.26265	0.600862	0.399138	0.01838312	2.73222	1.53666	0.529775	0	1.095732	0.3991376	0.6008624	9.662326
4730	-53.2797	-47.0483	-6.23145	0.31813	0.68187	0.01677908	2.33173	1.34087	0.534154	0	1.492614	0.6818703	0.3181297	4.345953
4740	-51.7888	-45.7607	-6.02815	0.0670208	0.932979	0.01997864	3.12293	1.3461	0.688594	0	0.5976569	0.9329792	0.06702079	11.35644
4750	-52.3412	-46.1673	-6.17383	0.468466	0.531534	0.02613172	3.11667	1.32718	0.629475	0	0.64861	0.5315338	0.4684662	13.56935
4760	-52.6486	-45.9693	-6.67932	0.221383	0.778617	0.02806509	3.40921	1.39405	0.511405	0	0.6612597	0.7786173	0.2213827	22.57915
4770	-52.1709	-45.7701	-6.40084	0.556079	0.443921	0.02593619	3.27461	1.44147	0.561287	0	0.5220455	0.4439212	0.5560788	14.73586
4780	-54.6108	-48.0931	-6.51768	0.961788	0.0382125	0.02457842	2.97563	1.65163	0.318259	0	1.262625	0.03821247	0.9617875	9.19418
4790	-53.6958	-47.9933	-5.70254	0.815708	0.184292	0.01033546	3.21478	1.64155	0.363232	0	1.476674	0.1842923	0.8157077	2.64698
4800	-53.409	-47.2089	-6.20002	0.366151	0.633849	0.0125421	2.90221	1.79459	0.667387	0	1.328272	0.6338487	0.3661513	5.885338
4810	-53.8478	-46.8229	-7.02495	0.632357	0.367643	0.02590748	2.53476	1.66474	0.623732	0	1.059937	0.3676429	0.6323571	21.98365
4820	-55.6339	-48.0347	-7.59914	0.0745989	0.925401	0.03492009	2.84862	1.57246	0.426022	0	1.101179	0.9254011	0.0745989	36.43147
4830	-54.0864	-46.7861	-7.3003	0.676758	0.323242	0.03034797	2.78723	1.31835	0.407825	0	0.5830269	0.323242	0.676758	39.91894
4840	-55.329	-47.7999	-7.52904	0.0514421	0.948558	0.02648069	2.86881	1.37798	0.557755	0	0.4414882	0.9485579	0.05144213	35.79964
4850	-52.3269	-47.7118	-4.61505	0.46906	0.53094	0.01424951	2.80089	1.39818	0.608473	0	0.7251687	0.53094	0.46906	2.857607
4860	-52.3796	-46.6618	-5.71777	0.640973	0.359027	0.0162685	2.36909	1.39246	0.457043	0	0.7499698	0.3590269	0.6409731	8.526899
4870	-53.7429	-47.6132	-6.12969	0.168455	0.831545	0.02794666	3.10054	1.49851	0.576562	0	0.5510184	0.8315453	0.1684547	11.85452
4880	-52.7019	-45.5617	-7.14024	0.842086	0.157914	0.02625569	2.96991	1.57905	0.517531	0	0.398198	0.157914	0.842086	19.78896
4890	-52.722	-46.6558	-6.06621	0.397858	0.602142	0.01816507	3.36492	1.50479	0.558077	0	1.373478	0.6021417	0.3978583	4.703051
4900	-54.0018	-49.3313	-4.67048	0.724232	0.275768	0.01352549	3.22889	1.73617	0.43098	0	1.097784	0.2757678	0.7242322	1.959272
4910	-51.4874	-45.8476	-5.63981	0.272159	0.727841	0.01613272	3.55582	1.71051	0.543489	0	1.119084	0.7278411	0.2721589	4.978693
4920	-52.3418	-45.8682	-6.47354	0.738819	0.261181	0.02515934	3.25064	1.55998	0.568033	0	0.9019369	0.2611812	0.7388188	15.90278
4930	-53.352	-48.9886	-4.36338	0.270447	0.729553	0.006943703	2.59107	1.69061	0.557903	0	0.917043	0.7295531	0.2704469	1.89216
4940	-52.8545	-46.3922	-6.46234	0.602747	0.397253	0.01474317	3.54303	1.53738	0.661814	0	1.70377	0.3972525	0.6027475	3.506688
4950	-51.0239	-45.77	-5.25381	0.266115	0.733885	0.01680247	3.42516	1.67107	0.628503	0	0.858563	0.7338848	0.2661152	4.930698
4960	-51.781	-46.1344	-5.64654	0.746765	0.253235	0.01995049	3.37173	1.44384	0.491013	0	0.8411252	0.2532351	0.7467649	7.43083
4970	-56.3866	-48.2734	-8.11319	0.119419	0.880581	0.02462601	2.63364	1.51911	0.50071	0	1.608856	0.8805814	0.1194186	22.35601
4980	-54.9224	-47.0835	-7.83893	0.877865	0.122135	0.03853347	2.35113	1.57851	0.382968	0	0.531298	0.1221345	0.8778655	63.24855
4990	-53.5971	-46.4559	-7.14124	0.455333	0.544667	0.02912467	2.40013	1.31012	0.36711	0	0.5852324	0.5446667	0.4553333	34.13239
5000	-53.0997	-47.1389	-5.96078	0.0166666	0.983333	0.01558246	2.80447	1.55027	0.343362	0	1.261696	0.9833334	0.0166666	5.277575
